
   AbsCon 1.41 (January, 2014) - defaultConfiguration

   
   instance
        framework=CSP  name=Isomorphism-/cluster/gpg/ciaran/sip-benchmarks/benchmarks/scalefree/A.01/pattern-/cluster/gpg/ciaran/sip-benchmarks/benchmarks/scalefree/A.01/target
        parameters=/cluster/gpg/ciaran/sip-benchmarks/benchmarks/scalefree/A.01/pattern,/cluster/gpg/ciaran/sip-benchmarks/benchmarks/scalefree/A.01/target
      

   loading variables...
        nbVariables=180  nbDomainTypes=1  nbTotalValues=36000  domainSizes=(200:180)
          =>  wckTime=0.202  cpuTime=0.304  mem=4M643

   loading objectives...

   loading constraints...
        nbConstraints=498  nbSpecificConstraints=1  nbExtensionStructures=(1,shared:496)  nbConflictsStructures=(1,shared:496,unbuilt:1)
        degrees=(4:4)(5:30)(6:63)(7:46)(8:25)(9:12)  arities=(2:497)(180:1)  types=(AllDifferent:1)(ConstraintHardExtensionV-Bits:497)
          =>  wckTime=0.319  cpuTime=0.419  mem=16M881

   INFO : <!-- Start saving the XML representation -->

   INFO : <!-- Stop saving the XML representation of target.xml -->

   Solver SolverBacktrack being built... 
          =>  wckTime=0.528  cpuTime=0.602  mem=22M98

    instantiation X0=143 X1=191 X2=192 X3=79 X4=68 X5=29 X6=169 X7=155 X8=75 X9=80 X10=46 X11=110 X12=14 X13=44 X14=59 X15=164 X16=190 X17=175 X18=115 X19=22 X20=7 X21=8 X22=188 X23=33 X24=19 X25=11 X26=93 X27=125 X28=161 X29=179 X30=119 X31=184 X32=12 X33=193 X34=112 X35=43 X36=24 X37=176 X38=42 X39=82 X40=36 X41=108 X42=96 X43=87 X44=181 X45=27 X46=138 X47=120 X48=101 X49=20 X50=52 X51=146 X52=5 X53=34 X54=167 X55=41 X56=35 X57=157 X58=159 X59=129 X60=109 X61=118 X62=151 X63=153 X64=170 X65=53 X66=195 X67=149 X68=45 X69=84 X70=196 X71=64 X72=177 X73=104 X74=154 X75=123 X76=171 X77=106 X78=38 X79=185 X80=1 X81=141 X82=74 X83=121 X84=111 X85=124 X86=67 X87=95 X88=127 X89=21 X90=97 X91=98 X92=48 X93=37 X94=150 X95=10 X96=63 X97=197 X98=15 X99=70 X100=91 X101=3 X102=126 X103=156 X104=178 X105=18 X106=62 X107=147 X108=135 X109=40 X110=54 X111=174 X112=145 X113=60 X114=25 X115=103 X116=194 X117=58 X118=31 X119=199 X120=81 X121=148 X122=173 X123=72 X124=166 X125=182 X126=89 X127=189 X128=140 X129=163 X130=6 X131=137 X132=0 X133=133 X134=165 X135=26 X136=73 X137=13 X138=100 X139=168 X140=162 X141=65 X142=186 X143=71 X144=32 X145=144 X146=183 X147=136 X148=142 X149=88 X150=77 X151=90 X152=23 X153=128 X154=132 X155=158 X156=152 X157=39 X158=2 X159=50 X160=51 X161=114 X162=69 X163=134 X164=30 X165=66 X166=49 X167=28 X168=9 X169=85 X170=116 X171=122 X172=107 X173=55 X174=102 X175=57 X176=86 X177=139 X178=76 X179=83 

    solution X0=143 X1=191 X2=192 X3=79 X4=68 X5=29 X6=169 X7=155 X8=75 X9=80 X10=46 X11=110 X12=14 X13=44 X14=59 X15=164 X16=190 X17=175 X18=115 X19=22 X20=7 X21=8 X22=188 X23=33 X24=19 X25=11 X26=93 X27=125 X28=161 X29=179 X30=119 X31=184 X32=12 X33=193 X34=112 X35=43 X36=24 X37=176 X38=42 X39=82 X40=36 X41=108 X42=96 X43=87 X44=181 X45=27 X46=138 X47=120 X48=101 X49=20 X50=52 X51=146 X52=5 X53=34 X54=167 X55=41 X56=35 X57=157 X58=159 X59=129 X60=109 X61=118 X62=151 X63=153 X64=170 X65=53 X66=195 X67=149 X68=45 X69=84 X70=196 X71=64 X72=177 X73=104 X74=154 X75=123 X76=171 X77=106 X78=38 X79=185 X80=1 X81=141 X82=74 X83=121 X84=111 X85=124 X86=67 X87=95 X88=127 X89=21 X90=97 X91=98 X92=48 X93=37 X94=150 X95=10 X96=63 X97=197 X98=15 X99=70 X100=91 X101=3 X102=126 X103=156 X104=178 X105=18 X106=62 X107=147 X108=135 X109=40 X110=54 X111=174 X112=145 X113=60 X114=25 X115=103 X116=194 X117=58 X118=31 X119=199 X120=81 X121=148 X122=173 X123=72 X124=166 X125=182 X126=89 X127=189 X128=140 X129=163 X130=6 X131=137 X132=0 X133=133 X134=165 X135=26 X136=73 X137=13 X138=100 X139=168 X140=162 X141=65 X142=186 X143=71 X144=32 X145=144 X146=183 X147=136 X148=142 X149=88 X150=77 X151=90 X152=23 X153=128 X154=132 X155=158 X156=152 X157=39 X158=2 X159=50 X160=51 X161=114 X162=69 X163=134 X164=30 X165=66 X166=49 X167=28 X168=9 X169=85 X170=116 X171=122 X172=107 X173=55 X174=102 X175=57 X176=86 X177=139 X178=76 X179=83 

   
   search
        run=0  nbConstraintChecks=498  depth=(min:0,max:179,avg:1)  nbEffectivePropagations=818  nbRevisions=6852  nbUselessRevisions=6034
        nbAssignments=371  nbFailedAssignments=191  nbBacktracks=0  nbVisitedNodes=563  nbRestartNogoods=0  nbFoundSolutions=1
        upperBound=9223372036854775807
          =>  wckTime=2.297  cpuTime=2.85  mem=25M766

   
   global
        nbConstraintChecks=498  nbEffectivePropagations=818  nbRevisions=6852  nbUselessRevisions=6034  nbRestartNogoods=0  solvingWckTime=2.297
        expiredTime=no  totalExploration=no  nbFoundSolutions=1  firstSolutionCpuTime=2.845  Stop=REACHED_GOAL
          =>  wckTime=2.825  cpuTime=2.85  mem=25M766

s SATISFIABLE
v X0=143 X1=191 X2=192 X3=79 X4=68 X5=29 X6=169 X7=155 X8=75 X9=80 X10=46 X11=110 X12=14 X13=44 X14=59 X15=164 X16=190 X17=175 X18=115 X19=22 X20=7 X21=8 X22=188 X23=33 X24=19 X25=11 X26=93 X27=125 X28=161 X29=179 X30=119 X31=184 X32=12 X33=193 X34=112 X35=43 X36=24 X37=176 X38=42 X39=82 X40=36 X41=108 X42=96 X43=87 X44=181 X45=27 X46=138 X47=120 X48=101 X49=20 X50=52 X51=146 X52=5 X53=34 X54=167 X55=41 X56=35 X57=157 X58=159 X59=129 X60=109 X61=118 X62=151 X63=153 X64=170 X65=53 X66=195 X67=149 X68=45 X69=84 X70=196 X71=64 X72=177 X73=104 X74=154 X75=123 X76=171 X77=106 X78=38 X79=185 X80=1 X81=141 X82=74 X83=121 X84=111 X85=124 X86=67 X87=95 X88=127 X89=21 X90=97 X91=98 X92=48 X93=37 X94=150 X95=10 X96=63 X97=197 X98=15 X99=70 X100=91 X101=3 X102=126 X103=156 X104=178 X105=18 X106=62 X107=147 X108=135 X109=40 X110=54 X111=174 X112=145 X113=60 X114=25 X115=103 X116=194 X117=58 X118=31 X119=199 X120=81 X121=148 X122=173 X123=72 X124=166 X125=182 X126=89 X127=189 X128=140 X129=163 X130=6 X131=137 X132=0 X133=133 X134=165 X135=26 X136=73 X137=13 X138=100 X139=168 X140=162 X141=65 X142=186 X143=71 X144=32 X145=144 X146=183 X147=136 X148=142 X149=88 X150=77 X151=90 X152=23 X153=128 X154=132 X155=158 X156=152 X157=39 X158=2 X159=50 X160=51 X161=114 X162=69 X163=134 X164=30 X165=66 X166=49 X167=28 X168=9 X169=85 X170=116 X171=122 X172=107 X173=55 X174=102 X175=57 X176=86 X177=139 X178=76 X179=83 
d NODES 371

   totalWckTime=2.721  totalCpuTime=2.851
