
   AbsCon 1.41 (January, 2014) - defaultConfiguration

   
   instance
        framework=CSP  name=Isomorphism-/cluster/gpg/ciaran/sip-benchmarks/benchmarks/scalefree/A.03/pattern-/cluster/gpg/ciaran/sip-benchmarks/benchmarks/scalefree/A.03/target
        parameters=/cluster/gpg/ciaran/sip-benchmarks/benchmarks/scalefree/A.03/pattern,/cluster/gpg/ciaran/sip-benchmarks/benchmarks/scalefree/A.03/target
      

   loading variables...
        nbVariables=180  nbDomainTypes=1  nbTotalValues=36000  domainSizes=(200:180)
          =>  wckTime=0.192  cpuTime=0.318  mem=4M817

   loading objectives...

   loading constraints...
        nbConstraints=504  nbSpecificConstraints=1  nbExtensionStructures=(1,shared:502)  nbConflictsStructures=(1,shared:502,unbuilt:1)
        degrees=(2:1)(4:1)(5:26)...(7:51)(8:30)(9:9)  arities=(2:503)(180:1)  types=(AllDifferent:1)(ConstraintHardExtensionV-Bits:503)
          =>  wckTime=0.306  cpuTime=0.431  mem=16M880

   INFO : <!-- Start saving the XML representation -->

   INFO : <!-- Stop saving the XML representation of target.xml -->

   Solver SolverBacktrack being built... 
          =>  wckTime=0.526  cpuTime=0.626  mem=22M491

    instantiation X0=172 X1=25 X2=190 X3=88 X4=52 X5=36 X6=161 X7=149 X8=139 X9=56 X10=86 X11=162 X12=192 X13=70 X14=154 X15=93 X16=163 X17=35 X18=110 X19=20 X20=69 X21=111 X22=85 X23=196 X24=199 X25=77 X26=76 X27=75 X28=188 X29=179 X30=166 X31=32 X32=106 X33=158 X34=197 X35=13 X36=156 X37=136 X38=99 X39=169 X40=18 X41=174 X42=97 X43=121 X44=48 X45=31 X46=187 X47=68 X48=134 X49=6 X50=87 X51=43 X52=142 X53=10 X54=74 X55=30 X56=41 X57=147 X58=150 X59=170 X60=123 X61=160 X62=193 X63=124 X64=155 X65=100 X66=11 X67=140 X68=181 X69=146 X70=67 X71=132 X72=120 X73=2 X74=157 X75=131 X76=107 X77=79 X78=122 X79=167 X80=45 X81=12 X82=96 X83=114 X84=17 X85=44 X86=109 X87=28 X88=198 X89=176 X90=60 X91=112 X92=129 X93=84 X94=138 X95=51 X96=153 X97=9 X98=37 X99=116 X100=5 X101=159 X102=81 X103=26 X104=94 X105=21 X106=29 X107=23 X108=117 X109=40 X110=141 X111=4 X112=164 X113=102 X114=126 X115=115 X116=135 X117=61 X118=80 X119=105 X120=103 X121=39 X122=143 X123=72 X124=130 X125=185 X126=127 X127=0 X128=38 X129=57 X130=125 X131=101 X132=3 X133=49 X134=178 X135=55 X136=78 X137=19 X138=90 X139=22 X140=34 X141=144 X142=175 X143=15 X144=137 X145=177 X146=128 X147=118 X148=108 X149=165 X150=151 X151=59 X152=171 X153=173 X154=33 X155=7 X156=58 X157=66 X158=119 X159=152 X160=62 X161=184 X162=54 X163=191 X164=47 X165=182 X166=63 X167=148 X168=180 X169=113 X170=46 X171=42 X172=195 X173=64 X174=8 X175=95 X176=71 X177=194 X178=189 X179=133 

    solution X0=172 X1=25 X2=190 X3=88 X4=52 X5=36 X6=161 X7=149 X8=139 X9=56 X10=86 X11=162 X12=192 X13=70 X14=154 X15=93 X16=163 X17=35 X18=110 X19=20 X20=69 X21=111 X22=85 X23=196 X24=199 X25=77 X26=76 X27=75 X28=188 X29=179 X30=166 X31=32 X32=106 X33=158 X34=197 X35=13 X36=156 X37=136 X38=99 X39=169 X40=18 X41=174 X42=97 X43=121 X44=48 X45=31 X46=187 X47=68 X48=134 X49=6 X50=87 X51=43 X52=142 X53=10 X54=74 X55=30 X56=41 X57=147 X58=150 X59=170 X60=123 X61=160 X62=193 X63=124 X64=155 X65=100 X66=11 X67=140 X68=181 X69=146 X70=67 X71=132 X72=120 X73=2 X74=157 X75=131 X76=107 X77=79 X78=122 X79=167 X80=45 X81=12 X82=96 X83=114 X84=17 X85=44 X86=109 X87=28 X88=198 X89=176 X90=60 X91=112 X92=129 X93=84 X94=138 X95=51 X96=153 X97=9 X98=37 X99=116 X100=5 X101=159 X102=81 X103=26 X104=94 X105=21 X106=29 X107=23 X108=117 X109=40 X110=141 X111=4 X112=164 X113=102 X114=126 X115=115 X116=135 X117=61 X118=80 X119=105 X120=103 X121=39 X122=143 X123=72 X124=130 X125=185 X126=127 X127=0 X128=38 X129=57 X130=125 X131=101 X132=3 X133=49 X134=178 X135=55 X136=78 X137=19 X138=90 X139=22 X140=34 X141=144 X142=175 X143=15 X144=137 X145=177 X146=128 X147=118 X148=108 X149=165 X150=151 X151=59 X152=171 X153=173 X154=33 X155=7 X156=58 X157=66 X158=119 X159=152 X160=62 X161=184 X162=54 X163=191 X164=47 X165=182 X166=63 X167=148 X168=180 X169=113 X170=46 X171=42 X172=195 X173=64 X174=8 X175=95 X176=71 X177=194 X178=189 X179=133 

   
   search
        run=0  nbConstraintChecks=504  depth=(min:0,max:179,avg:1)  nbEffectivePropagations=808  nbRevisions=6975  nbUselessRevisions=6168
        nbAssignments=370  nbFailedAssignments=190  nbBacktracks=0  nbVisitedNodes=561  nbRestartNogoods=0  nbFoundSolutions=1
        upperBound=9223372036854775807
          =>  wckTime=3.253  cpuTime=3.827  mem=118M155

   
   global
        nbConstraintChecks=504  nbEffectivePropagations=808  nbRevisions=6975  nbUselessRevisions=6168  nbRestartNogoods=0  solvingWckTime=3.253
        expiredTime=no  totalExploration=no  nbFoundSolutions=1  firstSolutionCpuTime=3.823  Stop=REACHED_GOAL
          =>  wckTime=3.779  cpuTime=3.828  mem=118M155

s SATISFIABLE
v X0=172 X1=25 X2=190 X3=88 X4=52 X5=36 X6=161 X7=149 X8=139 X9=56 X10=86 X11=162 X12=192 X13=70 X14=154 X15=93 X16=163 X17=35 X18=110 X19=20 X20=69 X21=111 X22=85 X23=196 X24=199 X25=77 X26=76 X27=75 X28=188 X29=179 X30=166 X31=32 X32=106 X33=158 X34=197 X35=13 X36=156 X37=136 X38=99 X39=169 X40=18 X41=174 X42=97 X43=121 X44=48 X45=31 X46=187 X47=68 X48=134 X49=6 X50=87 X51=43 X52=142 X53=10 X54=74 X55=30 X56=41 X57=147 X58=150 X59=170 X60=123 X61=160 X62=193 X63=124 X64=155 X65=100 X66=11 X67=140 X68=181 X69=146 X70=67 X71=132 X72=120 X73=2 X74=157 X75=131 X76=107 X77=79 X78=122 X79=167 X80=45 X81=12 X82=96 X83=114 X84=17 X85=44 X86=109 X87=28 X88=198 X89=176 X90=60 X91=112 X92=129 X93=84 X94=138 X95=51 X96=153 X97=9 X98=37 X99=116 X100=5 X101=159 X102=81 X103=26 X104=94 X105=21 X106=29 X107=23 X108=117 X109=40 X110=141 X111=4 X112=164 X113=102 X114=126 X115=115 X116=135 X117=61 X118=80 X119=105 X120=103 X121=39 X122=143 X123=72 X124=130 X125=185 X126=127 X127=0 X128=38 X129=57 X130=125 X131=101 X132=3 X133=49 X134=178 X135=55 X136=78 X137=19 X138=90 X139=22 X140=34 X141=144 X142=175 X143=15 X144=137 X145=177 X146=128 X147=118 X148=108 X149=165 X150=151 X151=59 X152=171 X153=173 X154=33 X155=7 X156=58 X157=66 X158=119 X159=152 X160=62 X161=184 X162=54 X163=191 X164=47 X165=182 X166=63 X167=148 X168=180 X169=113 X170=46 X171=42 X172=195 X173=64 X174=8 X175=95 X176=71 X177=194 X178=189 X179=133 
d NODES 370

   totalWckTime=3.684  totalCpuTime=3.828
