
   AbsCon 1.41 (January, 2014) - defaultConfiguration

   
   instance
        framework=CSP  name=Isomorphism-/cluster/gpg/ciaran/sip-benchmarks/benchmarks/scalefree/A.05/pattern-/cluster/gpg/ciaran/sip-benchmarks/benchmarks/scalefree/A.05/target
        parameters=/cluster/gpg/ciaran/sip-benchmarks/benchmarks/scalefree/A.05/pattern,/cluster/gpg/ciaran/sip-benchmarks/benchmarks/scalefree/A.05/target
      

   loading variables...
        nbVariables=180  nbDomainTypes=1  nbTotalValues=36000  domainSizes=(200:180)
          =>  wckTime=0.21  cpuTime=0.313  mem=4M680

   loading objectives...

   loading constraints...
        nbConstraints=492  nbSpecificConstraints=1  nbExtensionStructures=(1,shared:490)  nbConflictsStructures=(1,shared:490,unbuilt:1)
        degrees=(2:1)(4:4)(5:34)...(7:23)(8:30)(9:15)  arities=(2:491)(180:1)  types=(AllDifferent:1)(ConstraintHardExtensionV-Bits:491)
          =>  wckTime=0.33  cpuTime=0.432  mem=16M414

   INFO : <!-- Start saving the XML representation -->

   INFO : <!-- Stop saving the XML representation of target.xml -->

   Solver SolverBacktrack being built... 
          =>  wckTime=0.543  cpuTime=0.61  mem=22M207

    instantiation X0=197 X1=178 X2=18 X3=108 X4=24 X5=163 X6=166 X7=148 X8=40 X9=0 X10=193 X11=133 X12=150 X13=38 X14=189 X15=157 X16=160 X17=131 X18=52 X19=153 X20=125 X21=8 X22=145 X23=168 X24=179 X25=80 X26=136 X27=100 X28=103 X29=139 X30=37 X31=161 X32=78 X33=141 X34=63 X35=43 X36=169 X37=35 X38=86 X39=188 X40=62 X41=194 X42=190 X43=181 X44=58 X45=57 X46=30 X47=135 X48=180 X49=195 X50=94 X51=25 X52=156 X53=165 X54=76 X55=45 X56=184 X57=90 X58=32 X59=26 X60=73 X61=162 X62=89 X63=132 X64=144 X65=53 X66=81 X67=31 X68=20 X69=170 X70=158 X71=177 X72=107 X73=115 X74=149 X75=112 X76=146 X77=110 X78=70 X79=122 X80=111 X81=91 X82=130 X83=69 X84=105 X85=85 X86=79 X87=3 X88=88 X89=16 X90=93 X91=199 X92=60 X93=61 X94=27 X95=9 X96=172 X97=183 X98=106 X99=71 X100=186 X101=164 X102=137 X103=44 X104=152 X105=28 X106=2 X107=68 X108=12 X109=92 X110=128 X111=22 X112=15 X113=67 X114=118 X115=48 X116=101 X117=196 X118=138 X119=65 X120=7 X121=75 X122=187 X123=174 X124=140 X125=77 X126=191 X127=54 X128=42 X129=121 X130=127 X131=123 X132=39 X133=23 X134=4 X135=72 X136=87 X137=49 X138=167 X139=98 X140=34 X141=109 X142=36 X143=117 X144=119 X145=126 X146=6 X147=1 X148=182 X149=176 X150=114 X151=173 X152=84 X153=97 X154=82 X155=120 X156=19 X157=59 X158=175 X159=46 X160=95 X161=99 X162=159 X163=124 X164=55 X165=129 X166=51 X167=47 X168=41 X169=33 X170=64 X171=96 X172=143 X173=5 X174=29 X175=50 X176=154 X177=192 X178=147 X179=116 

    solution X0=197 X1=178 X2=18 X3=108 X4=24 X5=163 X6=166 X7=148 X8=40 X9=0 X10=193 X11=133 X12=150 X13=38 X14=189 X15=157 X16=160 X17=131 X18=52 X19=153 X20=125 X21=8 X22=145 X23=168 X24=179 X25=80 X26=136 X27=100 X28=103 X29=139 X30=37 X31=161 X32=78 X33=141 X34=63 X35=43 X36=169 X37=35 X38=86 X39=188 X40=62 X41=194 X42=190 X43=181 X44=58 X45=57 X46=30 X47=135 X48=180 X49=195 X50=94 X51=25 X52=156 X53=165 X54=76 X55=45 X56=184 X57=90 X58=32 X59=26 X60=73 X61=162 X62=89 X63=132 X64=144 X65=53 X66=81 X67=31 X68=20 X69=170 X70=158 X71=177 X72=107 X73=115 X74=149 X75=112 X76=146 X77=110 X78=70 X79=122 X80=111 X81=91 X82=130 X83=69 X84=105 X85=85 X86=79 X87=3 X88=88 X89=16 X90=93 X91=199 X92=60 X93=61 X94=27 X95=9 X96=172 X97=183 X98=106 X99=71 X100=186 X101=164 X102=137 X103=44 X104=152 X105=28 X106=2 X107=68 X108=12 X109=92 X110=128 X111=22 X112=15 X113=67 X114=118 X115=48 X116=101 X117=196 X118=138 X119=65 X120=7 X121=75 X122=187 X123=174 X124=140 X125=77 X126=191 X127=54 X128=42 X129=121 X130=127 X131=123 X132=39 X133=23 X134=4 X135=72 X136=87 X137=49 X138=167 X139=98 X140=34 X141=109 X142=36 X143=117 X144=119 X145=126 X146=6 X147=1 X148=182 X149=176 X150=114 X151=173 X152=84 X153=97 X154=82 X155=120 X156=19 X157=59 X158=175 X159=46 X160=95 X161=99 X162=159 X163=124 X164=55 X165=129 X166=51 X167=47 X168=41 X169=33 X170=64 X171=96 X172=143 X173=5 X174=29 X175=50 X176=154 X177=192 X178=147 X179=116 

   
   search
        run=0  nbConstraintChecks=492  depth=(min:0,max:179,avg:1)  nbEffectivePropagations=347  nbRevisions=4617  nbUselessRevisions=4271
        nbAssignments=358  nbFailedAssignments=178  nbBacktracks=0  nbVisitedNodes=537  nbRestartNogoods=0  nbFoundSolutions=1
        upperBound=9223372036854775807
          =>  wckTime=2.165  cpuTime=2.722  mem=43M282

   
   global
        nbConstraintChecks=492  nbEffectivePropagations=347  nbRevisions=4617  nbUselessRevisions=4271  nbRestartNogoods=0  solvingWckTime=2.165
        expiredTime=no  totalExploration=no  nbFoundSolutions=1  firstSolutionCpuTime=2.717  Stop=REACHED_GOAL
          =>  wckTime=2.708  cpuTime=2.723  mem=43M282

s SATISFIABLE
v X0=197 X1=178 X2=18 X3=108 X4=24 X5=163 X6=166 X7=148 X8=40 X9=0 X10=193 X11=133 X12=150 X13=38 X14=189 X15=157 X16=160 X17=131 X18=52 X19=153 X20=125 X21=8 X22=145 X23=168 X24=179 X25=80 X26=136 X27=100 X28=103 X29=139 X30=37 X31=161 X32=78 X33=141 X34=63 X35=43 X36=169 X37=35 X38=86 X39=188 X40=62 X41=194 X42=190 X43=181 X44=58 X45=57 X46=30 X47=135 X48=180 X49=195 X50=94 X51=25 X52=156 X53=165 X54=76 X55=45 X56=184 X57=90 X58=32 X59=26 X60=73 X61=162 X62=89 X63=132 X64=144 X65=53 X66=81 X67=31 X68=20 X69=170 X70=158 X71=177 X72=107 X73=115 X74=149 X75=112 X76=146 X77=110 X78=70 X79=122 X80=111 X81=91 X82=130 X83=69 X84=105 X85=85 X86=79 X87=3 X88=88 X89=16 X90=93 X91=199 X92=60 X93=61 X94=27 X95=9 X96=172 X97=183 X98=106 X99=71 X100=186 X101=164 X102=137 X103=44 X104=152 X105=28 X106=2 X107=68 X108=12 X109=92 X110=128 X111=22 X112=15 X113=67 X114=118 X115=48 X116=101 X117=196 X118=138 X119=65 X120=7 X121=75 X122=187 X123=174 X124=140 X125=77 X126=191 X127=54 X128=42 X129=121 X130=127 X131=123 X132=39 X133=23 X134=4 X135=72 X136=87 X137=49 X138=167 X139=98 X140=34 X141=109 X142=36 X143=117 X144=119 X145=126 X146=6 X147=1 X148=182 X149=176 X150=114 X151=173 X152=84 X153=97 X154=82 X155=120 X156=19 X157=59 X158=175 X159=46 X160=95 X161=99 X162=159 X163=124 X164=55 X165=129 X166=51 X167=47 X168=41 X169=33 X170=64 X171=96 X172=143 X173=5 X174=29 X175=50 X176=154 X177=192 X178=147 X179=116 
d NODES 358

   totalWckTime=2.6  totalCpuTime=2.723
