
   AbsCon 1.41 (January, 2014) - defaultConfiguration

   
   instance
        framework=CSP  name=Isomorphism-/cluster/gpg/ciaran/sip-benchmarks/benchmarks/scalefree/A.06/pattern-/cluster/gpg/ciaran/sip-benchmarks/benchmarks/scalefree/A.06/target
        parameters=/cluster/gpg/ciaran/sip-benchmarks/benchmarks/scalefree/A.06/pattern,/cluster/gpg/ciaran/sip-benchmarks/benchmarks/scalefree/A.06/target
      

   loading variables...
        nbVariables=180  nbDomainTypes=1  nbTotalValues=36000  domainSizes=(200:180)
          =>  wckTime=0.257  cpuTime=0.359  mem=4M36

   loading objectives...

   loading constraints...
        nbConstraints=484  nbSpecificConstraints=1  nbExtensionStructures=(1,shared:482)  nbConflictsStructures=(1,shared:482,unbuilt:1)
        degrees=(3:1)(4:9)(5:29)...(7:40)(8:26)(9:8)  arities=(2:483)(180:1)  types=(AllDifferent:1)(ConstraintHardExtensionV-Bits:483)
          =>  wckTime=0.407  cpuTime=0.505  mem=15M797

   INFO : <!-- Start saving the XML representation -->

   INFO : <!-- Stop saving the XML representation of target.xml -->

   Solver SolverBacktrack being built... 
          =>  wckTime=0.698  cpuTime=0.751  mem=21M853

    instantiation X0=62 X1=33 X2=154 X3=178 X4=72 X5=23 X6=68 X7=58 X8=101 X9=173 X10=76 X11=159 X12=85 X13=120 X14=132 X15=189 X16=185 X17=56 X18=123 X19=124 X20=131 X21=51 X22=141 X23=88 X24=93 X25=0 X26=114 X27=8 X28=35 X29=52 X30=188 X31=27 X32=191 X33=45 X34=139 X35=49 X36=112 X37=6 X38=96 X39=137 X40=19 X41=106 X42=63 X43=143 X44=172 X45=197 X46=146 X47=4 X48=133 X49=38 X50=171 X51=21 X52=64 X53=152 X54=78 X55=190 X56=13 X57=182 X58=165 X59=192 X60=128 X61=176 X62=60 X63=142 X64=103 X65=44 X66=116 X67=138 X68=145 X69=46 X70=82 X71=164 X72=80 X73=94 X74=74 X75=20 X76=24 X77=130 X78=175 X79=102 X80=40 X81=95 X82=7 X83=17 X84=26 X85=50 X86=79 X87=59 X88=119 X89=184 X90=73 X91=37 X92=12 X93=67 X94=3 X95=126 X96=105 X97=163 X98=107 X99=199 X100=166 X101=75 X102=144 X103=109 X104=2 X105=115 X106=15 X107=25 X108=83 X109=84 X110=14 X111=31 X112=10 X113=193 X114=140 X115=43 X116=179 X117=42 X118=36 X119=121 X120=158 X121=117 X122=65 X123=98 X124=97 X125=87 X126=55 X127=41 X128=5 X129=77 X130=111 X131=167 X132=29 X133=22 X134=91 X135=186 X136=71 X137=48 X138=1 X139=148 X140=122 X141=57 X142=136 X143=168 X144=135 X145=39 X146=187 X147=177 X148=155 X149=70 X150=196 X151=150 X152=127 X153=125 X154=113 X155=11 X156=170 X157=162 X158=183 X159=100 X160=110 X161=181 X162=195 X163=54 X164=53 X165=34 X166=90 X167=161 X168=129 X169=30 X170=69 X171=92 X172=61 X173=108 X174=174 X175=118 X176=156 X177=66 X178=134 X179=89 

    solution X0=62 X1=33 X2=154 X3=178 X4=72 X5=23 X6=68 X7=58 X8=101 X9=173 X10=76 X11=159 X12=85 X13=120 X14=132 X15=189 X16=185 X17=56 X18=123 X19=124 X20=131 X21=51 X22=141 X23=88 X24=93 X25=0 X26=114 X27=8 X28=35 X29=52 X30=188 X31=27 X32=191 X33=45 X34=139 X35=49 X36=112 X37=6 X38=96 X39=137 X40=19 X41=106 X42=63 X43=143 X44=172 X45=197 X46=146 X47=4 X48=133 X49=38 X50=171 X51=21 X52=64 X53=152 X54=78 X55=190 X56=13 X57=182 X58=165 X59=192 X60=128 X61=176 X62=60 X63=142 X64=103 X65=44 X66=116 X67=138 X68=145 X69=46 X70=82 X71=164 X72=80 X73=94 X74=74 X75=20 X76=24 X77=130 X78=175 X79=102 X80=40 X81=95 X82=7 X83=17 X84=26 X85=50 X86=79 X87=59 X88=119 X89=184 X90=73 X91=37 X92=12 X93=67 X94=3 X95=126 X96=105 X97=163 X98=107 X99=199 X100=166 X101=75 X102=144 X103=109 X104=2 X105=115 X106=15 X107=25 X108=83 X109=84 X110=14 X111=31 X112=10 X113=193 X114=140 X115=43 X116=179 X117=42 X118=36 X119=121 X120=158 X121=117 X122=65 X123=98 X124=97 X125=87 X126=55 X127=41 X128=5 X129=77 X130=111 X131=167 X132=29 X133=22 X134=91 X135=186 X136=71 X137=48 X138=1 X139=148 X140=122 X141=57 X142=136 X143=168 X144=135 X145=39 X146=187 X147=177 X148=155 X149=70 X150=196 X151=150 X152=127 X153=125 X154=113 X155=11 X156=170 X157=162 X158=183 X159=100 X160=110 X161=181 X162=195 X163=54 X164=53 X165=34 X166=90 X167=161 X168=129 X169=30 X170=69 X171=92 X172=61 X173=108 X174=174 X175=118 X176=156 X177=66 X178=134 X179=89 

   
   search
        run=0  nbConstraintChecks=484  depth=(min:0,max:179,avg:1)  nbEffectivePropagations=304  nbRevisions=4352  nbUselessRevisions=4048
        nbAssignments=358  nbFailedAssignments=178  nbBacktracks=0  nbVisitedNodes=537  nbRestartNogoods=0  nbFoundSolutions=1
        upperBound=9223372036854775807
          =>  wckTime=3.252  cpuTime=3.949  mem=50M639

   
   global
        nbConstraintChecks=484  nbEffectivePropagations=304  nbRevisions=4352  nbUselessRevisions=4048  nbRestartNogoods=0  solvingWckTime=3.254
        expiredTime=no  totalExploration=no  nbFoundSolutions=1  firstSolutionCpuTime=3.94  Stop=REACHED_GOAL
          =>  wckTime=3.952  cpuTime=3.95  mem=50M639

s SATISFIABLE
v X0=62 X1=33 X2=154 X3=178 X4=72 X5=23 X6=68 X7=58 X8=101 X9=173 X10=76 X11=159 X12=85 X13=120 X14=132 X15=189 X16=185 X17=56 X18=123 X19=124 X20=131 X21=51 X22=141 X23=88 X24=93 X25=0 X26=114 X27=8 X28=35 X29=52 X30=188 X31=27 X32=191 X33=45 X34=139 X35=49 X36=112 X37=6 X38=96 X39=137 X40=19 X41=106 X42=63 X43=143 X44=172 X45=197 X46=146 X47=4 X48=133 X49=38 X50=171 X51=21 X52=64 X53=152 X54=78 X55=190 X56=13 X57=182 X58=165 X59=192 X60=128 X61=176 X62=60 X63=142 X64=103 X65=44 X66=116 X67=138 X68=145 X69=46 X70=82 X71=164 X72=80 X73=94 X74=74 X75=20 X76=24 X77=130 X78=175 X79=102 X80=40 X81=95 X82=7 X83=17 X84=26 X85=50 X86=79 X87=59 X88=119 X89=184 X90=73 X91=37 X92=12 X93=67 X94=3 X95=126 X96=105 X97=163 X98=107 X99=199 X100=166 X101=75 X102=144 X103=109 X104=2 X105=115 X106=15 X107=25 X108=83 X109=84 X110=14 X111=31 X112=10 X113=193 X114=140 X115=43 X116=179 X117=42 X118=36 X119=121 X120=158 X121=117 X122=65 X123=98 X124=97 X125=87 X126=55 X127=41 X128=5 X129=77 X130=111 X131=167 X132=29 X133=22 X134=91 X135=186 X136=71 X137=48 X138=1 X139=148 X140=122 X141=57 X142=136 X143=168 X144=135 X145=39 X146=187 X147=177 X148=155 X149=70 X150=196 X151=150 X152=127 X153=125 X154=113 X155=11 X156=170 X157=162 X158=183 X159=100 X160=110 X161=181 X162=195 X163=54 X164=53 X165=34 X166=90 X167=161 X168=129 X169=30 X170=69 X171=92 X172=61 X173=108 X174=174 X175=118 X176=156 X177=66 X178=134 X179=89 
d NODES 358

   totalWckTime=3.811  totalCpuTime=3.951
