
   AbsCon 1.41 (January, 2014) - defaultConfiguration

   
   instance
        framework=CSP  name=Isomorphism-/cluster/gpg/ciaran/sip-benchmarks/benchmarks/scalefree/A.08/pattern-/cluster/gpg/ciaran/sip-benchmarks/benchmarks/scalefree/A.08/target
        parameters=/cluster/gpg/ciaran/sip-benchmarks/benchmarks/scalefree/A.08/pattern,/cluster/gpg/ciaran/sip-benchmarks/benchmarks/scalefree/A.08/target
      

   loading variables...
        nbVariables=180  nbDomainTypes=1  nbTotalValues=36000  domainSizes=(200:180)
          =>  wckTime=0.221  cpuTime=0.312  mem=4M170

   loading objectives...

   loading constraints...
        nbConstraints=492  nbSpecificConstraints=1  nbExtensionStructures=(1,shared:490)  nbConflictsStructures=(1,shared:490,unbuilt:1)
        degrees=(4:5)(5:36)(6:57)(7:47)(8:24)(9:11)  arities=(2:491)(180:1)  types=(AllDifferent:1)(ConstraintHardExtensionV-Bits:491)
          =>  wckTime=0.337  cpuTime=0.426  mem=16M309

   INFO : <!-- Start saving the XML representation -->

   INFO : <!-- Stop saving the XML representation of target.xml -->

   Solver SolverBacktrack being built... 
          =>  wckTime=0.594  cpuTime=0.627  mem=22M278

    instantiation X0=97 X1=130 X2=115 X3=167 X4=42 X5=157 X6=172 X7=111 X8=174 X9=153 X10=85 X11=149 X12=86 X13=51 X14=25 X15=99 X16=124 X17=17 X18=126 X19=175 X20=82 X21=1 X22=103 X23=104 X24=148 X25=129 X26=112 X27=28 X28=136 X29=0 X30=65 X31=145 X32=14 X33=8 X34=134 X35=93 X36=62 X37=9 X38=176 X39=186 X40=192 X41=127 X42=178 X43=72 X44=160 X45=169 X46=98 X47=182 X48=7 X49=49 X50=165 X51=45 X52=70 X53=144 X54=121 X55=166 X56=102 X57=92 X58=32 X59=119 X60=67 X61=43 X62=18 X63=139 X64=4 X65=190 X66=100 X67=24 X68=34 X69=33 X70=163 X71=135 X72=155 X73=158 X74=146 X75=89 X76=122 X77=73 X78=77 X79=195 X80=177 X81=106 X82=31 X83=71 X84=107 X85=54 X86=188 X87=11 X88=181 X89=140 X90=12 X91=164 X92=78 X93=109 X94=48 X95=15 X96=185 X97=21 X98=138 X99=101 X100=87 X101=142 X102=79 X103=88 X104=114 X105=197 X106=84 X107=183 X108=10 X109=180 X110=59 X111=39 X112=191 X113=196 X114=94 X115=179 X116=69 X117=143 X118=116 X119=22 X120=63 X121=194 X122=41 X123=68 X124=96 X125=76 X126=47 X127=27 X128=58 X129=16 X130=30 X131=105 X132=44 X133=60 X134=152 X135=120 X136=189 X137=46 X138=141 X139=36 X140=38 X141=171 X142=3 X143=19 X144=151 X145=147 X146=123 X147=150 X148=113 X149=118 X150=193 X151=170 X152=37 X153=125 X154=117 X155=61 X156=187 X157=108 X158=2 X159=95 X160=23 X161=6 X162=173 X163=55 X164=131 X165=74 X166=80 X167=162 X168=132 X169=91 X170=13 X171=137 X172=57 X173=56 X174=133 X175=199 X176=50 X177=5 X178=29 X179=90 

    solution X0=97 X1=130 X2=115 X3=167 X4=42 X5=157 X6=172 X7=111 X8=174 X9=153 X10=85 X11=149 X12=86 X13=51 X14=25 X15=99 X16=124 X17=17 X18=126 X19=175 X20=82 X21=1 X22=103 X23=104 X24=148 X25=129 X26=112 X27=28 X28=136 X29=0 X30=65 X31=145 X32=14 X33=8 X34=134 X35=93 X36=62 X37=9 X38=176 X39=186 X40=192 X41=127 X42=178 X43=72 X44=160 X45=169 X46=98 X47=182 X48=7 X49=49 X50=165 X51=45 X52=70 X53=144 X54=121 X55=166 X56=102 X57=92 X58=32 X59=119 X60=67 X61=43 X62=18 X63=139 X64=4 X65=190 X66=100 X67=24 X68=34 X69=33 X70=163 X71=135 X72=155 X73=158 X74=146 X75=89 X76=122 X77=73 X78=77 X79=195 X80=177 X81=106 X82=31 X83=71 X84=107 X85=54 X86=188 X87=11 X88=181 X89=140 X90=12 X91=164 X92=78 X93=109 X94=48 X95=15 X96=185 X97=21 X98=138 X99=101 X100=87 X101=142 X102=79 X103=88 X104=114 X105=197 X106=84 X107=183 X108=10 X109=180 X110=59 X111=39 X112=191 X113=196 X114=94 X115=179 X116=69 X117=143 X118=116 X119=22 X120=63 X121=194 X122=41 X123=68 X124=96 X125=76 X126=47 X127=27 X128=58 X129=16 X130=30 X131=105 X132=44 X133=60 X134=152 X135=120 X136=189 X137=46 X138=141 X139=36 X140=38 X141=171 X142=3 X143=19 X144=151 X145=147 X146=123 X147=150 X148=113 X149=118 X150=193 X151=170 X152=37 X153=125 X154=117 X155=61 X156=187 X157=108 X158=2 X159=95 X160=23 X161=6 X162=173 X163=55 X164=131 X165=74 X166=80 X167=162 X168=132 X169=91 X170=13 X171=137 X172=57 X173=56 X174=133 X175=199 X176=50 X177=5 X178=29 X179=90 

   
   search
        run=0  nbConstraintChecks=492  depth=(min:0,max:179,avg:1)  nbEffectivePropagations=547  nbRevisions=5231  nbUselessRevisions=4684
        nbAssignments=366  nbFailedAssignments=186  nbBacktracks=0  nbVisitedNodes=553  nbRestartNogoods=0  nbFoundSolutions=1
        upperBound=9223372036854775807
          =>  wckTime=3.253  cpuTime=3.831  mem=73M820

   
   global
        nbConstraintChecks=492  nbEffectivePropagations=547  nbRevisions=5231  nbUselessRevisions=4684  nbRestartNogoods=0  solvingWckTime=3.253
        expiredTime=no  totalExploration=no  nbFoundSolutions=1  firstSolutionCpuTime=3.827  Stop=REACHED_GOAL
          =>  wckTime=3.847  cpuTime=3.832  mem=73M820

s SATISFIABLE
v X0=97 X1=130 X2=115 X3=167 X4=42 X5=157 X6=172 X7=111 X8=174 X9=153 X10=85 X11=149 X12=86 X13=51 X14=25 X15=99 X16=124 X17=17 X18=126 X19=175 X20=82 X21=1 X22=103 X23=104 X24=148 X25=129 X26=112 X27=28 X28=136 X29=0 X30=65 X31=145 X32=14 X33=8 X34=134 X35=93 X36=62 X37=9 X38=176 X39=186 X40=192 X41=127 X42=178 X43=72 X44=160 X45=169 X46=98 X47=182 X48=7 X49=49 X50=165 X51=45 X52=70 X53=144 X54=121 X55=166 X56=102 X57=92 X58=32 X59=119 X60=67 X61=43 X62=18 X63=139 X64=4 X65=190 X66=100 X67=24 X68=34 X69=33 X70=163 X71=135 X72=155 X73=158 X74=146 X75=89 X76=122 X77=73 X78=77 X79=195 X80=177 X81=106 X82=31 X83=71 X84=107 X85=54 X86=188 X87=11 X88=181 X89=140 X90=12 X91=164 X92=78 X93=109 X94=48 X95=15 X96=185 X97=21 X98=138 X99=101 X100=87 X101=142 X102=79 X103=88 X104=114 X105=197 X106=84 X107=183 X108=10 X109=180 X110=59 X111=39 X112=191 X113=196 X114=94 X115=179 X116=69 X117=143 X118=116 X119=22 X120=63 X121=194 X122=41 X123=68 X124=96 X125=76 X126=47 X127=27 X128=58 X129=16 X130=30 X131=105 X132=44 X133=60 X134=152 X135=120 X136=189 X137=46 X138=141 X139=36 X140=38 X141=171 X142=3 X143=19 X144=151 X145=147 X146=123 X147=150 X148=113 X149=118 X150=193 X151=170 X152=37 X153=125 X154=117 X155=61 X156=187 X157=108 X158=2 X159=95 X160=23 X161=6 X162=173 X163=55 X164=131 X165=74 X166=80 X167=162 X168=132 X169=91 X170=13 X171=137 X172=57 X173=56 X174=133 X175=199 X176=50 X177=5 X178=29 X179=90 
d NODES 366

   totalWckTime=3.735  totalCpuTime=3.832
