
   AbsCon 1.41 (January, 2014) - defaultConfiguration

   
   instance
        framework=CSP  name=Isomorphism-/cluster/gpg/ciaran/sip-benchmarks/benchmarks/scalefree/A.11/pattern-/cluster/gpg/ciaran/sip-benchmarks/benchmarks/scalefree/A.11/target
        parameters=/cluster/gpg/ciaran/sip-benchmarks/benchmarks/scalefree/A.11/pattern,/cluster/gpg/ciaran/sip-benchmarks/benchmarks/scalefree/A.11/target
      

   loading variables...
        nbVariables=180  nbDomainTypes=1  nbTotalValues=36000  domainSizes=(200:180)
          =>  wckTime=0.283  cpuTime=0.344  mem=4M103

   loading objectives...

   loading constraints...
        nbConstraints=490  nbSpecificConstraints=1  nbExtensionStructures=(1,shared:488)  nbConflictsStructures=(1,shared:488,unbuilt:1)
        degrees=(4:6)(5:32)(6:67)(7:38)(8:27)(9:10)  arities=(2:489)(180:1)  types=(AllDifferent:1)(ConstraintHardExtensionV-Bits:489)
          =>  wckTime=0.414  cpuTime=0.472  mem=15M777

   INFO : <!-- Start saving the XML representation -->

   INFO : <!-- Stop saving the XML representation of target.xml -->

   Solver SolverBacktrack being built... 
          =>  wckTime=0.692  cpuTime=0.704  mem=21M910

    instantiation X0=49 X1=111 X2=48 X3=68 X4=54 X5=24 X6=153 X7=167 X8=79 X9=148 X10=135 X11=173 X12=166 X13=192 X14=130 X15=10 X16=189 X17=158 X18=124 X19=142 X20=155 X21=146 X22=92 X23=59 X24=138 X25=168 X26=1 X27=198 X28=40 X29=132 X30=128 X31=19 X32=181 X33=6 X34=22 X35=46 X36=63 X37=159 X38=131 X39=20 X40=151 X41=47 X42=120 X43=80 X44=2 X45=12 X46=58 X47=67 X48=121 X49=115 X50=110 X51=199 X52=71 X53=69 X54=183 X55=172 X56=28 X57=193 X58=188 X59=87 X60=129 X61=32 X62=33 X63=86 X64=99 X65=170 X66=7 X67=17 X68=25 X69=77 X70=105 X71=197 X72=51 X73=73 X74=85 X75=157 X76=195 X77=34 X78=101 X79=184 X80=174 X81=62 X82=66 X83=144 X84=55 X85=21 X86=112 X87=164 X88=125 X89=83 X90=29 X91=145 X92=147 X93=180 X94=94 X95=81 X96=160 X97=196 X98=100 X99=117 X100=186 X101=23 X102=36 X103=78 X104=88 X105=140 X106=31 X107=119 X108=97 X109=177 X110=179 X111=45 X112=175 X113=15 X114=35 X115=95 X116=139 X117=52 X118=14 X119=106 X120=118 X121=103 X122=137 X123=44 X124=116 X125=9 X126=109 X127=11 X128=3 X129=185 X130=102 X131=53 X132=27 X133=50 X134=169 X135=5 X136=133 X137=171 X138=91 X139=13 X140=154 X141=176 X142=38 X143=190 X144=43 X145=104 X146=61 X147=57 X148=82 X149=16 X150=84 X151=123 X152=136 X153=127 X154=4 X155=75 X156=143 X157=41 X158=187 X159=150 X160=30 X161=113 X162=162 X163=194 X164=74 X165=126 X166=72 X167=149 X168=178 X169=182 X170=60 X171=93 X172=37 X173=165 X174=134 X175=89 X176=42 X177=152 X178=163 X179=26 

    solution X0=49 X1=111 X2=48 X3=68 X4=54 X5=24 X6=153 X7=167 X8=79 X9=148 X10=135 X11=173 X12=166 X13=192 X14=130 X15=10 X16=189 X17=158 X18=124 X19=142 X20=155 X21=146 X22=92 X23=59 X24=138 X25=168 X26=1 X27=198 X28=40 X29=132 X30=128 X31=19 X32=181 X33=6 X34=22 X35=46 X36=63 X37=159 X38=131 X39=20 X40=151 X41=47 X42=120 X43=80 X44=2 X45=12 X46=58 X47=67 X48=121 X49=115 X50=110 X51=199 X52=71 X53=69 X54=183 X55=172 X56=28 X57=193 X58=188 X59=87 X60=129 X61=32 X62=33 X63=86 X64=99 X65=170 X66=7 X67=17 X68=25 X69=77 X70=105 X71=197 X72=51 X73=73 X74=85 X75=157 X76=195 X77=34 X78=101 X79=184 X80=174 X81=62 X82=66 X83=144 X84=55 X85=21 X86=112 X87=164 X88=125 X89=83 X90=29 X91=145 X92=147 X93=180 X94=94 X95=81 X96=160 X97=196 X98=100 X99=117 X100=186 X101=23 X102=36 X103=78 X104=88 X105=140 X106=31 X107=119 X108=97 X109=177 X110=179 X111=45 X112=175 X113=15 X114=35 X115=95 X116=139 X117=52 X118=14 X119=106 X120=118 X121=103 X122=137 X123=44 X124=116 X125=9 X126=109 X127=11 X128=3 X129=185 X130=102 X131=53 X132=27 X133=50 X134=169 X135=5 X136=133 X137=171 X138=91 X139=13 X140=154 X141=176 X142=38 X143=190 X144=43 X145=104 X146=61 X147=57 X148=82 X149=16 X150=84 X151=123 X152=136 X153=127 X154=4 X155=75 X156=143 X157=41 X158=187 X159=150 X160=30 X161=113 X162=162 X163=194 X164=74 X165=126 X166=72 X167=149 X168=178 X169=182 X170=60 X171=93 X172=37 X173=165 X174=134 X175=89 X176=42 X177=152 X178=163 X179=26 

   
   search
        run=0  nbConstraintChecks=490  depth=(min:0,max:179,avg:1)  nbEffectivePropagations=357  nbRevisions=4488  nbUselessRevisions=4131
        nbAssignments=353  nbFailedAssignments=173  nbBacktracks=0  nbVisitedNodes=527  nbRestartNogoods=0  nbFoundSolutions=1
        upperBound=9223372036854775807
          =>  wckTime=2.526  cpuTime=3.179  mem=33M900

   
   global
        nbConstraintChecks=490  nbEffectivePropagations=357  nbRevisions=4488  nbUselessRevisions=4131  nbRestartNogoods=0  solvingWckTime=2.527
        expiredTime=no  totalExploration=no  nbFoundSolutions=1  firstSolutionCpuTime=3.175  Stop=REACHED_GOAL
          =>  wckTime=3.219  cpuTime=3.179  mem=33M900

s SATISFIABLE
v X0=49 X1=111 X2=48 X3=68 X4=54 X5=24 X6=153 X7=167 X8=79 X9=148 X10=135 X11=173 X12=166 X13=192 X14=130 X15=10 X16=189 X17=158 X18=124 X19=142 X20=155 X21=146 X22=92 X23=59 X24=138 X25=168 X26=1 X27=198 X28=40 X29=132 X30=128 X31=19 X32=181 X33=6 X34=22 X35=46 X36=63 X37=159 X38=131 X39=20 X40=151 X41=47 X42=120 X43=80 X44=2 X45=12 X46=58 X47=67 X48=121 X49=115 X50=110 X51=199 X52=71 X53=69 X54=183 X55=172 X56=28 X57=193 X58=188 X59=87 X60=129 X61=32 X62=33 X63=86 X64=99 X65=170 X66=7 X67=17 X68=25 X69=77 X70=105 X71=197 X72=51 X73=73 X74=85 X75=157 X76=195 X77=34 X78=101 X79=184 X80=174 X81=62 X82=66 X83=144 X84=55 X85=21 X86=112 X87=164 X88=125 X89=83 X90=29 X91=145 X92=147 X93=180 X94=94 X95=81 X96=160 X97=196 X98=100 X99=117 X100=186 X101=23 X102=36 X103=78 X104=88 X105=140 X106=31 X107=119 X108=97 X109=177 X110=179 X111=45 X112=175 X113=15 X114=35 X115=95 X116=139 X117=52 X118=14 X119=106 X120=118 X121=103 X122=137 X123=44 X124=116 X125=9 X126=109 X127=11 X128=3 X129=185 X130=102 X131=53 X132=27 X133=50 X134=169 X135=5 X136=133 X137=171 X138=91 X139=13 X140=154 X141=176 X142=38 X143=190 X144=43 X145=104 X146=61 X147=57 X148=82 X149=16 X150=84 X151=123 X152=136 X153=127 X154=4 X155=75 X156=143 X157=41 X158=187 X159=150 X160=30 X161=113 X162=162 X163=194 X164=74 X165=126 X166=72 X167=149 X168=178 X169=182 X170=60 X171=93 X172=37 X173=165 X174=134 X175=89 X176=42 X177=152 X178=163 X179=26 
d NODES 353

   totalWckTime=3.04  totalCpuTime=3.18
