
   AbsCon 1.41 (January, 2014) - defaultConfiguration

   
   instance
        framework=CSP  name=Isomorphism-/cluster/gpg/ciaran/sip-benchmarks/benchmarks/scalefree/A.12/pattern-/cluster/gpg/ciaran/sip-benchmarks/benchmarks/scalefree/A.12/target
        parameters=/cluster/gpg/ciaran/sip-benchmarks/benchmarks/scalefree/A.12/pattern,/cluster/gpg/ciaran/sip-benchmarks/benchmarks/scalefree/A.12/target
      

   loading variables...
        nbVariables=180  nbDomainTypes=1  nbTotalValues=36000  domainSizes=(200:180)
          =>  wckTime=0.213  cpuTime=0.308  mem=3M958

   loading objectives...

   loading constraints...
        nbConstraints=488  nbSpecificConstraints=1  nbExtensionStructures=(1,shared:486)  nbConflictsStructures=(1,shared:486,unbuilt:1)
        degrees=(3:1)(4:12)(5:27)...(7:41)(8:27)(9:11)  arities=(2:487)(180:1)  types=(AllDifferent:1)(ConstraintHardExtensionV-Bits:487)
          =>  wckTime=0.322  cpuTime=0.416  mem=16M168

   INFO : <!-- Start saving the XML representation -->

   INFO : <!-- Stop saving the XML representation of target.xml -->

   Solver SolverBacktrack being built... 
          =>  wckTime=0.529  cpuTime=0.59  mem=22M125

    instantiation X0=181 X1=141 X2=124 X3=144 X4=133 X5=174 X6=74 X7=54 X8=118 X9=70 X10=185 X11=81 X12=44 X13=40 X14=76 X15=172 X16=188 X17=85 X18=90 X19=180 X20=186 X21=68 X22=161 X23=89 X24=38 X25=62 X26=57 X27=108 X28=153 X29=66 X30=149 X31=179 X32=78 X33=191 X34=109 X35=126 X36=64 X37=121 X38=113 X39=2 X40=24 X41=176 X42=152 X43=91 X44=100 X45=30 X46=196 X47=94 X48=71 X49=137 X50=39 X51=156 X52=119 X53=154 X54=37 X55=164 X56=173 X57=187 X58=86 X59=50 X60=178 X61=75 X62=61 X63=165 X64=49 X65=65 X66=11 X67=69 X68=33 X69=163 X70=139 X71=168 X72=46 X73=60 X74=171 X75=104 X76=13 X77=35 X78=155 X79=147 X80=23 X81=129 X82=56 X83=115 X84=170 X85=197 X86=7 X87=142 X88=195 X89=15 X90=4 X91=145 X92=107 X93=73 X94=111 X95=136 X96=140 X97=167 X98=198 X99=183 X100=27 X101=189 X102=194 X103=47 X104=22 X105=3 X106=28 X107=114 X108=177 X109=190 X110=52 X111=83 X112=134 X113=51 X114=184 X115=150 X116=79 X117=87 X118=97 X119=98 X120=82 X121=42 X122=31 X123=14 X124=12 X125=130 X126=67 X127=158 X128=63 X129=112 X130=159 X131=5 X132=45 X133=105 X134=175 X135=135 X136=34 X137=151 X138=131 X139=10 X140=36 X141=110 X142=106 X143=29 X144=138 X145=157 X146=162 X147=148 X148=132 X149=21 X150=59 X151=19 X152=8 X153=169 X154=122 X155=20 X156=55 X157=84 X158=128 X159=117 X160=125 X161=17 X162=0 X163=127 X164=25 X165=160 X166=92 X167=16 X168=53 X169=26 X170=43 X171=77 X172=102 X173=182 X174=1 X175=116 X176=120 X177=95 X178=146 X179=88 

    solution X0=181 X1=141 X2=124 X3=144 X4=133 X5=174 X6=74 X7=54 X8=118 X9=70 X10=185 X11=81 X12=44 X13=40 X14=76 X15=172 X16=188 X17=85 X18=90 X19=180 X20=186 X21=68 X22=161 X23=89 X24=38 X25=62 X26=57 X27=108 X28=153 X29=66 X30=149 X31=179 X32=78 X33=191 X34=109 X35=126 X36=64 X37=121 X38=113 X39=2 X40=24 X41=176 X42=152 X43=91 X44=100 X45=30 X46=196 X47=94 X48=71 X49=137 X50=39 X51=156 X52=119 X53=154 X54=37 X55=164 X56=173 X57=187 X58=86 X59=50 X60=178 X61=75 X62=61 X63=165 X64=49 X65=65 X66=11 X67=69 X68=33 X69=163 X70=139 X71=168 X72=46 X73=60 X74=171 X75=104 X76=13 X77=35 X78=155 X79=147 X80=23 X81=129 X82=56 X83=115 X84=170 X85=197 X86=7 X87=142 X88=195 X89=15 X90=4 X91=145 X92=107 X93=73 X94=111 X95=136 X96=140 X97=167 X98=198 X99=183 X100=27 X101=189 X102=194 X103=47 X104=22 X105=3 X106=28 X107=114 X108=177 X109=190 X110=52 X111=83 X112=134 X113=51 X114=184 X115=150 X116=79 X117=87 X118=97 X119=98 X120=82 X121=42 X122=31 X123=14 X124=12 X125=130 X126=67 X127=158 X128=63 X129=112 X130=159 X131=5 X132=45 X133=105 X134=175 X135=135 X136=34 X137=151 X138=131 X139=10 X140=36 X141=110 X142=106 X143=29 X144=138 X145=157 X146=162 X147=148 X148=132 X149=21 X150=59 X151=19 X152=8 X153=169 X154=122 X155=20 X156=55 X157=84 X158=128 X159=117 X160=125 X161=17 X162=0 X163=127 X164=25 X165=160 X166=92 X167=16 X168=53 X169=26 X170=43 X171=77 X172=102 X173=182 X174=1 X175=116 X176=120 X177=95 X178=146 X179=88 

   
   search
        run=0  nbConstraintChecks=488  depth=(min:0,max:179,avg:1)  nbEffectivePropagations=448  nbRevisions=5172  nbUselessRevisions=4725
        nbAssignments=361  nbFailedAssignments=181  nbBacktracks=0  nbVisitedNodes=543  nbRestartNogoods=0  nbFoundSolutions=1
        upperBound=9223372036854775807
          =>  wckTime=1.952  cpuTime=2.488  mem=119M834

   
   global
        nbConstraintChecks=488  nbEffectivePropagations=448  nbRevisions=5172  nbUselessRevisions=4725  nbRestartNogoods=0  solvingWckTime=1.952
        expiredTime=no  totalExploration=no  nbFoundSolutions=1  firstSolutionCpuTime=2.484  Stop=REACHED_GOAL
          =>  wckTime=2.481  cpuTime=2.488  mem=119M834

s SATISFIABLE
v X0=181 X1=141 X2=124 X3=144 X4=133 X5=174 X6=74 X7=54 X8=118 X9=70 X10=185 X11=81 X12=44 X13=40 X14=76 X15=172 X16=188 X17=85 X18=90 X19=180 X20=186 X21=68 X22=161 X23=89 X24=38 X25=62 X26=57 X27=108 X28=153 X29=66 X30=149 X31=179 X32=78 X33=191 X34=109 X35=126 X36=64 X37=121 X38=113 X39=2 X40=24 X41=176 X42=152 X43=91 X44=100 X45=30 X46=196 X47=94 X48=71 X49=137 X50=39 X51=156 X52=119 X53=154 X54=37 X55=164 X56=173 X57=187 X58=86 X59=50 X60=178 X61=75 X62=61 X63=165 X64=49 X65=65 X66=11 X67=69 X68=33 X69=163 X70=139 X71=168 X72=46 X73=60 X74=171 X75=104 X76=13 X77=35 X78=155 X79=147 X80=23 X81=129 X82=56 X83=115 X84=170 X85=197 X86=7 X87=142 X88=195 X89=15 X90=4 X91=145 X92=107 X93=73 X94=111 X95=136 X96=140 X97=167 X98=198 X99=183 X100=27 X101=189 X102=194 X103=47 X104=22 X105=3 X106=28 X107=114 X108=177 X109=190 X110=52 X111=83 X112=134 X113=51 X114=184 X115=150 X116=79 X117=87 X118=97 X119=98 X120=82 X121=42 X122=31 X123=14 X124=12 X125=130 X126=67 X127=158 X128=63 X129=112 X130=159 X131=5 X132=45 X133=105 X134=175 X135=135 X136=34 X137=151 X138=131 X139=10 X140=36 X141=110 X142=106 X143=29 X144=138 X145=157 X146=162 X147=148 X148=132 X149=21 X150=59 X151=19 X152=8 X153=169 X154=122 X155=20 X156=55 X157=84 X158=128 X159=117 X160=125 X161=17 X162=0 X163=127 X164=25 X165=160 X166=92 X167=16 X168=53 X169=26 X170=43 X171=77 X172=102 X173=182 X174=1 X175=116 X176=120 X177=95 X178=146 X179=88 
d NODES 361

   totalWckTime=2.366  totalCpuTime=2.489
