
   AbsCon 1.41 (January, 2014) - defaultConfiguration

   
   instance
        framework=CSP  name=Isomorphism-/cluster/gpg/ciaran/sip-benchmarks/benchmarks/scalefree/A.17/pattern-/cluster/gpg/ciaran/sip-benchmarks/benchmarks/scalefree/A.17/target
        parameters=/cluster/gpg/ciaran/sip-benchmarks/benchmarks/scalefree/A.17/pattern,/cluster/gpg/ciaran/sip-benchmarks/benchmarks/scalefree/A.17/target
      

   loading variables...
        nbVariables=180  nbDomainTypes=1  nbTotalValues=36000  domainSizes=(200:180)
          =>  wckTime=0.18  cpuTime=0.301  mem=4M406

   loading objectives...

   loading constraints...
        nbConstraints=489  nbSpecificConstraints=1  nbExtensionStructures=(1,shared:487)  nbConflictsStructures=(1,shared:487,unbuilt:1)
        degrees=(3:1)(4:7)(5:25)...(7:41)(8:19)(9:13)  arities=(2:488)(180:1)  types=(AllDifferent:1)(ConstraintHardExtensionV-Bits:488)
          =>  wckTime=0.299  cpuTime=0.418  mem=16M145

   INFO : <!-- Start saving the XML representation -->

   INFO : <!-- Stop saving the XML representation of target.xml -->

   Solver SolverBacktrack being built... 
          =>  wckTime=0.518  cpuTime=0.598  mem=22M73

    instantiation X0=54 X1=42 X2=179 X3=178 X4=113 X5=21 X6=104 X7=184 X8=19 X9=154 X10=47 X11=129 X12=90 X13=198 X14=171 X15=134 X16=172 X17=141 X18=187 X19=197 X20=127 X21=102 X22=71 X23=151 X24=118 X25=194 X26=69 X27=66 X28=59 X29=5 X30=18 X31=158 X32=146 X33=155 X34=37 X35=85 X36=88 X37=64 X38=96 X39=33 X40=43 X41=38 X42=130 X43=67 X44=26 X45=57 X46=163 X47=68 X48=161 X49=14 X50=190 X51=169 X52=87 X53=188 X54=91 X55=97 X56=139 X57=25 X58=183 X59=128 X60=110 X61=24 X62=159 X63=35 X64=156 X65=16 X66=99 X67=177 X68=135 X69=46 X70=185 X71=58 X72=4 X73=86 X74=176 X75=149 X76=148 X77=166 X78=55 X79=1 X80=76 X81=145 X82=131 X83=65 X84=100 X85=170 X86=28 X87=77 X88=173 X89=103 X90=17 X91=13 X92=199 X93=125 X94=22 X95=111 X96=162 X97=95 X98=122 X99=193 X100=142 X101=114 X102=136 X103=167 X104=143 X105=6 X106=8 X107=117 X108=62 X109=49 X110=174 X111=30 X112=168 X113=29 X114=10 X115=0 X116=53 X117=144 X118=105 X119=116 X120=126 X121=115 X122=121 X123=109 X124=182 X125=147 X126=157 X127=123 X128=63 X129=39 X130=7 X131=160 X132=94 X133=45 X134=119 X135=150 X136=48 X137=70 X138=83 X139=36 X140=120 X141=84 X142=72 X143=107 X144=31 X145=11 X146=79 X147=180 X148=32 X149=41 X150=9 X151=153 X152=138 X153=56 X154=44 X155=40 X156=191 X157=196 X158=92 X159=112 X160=181 X161=93 X162=195 X163=75 X164=175 X165=164 X166=27 X167=60 X168=50 X169=34 X170=80 X171=3 X172=51 X173=12 X174=152 X175=2 X176=74 X177=78 X178=189 X179=165 

    solution X0=54 X1=42 X2=179 X3=178 X4=113 X5=21 X6=104 X7=184 X8=19 X9=154 X10=47 X11=129 X12=90 X13=198 X14=171 X15=134 X16=172 X17=141 X18=187 X19=197 X20=127 X21=102 X22=71 X23=151 X24=118 X25=194 X26=69 X27=66 X28=59 X29=5 X30=18 X31=158 X32=146 X33=155 X34=37 X35=85 X36=88 X37=64 X38=96 X39=33 X40=43 X41=38 X42=130 X43=67 X44=26 X45=57 X46=163 X47=68 X48=161 X49=14 X50=190 X51=169 X52=87 X53=188 X54=91 X55=97 X56=139 X57=25 X58=183 X59=128 X60=110 X61=24 X62=159 X63=35 X64=156 X65=16 X66=99 X67=177 X68=135 X69=46 X70=185 X71=58 X72=4 X73=86 X74=176 X75=149 X76=148 X77=166 X78=55 X79=1 X80=76 X81=145 X82=131 X83=65 X84=100 X85=170 X86=28 X87=77 X88=173 X89=103 X90=17 X91=13 X92=199 X93=125 X94=22 X95=111 X96=162 X97=95 X98=122 X99=193 X100=142 X101=114 X102=136 X103=167 X104=143 X105=6 X106=8 X107=117 X108=62 X109=49 X110=174 X111=30 X112=168 X113=29 X114=10 X115=0 X116=53 X117=144 X118=105 X119=116 X120=126 X121=115 X122=121 X123=109 X124=182 X125=147 X126=157 X127=123 X128=63 X129=39 X130=7 X131=160 X132=94 X133=45 X134=119 X135=150 X136=48 X137=70 X138=83 X139=36 X140=120 X141=84 X142=72 X143=107 X144=31 X145=11 X146=79 X147=180 X148=32 X149=41 X150=9 X151=153 X152=138 X153=56 X154=44 X155=40 X156=191 X157=196 X158=92 X159=112 X160=181 X161=93 X162=195 X163=75 X164=175 X165=164 X166=27 X167=60 X168=50 X169=34 X170=80 X171=3 X172=51 X173=12 X174=152 X175=2 X176=74 X177=78 X178=189 X179=165 

   
   search
        run=0  nbConstraintChecks=489  depth=(min:0,max:179,avg:1)  nbEffectivePropagations=483  nbRevisions=5011  nbUselessRevisions=4529
        nbAssignments=358  nbFailedAssignments=178  nbBacktracks=0  nbVisitedNodes=537  nbRestartNogoods=0  nbFoundSolutions=1
        upperBound=9223372036854775807
          =>  wckTime=2.352  cpuTime=2.897  mem=48M347

   
   global
        nbConstraintChecks=489  nbEffectivePropagations=483  nbRevisions=5011  nbUselessRevisions=4529  nbRestartNogoods=0  solvingWckTime=2.353
        expiredTime=no  totalExploration=no  nbFoundSolutions=1  firstSolutionCpuTime=2.893  Stop=REACHED_GOAL
          =>  wckTime=2.872  cpuTime=2.897  mem=48M347

s SATISFIABLE
v X0=54 X1=42 X2=179 X3=178 X4=113 X5=21 X6=104 X7=184 X8=19 X9=154 X10=47 X11=129 X12=90 X13=198 X14=171 X15=134 X16=172 X17=141 X18=187 X19=197 X20=127 X21=102 X22=71 X23=151 X24=118 X25=194 X26=69 X27=66 X28=59 X29=5 X30=18 X31=158 X32=146 X33=155 X34=37 X35=85 X36=88 X37=64 X38=96 X39=33 X40=43 X41=38 X42=130 X43=67 X44=26 X45=57 X46=163 X47=68 X48=161 X49=14 X50=190 X51=169 X52=87 X53=188 X54=91 X55=97 X56=139 X57=25 X58=183 X59=128 X60=110 X61=24 X62=159 X63=35 X64=156 X65=16 X66=99 X67=177 X68=135 X69=46 X70=185 X71=58 X72=4 X73=86 X74=176 X75=149 X76=148 X77=166 X78=55 X79=1 X80=76 X81=145 X82=131 X83=65 X84=100 X85=170 X86=28 X87=77 X88=173 X89=103 X90=17 X91=13 X92=199 X93=125 X94=22 X95=111 X96=162 X97=95 X98=122 X99=193 X100=142 X101=114 X102=136 X103=167 X104=143 X105=6 X106=8 X107=117 X108=62 X109=49 X110=174 X111=30 X112=168 X113=29 X114=10 X115=0 X116=53 X117=144 X118=105 X119=116 X120=126 X121=115 X122=121 X123=109 X124=182 X125=147 X126=157 X127=123 X128=63 X129=39 X130=7 X131=160 X132=94 X133=45 X134=119 X135=150 X136=48 X137=70 X138=83 X139=36 X140=120 X141=84 X142=72 X143=107 X144=31 X145=11 X146=79 X147=180 X148=32 X149=41 X150=9 X151=153 X152=138 X153=56 X154=44 X155=40 X156=191 X157=196 X158=92 X159=112 X160=181 X161=93 X162=195 X163=75 X164=175 X165=164 X166=27 X167=60 X168=50 X169=34 X170=80 X171=3 X172=51 X173=12 X174=152 X175=2 X176=74 X177=78 X178=189 X179=165 
d NODES 358

   totalWckTime=2.782  totalCpuTime=2.898
