
   AbsCon 1.41 (January, 2014) - defaultConfiguration

   
   instance
        framework=CSP  name=Isomorphism-/cluster/gpg/ciaran/sip-benchmarks/benchmarks/scalefree/A.18/pattern-/cluster/gpg/ciaran/sip-benchmarks/benchmarks/scalefree/A.18/target
        parameters=/cluster/gpg/ciaran/sip-benchmarks/benchmarks/scalefree/A.18/pattern,/cluster/gpg/ciaran/sip-benchmarks/benchmarks/scalefree/A.18/target
      

   loading variables...
        nbVariables=180  nbDomainTypes=1  nbTotalValues=36000  domainSizes=(200:180)
          =>  wckTime=0.287  cpuTime=0.345  mem=4M493

   loading objectives...

   loading constraints...
        nbConstraints=494  nbSpecificConstraints=1  nbExtensionStructures=(1,shared:492)  nbConflictsStructures=(1,shared:492,unbuilt:1)
        degrees=(3:2)(4:4)(5:25)...(7:55)(8:20)(9:10)  arities=(2:493)(180:1)  types=(AllDifferent:1)(ConstraintHardExtensionV-Bits:493)
          =>  wckTime=0.433  cpuTime=0.48  mem=16M411

   INFO : <!-- Start saving the XML representation -->

   INFO : <!-- Stop saving the XML representation of target.xml -->

   Solver SolverBacktrack being built... 
          =>  wckTime=0.703  cpuTime=0.711  mem=22M208

    instantiation X0=50 X1=141 X2=89 X3=100 X4=198 X5=103 X6=80 X7=66 X8=160 X9=176 X10=92 X11=18 X12=7 X13=164 X14=130 X15=64 X16=187 X17=161 X18=134 X19=175 X20=163 X21=2 X22=65 X23=26 X24=120 X25=99 X26=1 X27=84 X28=179 X29=96 X30=24 X31=98 X32=125 X33=189 X34=10 X35=91 X36=135 X37=129 X38=196 X39=113 X40=68 X41=159 X42=157 X43=152 X44=95 X45=29 X46=43 X47=117 X48=47 X49=8 X50=77 X51=143 X52=190 X53=177 X54=69 X55=102 X56=158 X57=108 X58=151 X59=85 X60=181 X61=168 X62=182 X63=59 X64=53 X65=94 X66=167 X67=174 X68=5 X69=110 X70=81 X71=138 X72=57 X73=82 X74=156 X75=13 X76=70 X77=86 X78=121 X79=20 X80=184 X81=166 X82=140 X83=101 X84=12 X85=180 X86=40 X87=32 X88=17 X89=46 X90=195 X91=162 X92=58 X93=27 X94=55 X95=147 X96=170 X97=31 X98=30 X99=178 X100=123 X101=105 X102=56 X103=25 X104=192 X105=28 X106=19 X107=153 X108=3 X109=183 X110=73 X111=173 X112=88 X113=21 X114=23 X115=191 X116=14 X117=116 X118=155 X119=133 X120=154 X121=107 X122=45 X123=51 X124=22 X125=33 X126=71 X127=169 X128=144 X129=41 X130=185 X131=112 X132=186 X133=128 X134=109 X135=139 X136=87 X137=124 X138=54 X139=0 X140=127 X141=199 X142=83 X143=67 X144=60 X145=149 X146=35 X147=16 X148=39 X149=114 X150=172 X151=52 X152=131 X153=44 X154=148 X155=90 X156=93 X157=171 X158=79 X159=36 X160=137 X161=106 X162=74 X163=194 X164=132 X165=61 X166=142 X167=15 X168=38 X169=75 X170=150 X171=118 X172=63 X173=37 X174=78 X175=197 X176=34 X177=111 X178=72 X179=4 

    solution X0=50 X1=141 X2=89 X3=100 X4=198 X5=103 X6=80 X7=66 X8=160 X9=176 X10=92 X11=18 X12=7 X13=164 X14=130 X15=64 X16=187 X17=161 X18=134 X19=175 X20=163 X21=2 X22=65 X23=26 X24=120 X25=99 X26=1 X27=84 X28=179 X29=96 X30=24 X31=98 X32=125 X33=189 X34=10 X35=91 X36=135 X37=129 X38=196 X39=113 X40=68 X41=159 X42=157 X43=152 X44=95 X45=29 X46=43 X47=117 X48=47 X49=8 X50=77 X51=143 X52=190 X53=177 X54=69 X55=102 X56=158 X57=108 X58=151 X59=85 X60=181 X61=168 X62=182 X63=59 X64=53 X65=94 X66=167 X67=174 X68=5 X69=110 X70=81 X71=138 X72=57 X73=82 X74=156 X75=13 X76=70 X77=86 X78=121 X79=20 X80=184 X81=166 X82=140 X83=101 X84=12 X85=180 X86=40 X87=32 X88=17 X89=46 X90=195 X91=162 X92=58 X93=27 X94=55 X95=147 X96=170 X97=31 X98=30 X99=178 X100=123 X101=105 X102=56 X103=25 X104=192 X105=28 X106=19 X107=153 X108=3 X109=183 X110=73 X111=173 X112=88 X113=21 X114=23 X115=191 X116=14 X117=116 X118=155 X119=133 X120=154 X121=107 X122=45 X123=51 X124=22 X125=33 X126=71 X127=169 X128=144 X129=41 X130=185 X131=112 X132=186 X133=128 X134=109 X135=139 X136=87 X137=124 X138=54 X139=0 X140=127 X141=199 X142=83 X143=67 X144=60 X145=149 X146=35 X147=16 X148=39 X149=114 X150=172 X151=52 X152=131 X153=44 X154=148 X155=90 X156=93 X157=171 X158=79 X159=36 X160=137 X161=106 X162=74 X163=194 X164=132 X165=61 X166=142 X167=15 X168=38 X169=75 X170=150 X171=118 X172=63 X173=37 X174=78 X175=197 X176=34 X177=111 X178=72 X179=4 

   
   search
        run=0  nbConstraintChecks=494  depth=(min:0,max:179,avg:1)  nbEffectivePropagations=1470  nbRevisions=9501  nbUselessRevisions=8031
        nbAssignments=378  nbFailedAssignments=198  nbBacktracks=0  nbVisitedNodes=577  nbRestartNogoods=0  nbFoundSolutions=1
        upperBound=9223372036854775807
          =>  wckTime=3.225  cpuTime=3.85  mem=92M137

   
   global
        nbConstraintChecks=494  nbEffectivePropagations=1470  nbRevisions=9501  nbUselessRevisions=8031  nbRestartNogoods=0  solvingWckTime=3.225
        expiredTime=no  totalExploration=no  nbFoundSolutions=1  firstSolutionCpuTime=3.845  Stop=REACHED_GOAL
          =>  wckTime=3.929  cpuTime=3.85  mem=92M137

s SATISFIABLE
v X0=50 X1=141 X2=89 X3=100 X4=198 X5=103 X6=80 X7=66 X8=160 X9=176 X10=92 X11=18 X12=7 X13=164 X14=130 X15=64 X16=187 X17=161 X18=134 X19=175 X20=163 X21=2 X22=65 X23=26 X24=120 X25=99 X26=1 X27=84 X28=179 X29=96 X30=24 X31=98 X32=125 X33=189 X34=10 X35=91 X36=135 X37=129 X38=196 X39=113 X40=68 X41=159 X42=157 X43=152 X44=95 X45=29 X46=43 X47=117 X48=47 X49=8 X50=77 X51=143 X52=190 X53=177 X54=69 X55=102 X56=158 X57=108 X58=151 X59=85 X60=181 X61=168 X62=182 X63=59 X64=53 X65=94 X66=167 X67=174 X68=5 X69=110 X70=81 X71=138 X72=57 X73=82 X74=156 X75=13 X76=70 X77=86 X78=121 X79=20 X80=184 X81=166 X82=140 X83=101 X84=12 X85=180 X86=40 X87=32 X88=17 X89=46 X90=195 X91=162 X92=58 X93=27 X94=55 X95=147 X96=170 X97=31 X98=30 X99=178 X100=123 X101=105 X102=56 X103=25 X104=192 X105=28 X106=19 X107=153 X108=3 X109=183 X110=73 X111=173 X112=88 X113=21 X114=23 X115=191 X116=14 X117=116 X118=155 X119=133 X120=154 X121=107 X122=45 X123=51 X124=22 X125=33 X126=71 X127=169 X128=144 X129=41 X130=185 X131=112 X132=186 X133=128 X134=109 X135=139 X136=87 X137=124 X138=54 X139=0 X140=127 X141=199 X142=83 X143=67 X144=60 X145=149 X146=35 X147=16 X148=39 X149=114 X150=172 X151=52 X152=131 X153=44 X154=148 X155=90 X156=93 X157=171 X158=79 X159=36 X160=137 X161=106 X162=74 X163=194 X164=132 X165=61 X166=142 X167=15 X168=38 X169=75 X170=150 X171=118 X172=63 X173=37 X174=78 X175=197 X176=34 X177=111 X178=72 X179=4 
d NODES 378

   totalWckTime=3.758  totalCpuTime=3.851
