
   AbsCon 1.41 (January, 2014) - defaultConfiguration

   
   instance
        framework=CSP  name=Isomorphism-/cluster/gpg/ciaran/sip-benchmarks/benchmarks/scalefree/A.19/pattern-/cluster/gpg/ciaran/sip-benchmarks/benchmarks/scalefree/A.19/target
        parameters=/cluster/gpg/ciaran/sip-benchmarks/benchmarks/scalefree/A.19/pattern,/cluster/gpg/ciaran/sip-benchmarks/benchmarks/scalefree/A.19/target
      

   loading variables...
        nbVariables=180  nbDomainTypes=1  nbTotalValues=36000  domainSizes=(200:180)
          =>  wckTime=0.201  cpuTime=0.318  mem=4M366

   loading objectives...

   loading constraints...
        nbConstraints=479  nbSpecificConstraints=1  nbExtensionStructures=(1,shared:477)  nbConflictsStructures=(1,shared:477,unbuilt:1)
        degrees=(4:6)(5:40)(6:67)(7:38)(8:17)(9:12)  arities=(2:478)(180:1)  types=(AllDifferent:1)(ConstraintHardExtensionV-Bits:478)
          =>  wckTime=0.315  cpuTime=0.43  mem=16M262

   INFO : <!-- Start saving the XML representation -->

   INFO : <!-- Stop saving the XML representation of target.xml -->

   Solver SolverBacktrack being built... 
          =>  wckTime=0.546  cpuTime=0.628  mem=22M280

    instantiation X0=45 X1=146 X2=153 X3=194 X4=49 X5=144 X6=62 X7=22 X8=130 X9=107 X10=94 X11=190 X12=47 X13=29 X14=150 X15=115 X16=195 X17=12 X18=14 X19=160 X20=157 X21=77 X22=126 X23=58 X24=9 X25=3 X26=103 X27=175 X28=52 X29=154 X30=198 X31=20 X32=169 X33=134 X34=177 X35=95 X36=117 X37=93 X38=86 X39=27 X40=79 X41=40 X42=148 X43=36 X44=18 X45=167 X46=33 X47=88 X48=192 X49=182 X50=119 X51=41 X52=100 X53=19 X54=108 X55=44 X56=143 X57=125 X58=67 X59=149 X60=124 X61=39 X62=84 X63=176 X64=66 X65=197 X66=199 X67=26 X68=15 X69=147 X70=189 X71=87 X72=54 X73=38 X74=142 X75=196 X76=37 X77=165 X78=89 X79=35 X80=4 X81=155 X82=179 X83=42 X84=28 X85=96 X86=156 X87=59 X88=85 X89=55 X90=11 X91=1 X92=48 X93=120 X94=10 X95=73 X96=63 X97=61 X98=110 X99=178 X100=166 X101=170 X102=141 X103=113 X104=135 X105=74 X106=181 X107=78 X108=164 X109=131 X110=81 X111=193 X112=60 X113=25 X114=2 X115=183 X116=180 X117=56 X118=90 X119=24 X120=71 X121=116 X122=57 X123=138 X124=16 X125=188 X126=17 X127=75 X128=30 X129=104 X130=98 X131=171 X132=145 X133=106 X134=112 X135=72 X136=102 X137=174 X138=136 X139=70 X140=32 X141=114 X142=128 X143=139 X144=23 X145=187 X146=53 X147=185 X148=50 X149=92 X150=8 X151=118 X152=121 X153=173 X154=7 X155=64 X156=68 X157=122 X158=0 X159=127 X160=99 X161=97 X162=163 X163=69 X164=65 X165=80 X166=51 X167=152 X168=31 X169=5 X170=43 X171=6 X172=111 X173=101 X174=186 X175=129 X176=151 X177=184 X178=123 X179=21 

    solution X0=45 X1=146 X2=153 X3=194 X4=49 X5=144 X6=62 X7=22 X8=130 X9=107 X10=94 X11=190 X12=47 X13=29 X14=150 X15=115 X16=195 X17=12 X18=14 X19=160 X20=157 X21=77 X22=126 X23=58 X24=9 X25=3 X26=103 X27=175 X28=52 X29=154 X30=198 X31=20 X32=169 X33=134 X34=177 X35=95 X36=117 X37=93 X38=86 X39=27 X40=79 X41=40 X42=148 X43=36 X44=18 X45=167 X46=33 X47=88 X48=192 X49=182 X50=119 X51=41 X52=100 X53=19 X54=108 X55=44 X56=143 X57=125 X58=67 X59=149 X60=124 X61=39 X62=84 X63=176 X64=66 X65=197 X66=199 X67=26 X68=15 X69=147 X70=189 X71=87 X72=54 X73=38 X74=142 X75=196 X76=37 X77=165 X78=89 X79=35 X80=4 X81=155 X82=179 X83=42 X84=28 X85=96 X86=156 X87=59 X88=85 X89=55 X90=11 X91=1 X92=48 X93=120 X94=10 X95=73 X96=63 X97=61 X98=110 X99=178 X100=166 X101=170 X102=141 X103=113 X104=135 X105=74 X106=181 X107=78 X108=164 X109=131 X110=81 X111=193 X112=60 X113=25 X114=2 X115=183 X116=180 X117=56 X118=90 X119=24 X120=71 X121=116 X122=57 X123=138 X124=16 X125=188 X126=17 X127=75 X128=30 X129=104 X130=98 X131=171 X132=145 X133=106 X134=112 X135=72 X136=102 X137=174 X138=136 X139=70 X140=32 X141=114 X142=128 X143=139 X144=23 X145=187 X146=53 X147=185 X148=50 X149=92 X150=8 X151=118 X152=121 X153=173 X154=7 X155=64 X156=68 X157=122 X158=0 X159=127 X160=99 X161=97 X162=163 X163=69 X164=65 X165=80 X166=51 X167=152 X168=31 X169=5 X170=43 X171=6 X172=111 X173=101 X174=186 X175=129 X176=151 X177=184 X178=123 X179=21 

   
   search
        run=0  nbConstraintChecks=479  depth=(min:0,max:179,avg:1)  nbEffectivePropagations=805  nbRevisions=6618  nbUselessRevisions=5813
        nbAssignments=374  nbFailedAssignments=194  nbBacktracks=0  nbVisitedNodes=569  nbRestartNogoods=0  nbFoundSolutions=1
        upperBound=9223372036854775807
          =>  wckTime=3.46  cpuTime=4.009  mem=122M806

   
   global
        nbConstraintChecks=479  nbEffectivePropagations=805  nbRevisions=6618  nbUselessRevisions=5813  nbRestartNogoods=0  solvingWckTime=3.461
        expiredTime=no  totalExploration=no  nbFoundSolutions=1  firstSolutionCpuTime=4.005  Stop=REACHED_GOAL
          =>  wckTime=4.008  cpuTime=4.009  mem=122M806

s SATISFIABLE
v X0=45 X1=146 X2=153 X3=194 X4=49 X5=144 X6=62 X7=22 X8=130 X9=107 X10=94 X11=190 X12=47 X13=29 X14=150 X15=115 X16=195 X17=12 X18=14 X19=160 X20=157 X21=77 X22=126 X23=58 X24=9 X25=3 X26=103 X27=175 X28=52 X29=154 X30=198 X31=20 X32=169 X33=134 X34=177 X35=95 X36=117 X37=93 X38=86 X39=27 X40=79 X41=40 X42=148 X43=36 X44=18 X45=167 X46=33 X47=88 X48=192 X49=182 X50=119 X51=41 X52=100 X53=19 X54=108 X55=44 X56=143 X57=125 X58=67 X59=149 X60=124 X61=39 X62=84 X63=176 X64=66 X65=197 X66=199 X67=26 X68=15 X69=147 X70=189 X71=87 X72=54 X73=38 X74=142 X75=196 X76=37 X77=165 X78=89 X79=35 X80=4 X81=155 X82=179 X83=42 X84=28 X85=96 X86=156 X87=59 X88=85 X89=55 X90=11 X91=1 X92=48 X93=120 X94=10 X95=73 X96=63 X97=61 X98=110 X99=178 X100=166 X101=170 X102=141 X103=113 X104=135 X105=74 X106=181 X107=78 X108=164 X109=131 X110=81 X111=193 X112=60 X113=25 X114=2 X115=183 X116=180 X117=56 X118=90 X119=24 X120=71 X121=116 X122=57 X123=138 X124=16 X125=188 X126=17 X127=75 X128=30 X129=104 X130=98 X131=171 X132=145 X133=106 X134=112 X135=72 X136=102 X137=174 X138=136 X139=70 X140=32 X141=114 X142=128 X143=139 X144=23 X145=187 X146=53 X147=185 X148=50 X149=92 X150=8 X151=118 X152=121 X153=173 X154=7 X155=64 X156=68 X157=122 X158=0 X159=127 X160=99 X161=97 X162=163 X163=69 X164=65 X165=80 X166=51 X167=152 X168=31 X169=5 X170=43 X171=6 X172=111 X173=101 X174=186 X175=129 X176=151 X177=184 X178=123 X179=21 
d NODES 374

   totalWckTime=3.901  totalCpuTime=4.01
