
   AbsCon 1.41 (January, 2014) - defaultConfiguration

   
   instance
        framework=CSP  name=Isomorphism-/cluster/gpg/ciaran/sip-benchmarks/benchmarks/scalefree/A.20/pattern-/cluster/gpg/ciaran/sip-benchmarks/benchmarks/scalefree/A.20/target
        parameters=/cluster/gpg/ciaran/sip-benchmarks/benchmarks/scalefree/A.20/pattern,/cluster/gpg/ciaran/sip-benchmarks/benchmarks/scalefree/A.20/target
      

   loading variables...
        nbVariables=180  nbDomainTypes=1  nbTotalValues=36000  domainSizes=(200:180)
          =>  wckTime=0.257  cpuTime=0.365  mem=4M309

   loading objectives...

   loading constraints...
        nbConstraints=486  nbSpecificConstraints=1  nbExtensionStructures=(1,shared:484)  nbConflictsStructures=(1,shared:484,unbuilt:1)
        degrees=(3:1)(4:11)(5:27)...(7:42)(8:25)(9:10)  arities=(2:485)(180:1)  types=(AllDifferent:1)(ConstraintHardExtensionV-Bits:485)
          =>  wckTime=0.39  cpuTime=0.494  mem=16M28

   INFO : <!-- Start saving the XML representation -->

   INFO : <!-- Stop saving the XML representation of target.xml -->

   Solver SolverBacktrack being built... 
          =>  wckTime=0.659  cpuTime=0.723  mem=21M978

    instantiation X0=136 X1=138 X2=168 X3=182 X4=2 X5=167 X6=173 X7=171 X8=97 X9=3 X10=11 X11=128 X12=148 X13=186 X14=21 X15=131 X16=135 X17=71 X18=98 X19=35 X20=1 X21=73 X22=81 X23=31 X24=157 X25=20 X26=80 X27=91 X28=188 X29=33 X30=107 X31=30 X32=114 X33=77 X34=105 X35=122 X36=121 X37=115 X38=103 X39=193 X40=65 X41=43 X42=67 X43=28 X44=143 X45=17 X46=124 X47=96 X48=118 X49=176 X50=32 X51=66 X52=190 X53=16 X54=111 X55=25 X56=146 X57=184 X58=93 X59=116 X60=22 X61=191 X62=44 X63=76 X64=159 X65=88 X66=123 X67=140 X68=166 X69=53 X70=109 X71=192 X72=180 X73=175 X74=189 X75=110 X76=12 X77=54 X78=155 X79=160 X80=137 X81=130 X82=104 X83=75 X84=90 X85=45 X86=181 X87=165 X88=153 X89=64 X90=82 X91=47 X92=84 X93=24 X94=142 X95=87 X96=198 X97=29 X98=179 X99=26 X100=117 X101=174 X102=37 X103=100 X104=41 X105=52 X106=183 X107=5 X108=152 X109=154 X110=120 X111=127 X112=134 X113=145 X114=108 X115=63 X116=14 X117=19 X118=58 X119=62 X120=7 X121=59 X122=196 X123=18 X124=86 X125=119 X126=27 X127=94 X128=38 X129=92 X130=57 X131=36 X132=113 X133=89 X134=101 X135=23 X136=150 X137=83 X138=56 X139=132 X140=151 X141=195 X142=60 X143=39 X144=161 X145=162 X146=126 X147=106 X148=185 X149=4 X150=149 X151=61 X152=194 X153=187 X154=9 X155=141 X156=133 X157=50 X158=15 X159=177 X160=112 X161=8 X162=70 X163=69 X164=169 X165=85 X166=6 X167=55 X168=78 X169=51 X170=40 X171=34 X172=139 X173=95 X174=199 X175=48 X176=163 X177=178 X178=144 X179=125 

    solution X0=136 X1=138 X2=168 X3=182 X4=2 X5=167 X6=173 X7=171 X8=97 X9=3 X10=11 X11=128 X12=148 X13=186 X14=21 X15=131 X16=135 X17=71 X18=98 X19=35 X20=1 X21=73 X22=81 X23=31 X24=157 X25=20 X26=80 X27=91 X28=188 X29=33 X30=107 X31=30 X32=114 X33=77 X34=105 X35=122 X36=121 X37=115 X38=103 X39=193 X40=65 X41=43 X42=67 X43=28 X44=143 X45=17 X46=124 X47=96 X48=118 X49=176 X50=32 X51=66 X52=190 X53=16 X54=111 X55=25 X56=146 X57=184 X58=93 X59=116 X60=22 X61=191 X62=44 X63=76 X64=159 X65=88 X66=123 X67=140 X68=166 X69=53 X70=109 X71=192 X72=180 X73=175 X74=189 X75=110 X76=12 X77=54 X78=155 X79=160 X80=137 X81=130 X82=104 X83=75 X84=90 X85=45 X86=181 X87=165 X88=153 X89=64 X90=82 X91=47 X92=84 X93=24 X94=142 X95=87 X96=198 X97=29 X98=179 X99=26 X100=117 X101=174 X102=37 X103=100 X104=41 X105=52 X106=183 X107=5 X108=152 X109=154 X110=120 X111=127 X112=134 X113=145 X114=108 X115=63 X116=14 X117=19 X118=58 X119=62 X120=7 X121=59 X122=196 X123=18 X124=86 X125=119 X126=27 X127=94 X128=38 X129=92 X130=57 X131=36 X132=113 X133=89 X134=101 X135=23 X136=150 X137=83 X138=56 X139=132 X140=151 X141=195 X142=60 X143=39 X144=161 X145=162 X146=126 X147=106 X148=185 X149=4 X150=149 X151=61 X152=194 X153=187 X154=9 X155=141 X156=133 X157=50 X158=15 X159=177 X160=112 X161=8 X162=70 X163=69 X164=169 X165=85 X166=6 X167=55 X168=78 X169=51 X170=40 X171=34 X172=139 X173=95 X174=199 X175=48 X176=163 X177=178 X178=144 X179=125 

   
   search
        run=0  nbConstraintChecks=486  depth=(min:0,max:179,avg:1)  nbEffectivePropagations=794  nbRevisions=6729  nbUselessRevisions=5935
        nbAssignments=373  nbFailedAssignments=193  nbBacktracks=0  nbVisitedNodes=567  nbRestartNogoods=0  nbFoundSolutions=1
        upperBound=9223372036854775807
          =>  wckTime=4.056  cpuTime=4.737  mem=101M515

   
   global
        nbConstraintChecks=486  nbEffectivePropagations=794  nbRevisions=6729  nbUselessRevisions=5935  nbRestartNogoods=0  solvingWckTime=4.057
        expiredTime=no  totalExploration=no  nbFoundSolutions=1  firstSolutionCpuTime=4.731  Stop=REACHED_GOAL
          =>  wckTime=4.717  cpuTime=4.738  mem=101M515

s SATISFIABLE
v X0=136 X1=138 X2=168 X3=182 X4=2 X5=167 X6=173 X7=171 X8=97 X9=3 X10=11 X11=128 X12=148 X13=186 X14=21 X15=131 X16=135 X17=71 X18=98 X19=35 X20=1 X21=73 X22=81 X23=31 X24=157 X25=20 X26=80 X27=91 X28=188 X29=33 X30=107 X31=30 X32=114 X33=77 X34=105 X35=122 X36=121 X37=115 X38=103 X39=193 X40=65 X41=43 X42=67 X43=28 X44=143 X45=17 X46=124 X47=96 X48=118 X49=176 X50=32 X51=66 X52=190 X53=16 X54=111 X55=25 X56=146 X57=184 X58=93 X59=116 X60=22 X61=191 X62=44 X63=76 X64=159 X65=88 X66=123 X67=140 X68=166 X69=53 X70=109 X71=192 X72=180 X73=175 X74=189 X75=110 X76=12 X77=54 X78=155 X79=160 X80=137 X81=130 X82=104 X83=75 X84=90 X85=45 X86=181 X87=165 X88=153 X89=64 X90=82 X91=47 X92=84 X93=24 X94=142 X95=87 X96=198 X97=29 X98=179 X99=26 X100=117 X101=174 X102=37 X103=100 X104=41 X105=52 X106=183 X107=5 X108=152 X109=154 X110=120 X111=127 X112=134 X113=145 X114=108 X115=63 X116=14 X117=19 X118=58 X119=62 X120=7 X121=59 X122=196 X123=18 X124=86 X125=119 X126=27 X127=94 X128=38 X129=92 X130=57 X131=36 X132=113 X133=89 X134=101 X135=23 X136=150 X137=83 X138=56 X139=132 X140=151 X141=195 X142=60 X143=39 X144=161 X145=162 X146=126 X147=106 X148=185 X149=4 X150=149 X151=61 X152=194 X153=187 X154=9 X155=141 X156=133 X157=50 X158=15 X159=177 X160=112 X161=8 X162=70 X163=69 X164=169 X165=85 X166=6 X167=55 X168=78 X169=51 X170=40 X171=34 X172=139 X173=95 X174=199 X175=48 X176=163 X177=178 X178=144 X179=125 
d NODES 373

   totalWckTime=4.574  totalCpuTime=4.738
