
   AbsCon 1.41 (January, 2014) - defaultConfiguration

   
   instance
        framework=CSP  name=Isomorphism-/cluster/gpg/ciaran/sip-benchmarks/benchmarks/scalefree/E.01/pattern-/cluster/gpg/ciaran/sip-benchmarks/benchmarks/scalefree/E.01/target
        parameters=/cluster/gpg/ciaran/sip-benchmarks/benchmarks/scalefree/E.01/pattern,/cluster/gpg/ciaran/sip-benchmarks/benchmarks/scalefree/E.01/target
      

   loading variables...
        nbVariables=270  nbDomainTypes=1  nbTotalValues=81000  domainSizes=(300:270)
          =>  wckTime=0.221  cpuTime=0.33  mem=8M820

   loading objectives...

   loading constraints...
        nbConstraints=5667  nbSpecificConstraints=1  nbExtensionStructures=(3,shared:5663)  nbConflictsStructures=(1,shared:5663,unbuilt:3)
        degrees=(15:1)(19:3)(20:11)...(173:1)(184:1)(224:2)  arities=(1:2)(2:5664)(270:1)  types=(AllDifferent:1)(ConstraintHardExtensionV-Bits:5664)(ConstraintHardExtensionV-Table:2)
        tables=(0:2)  nbTotalTuples=0
          =>  wckTime=1.736  cpuTime=1.799  mem=69M653

   INFO : <!-- Start saving the XML representation -->

   INFO : <!-- Stop saving the XML representation of target.xml -->

   Solver SolverBacktrack being built... 
          =>  wckTime=2.067  cpuTime=2.099  mem=106M149

   
   search
        run=0  nbConstraintChecks=296  depth=(min:0,max:0,avg:1)  nbEffectivePropagations=224  nbRevisions=62218  nbUselessRevisions=61994
        nbAssignments=298  nbFailedAssignments=298  nbBacktracks=1  nbVisitedNodes=597  nbRestartNogoods=0
          =>  wckTime=36.286  cpuTime=38.262  mem=179M597

   
   global
        nbConstraintChecks=296  nbEffectivePropagations=224  nbRevisions=62218  nbUselessRevisions=61994  nbRestartNogoods=0
        solvingWckTime=36.286  expiredTime=no  totalExploration=yes  nbFoundSolutions=0  Stop=FULL_EXPLORATION
          =>  wckTime=38.354  cpuTime=38.263  mem=179M597

s UNSATISFIABLE
d NODES 298

   totalWckTime=38.26  totalCpuTime=38.263
