
   AbsCon 1.41 (January, 2014) - defaultConfiguration

   
   instance
        framework=CSP  name=Isomorphism-/cluster/gpg/ciaran/sip-benchmarks/benchmarks/scalefree/E.07/pattern-/cluster/gpg/ciaran/sip-benchmarks/benchmarks/scalefree/E.07/target
        parameters=/cluster/gpg/ciaran/sip-benchmarks/benchmarks/scalefree/E.07/pattern,/cluster/gpg/ciaran/sip-benchmarks/benchmarks/scalefree/E.07/target
      

   loading variables...
        nbVariables=270  nbDomainTypes=1  nbTotalValues=81000  domainSizes=(300:270)
          =>  wckTime=0.21  cpuTime=0.321  mem=7M523

   loading objectives...

   loading constraints...
        nbConstraints=5389  nbSpecificConstraints=1  nbExtensionStructures=(3,shared:5385)  nbConflictsStructures=(1,shared:5385,unbuilt:3)
        degrees=(17:1)(18:2)(19:4)...(158:1)(165:1)(184:1)  arities=(1:2)(2:5386)(270:1)  types=(AllDifferent:1)(ConstraintHardExtensionV-Bits:5386)(ConstraintHardExtensionV-Table:2)
        tables=(0:2)  nbTotalTuples=0
          =>  wckTime=1.68  cpuTime=1.731  mem=66M46

   INFO : <!-- Start saving the XML representation -->

   INFO : <!-- Stop saving the XML representation of target.xml -->

   Solver SolverBacktrack being built... 
          =>  wckTime=1.998  cpuTime=2.017  mem=101M807

   
   search
        run=0  nbConstraintChecks=298  depth=(min:0,max:0,avg:1)  nbEffectivePropagations=184  nbRevisions=50326  nbUselessRevisions=50142
        nbAssignments=294  nbFailedAssignments=294  nbBacktracks=1  nbVisitedNodes=589  nbRestartNogoods=0
          =>  wckTime=42.821  cpuTime=44.8  mem=276M584

   
   global
        nbConstraintChecks=298  nbEffectivePropagations=184  nbRevisions=50326  nbUselessRevisions=50142  nbRestartNogoods=0
        solvingWckTime=42.821  expiredTime=no  totalExploration=yes  nbFoundSolutions=0  Stop=FULL_EXPLORATION
          =>  wckTime=44.819  cpuTime=44.8  mem=276M584

s UNSATISFIABLE
d NODES 294

   totalWckTime=44.721  totalCpuTime=44.801
