
   AbsCon 1.41 (January, 2014) - defaultConfiguration

   
   instance
        framework=CSP  name=Isomorphism-/cluster/gpg/ciaran/sip-benchmarks/benchmarks/scalefree/E.10/pattern-/cluster/gpg/ciaran/sip-benchmarks/benchmarks/scalefree/E.10/target
        parameters=/cluster/gpg/ciaran/sip-benchmarks/benchmarks/scalefree/E.10/pattern,/cluster/gpg/ciaran/sip-benchmarks/benchmarks/scalefree/E.10/target
      

   loading variables...
        nbVariables=270  nbDomainTypes=1  nbTotalValues=81000  domainSizes=(300:270)
          =>  wckTime=0.22  cpuTime=0.331  mem=8M173

   loading objectives...

   loading constraints...
        nbConstraints=5526  nbSpecificConstraints=1  nbExtensionStructures=(1,shared:5524)  nbConflictsStructures=(1,shared:5524,unbuilt:1)
        degrees=(18:4)(19:4)(20:20)...(208:1)(250:1)(266:1)  arities=(2:5525)(270:1)  types=(AllDifferent:1)(ConstraintHardExtensionV-Bits:5525)
          =>  wckTime=1.655  cpuTime=1.72  mem=92M345

   INFO : <!-- Start saving the XML representation -->

   INFO : <!-- Stop saving the XML representation of target.xml -->

   Solver SolverBacktrack being built... 
          =>  wckTime=1.983  cpuTime=2.007  mem=128M509

    instantiation X0=49 X1=103 X2=104 X3=244 X4=95 X5=254 X6=112 X7=255 X8=169 X9=144 X10=288 X11=204 X12=236 X13=12 X14=70 X15=55 X16=270 X17=224 X18=43 X19=294 X20=50 X21=154 X22=208 X23=261 X24=193 X25=142 X26=76 X27=179 X28=195 X29=9 X30=24 X31=209 X32=199 X33=91 X34=223 X35=275 X36=116 X37=253 X38=127 X39=226 X40=267 X41=107 X42=249 X43=110 X44=114 X45=40 X46=2 X47=173 X48=113 X49=27 X50=243 X51=129 X52=63 X53=22 X54=242 X55=109 X56=108 X57=284 X58=105 X59=265 X60=152 X61=235 X62=58 X63=292 X64=259 X65=99 X66=164 X67=289 X68=139 X69=57 X70=183 X71=250 X72=11 X73=75 X74=283 X75=180 X76=89 X77=172 X78=274 X79=187 X80=155 X81=299 X82=248 X83=151 X84=225 X85=260 X86=214 X87=3 X88=252 X89=69 X90=166 X91=7 X92=298 X93=168 X94=246 X95=241 X96=143 X97=216 X98=106 X99=56 X100=136 X101=121 X102=171 X103=98 X104=286 X105=34 X106=119 X107=229 X108=123 X109=165 X110=80 X111=247 X112=36 X113=38 X114=257 X115=52 X116=17 X117=176 X118=48 X119=207 X120=202 X121=60 X122=83 X123=29 X124=46 X125=33 X126=31 X127=6 X128=74 X129=184 X130=86 X131=237 X132=10 X133=186 X134=157 X135=118 X136=282 X137=205 X138=188 X139=18 X140=146 X141=128 X142=13 X143=135 X144=200 X145=287 X146=94 X147=138 X148=100 X149=192 X150=170 X151=273 X152=206 X153=79 X154=175 X155=161 X156=82 X157=276 X158=145 X159=66 X160=231 X161=15 X162=32 X163=16 X164=35 X165=62 X166=122 X167=277 X168=162 X169=239 X170=97 X171=167 X172=233 X173=8 X174=102 X175=198 X176=87 X177=263 X178=44 X179=295 X180=201 X181=232 X182=126 X183=213 X184=51 X185=221 X186=297 X187=111 X188=101 X189=264 X190=156 X191=64 X192=228 X193=218 X194=177 X195=23 X196=181 X197=132 X198=296 X199=269 X200=37 X201=88 X202=194 X203=182 X204=54 X205=148 X206=78 X207=125 X208=0 X209=251 X210=210 X211=266 X212=131 X213=280 X214=240 X215=117 X216=93 X217=77 X218=5 X219=222 X220=178 X221=85 X222=153 X223=20 X224=293 X225=47 X226=67 X227=45 X228=258 X229=160 X230=271 X231=191 X232=81 X233=163 X234=279 X235=19 X236=14 X237=220 X238=61 X239=39 X240=41 X241=134 X242=203 X243=234 X244=71 X245=197 X246=189 X247=124 X248=96 X249=256 X250=215 X251=59 X252=290 X253=272 X254=281 X255=65 X256=4 X257=291 X258=285 X259=30 X260=268 X261=147 X262=1 X263=28 X264=73 X265=150 X266=262 X267=68 X268=196 X269=159 

    solution X0=49 X1=103 X2=104 X3=244 X4=95 X5=254 X6=112 X7=255 X8=169 X9=144 X10=288 X11=204 X12=236 X13=12 X14=70 X15=55 X16=270 X17=224 X18=43 X19=294 X20=50 X21=154 X22=208 X23=261 X24=193 X25=142 X26=76 X27=179 X28=195 X29=9 X30=24 X31=209 X32=199 X33=91 X34=223 X35=275 X36=116 X37=253 X38=127 X39=226 X40=267 X41=107 X42=249 X43=110 X44=114 X45=40 X46=2 X47=173 X48=113 X49=27 X50=243 X51=129 X52=63 X53=22 X54=242 X55=109 X56=108 X57=284 X58=105 X59=265 X60=152 X61=235 X62=58 X63=292 X64=259 X65=99 X66=164 X67=289 X68=139 X69=57 X70=183 X71=250 X72=11 X73=75 X74=283 X75=180 X76=89 X77=172 X78=274 X79=187 X80=155 X81=299 X82=248 X83=151 X84=225 X85=260 X86=214 X87=3 X88=252 X89=69 X90=166 X91=7 X92=298 X93=168 X94=246 X95=241 X96=143 X97=216 X98=106 X99=56 X100=136 X101=121 X102=171 X103=98 X104=286 X105=34 X106=119 X107=229 X108=123 X109=165 X110=80 X111=247 X112=36 X113=38 X114=257 X115=52 X116=17 X117=176 X118=48 X119=207 X120=202 X121=60 X122=83 X123=29 X124=46 X125=33 X126=31 X127=6 X128=74 X129=184 X130=86 X131=237 X132=10 X133=186 X134=157 X135=118 X136=282 X137=205 X138=188 X139=18 X140=146 X141=128 X142=13 X143=135 X144=200 X145=287 X146=94 X147=138 X148=100 X149=192 X150=170 X151=273 X152=206 X153=79 X154=175 X155=161 X156=82 X157=276 X158=145 X159=66 X160=231 X161=15 X162=32 X163=16 X164=35 X165=62 X166=122 X167=277 X168=162 X169=239 X170=97 X171=167 X172=233 X173=8 X174=102 X175=198 X176=87 X177=263 X178=44 X179=295 X180=201 X181=232 X182=126 X183=213 X184=51 X185=221 X186=297 X187=111 X188=101 X189=264 X190=156 X191=64 X192=228 X193=218 X194=177 X195=23 X196=181 X197=132 X198=296 X199=269 X200=37 X201=88 X202=194 X203=182 X204=54 X205=148 X206=78 X207=125 X208=0 X209=251 X210=210 X211=266 X212=131 X213=280 X214=240 X215=117 X216=93 X217=77 X218=5 X219=222 X220=178 X221=85 X222=153 X223=20 X224=293 X225=47 X226=67 X227=45 X228=258 X229=160 X230=271 X231=191 X232=81 X233=163 X234=279 X235=19 X236=14 X237=220 X238=61 X239=39 X240=41 X241=134 X242=203 X243=234 X244=71 X245=197 X246=189 X247=124 X248=96 X249=256 X250=215 X251=59 X252=290 X253=272 X254=281 X255=65 X256=4 X257=291 X258=285 X259=30 X260=268 X261=147 X262=1 X263=28 X264=73 X265=150 X266=262 X267=68 X268=196 X269=159 

   
   search
        run=0  nbConstraintChecks=5526  depth=(min:0,max:269,avg:1)  nbEffectivePropagations=284  nbRevisions=90245  nbUselessRevisions=89980
        nbAssignments=569  nbFailedAssignments=299  nbBacktracks=0  nbVisitedNodes=869  nbRestartNogoods=0  nbFoundSolutions=1
        upperBound=9223372036854775807
          =>  wckTime=58.028  cpuTime=59.948  mem=90M252

   
   global
        nbConstraintChecks=5526  nbEffectivePropagations=284  nbRevisions=90245  nbUselessRevisions=89980  nbRestartNogoods=0
        solvingWckTime=58.028  expiredTime=no  totalExploration=no  nbFoundSolutions=1  firstSolutionCpuTime=59.941  Stop=REACHED_GOAL
          =>  wckTime=60.012  cpuTime=59.949  mem=90M252

s SATISFIABLE
v X0=49 X1=103 X2=104 X3=244 X4=95 X5=254 X6=112 X7=255 X8=169 X9=144 X10=288 X11=204 X12=236 X13=12 X14=70 X15=55 X16=270 X17=224 X18=43 X19=294 X20=50 X21=154 X22=208 X23=261 X24=193 X25=142 X26=76 X27=179 X28=195 X29=9 X30=24 X31=209 X32=199 X33=91 X34=223 X35=275 X36=116 X37=253 X38=127 X39=226 X40=267 X41=107 X42=249 X43=110 X44=114 X45=40 X46=2 X47=173 X48=113 X49=27 X50=243 X51=129 X52=63 X53=22 X54=242 X55=109 X56=108 X57=284 X58=105 X59=265 X60=152 X61=235 X62=58 X63=292 X64=259 X65=99 X66=164 X67=289 X68=139 X69=57 X70=183 X71=250 X72=11 X73=75 X74=283 X75=180 X76=89 X77=172 X78=274 X79=187 X80=155 X81=299 X82=248 X83=151 X84=225 X85=260 X86=214 X87=3 X88=252 X89=69 X90=166 X91=7 X92=298 X93=168 X94=246 X95=241 X96=143 X97=216 X98=106 X99=56 X100=136 X101=121 X102=171 X103=98 X104=286 X105=34 X106=119 X107=229 X108=123 X109=165 X110=80 X111=247 X112=36 X113=38 X114=257 X115=52 X116=17 X117=176 X118=48 X119=207 X120=202 X121=60 X122=83 X123=29 X124=46 X125=33 X126=31 X127=6 X128=74 X129=184 X130=86 X131=237 X132=10 X133=186 X134=157 X135=118 X136=282 X137=205 X138=188 X139=18 X140=146 X141=128 X142=13 X143=135 X144=200 X145=287 X146=94 X147=138 X148=100 X149=192 X150=170 X151=273 X152=206 X153=79 X154=175 X155=161 X156=82 X157=276 X158=145 X159=66 X160=231 X161=15 X162=32 X163=16 X164=35 X165=62 X166=122 X167=277 X168=162 X169=239 X170=97 X171=167 X172=233 X173=8 X174=102 X175=198 X176=87 X177=263 X178=44 X179=295 X180=201 X181=232 X182=126 X183=213 X184=51 X185=221 X186=297 X187=111 X188=101 X189=264 X190=156 X191=64 X192=228 X193=218 X194=177 X195=23 X196=181 X197=132 X198=296 X199=269 X200=37 X201=88 X202=194 X203=182 X204=54 X205=148 X206=78 X207=125 X208=0 X209=251 X210=210 X211=266 X212=131 X213=280 X214=240 X215=117 X216=93 X217=77 X218=5 X219=222 X220=178 X221=85 X222=153 X223=20 X224=293 X225=47 X226=67 X227=45 X228=258 X229=160 X230=271 X231=191 X232=81 X233=163 X234=279 X235=19 X236=14 X237=220 X238=61 X239=39 X240=41 X241=134 X242=203 X243=234 X244=71 X245=197 X246=189 X247=124 X248=96 X249=256 X250=215 X251=59 X252=290 X253=272 X254=281 X255=65 X256=4 X257=291 X258=285 X259=30 X260=268 X261=147 X262=1 X263=28 X264=73 X265=150 X266=262 X267=68 X268=196 X269=159 
d NODES 569

   totalWckTime=59.918  totalCpuTime=59.949
