
   AbsCon 1.41 (January, 2014) - defaultConfiguration

   
   instance
        framework=CSP  name=Isomorphism-/cluster/gpg/ciaran/sip-benchmarks/benchmarks/scalefree/E.20/pattern-/cluster/gpg/ciaran/sip-benchmarks/benchmarks/scalefree/E.20/target
        parameters=/cluster/gpg/ciaran/sip-benchmarks/benchmarks/scalefree/E.20/pattern,/cluster/gpg/ciaran/sip-benchmarks/benchmarks/scalefree/E.20/target
      

   loading variables...
        nbVariables=270  nbDomainTypes=1  nbTotalValues=81000  domainSizes=(300:270)
          =>  wckTime=0.229  cpuTime=0.329  mem=8M6

   loading objectives...

   loading constraints...
        nbConstraints=5535  nbSpecificConstraints=1  nbExtensionStructures=(2,shared:5532)  nbConflictsStructures=(1,shared:5532,unbuilt:2)
        degrees=(18:2)(19:5)(20:4)...(160:1)(171:1)(184:1)  arities=(1:1)(2:5533)(270:1)  types=(AllDifferent:1)(ConstraintHardExtensionV-Bits:5533)(ConstraintHardExtensionV-Table:1)
        tables=(0:1)  nbTotalTuples=0
          =>  wckTime=1.728  cpuTime=1.776  mem=91M837

   INFO : <!-- Start saving the XML representation -->

   INFO : <!-- Stop saving the XML representation of target.xml -->

   Solver SolverBacktrack being built... 
          =>  wckTime=2.071  cpuTime=2.083  mem=129M381

   
   search
        run=0  nbConstraintChecks=294  depth=(min:0,max:0,avg:1)  nbEffectivePropagations=184  nbRevisions=50875  nbUselessRevisions=50691
        nbAssignments=297  nbFailedAssignments=297  nbBacktracks=1  nbVisitedNodes=595  nbRestartNogoods=0
          =>  wckTime=49.13  cpuTime=51.044  mem=50M974

   
   global
        nbConstraintChecks=294  nbEffectivePropagations=184  nbRevisions=50875  nbUselessRevisions=50691  nbRestartNogoods=0
        solvingWckTime=49.131  expiredTime=no  totalExploration=yes  nbFoundSolutions=0  Stop=FULL_EXPLORATION
          =>  wckTime=51.202  cpuTime=51.045  mem=50M974

s UNSATISFIABLE
d NODES 297

   totalWckTime=51.094  totalCpuTime=51.045
