
   AbsCon 1.41 (January, 2014) - defaultConfiguration

   
   instance
        framework=CSP  name=Isomorphism-/cluster/gpg/ciaran/sip-benchmarks/benchmarks/scalefree/F.01/pattern-/cluster/gpg/ciaran/sip-benchmarks/benchmarks/scalefree/F.01/target
        parameters=/cluster/gpg/ciaran/sip-benchmarks/benchmarks/scalefree/F.01/pattern,/cluster/gpg/ciaran/sip-benchmarks/benchmarks/scalefree/F.01/target
      

   loading variables...
        nbVariables=270  nbDomainTypes=1  nbTotalValues=81000  domainSizes=(300:270)
          =>  wckTime=0.263  cpuTime=0.344  mem=7M826

   loading objectives...

   loading constraints...
        nbConstraints=5185  nbSpecificConstraints=1  nbExtensionStructures=(1,shared:5183)  nbConflictsStructures=(1,shared:5183,unbuilt:1)
        degrees=(17:3)(18:8)(19:9)...(200:1)(202:1)(263:1)  arities=(2:5184)(270:1)  types=(AllDifferent:1)(ConstraintHardExtensionV-Bits:5184)
          =>  wckTime=1.655  cpuTime=1.661  mem=29M301

   INFO : <!-- Start saving the XML representation -->

   INFO : <!-- Stop saving the XML representation of target.xml -->

   Solver SolverBacktrack being built... 
          =>  wckTime=1.967  cpuTime=1.939  mem=64M301

    instantiation X0=88 X1=174 X2=11 X3=139 X4=237 X5=251 X6=120 X7=283 X8=141 X9=295 X10=224 X11=112 X12=47 X13=221 X14=281 X15=208 X16=85 X17=227 X18=110 X19=118 X20=225 X21=244 X22=231 X23=277 X24=79 X25=99 X26=82 X27=206 X28=14 X29=194 X30=105 X31=147 X32=185 X33=182 X34=90 X35=167 X36=258 X37=133 X38=36 X39=74 X40=289 X41=98 X42=152 X43=157 X44=127 X45=70 X46=164 X47=66 X48=71 X49=177 X50=189 X51=270 X52=64 X53=256 X54=51 X55=297 X56=104 X57=242 X58=136 X59=175 X60=212 X61=75 X62=77 X63=109 X64=262 X65=160 X66=57 X67=187 X68=117 X69=210 X70=132 X71=291 X72=171 X73=69 X74=131 X75=195 X76=229 X77=243 X78=296 X79=279 X80=50 X81=219 X82=20 X83=276 X84=247 X85=192 X86=188 X87=197 X88=170 X89=183 X90=233 X91=81 X92=15 X93=10 X94=41 X95=274 X96=271 X97=284 X98=7 X99=280 X100=63 X101=61 X102=223 X103=135 X104=53 X105=298 X106=273 X107=111 X108=186 X109=232 X110=191 X111=287 X112=29 X113=290 X114=130 X115=166 X116=268 X117=138 X118=9 X119=56 X120=128 X121=145 X122=23 X123=150 X124=87 X125=272 X126=165 X127=76 X128=107 X129=155 X130=72 X131=1 X132=94 X133=146 X134=153 X135=68 X136=156 X137=6 X138=263 X139=257 X140=260 X141=282 X142=169 X143=40 X144=149 X145=162 X146=215 X147=142 X148=264 X149=184 X150=286 X151=241 X152=83 X153=37 X154=151 X155=18 X156=0 X157=26 X158=30 X159=204 X160=95 X161=62 X162=266 X163=285 X164=113 X165=17 X166=106 X167=193 X168=134 X169=240 X170=78 X171=269 X172=19 X173=159 X174=250 X175=137 X176=5 X177=209 X178=200 X179=42 X180=143 X181=253 X182=89 X183=123 X184=103 X185=154 X186=108 X187=261 X188=13 X189=190 X190=202 X191=45 X192=8 X193=230 X194=218 X195=115 X196=148 X197=52 X198=60 X199=214 X200=116 X201=255 X202=265 X203=226 X204=239 X205=33 X206=163 X207=288 X208=38 X209=299 X210=124 X211=217 X212=43 X213=126 X214=181 X215=4 X216=67 X217=234 X218=179 X219=102 X220=252 X221=168 X222=144 X223=44 X224=216 X225=228 X226=24 X227=100 X228=97 X229=54 X230=125 X231=121 X232=32 X233=101 X234=28 X235=173 X236=80 X237=278 X238=31 X239=114 X240=180 X241=16 X242=207 X243=21 X244=254 X245=158 X246=59 X247=96 X248=198 X249=92 X250=201 X251=236 X252=220 X253=172 X254=39 X255=12 X256=203 X257=292 X258=91 X259=294 X260=129 X261=235 X262=246 X263=248 X264=3 X265=22 X266=293 X267=161 X268=65 X269=35 

    solution X0=88 X1=174 X2=11 X3=139 X4=237 X5=251 X6=120 X7=283 X8=141 X9=295 X10=224 X11=112 X12=47 X13=221 X14=281 X15=208 X16=85 X17=227 X18=110 X19=118 X20=225 X21=244 X22=231 X23=277 X24=79 X25=99 X26=82 X27=206 X28=14 X29=194 X30=105 X31=147 X32=185 X33=182 X34=90 X35=167 X36=258 X37=133 X38=36 X39=74 X40=289 X41=98 X42=152 X43=157 X44=127 X45=70 X46=164 X47=66 X48=71 X49=177 X50=189 X51=270 X52=64 X53=256 X54=51 X55=297 X56=104 X57=242 X58=136 X59=175 X60=212 X61=75 X62=77 X63=109 X64=262 X65=160 X66=57 X67=187 X68=117 X69=210 X70=132 X71=291 X72=171 X73=69 X74=131 X75=195 X76=229 X77=243 X78=296 X79=279 X80=50 X81=219 X82=20 X83=276 X84=247 X85=192 X86=188 X87=197 X88=170 X89=183 X90=233 X91=81 X92=15 X93=10 X94=41 X95=274 X96=271 X97=284 X98=7 X99=280 X100=63 X101=61 X102=223 X103=135 X104=53 X105=298 X106=273 X107=111 X108=186 X109=232 X110=191 X111=287 X112=29 X113=290 X114=130 X115=166 X116=268 X117=138 X118=9 X119=56 X120=128 X121=145 X122=23 X123=150 X124=87 X125=272 X126=165 X127=76 X128=107 X129=155 X130=72 X131=1 X132=94 X133=146 X134=153 X135=68 X136=156 X137=6 X138=263 X139=257 X140=260 X141=282 X142=169 X143=40 X144=149 X145=162 X146=215 X147=142 X148=264 X149=184 X150=286 X151=241 X152=83 X153=37 X154=151 X155=18 X156=0 X157=26 X158=30 X159=204 X160=95 X161=62 X162=266 X163=285 X164=113 X165=17 X166=106 X167=193 X168=134 X169=240 X170=78 X171=269 X172=19 X173=159 X174=250 X175=137 X176=5 X177=209 X178=200 X179=42 X180=143 X181=253 X182=89 X183=123 X184=103 X185=154 X186=108 X187=261 X188=13 X189=190 X190=202 X191=45 X192=8 X193=230 X194=218 X195=115 X196=148 X197=52 X198=60 X199=214 X200=116 X201=255 X202=265 X203=226 X204=239 X205=33 X206=163 X207=288 X208=38 X209=299 X210=124 X211=217 X212=43 X213=126 X214=181 X215=4 X216=67 X217=234 X218=179 X219=102 X220=252 X221=168 X222=144 X223=44 X224=216 X225=228 X226=24 X227=100 X228=97 X229=54 X230=125 X231=121 X232=32 X233=101 X234=28 X235=173 X236=80 X237=278 X238=31 X239=114 X240=180 X241=16 X242=207 X243=21 X244=254 X245=158 X246=59 X247=96 X248=198 X249=92 X250=201 X251=236 X252=220 X253=172 X254=39 X255=12 X256=203 X257=292 X258=91 X259=294 X260=129 X261=235 X262=246 X263=248 X264=3 X265=22 X266=293 X267=161 X268=65 X269=35 

   
   search
        run=0  nbConstraintChecks=5185  depth=(min:0,max:269,avg:1)  nbEffectivePropagations=795  nbRevisions=88388  nbUselessRevisions=87602
        nbAssignments=569  nbFailedAssignments=299  nbBacktracks=0  nbVisitedNodes=869  nbRestartNogoods=0  nbFoundSolutions=1
        upperBound=9223372036854775807
          =>  wckTime=56.424  cpuTime=58.3  mem=60M573

   
   global
        nbConstraintChecks=5185  nbEffectivePropagations=795  nbRevisions=88388  nbUselessRevisions=87602  nbRestartNogoods=0
        solvingWckTime=56.425  expiredTime=no  totalExploration=no  nbFoundSolutions=1  firstSolutionCpuTime=58.292  Stop=REACHED_GOAL
          =>  wckTime=58.392  cpuTime=58.3  mem=60M573

s SATISFIABLE
v X0=88 X1=174 X2=11 X3=139 X4=237 X5=251 X6=120 X7=283 X8=141 X9=295 X10=224 X11=112 X12=47 X13=221 X14=281 X15=208 X16=85 X17=227 X18=110 X19=118 X20=225 X21=244 X22=231 X23=277 X24=79 X25=99 X26=82 X27=206 X28=14 X29=194 X30=105 X31=147 X32=185 X33=182 X34=90 X35=167 X36=258 X37=133 X38=36 X39=74 X40=289 X41=98 X42=152 X43=157 X44=127 X45=70 X46=164 X47=66 X48=71 X49=177 X50=189 X51=270 X52=64 X53=256 X54=51 X55=297 X56=104 X57=242 X58=136 X59=175 X60=212 X61=75 X62=77 X63=109 X64=262 X65=160 X66=57 X67=187 X68=117 X69=210 X70=132 X71=291 X72=171 X73=69 X74=131 X75=195 X76=229 X77=243 X78=296 X79=279 X80=50 X81=219 X82=20 X83=276 X84=247 X85=192 X86=188 X87=197 X88=170 X89=183 X90=233 X91=81 X92=15 X93=10 X94=41 X95=274 X96=271 X97=284 X98=7 X99=280 X100=63 X101=61 X102=223 X103=135 X104=53 X105=298 X106=273 X107=111 X108=186 X109=232 X110=191 X111=287 X112=29 X113=290 X114=130 X115=166 X116=268 X117=138 X118=9 X119=56 X120=128 X121=145 X122=23 X123=150 X124=87 X125=272 X126=165 X127=76 X128=107 X129=155 X130=72 X131=1 X132=94 X133=146 X134=153 X135=68 X136=156 X137=6 X138=263 X139=257 X140=260 X141=282 X142=169 X143=40 X144=149 X145=162 X146=215 X147=142 X148=264 X149=184 X150=286 X151=241 X152=83 X153=37 X154=151 X155=18 X156=0 X157=26 X158=30 X159=204 X160=95 X161=62 X162=266 X163=285 X164=113 X165=17 X166=106 X167=193 X168=134 X169=240 X170=78 X171=269 X172=19 X173=159 X174=250 X175=137 X176=5 X177=209 X178=200 X179=42 X180=143 X181=253 X182=89 X183=123 X184=103 X185=154 X186=108 X187=261 X188=13 X189=190 X190=202 X191=45 X192=8 X193=230 X194=218 X195=115 X196=148 X197=52 X198=60 X199=214 X200=116 X201=255 X202=265 X203=226 X204=239 X205=33 X206=163 X207=288 X208=38 X209=299 X210=124 X211=217 X212=43 X213=126 X214=181 X215=4 X216=67 X217=234 X218=179 X219=102 X220=252 X221=168 X222=144 X223=44 X224=216 X225=228 X226=24 X227=100 X228=97 X229=54 X230=125 X231=121 X232=32 X233=101 X234=28 X235=173 X236=80 X237=278 X238=31 X239=114 X240=180 X241=16 X242=207 X243=21 X244=254 X245=158 X246=59 X247=96 X248=198 X249=92 X250=201 X251=236 X252=220 X253=172 X254=39 X255=12 X256=203 X257=292 X258=91 X259=294 X260=129 X261=235 X262=246 X263=248 X264=3 X265=22 X266=293 X267=161 X268=65 X269=35 
d NODES 569

   totalWckTime=58.286  totalCpuTime=58.301
