
   AbsCon 1.41 (January, 2014) - defaultConfiguration

   
   instance
        framework=CSP  name=Isomorphism-/cluster/gpg/ciaran/sip-benchmarks/benchmarks/scalefree/F.03/pattern-/cluster/gpg/ciaran/sip-benchmarks/benchmarks/scalefree/F.03/target
        parameters=/cluster/gpg/ciaran/sip-benchmarks/benchmarks/scalefree/F.03/pattern,/cluster/gpg/ciaran/sip-benchmarks/benchmarks/scalefree/F.03/target
      

   loading variables...
        nbVariables=270  nbDomainTypes=1  nbTotalValues=81000  domainSizes=(300:270)
          =>  wckTime=0.206  cpuTime=0.342  mem=8M143

   loading objectives...

   loading constraints...
        nbConstraints=5491  nbSpecificConstraints=1  nbExtensionStructures=(1,shared:5489)  nbConflictsStructures=(1,shared:5489,unbuilt:1)
        degrees=(17:1)(18:2)(19:12)...(198:1)(201:1)(261:1)  arities=(2:5490)(270:1)  types=(AllDifferent:1)(ConstraintHardExtensionV-Bits:5490)
          =>  wckTime=1.613  cpuTime=1.7  mem=84M80

   INFO : <!-- Start saving the XML representation -->

   INFO : <!-- Stop saving the XML representation of target.xml -->

   Solver SolverBacktrack being built... 
          =>  wckTime=1.96  cpuTime=2.012  mem=119M362

    instantiation X0=178 X1=255 X2=58 X3=232 X4=173 X5=283 X6=205 X7=199 X8=194 X9=233 X10=263 X11=151 X12=235 X13=94 X14=295 X15=26 X16=258 X17=86 X18=191 X19=165 X20=289 X21=282 X22=63 X23=187 X24=268 X25=93 X26=49 X27=206 X28=176 X29=140 X30=44 X31=161 X32=97 X33=240 X34=271 X35=247 X36=2 X37=230 X38=77 X39=174 X40=226 X41=234 X42=190 X43=72 X44=123 X45=104 X46=145 X47=8 X48=251 X49=128 X50=156 X51=267 X52=197 X53=17 X54=131 X55=141 X56=238 X57=277 X58=23 X59=158 X60=244 X61=3 X62=280 X63=229 X64=227 X65=249 X66=160 X67=239 X68=79 X69=6 X70=202 X71=61 X72=11 X73=237 X74=153 X75=172 X76=159 X77=236 X78=81 X79=9 X80=133 X81=136 X82=294 X83=222 X84=167 X85=278 X86=74 X87=108 X88=265 X89=45 X90=221 X91=212 X92=118 X93=241 X94=13 X95=24 X96=36 X97=220 X98=87 X99=35 X100=92 X101=28 X102=64 X103=22 X104=198 X105=76 X106=181 X107=155 X108=12 X109=193 X110=40 X111=138 X112=297 X113=25 X114=124 X115=183 X116=19 X117=29 X118=54 X119=157 X120=154 X121=177 X122=42 X123=293 X124=166 X125=185 X126=168 X127=43 X128=228 X129=288 X130=132 X131=146 X132=135 X133=184 X134=275 X135=139 X136=20 X137=248 X138=253 X139=171 X140=120 X141=143 X142=34 X143=18 X144=106 X145=84 X146=4 X147=21 X148=287 X149=223 X150=264 X151=211 X152=60 X153=130 X154=27 X155=105 X156=246 X157=284 X158=195 X159=219 X160=180 X161=70 X162=292 X163=164 X164=147 X165=78 X166=110 X167=0 X168=169 X169=103 X170=162 X171=192 X172=100 X173=218 X174=163 X175=262 X176=276 X177=125 X178=186 X179=201 X180=286 X181=144 X182=272 X183=285 X184=137 X185=101 X186=88 X187=75 X188=16 X189=254 X190=66 X191=89 X192=59 X193=242 X194=99 X195=210 X196=252 X197=48 X198=50 X199=208 X200=83 X201=189 X202=196 X203=150 X204=31 X205=279 X206=68 X207=126 X208=5 X209=170 X210=56 X211=142 X212=149 X213=71 X214=290 X215=32 X216=245 X217=296 X218=127 X219=96 X220=260 X221=107 X222=46 X223=112 X224=111 X225=257 X226=266 X227=188 X228=270 X229=10 X230=38 X231=182 X232=250 X233=73 X234=213 X235=39 X236=200 X237=116 X238=69 X239=37 X240=65 X241=134 X242=53 X243=299 X244=274 X245=1 X246=269 X247=243 X248=15 X249=214 X250=216 X251=281 X252=298 X253=7 X254=98 X255=175 X256=67 X257=52 X258=259 X259=209 X260=291 X261=117 X262=82 X263=203 X264=204 X265=217 X266=109 X267=90 X268=179 X269=256 

    solution X0=178 X1=255 X2=58 X3=232 X4=173 X5=283 X6=205 X7=199 X8=194 X9=233 X10=263 X11=151 X12=235 X13=94 X14=295 X15=26 X16=258 X17=86 X18=191 X19=165 X20=289 X21=282 X22=63 X23=187 X24=268 X25=93 X26=49 X27=206 X28=176 X29=140 X30=44 X31=161 X32=97 X33=240 X34=271 X35=247 X36=2 X37=230 X38=77 X39=174 X40=226 X41=234 X42=190 X43=72 X44=123 X45=104 X46=145 X47=8 X48=251 X49=128 X50=156 X51=267 X52=197 X53=17 X54=131 X55=141 X56=238 X57=277 X58=23 X59=158 X60=244 X61=3 X62=280 X63=229 X64=227 X65=249 X66=160 X67=239 X68=79 X69=6 X70=202 X71=61 X72=11 X73=237 X74=153 X75=172 X76=159 X77=236 X78=81 X79=9 X80=133 X81=136 X82=294 X83=222 X84=167 X85=278 X86=74 X87=108 X88=265 X89=45 X90=221 X91=212 X92=118 X93=241 X94=13 X95=24 X96=36 X97=220 X98=87 X99=35 X100=92 X101=28 X102=64 X103=22 X104=198 X105=76 X106=181 X107=155 X108=12 X109=193 X110=40 X111=138 X112=297 X113=25 X114=124 X115=183 X116=19 X117=29 X118=54 X119=157 X120=154 X121=177 X122=42 X123=293 X124=166 X125=185 X126=168 X127=43 X128=228 X129=288 X130=132 X131=146 X132=135 X133=184 X134=275 X135=139 X136=20 X137=248 X138=253 X139=171 X140=120 X141=143 X142=34 X143=18 X144=106 X145=84 X146=4 X147=21 X148=287 X149=223 X150=264 X151=211 X152=60 X153=130 X154=27 X155=105 X156=246 X157=284 X158=195 X159=219 X160=180 X161=70 X162=292 X163=164 X164=147 X165=78 X166=110 X167=0 X168=169 X169=103 X170=162 X171=192 X172=100 X173=218 X174=163 X175=262 X176=276 X177=125 X178=186 X179=201 X180=286 X181=144 X182=272 X183=285 X184=137 X185=101 X186=88 X187=75 X188=16 X189=254 X190=66 X191=89 X192=59 X193=242 X194=99 X195=210 X196=252 X197=48 X198=50 X199=208 X200=83 X201=189 X202=196 X203=150 X204=31 X205=279 X206=68 X207=126 X208=5 X209=170 X210=56 X211=142 X212=149 X213=71 X214=290 X215=32 X216=245 X217=296 X218=127 X219=96 X220=260 X221=107 X222=46 X223=112 X224=111 X225=257 X226=266 X227=188 X228=270 X229=10 X230=38 X231=182 X232=250 X233=73 X234=213 X235=39 X236=200 X237=116 X238=69 X239=37 X240=65 X241=134 X242=53 X243=299 X244=274 X245=1 X246=269 X247=243 X248=15 X249=214 X250=216 X251=281 X252=298 X253=7 X254=98 X255=175 X256=67 X257=52 X258=259 X259=209 X260=291 X261=117 X262=82 X263=203 X264=204 X265=217 X266=109 X267=90 X268=179 X269=256 

   
   search
        run=0  nbConstraintChecks=5491  depth=(min:0,max:269,avg:1)  nbEffectivePropagations=1052  nbRevisions=88750  nbUselessRevisions=87710
        nbAssignments=569  nbFailedAssignments=299  nbBacktracks=0  nbVisitedNodes=869  nbRestartNogoods=0  nbFoundSolutions=1
        upperBound=9223372036854775807
          =>  wckTime=73.243  cpuTime=75.018  mem=137M895

   
   global
        nbConstraintChecks=5491  nbEffectivePropagations=1052  nbRevisions=88750  nbUselessRevisions=87710  nbRestartNogoods=0
        solvingWckTime=73.243  expiredTime=no  totalExploration=no  nbFoundSolutions=1  firstSolutionCpuTime=75.01  Stop=REACHED_GOAL
          =>  wckTime=75.203  cpuTime=75.019  mem=137M895

s SATISFIABLE
v X0=178 X1=255 X2=58 X3=232 X4=173 X5=283 X6=205 X7=199 X8=194 X9=233 X10=263 X11=151 X12=235 X13=94 X14=295 X15=26 X16=258 X17=86 X18=191 X19=165 X20=289 X21=282 X22=63 X23=187 X24=268 X25=93 X26=49 X27=206 X28=176 X29=140 X30=44 X31=161 X32=97 X33=240 X34=271 X35=247 X36=2 X37=230 X38=77 X39=174 X40=226 X41=234 X42=190 X43=72 X44=123 X45=104 X46=145 X47=8 X48=251 X49=128 X50=156 X51=267 X52=197 X53=17 X54=131 X55=141 X56=238 X57=277 X58=23 X59=158 X60=244 X61=3 X62=280 X63=229 X64=227 X65=249 X66=160 X67=239 X68=79 X69=6 X70=202 X71=61 X72=11 X73=237 X74=153 X75=172 X76=159 X77=236 X78=81 X79=9 X80=133 X81=136 X82=294 X83=222 X84=167 X85=278 X86=74 X87=108 X88=265 X89=45 X90=221 X91=212 X92=118 X93=241 X94=13 X95=24 X96=36 X97=220 X98=87 X99=35 X100=92 X101=28 X102=64 X103=22 X104=198 X105=76 X106=181 X107=155 X108=12 X109=193 X110=40 X111=138 X112=297 X113=25 X114=124 X115=183 X116=19 X117=29 X118=54 X119=157 X120=154 X121=177 X122=42 X123=293 X124=166 X125=185 X126=168 X127=43 X128=228 X129=288 X130=132 X131=146 X132=135 X133=184 X134=275 X135=139 X136=20 X137=248 X138=253 X139=171 X140=120 X141=143 X142=34 X143=18 X144=106 X145=84 X146=4 X147=21 X148=287 X149=223 X150=264 X151=211 X152=60 X153=130 X154=27 X155=105 X156=246 X157=284 X158=195 X159=219 X160=180 X161=70 X162=292 X163=164 X164=147 X165=78 X166=110 X167=0 X168=169 X169=103 X170=162 X171=192 X172=100 X173=218 X174=163 X175=262 X176=276 X177=125 X178=186 X179=201 X180=286 X181=144 X182=272 X183=285 X184=137 X185=101 X186=88 X187=75 X188=16 X189=254 X190=66 X191=89 X192=59 X193=242 X194=99 X195=210 X196=252 X197=48 X198=50 X199=208 X200=83 X201=189 X202=196 X203=150 X204=31 X205=279 X206=68 X207=126 X208=5 X209=170 X210=56 X211=142 X212=149 X213=71 X214=290 X215=32 X216=245 X217=296 X218=127 X219=96 X220=260 X221=107 X222=46 X223=112 X224=111 X225=257 X226=266 X227=188 X228=270 X229=10 X230=38 X231=182 X232=250 X233=73 X234=213 X235=39 X236=200 X237=116 X238=69 X239=37 X240=65 X241=134 X242=53 X243=299 X244=274 X245=1 X246=269 X247=243 X248=15 X249=214 X250=216 X251=281 X252=298 X253=7 X254=98 X255=175 X256=67 X257=52 X258=259 X259=209 X260=291 X261=117 X262=82 X263=203 X264=204 X265=217 X266=109 X267=90 X268=179 X269=256 
d NODES 569

   totalWckTime=75.113  totalCpuTime=75.019
