
   AbsCon 1.41 (January, 2014) - defaultConfiguration

   
   instance
        framework=CSP  name=Isomorphism-/cluster/gpg/ciaran/sip-benchmarks/benchmarks/scalefree/F.04/pattern-/cluster/gpg/ciaran/sip-benchmarks/benchmarks/scalefree/F.04/target
        parameters=/cluster/gpg/ciaran/sip-benchmarks/benchmarks/scalefree/F.04/pattern,/cluster/gpg/ciaran/sip-benchmarks/benchmarks/scalefree/F.04/target
      

   loading variables...
        nbVariables=270  nbDomainTypes=1  nbTotalValues=81000  domainSizes=(300:270)
          =>  wckTime=0.212  cpuTime=0.318  mem=7M925

   loading objectives...

   loading constraints...
        nbConstraints=5360  nbSpecificConstraints=1  nbExtensionStructures=(1,shared:5358)  nbConflictsStructures=(1,shared:5358,unbuilt:1)
        degrees=(18:6)(19:17)(20:16)...(195:1)(235:1)(263:1)  arities=(2:5359)(270:1)  types=(AllDifferent:1)(ConstraintHardExtensionV-Bits:5359)
          =>  wckTime=1.665  cpuTime=1.692  mem=62M476

   INFO : <!-- Start saving the XML representation -->

   INFO : <!-- Stop saving the XML representation of target.xml -->

   Solver SolverBacktrack being built... 
          =>  wckTime=1.999  cpuTime=1.994  mem=98M512

    instantiation X0=112 X1=198 X2=292 X3=65 X4=288 X5=22 X6=107 X7=111 X8=209 X9=29 X10=256 X11=261 X12=109 X13=246 X14=274 X15=99 X16=114 X17=172 X18=291 X19=216 X20=179 X21=17 X22=181 X23=46 X24=142 X25=57 X26=144 X27=93 X28=247 X29=42 X30=143 X31=92 X32=278 X33=130 X34=193 X35=296 X36=134 X37=204 X38=212 X39=250 X40=239 X41=199 X42=108 X43=7 X44=242 X45=0 X46=95 X47=282 X48=214 X49=225 X50=218 X51=71 X52=249 X53=75 X54=165 X55=88 X56=221 X57=187 X58=276 X59=236 X60=76 X61=38 X62=140 X63=272 X64=152 X65=264 X66=16 X67=168 X68=14 X69=33 X70=37 X71=10 X72=24 X73=268 X74=174 X75=115 X76=131 X77=68 X78=188 X79=298 X80=30 X81=12 X82=285 X83=124 X84=265 X85=286 X86=96 X87=54 X88=27 X89=51 X90=32 X91=34 X92=59 X93=150 X94=270 X95=203 X96=132 X97=273 X98=103 X99=149 X100=210 X101=81 X102=166 X103=277 X104=280 X105=79 X106=98 X107=106 X108=56 X109=196 X110=186 X111=244 X112=135 X113=21 X114=275 X115=231 X116=77 X117=234 X118=219 X119=137 X120=78 X121=297 X122=201 X123=207 X124=294 X125=177 X126=184 X127=185 X128=245 X129=163 X130=40 X131=104 X132=80 X133=230 X134=28 X135=126 X136=66 X137=63 X138=208 X139=253 X140=169 X141=44 X142=226 X143=158 X144=229 X145=102 X146=251 X147=228 X148=39 X149=127 X150=94 X151=232 X152=105 X153=190 X154=262 X155=191 X156=287 X157=11 X158=182 X159=271 X160=69 X161=18 X162=289 X163=257 X164=133 X165=45 X166=31 X167=238 X168=58 X169=258 X170=122 X171=125 X172=47 X173=8 X174=267 X175=100 X176=200 X177=19 X178=138 X179=118 X180=70 X181=136 X182=243 X183=266 X184=220 X185=170 X186=173 X187=139 X188=120 X189=248 X190=162 X191=97 X192=1 X193=113 X194=279 X195=26 X196=222 X197=197 X198=128 X199=86 X200=157 X201=101 X202=9 X203=189 X204=72 X205=25 X206=195 X207=141 X208=205 X209=161 X210=121 X211=295 X212=159 X213=35 X214=119 X215=194 X216=146 X217=153 X218=123 X219=61 X220=206 X221=48 X222=224 X223=240 X224=5 X225=252 X226=176 X227=43 X228=160 X229=15 X230=110 X231=91 X232=171 X233=254 X234=52 X235=260 X236=85 X237=50 X238=213 X239=178 X240=36 X241=53 X242=117 X243=217 X244=60 X245=6 X246=269 X247=87 X248=281 X249=2 X250=20 X251=192 X252=233 X253=284 X254=202 X255=155 X256=223 X257=299 X258=151 X259=82 X260=4 X261=41 X262=73 X263=148 X264=227 X265=62 X266=255 X267=13 X268=83 X269=84 

    solution X0=112 X1=198 X2=292 X3=65 X4=288 X5=22 X6=107 X7=111 X8=209 X9=29 X10=256 X11=261 X12=109 X13=246 X14=274 X15=99 X16=114 X17=172 X18=291 X19=216 X20=179 X21=17 X22=181 X23=46 X24=142 X25=57 X26=144 X27=93 X28=247 X29=42 X30=143 X31=92 X32=278 X33=130 X34=193 X35=296 X36=134 X37=204 X38=212 X39=250 X40=239 X41=199 X42=108 X43=7 X44=242 X45=0 X46=95 X47=282 X48=214 X49=225 X50=218 X51=71 X52=249 X53=75 X54=165 X55=88 X56=221 X57=187 X58=276 X59=236 X60=76 X61=38 X62=140 X63=272 X64=152 X65=264 X66=16 X67=168 X68=14 X69=33 X70=37 X71=10 X72=24 X73=268 X74=174 X75=115 X76=131 X77=68 X78=188 X79=298 X80=30 X81=12 X82=285 X83=124 X84=265 X85=286 X86=96 X87=54 X88=27 X89=51 X90=32 X91=34 X92=59 X93=150 X94=270 X95=203 X96=132 X97=273 X98=103 X99=149 X100=210 X101=81 X102=166 X103=277 X104=280 X105=79 X106=98 X107=106 X108=56 X109=196 X110=186 X111=244 X112=135 X113=21 X114=275 X115=231 X116=77 X117=234 X118=219 X119=137 X120=78 X121=297 X122=201 X123=207 X124=294 X125=177 X126=184 X127=185 X128=245 X129=163 X130=40 X131=104 X132=80 X133=230 X134=28 X135=126 X136=66 X137=63 X138=208 X139=253 X140=169 X141=44 X142=226 X143=158 X144=229 X145=102 X146=251 X147=228 X148=39 X149=127 X150=94 X151=232 X152=105 X153=190 X154=262 X155=191 X156=287 X157=11 X158=182 X159=271 X160=69 X161=18 X162=289 X163=257 X164=133 X165=45 X166=31 X167=238 X168=58 X169=258 X170=122 X171=125 X172=47 X173=8 X174=267 X175=100 X176=200 X177=19 X178=138 X179=118 X180=70 X181=136 X182=243 X183=266 X184=220 X185=170 X186=173 X187=139 X188=120 X189=248 X190=162 X191=97 X192=1 X193=113 X194=279 X195=26 X196=222 X197=197 X198=128 X199=86 X200=157 X201=101 X202=9 X203=189 X204=72 X205=25 X206=195 X207=141 X208=205 X209=161 X210=121 X211=295 X212=159 X213=35 X214=119 X215=194 X216=146 X217=153 X218=123 X219=61 X220=206 X221=48 X222=224 X223=240 X224=5 X225=252 X226=176 X227=43 X228=160 X229=15 X230=110 X231=91 X232=171 X233=254 X234=52 X235=260 X236=85 X237=50 X238=213 X239=178 X240=36 X241=53 X242=117 X243=217 X244=60 X245=6 X246=269 X247=87 X248=281 X249=2 X250=20 X251=192 X252=233 X253=284 X254=202 X255=155 X256=223 X257=299 X258=151 X259=82 X260=4 X261=41 X262=73 X263=148 X264=227 X265=62 X266=255 X267=13 X268=83 X269=84 

   
   search
        run=0  nbConstraintChecks=5360  depth=(min:0,max:269,avg:1)  nbEffectivePropagations=538  nbRevisions=88913  nbUselessRevisions=88389
        nbAssignments=569  nbFailedAssignments=299  nbBacktracks=0  nbVisitedNodes=869  nbRestartNogoods=0  nbFoundSolutions=1
        upperBound=9223372036854775807
          =>  wckTime=72.567  cpuTime=74.355  mem=218M85

   
   global
        nbConstraintChecks=5360  nbEffectivePropagations=538  nbRevisions=88913  nbUselessRevisions=88389  nbRestartNogoods=0
        solvingWckTime=72.568  expiredTime=no  totalExploration=no  nbFoundSolutions=1  firstSolutionCpuTime=74.345  Stop=REACHED_GOAL
          =>  wckTime=74.568  cpuTime=74.355  mem=218M85

s SATISFIABLE
v X0=112 X1=198 X2=292 X3=65 X4=288 X5=22 X6=107 X7=111 X8=209 X9=29 X10=256 X11=261 X12=109 X13=246 X14=274 X15=99 X16=114 X17=172 X18=291 X19=216 X20=179 X21=17 X22=181 X23=46 X24=142 X25=57 X26=144 X27=93 X28=247 X29=42 X30=143 X31=92 X32=278 X33=130 X34=193 X35=296 X36=134 X37=204 X38=212 X39=250 X40=239 X41=199 X42=108 X43=7 X44=242 X45=0 X46=95 X47=282 X48=214 X49=225 X50=218 X51=71 X52=249 X53=75 X54=165 X55=88 X56=221 X57=187 X58=276 X59=236 X60=76 X61=38 X62=140 X63=272 X64=152 X65=264 X66=16 X67=168 X68=14 X69=33 X70=37 X71=10 X72=24 X73=268 X74=174 X75=115 X76=131 X77=68 X78=188 X79=298 X80=30 X81=12 X82=285 X83=124 X84=265 X85=286 X86=96 X87=54 X88=27 X89=51 X90=32 X91=34 X92=59 X93=150 X94=270 X95=203 X96=132 X97=273 X98=103 X99=149 X100=210 X101=81 X102=166 X103=277 X104=280 X105=79 X106=98 X107=106 X108=56 X109=196 X110=186 X111=244 X112=135 X113=21 X114=275 X115=231 X116=77 X117=234 X118=219 X119=137 X120=78 X121=297 X122=201 X123=207 X124=294 X125=177 X126=184 X127=185 X128=245 X129=163 X130=40 X131=104 X132=80 X133=230 X134=28 X135=126 X136=66 X137=63 X138=208 X139=253 X140=169 X141=44 X142=226 X143=158 X144=229 X145=102 X146=251 X147=228 X148=39 X149=127 X150=94 X151=232 X152=105 X153=190 X154=262 X155=191 X156=287 X157=11 X158=182 X159=271 X160=69 X161=18 X162=289 X163=257 X164=133 X165=45 X166=31 X167=238 X168=58 X169=258 X170=122 X171=125 X172=47 X173=8 X174=267 X175=100 X176=200 X177=19 X178=138 X179=118 X180=70 X181=136 X182=243 X183=266 X184=220 X185=170 X186=173 X187=139 X188=120 X189=248 X190=162 X191=97 X192=1 X193=113 X194=279 X195=26 X196=222 X197=197 X198=128 X199=86 X200=157 X201=101 X202=9 X203=189 X204=72 X205=25 X206=195 X207=141 X208=205 X209=161 X210=121 X211=295 X212=159 X213=35 X214=119 X215=194 X216=146 X217=153 X218=123 X219=61 X220=206 X221=48 X222=224 X223=240 X224=5 X225=252 X226=176 X227=43 X228=160 X229=15 X230=110 X231=91 X232=171 X233=254 X234=52 X235=260 X236=85 X237=50 X238=213 X239=178 X240=36 X241=53 X242=117 X243=217 X244=60 X245=6 X246=269 X247=87 X248=281 X249=2 X250=20 X251=192 X252=233 X253=284 X254=202 X255=155 X256=223 X257=299 X258=151 X259=82 X260=4 X261=41 X262=73 X263=148 X264=227 X265=62 X266=255 X267=13 X268=83 X269=84 
d NODES 569

   totalWckTime=74.472  totalCpuTime=74.356
