
   AbsCon 1.41 (January, 2014) - defaultConfiguration

   
   instance
        framework=CSP  name=Isomorphism-/cluster/gpg/ciaran/sip-benchmarks/benchmarks/scalefree/F.06/pattern-/cluster/gpg/ciaran/sip-benchmarks/benchmarks/scalefree/F.06/target
        parameters=/cluster/gpg/ciaran/sip-benchmarks/benchmarks/scalefree/F.06/pattern,/cluster/gpg/ciaran/sip-benchmarks/benchmarks/scalefree/F.06/target
      

   loading variables...
        nbVariables=270  nbDomainTypes=1  nbTotalValues=81000  domainSizes=(300:270)
          =>  wckTime=0.215  cpuTime=0.34  mem=8M175

   loading objectives...

   loading constraints...
        nbConstraints=5148  nbSpecificConstraints=1  nbExtensionStructures=(1,shared:5146)  nbConflictsStructures=(1,shared:5146,unbuilt:1)
        degrees=(15:1)(16:2)(17:6)...(190:1)(206:1)(240:1)  arities=(2:5147)(270:1)  types=(AllDifferent:1)(ConstraintHardExtensionV-Bits:5147)
          =>  wckTime=1.704  cpuTime=1.782  mem=172M237

   INFO : <!-- Start saving the XML representation -->

   INFO : <!-- Stop saving the XML representation of target.xml -->

   Solver SolverBacktrack being built... 
          =>  wckTime=2.083  cpuTime=2.124  mem=60M449

    instantiation X0=206 X1=298 X2=201 X3=4 X4=274 X5=25 X6=195 X7=134 X8=80 X9=55 X10=264 X11=104 X12=275 X13=31 X14=283 X15=60 X16=33 X17=138 X18=99 X19=193 X20=176 X21=248 X22=284 X23=159 X24=255 X25=173 X26=297 X27=268 X28=220 X29=273 X30=108 X31=212 X32=105 X33=168 X34=133 X35=286 X36=207 X37=289 X38=214 X39=202 X40=27 X41=50 X42=227 X43=15 X44=242 X45=26 X46=234 X47=151 X48=68 X49=89 X50=199 X51=231 X52=39 X53=128 X54=267 X55=240 X56=47 X57=253 X58=36 X59=139 X60=72 X61=142 X62=69 X63=91 X64=76 X65=150 X66=137 X67=194 X68=13 X69=295 X70=65 X71=64 X72=110 X73=59 X74=6 X75=61 X76=73 X77=192 X78=135 X79=294 X80=12 X81=183 X82=121 X83=154 X84=56 X85=152 X86=256 X87=38 X88=46 X89=57 X90=48 X91=164 X92=223 X93=2 X94=149 X95=119 X96=95 X97=86 X98=161 X99=132 X100=185 X101=163 X102=131 X103=94 X104=224 X105=288 X106=258 X107=239 X108=186 X109=42 X110=225 X111=218 X112=243 X113=259 X114=75 X115=254 X116=219 X117=182 X118=210 X119=92 X120=116 X121=71 X122=189 X123=249 X124=204 X125=187 X126=122 X127=120 X128=230 X129=160 X130=102 X131=49 X132=246 X133=221 X134=280 X135=141 X136=272 X137=252 X138=229 X139=179 X140=169 X141=115 X142=125 X143=287 X144=244 X145=188 X146=81 X147=24 X148=166 X149=58 X150=271 X151=285 X152=21 X153=22 X154=178 X155=257 X156=181 X157=88 X158=198 X159=290 X160=162 X161=41 X162=37 X163=129 X164=18 X165=238 X166=8 X167=165 X168=107 X169=170 X170=156 X171=5 X172=113 X173=44 X174=167 X175=281 X176=217 X177=98 X178=3 X179=117 X180=144 X181=241 X182=7 X183=77 X184=103 X185=23 X186=276 X187=293 X188=216 X189=232 X190=67 X191=14 X192=263 X193=174 X194=197 X195=32 X196=52 X197=233 X198=126 X199=205 X200=109 X201=235 X202=112 X203=270 X204=171 X205=11 X206=0 X207=17 X208=236 X209=136 X210=127 X211=90 X212=172 X213=190 X214=251 X215=53 X216=62 X217=213 X218=118 X219=85 X220=211 X221=203 X222=215 X223=87 X224=222 X225=35 X226=184 X227=208 X228=250 X229=155 X230=19 X231=124 X232=28 X233=228 X234=78 X235=261 X236=279 X237=157 X238=196 X239=265 X240=226 X241=111 X242=114 X243=66 X244=209 X245=29 X246=130 X247=101 X248=70 X249=10 X250=269 X251=145 X252=40 X253=106 X254=1 X255=299 X256=282 X257=123 X258=30 X259=140 X260=148 X261=262 X262=93 X263=34 X264=266 X265=175 X266=147 X267=237 X268=20 X269=247 

    solution X0=206 X1=298 X2=201 X3=4 X4=274 X5=25 X6=195 X7=134 X8=80 X9=55 X10=264 X11=104 X12=275 X13=31 X14=283 X15=60 X16=33 X17=138 X18=99 X19=193 X20=176 X21=248 X22=284 X23=159 X24=255 X25=173 X26=297 X27=268 X28=220 X29=273 X30=108 X31=212 X32=105 X33=168 X34=133 X35=286 X36=207 X37=289 X38=214 X39=202 X40=27 X41=50 X42=227 X43=15 X44=242 X45=26 X46=234 X47=151 X48=68 X49=89 X50=199 X51=231 X52=39 X53=128 X54=267 X55=240 X56=47 X57=253 X58=36 X59=139 X60=72 X61=142 X62=69 X63=91 X64=76 X65=150 X66=137 X67=194 X68=13 X69=295 X70=65 X71=64 X72=110 X73=59 X74=6 X75=61 X76=73 X77=192 X78=135 X79=294 X80=12 X81=183 X82=121 X83=154 X84=56 X85=152 X86=256 X87=38 X88=46 X89=57 X90=48 X91=164 X92=223 X93=2 X94=149 X95=119 X96=95 X97=86 X98=161 X99=132 X100=185 X101=163 X102=131 X103=94 X104=224 X105=288 X106=258 X107=239 X108=186 X109=42 X110=225 X111=218 X112=243 X113=259 X114=75 X115=254 X116=219 X117=182 X118=210 X119=92 X120=116 X121=71 X122=189 X123=249 X124=204 X125=187 X126=122 X127=120 X128=230 X129=160 X130=102 X131=49 X132=246 X133=221 X134=280 X135=141 X136=272 X137=252 X138=229 X139=179 X140=169 X141=115 X142=125 X143=287 X144=244 X145=188 X146=81 X147=24 X148=166 X149=58 X150=271 X151=285 X152=21 X153=22 X154=178 X155=257 X156=181 X157=88 X158=198 X159=290 X160=162 X161=41 X162=37 X163=129 X164=18 X165=238 X166=8 X167=165 X168=107 X169=170 X170=156 X171=5 X172=113 X173=44 X174=167 X175=281 X176=217 X177=98 X178=3 X179=117 X180=144 X181=241 X182=7 X183=77 X184=103 X185=23 X186=276 X187=293 X188=216 X189=232 X190=67 X191=14 X192=263 X193=174 X194=197 X195=32 X196=52 X197=233 X198=126 X199=205 X200=109 X201=235 X202=112 X203=270 X204=171 X205=11 X206=0 X207=17 X208=236 X209=136 X210=127 X211=90 X212=172 X213=190 X214=251 X215=53 X216=62 X217=213 X218=118 X219=85 X220=211 X221=203 X222=215 X223=87 X224=222 X225=35 X226=184 X227=208 X228=250 X229=155 X230=19 X231=124 X232=28 X233=228 X234=78 X235=261 X236=279 X237=157 X238=196 X239=265 X240=226 X241=111 X242=114 X243=66 X244=209 X245=29 X246=130 X247=101 X248=70 X249=10 X250=269 X251=145 X252=40 X253=106 X254=1 X255=299 X256=282 X257=123 X258=30 X259=140 X260=148 X261=262 X262=93 X263=34 X264=266 X265=175 X266=147 X267=237 X268=20 X269=247 

   
   search
        run=0  nbConstraintChecks=5148  depth=(min:0,max:269,avg:1)  nbEffectivePropagations=1368  nbRevisions=91798  nbUselessRevisions=90641
        nbAssignments=569  nbFailedAssignments=299  nbBacktracks=0  nbVisitedNodes=869  nbRestartNogoods=0  nbFoundSolutions=1
        upperBound=9223372036854775807
          =>  wckTime=67.463  cpuTime=69.357  mem=72M90

   
   global
        nbConstraintChecks=5148  nbEffectivePropagations=1368  nbRevisions=91798  nbUselessRevisions=90641  nbRestartNogoods=0
        solvingWckTime=67.463  expiredTime=no  totalExploration=no  nbFoundSolutions=1  firstSolutionCpuTime=69.348  Stop=REACHED_GOAL
          =>  wckTime=69.546  cpuTime=69.358  mem=75M84

s SATISFIABLE
v X0=206 X1=298 X2=201 X3=4 X4=274 X5=25 X6=195 X7=134 X8=80 X9=55 X10=264 X11=104 X12=275 X13=31 X14=283 X15=60 X16=33 X17=138 X18=99 X19=193 X20=176 X21=248 X22=284 X23=159 X24=255 X25=173 X26=297 X27=268 X28=220 X29=273 X30=108 X31=212 X32=105 X33=168 X34=133 X35=286 X36=207 X37=289 X38=214 X39=202 X40=27 X41=50 X42=227 X43=15 X44=242 X45=26 X46=234 X47=151 X48=68 X49=89 X50=199 X51=231 X52=39 X53=128 X54=267 X55=240 X56=47 X57=253 X58=36 X59=139 X60=72 X61=142 X62=69 X63=91 X64=76 X65=150 X66=137 X67=194 X68=13 X69=295 X70=65 X71=64 X72=110 X73=59 X74=6 X75=61 X76=73 X77=192 X78=135 X79=294 X80=12 X81=183 X82=121 X83=154 X84=56 X85=152 X86=256 X87=38 X88=46 X89=57 X90=48 X91=164 X92=223 X93=2 X94=149 X95=119 X96=95 X97=86 X98=161 X99=132 X100=185 X101=163 X102=131 X103=94 X104=224 X105=288 X106=258 X107=239 X108=186 X109=42 X110=225 X111=218 X112=243 X113=259 X114=75 X115=254 X116=219 X117=182 X118=210 X119=92 X120=116 X121=71 X122=189 X123=249 X124=204 X125=187 X126=122 X127=120 X128=230 X129=160 X130=102 X131=49 X132=246 X133=221 X134=280 X135=141 X136=272 X137=252 X138=229 X139=179 X140=169 X141=115 X142=125 X143=287 X144=244 X145=188 X146=81 X147=24 X148=166 X149=58 X150=271 X151=285 X152=21 X153=22 X154=178 X155=257 X156=181 X157=88 X158=198 X159=290 X160=162 X161=41 X162=37 X163=129 X164=18 X165=238 X166=8 X167=165 X168=107 X169=170 X170=156 X171=5 X172=113 X173=44 X174=167 X175=281 X176=217 X177=98 X178=3 X179=117 X180=144 X181=241 X182=7 X183=77 X184=103 X185=23 X186=276 X187=293 X188=216 X189=232 X190=67 X191=14 X192=263 X193=174 X194=197 X195=32 X196=52 X197=233 X198=126 X199=205 X200=109 X201=235 X202=112 X203=270 X204=171 X205=11 X206=0 X207=17 X208=236 X209=136 X210=127 X211=90 X212=172 X213=190 X214=251 X215=53 X216=62 X217=213 X218=118 X219=85 X220=211 X221=203 X222=215 X223=87 X224=222 X225=35 X226=184 X227=208 X228=250 X229=155 X230=19 X231=124 X232=28 X233=228 X234=78 X235=261 X236=279 X237=157 X238=196 X239=265 X240=226 X241=111 X242=114 X243=66 X244=209 X245=29 X246=130 X247=101 X248=70 X249=10 X250=269 X251=145 X252=40 X253=106 X254=1 X255=299 X256=282 X257=123 X258=30 X259=140 X260=148 X261=262 X262=93 X263=34 X264=266 X265=175 X266=147 X267=237 X268=20 X269=247 
d NODES 569

   totalWckTime=69.453  totalCpuTime=69.358
