
   AbsCon 1.41 (January, 2014) - defaultConfiguration

   
   instance
        framework=CSP  name=Isomorphism-/cluster/gpg/ciaran/sip-benchmarks/benchmarks/scalefree/F.08/pattern-/cluster/gpg/ciaran/sip-benchmarks/benchmarks/scalefree/F.08/target
        parameters=/cluster/gpg/ciaran/sip-benchmarks/benchmarks/scalefree/F.08/pattern,/cluster/gpg/ciaran/sip-benchmarks/benchmarks/scalefree/F.08/target
      

   loading variables...
        nbVariables=270  nbDomainTypes=1  nbTotalValues=81000  domainSizes=(300:270)
          =>  wckTime=0.243  cpuTime=0.359  mem=8M459

   loading objectives...

   loading constraints...
        nbConstraints=5779  nbSpecificConstraints=1  nbExtensionStructures=(1,shared:5777)  nbConflictsStructures=(1,shared:5777,unbuilt:1)
        degrees=(16:2)(17:1)(18:6)...(226:1)(235:1)(240:1)  arities=(2:5778)(270:1)  types=(AllDifferent:1)(ConstraintHardExtensionV-Bits:5778)
          =>  wckTime=2.019  cpuTime=2.045  mem=210M194

   INFO : <!-- Start saving the XML representation -->

   INFO : <!-- Stop saving the XML representation of target.xml -->

   Solver SolverBacktrack being built... 
          =>  wckTime=2.408  cpuTime=2.407  mem=249M403

    instantiation X0=45 X1=271 X2=183 X3=284 X4=293 X5=195 X6=82 X7=104 X8=196 X9=222 X10=7 X11=97 X12=37 X13=256 X14=142 X15=10 X16=77 X17=87 X18=120 X19=43 X20=126 X21=25 X22=261 X23=273 X24=289 X25=168 X26=78 X27=225 X28=42 X29=166 X30=209 X31=299 X32=252 X33=286 X34=57 X35=110 X36=73 X37=258 X38=247 X39=175 X40=79 X41=63 X42=216 X43=0 X44=227 X45=133 X46=161 X47=190 X48=288 X49=274 X50=191 X51=129 X52=157 X53=103 X54=230 X55=19 X56=233 X57=159 X58=202 X59=46 X60=33 X61=114 X62=24 X63=144 X64=108 X65=208 X66=123 X67=29 X68=203 X69=193 X70=200 X71=153 X72=109 X73=101 X74=59 X75=212 X76=56 X77=36 X78=39 X79=150 X80=181 X81=235 X82=236 X83=259 X84=198 X85=240 X86=83 X87=8 X88=32 X89=232 X90=276 X91=65 X92=143 X93=292 X94=72 X95=182 X96=201 X97=38 X98=192 X99=102 X100=66 X101=187 X102=139 X103=51 X104=219 X105=14 X106=47 X107=93 X108=173 X109=245 X110=188 X111=121 X112=290 X113=52 X114=270 X115=141 X116=30 X117=95 X118=221 X119=64 X120=118 X121=278 X122=160 X123=297 X124=54 X125=266 X126=184 X127=41 X128=228 X129=165 X130=4 X131=96 X132=291 X133=180 X134=12 X135=9 X136=213 X137=294 X138=62 X139=146 X140=164 X141=244 X142=74 X143=207 X144=40 X145=60 X146=35 X147=257 X148=296 X149=136 X150=88 X151=189 X152=218 X153=119 X154=116 X155=85 X156=98 X157=204 X158=281 X159=263 X160=145 X161=128 X162=199 X163=155 X164=282 X165=178 X166=124 X167=255 X168=2 X169=53 X170=253 X171=262 X172=99 X173=16 X174=92 X175=174 X176=22 X177=13 X178=185 X179=23 X180=170 X181=285 X182=75 X183=80 X184=231 X185=238 X186=49 X187=68 X188=280 X189=90 X190=197 X191=260 X192=210 X193=163 X194=254 X195=48 X196=167 X197=194 X198=18 X199=134 X200=34 X201=234 X202=172 X203=58 X204=131 X205=239 X206=112 X207=71 X208=17 X209=220 X210=287 X211=28 X212=265 X213=269 X214=248 X215=215 X216=251 X217=246 X218=3 X219=154 X220=55 X221=267 X222=206 X223=283 X224=67 X225=151 X226=5 X227=69 X228=249 X229=11 X230=1 X231=84 X232=223 X233=20 X234=147 X235=50 X236=226 X237=81 X238=268 X239=107 X240=31 X241=158 X242=242 X243=130 X244=140 X245=162 X246=176 X247=250 X248=135 X249=217 X250=138 X251=272 X252=264 X253=177 X254=61 X255=15 X256=152 X257=148 X258=149 X259=76 X260=241 X261=137 X262=94 X263=179 X264=122 X265=26 X266=27 X267=156 X268=100 X269=298 

    solution X0=45 X1=271 X2=183 X3=284 X4=293 X5=195 X6=82 X7=104 X8=196 X9=222 X10=7 X11=97 X12=37 X13=256 X14=142 X15=10 X16=77 X17=87 X18=120 X19=43 X20=126 X21=25 X22=261 X23=273 X24=289 X25=168 X26=78 X27=225 X28=42 X29=166 X30=209 X31=299 X32=252 X33=286 X34=57 X35=110 X36=73 X37=258 X38=247 X39=175 X40=79 X41=63 X42=216 X43=0 X44=227 X45=133 X46=161 X47=190 X48=288 X49=274 X50=191 X51=129 X52=157 X53=103 X54=230 X55=19 X56=233 X57=159 X58=202 X59=46 X60=33 X61=114 X62=24 X63=144 X64=108 X65=208 X66=123 X67=29 X68=203 X69=193 X70=200 X71=153 X72=109 X73=101 X74=59 X75=212 X76=56 X77=36 X78=39 X79=150 X80=181 X81=235 X82=236 X83=259 X84=198 X85=240 X86=83 X87=8 X88=32 X89=232 X90=276 X91=65 X92=143 X93=292 X94=72 X95=182 X96=201 X97=38 X98=192 X99=102 X100=66 X101=187 X102=139 X103=51 X104=219 X105=14 X106=47 X107=93 X108=173 X109=245 X110=188 X111=121 X112=290 X113=52 X114=270 X115=141 X116=30 X117=95 X118=221 X119=64 X120=118 X121=278 X122=160 X123=297 X124=54 X125=266 X126=184 X127=41 X128=228 X129=165 X130=4 X131=96 X132=291 X133=180 X134=12 X135=9 X136=213 X137=294 X138=62 X139=146 X140=164 X141=244 X142=74 X143=207 X144=40 X145=60 X146=35 X147=257 X148=296 X149=136 X150=88 X151=189 X152=218 X153=119 X154=116 X155=85 X156=98 X157=204 X158=281 X159=263 X160=145 X161=128 X162=199 X163=155 X164=282 X165=178 X166=124 X167=255 X168=2 X169=53 X170=253 X171=262 X172=99 X173=16 X174=92 X175=174 X176=22 X177=13 X178=185 X179=23 X180=170 X181=285 X182=75 X183=80 X184=231 X185=238 X186=49 X187=68 X188=280 X189=90 X190=197 X191=260 X192=210 X193=163 X194=254 X195=48 X196=167 X197=194 X198=18 X199=134 X200=34 X201=234 X202=172 X203=58 X204=131 X205=239 X206=112 X207=71 X208=17 X209=220 X210=287 X211=28 X212=265 X213=269 X214=248 X215=215 X216=251 X217=246 X218=3 X219=154 X220=55 X221=267 X222=206 X223=283 X224=67 X225=151 X226=5 X227=69 X228=249 X229=11 X230=1 X231=84 X232=223 X233=20 X234=147 X235=50 X236=226 X237=81 X238=268 X239=107 X240=31 X241=158 X242=242 X243=130 X244=140 X245=162 X246=176 X247=250 X248=135 X249=217 X250=138 X251=272 X252=264 X253=177 X254=61 X255=15 X256=152 X257=148 X258=149 X259=76 X260=241 X261=137 X262=94 X263=179 X264=122 X265=26 X266=27 X267=156 X268=100 X269=298 

   
   search
        run=0  nbConstraintChecks=5779  depth=(min:0,max:269,avg:1)  nbEffectivePropagations=1098  nbRevisions=105064  nbUselessRevisions=104199
        nbAssignments=569  nbFailedAssignments=299  nbBacktracks=0  nbVisitedNodes=869  nbRestartNogoods=0  nbFoundSolutions=1
        upperBound=9223372036854775807
          =>  wckTime=66.489  cpuTime=68.693  mem=204M198

   
   global
        nbConstraintChecks=5779  nbEffectivePropagations=1098  nbRevisions=105064  nbUselessRevisions=104199  nbRestartNogoods=0
        solvingWckTime=66.489  expiredTime=no  totalExploration=no  nbFoundSolutions=1  firstSolutionCpuTime=68.683  Stop=REACHED_GOAL
          =>  wckTime=68.899  cpuTime=68.693  mem=204M198

s SATISFIABLE
v X0=45 X1=271 X2=183 X3=284 X4=293 X5=195 X6=82 X7=104 X8=196 X9=222 X10=7 X11=97 X12=37 X13=256 X14=142 X15=10 X16=77 X17=87 X18=120 X19=43 X20=126 X21=25 X22=261 X23=273 X24=289 X25=168 X26=78 X27=225 X28=42 X29=166 X30=209 X31=299 X32=252 X33=286 X34=57 X35=110 X36=73 X37=258 X38=247 X39=175 X40=79 X41=63 X42=216 X43=0 X44=227 X45=133 X46=161 X47=190 X48=288 X49=274 X50=191 X51=129 X52=157 X53=103 X54=230 X55=19 X56=233 X57=159 X58=202 X59=46 X60=33 X61=114 X62=24 X63=144 X64=108 X65=208 X66=123 X67=29 X68=203 X69=193 X70=200 X71=153 X72=109 X73=101 X74=59 X75=212 X76=56 X77=36 X78=39 X79=150 X80=181 X81=235 X82=236 X83=259 X84=198 X85=240 X86=83 X87=8 X88=32 X89=232 X90=276 X91=65 X92=143 X93=292 X94=72 X95=182 X96=201 X97=38 X98=192 X99=102 X100=66 X101=187 X102=139 X103=51 X104=219 X105=14 X106=47 X107=93 X108=173 X109=245 X110=188 X111=121 X112=290 X113=52 X114=270 X115=141 X116=30 X117=95 X118=221 X119=64 X120=118 X121=278 X122=160 X123=297 X124=54 X125=266 X126=184 X127=41 X128=228 X129=165 X130=4 X131=96 X132=291 X133=180 X134=12 X135=9 X136=213 X137=294 X138=62 X139=146 X140=164 X141=244 X142=74 X143=207 X144=40 X145=60 X146=35 X147=257 X148=296 X149=136 X150=88 X151=189 X152=218 X153=119 X154=116 X155=85 X156=98 X157=204 X158=281 X159=263 X160=145 X161=128 X162=199 X163=155 X164=282 X165=178 X166=124 X167=255 X168=2 X169=53 X170=253 X171=262 X172=99 X173=16 X174=92 X175=174 X176=22 X177=13 X178=185 X179=23 X180=170 X181=285 X182=75 X183=80 X184=231 X185=238 X186=49 X187=68 X188=280 X189=90 X190=197 X191=260 X192=210 X193=163 X194=254 X195=48 X196=167 X197=194 X198=18 X199=134 X200=34 X201=234 X202=172 X203=58 X204=131 X205=239 X206=112 X207=71 X208=17 X209=220 X210=287 X211=28 X212=265 X213=269 X214=248 X215=215 X216=251 X217=246 X218=3 X219=154 X220=55 X221=267 X222=206 X223=283 X224=67 X225=151 X226=5 X227=69 X228=249 X229=11 X230=1 X231=84 X232=223 X233=20 X234=147 X235=50 X236=226 X237=81 X238=268 X239=107 X240=31 X241=158 X242=242 X243=130 X244=140 X245=162 X246=176 X247=250 X248=135 X249=217 X250=138 X251=272 X252=264 X253=177 X254=61 X255=15 X256=152 X257=148 X258=149 X259=76 X260=241 X261=137 X262=94 X263=179 X264=122 X265=26 X266=27 X267=156 X268=100 X269=298 
d NODES 569

   totalWckTime=68.79  totalCpuTime=68.694
