
   AbsCon 1.41 (January, 2014) - defaultConfiguration

   
   instance
        framework=CSP  name=Isomorphism-/cluster/gpg/ciaran/sip-benchmarks/benchmarks/scalefree/F.09/pattern-/cluster/gpg/ciaran/sip-benchmarks/benchmarks/scalefree/F.09/target
        parameters=/cluster/gpg/ciaran/sip-benchmarks/benchmarks/scalefree/F.09/pattern,/cluster/gpg/ciaran/sip-benchmarks/benchmarks/scalefree/F.09/target
      

   loading variables...
        nbVariables=270  nbDomainTypes=1  nbTotalValues=81000  domainSizes=(300:270)
          =>  wckTime=0.218  cpuTime=0.323  mem=8M461

   loading objectives...

   loading constraints...
        nbConstraints=5516  nbSpecificConstraints=1  nbExtensionStructures=(1,shared:5514)  nbConflictsStructures=(1,shared:5514,unbuilt:1)
        degrees=(17:3)(18:3)(19:11)...(218:1)(238:1)(270:1)  arities=(2:5515)(270:1)  types=(AllDifferent:1)(ConstraintHardExtensionV-Bits:5515)
          =>  wckTime=1.71  cpuTime=1.757  mem=91M754

   INFO : <!-- Start saving the XML representation -->

   INFO : <!-- Stop saving the XML representation of target.xml -->

   Solver SolverBacktrack being built... 
          =>  wckTime=2.048  cpuTime=2.053  mem=127M90

    instantiation X0=271 X1=172 X2=278 X3=277 X4=211 X5=298 X6=262 X7=82 X8=62 X9=284 X10=105 X11=171 X12=1 X13=132 X14=139 X15=140 X16=16 X17=117 X18=215 X19=84 X20=138 X21=261 X22=224 X23=70 X24=248 X25=19 X26=244 X27=255 X28=263 X29=279 X30=23 X31=247 X32=222 X33=251 X34=214 X35=181 X36=30 X37=9 X38=94 X39=31 X40=102 X41=46 X42=187 X43=114 X44=287 X45=32 X46=97 X47=91 X48=58 X49=229 X50=266 X51=36 X52=196 X53=213 X54=14 X55=289 X56=197 X57=65 X58=96 X59=123 X60=145 X61=170 X62=178 X63=226 X64=235 X65=90 X66=116 X67=85 X68=240 X69=275 X70=198 X71=236 X72=290 X73=38 X74=173 X75=128 X76=216 X77=131 X78=135 X79=15 X80=194 X81=83 X82=25 X83=200 X84=212 X85=227 X86=189 X87=267 X88=24 X89=296 X90=57 X91=258 X92=195 X93=52 X94=51 X95=42 X96=54 X97=286 X98=3 X99=146 X100=98 X101=26 X102=17 X103=265 X104=37 X105=169 X106=293 X107=66 X108=39 X109=230 X110=233 X111=253 X112=75 X113=245 X114=164 X115=148 X116=225 X117=29 X118=136 X119=104 X120=242 X121=219 X122=78 X123=68 X124=134 X125=67 X126=155 X127=274 X128=4 X129=59 X130=147 X131=71 X132=176 X133=283 X134=121 X135=294 X136=48 X137=260 X138=2 X139=153 X140=179 X141=161 X142=13 X143=12 X144=281 X145=93 X146=177 X147=188 X148=223 X149=291 X150=141 X151=122 X152=191 X153=184 X154=273 X155=151 X156=20 X157=168 X158=160 X159=239 X160=201 X161=152 X162=47 X163=125 X164=41 X165=99 X166=21 X167=218 X168=118 X169=64 X170=111 X171=204 X172=113 X173=124 X174=217 X175=142 X176=69 X177=154 X178=10 X179=101 X180=88 X181=249 X182=280 X183=133 X184=129 X185=202 X186=56 X187=232 X188=159 X189=282 X190=295 X191=22 X192=285 X193=269 X194=234 X195=183 X196=272 X197=40 X198=5 X199=149 X200=150 X201=53 X202=109 X203=238 X204=60 X205=120 X206=35 X207=243 X208=77 X209=174 X210=50 X211=130 X212=299 X213=86 X214=254 X215=49 X216=18 X217=89 X218=210 X219=268 X220=209 X221=6 X222=156 X223=231 X224=207 X225=61 X226=180 X227=115 X228=137 X229=182 X230=250 X231=95 X232=246 X233=8 X234=44 X235=112 X236=45 X237=220 X238=126 X239=193 X240=241 X241=28 X242=297 X243=163 X244=190 X245=100 X246=73 X247=107 X248=257 X249=144 X250=74 X251=103 X252=55 X253=127 X254=252 X255=11 X256=43 X257=221 X258=166 X259=256 X260=165 X261=158 X262=237 X263=87 X264=157 X265=76 X266=205 X267=259 X268=192 X269=72 

    solution X0=271 X1=172 X2=278 X3=277 X4=211 X5=298 X6=262 X7=82 X8=62 X9=284 X10=105 X11=171 X12=1 X13=132 X14=139 X15=140 X16=16 X17=117 X18=215 X19=84 X20=138 X21=261 X22=224 X23=70 X24=248 X25=19 X26=244 X27=255 X28=263 X29=279 X30=23 X31=247 X32=222 X33=251 X34=214 X35=181 X36=30 X37=9 X38=94 X39=31 X40=102 X41=46 X42=187 X43=114 X44=287 X45=32 X46=97 X47=91 X48=58 X49=229 X50=266 X51=36 X52=196 X53=213 X54=14 X55=289 X56=197 X57=65 X58=96 X59=123 X60=145 X61=170 X62=178 X63=226 X64=235 X65=90 X66=116 X67=85 X68=240 X69=275 X70=198 X71=236 X72=290 X73=38 X74=173 X75=128 X76=216 X77=131 X78=135 X79=15 X80=194 X81=83 X82=25 X83=200 X84=212 X85=227 X86=189 X87=267 X88=24 X89=296 X90=57 X91=258 X92=195 X93=52 X94=51 X95=42 X96=54 X97=286 X98=3 X99=146 X100=98 X101=26 X102=17 X103=265 X104=37 X105=169 X106=293 X107=66 X108=39 X109=230 X110=233 X111=253 X112=75 X113=245 X114=164 X115=148 X116=225 X117=29 X118=136 X119=104 X120=242 X121=219 X122=78 X123=68 X124=134 X125=67 X126=155 X127=274 X128=4 X129=59 X130=147 X131=71 X132=176 X133=283 X134=121 X135=294 X136=48 X137=260 X138=2 X139=153 X140=179 X141=161 X142=13 X143=12 X144=281 X145=93 X146=177 X147=188 X148=223 X149=291 X150=141 X151=122 X152=191 X153=184 X154=273 X155=151 X156=20 X157=168 X158=160 X159=239 X160=201 X161=152 X162=47 X163=125 X164=41 X165=99 X166=21 X167=218 X168=118 X169=64 X170=111 X171=204 X172=113 X173=124 X174=217 X175=142 X176=69 X177=154 X178=10 X179=101 X180=88 X181=249 X182=280 X183=133 X184=129 X185=202 X186=56 X187=232 X188=159 X189=282 X190=295 X191=22 X192=285 X193=269 X194=234 X195=183 X196=272 X197=40 X198=5 X199=149 X200=150 X201=53 X202=109 X203=238 X204=60 X205=120 X206=35 X207=243 X208=77 X209=174 X210=50 X211=130 X212=299 X213=86 X214=254 X215=49 X216=18 X217=89 X218=210 X219=268 X220=209 X221=6 X222=156 X223=231 X224=207 X225=61 X226=180 X227=115 X228=137 X229=182 X230=250 X231=95 X232=246 X233=8 X234=44 X235=112 X236=45 X237=220 X238=126 X239=193 X240=241 X241=28 X242=297 X243=163 X244=190 X245=100 X246=73 X247=107 X248=257 X249=144 X250=74 X251=103 X252=55 X253=127 X254=252 X255=11 X256=43 X257=221 X258=166 X259=256 X260=165 X261=158 X262=237 X263=87 X264=157 X265=76 X266=205 X267=259 X268=192 X269=72 

   
   search
        run=0  nbConstraintChecks=5516  depth=(min:0,max:269,avg:1)  nbEffectivePropagations=287  nbRevisions=91330  nbUselessRevisions=91060
        nbAssignments=569  nbFailedAssignments=299  nbBacktracks=0  nbVisitedNodes=869  nbRestartNogoods=0  nbFoundSolutions=1
        upperBound=9223372036854775807
          =>  wckTime=73.898  cpuTime=75.891  mem=148M392

   
   global
        nbConstraintChecks=5516  nbEffectivePropagations=287  nbRevisions=91330  nbUselessRevisions=91060  nbRestartNogoods=0
        solvingWckTime=73.898  expiredTime=no  totalExploration=no  nbFoundSolutions=1  firstSolutionCpuTime=75.884  Stop=REACHED_GOAL
          =>  wckTime=75.948  cpuTime=75.892  mem=148M392

s SATISFIABLE
v X0=271 X1=172 X2=278 X3=277 X4=211 X5=298 X6=262 X7=82 X8=62 X9=284 X10=105 X11=171 X12=1 X13=132 X14=139 X15=140 X16=16 X17=117 X18=215 X19=84 X20=138 X21=261 X22=224 X23=70 X24=248 X25=19 X26=244 X27=255 X28=263 X29=279 X30=23 X31=247 X32=222 X33=251 X34=214 X35=181 X36=30 X37=9 X38=94 X39=31 X40=102 X41=46 X42=187 X43=114 X44=287 X45=32 X46=97 X47=91 X48=58 X49=229 X50=266 X51=36 X52=196 X53=213 X54=14 X55=289 X56=197 X57=65 X58=96 X59=123 X60=145 X61=170 X62=178 X63=226 X64=235 X65=90 X66=116 X67=85 X68=240 X69=275 X70=198 X71=236 X72=290 X73=38 X74=173 X75=128 X76=216 X77=131 X78=135 X79=15 X80=194 X81=83 X82=25 X83=200 X84=212 X85=227 X86=189 X87=267 X88=24 X89=296 X90=57 X91=258 X92=195 X93=52 X94=51 X95=42 X96=54 X97=286 X98=3 X99=146 X100=98 X101=26 X102=17 X103=265 X104=37 X105=169 X106=293 X107=66 X108=39 X109=230 X110=233 X111=253 X112=75 X113=245 X114=164 X115=148 X116=225 X117=29 X118=136 X119=104 X120=242 X121=219 X122=78 X123=68 X124=134 X125=67 X126=155 X127=274 X128=4 X129=59 X130=147 X131=71 X132=176 X133=283 X134=121 X135=294 X136=48 X137=260 X138=2 X139=153 X140=179 X141=161 X142=13 X143=12 X144=281 X145=93 X146=177 X147=188 X148=223 X149=291 X150=141 X151=122 X152=191 X153=184 X154=273 X155=151 X156=20 X157=168 X158=160 X159=239 X160=201 X161=152 X162=47 X163=125 X164=41 X165=99 X166=21 X167=218 X168=118 X169=64 X170=111 X171=204 X172=113 X173=124 X174=217 X175=142 X176=69 X177=154 X178=10 X179=101 X180=88 X181=249 X182=280 X183=133 X184=129 X185=202 X186=56 X187=232 X188=159 X189=282 X190=295 X191=22 X192=285 X193=269 X194=234 X195=183 X196=272 X197=40 X198=5 X199=149 X200=150 X201=53 X202=109 X203=238 X204=60 X205=120 X206=35 X207=243 X208=77 X209=174 X210=50 X211=130 X212=299 X213=86 X214=254 X215=49 X216=18 X217=89 X218=210 X219=268 X220=209 X221=6 X222=156 X223=231 X224=207 X225=61 X226=180 X227=115 X228=137 X229=182 X230=250 X231=95 X232=246 X233=8 X234=44 X235=112 X236=45 X237=220 X238=126 X239=193 X240=241 X241=28 X242=297 X243=163 X244=190 X245=100 X246=73 X247=107 X248=257 X249=144 X250=74 X251=103 X252=55 X253=127 X254=252 X255=11 X256=43 X257=221 X258=166 X259=256 X260=165 X261=158 X262=237 X263=87 X264=157 X265=76 X266=205 X267=259 X268=192 X269=72 
d NODES 569

   totalWckTime=75.851  totalCpuTime=75.892
