
   AbsCon 1.41 (January, 2014) - defaultConfiguration

   
   instance
        framework=CSP  name=Isomorphism-/cluster/gpg/ciaran/sip-benchmarks/benchmarks/scalefree/F.11/pattern-/cluster/gpg/ciaran/sip-benchmarks/benchmarks/scalefree/F.11/target
        parameters=/cluster/gpg/ciaran/sip-benchmarks/benchmarks/scalefree/F.11/pattern,/cluster/gpg/ciaran/sip-benchmarks/benchmarks/scalefree/F.11/target
      

   loading variables...
        nbVariables=270  nbDomainTypes=1  nbTotalValues=81000  domainSizes=(300:270)
          =>  wckTime=0.244  cpuTime=0.363  mem=8M127

   loading objectives...

   loading constraints...
        nbConstraints=5979  nbSpecificConstraints=1  nbExtensionStructures=(1,shared:5977)  nbConflictsStructures=(1,shared:5977,unbuilt:1)
        degrees=(18:3)(19:4)(20:6)...(192:1)(266:1)(269:1)  arities=(2:5978)(270:1)  types=(AllDifferent:1)(ConstraintHardExtensionV-Bits:5978)
          =>  wckTime=1.926  cpuTime=1.974  mem=174M355

   INFO : <!-- Start saving the XML representation -->

   INFO : <!-- Stop saving the XML representation of target.xml -->

   Solver SolverBacktrack being built... 
          =>  wckTime=2.268  cpuTime=2.281  mem=207M140

    instantiation X0=68 X1=298 X2=289 X3=250 X4=235 X5=241 X6=11 X7=270 X8=140 X9=190 X10=224 X11=167 X12=2 X13=80 X14=31 X15=254 X16=192 X17=36 X18=283 X19=261 X20=87 X21=244 X22=247 X23=159 X24=150 X25=122 X26=95 X27=48 X28=3 X29=17 X30=204 X31=279 X32=94 X33=203 X34=212 X35=107 X36=258 X37=267 X38=213 X39=65 X40=180 X41=45 X42=228 X43=93 X44=41 X45=253 X46=290 X47=51 X48=148 X49=137 X50=67 X51=293 X52=119 X53=129 X54=40 X55=295 X56=115 X57=273 X58=144 X59=205 X60=278 X61=275 X62=223 X63=29 X64=297 X65=222 X66=35 X67=185 X68=229 X69=133 X70=134 X71=288 X72=146 X73=161 X74=236 X75=116 X76=55 X77=189 X78=25 X79=124 X80=91 X81=173 X82=248 X83=218 X84=130 X85=187 X86=225 X87=237 X88=154 X89=156 X90=208 X91=259 X92=282 X93=24 X94=186 X95=66 X96=42 X97=79 X98=50 X99=28 X100=53 X101=172 X102=88 X103=251 X104=157 X105=263 X106=34 X107=90 X108=197 X109=166 X110=92 X111=98 X112=126 X113=201 X114=264 X115=109 X116=194 X117=231 X118=96 X119=232 X120=252 X121=246 X122=123 X123=242 X124=105 X125=174 X126=184 X127=175 X128=181 X129=149 X130=211 X131=182 X132=23 X133=266 X134=47 X135=22 X136=54 X137=188 X138=82 X139=138 X140=269 X141=292 X142=70 X143=286 X144=207 X145=280 X146=219 X147=145 X148=9 X149=272 X150=15 X151=170 X152=227 X153=101 X154=81 X155=114 X156=135 X157=1 X158=85 X159=183 X160=75 X161=271 X162=13 X163=243 X164=210 X165=120 X166=103 X167=64 X168=5 X169=239 X170=257 X171=215 X172=268 X173=128 X174=155 X175=0 X176=118 X177=86 X178=33 X179=26 X180=262 X181=125 X182=171 X183=72 X184=77 X185=245 X186=238 X187=176 X188=38 X189=291 X190=191 X191=209 X192=139 X193=285 X194=255 X195=193 X196=7 X197=260 X198=20 X199=56 X200=226 X201=89 X202=106 X203=160 X204=206 X205=276 X206=162 X207=202 X208=73 X209=287 X210=294 X211=8 X212=153 X213=46 X214=21 X215=196 X216=141 X217=179 X218=10 X219=63 X220=102 X221=299 X222=100 X223=169 X224=151 X225=136 X226=214 X227=43 X228=230 X229=158 X230=284 X231=83 X232=240 X233=132 X234=281 X235=112 X236=39 X237=220 X238=143 X239=57 X240=177 X241=296 X242=12 X243=19 X244=163 X245=71 X246=6 X247=49 X248=234 X249=52 X250=131 X251=256 X252=14 X253=199 X254=274 X255=249 X256=200 X257=104 X258=113 X259=216 X260=30 X261=277 X262=37 X263=62 X264=147 X265=168 X266=217 X267=178 X268=44 X269=221 

    solution X0=68 X1=298 X2=289 X3=250 X4=235 X5=241 X6=11 X7=270 X8=140 X9=190 X10=224 X11=167 X12=2 X13=80 X14=31 X15=254 X16=192 X17=36 X18=283 X19=261 X20=87 X21=244 X22=247 X23=159 X24=150 X25=122 X26=95 X27=48 X28=3 X29=17 X30=204 X31=279 X32=94 X33=203 X34=212 X35=107 X36=258 X37=267 X38=213 X39=65 X40=180 X41=45 X42=228 X43=93 X44=41 X45=253 X46=290 X47=51 X48=148 X49=137 X50=67 X51=293 X52=119 X53=129 X54=40 X55=295 X56=115 X57=273 X58=144 X59=205 X60=278 X61=275 X62=223 X63=29 X64=297 X65=222 X66=35 X67=185 X68=229 X69=133 X70=134 X71=288 X72=146 X73=161 X74=236 X75=116 X76=55 X77=189 X78=25 X79=124 X80=91 X81=173 X82=248 X83=218 X84=130 X85=187 X86=225 X87=237 X88=154 X89=156 X90=208 X91=259 X92=282 X93=24 X94=186 X95=66 X96=42 X97=79 X98=50 X99=28 X100=53 X101=172 X102=88 X103=251 X104=157 X105=263 X106=34 X107=90 X108=197 X109=166 X110=92 X111=98 X112=126 X113=201 X114=264 X115=109 X116=194 X117=231 X118=96 X119=232 X120=252 X121=246 X122=123 X123=242 X124=105 X125=174 X126=184 X127=175 X128=181 X129=149 X130=211 X131=182 X132=23 X133=266 X134=47 X135=22 X136=54 X137=188 X138=82 X139=138 X140=269 X141=292 X142=70 X143=286 X144=207 X145=280 X146=219 X147=145 X148=9 X149=272 X150=15 X151=170 X152=227 X153=101 X154=81 X155=114 X156=135 X157=1 X158=85 X159=183 X160=75 X161=271 X162=13 X163=243 X164=210 X165=120 X166=103 X167=64 X168=5 X169=239 X170=257 X171=215 X172=268 X173=128 X174=155 X175=0 X176=118 X177=86 X178=33 X179=26 X180=262 X181=125 X182=171 X183=72 X184=77 X185=245 X186=238 X187=176 X188=38 X189=291 X190=191 X191=209 X192=139 X193=285 X194=255 X195=193 X196=7 X197=260 X198=20 X199=56 X200=226 X201=89 X202=106 X203=160 X204=206 X205=276 X206=162 X207=202 X208=73 X209=287 X210=294 X211=8 X212=153 X213=46 X214=21 X215=196 X216=141 X217=179 X218=10 X219=63 X220=102 X221=299 X222=100 X223=169 X224=151 X225=136 X226=214 X227=43 X228=230 X229=158 X230=284 X231=83 X232=240 X233=132 X234=281 X235=112 X236=39 X237=220 X238=143 X239=57 X240=177 X241=296 X242=12 X243=19 X244=163 X245=71 X246=6 X247=49 X248=234 X249=52 X250=131 X251=256 X252=14 X253=199 X254=274 X255=249 X256=200 X257=104 X258=113 X259=216 X260=30 X261=277 X262=37 X263=62 X264=147 X265=168 X266=217 X267=178 X268=44 X269=221 

   
   search
        run=0  nbConstraintChecks=5979  depth=(min:0,max:269,avg:1)  nbEffectivePropagations=270  nbRevisions=92438  nbUselessRevisions=92170
        nbAssignments=569  nbFailedAssignments=299  nbBacktracks=0  nbVisitedNodes=869  nbRestartNogoods=0  nbFoundSolutions=1
        upperBound=9223372036854775807
          =>  wckTime=72.402  cpuTime=74.461  mem=299M727

   
   global
        nbConstraintChecks=5979  nbEffectivePropagations=270  nbRevisions=92438  nbUselessRevisions=92170  nbRestartNogoods=0
        solvingWckTime=72.402  expiredTime=no  totalExploration=no  nbFoundSolutions=1  firstSolutionCpuTime=74.452  Stop=REACHED_GOAL
          =>  wckTime=74.67  cpuTime=74.461  mem=299M727

s SATISFIABLE
v X0=68 X1=298 X2=289 X3=250 X4=235 X5=241 X6=11 X7=270 X8=140 X9=190 X10=224 X11=167 X12=2 X13=80 X14=31 X15=254 X16=192 X17=36 X18=283 X19=261 X20=87 X21=244 X22=247 X23=159 X24=150 X25=122 X26=95 X27=48 X28=3 X29=17 X30=204 X31=279 X32=94 X33=203 X34=212 X35=107 X36=258 X37=267 X38=213 X39=65 X40=180 X41=45 X42=228 X43=93 X44=41 X45=253 X46=290 X47=51 X48=148 X49=137 X50=67 X51=293 X52=119 X53=129 X54=40 X55=295 X56=115 X57=273 X58=144 X59=205 X60=278 X61=275 X62=223 X63=29 X64=297 X65=222 X66=35 X67=185 X68=229 X69=133 X70=134 X71=288 X72=146 X73=161 X74=236 X75=116 X76=55 X77=189 X78=25 X79=124 X80=91 X81=173 X82=248 X83=218 X84=130 X85=187 X86=225 X87=237 X88=154 X89=156 X90=208 X91=259 X92=282 X93=24 X94=186 X95=66 X96=42 X97=79 X98=50 X99=28 X100=53 X101=172 X102=88 X103=251 X104=157 X105=263 X106=34 X107=90 X108=197 X109=166 X110=92 X111=98 X112=126 X113=201 X114=264 X115=109 X116=194 X117=231 X118=96 X119=232 X120=252 X121=246 X122=123 X123=242 X124=105 X125=174 X126=184 X127=175 X128=181 X129=149 X130=211 X131=182 X132=23 X133=266 X134=47 X135=22 X136=54 X137=188 X138=82 X139=138 X140=269 X141=292 X142=70 X143=286 X144=207 X145=280 X146=219 X147=145 X148=9 X149=272 X150=15 X151=170 X152=227 X153=101 X154=81 X155=114 X156=135 X157=1 X158=85 X159=183 X160=75 X161=271 X162=13 X163=243 X164=210 X165=120 X166=103 X167=64 X168=5 X169=239 X170=257 X171=215 X172=268 X173=128 X174=155 X175=0 X176=118 X177=86 X178=33 X179=26 X180=262 X181=125 X182=171 X183=72 X184=77 X185=245 X186=238 X187=176 X188=38 X189=291 X190=191 X191=209 X192=139 X193=285 X194=255 X195=193 X196=7 X197=260 X198=20 X199=56 X200=226 X201=89 X202=106 X203=160 X204=206 X205=276 X206=162 X207=202 X208=73 X209=287 X210=294 X211=8 X212=153 X213=46 X214=21 X215=196 X216=141 X217=179 X218=10 X219=63 X220=102 X221=299 X222=100 X223=169 X224=151 X225=136 X226=214 X227=43 X228=230 X229=158 X230=284 X231=83 X232=240 X233=132 X234=281 X235=112 X236=39 X237=220 X238=143 X239=57 X240=177 X241=296 X242=12 X243=19 X244=163 X245=71 X246=6 X247=49 X248=234 X249=52 X250=131 X251=256 X252=14 X253=199 X254=274 X255=249 X256=200 X257=104 X258=113 X259=216 X260=30 X261=277 X262=37 X263=62 X264=147 X265=168 X266=217 X267=178 X268=44 X269=221 
d NODES 569

   totalWckTime=74.568  totalCpuTime=74.461
