
   AbsCon 1.41 (January, 2014) - defaultConfiguration

   
   instance
        framework=CSP  name=Isomorphism-/cluster/gpg/ciaran/sip-benchmarks/benchmarks/scalefree/F.12/pattern-/cluster/gpg/ciaran/sip-benchmarks/benchmarks/scalefree/F.12/target
        parameters=/cluster/gpg/ciaran/sip-benchmarks/benchmarks/scalefree/F.12/pattern,/cluster/gpg/ciaran/sip-benchmarks/benchmarks/scalefree/F.12/target
      

   loading variables...
        nbVariables=270  nbDomainTypes=1  nbTotalValues=81000  domainSizes=(300:270)
          =>  wckTime=0.229  cpuTime=0.333  mem=7M840

   loading objectives...

   loading constraints...
        nbConstraints=5783  nbSpecificConstraints=1  nbExtensionStructures=(1,shared:5781)  nbConflictsStructures=(1,shared:5781,unbuilt:1)
        degrees=(17:1)(18:1)(19:7)...(175:1)(193:1)(229:1)  arities=(2:5782)(270:1)  types=(AllDifferent:1)(ConstraintHardExtensionV-Bits:5782)
          =>  wckTime=1.792  cpuTime=1.816  mem=137M150

   INFO : <!-- Start saving the XML representation -->

   INFO : <!-- Stop saving the XML representation of target.xml -->

   Solver SolverBacktrack being built... 
          =>  wckTime=2.173  cpuTime=2.164  mem=173M505

    instantiation X0=0 X1=89 X2=218 X3=242 X4=36 X5=69 X6=16 X7=203 X8=241 X9=251 X10=296 X11=156 X12=8 X13=265 X14=144 X15=210 X16=134 X17=44 X18=100 X19=108 X20=99 X21=289 X22=149 X23=258 X24=165 X25=96 X26=174 X27=205 X28=274 X29=109 X30=145 X31=287 X32=214 X33=111 X34=253 X35=279 X36=173 X37=19 X38=77 X39=14 X40=104 X41=171 X42=176 X43=243 X44=150 X45=184 X46=166 X47=116 X48=2 X49=10 X50=23 X51=193 X52=162 X53=24 X54=183 X55=139 X56=21 X57=271 X58=42 X59=49 X60=35 X61=249 X62=220 X63=4 X64=160 X65=58 X66=283 X67=43 X68=221 X69=181 X70=39 X71=282 X72=229 X73=169 X74=60 X75=75 X76=182 X77=64 X78=248 X79=101 X80=164 X81=177 X82=266 X83=299 X84=54 X85=7 X86=233 X87=240 X88=147 X89=231 X90=158 X91=34 X92=224 X93=209 X94=118 X95=157 X96=257 X97=208 X98=186 X99=286 X100=40 X101=215 X102=236 X103=195 X104=168 X105=32 X106=290 X107=167 X108=87 X109=67 X110=222 X111=291 X112=66 X113=225 X114=194 X115=197 X116=105 X117=31 X118=264 X119=78 X120=71 X121=199 X122=202 X123=98 X124=25 X125=30 X126=22 X127=216 X128=103 X129=120 X130=246 X131=247 X132=267 X133=275 X134=213 X135=268 X136=276 X137=112 X138=18 X139=294 X140=196 X141=146 X142=84 X143=51 X144=212 X145=50 X146=128 X147=234 X148=5 X149=256 X150=97 X151=262 X152=3 X153=269 X154=125 X155=26 X156=153 X157=29 X158=129 X159=65 X160=37 X161=207 X162=239 X163=188 X164=191 X165=192 X166=117 X167=261 X168=295 X169=48 X170=61 X171=285 X172=41 X173=122 X174=132 X175=124 X176=175 X177=92 X178=180 X179=11 X180=244 X181=85 X182=130 X183=15 X184=161 X185=211 X186=292 X187=80 X188=6 X189=107 X190=154 X191=293 X192=73 X193=119 X194=131 X195=82 X196=127 X197=273 X198=288 X199=140 X200=81 X201=179 X202=55 X203=52 X204=219 X205=137 X206=235 X207=59 X208=280 X209=297 X210=263 X211=17 X212=141 X213=20 X214=28 X215=45 X216=13 X217=178 X218=91 X219=33 X220=76 X221=189 X222=68 X223=217 X224=70 X225=270 X226=230 X227=123 X228=260 X229=190 X230=136 X231=113 X232=298 X233=237 X234=204 X235=163 X236=106 X237=90 X238=83 X239=281 X240=200 X241=148 X242=102 X243=86 X244=255 X245=259 X246=121 X247=114 X248=46 X249=138 X250=57 X251=223 X252=93 X253=226 X254=228 X255=172 X256=1 X257=250 X258=232 X259=284 X260=227 X261=277 X262=198 X263=126 X264=135 X265=143 X266=115 X267=278 X268=27 X269=152 

    solution X0=0 X1=89 X2=218 X3=242 X4=36 X5=69 X6=16 X7=203 X8=241 X9=251 X10=296 X11=156 X12=8 X13=265 X14=144 X15=210 X16=134 X17=44 X18=100 X19=108 X20=99 X21=289 X22=149 X23=258 X24=165 X25=96 X26=174 X27=205 X28=274 X29=109 X30=145 X31=287 X32=214 X33=111 X34=253 X35=279 X36=173 X37=19 X38=77 X39=14 X40=104 X41=171 X42=176 X43=243 X44=150 X45=184 X46=166 X47=116 X48=2 X49=10 X50=23 X51=193 X52=162 X53=24 X54=183 X55=139 X56=21 X57=271 X58=42 X59=49 X60=35 X61=249 X62=220 X63=4 X64=160 X65=58 X66=283 X67=43 X68=221 X69=181 X70=39 X71=282 X72=229 X73=169 X74=60 X75=75 X76=182 X77=64 X78=248 X79=101 X80=164 X81=177 X82=266 X83=299 X84=54 X85=7 X86=233 X87=240 X88=147 X89=231 X90=158 X91=34 X92=224 X93=209 X94=118 X95=157 X96=257 X97=208 X98=186 X99=286 X100=40 X101=215 X102=236 X103=195 X104=168 X105=32 X106=290 X107=167 X108=87 X109=67 X110=222 X111=291 X112=66 X113=225 X114=194 X115=197 X116=105 X117=31 X118=264 X119=78 X120=71 X121=199 X122=202 X123=98 X124=25 X125=30 X126=22 X127=216 X128=103 X129=120 X130=246 X131=247 X132=267 X133=275 X134=213 X135=268 X136=276 X137=112 X138=18 X139=294 X140=196 X141=146 X142=84 X143=51 X144=212 X145=50 X146=128 X147=234 X148=5 X149=256 X150=97 X151=262 X152=3 X153=269 X154=125 X155=26 X156=153 X157=29 X158=129 X159=65 X160=37 X161=207 X162=239 X163=188 X164=191 X165=192 X166=117 X167=261 X168=295 X169=48 X170=61 X171=285 X172=41 X173=122 X174=132 X175=124 X176=175 X177=92 X178=180 X179=11 X180=244 X181=85 X182=130 X183=15 X184=161 X185=211 X186=292 X187=80 X188=6 X189=107 X190=154 X191=293 X192=73 X193=119 X194=131 X195=82 X196=127 X197=273 X198=288 X199=140 X200=81 X201=179 X202=55 X203=52 X204=219 X205=137 X206=235 X207=59 X208=280 X209=297 X210=263 X211=17 X212=141 X213=20 X214=28 X215=45 X216=13 X217=178 X218=91 X219=33 X220=76 X221=189 X222=68 X223=217 X224=70 X225=270 X226=230 X227=123 X228=260 X229=190 X230=136 X231=113 X232=298 X233=237 X234=204 X235=163 X236=106 X237=90 X238=83 X239=281 X240=200 X241=148 X242=102 X243=86 X244=255 X245=259 X246=121 X247=114 X248=46 X249=138 X250=57 X251=223 X252=93 X253=226 X254=228 X255=172 X256=1 X257=250 X258=232 X259=284 X260=227 X261=277 X262=198 X263=126 X264=135 X265=143 X266=115 X267=278 X268=27 X269=152 

   
   search
        run=0  nbConstraintChecks=5783  depth=(min:0,max:269,avg:1)  nbEffectivePropagations=1188  nbRevisions=90698  nbUselessRevisions=89558
        nbAssignments=569  nbFailedAssignments=299  nbBacktracks=0  nbVisitedNodes=869  nbRestartNogoods=0  nbFoundSolutions=1
        upperBound=9223372036854775807
          =>  wckTime=63.781  cpuTime=65.761  mem=148M336

   
   global
        nbConstraintChecks=5783  nbEffectivePropagations=1188  nbRevisions=90698  nbUselessRevisions=89558  nbRestartNogoods=0
        solvingWckTime=63.781  expiredTime=no  totalExploration=no  nbFoundSolutions=1  firstSolutionCpuTime=65.753  Stop=REACHED_GOAL
          =>  wckTime=65.955  cpuTime=65.762  mem=148M336

s SATISFIABLE
v X0=0 X1=89 X2=218 X3=242 X4=36 X5=69 X6=16 X7=203 X8=241 X9=251 X10=296 X11=156 X12=8 X13=265 X14=144 X15=210 X16=134 X17=44 X18=100 X19=108 X20=99 X21=289 X22=149 X23=258 X24=165 X25=96 X26=174 X27=205 X28=274 X29=109 X30=145 X31=287 X32=214 X33=111 X34=253 X35=279 X36=173 X37=19 X38=77 X39=14 X40=104 X41=171 X42=176 X43=243 X44=150 X45=184 X46=166 X47=116 X48=2 X49=10 X50=23 X51=193 X52=162 X53=24 X54=183 X55=139 X56=21 X57=271 X58=42 X59=49 X60=35 X61=249 X62=220 X63=4 X64=160 X65=58 X66=283 X67=43 X68=221 X69=181 X70=39 X71=282 X72=229 X73=169 X74=60 X75=75 X76=182 X77=64 X78=248 X79=101 X80=164 X81=177 X82=266 X83=299 X84=54 X85=7 X86=233 X87=240 X88=147 X89=231 X90=158 X91=34 X92=224 X93=209 X94=118 X95=157 X96=257 X97=208 X98=186 X99=286 X100=40 X101=215 X102=236 X103=195 X104=168 X105=32 X106=290 X107=167 X108=87 X109=67 X110=222 X111=291 X112=66 X113=225 X114=194 X115=197 X116=105 X117=31 X118=264 X119=78 X120=71 X121=199 X122=202 X123=98 X124=25 X125=30 X126=22 X127=216 X128=103 X129=120 X130=246 X131=247 X132=267 X133=275 X134=213 X135=268 X136=276 X137=112 X138=18 X139=294 X140=196 X141=146 X142=84 X143=51 X144=212 X145=50 X146=128 X147=234 X148=5 X149=256 X150=97 X151=262 X152=3 X153=269 X154=125 X155=26 X156=153 X157=29 X158=129 X159=65 X160=37 X161=207 X162=239 X163=188 X164=191 X165=192 X166=117 X167=261 X168=295 X169=48 X170=61 X171=285 X172=41 X173=122 X174=132 X175=124 X176=175 X177=92 X178=180 X179=11 X180=244 X181=85 X182=130 X183=15 X184=161 X185=211 X186=292 X187=80 X188=6 X189=107 X190=154 X191=293 X192=73 X193=119 X194=131 X195=82 X196=127 X197=273 X198=288 X199=140 X200=81 X201=179 X202=55 X203=52 X204=219 X205=137 X206=235 X207=59 X208=280 X209=297 X210=263 X211=17 X212=141 X213=20 X214=28 X215=45 X216=13 X217=178 X218=91 X219=33 X220=76 X221=189 X222=68 X223=217 X224=70 X225=270 X226=230 X227=123 X228=260 X229=190 X230=136 X231=113 X232=298 X233=237 X234=204 X235=163 X236=106 X237=90 X238=83 X239=281 X240=200 X241=148 X242=102 X243=86 X244=255 X245=259 X246=121 X247=114 X248=46 X249=138 X250=57 X251=223 X252=93 X253=226 X254=228 X255=172 X256=1 X257=250 X258=232 X259=284 X260=227 X261=277 X262=198 X263=126 X264=135 X265=143 X266=115 X267=278 X268=27 X269=152 
d NODES 569

   totalWckTime=65.849  totalCpuTime=65.762
