
   AbsCon 1.41 (January, 2014) - defaultConfiguration

   
   instance
        framework=CSP  name=Isomorphism-/cluster/gpg/ciaran/sip-benchmarks/benchmarks/scalefree/F.13/pattern-/cluster/gpg/ciaran/sip-benchmarks/benchmarks/scalefree/F.13/target
        parameters=/cluster/gpg/ciaran/sip-benchmarks/benchmarks/scalefree/F.13/pattern,/cluster/gpg/ciaran/sip-benchmarks/benchmarks/scalefree/F.13/target
      

   loading variables...
        nbVariables=270  nbDomainTypes=1  nbTotalValues=81000  domainSizes=(300:270)
          =>  wckTime=0.223  cpuTime=0.333  mem=7M698

   loading objectives...

   loading constraints...
        nbConstraints=5252  nbSpecificConstraints=1  nbExtensionStructures=(1,shared:5250)  nbConflictsStructures=(1,shared:5250,unbuilt:1)
        degrees=(15:1)(17:3)(18:12)...(200:1)(204:1)(210:1)  arities=(2:5251)(270:1)  types=(AllDifferent:1)(ConstraintHardExtensionV-Bits:5251)
          =>  wckTime=1.653  cpuTime=1.709  mem=42M207

   INFO : <!-- Start saving the XML representation -->

   INFO : <!-- Stop saving the XML representation of target.xml -->

   Solver SolverBacktrack being built... 
          =>  wckTime=1.982  cpuTime=2.006  mem=77M723

    instantiation X0=41 X1=245 X2=201 X3=140 X4=65 X5=186 X6=229 X7=218 X8=226 X9=217 X10=124 X11=252 X12=134 X13=223 X14=299 X15=77 X16=48 X17=222 X18=72 X19=103 X20=170 X21=90 X22=74 X23=45 X24=4 X25=242 X26=111 X27=192 X28=164 X29=250 X30=235 X31=259 X32=146 X33=210 X34=208 X35=183 X36=66 X37=283 X38=279 X39=96 X40=292 X41=246 X42=135 X43=34 X44=278 X45=199 X46=145 X47=212 X48=97 X49=215 X50=198 X51=81 X52=13 X53=116 X54=16 X55=167 X56=17 X57=126 X58=171 X59=264 X60=68 X61=70 X62=139 X63=213 X64=168 X65=43 X66=276 X67=1 X68=69 X69=73 X70=108 X71=188 X72=95 X73=121 X74=163 X75=75 X76=225 X77=200 X78=172 X79=285 X80=256 X81=291 X82=150 X83=288 X84=38 X85=237 X86=105 X87=258 X88=142 X89=57 X90=268 X91=52 X92=14 X93=118 X94=152 X95=181 X96=30 X97=79 X98=180 X99=49 X100=209 X101=185 X102=270 X103=132 X104=280 X105=55 X106=130 X107=87 X108=160 X109=88 X110=120 X111=25 X112=32 X113=61 X114=67 X115=295 X116=233 X117=2 X118=106 X119=178 X120=110 X121=175 X122=154 X123=149 X124=156 X125=137 X126=219 X127=15 X128=224 X129=29 X130=131 X131=112 X132=206 X133=56 X134=136 X135=220 X136=9 X137=184 X138=60 X139=117 X140=58 X141=234 X142=62 X143=71 X144=193 X145=128 X146=84 X147=194 X148=266 X149=24 X150=51 X151=47 X152=109 X153=262 X154=148 X155=263 X156=239 X157=196 X158=99 X159=261 X160=157 X161=166 X162=143 X163=78 X164=44 X165=125 X166=64 X167=46 X168=274 X169=85 X170=138 X171=197 X172=28 X173=195 X174=82 X175=227 X176=89 X177=102 X178=141 X179=5 X180=267 X181=59 X182=249 X183=241 X184=243 X185=286 X186=275 X187=26 X188=176 X189=297 X190=238 X191=54 X192=83 X193=31 X194=281 X195=10 X196=159 X197=35 X198=127 X199=240 X200=6 X201=287 X202=161 X203=293 X204=236 X205=12 X206=53 X207=40 X208=207 X209=216 X210=39 X211=205 X212=228 X213=20 X214=244 X215=18 X216=155 X217=93 X218=247 X219=230 X220=273 X221=36 X222=80 X223=211 X224=260 X225=289 X226=19 X227=114 X228=232 X229=94 X230=282 X231=27 X232=144 X233=147 X234=214 X235=177 X236=76 X237=231 X238=22 X239=248 X240=294 X241=272 X242=296 X243=115 X244=255 X245=277 X246=104 X247=23 X248=7 X249=11 X250=189 X251=158 X252=179 X253=101 X254=151 X255=122 X256=107 X257=42 X258=86 X259=113 X260=265 X261=191 X262=173 X263=284 X264=92 X265=165 X266=133 X267=100 X268=174 X269=63 

    solution X0=41 X1=245 X2=201 X3=140 X4=65 X5=186 X6=229 X7=218 X8=226 X9=217 X10=124 X11=252 X12=134 X13=223 X14=299 X15=77 X16=48 X17=222 X18=72 X19=103 X20=170 X21=90 X22=74 X23=45 X24=4 X25=242 X26=111 X27=192 X28=164 X29=250 X30=235 X31=259 X32=146 X33=210 X34=208 X35=183 X36=66 X37=283 X38=279 X39=96 X40=292 X41=246 X42=135 X43=34 X44=278 X45=199 X46=145 X47=212 X48=97 X49=215 X50=198 X51=81 X52=13 X53=116 X54=16 X55=167 X56=17 X57=126 X58=171 X59=264 X60=68 X61=70 X62=139 X63=213 X64=168 X65=43 X66=276 X67=1 X68=69 X69=73 X70=108 X71=188 X72=95 X73=121 X74=163 X75=75 X76=225 X77=200 X78=172 X79=285 X80=256 X81=291 X82=150 X83=288 X84=38 X85=237 X86=105 X87=258 X88=142 X89=57 X90=268 X91=52 X92=14 X93=118 X94=152 X95=181 X96=30 X97=79 X98=180 X99=49 X100=209 X101=185 X102=270 X103=132 X104=280 X105=55 X106=130 X107=87 X108=160 X109=88 X110=120 X111=25 X112=32 X113=61 X114=67 X115=295 X116=233 X117=2 X118=106 X119=178 X120=110 X121=175 X122=154 X123=149 X124=156 X125=137 X126=219 X127=15 X128=224 X129=29 X130=131 X131=112 X132=206 X133=56 X134=136 X135=220 X136=9 X137=184 X138=60 X139=117 X140=58 X141=234 X142=62 X143=71 X144=193 X145=128 X146=84 X147=194 X148=266 X149=24 X150=51 X151=47 X152=109 X153=262 X154=148 X155=263 X156=239 X157=196 X158=99 X159=261 X160=157 X161=166 X162=143 X163=78 X164=44 X165=125 X166=64 X167=46 X168=274 X169=85 X170=138 X171=197 X172=28 X173=195 X174=82 X175=227 X176=89 X177=102 X178=141 X179=5 X180=267 X181=59 X182=249 X183=241 X184=243 X185=286 X186=275 X187=26 X188=176 X189=297 X190=238 X191=54 X192=83 X193=31 X194=281 X195=10 X196=159 X197=35 X198=127 X199=240 X200=6 X201=287 X202=161 X203=293 X204=236 X205=12 X206=53 X207=40 X208=207 X209=216 X210=39 X211=205 X212=228 X213=20 X214=244 X215=18 X216=155 X217=93 X218=247 X219=230 X220=273 X221=36 X222=80 X223=211 X224=260 X225=289 X226=19 X227=114 X228=232 X229=94 X230=282 X231=27 X232=144 X233=147 X234=214 X235=177 X236=76 X237=231 X238=22 X239=248 X240=294 X241=272 X242=296 X243=115 X244=255 X245=277 X246=104 X247=23 X248=7 X249=11 X250=189 X251=158 X252=179 X253=101 X254=151 X255=122 X256=107 X257=42 X258=86 X259=113 X260=265 X261=191 X262=173 X263=284 X264=92 X265=165 X266=133 X267=100 X268=174 X269=63 

   
   search
        run=0  nbConstraintChecks=5252  depth=(min:0,max:269,avg:1)  nbEffectivePropagations=1756  nbRevisions=102217  nbUselessRevisions=100812
        nbAssignments=569  nbFailedAssignments=299  nbBacktracks=0  nbVisitedNodes=869  nbRestartNogoods=0  nbFoundSolutions=1
        upperBound=9223372036854775807
          =>  wckTime=59.633  cpuTime=61.579  mem=250M105

   
   global
        nbConstraintChecks=5252  nbEffectivePropagations=1756  nbRevisions=102217  nbUselessRevisions=100812  nbRestartNogoods=0
        solvingWckTime=59.634  expiredTime=no  totalExploration=no  nbFoundSolutions=1  firstSolutionCpuTime=61.57  Stop=REACHED_GOAL
          =>  wckTime=61.617  cpuTime=61.58  mem=250M105

s SATISFIABLE
v X0=41 X1=245 X2=201 X3=140 X4=65 X5=186 X6=229 X7=218 X8=226 X9=217 X10=124 X11=252 X12=134 X13=223 X14=299 X15=77 X16=48 X17=222 X18=72 X19=103 X20=170 X21=90 X22=74 X23=45 X24=4 X25=242 X26=111 X27=192 X28=164 X29=250 X30=235 X31=259 X32=146 X33=210 X34=208 X35=183 X36=66 X37=283 X38=279 X39=96 X40=292 X41=246 X42=135 X43=34 X44=278 X45=199 X46=145 X47=212 X48=97 X49=215 X50=198 X51=81 X52=13 X53=116 X54=16 X55=167 X56=17 X57=126 X58=171 X59=264 X60=68 X61=70 X62=139 X63=213 X64=168 X65=43 X66=276 X67=1 X68=69 X69=73 X70=108 X71=188 X72=95 X73=121 X74=163 X75=75 X76=225 X77=200 X78=172 X79=285 X80=256 X81=291 X82=150 X83=288 X84=38 X85=237 X86=105 X87=258 X88=142 X89=57 X90=268 X91=52 X92=14 X93=118 X94=152 X95=181 X96=30 X97=79 X98=180 X99=49 X100=209 X101=185 X102=270 X103=132 X104=280 X105=55 X106=130 X107=87 X108=160 X109=88 X110=120 X111=25 X112=32 X113=61 X114=67 X115=295 X116=233 X117=2 X118=106 X119=178 X120=110 X121=175 X122=154 X123=149 X124=156 X125=137 X126=219 X127=15 X128=224 X129=29 X130=131 X131=112 X132=206 X133=56 X134=136 X135=220 X136=9 X137=184 X138=60 X139=117 X140=58 X141=234 X142=62 X143=71 X144=193 X145=128 X146=84 X147=194 X148=266 X149=24 X150=51 X151=47 X152=109 X153=262 X154=148 X155=263 X156=239 X157=196 X158=99 X159=261 X160=157 X161=166 X162=143 X163=78 X164=44 X165=125 X166=64 X167=46 X168=274 X169=85 X170=138 X171=197 X172=28 X173=195 X174=82 X175=227 X176=89 X177=102 X178=141 X179=5 X180=267 X181=59 X182=249 X183=241 X184=243 X185=286 X186=275 X187=26 X188=176 X189=297 X190=238 X191=54 X192=83 X193=31 X194=281 X195=10 X196=159 X197=35 X198=127 X199=240 X200=6 X201=287 X202=161 X203=293 X204=236 X205=12 X206=53 X207=40 X208=207 X209=216 X210=39 X211=205 X212=228 X213=20 X214=244 X215=18 X216=155 X217=93 X218=247 X219=230 X220=273 X221=36 X222=80 X223=211 X224=260 X225=289 X226=19 X227=114 X228=232 X229=94 X230=282 X231=27 X232=144 X233=147 X234=214 X235=177 X236=76 X237=231 X238=22 X239=248 X240=294 X241=272 X242=296 X243=115 X244=255 X245=277 X246=104 X247=23 X248=7 X249=11 X250=189 X251=158 X252=179 X253=101 X254=151 X255=122 X256=107 X257=42 X258=86 X259=113 X260=265 X261=191 X262=173 X263=284 X264=92 X265=165 X266=133 X267=100 X268=174 X269=63 
d NODES 569

   totalWckTime=61.518  totalCpuTime=61.581
