
   AbsCon 1.41 (January, 2014) - defaultConfiguration

   
   instance
        framework=CSP  name=Isomorphism-/cluster/gpg/ciaran/sip-benchmarks/benchmarks/scalefree/F.14/pattern-/cluster/gpg/ciaran/sip-benchmarks/benchmarks/scalefree/F.14/target
        parameters=/cluster/gpg/ciaran/sip-benchmarks/benchmarks/scalefree/F.14/pattern,/cluster/gpg/ciaran/sip-benchmarks/benchmarks/scalefree/F.14/target
      

   loading variables...
        nbVariables=270  nbDomainTypes=1  nbTotalValues=81000  domainSizes=(300:270)
          =>  wckTime=0.223  cpuTime=0.348  mem=8M551

   loading objectives...

   loading constraints...
        nbConstraints=5392  nbSpecificConstraints=1  nbExtensionStructures=(1,shared:5390)  nbConflictsStructures=(1,shared:5390,unbuilt:1)
        degrees=(18:4)(19:14)(20:12)...(213:1)(228:1)(232:1)  arities=(2:5391)(270:1)  types=(AllDifferent:1)(ConstraintHardExtensionV-Bits:5391)
          =>  wckTime=2.704  cpuTime=2.767  mem=67M396

   INFO : <!-- Start saving the XML representation -->

   INFO : <!-- Stop saving the XML representation of target.xml -->

   Solver SolverBacktrack being built... 
          =>  wckTime=3.06  cpuTime=3.088  mem=105M909

    instantiation X0=42 X1=278 X2=211 X3=255 X4=54 X5=293 X6=119 X7=239 X8=127 X9=68 X10=66 X11=35 X12=113 X13=185 X14=12 X15=17 X16=48 X17=3 X18=234 X19=7 X20=156 X21=142 X22=28 X23=264 X24=214 X25=183 X26=277 X27=49 X28=154 X29=117 X30=77 X31=229 X32=98 X33=150 X34=158 X35=263 X36=81 X37=177 X38=220 X39=296 X40=40 X41=90 X42=51 X43=25 X44=257 X45=265 X46=79 X47=182 X48=63 X49=280 X50=194 X51=241 X52=91 X53=254 X54=23 X55=249 X56=136 X57=31 X58=129 X59=273 X60=153 X61=242 X62=240 X63=78 X64=299 X65=297 X66=222 X67=195 X68=267 X69=216 X70=18 X71=100 X72=141 X73=275 X74=61 X75=269 X76=261 X77=22 X78=251 X79=111 X80=89 X81=192 X82=161 X83=282 X84=284 X85=102 X86=199 X87=274 X88=252 X89=0 X90=181 X91=72 X92=55 X93=193 X94=57 X95=246 X96=176 X97=281 X98=85 X99=9 X100=159 X101=27 X102=178 X103=146 X104=109 X105=94 X106=149 X107=215 X108=46 X109=138 X110=204 X111=133 X112=92 X113=213 X114=218 X115=262 X116=52 X117=103 X118=288 X119=132 X120=2 X121=107 X122=271 X123=101 X124=69 X125=87 X126=45 X127=19 X128=162 X129=231 X130=95 X131=1 X132=58 X133=29 X134=20 X135=84 X136=53 X137=99 X138=44 X139=180 X140=245 X141=290 X142=208 X143=232 X144=110 X145=173 X146=76 X147=201 X148=131 X149=144 X150=186 X151=205 X152=221 X153=38 X154=244 X155=197 X156=88 X157=286 X158=130 X159=174 X160=32 X161=148 X162=123 X163=62 X164=104 X165=202 X166=227 X167=137 X168=258 X169=206 X170=120 X171=135 X172=189 X173=203 X174=285 X175=140 X176=10 X177=6 X178=82 X179=259 X180=114 X181=124 X182=50 X183=64 X184=268 X185=187 X186=276 X187=272 X188=250 X189=224 X190=143 X191=236 X192=291 X193=116 X194=128 X195=294 X196=228 X197=247 X198=223 X199=210 X200=226 X201=270 X202=207 X203=37 X204=172 X205=139 X206=59 X207=168 X208=16 X209=105 X210=121 X211=198 X212=41 X213=152 X214=171 X215=292 X216=243 X217=24 X218=167 X219=15 X220=253 X221=97 X222=160 X223=83 X224=86 X225=248 X226=295 X227=26 X228=151 X229=230 X230=4 X231=47 X232=200 X233=237 X234=122 X235=289 X236=134 X237=157 X238=217 X239=115 X240=147 X241=191 X242=196 X243=106 X244=190 X245=209 X246=125 X247=36 X248=96 X249=71 X250=14 X251=74 X252=108 X253=235 X254=39 X255=283 X256=73 X257=256 X258=43 X259=65 X260=13 X261=188 X262=60 X263=163 X264=184 X265=75 X266=219 X267=225 X268=266 X269=298 

    solution X0=42 X1=278 X2=211 X3=255 X4=54 X5=293 X6=119 X7=239 X8=127 X9=68 X10=66 X11=35 X12=113 X13=185 X14=12 X15=17 X16=48 X17=3 X18=234 X19=7 X20=156 X21=142 X22=28 X23=264 X24=214 X25=183 X26=277 X27=49 X28=154 X29=117 X30=77 X31=229 X32=98 X33=150 X34=158 X35=263 X36=81 X37=177 X38=220 X39=296 X40=40 X41=90 X42=51 X43=25 X44=257 X45=265 X46=79 X47=182 X48=63 X49=280 X50=194 X51=241 X52=91 X53=254 X54=23 X55=249 X56=136 X57=31 X58=129 X59=273 X60=153 X61=242 X62=240 X63=78 X64=299 X65=297 X66=222 X67=195 X68=267 X69=216 X70=18 X71=100 X72=141 X73=275 X74=61 X75=269 X76=261 X77=22 X78=251 X79=111 X80=89 X81=192 X82=161 X83=282 X84=284 X85=102 X86=199 X87=274 X88=252 X89=0 X90=181 X91=72 X92=55 X93=193 X94=57 X95=246 X96=176 X97=281 X98=85 X99=9 X100=159 X101=27 X102=178 X103=146 X104=109 X105=94 X106=149 X107=215 X108=46 X109=138 X110=204 X111=133 X112=92 X113=213 X114=218 X115=262 X116=52 X117=103 X118=288 X119=132 X120=2 X121=107 X122=271 X123=101 X124=69 X125=87 X126=45 X127=19 X128=162 X129=231 X130=95 X131=1 X132=58 X133=29 X134=20 X135=84 X136=53 X137=99 X138=44 X139=180 X140=245 X141=290 X142=208 X143=232 X144=110 X145=173 X146=76 X147=201 X148=131 X149=144 X150=186 X151=205 X152=221 X153=38 X154=244 X155=197 X156=88 X157=286 X158=130 X159=174 X160=32 X161=148 X162=123 X163=62 X164=104 X165=202 X166=227 X167=137 X168=258 X169=206 X170=120 X171=135 X172=189 X173=203 X174=285 X175=140 X176=10 X177=6 X178=82 X179=259 X180=114 X181=124 X182=50 X183=64 X184=268 X185=187 X186=276 X187=272 X188=250 X189=224 X190=143 X191=236 X192=291 X193=116 X194=128 X195=294 X196=228 X197=247 X198=223 X199=210 X200=226 X201=270 X202=207 X203=37 X204=172 X205=139 X206=59 X207=168 X208=16 X209=105 X210=121 X211=198 X212=41 X213=152 X214=171 X215=292 X216=243 X217=24 X218=167 X219=15 X220=253 X221=97 X222=160 X223=83 X224=86 X225=248 X226=295 X227=26 X228=151 X229=230 X230=4 X231=47 X232=200 X233=237 X234=122 X235=289 X236=134 X237=157 X238=217 X239=115 X240=147 X241=191 X242=196 X243=106 X244=190 X245=209 X246=125 X247=36 X248=96 X249=71 X250=14 X251=74 X252=108 X253=235 X254=39 X255=283 X256=73 X257=256 X258=43 X259=65 X260=13 X261=188 X262=60 X263=163 X264=184 X265=75 X266=219 X267=225 X268=266 X269=298 

   
   search
        run=0  nbConstraintChecks=5392  depth=(min:0,max:269,avg:1)  nbEffectivePropagations=737  nbRevisions=89768  nbUselessRevisions=89075
        nbAssignments=569  nbFailedAssignments=299  nbBacktracks=0  nbVisitedNodes=869  nbRestartNogoods=0  nbFoundSolutions=1
        upperBound=9223372036854775807
          =>  wckTime=59.455  cpuTime=62.348  mem=149M867

   
   global
        nbConstraintChecks=5392  nbEffectivePropagations=737  nbRevisions=89768  nbUselessRevisions=89075  nbRestartNogoods=0
        solvingWckTime=59.456  expiredTime=no  totalExploration=no  nbFoundSolutions=1  firstSolutionCpuTime=62.34  Stop=REACHED_GOAL
          =>  wckTime=62.517  cpuTime=62.348  mem=149M867

s SATISFIABLE
v X0=42 X1=278 X2=211 X3=255 X4=54 X5=293 X6=119 X7=239 X8=127 X9=68 X10=66 X11=35 X12=113 X13=185 X14=12 X15=17 X16=48 X17=3 X18=234 X19=7 X20=156 X21=142 X22=28 X23=264 X24=214 X25=183 X26=277 X27=49 X28=154 X29=117 X30=77 X31=229 X32=98 X33=150 X34=158 X35=263 X36=81 X37=177 X38=220 X39=296 X40=40 X41=90 X42=51 X43=25 X44=257 X45=265 X46=79 X47=182 X48=63 X49=280 X50=194 X51=241 X52=91 X53=254 X54=23 X55=249 X56=136 X57=31 X58=129 X59=273 X60=153 X61=242 X62=240 X63=78 X64=299 X65=297 X66=222 X67=195 X68=267 X69=216 X70=18 X71=100 X72=141 X73=275 X74=61 X75=269 X76=261 X77=22 X78=251 X79=111 X80=89 X81=192 X82=161 X83=282 X84=284 X85=102 X86=199 X87=274 X88=252 X89=0 X90=181 X91=72 X92=55 X93=193 X94=57 X95=246 X96=176 X97=281 X98=85 X99=9 X100=159 X101=27 X102=178 X103=146 X104=109 X105=94 X106=149 X107=215 X108=46 X109=138 X110=204 X111=133 X112=92 X113=213 X114=218 X115=262 X116=52 X117=103 X118=288 X119=132 X120=2 X121=107 X122=271 X123=101 X124=69 X125=87 X126=45 X127=19 X128=162 X129=231 X130=95 X131=1 X132=58 X133=29 X134=20 X135=84 X136=53 X137=99 X138=44 X139=180 X140=245 X141=290 X142=208 X143=232 X144=110 X145=173 X146=76 X147=201 X148=131 X149=144 X150=186 X151=205 X152=221 X153=38 X154=244 X155=197 X156=88 X157=286 X158=130 X159=174 X160=32 X161=148 X162=123 X163=62 X164=104 X165=202 X166=227 X167=137 X168=258 X169=206 X170=120 X171=135 X172=189 X173=203 X174=285 X175=140 X176=10 X177=6 X178=82 X179=259 X180=114 X181=124 X182=50 X183=64 X184=268 X185=187 X186=276 X187=272 X188=250 X189=224 X190=143 X191=236 X192=291 X193=116 X194=128 X195=294 X196=228 X197=247 X198=223 X199=210 X200=226 X201=270 X202=207 X203=37 X204=172 X205=139 X206=59 X207=168 X208=16 X209=105 X210=121 X211=198 X212=41 X213=152 X214=171 X215=292 X216=243 X217=24 X218=167 X219=15 X220=253 X221=97 X222=160 X223=83 X224=86 X225=248 X226=295 X227=26 X228=151 X229=230 X230=4 X231=47 X232=200 X233=237 X234=122 X235=289 X236=134 X237=157 X238=217 X239=115 X240=147 X241=191 X242=196 X243=106 X244=190 X245=209 X246=125 X247=36 X248=96 X249=71 X250=14 X251=74 X252=108 X253=235 X254=39 X255=283 X256=73 X257=256 X258=43 X259=65 X260=13 X261=188 X262=60 X263=163 X264=184 X265=75 X266=219 X267=225 X268=266 X269=298 
d NODES 569

   totalWckTime=62.415  totalCpuTime=62.349
