
   AbsCon 1.41 (January, 2014) - defaultConfiguration

   
   instance
        framework=CSP  name=Isomorphism-/cluster/gpg/ciaran/sip-benchmarks/benchmarks/scalefree/F.16/pattern-/cluster/gpg/ciaran/sip-benchmarks/benchmarks/scalefree/F.16/target
        parameters=/cluster/gpg/ciaran/sip-benchmarks/benchmarks/scalefree/F.16/pattern,/cluster/gpg/ciaran/sip-benchmarks/benchmarks/scalefree/F.16/target
      

   loading variables...
        nbVariables=270  nbDomainTypes=1  nbTotalValues=81000  domainSizes=(300:270)
          =>  wckTime=0.221  cpuTime=0.326  mem=8M441

   loading objectives...

   loading constraints...
        nbConstraints=5901  nbSpecificConstraints=1  nbExtensionStructures=(1,shared:5899)  nbConflictsStructures=(1,shared:5899,unbuilt:1)
        degrees=(17:1)(18:4)(19:11)...(233:1)(237:1)(269:1)  arities=(2:5900)(270:1)  types=(AllDifferent:1)(ConstraintHardExtensionV-Bits:5900)
          =>  wckTime=1.829  cpuTime=1.878  mem=155M454

   INFO : <!-- Start saving the XML representation -->

   INFO : <!-- Stop saving the XML representation of target.xml -->

   Solver SolverBacktrack being built... 
          =>  wckTime=2.203  cpuTime=2.2  mem=192M608

    instantiation X0=256 X1=2 X2=260 X3=185 X4=285 X5=252 X6=24 X7=81 X8=40 X9=100 X10=50 X11=236 X12=104 X13=53 X14=241 X15=206 X16=171 X17=205 X18=149 X19=55 X20=181 X21=167 X22=35 X23=14 X24=215 X25=89 X26=67 X27=294 X28=88 X29=203 X30=198 X31=102 X32=209 X33=137 X34=33 X35=135 X36=232 X37=234 X38=222 X39=86 X40=179 X41=273 X42=37 X43=129 X44=79 X45=8 X46=6 X47=230 X48=227 X49=277 X50=58 X51=282 X52=97 X53=177 X54=130 X55=39 X56=170 X57=200 X58=168 X59=286 X60=258 X61=117 X62=83 X63=233 X64=153 X65=59 X66=259 X67=16 X68=21 X69=62 X70=73 X71=284 X72=9 X73=70 X74=204 X75=87 X76=280 X77=261 X78=54 X79=64 X80=20 X81=229 X82=11 X83=213 X84=194 X85=92 X86=216 X87=65 X88=228 X89=155 X90=266 X91=136 X92=199 X93=36 X94=30 X95=119 X96=28 X97=44 X98=223 X99=298 X100=247 X101=66 X102=235 X103=184 X104=45 X105=23 X106=164 X107=245 X108=91 X109=10 X110=120 X111=242 X112=31 X113=165 X114=201 X115=254 X116=7 X117=99 X118=156 X119=239 X120=34 X121=25 X122=150 X123=19 X124=219 X125=191 X126=196 X127=243 X128=95 X129=60 X130=271 X131=217 X132=244 X133=189 X134=146 X135=125 X136=197 X137=131 X138=126 X139=4 X140=166 X141=75 X142=250 X143=71 X144=220 X145=134 X146=211 X147=162 X148=84 X149=237 X150=56 X151=158 X152=299 X153=290 X154=193 X155=253 X156=1 X157=112 X158=176 X159=267 X160=52 X161=78 X162=274 X163=63 X164=124 X165=268 X166=77 X167=249 X168=159 X169=103 X170=118 X171=123 X172=90 X173=214 X174=275 X175=251 X176=132 X177=157 X178=48 X179=270 X180=133 X181=121 X182=111 X183=192 X184=240 X185=174 X186=295 X187=212 X188=296 X189=160 X190=208 X191=272 X192=265 X193=82 X194=169 X195=287 X196=93 X197=26 X198=127 X199=293 X200=47 X201=148 X202=180 X203=142 X204=68 X205=76 X206=173 X207=195 X208=224 X209=122 X210=41 X211=74 X212=279 X213=297 X214=276 X215=186 X216=128 X217=3 X218=288 X219=283 X220=248 X221=145 X222=255 X223=27 X224=257 X225=151 X226=190 X227=183 X228=80 X229=147 X230=115 X231=291 X232=202 X233=278 X234=221 X235=110 X236=154 X237=178 X238=182 X239=263 X240=72 X241=116 X242=109 X243=262 X244=13 X245=15 X246=96 X247=161 X248=98 X249=107 X250=17 X251=18 X252=0 X253=143 X254=32 X255=292 X256=108 X257=210 X258=264 X259=141 X260=187 X261=238 X262=218 X263=69 X264=269 X265=188 X266=42 X267=38 X268=152 X269=163 

    solution X0=256 X1=2 X2=260 X3=185 X4=285 X5=252 X6=24 X7=81 X8=40 X9=100 X10=50 X11=236 X12=104 X13=53 X14=241 X15=206 X16=171 X17=205 X18=149 X19=55 X20=181 X21=167 X22=35 X23=14 X24=215 X25=89 X26=67 X27=294 X28=88 X29=203 X30=198 X31=102 X32=209 X33=137 X34=33 X35=135 X36=232 X37=234 X38=222 X39=86 X40=179 X41=273 X42=37 X43=129 X44=79 X45=8 X46=6 X47=230 X48=227 X49=277 X50=58 X51=282 X52=97 X53=177 X54=130 X55=39 X56=170 X57=200 X58=168 X59=286 X60=258 X61=117 X62=83 X63=233 X64=153 X65=59 X66=259 X67=16 X68=21 X69=62 X70=73 X71=284 X72=9 X73=70 X74=204 X75=87 X76=280 X77=261 X78=54 X79=64 X80=20 X81=229 X82=11 X83=213 X84=194 X85=92 X86=216 X87=65 X88=228 X89=155 X90=266 X91=136 X92=199 X93=36 X94=30 X95=119 X96=28 X97=44 X98=223 X99=298 X100=247 X101=66 X102=235 X103=184 X104=45 X105=23 X106=164 X107=245 X108=91 X109=10 X110=120 X111=242 X112=31 X113=165 X114=201 X115=254 X116=7 X117=99 X118=156 X119=239 X120=34 X121=25 X122=150 X123=19 X124=219 X125=191 X126=196 X127=243 X128=95 X129=60 X130=271 X131=217 X132=244 X133=189 X134=146 X135=125 X136=197 X137=131 X138=126 X139=4 X140=166 X141=75 X142=250 X143=71 X144=220 X145=134 X146=211 X147=162 X148=84 X149=237 X150=56 X151=158 X152=299 X153=290 X154=193 X155=253 X156=1 X157=112 X158=176 X159=267 X160=52 X161=78 X162=274 X163=63 X164=124 X165=268 X166=77 X167=249 X168=159 X169=103 X170=118 X171=123 X172=90 X173=214 X174=275 X175=251 X176=132 X177=157 X178=48 X179=270 X180=133 X181=121 X182=111 X183=192 X184=240 X185=174 X186=295 X187=212 X188=296 X189=160 X190=208 X191=272 X192=265 X193=82 X194=169 X195=287 X196=93 X197=26 X198=127 X199=293 X200=47 X201=148 X202=180 X203=142 X204=68 X205=76 X206=173 X207=195 X208=224 X209=122 X210=41 X211=74 X212=279 X213=297 X214=276 X215=186 X216=128 X217=3 X218=288 X219=283 X220=248 X221=145 X222=255 X223=27 X224=257 X225=151 X226=190 X227=183 X228=80 X229=147 X230=115 X231=291 X232=202 X233=278 X234=221 X235=110 X236=154 X237=178 X238=182 X239=263 X240=72 X241=116 X242=109 X243=262 X244=13 X245=15 X246=96 X247=161 X248=98 X249=107 X250=17 X251=18 X252=0 X253=143 X254=32 X255=292 X256=108 X257=210 X258=264 X259=141 X260=187 X261=238 X262=218 X263=69 X264=269 X265=188 X266=42 X267=38 X268=152 X269=163 

   
   search
        run=0  nbConstraintChecks=5901  depth=(min:0,max:269,avg:1)  nbEffectivePropagations=291  nbRevisions=92206  nbUselessRevisions=91938
        nbAssignments=569  nbFailedAssignments=299  nbBacktracks=0  nbVisitedNodes=869  nbRestartNogoods=0  nbFoundSolutions=1
        upperBound=9223372036854775807
          =>  wckTime=67.626  cpuTime=69.759  mem=180M864

   
   global
        nbConstraintChecks=5901  nbEffectivePropagations=291  nbRevisions=92206  nbUselessRevisions=91938  nbRestartNogoods=0
        solvingWckTime=67.626  expiredTime=no  totalExploration=no  nbFoundSolutions=1  firstSolutionCpuTime=69.75  Stop=REACHED_GOAL
          =>  wckTime=69.829  cpuTime=69.759  mem=180M864

s SATISFIABLE
v X0=256 X1=2 X2=260 X3=185 X4=285 X5=252 X6=24 X7=81 X8=40 X9=100 X10=50 X11=236 X12=104 X13=53 X14=241 X15=206 X16=171 X17=205 X18=149 X19=55 X20=181 X21=167 X22=35 X23=14 X24=215 X25=89 X26=67 X27=294 X28=88 X29=203 X30=198 X31=102 X32=209 X33=137 X34=33 X35=135 X36=232 X37=234 X38=222 X39=86 X40=179 X41=273 X42=37 X43=129 X44=79 X45=8 X46=6 X47=230 X48=227 X49=277 X50=58 X51=282 X52=97 X53=177 X54=130 X55=39 X56=170 X57=200 X58=168 X59=286 X60=258 X61=117 X62=83 X63=233 X64=153 X65=59 X66=259 X67=16 X68=21 X69=62 X70=73 X71=284 X72=9 X73=70 X74=204 X75=87 X76=280 X77=261 X78=54 X79=64 X80=20 X81=229 X82=11 X83=213 X84=194 X85=92 X86=216 X87=65 X88=228 X89=155 X90=266 X91=136 X92=199 X93=36 X94=30 X95=119 X96=28 X97=44 X98=223 X99=298 X100=247 X101=66 X102=235 X103=184 X104=45 X105=23 X106=164 X107=245 X108=91 X109=10 X110=120 X111=242 X112=31 X113=165 X114=201 X115=254 X116=7 X117=99 X118=156 X119=239 X120=34 X121=25 X122=150 X123=19 X124=219 X125=191 X126=196 X127=243 X128=95 X129=60 X130=271 X131=217 X132=244 X133=189 X134=146 X135=125 X136=197 X137=131 X138=126 X139=4 X140=166 X141=75 X142=250 X143=71 X144=220 X145=134 X146=211 X147=162 X148=84 X149=237 X150=56 X151=158 X152=299 X153=290 X154=193 X155=253 X156=1 X157=112 X158=176 X159=267 X160=52 X161=78 X162=274 X163=63 X164=124 X165=268 X166=77 X167=249 X168=159 X169=103 X170=118 X171=123 X172=90 X173=214 X174=275 X175=251 X176=132 X177=157 X178=48 X179=270 X180=133 X181=121 X182=111 X183=192 X184=240 X185=174 X186=295 X187=212 X188=296 X189=160 X190=208 X191=272 X192=265 X193=82 X194=169 X195=287 X196=93 X197=26 X198=127 X199=293 X200=47 X201=148 X202=180 X203=142 X204=68 X205=76 X206=173 X207=195 X208=224 X209=122 X210=41 X211=74 X212=279 X213=297 X214=276 X215=186 X216=128 X217=3 X218=288 X219=283 X220=248 X221=145 X222=255 X223=27 X224=257 X225=151 X226=190 X227=183 X228=80 X229=147 X230=115 X231=291 X232=202 X233=278 X234=221 X235=110 X236=154 X237=178 X238=182 X239=263 X240=72 X241=116 X242=109 X243=262 X244=13 X245=15 X246=96 X247=161 X248=98 X249=107 X250=17 X251=18 X252=0 X253=143 X254=32 X255=292 X256=108 X257=210 X258=264 X259=141 X260=187 X261=238 X262=218 X263=69 X264=269 X265=188 X266=42 X267=38 X268=152 X269=163 
d NODES 569

   totalWckTime=69.731  totalCpuTime=69.76
