
   AbsCon 1.41 (January, 2014) - defaultConfiguration

   
   instance
        framework=CSP  name=Isomorphism-/cluster/gpg/ciaran/sip-benchmarks/benchmarks/scalefree/F.17/pattern-/cluster/gpg/ciaran/sip-benchmarks/benchmarks/scalefree/F.17/target
        parameters=/cluster/gpg/ciaran/sip-benchmarks/benchmarks/scalefree/F.17/pattern,/cluster/gpg/ciaran/sip-benchmarks/benchmarks/scalefree/F.17/target
      

   loading variables...
        nbVariables=270  nbDomainTypes=1  nbTotalValues=81000  domainSizes=(300:270)
          =>  wckTime=0.21  cpuTime=0.323  mem=8M401

   loading objectives...

   loading constraints...
        nbConstraints=5414  nbSpecificConstraints=1  nbExtensionStructures=(1,shared:5412)  nbConflictsStructures=(1,shared:5412,unbuilt:1)
        degrees=(16:1)(18:4)(19:10)...(191:1)(212:2)(260:1)  arities=(2:5413)(270:1)  types=(AllDifferent:1)(ConstraintHardExtensionV-Bits:5413)
          =>  wckTime=1.684  cpuTime=1.735  mem=70M452

   INFO : <!-- Start saving the XML representation -->

   INFO : <!-- Stop saving the XML representation of target.xml -->

   Solver SolverBacktrack being built... 
          =>  wckTime=2.062  cpuTime=2.08  mem=108M37

    instantiation X0=88 X1=233 X2=254 X3=249 X4=278 X5=48 X6=69 X7=219 X8=284 X9=191 X10=215 X11=236 X12=113 X13=287 X14=60 X15=80 X16=247 X17=235 X18=245 X19=32 X20=6 X21=231 X22=133 X23=199 X24=263 X25=28 X26=140 X27=79 X28=177 X29=42 X30=166 X31=252 X32=49 X33=130 X34=0 X35=8 X36=94 X37=109 X38=118 X39=186 X40=123 X41=181 X42=27 X43=132 X44=7 X45=262 X46=12 X47=59 X48=40 X49=270 X50=290 X51=167 X52=258 X53=23 X54=87 X55=13 X56=33 X57=36 X58=195 X59=18 X60=269 X61=260 X62=240 X63=238 X64=190 X65=229 X66=226 X67=221 X68=148 X69=218 X70=111 X71=47 X72=21 X73=232 X74=183 X75=106 X76=125 X77=74 X78=234 X79=39 X80=46 X81=230 X82=265 X83=145 X84=5 X85=142 X86=163 X87=285 X88=11 X89=170 X90=44 X91=175 X92=92 X93=251 X94=41 X95=65 X96=55 X97=281 X98=86 X99=95 X100=64 X101=129 X102=274 X103=89 X104=203 X105=187 X106=101 X107=255 X108=134 X109=1 X110=291 X111=196 X112=198 X113=213 X114=63 X115=103 X116=81 X117=76 X118=217 X119=171 X120=266 X121=197 X122=228 X123=97 X124=293 X125=135 X126=24 X127=169 X128=85 X129=25 X130=66 X131=72 X132=57 X133=143 X134=17 X135=58 X136=275 X137=246 X138=209 X139=35 X140=239 X141=206 X142=222 X143=3 X144=159 X145=126 X146=56 X147=136 X148=29 X149=174 X150=155 X151=288 X152=253 X153=271 X154=256 X155=173 X156=9 X157=202 X158=273 X159=257 X160=210 X161=283 X162=93 X163=54 X164=102 X165=214 X166=194 X167=161 X168=244 X169=137 X170=45 X171=139 X172=158 X173=156 X174=193 X175=70 X176=237 X177=75 X178=128 X179=15 X180=53 X181=116 X182=104 X183=211 X184=225 X185=52 X186=141 X187=73 X188=83 X189=276 X190=107 X191=299 X192=296 X193=189 X194=151 X195=105 X196=248 X197=205 X198=146 X199=216 X200=150 X201=204 X202=179 X203=121 X204=152 X205=68 X206=10 X207=207 X208=185 X209=224 X210=100 X211=243 X212=114 X213=201 X214=117 X215=250 X216=19 X217=138 X218=22 X219=178 X220=84 X221=280 X222=272 X223=43 X224=160 X225=292 X226=127 X227=298 X228=264 X229=242 X230=77 X231=30 X232=268 X233=180 X234=172 X235=78 X236=115 X237=147 X238=50 X239=51 X240=289 X241=295 X242=157 X243=261 X244=108 X245=165 X246=168 X247=223 X248=241 X249=164 X250=61 X251=71 X252=267 X253=96 X254=279 X255=16 X256=67 X257=192 X258=286 X259=26 X260=144 X261=90 X262=297 X263=20 X264=277 X265=122 X266=227 X267=162 X268=120 X269=124 

    solution X0=88 X1=233 X2=254 X3=249 X4=278 X5=48 X6=69 X7=219 X8=284 X9=191 X10=215 X11=236 X12=113 X13=287 X14=60 X15=80 X16=247 X17=235 X18=245 X19=32 X20=6 X21=231 X22=133 X23=199 X24=263 X25=28 X26=140 X27=79 X28=177 X29=42 X30=166 X31=252 X32=49 X33=130 X34=0 X35=8 X36=94 X37=109 X38=118 X39=186 X40=123 X41=181 X42=27 X43=132 X44=7 X45=262 X46=12 X47=59 X48=40 X49=270 X50=290 X51=167 X52=258 X53=23 X54=87 X55=13 X56=33 X57=36 X58=195 X59=18 X60=269 X61=260 X62=240 X63=238 X64=190 X65=229 X66=226 X67=221 X68=148 X69=218 X70=111 X71=47 X72=21 X73=232 X74=183 X75=106 X76=125 X77=74 X78=234 X79=39 X80=46 X81=230 X82=265 X83=145 X84=5 X85=142 X86=163 X87=285 X88=11 X89=170 X90=44 X91=175 X92=92 X93=251 X94=41 X95=65 X96=55 X97=281 X98=86 X99=95 X100=64 X101=129 X102=274 X103=89 X104=203 X105=187 X106=101 X107=255 X108=134 X109=1 X110=291 X111=196 X112=198 X113=213 X114=63 X115=103 X116=81 X117=76 X118=217 X119=171 X120=266 X121=197 X122=228 X123=97 X124=293 X125=135 X126=24 X127=169 X128=85 X129=25 X130=66 X131=72 X132=57 X133=143 X134=17 X135=58 X136=275 X137=246 X138=209 X139=35 X140=239 X141=206 X142=222 X143=3 X144=159 X145=126 X146=56 X147=136 X148=29 X149=174 X150=155 X151=288 X152=253 X153=271 X154=256 X155=173 X156=9 X157=202 X158=273 X159=257 X160=210 X161=283 X162=93 X163=54 X164=102 X165=214 X166=194 X167=161 X168=244 X169=137 X170=45 X171=139 X172=158 X173=156 X174=193 X175=70 X176=237 X177=75 X178=128 X179=15 X180=53 X181=116 X182=104 X183=211 X184=225 X185=52 X186=141 X187=73 X188=83 X189=276 X190=107 X191=299 X192=296 X193=189 X194=151 X195=105 X196=248 X197=205 X198=146 X199=216 X200=150 X201=204 X202=179 X203=121 X204=152 X205=68 X206=10 X207=207 X208=185 X209=224 X210=100 X211=243 X212=114 X213=201 X214=117 X215=250 X216=19 X217=138 X218=22 X219=178 X220=84 X221=280 X222=272 X223=43 X224=160 X225=292 X226=127 X227=298 X228=264 X229=242 X230=77 X231=30 X232=268 X233=180 X234=172 X235=78 X236=115 X237=147 X238=50 X239=51 X240=289 X241=295 X242=157 X243=261 X244=108 X245=165 X246=168 X247=223 X248=241 X249=164 X250=61 X251=71 X252=267 X253=96 X254=279 X255=16 X256=67 X257=192 X258=286 X259=26 X260=144 X261=90 X262=297 X263=20 X264=277 X265=122 X266=227 X267=162 X268=120 X269=124 

   
   search
        run=0  nbConstraintChecks=5414  depth=(min:0,max:269,avg:1)  nbEffectivePropagations=543  nbRevisions=88242  nbUselessRevisions=87724
        nbAssignments=569  nbFailedAssignments=299  nbBacktracks=0  nbVisitedNodes=869  nbRestartNogoods=0  nbFoundSolutions=1
        upperBound=9223372036854775807
          =>  wckTime=66.502  cpuTime=68.377  mem=89M975

   
   global
        nbConstraintChecks=5414  nbEffectivePropagations=543  nbRevisions=88242  nbUselessRevisions=87724  nbRestartNogoods=0
        solvingWckTime=66.502  expiredTime=no  totalExploration=no  nbFoundSolutions=1  firstSolutionCpuTime=68.369  Stop=REACHED_GOAL
          =>  wckTime=68.565  cpuTime=68.377  mem=89M975

s SATISFIABLE
v X0=88 X1=233 X2=254 X3=249 X4=278 X5=48 X6=69 X7=219 X8=284 X9=191 X10=215 X11=236 X12=113 X13=287 X14=60 X15=80 X16=247 X17=235 X18=245 X19=32 X20=6 X21=231 X22=133 X23=199 X24=263 X25=28 X26=140 X27=79 X28=177 X29=42 X30=166 X31=252 X32=49 X33=130 X34=0 X35=8 X36=94 X37=109 X38=118 X39=186 X40=123 X41=181 X42=27 X43=132 X44=7 X45=262 X46=12 X47=59 X48=40 X49=270 X50=290 X51=167 X52=258 X53=23 X54=87 X55=13 X56=33 X57=36 X58=195 X59=18 X60=269 X61=260 X62=240 X63=238 X64=190 X65=229 X66=226 X67=221 X68=148 X69=218 X70=111 X71=47 X72=21 X73=232 X74=183 X75=106 X76=125 X77=74 X78=234 X79=39 X80=46 X81=230 X82=265 X83=145 X84=5 X85=142 X86=163 X87=285 X88=11 X89=170 X90=44 X91=175 X92=92 X93=251 X94=41 X95=65 X96=55 X97=281 X98=86 X99=95 X100=64 X101=129 X102=274 X103=89 X104=203 X105=187 X106=101 X107=255 X108=134 X109=1 X110=291 X111=196 X112=198 X113=213 X114=63 X115=103 X116=81 X117=76 X118=217 X119=171 X120=266 X121=197 X122=228 X123=97 X124=293 X125=135 X126=24 X127=169 X128=85 X129=25 X130=66 X131=72 X132=57 X133=143 X134=17 X135=58 X136=275 X137=246 X138=209 X139=35 X140=239 X141=206 X142=222 X143=3 X144=159 X145=126 X146=56 X147=136 X148=29 X149=174 X150=155 X151=288 X152=253 X153=271 X154=256 X155=173 X156=9 X157=202 X158=273 X159=257 X160=210 X161=283 X162=93 X163=54 X164=102 X165=214 X166=194 X167=161 X168=244 X169=137 X170=45 X171=139 X172=158 X173=156 X174=193 X175=70 X176=237 X177=75 X178=128 X179=15 X180=53 X181=116 X182=104 X183=211 X184=225 X185=52 X186=141 X187=73 X188=83 X189=276 X190=107 X191=299 X192=296 X193=189 X194=151 X195=105 X196=248 X197=205 X198=146 X199=216 X200=150 X201=204 X202=179 X203=121 X204=152 X205=68 X206=10 X207=207 X208=185 X209=224 X210=100 X211=243 X212=114 X213=201 X214=117 X215=250 X216=19 X217=138 X218=22 X219=178 X220=84 X221=280 X222=272 X223=43 X224=160 X225=292 X226=127 X227=298 X228=264 X229=242 X230=77 X231=30 X232=268 X233=180 X234=172 X235=78 X236=115 X237=147 X238=50 X239=51 X240=289 X241=295 X242=157 X243=261 X244=108 X245=165 X246=168 X247=223 X248=241 X249=164 X250=61 X251=71 X252=267 X253=96 X254=279 X255=16 X256=67 X257=192 X258=286 X259=26 X260=144 X261=90 X262=297 X263=20 X264=277 X265=122 X266=227 X267=162 X268=120 X269=124 
d NODES 569

   totalWckTime=68.473  totalCpuTime=68.378
