
   AbsCon 1.41 (January, 2014) - defaultConfiguration

   
   instance
        framework=CSP  name=Isomorphism-/cluster/gpg/ciaran/sip-benchmarks/benchmarks/scalefree/F.19/pattern-/cluster/gpg/ciaran/sip-benchmarks/benchmarks/scalefree/F.19/target
        parameters=/cluster/gpg/ciaran/sip-benchmarks/benchmarks/scalefree/F.19/pattern,/cluster/gpg/ciaran/sip-benchmarks/benchmarks/scalefree/F.19/target
      

   loading variables...
        nbVariables=270  nbDomainTypes=1  nbTotalValues=81000  domainSizes=(300:270)
          =>  wckTime=0.234  cpuTime=0.346  mem=8M1

   loading objectives...

   loading constraints...
        nbConstraints=5392  nbSpecificConstraints=1  nbExtensionStructures=(1,shared:5390)  nbConflictsStructures=(1,shared:5390,unbuilt:1)
        degrees=(16:1)(18:4)(19:14)...(177:1)(248:1)(269:1)  arities=(2:5391)(270:1)  types=(AllDifferent:1)(ConstraintHardExtensionV-Bits:5391)
          =>  wckTime=1.734  cpuTime=1.77  mem=70M946

   INFO : <!-- Start saving the XML representation -->

   INFO : <!-- Stop saving the XML representation of target.xml -->

   Solver SolverBacktrack being built... 
          =>  wckTime=2.063  cpuTime=2.065  mem=105M203

    instantiation X0=280 X1=293 X2=52 X3=251 X4=34 X5=227 X6=143 X7=136 X8=38 X9=168 X10=254 X11=14 X12=173 X13=36 X14=240 X15=187 X16=222 X17=284 X18=297 X19=231 X20=225 X21=141 X22=89 X23=21 X24=271 X25=279 X26=59 X27=252 X28=269 X29=85 X30=177 X31=151 X32=132 X33=171 X34=97 X35=186 X36=282 X37=169 X38=288 X39=44 X40=191 X41=77 X42=100 X43=266 X44=286 X45=206 X46=108 X47=65 X48=201 X49=147 X50=296 X51=215 X52=239 X53=259 X54=248 X55=162 X56=42 X57=270 X58=238 X59=213 X60=94 X61=130 X62=228 X63=123 X64=233 X65=31 X66=180 X67=49 X68=234 X69=188 X70=98 X71=56 X72=5 X73=114 X74=146 X75=198 X76=221 X77=113 X78=128 X79=223 X80=199 X81=149 X82=96 X83=92 X84=86 X85=70 X86=26 X87=40 X88=244 X89=155 X90=126 X91=74 X92=179 X93=23 X94=235 X95=6 X96=261 X97=69 X98=133 X99=13 X100=202 X101=67 X102=172 X103=111 X104=273 X105=39 X106=197 X107=24 X108=54 X109=174 X110=178 X111=71 X112=160 X113=182 X114=218 X115=156 X116=129 X117=145 X118=17 X119=176 X120=224 X121=194 X122=200 X123=166 X124=7 X125=45 X126=175 X127=72 X128=165 X129=243 X130=195 X131=11 X132=16 X133=183 X134=229 X135=152 X136=209 X137=255 X138=207 X139=48 X140=1 X141=116 X142=256 X143=192 X144=287 X145=138 X146=157 X147=58 X148=264 X149=112 X150=295 X151=66 X152=161 X153=119 X154=101 X155=276 X156=37 X157=289 X158=82 X159=290 X160=61 X161=204 X162=236 X163=241 X164=219 X165=78 X166=249 X167=15 X168=257 X169=216 X170=153 X171=196 X172=190 X173=124 X174=30 X175=193 X176=253 X177=214 X178=283 X179=237 X180=18 X181=217 X182=91 X183=28 X184=9 X185=226 X186=105 X187=131 X188=144 X189=181 X190=2 X191=87 X192=83 X193=135 X194=12 X195=158 X196=64 X197=99 X198=33 X199=84 X200=20 X201=32 X202=275 X203=51 X204=81 X205=278 X206=121 X207=265 X208=263 X209=95 X210=46 X211=277 X212=8 X213=60 X214=159 X215=148 X216=27 X217=245 X218=63 X219=281 X220=106 X221=167 X222=299 X223=122 X224=208 X225=210 X226=220 X227=154 X228=50 X229=292 X230=267 X231=189 X232=4 X233=185 X234=298 X235=212 X236=260 X237=41 X238=102 X239=3 X240=230 X241=262 X242=274 X243=19 X244=115 X245=268 X246=117 X247=47 X248=29 X249=53 X250=250 X251=107 X252=142 X253=291 X254=35 X255=272 X256=76 X257=62 X258=139 X259=164 X260=73 X261=247 X262=55 X263=285 X264=103 X265=10 X266=125 X267=120 X268=68 X269=246 

    solution X0=280 X1=293 X2=52 X3=251 X4=34 X5=227 X6=143 X7=136 X8=38 X9=168 X10=254 X11=14 X12=173 X13=36 X14=240 X15=187 X16=222 X17=284 X18=297 X19=231 X20=225 X21=141 X22=89 X23=21 X24=271 X25=279 X26=59 X27=252 X28=269 X29=85 X30=177 X31=151 X32=132 X33=171 X34=97 X35=186 X36=282 X37=169 X38=288 X39=44 X40=191 X41=77 X42=100 X43=266 X44=286 X45=206 X46=108 X47=65 X48=201 X49=147 X50=296 X51=215 X52=239 X53=259 X54=248 X55=162 X56=42 X57=270 X58=238 X59=213 X60=94 X61=130 X62=228 X63=123 X64=233 X65=31 X66=180 X67=49 X68=234 X69=188 X70=98 X71=56 X72=5 X73=114 X74=146 X75=198 X76=221 X77=113 X78=128 X79=223 X80=199 X81=149 X82=96 X83=92 X84=86 X85=70 X86=26 X87=40 X88=244 X89=155 X90=126 X91=74 X92=179 X93=23 X94=235 X95=6 X96=261 X97=69 X98=133 X99=13 X100=202 X101=67 X102=172 X103=111 X104=273 X105=39 X106=197 X107=24 X108=54 X109=174 X110=178 X111=71 X112=160 X113=182 X114=218 X115=156 X116=129 X117=145 X118=17 X119=176 X120=224 X121=194 X122=200 X123=166 X124=7 X125=45 X126=175 X127=72 X128=165 X129=243 X130=195 X131=11 X132=16 X133=183 X134=229 X135=152 X136=209 X137=255 X138=207 X139=48 X140=1 X141=116 X142=256 X143=192 X144=287 X145=138 X146=157 X147=58 X148=264 X149=112 X150=295 X151=66 X152=161 X153=119 X154=101 X155=276 X156=37 X157=289 X158=82 X159=290 X160=61 X161=204 X162=236 X163=241 X164=219 X165=78 X166=249 X167=15 X168=257 X169=216 X170=153 X171=196 X172=190 X173=124 X174=30 X175=193 X176=253 X177=214 X178=283 X179=237 X180=18 X181=217 X182=91 X183=28 X184=9 X185=226 X186=105 X187=131 X188=144 X189=181 X190=2 X191=87 X192=83 X193=135 X194=12 X195=158 X196=64 X197=99 X198=33 X199=84 X200=20 X201=32 X202=275 X203=51 X204=81 X205=278 X206=121 X207=265 X208=263 X209=95 X210=46 X211=277 X212=8 X213=60 X214=159 X215=148 X216=27 X217=245 X218=63 X219=281 X220=106 X221=167 X222=299 X223=122 X224=208 X225=210 X226=220 X227=154 X228=50 X229=292 X230=267 X231=189 X232=4 X233=185 X234=298 X235=212 X236=260 X237=41 X238=102 X239=3 X240=230 X241=262 X242=274 X243=19 X244=115 X245=268 X246=117 X247=47 X248=29 X249=53 X250=250 X251=107 X252=142 X253=291 X254=35 X255=272 X256=76 X257=62 X258=139 X259=164 X260=73 X261=247 X262=55 X263=285 X264=103 X265=10 X266=125 X267=120 X268=68 X269=246 

   
   search
        run=0  nbConstraintChecks=5392  depth=(min:0,max:269,avg:1)  nbEffectivePropagations=274  nbRevisions=90677  nbUselessRevisions=90409
        nbAssignments=569  nbFailedAssignments=299  nbBacktracks=0  nbVisitedNodes=869  nbRestartNogoods=0  nbFoundSolutions=1
        upperBound=9223372036854775807
          =>  wckTime=71.954  cpuTime=73.932  mem=266M592

   
   global
        nbConstraintChecks=5392  nbEffectivePropagations=274  nbRevisions=90677  nbUselessRevisions=90409  nbRestartNogoods=0
        solvingWckTime=71.955  expiredTime=no  totalExploration=no  nbFoundSolutions=1  firstSolutionCpuTime=73.922  Stop=REACHED_GOAL
          =>  wckTime=74.019  cpuTime=73.932  mem=266M592

s SATISFIABLE
v X0=280 X1=293 X2=52 X3=251 X4=34 X5=227 X6=143 X7=136 X8=38 X9=168 X10=254 X11=14 X12=173 X13=36 X14=240 X15=187 X16=222 X17=284 X18=297 X19=231 X20=225 X21=141 X22=89 X23=21 X24=271 X25=279 X26=59 X27=252 X28=269 X29=85 X30=177 X31=151 X32=132 X33=171 X34=97 X35=186 X36=282 X37=169 X38=288 X39=44 X40=191 X41=77 X42=100 X43=266 X44=286 X45=206 X46=108 X47=65 X48=201 X49=147 X50=296 X51=215 X52=239 X53=259 X54=248 X55=162 X56=42 X57=270 X58=238 X59=213 X60=94 X61=130 X62=228 X63=123 X64=233 X65=31 X66=180 X67=49 X68=234 X69=188 X70=98 X71=56 X72=5 X73=114 X74=146 X75=198 X76=221 X77=113 X78=128 X79=223 X80=199 X81=149 X82=96 X83=92 X84=86 X85=70 X86=26 X87=40 X88=244 X89=155 X90=126 X91=74 X92=179 X93=23 X94=235 X95=6 X96=261 X97=69 X98=133 X99=13 X100=202 X101=67 X102=172 X103=111 X104=273 X105=39 X106=197 X107=24 X108=54 X109=174 X110=178 X111=71 X112=160 X113=182 X114=218 X115=156 X116=129 X117=145 X118=17 X119=176 X120=224 X121=194 X122=200 X123=166 X124=7 X125=45 X126=175 X127=72 X128=165 X129=243 X130=195 X131=11 X132=16 X133=183 X134=229 X135=152 X136=209 X137=255 X138=207 X139=48 X140=1 X141=116 X142=256 X143=192 X144=287 X145=138 X146=157 X147=58 X148=264 X149=112 X150=295 X151=66 X152=161 X153=119 X154=101 X155=276 X156=37 X157=289 X158=82 X159=290 X160=61 X161=204 X162=236 X163=241 X164=219 X165=78 X166=249 X167=15 X168=257 X169=216 X170=153 X171=196 X172=190 X173=124 X174=30 X175=193 X176=253 X177=214 X178=283 X179=237 X180=18 X181=217 X182=91 X183=28 X184=9 X185=226 X186=105 X187=131 X188=144 X189=181 X190=2 X191=87 X192=83 X193=135 X194=12 X195=158 X196=64 X197=99 X198=33 X199=84 X200=20 X201=32 X202=275 X203=51 X204=81 X205=278 X206=121 X207=265 X208=263 X209=95 X210=46 X211=277 X212=8 X213=60 X214=159 X215=148 X216=27 X217=245 X218=63 X219=281 X220=106 X221=167 X222=299 X223=122 X224=208 X225=210 X226=220 X227=154 X228=50 X229=292 X230=267 X231=189 X232=4 X233=185 X234=298 X235=212 X236=260 X237=41 X238=102 X239=3 X240=230 X241=262 X242=274 X243=19 X244=115 X245=268 X246=117 X247=47 X248=29 X249=53 X250=250 X251=107 X252=142 X253=291 X254=35 X255=272 X256=76 X257=62 X258=139 X259=164 X260=73 X261=247 X262=55 X263=285 X264=103 X265=10 X266=125 X267=120 X268=68 X269=246 
d NODES 569

   totalWckTime=73.916  totalCpuTime=73.933
