
   AbsCon 1.41 (January, 2014) - defaultConfiguration

   
   instance
        framework=CSP  name=Isomorphism-/cluster/gpg/ciaran/sip-benchmarks/benchmarks/LV/g10-/cluster/gpg/ciaran/sip-benchmarks/benchmarks/LV/g45
        parameters=/cluster/gpg/ciaran/sip-benchmarks/benchmarks/LV/g10,/cluster/gpg/ciaran/sip-benchmarks/benchmarks/LV/g45
      

   loading variables...
        nbVariables=41  nbDomainTypes=1  nbTotalValues=5248  domainSizes=(128:41)
          =>  wckTime=0.172  cpuTime=0.297  mem=9M377

   loading objectives...

   loading constraints...
        nbConstraints=81  nbSpecificConstraints=1  nbExtensionStructures=(1,shared:79)  nbConflictsStructures=(1,shared:79,unbuilt:1)
        degrees=(2:1)(3:6)(4:10)...(7:4)(9:1)(10:1)  arities=(2:80)(41:1)  types=(AllDifferent:1)(ConstraintHardExtensionV-Bits:80)
          =>  wckTime=0.234  cpuTime=0.357  mem=6M190

   INFO : <!-- Start saving the XML representation -->

   INFO : <!-- Stop saving the XML representation of g45.xml -->

   Solver SolverBacktrack being built... 
          =>  wckTime=0.399  cpuTime=0.503  mem=20M319

    instantiation X0=75 X1=100 X2=28 X3=76 X4=85 X5=93 X6=61 X7=71 X8=109 X9=89 X10=124 X11=74 X12=116 X13=82 X14=103 X15=43 X16=121 X17=41 X18=90 X19=45 X20=25 X21=101 X22=99 X23=105 X24=102 X25=3 X26=118 X27=84 X28=115 X29=113 X30=69 X31=126 X32=125 X33=122 X34=123 X35=110 X36=81 X37=80 X38=119 X39=60 X40=35 

    solution X0=75 X1=100 X2=28 X3=76 X4=85 X5=93 X6=61 X7=71 X8=109 X9=89 X10=124 X11=74 X12=116 X13=82 X14=103 X15=43 X16=121 X17=41 X18=90 X19=45 X20=25 X21=101 X22=99 X23=105 X24=102 X25=3 X26=118 X27=84 X28=115 X29=113 X30=69 X31=126 X32=125 X33=122 X34=123 X35=110 X36=81 X37=80 X38=119 X39=60 X40=35 

   
   search
        run=0  nbConstraintChecks=81  depth=(min:0,max:40,avg:2)  nbEffectivePropagations=526  nbRevisions=2220  nbUselessRevisions=2055
        nbAssignments=78  nbFailedAssignments=37  nbBacktracks=0  nbVisitedNodes=116  nbRestartNogoods=0  nbFoundSolutions=1
        upperBound=9223372036854775807
          =>  wckTime=0.587  cpuTime=1.072  mem=33M508

   
   global
        nbConstraintChecks=81  nbEffectivePropagations=526  nbRevisions=2220  nbUselessRevisions=2055  nbRestartNogoods=0  solvingWckTime=0.588
        expiredTime=no  totalExploration=no  nbFoundSolutions=1  firstSolutionCpuTime=1.07  Stop=REACHED_GOAL
          =>  wckTime=0.987  cpuTime=1.073  mem=33M508

s SATISFIABLE
v X0=75 X1=100 X2=28 X3=76 X4=85 X5=93 X6=61 X7=71 X8=109 X9=89 X10=124 X11=74 X12=116 X13=82 X14=103 X15=43 X16=121 X17=41 X18=90 X19=45 X20=25 X21=101 X22=99 X23=105 X24=102 X25=3 X26=118 X27=84 X28=115 X29=113 X30=69 X31=126 X32=125 X33=122 X34=123 X35=110 X36=81 X37=80 X38=119 X39=60 X40=35 
d NODES 78

   totalWckTime=0.892  totalCpuTime=1.073
