
   AbsCon 1.41 (January, 2014) - defaultConfiguration

   
   instance
        framework=CSP  name=Isomorphism-/cluster/gpg/ciaran/sip-benchmarks/benchmarks/LV/g10-/cluster/gpg/ciaran/sip-benchmarks/benchmarks/LV/g13
        parameters=/cluster/gpg/ciaran/sip-benchmarks/benchmarks/LV/g10,/cluster/gpg/ciaran/sip-benchmarks/benchmarks/LV/g13
      

   loading variables...
        nbVariables=41  nbDomainTypes=1  nbTotalValues=2009  domainSizes=(49:41)
          =>  wckTime=0.169  cpuTime=0.306  mem=9M244

   loading objectives...

   loading constraints...
        nbConstraints=81  nbSpecificConstraints=1  nbExtensionStructures=(1,shared:79)  nbConflictsStructures=(1,shared:79,unbuilt:1)
        degrees=(2:1)(3:6)(4:10)...(7:4)(9:1)(10:1)  arities=(2:80)(41:1)  types=(AllDifferent:1)(ConstraintHardExtensionV-Bits:80)
          =>  wckTime=0.212  cpuTime=0.345  mem=3M916

   INFO : <!-- Start saving the XML representation -->

   INFO : <!-- Stop saving the XML representation of g13.xml -->

   Solver SolverBacktrack being built... 
          =>  wckTime=0.359  cpuTime=0.47  mem=16M913

   
   search
        run=0  nbConstraintChecks=0  depth=(min:0,max:0,avg:1)  nbEffectivePropagations=42  nbRevisions=137  nbUselessRevisions=97
        nbAssignments=1  nbFailedAssignments=1  nbBacktracks=1  nbVisitedNodes=3  nbRestartNogoods=0
          =>  wckTime=0.035  cpuTime=0.505  mem=17M110

   
   global
        nbConstraintChecks=0  nbEffectivePropagations=42  nbRevisions=137  nbUselessRevisions=97  nbRestartNogoods=0  solvingWckTime=0.035
        expiredTime=no  totalExploration=yes  nbFoundSolutions=0  Stop=FULL_EXPLORATION
          =>  wckTime=0.394  cpuTime=0.505  mem=17M110

s UNSATISFIABLE
d NODES 1

   totalWckTime=0.299  totalCpuTime=0.506
