
   AbsCon 1.41 (January, 2014) - defaultConfiguration

   
   instance
        framework=CSP  name=Isomorphism-/cluster/gpg/ciaran/sip-benchmarks/benchmarks/LV/g10-/cluster/gpg/ciaran/sip-benchmarks/benchmarks/LV/g46
        parameters=/cluster/gpg/ciaran/sip-benchmarks/benchmarks/LV/g10,/cluster/gpg/ciaran/sip-benchmarks/benchmarks/LV/g46
      

   loading variables...
        nbVariables=41  nbDomainTypes=1  nbTotalValues=5248  domainSizes=(128:41)
          =>  wckTime=0.224  cpuTime=0.358  mem=9M716

   loading objectives...

   loading constraints...
        nbConstraints=81  nbSpecificConstraints=1  nbExtensionStructures=(1,shared:79)  nbConflictsStructures=(1,shared:79,unbuilt:1)
        degrees=(2:1)(3:6)(4:10)...(7:4)(9:1)(10:1)  arities=(2:80)(41:1)  types=(AllDifferent:1)(ConstraintHardExtensionV-Bits:80)
          =>  wckTime=0.289  cpuTime=0.416  mem=7M255

   INFO : <!-- Start saving the XML representation -->

   INFO : <!-- Stop saving the XML representation of g46.xml -->

   Solver SolverBacktrack being built... 
          =>  wckTime=0.478  cpuTime=0.557  mem=21M294

    instantiation X0=98 X1=94 X2=109 X3=104 X4=20 X5=118 X6=76 X7=124 X8=66 X9=34 X10=120 X11=80 X12=37 X13=107 X14=46 X15=91 X16=95 X17=119 X18=67 X19=3 X20=64 X21=89 X22=77 X23=54 X24=92 X25=24 X26=36 X27=81 X28=73 X29=12 X30=1 X31=96 X32=78 X33=110 X34=5 X35=25 X36=70 X37=72 X38=113 X39=74 X40=2 

    solution X0=98 X1=94 X2=109 X3=104 X4=20 X5=118 X6=76 X7=124 X8=66 X9=34 X10=120 X11=80 X12=37 X13=107 X14=46 X15=91 X16=95 X17=119 X18=67 X19=3 X20=64 X21=89 X22=77 X23=54 X24=92 X25=24 X26=36 X27=81 X28=73 X29=12 X30=1 X31=96 X32=78 X33=110 X34=5 X35=25 X36=70 X37=72 X38=113 X39=74 X40=2 

   
   search
        run=0  nbConstraintChecks=81  depth=(min:0,max:40,avg:9)  nbEffectivePropagations=37973  nbRevisions=99557  nbUselessRevisions=80877
        nbAssignments=1476  nbFailedAssignments=836  nbBacktracks=599  nbVisitedNodes=2466  nbRestartNogoods=0  nbFoundSolutions=1
        upperBound=9223372036854775807
          =>  wckTime=10.516  cpuTime=11.007  mem=52M812

   
   global
        nbConstraintChecks=81  nbEffectivePropagations=37973  nbRevisions=99557  nbUselessRevisions=80877  nbRestartNogoods=0
        solvingWckTime=10.516  expiredTime=no  totalExploration=no  nbFoundSolutions=1  firstSolutionCpuTime=11.005  Stop=REACHED_GOAL
          =>  wckTime=10.995  cpuTime=11.007  mem=52M812

s SATISFIABLE
v X0=98 X1=94 X2=109 X3=104 X4=20 X5=118 X6=76 X7=124 X8=66 X9=34 X10=120 X11=80 X12=37 X13=107 X14=46 X15=91 X16=95 X17=119 X18=67 X19=3 X20=64 X21=89 X22=77 X23=54 X24=92 X25=24 X26=36 X27=81 X28=73 X29=12 X30=1 X31=96 X32=78 X33=110 X34=5 X35=25 X36=70 X37=72 X38=113 X39=74 X40=2 
d NODES 1476

   totalWckTime=10.849  totalCpuTime=11.008
