
   AbsCon 1.41 (January, 2014) - defaultConfiguration

   
   instance
        framework=CSP  name=Isomorphism-/cluster/gpg/ciaran/sip-benchmarks/benchmarks/LV/g10-/cluster/gpg/ciaran/sip-benchmarks/benchmarks/LV/g22
        parameters=/cluster/gpg/ciaran/sip-benchmarks/benchmarks/LV/g10,/cluster/gpg/ciaran/sip-benchmarks/benchmarks/LV/g22
      

   loading variables...
        nbVariables=41  nbDomainTypes=1  nbTotalValues=2747  domainSizes=(67:41)
          =>  wckTime=0.167  cpuTime=0.281  mem=9M178

   loading objectives...

   loading constraints...
        nbConstraints=81  nbSpecificConstraints=1  nbExtensionStructures=(1,shared:79)  nbConflictsStructures=(1,shared:79,unbuilt:1)
        degrees=(2:1)(3:6)(4:10)...(7:4)(9:1)(10:1)  arities=(2:80)(41:1)  types=(AllDifferent:1)(ConstraintHardExtensionV-Bits:80)
          =>  wckTime=0.215  cpuTime=0.321  mem=4M589

   INFO : <!-- Start saving the XML representation -->

   INFO : <!-- Stop saving the XML representation of g22.xml -->

   Solver SolverBacktrack being built... 
          =>  wckTime=0.387  cpuTime=0.472  mem=17M350

   
   search
        run=0  nbConstraintChecks=0  depth=(min:0,max:0,avg:1)  nbEffectivePropagations=338  nbRevisions=1917  nbUselessRevisions=1625
        nbAssignments=84  nbFailedAssignments=84  nbBacktracks=1  nbVisitedNodes=168  nbRestartNogoods=0
          =>  wckTime=0.269  cpuTime=0.736  mem=21M213

   
   global
        nbConstraintChecks=0  nbEffectivePropagations=338  nbRevisions=1917  nbUselessRevisions=1625  nbRestartNogoods=0  solvingWckTime=0.269
        expiredTime=no  totalExploration=yes  nbFoundSolutions=0  Stop=FULL_EXPLORATION
          =>  wckTime=0.657  cpuTime=0.736  mem=21M213

s UNSATISFIABLE
d NODES 84

   totalWckTime=0.56  totalCpuTime=0.737
