
   AbsCon 1.41 (January, 2014) - defaultConfiguration

   
   instance
        framework=CSP  name=Isomorphism-/cluster/gpg/ciaran/sip-benchmarks/benchmarks/LV/g11-/cluster/gpg/ciaran/sip-benchmarks/benchmarks/LV/g41
        parameters=/cluster/gpg/ciaran/sip-benchmarks/benchmarks/LV/g11,/cluster/gpg/ciaran/sip-benchmarks/benchmarks/LV/g41
      

   loading variables...
        nbVariables=42  nbDomainTypes=1  nbTotalValues=5376  domainSizes=(128:42)
          =>  wckTime=0.178  cpuTime=0.301  mem=9M271

   loading objectives...

   loading constraints...
        nbConstraints=115  nbSpecificConstraints=1  nbExtensionStructures=(1,shared:113)  nbConflictsStructures=(1,shared:113,unbuilt:1)
        degrees=(2:1)(3:1)(4:4)...(8:11)(9:2)(11:1)  arities=(2:114)(42:1)  types=(AllDifferent:1)(ConstraintHardExtensionV-Bits:114)
          =>  wckTime=0.256  cpuTime=0.372  mem=4M898

   INFO : <!-- Start saving the XML representation -->

   INFO : <!-- Stop saving the XML representation of g41.xml -->

   Solver SolverBacktrack being built... 
          =>  wckTime=0.472  cpuTime=0.567  mem=18M668

   
   search
        run=0  nbConstraintChecks=0  depth=(min:0,max:0,avg:1)  nbEffectivePropagations=848  nbRevisions=6224  nbUselessRevisions=5377
        nbAssignments=127  nbFailedAssignments=127  nbBacktracks=1  nbVisitedNodes=255  nbRestartNogoods=0
          =>  wckTime=0.256  cpuTime=0.817  mem=18M220

   
   global
        nbConstraintChecks=0  nbEffectivePropagations=848  nbRevisions=6224  nbUselessRevisions=5377  nbRestartNogoods=0  solvingWckTime=0.257
        expiredTime=no  totalExploration=yes  nbFoundSolutions=0  Stop=FULL_EXPLORATION
          =>  wckTime=0.73  cpuTime=0.817  mem=18M220

s UNSATISFIABLE
d NODES 127

   totalWckTime=0.639  totalCpuTime=0.818
