
   AbsCon 1.41 (January, 2014) - defaultConfiguration

   
   instance
        framework=CSP  name=Isomorphism-/cluster/gpg/ciaran/sip-benchmarks/benchmarks/LV/g11-/cluster/gpg/ciaran/sip-benchmarks/benchmarks/LV/g49
        parameters=/cluster/gpg/ciaran/sip-benchmarks/benchmarks/LV/g11,/cluster/gpg/ciaran/sip-benchmarks/benchmarks/LV/g49
      

   loading variables...
        nbVariables=42  nbDomainTypes=1  nbTotalValues=5376  domainSizes=(128:42)
          =>  wckTime=0.181  cpuTime=0.306  mem=9M592

   loading objectives...

   loading constraints...
        nbConstraints=115  nbSpecificConstraints=1  nbExtensionStructures=(1,shared:113)  nbConflictsStructures=(1,shared:113,unbuilt:1)
        degrees=(2:1)(3:1)(4:4)...(8:11)(9:2)(11:1)  arities=(2:114)(42:1)  types=(AllDifferent:1)(ConstraintHardExtensionV-Bits:114)
          =>  wckTime=0.25  cpuTime=0.367  mem=8M477

   INFO : <!-- Start saving the XML representation -->

   INFO : <!-- Stop saving the XML representation of g49.xml -->

   Solver SolverBacktrack being built... 
          =>  wckTime=0.414  cpuTime=0.508  mem=22M471

   
   search
        run=0  nbConstraintChecks=0  depth=(min:0,max:22,avg:14)  nbEffectivePropagations=491804645  nbRevisions=1916401039  nbUselessRevisions=1778002026
        nbAssignments=23676677  nbFailedAssignments=16679216  nbBacktracks=6997447  nbVisitedNodes=44281547  nbRestartNogoods=0
          =>  wckTime=99999.589  cpuTime=99020.195  mem=25M425

   
   global
        nbConstraintChecks=0  nbEffectivePropagations=491804645  nbRevisions=1916401039  nbUselessRevisions=1778002026  nbRestartNogoods=0
        solvingWckTime=99999.589  expiredTime=yes  totalExploration=no  nbFoundSolutions=0  Stop=EXCEEDED_TIME
          =>  wckTime=100000.004  cpuTime=99020.195  mem=25M425

s UNKNOWN
d NODES 23676677

   totalWckTime=99999.907  totalCpuTime=99020.196
