
   AbsCon 1.41 (January, 2014) - defaultConfiguration

   
   instance
        framework=CSP  name=Isomorphism-/cluster/gpg/ciaran/sip-benchmarks/benchmarks/LV/g11-/cluster/gpg/ciaran/sip-benchmarks/benchmarks/LV/g15
        parameters=/cluster/gpg/ciaran/sip-benchmarks/benchmarks/LV/g11,/cluster/gpg/ciaran/sip-benchmarks/benchmarks/LV/g15
      

   loading variables...
        nbVariables=42  nbDomainTypes=1  nbTotalValues=2100  domainSizes=(50:42)
          =>  wckTime=0.272  cpuTime=0.328  mem=9M283

   loading objectives...

   loading constraints...
        nbConstraints=115  nbSpecificConstraints=1  nbExtensionStructures=(1,shared:113)  nbConflictsStructures=(1,shared:113,unbuilt:1)
        degrees=(2:1)(3:1)(4:4)...(8:11)(9:2)(11:1)  arities=(2:114)(42:1)  types=(AllDifferent:1)(ConstraintHardExtensionV-Bits:114)
          =>  wckTime=0.342  cpuTime=0.388  mem=3M998

   INFO : <!-- Start saving the XML representation -->

   INFO : <!-- Stop saving the XML representation of g15.xml -->

   Solver SolverBacktrack being built... 
          =>  wckTime=0.575  cpuTime=0.56  mem=16M921

   
   search
        run=0  nbConstraintChecks=0  depth=(min:0,max:0,avg:1)  nbEffectivePropagations=44  nbRevisions=229  nbUselessRevisions=187
        nbAssignments=1  nbFailedAssignments=1  nbBacktracks=1  nbVisitedNodes=3  nbRestartNogoods=0
          =>  wckTime=0.068  cpuTime=0.621  mem=17M314

   
   global
        nbConstraintChecks=0  nbEffectivePropagations=44  nbRevisions=229  nbUselessRevisions=187  nbRestartNogoods=0  solvingWckTime=0.07
        expiredTime=no  totalExploration=yes  nbFoundSolutions=0  Stop=FULL_EXPLORATION
          =>  wckTime=0.646  cpuTime=0.622  mem=17M314

s UNSATISFIABLE
d NODES 1

   totalWckTime=0.47  totalCpuTime=0.623
