
   AbsCon 1.41 (January, 2014) - defaultConfiguration

   
   instance
        framework=CSP  name=Isomorphism-/cluster/gpg/ciaran/sip-benchmarks/benchmarks/LV/g11-/cluster/gpg/ciaran/sip-benchmarks/benchmarks/LV/g14
        parameters=/cluster/gpg/ciaran/sip-benchmarks/benchmarks/LV/g11,/cluster/gpg/ciaran/sip-benchmarks/benchmarks/LV/g14
      

   loading variables...
        nbVariables=42  nbDomainTypes=1  nbTotalValues=2100  domainSizes=(50:42)
          =>  wckTime=0.171  cpuTime=0.294  mem=8M987

   loading objectives...

   loading constraints...
        nbConstraints=115  nbSpecificConstraints=1  nbExtensionStructures=(1,shared:113)  nbConflictsStructures=(1,shared:113,unbuilt:1)
        degrees=(2:1)(3:1)(4:4)...(8:11)(9:2)(11:1)  arities=(2:114)(42:1)  types=(AllDifferent:1)(ConstraintHardExtensionV-Bits:114)
          =>  wckTime=0.218  cpuTime=0.337  mem=3M606

   INFO : <!-- Start saving the XML representation -->

   INFO : <!-- Stop saving the XML representation of g14.xml -->

   Solver SolverBacktrack being built... 
          =>  wckTime=0.39  cpuTime=0.486  mem=16M833

   
   search
        run=0  nbConstraintChecks=0  depth=(min:0,max:0,avg:1)  nbEffectivePropagations=409  nbRevisions=3123  nbUselessRevisions=2749
        nbAssignments=41  nbFailedAssignments=41  nbBacktracks=1  nbVisitedNodes=83  nbRestartNogoods=0
          =>  wckTime=0.186  cpuTime=0.656  mem=21M559

   
   global
        nbConstraintChecks=0  nbEffectivePropagations=409  nbRevisions=3123  nbUselessRevisions=2749  nbRestartNogoods=0  solvingWckTime=0.186
        expiredTime=no  totalExploration=yes  nbFoundSolutions=0  Stop=FULL_EXPLORATION
          =>  wckTime=0.576  cpuTime=0.656  mem=21M559

s UNSATISFIABLE
d NODES 41

   totalWckTime=0.475  totalCpuTime=0.657
