
   AbsCon 1.41 (January, 2014) - defaultConfiguration

   
   instance
        framework=CSP  name=Isomorphism-/cluster/gpg/ciaran/sip-benchmarks/benchmarks/LV/g11-/cluster/gpg/ciaran/sip-benchmarks/benchmarks/LV/g22
        parameters=/cluster/gpg/ciaran/sip-benchmarks/benchmarks/LV/g11,/cluster/gpg/ciaran/sip-benchmarks/benchmarks/LV/g22
      

   loading variables...
        nbVariables=42  nbDomainTypes=1  nbTotalValues=2814  domainSizes=(67:42)
          =>  wckTime=0.206  cpuTime=0.314  mem=9M143

   loading objectives...

   loading constraints...
        nbConstraints=115  nbSpecificConstraints=1  nbExtensionStructures=(1,shared:113)  nbConflictsStructures=(1,shared:113,unbuilt:1)
        degrees=(2:1)(3:1)(4:4)...(8:11)(9:2)(11:1)  arities=(2:114)(42:1)  types=(AllDifferent:1)(ConstraintHardExtensionV-Bits:114)
          =>  wckTime=0.269  cpuTime=0.37  mem=4M619

   INFO : <!-- Start saving the XML representation -->

   INFO : <!-- Stop saving the XML representation of g22.xml -->

   Solver SolverBacktrack being built... 
          =>  wckTime=0.472  cpuTime=0.544  mem=17M703

   
   search
        run=0  nbConstraintChecks=0  depth=(min:0,max:0,avg:1)  nbEffectivePropagations=365  nbRevisions=2410  nbUselessRevisions=2077
        nbAssignments=66  nbFailedAssignments=66  nbBacktracks=1  nbVisitedNodes=133  nbRestartNogoods=0
          =>  wckTime=0.19  cpuTime=0.724  mem=12M685

   
   global
        nbConstraintChecks=0  nbEffectivePropagations=365  nbRevisions=2410  nbUselessRevisions=2077  nbRestartNogoods=0  solvingWckTime=0.191
        expiredTime=no  totalExploration=yes  nbFoundSolutions=0  Stop=FULL_EXPLORATION
          =>  wckTime=0.664  cpuTime=0.725  mem=12M903

s UNSATISFIABLE
d NODES 66

   totalWckTime=0.549  totalCpuTime=0.726
