
   AbsCon 1.41 (January, 2014) - defaultConfiguration

   
   instance
        framework=CSP  name=Isomorphism-/cluster/gpg/ciaran/sip-benchmarks/benchmarks/LV/g11-/cluster/gpg/ciaran/sip-benchmarks/benchmarks/LV/g21
        parameters=/cluster/gpg/ciaran/sip-benchmarks/benchmarks/LV/g11,/cluster/gpg/ciaran/sip-benchmarks/benchmarks/LV/g21
      

   loading variables...
        nbVariables=42  nbDomainTypes=1  nbTotalValues=2688  domainSizes=(64:42)
          =>  wckTime=0.187  cpuTime=0.342  mem=9M634

   loading objectives...

   loading constraints...
        nbConstraints=115  nbSpecificConstraints=1  nbExtensionStructures=(1,shared:113)  nbConflictsStructures=(1,shared:113,unbuilt:1)
        degrees=(2:1)(3:1)(4:4)...(8:11)(9:2)(11:1)  arities=(2:114)(42:1)  types=(AllDifferent:1)(ConstraintHardExtensionV-Bits:114)
          =>  wckTime=0.261  cpuTime=0.412  mem=10M99

   INFO : <!-- Start saving the XML representation -->

   INFO : <!-- Stop saving the XML representation of g21.xml -->

   Solver SolverBacktrack being built... 
          =>  wckTime=0.426  cpuTime=0.547  mem=23M770

    instantiation X0=29 X1=21 X2=16 X3=34 X4=15 X5=35 X6=22 X7=14 X8=2 X9=36 X10=17 X11=28 X12=8 X13=19 X14=27 X15=3 X16=37 X17=9 X18=33 X19=0 X20=30 X21=10 X22=38 X23=18 X24=32 X25=4 X26=5 X27=31 X28=24 X29=20 X30=23 X31=1 X32=39 X33=26 X34=6 X35=11 X36=40 X37=12 X38=41 X39=7 X40=13 X41=25 

    solution X0=29 X1=21 X2=16 X3=34 X4=15 X5=35 X6=22 X7=14 X8=2 X9=36 X10=17 X11=28 X12=8 X13=19 X14=27 X15=3 X16=37 X17=9 X18=33 X19=0 X20=30 X21=10 X22=38 X23=18 X24=32 X25=4 X26=5 X27=31 X28=24 X29=20 X30=23 X31=1 X32=39 X33=26 X34=6 X35=11 X36=40 X37=12 X38=41 X39=7 X40=13 X41=25 

   
   search
        run=0  nbConstraintChecks=115  depth=(min:43,max:41,avg:0)  nbEffectivePropagations=544  nbRevisions=114  nbUselessRevisions=114
        nbAssignments=42  nbFailedAssignments=0  nbBacktracks=0  nbVisitedNodes=43  nbRestartNogoods=0  nbFoundSolutions=1  upperBound=9223372036854775807
          =>  wckTime=0.483  cpuTime=1.026  mem=22M999

   
   global
        nbConstraintChecks=115  nbEffectivePropagations=544  nbRevisions=114  nbUselessRevisions=114  nbRestartNogoods=0  solvingWckTime=0.483
        expiredTime=no  totalExploration=no  nbFoundSolutions=1  firstSolutionCpuTime=1.022  Stop=REACHED_GOAL
          =>  wckTime=0.91  cpuTime=1.027  mem=22M999

s SATISFIABLE
v X0=29 X1=21 X2=16 X3=34 X4=15 X5=35 X6=22 X7=14 X8=2 X9=36 X10=17 X11=28 X12=8 X13=19 X14=27 X15=3 X16=37 X17=9 X18=33 X19=0 X20=30 X21=10 X22=38 X23=18 X24=32 X25=4 X26=5 X27=31 X28=24 X29=20 X30=23 X31=1 X32=39 X33=26 X34=6 X35=11 X36=40 X37=12 X38=41 X39=7 X40=13 X41=25 
d NODES 42

   totalWckTime=0.799  totalCpuTime=1.027
