
   AbsCon 1.41 (January, 2014) - defaultConfiguration

   
   instance
        framework=CSP  name=Isomorphism-/cluster/gpg/ciaran/sip-benchmarks/benchmarks/LV/g11-/cluster/gpg/ciaran/sip-benchmarks/benchmarks/LV/g20
        parameters=/cluster/gpg/ciaran/sip-benchmarks/benchmarks/LV/g11,/cluster/gpg/ciaran/sip-benchmarks/benchmarks/LV/g20
      

   loading variables...
        nbVariables=42  nbDomainTypes=1  nbTotalValues=2688  domainSizes=(64:42)
          =>  wckTime=0.188  cpuTime=0.301  mem=9M256

   loading objectives...

   loading constraints...
        nbConstraints=115  nbSpecificConstraints=1  nbExtensionStructures=(1,shared:113)  nbConflictsStructures=(1,shared:113,unbuilt:1)
        degrees=(2:1)(3:1)(4:4)...(8:11)(9:2)(11:1)  arities=(2:114)(42:1)  types=(AllDifferent:1)(ConstraintHardExtensionV-Bits:114)
          =>  wckTime=0.253  cpuTime=0.359  mem=6M160

   INFO : <!-- Start saving the XML representation -->

   INFO : <!-- Stop saving the XML representation of g20.xml -->

   Solver SolverBacktrack being built... 
          =>  wckTime=0.406  cpuTime=0.491  mem=19M212

    instantiation X0=3 X1=5 X2=14 X3=62 X4=57 X5=41 X6=13 X7=9 X8=8 X9=56 X10=25 X11=32 X12=48 X13=40 X14=21 X15=17 X16=1 X17=49 X18=16 X19=0 X20=24 X21=2 X22=7 X23=12 X24=10 X25=28 X26=18 X27=27 X28=4 X29=11 X30=33 X31=37 X32=55 X33=45 X34=31 X35=34 X36=36 X37=29 X38=58 X39=63 X40=44 X41=47 

    solution X0=3 X1=5 X2=14 X3=62 X4=57 X5=41 X6=13 X7=9 X8=8 X9=56 X10=25 X11=32 X12=48 X13=40 X14=21 X15=17 X16=1 X17=49 X18=16 X19=0 X20=24 X21=2 X22=7 X23=12 X24=10 X25=28 X26=18 X27=27 X28=4 X29=11 X30=33 X31=37 X32=55 X33=45 X34=31 X35=34 X36=36 X37=29 X38=58 X39=63 X40=44 X41=47 

   
   search
        run=0  nbConstraintChecks=115  depth=(min:2,max:41,avg:9)  nbEffectivePropagations=385119  nbRevisions=936651  nbUselessRevisions=775878
        nbAssignments=10877  nbFailedAssignments=5914  nbBacktracks=4921  nbVisitedNodes=19112  nbRestartNogoods=0  nbFoundSolutions=1
        upperBound=9223372036854775807
          =>  wckTime=31.312  cpuTime=31.656  mem=27M807

   
   global
        nbConstraintChecks=115  nbEffectivePropagations=385119  nbRevisions=936651  nbUselessRevisions=775878  nbRestartNogoods=0
        solvingWckTime=31.312  expiredTime=no  totalExploration=no  nbFoundSolutions=1  firstSolutionCpuTime=31.654  Stop=REACHED_GOAL
          =>  wckTime=31.718  cpuTime=31.656  mem=27M807

s SATISFIABLE
v X0=3 X1=5 X2=14 X3=62 X4=57 X5=41 X6=13 X7=9 X8=8 X9=56 X10=25 X11=32 X12=48 X13=40 X14=21 X15=17 X16=1 X17=49 X18=16 X19=0 X20=24 X21=2 X22=7 X23=12 X24=10 X25=28 X26=18 X27=27 X28=4 X29=11 X30=33 X31=37 X32=55 X33=45 X34=31 X35=34 X36=36 X37=29 X38=58 X39=63 X40=44 X41=47 
d NODES 10877

   totalWckTime=31.608  totalCpuTime=31.657
