
   AbsCon 1.41 (January, 2014) - defaultConfiguration

   
   instance
        framework=CSP  name=Isomorphism-/cluster/gpg/ciaran/sip-benchmarks/benchmarks/LV/g11-/cluster/gpg/ciaran/sip-benchmarks/benchmarks/LV/g25
        parameters=/cluster/gpg/ciaran/sip-benchmarks/benchmarks/LV/g11,/cluster/gpg/ciaran/sip-benchmarks/benchmarks/LV/g25
      

   loading variables...
        nbVariables=42  nbDomainTypes=1  nbTotalValues=3150  domainSizes=(75:42)
          =>  wckTime=0.208  cpuTime=0.313  mem=9M323

   loading objectives...

   loading constraints...
        nbConstraints=115  nbSpecificConstraints=1  nbExtensionStructures=(1,shared:113)  nbConflictsStructures=(1,shared:113,unbuilt:1)
        degrees=(2:1)(3:1)(4:4)...(8:11)(9:2)(11:1)  arities=(2:114)(42:1)  types=(AllDifferent:1)(ConstraintHardExtensionV-Bits:114)
          =>  wckTime=0.257  cpuTime=0.355  mem=4M339

   INFO : <!-- Start saving the XML representation -->

   INFO : <!-- Stop saving the XML representation of g25.xml -->

   Solver SolverBacktrack being built... 
          =>  wckTime=0.44  cpuTime=0.511  mem=17M358

   
   search
        run=0  nbConstraintChecks=0  depth=(min:0,max:0,avg:1)  nbEffectivePropagations=36  nbRevisions=115  nbUselessRevisions=80
        nbAssignments=1  nbFailedAssignments=1  nbBacktracks=1  nbVisitedNodes=3  nbRestartNogoods=0
          =>  wckTime=0.018  cpuTime=0.528  mem=17M552

   
   global
        nbConstraintChecks=0  nbEffectivePropagations=36  nbRevisions=115  nbUselessRevisions=80  nbRestartNogoods=0  solvingWckTime=0.018
        expiredTime=no  totalExploration=yes  nbFoundSolutions=0  Stop=FULL_EXPLORATION
          =>  wckTime=0.458  cpuTime=0.529  mem=17M552

s UNSATISFIABLE
d NODES 1

   totalWckTime=0.339  totalCpuTime=0.529
