
   AbsCon 1.41 (January, 2014) - defaultConfiguration

   
   instance
        framework=CSP  name=Isomorphism-/cluster/gpg/ciaran/sip-benchmarks/benchmarks/LV/g12-/cluster/gpg/ciaran/sip-benchmarks/benchmarks/LV/g30
        parameters=/cluster/gpg/ciaran/sip-benchmarks/benchmarks/LV/g12,/cluster/gpg/ciaran/sip-benchmarks/benchmarks/LV/g30
      

   loading variables...
        nbVariables=48  nbDomainTypes=1  nbTotalValues=4800  domainSizes=(100:48)
          =>  wckTime=0.187  cpuTime=0.332  mem=9M426

   loading objectives...

   loading constraints...
        nbConstraints=204  nbSpecificConstraints=1  nbExtensionStructures=(1,shared:202)  nbConflictsStructures=(1,shared:202,unbuilt:1)
        degrees=(1:3)(2:1)(3:7)...(17:3)(19:1)(24:1)  arities=(2:203)(48:1)  types=(AllDifferent:1)(ConstraintHardExtensionV-Bits:203)
          =>  wckTime=0.261  cpuTime=0.404  mem=9M349

   INFO : <!-- Start saving the XML representation -->

   INFO : <!-- Stop saving the XML representation of g30.xml -->

   Solver SolverBacktrack being built... 
          =>  wckTime=0.437  cpuTime=0.556  mem=22M943

   
   search
        run=0  nbConstraintChecks=0  depth=(min:0,max:0,avg:1)  nbEffectivePropagations=392  nbRevisions=3983  nbUselessRevisions=3592
        nbAssignments=99  nbFailedAssignments=99  nbBacktracks=1  nbVisitedNodes=199  nbRestartNogoods=0
          =>  wckTime=0.441  cpuTime=0.99  mem=25M382

   
   global
        nbConstraintChecks=0  nbEffectivePropagations=392  nbRevisions=3983  nbUselessRevisions=3592  nbRestartNogoods=0  solvingWckTime=0.442
        expiredTime=no  totalExploration=yes  nbFoundSolutions=0  Stop=FULL_EXPLORATION
          =>  wckTime=0.879  cpuTime=0.991  mem=25M382

s UNSATISFIABLE
d NODES 99

   totalWckTime=0.769  totalCpuTime=0.991
