
   AbsCon 1.41 (January, 2014) - defaultConfiguration

   
   instance
        framework=CSP  name=Isomorphism-/cluster/gpg/ciaran/sip-benchmarks/benchmarks/LV/g12-/cluster/gpg/ciaran/sip-benchmarks/benchmarks/LV/g38
        parameters=/cluster/gpg/ciaran/sip-benchmarks/benchmarks/LV/g12,/cluster/gpg/ciaran/sip-benchmarks/benchmarks/LV/g38
      

   loading variables...
        nbVariables=48  nbDomainTypes=1  nbTotalValues=5808  domainSizes=(121:48)
          =>  wckTime=0.183  cpuTime=0.301  mem=4M805

   loading objectives...

   loading constraints...
        nbConstraints=204  nbSpecificConstraints=1  nbExtensionStructures=(1,shared:202)  nbConflictsStructures=(1,shared:202,unbuilt:1)
        degrees=(1:3)(2:1)(3:7)...(17:3)(19:1)(24:1)  arities=(2:203)(48:1)  types=(AllDifferent:1)(ConstraintHardExtensionV-Bits:203)
          =>  wckTime=0.234  cpuTime=0.351  mem=7M856

   INFO : <!-- Start saving the XML representation -->

   INFO : <!-- Stop saving the XML representation of g38.xml -->

   Solver SolverBacktrack being built... 
          =>  wckTime=0.395  cpuTime=0.487  mem=21M589

   
   search
        run=0  nbConstraintChecks=0  depth=(min:0,max:0,avg:1)  nbEffectivePropagations=220  nbRevisions=4294  nbUselessRevisions=4075
        nbAssignments=42  nbFailedAssignments=42  nbBacktracks=1  nbVisitedNodes=85  nbRestartNogoods=0
          =>  wckTime=0.157  cpuTime=0.635  mem=25M28

   
   global
        nbConstraintChecks=0  nbEffectivePropagations=220  nbRevisions=4294  nbUselessRevisions=4075  nbRestartNogoods=0  solvingWckTime=0.157
        expiredTime=no  totalExploration=yes  nbFoundSolutions=0  Stop=FULL_EXPLORATION
          =>  wckTime=0.553  cpuTime=0.635  mem=25M28

s UNSATISFIABLE
d NODES 42

   totalWckTime=0.444  totalCpuTime=0.636
