
   AbsCon 1.41 (January, 2014) - defaultConfiguration

   
   instance
        framework=CSP  name=Isomorphism-/cluster/gpg/ciaran/sip-benchmarks/benchmarks/LV/g13-/cluster/gpg/ciaran/sip-benchmarks/benchmarks/LV/g20
        parameters=/cluster/gpg/ciaran/sip-benchmarks/benchmarks/LV/g13,/cluster/gpg/ciaran/sip-benchmarks/benchmarks/LV/g20
      

   loading variables...
        nbVariables=49  nbDomainTypes=1  nbTotalValues=3136  domainSizes=(64:49)
          =>  wckTime=0.178  cpuTime=0.29  mem=9M320

   loading objectives...

   loading constraints...
        nbConstraints=126  nbSpecificConstraints=1  nbExtensionStructures=(1,shared:124)  nbConflictsStructures=(1,shared:124,unbuilt:1)
        degrees=(1:10)(2:2)(3:6)...(17:1)(18:3)(20:1)  arities=(2:125)(49:1)  types=(AllDifferent:1)(ConstraintHardExtensionV-Bits:125)
          =>  wckTime=0.242  cpuTime=0.347  mem=6M767

   INFO : <!-- Start saving the XML representation -->

   INFO : <!-- Stop saving the XML representation of g20.xml -->

   Solver SolverBacktrack being built... 
          =>  wckTime=0.404  cpuTime=0.478  mem=20M104

   
   search
        run=0  nbConstraintChecks=0  depth=(min:0,max:0,avg:1)  nbEffectivePropagations=143  nbRevisions=1163  nbUselessRevisions=1049
        nbAssignments=64  nbFailedAssignments=64  nbBacktracks=1  nbVisitedNodes=128  nbRestartNogoods=0
          =>  wckTime=0.243  cpuTime=0.714  mem=16M984

   
   global
        nbConstraintChecks=0  nbEffectivePropagations=143  nbRevisions=1163  nbUselessRevisions=1049  nbRestartNogoods=0  solvingWckTime=0.244
        expiredTime=no  totalExploration=yes  nbFoundSolutions=0  Stop=FULL_EXPLORATION
          =>  wckTime=0.649  cpuTime=0.714  mem=16M984

s UNSATISFIABLE
d NODES 64

   totalWckTime=0.545  totalCpuTime=0.714
