
   AbsCon 1.41 (January, 2014) - defaultConfiguration

   
   instance
        framework=CSP  name=Isomorphism-/cluster/gpg/ciaran/sip-benchmarks/benchmarks/LV/g13-/cluster/gpg/ciaran/sip-benchmarks/benchmarks/LV/g45
        parameters=/cluster/gpg/ciaran/sip-benchmarks/benchmarks/LV/g13,/cluster/gpg/ciaran/sip-benchmarks/benchmarks/LV/g45
      

   loading variables...
        nbVariables=49  nbDomainTypes=1  nbTotalValues=6272  domainSizes=(128:49)
          =>  wckTime=0.19  cpuTime=0.298  mem=9M910

   loading objectives...

   loading constraints...
        nbConstraints=126  nbSpecificConstraints=1  nbExtensionStructures=(1,shared:124)  nbConflictsStructures=(1,shared:124,unbuilt:1)
        degrees=(1:10)(2:2)(3:6)...(17:1)(18:3)(20:1)  arities=(2:125)(49:1)  types=(AllDifferent:1)(ConstraintHardExtensionV-Bits:125)
          =>  wckTime=0.258  cpuTime=0.362  mem=7M640

   INFO : <!-- Start saving the XML representation -->

   INFO : <!-- Stop saving the XML representation of g45.xml -->

   Solver SolverBacktrack being built... 
          =>  wckTime=0.427  cpuTime=0.506  mem=21M750

   
   search
        run=0  nbConstraintChecks=0  depth=(min:0,max:0,avg:1)  nbEffectivePropagations=610  nbRevisions=9078  nbUselessRevisions=8469
        nbAssignments=125  nbFailedAssignments=125  nbBacktracks=1  nbVisitedNodes=251  nbRestartNogoods=0
          =>  wckTime=0.457  cpuTime=0.948  mem=15M856

   
   global
        nbConstraintChecks=0  nbEffectivePropagations=610  nbRevisions=9078  nbUselessRevisions=8469  nbRestartNogoods=0  solvingWckTime=0.457
        expiredTime=no  totalExploration=yes  nbFoundSolutions=0  Stop=FULL_EXPLORATION
          =>  wckTime=0.885  cpuTime=0.949  mem=15M856

s UNSATISFIABLE
d NODES 125

   totalWckTime=0.77  totalCpuTime=0.949
