
   AbsCon 1.41 (January, 2014) - defaultConfiguration

   
   instance
        framework=CSP  name=Isomorphism-/cluster/gpg/ciaran/sip-benchmarks/benchmarks/LV/g13-/cluster/gpg/ciaran/sip-benchmarks/benchmarks/LV/g25
        parameters=/cluster/gpg/ciaran/sip-benchmarks/benchmarks/LV/g13,/cluster/gpg/ciaran/sip-benchmarks/benchmarks/LV/g25
      

   loading variables...
        nbVariables=49  nbDomainTypes=1  nbTotalValues=3675  domainSizes=(75:49)
          =>  wckTime=0.188  cpuTime=0.285  mem=9M79

   loading objectives...

   loading constraints...
        nbConstraints=126  nbSpecificConstraints=1  nbExtensionStructures=(1,shared:124)  nbConflictsStructures=(1,shared:124,unbuilt:1)
        degrees=(1:10)(2:2)(3:6)...(17:1)(18:3)(20:1)  arities=(2:125)(49:1)  types=(AllDifferent:1)(ConstraintHardExtensionV-Bits:125)
          =>  wckTime=0.236  cpuTime=0.33  mem=4M145

   INFO : <!-- Start saving the XML representation -->

   INFO : <!-- Stop saving the XML representation of g25.xml -->

   Solver SolverBacktrack being built... 
          =>  wckTime=0.394  cpuTime=0.463  mem=17M407

   
   search
        run=0  nbConstraintChecks=0  depth=(min:0,max:0,avg:1)  nbEffectivePropagations=50  nbRevisions=154  nbUselessRevisions=122
        nbAssignments=1  nbFailedAssignments=1  nbBacktracks=1  nbVisitedNodes=3  nbRestartNogoods=0
          =>  wckTime=0.015  cpuTime=0.478  mem=17M604

   
   global
        nbConstraintChecks=0  nbEffectivePropagations=50  nbRevisions=154  nbUselessRevisions=122  nbRestartNogoods=0  solvingWckTime=0.016
        expiredTime=no  totalExploration=yes  nbFoundSolutions=0  Stop=FULL_EXPLORATION
          =>  wckTime=0.41  cpuTime=0.478  mem=17M604

s UNSATISFIABLE
d NODES 1

   totalWckTime=0.297  totalCpuTime=0.479
