
   AbsCon 1.41 (January, 2014) - defaultConfiguration

   
   instance
        framework=CSP  name=Isomorphism-/cluster/gpg/ciaran/sip-benchmarks/benchmarks/LV/g13-/cluster/gpg/ciaran/sip-benchmarks/benchmarks/LV/g47
        parameters=/cluster/gpg/ciaran/sip-benchmarks/benchmarks/LV/g13,/cluster/gpg/ciaran/sip-benchmarks/benchmarks/LV/g47
      

   loading variables...
        nbVariables=49  nbDomainTypes=1  nbTotalValues=6272  domainSizes=(128:49)
          =>  wckTime=0.18  cpuTime=0.296  mem=9M453

   loading objectives...

   loading constraints...
        nbConstraints=126  nbSpecificConstraints=1  nbExtensionStructures=(1,shared:124)  nbConflictsStructures=(1,shared:124,unbuilt:1)
        degrees=(1:10)(2:2)(3:6)...(17:1)(18:3)(20:1)  arities=(2:125)(49:1)  types=(AllDifferent:1)(ConstraintHardExtensionV-Bits:125)
          =>  wckTime=0.255  cpuTime=0.357  mem=8M688

   INFO : <!-- Start saving the XML representation -->

   INFO : <!-- Stop saving the XML representation of g47.xml -->

   Solver SolverBacktrack being built... 
          =>  wckTime=0.414  cpuTime=0.494  mem=22M728

   
   search
        run=0  nbConstraintChecks=0  depth=(min:0,max:0,avg:1)  nbEffectivePropagations=590  nbRevisions=5852  nbUselessRevisions=5263
        nbAssignments=127  nbFailedAssignments=127  nbBacktracks=1  nbVisitedNodes=255  nbRestartNogoods=0
          =>  wckTime=0.244  cpuTime=0.725  mem=24M294

   
   global
        nbConstraintChecks=0  nbEffectivePropagations=590  nbRevisions=5852  nbUselessRevisions=5263  nbRestartNogoods=0  solvingWckTime=0.245
        expiredTime=no  totalExploration=yes  nbFoundSolutions=0  Stop=FULL_EXPLORATION
          =>  wckTime=0.659  cpuTime=0.725  mem=24M294

s UNSATISFIABLE
d NODES 127

   totalWckTime=0.557  totalCpuTime=0.726
