
   AbsCon 1.41 (January, 2014) - defaultConfiguration

   
   instance
        framework=CSP  name=Isomorphism-/cluster/gpg/ciaran/sip-benchmarks/benchmarks/LV/g14-/cluster/gpg/ciaran/sip-benchmarks/benchmarks/LV/g45
        parameters=/cluster/gpg/ciaran/sip-benchmarks/benchmarks/LV/g14,/cluster/gpg/ciaran/sip-benchmarks/benchmarks/LV/g45
      

   loading variables...
        nbVariables=50  nbDomainTypes=1  nbTotalValues=6400  domainSizes=(128:50)
          =>  wckTime=0.192  cpuTime=0.308  mem=9M147

   loading objectives...

   loading constraints...
        nbConstraints=110  nbSpecificConstraints=1  nbExtensionStructures=(1,shared:108)  nbConflictsStructures=(1,shared:108,unbuilt:1)
        degrees=(1:7)(2:8)(3:3)...(14:1)(16:1)(18:1)  arities=(2:109)(50:1)  types=(AllDifferent:1)(ConstraintHardExtensionV-Bits:109)
          =>  wckTime=0.255  cpuTime=0.368  mem=6M213

   INFO : <!-- Start saving the XML representation -->

   INFO : <!-- Stop saving the XML representation of g45.xml -->

   Solver SolverBacktrack being built... 
          =>  wckTime=0.449  cpuTime=0.541  mem=20M381

   
   search
        run=0  nbConstraintChecks=0  depth=(min:0,max:0,avg:1)  nbEffectivePropagations=555  nbRevisions=7494  nbUselessRevisions=6940
        nbAssignments=125  nbFailedAssignments=125  nbBacktracks=1  nbVisitedNodes=251  nbRestartNogoods=0
          =>  wckTime=0.514  cpuTime=1.014  mem=16M367

   
   global
        nbConstraintChecks=0  nbEffectivePropagations=555  nbRevisions=7494  nbUselessRevisions=6940  nbRestartNogoods=0  solvingWckTime=0.514
        expiredTime=no  totalExploration=yes  nbFoundSolutions=0  Stop=FULL_EXPLORATION
          =>  wckTime=0.965  cpuTime=1.014  mem=16M367

s UNSATISFIABLE
d NODES 125

   totalWckTime=0.858  totalCpuTime=1.015
