
   AbsCon 1.41 (January, 2014) - defaultConfiguration

   
   instance
        framework=CSP  name=Isomorphism-/cluster/gpg/ciaran/sip-benchmarks/benchmarks/LV/g14-/cluster/gpg/ciaran/sip-benchmarks/benchmarks/LV/g23
        parameters=/cluster/gpg/ciaran/sip-benchmarks/benchmarks/LV/g14,/cluster/gpg/ciaran/sip-benchmarks/benchmarks/LV/g23
      

   loading variables...
        nbVariables=50  nbDomainTypes=1  nbTotalValues=3650  domainSizes=(73:50)
          =>  wckTime=0.239  cpuTime=0.355  mem=4M617

   loading objectives...

   loading constraints...
        nbConstraints=110  nbSpecificConstraints=1  nbExtensionStructures=(1,shared:108)  nbConflictsStructures=(1,shared:108,unbuilt:1)
        degrees=(1:7)(2:8)(3:3)...(14:1)(16:1)(18:1)  arities=(2:109)(50:1)  types=(AllDifferent:1)(ConstraintHardExtensionV-Bits:109)
          =>  wckTime=0.302  cpuTime=0.417  mem=7M195

   INFO : <!-- Start saving the XML representation -->

   INFO : <!-- Stop saving the XML representation of g23.xml -->

   Solver SolverBacktrack being built... 
          =>  wckTime=0.482  cpuTime=0.567  mem=20M136

   
   search
        run=0  nbConstraintChecks=0  depth=(min:0,max:0,avg:1)  nbEffectivePropagations=505  nbRevisions=4574  nbUselessRevisions=4122
        nbAssignments=70  nbFailedAssignments=70  nbBacktracks=1  nbVisitedNodes=141  nbRestartNogoods=0
          =>  wckTime=0.234  cpuTime=0.795  mem=20M15

   
   global
        nbConstraintChecks=0  nbEffectivePropagations=505  nbRevisions=4574  nbUselessRevisions=4122  nbRestartNogoods=0  solvingWckTime=0.234
        expiredTime=no  totalExploration=yes  nbFoundSolutions=0  Stop=FULL_EXPLORATION
          =>  wckTime=0.716  cpuTime=0.795  mem=20M15

s UNSATISFIABLE
d NODES 70

   totalWckTime=0.556  totalCpuTime=0.796
