
   AbsCon 1.41 (January, 2014) - defaultConfiguration

   
   instance
        framework=CSP  name=Isomorphism-/cluster/gpg/ciaran/sip-benchmarks/benchmarks/LV/g14-/cluster/gpg/ciaran/sip-benchmarks/benchmarks/LV/g25
        parameters=/cluster/gpg/ciaran/sip-benchmarks/benchmarks/LV/g14,/cluster/gpg/ciaran/sip-benchmarks/benchmarks/LV/g25
      

   loading variables...
        nbVariables=50  nbDomainTypes=1  nbTotalValues=3750  domainSizes=(75:50)
          =>  wckTime=0.173  cpuTime=0.284  mem=9M391

   loading objectives...

   loading constraints...
        nbConstraints=110  nbSpecificConstraints=1  nbExtensionStructures=(1,shared:108)  nbConflictsStructures=(1,shared:108,unbuilt:1)
        degrees=(1:7)(2:8)(3:3)...(14:1)(16:1)(18:1)  arities=(2:109)(50:1)  types=(AllDifferent:1)(ConstraintHardExtensionV-Bits:109)
          =>  wckTime=0.214  cpuTime=0.323  mem=4M40

   INFO : <!-- Start saving the XML representation -->

   INFO : <!-- Stop saving the XML representation of g25.xml -->

   Solver SolverBacktrack being built... 
          =>  wckTime=0.376  cpuTime=0.459  mem=17M234

   
   search
        run=0  nbConstraintChecks=0  depth=(min:0,max:0,avg:1)  nbEffectivePropagations=33  nbRevisions=82  nbUselessRevisions=50
        nbAssignments=1  nbFailedAssignments=1  nbBacktracks=1  nbVisitedNodes=3  nbRestartNogoods=0
          =>  wckTime=0.014  cpuTime=0.473  mem=17M426

   
   global
        nbConstraintChecks=0  nbEffectivePropagations=33  nbRevisions=82  nbUselessRevisions=50  nbRestartNogoods=0  solvingWckTime=0.015
        expiredTime=no  totalExploration=yes  nbFoundSolutions=0  Stop=FULL_EXPLORATION
          =>  wckTime=0.392  cpuTime=0.474  mem=17M426

s UNSATISFIABLE
d NODES 1

   totalWckTime=0.292  totalCpuTime=0.475
