
   AbsCon 1.41 (January, 2014) - defaultConfiguration

   
   instance
        framework=CSP  name=Isomorphism-/cluster/gpg/ciaran/sip-benchmarks/benchmarks/LV/g14-/cluster/gpg/ciaran/sip-benchmarks/benchmarks/LV/g46
        parameters=/cluster/gpg/ciaran/sip-benchmarks/benchmarks/LV/g14,/cluster/gpg/ciaran/sip-benchmarks/benchmarks/LV/g46
      

   loading variables...
        nbVariables=50  nbDomainTypes=1  nbTotalValues=6400  domainSizes=(128:50)
          =>  wckTime=0.171  cpuTime=0.285  mem=9M520

   loading objectives...

   loading constraints...
        nbConstraints=110  nbSpecificConstraints=1  nbExtensionStructures=(1,shared:108)  nbConflictsStructures=(1,shared:108,unbuilt:1)
        degrees=(1:7)(2:8)(3:3)...(14:1)(16:1)(18:1)  arities=(2:109)(50:1)  types=(AllDifferent:1)(ConstraintHardExtensionV-Bits:109)
          =>  wckTime=0.234  cpuTime=0.347  mem=8M291

   INFO : <!-- Start saving the XML representation -->

   INFO : <!-- Stop saving the XML representation of g46.xml -->

   Solver SolverBacktrack being built... 
          =>  wckTime=0.393  cpuTime=0.483  mem=22M213

   
   search
        run=0  nbConstraintChecks=0  depth=(min:0,max:0,avg:1)  nbEffectivePropagations=513  nbRevisions=4582  nbUselessRevisions=4070
        nbAssignments=127  nbFailedAssignments=127  nbBacktracks=1  nbVisitedNodes=255  nbRestartNogoods=0
          =>  wckTime=0.428  cpuTime=0.896  mem=15M533

   
   global
        nbConstraintChecks=0  nbEffectivePropagations=513  nbRevisions=4582  nbUselessRevisions=4070  nbRestartNogoods=0  solvingWckTime=0.428
        expiredTime=no  totalExploration=yes  nbFoundSolutions=0  Stop=FULL_EXPLORATION
          =>  wckTime=0.822  cpuTime=0.897  mem=15M533

s UNSATISFIABLE
d NODES 127

   totalWckTime=0.726  totalCpuTime=0.897
