
   AbsCon 1.41 (January, 2014) - defaultConfiguration

   
   instance
        framework=CSP  name=Isomorphism-/cluster/gpg/ciaran/sip-benchmarks/benchmarks/LV/g14-/cluster/gpg/ciaran/sip-benchmarks/benchmarks/LV/g29
        parameters=/cluster/gpg/ciaran/sip-benchmarks/benchmarks/LV/g14,/cluster/gpg/ciaran/sip-benchmarks/benchmarks/LV/g29
      

   loading variables...
        nbVariables=50  nbDomainTypes=1  nbTotalValues=5000  domainSizes=(100:50)
          =>  wckTime=0.19  cpuTime=0.307  mem=9M124

   loading objectives...

   loading constraints...
        nbConstraints=110  nbSpecificConstraints=1  nbExtensionStructures=(1,shared:108)  nbConflictsStructures=(1,shared:108,unbuilt:1)
        degrees=(1:7)(2:8)(3:3)...(14:1)(16:1)(18:1)  arities=(2:109)(50:1)  types=(AllDifferent:1)(ConstraintHardExtensionV-Bits:109)
          =>  wckTime=0.256  cpuTime=0.364  mem=6M992

   INFO : <!-- Start saving the XML representation -->

   INFO : <!-- Stop saving the XML representation of g29.xml -->

   Solver SolverBacktrack being built... 
          =>  wckTime=0.424  cpuTime=0.505  mem=20M419

   
   search
        run=0  nbConstraintChecks=0  depth=(min:0,max:0,avg:1)  nbEffectivePropagations=356  nbRevisions=2834  nbUselessRevisions=2510
        nbAssignments=100  nbFailedAssignments=100  nbBacktracks=1  nbVisitedNodes=200  nbRestartNogoods=0
          =>  wckTime=0.437  cpuTime=0.932  mem=21M129

   
   global
        nbConstraintChecks=0  nbEffectivePropagations=356  nbRevisions=2834  nbUselessRevisions=2510  nbRestartNogoods=0  solvingWckTime=0.437
        expiredTime=no  totalExploration=yes  nbFoundSolutions=0  Stop=FULL_EXPLORATION
          =>  wckTime=0.863  cpuTime=0.932  mem=21M129

s UNSATISFIABLE
d NODES 100

   totalWckTime=0.753  totalCpuTime=0.932
