
   AbsCon 1.41 (January, 2014) - defaultConfiguration

   
   instance
        framework=CSP  name=Isomorphism-/cluster/gpg/ciaran/sip-benchmarks/benchmarks/LV/g14-/cluster/gpg/ciaran/sip-benchmarks/benchmarks/LV/g47
        parameters=/cluster/gpg/ciaran/sip-benchmarks/benchmarks/LV/g14,/cluster/gpg/ciaran/sip-benchmarks/benchmarks/LV/g47
      

   loading variables...
        nbVariables=50  nbDomainTypes=1  nbTotalValues=6400  domainSizes=(128:50)
          =>  wckTime=0.226  cpuTime=0.319  mem=9M252

   loading objectives...

   loading constraints...
        nbConstraints=110  nbSpecificConstraints=1  nbExtensionStructures=(1,shared:108)  nbConflictsStructures=(1,shared:108,unbuilt:1)
        degrees=(1:7)(2:8)(3:3)...(14:1)(16:1)(18:1)  arities=(2:109)(50:1)  types=(AllDifferent:1)(ConstraintHardExtensionV-Bits:109)
          =>  wckTime=0.302  cpuTime=0.393  mem=7M647

   INFO : <!-- Start saving the XML representation -->

   INFO : <!-- Stop saving the XML representation of g47.xml -->

   Solver SolverBacktrack being built... 
          =>  wckTime=0.54  cpuTime=0.581  mem=21M884

   
   search
        run=0  nbConstraintChecks=0  depth=(min:0,max:0,avg:1)  nbEffectivePropagations=530  nbRevisions=4674  nbUselessRevisions=4145
        nbAssignments=127  nbFailedAssignments=127  nbBacktracks=1  nbVisitedNodes=255  nbRestartNogoods=0
          =>  wckTime=0.641  cpuTime=1.19  mem=34M198

   
   global
        nbConstraintChecks=0  nbEffectivePropagations=530  nbRevisions=4674  nbUselessRevisions=4145  nbRestartNogoods=0  solvingWckTime=0.641
        expiredTime=no  totalExploration=yes  nbFoundSolutions=0  Stop=FULL_EXPLORATION
          =>  wckTime=1.181  cpuTime=1.19  mem=34M198

s UNSATISFIABLE
d NODES 127

   totalWckTime=1.042  totalCpuTime=1.191
