
   AbsCon 1.41 (January, 2014) - defaultConfiguration

   
   instance
        framework=CSP  name=Isomorphism-/cluster/gpg/ciaran/sip-benchmarks/benchmarks/LV/g14-/cluster/gpg/ciaran/sip-benchmarks/benchmarks/LV/g30
        parameters=/cluster/gpg/ciaran/sip-benchmarks/benchmarks/LV/g14,/cluster/gpg/ciaran/sip-benchmarks/benchmarks/LV/g30
      

   loading variables...
        nbVariables=50  nbDomainTypes=1  nbTotalValues=5000  domainSizes=(100:50)
          =>  wckTime=0.171  cpuTime=0.3  mem=9M549

   loading objectives...

   loading constraints...
        nbConstraints=110  nbSpecificConstraints=1  nbExtensionStructures=(1,shared:108)  nbConflictsStructures=(1,shared:108,unbuilt:1)
        degrees=(1:7)(2:8)(3:3)...(14:1)(16:1)(18:1)  arities=(2:109)(50:1)  types=(AllDifferent:1)(ConstraintHardExtensionV-Bits:109)
          =>  wckTime=0.238  cpuTime=0.364  mem=7M72

   INFO : <!-- Start saving the XML representation -->

   INFO : <!-- Stop saving the XML representation of g30.xml -->

   Solver SolverBacktrack being built... 
          =>  wckTime=0.404  cpuTime=0.508  mem=20M644

   
   search
        run=0  nbConstraintChecks=0  depth=(min:0,max:0,avg:1)  nbEffectivePropagations=388  nbRevisions=2918  nbUselessRevisions=2594
        nbAssignments=100  nbFailedAssignments=100  nbBacktracks=1  nbVisitedNodes=200  nbRestartNogoods=0
          =>  wckTime=0.42  cpuTime=0.922  mem=21M630

   
   global
        nbConstraintChecks=0  nbEffectivePropagations=388  nbRevisions=2918  nbUselessRevisions=2594  nbRestartNogoods=0  solvingWckTime=0.42
        expiredTime=no  totalExploration=yes  nbFoundSolutions=0  Stop=FULL_EXPLORATION
          =>  wckTime=0.824  cpuTime=0.923  mem=21M630

s UNSATISFIABLE
d NODES 100

   totalWckTime=0.731  totalCpuTime=0.923
