
   AbsCon 1.41 (January, 2014) - defaultConfiguration

   
   instance
        framework=CSP  name=Isomorphism-/cluster/gpg/ciaran/sip-benchmarks/benchmarks/LV/g15-/cluster/gpg/ciaran/sip-benchmarks/benchmarks/LV/g29
        parameters=/cluster/gpg/ciaran/sip-benchmarks/benchmarks/LV/g15,/cluster/gpg/ciaran/sip-benchmarks/benchmarks/LV/g29
      

   loading variables...
        nbVariables=50  nbDomainTypes=1  nbTotalValues=5000  domainSizes=(100:50)
          =>  wckTime=0.185  cpuTime=0.293  mem=9M694

   loading objectives...

   loading constraints...
        nbConstraints=146  nbSpecificConstraints=1  nbExtensionStructures=(1,shared:144)  nbConflictsStructures=(1,shared:144,unbuilt:1)
        degrees=(1:9)(2:3)(3:4)...(18:2)(19:2)(21:2)  arities=(2:145)(50:1)  types=(AllDifferent:1)(ConstraintHardExtensionV-Bits:145)
          =>  wckTime=0.272  cpuTime=0.369  mem=7M843

   INFO : <!-- Start saving the XML representation -->

   INFO : <!-- Stop saving the XML representation of g29.xml -->

   Solver SolverBacktrack being built... 
          =>  wckTime=0.441  cpuTime=0.515  mem=21M636

   
   search
        run=0  nbConstraintChecks=0  depth=(min:0,max:0,avg:1)  nbEffectivePropagations=341  nbRevisions=3656  nbUselessRevisions=3316
        nbAssignments=99  nbFailedAssignments=99  nbBacktracks=1  nbVisitedNodes=199  nbRestartNogoods=0
          =>  wckTime=0.326  cpuTime=0.833  mem=19M112

   
   global
        nbConstraintChecks=0  nbEffectivePropagations=341  nbRevisions=3656  nbUselessRevisions=3316  nbRestartNogoods=0  solvingWckTime=0.326
        expiredTime=no  totalExploration=yes  nbFoundSolutions=0  Stop=FULL_EXPLORATION
          =>  wckTime=0.768  cpuTime=0.833  mem=19M112

s UNSATISFIABLE
d NODES 99

   totalWckTime=0.664  totalCpuTime=0.834
