
   AbsCon 1.41 (January, 2014) - defaultConfiguration

   
   instance
        framework=CSP  name=Isomorphism-/cluster/gpg/ciaran/sip-benchmarks/benchmarks/LV/g15-/cluster/gpg/ciaran/sip-benchmarks/benchmarks/LV/g45
        parameters=/cluster/gpg/ciaran/sip-benchmarks/benchmarks/LV/g15,/cluster/gpg/ciaran/sip-benchmarks/benchmarks/LV/g45
      

   loading variables...
        nbVariables=50  nbDomainTypes=1  nbTotalValues=6400  domainSizes=(128:50)
          =>  wckTime=0.203  cpuTime=0.353  mem=9M641

   loading objectives...

   loading constraints...
        nbConstraints=146  nbSpecificConstraints=1  nbExtensionStructures=(1,shared:144)  nbConflictsStructures=(1,shared:144,unbuilt:1)
        degrees=(1:9)(2:3)(3:4)...(18:2)(19:2)(21:2)  arities=(2:145)(50:1)  types=(AllDifferent:1)(ConstraintHardExtensionV-Bits:145)
          =>  wckTime=0.285  cpuTime=0.419  mem=8M84

   INFO : <!-- Start saving the XML representation -->

   INFO : <!-- Stop saving the XML representation of g45.xml -->

   Solver SolverBacktrack being built... 
          =>  wckTime=0.464  cpuTime=0.569  mem=22M170

   
   search
        run=0  nbConstraintChecks=0  depth=(min:0,max:0,avg:1)  nbEffectivePropagations=642  nbRevisions=10219  nbUselessRevisions=9578
        nbAssignments=125  nbFailedAssignments=125  nbBacktracks=1  nbVisitedNodes=251  nbRestartNogoods=0
          =>  wckTime=0.44  cpuTime=1.001  mem=16M129

   
   global
        nbConstraintChecks=0  nbEffectivePropagations=642  nbRevisions=10219  nbUselessRevisions=9578  nbRestartNogoods=0  solvingWckTime=0.441
        expiredTime=no  totalExploration=yes  nbFoundSolutions=0  Stop=FULL_EXPLORATION
          =>  wckTime=0.906  cpuTime=1.001  mem=16M129

s UNSATISFIABLE
d NODES 125

   totalWckTime=0.783  totalCpuTime=1.002
