
   AbsCon 1.41 (January, 2014) - defaultConfiguration

   
   instance
        framework=CSP  name=Isomorphism-/cluster/gpg/ciaran/sip-benchmarks/benchmarks/LV/g15-/cluster/gpg/ciaran/sip-benchmarks/benchmarks/LV/g23
        parameters=/cluster/gpg/ciaran/sip-benchmarks/benchmarks/LV/g15,/cluster/gpg/ciaran/sip-benchmarks/benchmarks/LV/g23
      

   loading variables...
        nbVariables=50  nbDomainTypes=1  nbTotalValues=3650  domainSizes=(73:50)
          =>  wckTime=0.18  cpuTime=0.284  mem=9M92

   loading objectives...

   loading constraints...
        nbConstraints=146  nbSpecificConstraints=1  nbExtensionStructures=(1,shared:144)  nbConflictsStructures=(1,shared:144,unbuilt:1)
        degrees=(1:9)(2:3)(3:4)...(18:2)(19:2)(21:2)  arities=(2:145)(50:1)  types=(AllDifferent:1)(ConstraintHardExtensionV-Bits:145)
          =>  wckTime=0.241  cpuTime=0.339  mem=5M322

   INFO : <!-- Start saving the XML representation -->

   INFO : <!-- Stop saving the XML representation of g23.xml -->

   Solver SolverBacktrack being built... 
          =>  wckTime=0.409  cpuTime=0.487  mem=18M601

   
   search
        run=0  nbConstraintChecks=0  depth=(min:0,max:0,avg:1)  nbEffectivePropagations=479  nbRevisions=5568  nbUselessRevisions=5090
        nbAssignments=69  nbFailedAssignments=69  nbBacktracks=1  nbVisitedNodes=139  nbRestartNogoods=0
          =>  wckTime=0.178  cpuTime=0.664  mem=13M772

   
   global
        nbConstraintChecks=0  nbEffectivePropagations=479  nbRevisions=5568  nbUselessRevisions=5090  nbRestartNogoods=0  solvingWckTime=0.179
        expiredTime=no  totalExploration=yes  nbFoundSolutions=0  Stop=FULL_EXPLORATION
          =>  wckTime=0.589  cpuTime=0.665  mem=13M772

s UNSATISFIABLE
d NODES 69

   totalWckTime=0.485  totalCpuTime=0.665
