
   AbsCon 1.41 (January, 2014) - defaultConfiguration

   
   instance
        framework=CSP  name=Isomorphism-/cluster/gpg/ciaran/sip-benchmarks/benchmarks/LV/g16-/cluster/gpg/ciaran/sip-benchmarks/benchmarks/LV/g45
        parameters=/cluster/gpg/ciaran/sip-benchmarks/benchmarks/LV/g16,/cluster/gpg/ciaran/sip-benchmarks/benchmarks/LV/g45
      

   loading variables...
        nbVariables=53  nbDomainTypes=1  nbTotalValues=6784  domainSizes=(128:53)
          =>  wckTime=0.206  cpuTime=0.314  mem=9M605

   loading objectives...

   loading constraints...
        nbConstraints=190  nbSpecificConstraints=1  nbExtensionStructures=(1,shared:188)  nbConflictsStructures=(1,shared:188,unbuilt:1)
        degrees=(2:1)(4:1)(5:1)...(10:5)(11:2)(12:3)  arities=(2:189)(53:1)  types=(AllDifferent:1)(ConstraintHardExtensionV-Bits:189)
          =>  wckTime=0.276  cpuTime=0.382  mem=8M629

   INFO : <!-- Start saving the XML representation -->

   INFO : <!-- Stop saving the XML representation of g45.xml -->

   Solver SolverBacktrack being built... 
          =>  wckTime=0.467  cpuTime=0.532  mem=22M701

   
   search
        run=0  nbConstraintChecks=0  depth=(min:0,max:1,avg:1)  nbEffectivePropagations=2010  nbRevisions=15315  nbUselessRevisions=14237
        nbAssignments=187  nbFailedAssignments=175  nbBacktracks=13  nbVisitedNodes=373  nbRestartNogoods=0
          =>  wckTime=1.194  cpuTime=1.711  mem=30M292

   
   global
        nbConstraintChecks=0  nbEffectivePropagations=2010  nbRevisions=15315  nbUselessRevisions=14237  nbRestartNogoods=0  solvingWckTime=1.194
        expiredTime=no  totalExploration=yes  nbFoundSolutions=0  Stop=FULL_EXPLORATION
          =>  wckTime=1.662  cpuTime=1.712  mem=30M292

s UNSATISFIABLE
d NODES 187

   totalWckTime=1.537  totalCpuTime=1.712
