
   AbsCon 1.41 (January, 2014) - defaultConfiguration

   
   instance
        framework=CSP  name=Isomorphism-/cluster/gpg/ciaran/sip-benchmarks/benchmarks/LV/g16-/cluster/gpg/ciaran/sip-benchmarks/benchmarks/LV/g25
        parameters=/cluster/gpg/ciaran/sip-benchmarks/benchmarks/LV/g16,/cluster/gpg/ciaran/sip-benchmarks/benchmarks/LV/g25
      

   loading variables...
        nbVariables=53  nbDomainTypes=1  nbTotalValues=3975  domainSizes=(75:53)
          =>  wckTime=0.181  cpuTime=0.291  mem=9M478

   loading objectives...

   loading constraints...
        nbConstraints=190  nbSpecificConstraints=1  nbExtensionStructures=(1,shared:188)  nbConflictsStructures=(1,shared:188,unbuilt:1)
        degrees=(2:1)(4:1)(5:1)...(10:5)(11:2)(12:3)  arities=(2:189)(53:1)  types=(AllDifferent:1)(ConstraintHardExtensionV-Bits:189)
          =>  wckTime=0.238  cpuTime=0.34  mem=4M990

   INFO : <!-- Start saving the XML representation -->

   INFO : <!-- Stop saving the XML representation of g25.xml -->

   Solver SolverBacktrack being built... 
          =>  wckTime=0.401  cpuTime=0.478  mem=18M162

   
   search
        run=0  nbConstraintChecks=0  depth=(min:0,max:0,avg:1)  nbEffectivePropagations=35  nbRevisions=84  nbUselessRevisions=50
        nbAssignments=1  nbFailedAssignments=1  nbBacktracks=1  nbVisitedNodes=3  nbRestartNogoods=0
          =>  wckTime=0.014  cpuTime=0.492  mem=18M357

   
   global
        nbConstraintChecks=0  nbEffectivePropagations=35  nbRevisions=84  nbUselessRevisions=50  nbRestartNogoods=0  solvingWckTime=0.015
        expiredTime=no  totalExploration=yes  nbFoundSolutions=0  Stop=FULL_EXPLORATION
          =>  wckTime=0.417  cpuTime=0.493  mem=18M357

s UNSATISFIABLE
d NODES 1

   totalWckTime=0.319  totalCpuTime=0.494
