
   AbsCon 1.41 (January, 2014) - defaultConfiguration

   
   instance
        framework=CSP  name=Isomorphism-/cluster/gpg/ciaran/sip-benchmarks/benchmarks/LV/g16-/cluster/gpg/ciaran/sip-benchmarks/benchmarks/LV/g31
        parameters=/cluster/gpg/ciaran/sip-benchmarks/benchmarks/LV/g16,/cluster/gpg/ciaran/sip-benchmarks/benchmarks/LV/g31
      

   loading variables...
        nbVariables=53  nbDomainTypes=1  nbTotalValues=5300  domainSizes=(100:53)
          =>  wckTime=0.171  cpuTime=0.284  mem=9M327

   loading objectives...

   loading constraints...
        nbConstraints=190  nbSpecificConstraints=1  nbExtensionStructures=(1,shared:188)  nbConflictsStructures=(1,shared:188,unbuilt:1)
        degrees=(2:1)(4:1)(5:1)...(10:5)(11:2)(12:3)  arities=(2:189)(53:1)  types=(AllDifferent:1)(ConstraintHardExtensionV-Bits:189)
          =>  wckTime=0.249  cpuTime=0.356  mem=10M405

   INFO : <!-- Start saving the XML representation -->

   INFO : <!-- Stop saving the XML representation of g31.xml -->

   Solver SolverBacktrack being built... 
          =>  wckTime=0.446  cpuTime=0.506  mem=12M989

   
   search
        run=0  nbConstraintChecks=0  depth=(min:0,max:1,avg:1)  nbEffectivePropagations=2040  nbRevisions=10619  nbUselessRevisions=9553
        nbAssignments=176  nbFailedAssignments=165  nbBacktracks=12  nbVisitedNodes=348  nbRestartNogoods=0
          =>  wckTime=1.102  cpuTime=1.601  mem=26M124

   
   global
        nbConstraintChecks=0  nbEffectivePropagations=2040  nbRevisions=10619  nbUselessRevisions=9553  nbRestartNogoods=0  solvingWckTime=1.103
        expiredTime=no  totalExploration=yes  nbFoundSolutions=0  Stop=FULL_EXPLORATION
          =>  wckTime=1.549  cpuTime=1.601  mem=26M124

s UNSATISFIABLE
d NODES 176

   totalWckTime=1.453  totalCpuTime=1.602
