
   AbsCon 1.41 (January, 2014) - defaultConfiguration

   
   instance
        framework=CSP  name=Isomorphism-/cluster/gpg/ciaran/sip-benchmarks/benchmarks/LV/g16-/cluster/gpg/ciaran/sip-benchmarks/benchmarks/LV/g46
        parameters=/cluster/gpg/ciaran/sip-benchmarks/benchmarks/LV/g16,/cluster/gpg/ciaran/sip-benchmarks/benchmarks/LV/g46
      

   loading variables...
        nbVariables=53  nbDomainTypes=1  nbTotalValues=6784  domainSizes=(128:53)
          =>  wckTime=0.174  cpuTime=0.294  mem=9M593

   loading objectives...

   loading constraints...
        nbConstraints=190  nbSpecificConstraints=1  nbExtensionStructures=(1,shared:188)  nbConflictsStructures=(1,shared:188,unbuilt:1)
        degrees=(2:1)(4:1)(5:1)...(10:5)(11:2)(12:3)  arities=(2:189)(53:1)  types=(AllDifferent:1)(ConstraintHardExtensionV-Bits:189)
          =>  wckTime=0.251  cpuTime=0.37  mem=11M386

   INFO : <!-- Start saving the XML representation -->

   INFO : <!-- Stop saving the XML representation of g46.xml -->

   Solver SolverBacktrack being built... 
          =>  wckTime=0.421  cpuTime=0.515  mem=14M152

   
   search
        run=0  nbConstraintChecks=0  depth=(min:0,max:0,avg:1)  nbEffectivePropagations=442  nbRevisions=3778  nbUselessRevisions=3377
        nbAssignments=128  nbFailedAssignments=128  nbBacktracks=1  nbVisitedNodes=256  nbRestartNogoods=0
          =>  wckTime=0.613  cpuTime=1.097  mem=14M653

   
   global
        nbConstraintChecks=0  nbEffectivePropagations=442  nbRevisions=3778  nbUselessRevisions=3377  nbRestartNogoods=0  solvingWckTime=0.614
        expiredTime=no  totalExploration=yes  nbFoundSolutions=0  Stop=FULL_EXPLORATION
          =>  wckTime=1.036  cpuTime=1.098  mem=14M653

s UNSATISFIABLE
d NODES 128

   totalWckTime=0.94  totalCpuTime=1.098
