
   AbsCon 1.41 (January, 2014) - defaultConfiguration

   
   instance
        framework=CSP  name=Isomorphism-/cluster/gpg/ciaran/sip-benchmarks/benchmarks/LV/g16-/cluster/gpg/ciaran/sip-benchmarks/benchmarks/LV/g33
        parameters=/cluster/gpg/ciaran/sip-benchmarks/benchmarks/LV/g16,/cluster/gpg/ciaran/sip-benchmarks/benchmarks/LV/g33
      

   loading variables...
        nbVariables=53  nbDomainTypes=1  nbTotalValues=5353  domainSizes=(101:53)
          =>  wckTime=0.182  cpuTime=0.314  mem=9M288

   loading objectives...

   loading constraints...
        nbConstraints=190  nbSpecificConstraints=1  nbExtensionStructures=(1,shared:188)  nbConflictsStructures=(1,shared:188,unbuilt:1)
        degrees=(2:1)(4:1)(5:1)...(10:5)(11:2)(12:3)  arities=(2:189)(53:1)  types=(AllDifferent:1)(ConstraintHardExtensionV-Bits:189)
          =>  wckTime=0.247  cpuTime=0.377  mem=6M609

   INFO : <!-- Start saving the XML representation -->

   INFO : <!-- Stop saving the XML representation of g33.xml -->

   Solver SolverBacktrack being built... 
          =>  wckTime=0.42  cpuTime=0.526  mem=20M60

   
   search
        run=0  nbConstraintChecks=0  depth=(min:0,max:0,avg:1)  nbEffectivePropagations=689  nbRevisions=5479  nbUselessRevisions=4831
        nbAssignments=101  nbFailedAssignments=101  nbBacktracks=1  nbVisitedNodes=202  nbRestartNogoods=0
          =>  wckTime=0.184  cpuTime=0.702  mem=19M908

   
   global
        nbConstraintChecks=0  nbEffectivePropagations=689  nbRevisions=5479  nbUselessRevisions=4831  nbRestartNogoods=0  solvingWckTime=0.184
        expiredTime=no  totalExploration=yes  nbFoundSolutions=0  Stop=FULL_EXPLORATION
          =>  wckTime=0.605  cpuTime=0.702  mem=19M908

s UNSATISFIABLE
d NODES 101

   totalWckTime=0.511  totalCpuTime=0.703
