
   AbsCon 1.41 (January, 2014) - defaultConfiguration

   
   instance
        framework=CSP  name=Isomorphism-/cluster/gpg/ciaran/sip-benchmarks/benchmarks/LV/g17-/cluster/gpg/ciaran/sip-benchmarks/benchmarks/LV/g34
        parameters=/cluster/gpg/ciaran/sip-benchmarks/benchmarks/LV/g17,/cluster/gpg/ciaran/sip-benchmarks/benchmarks/LV/g34
      

   loading variables...
        nbVariables=64  nbDomainTypes=1  nbTotalValues=7680  domainSizes=(120:64)
          =>  wckTime=0.178  cpuTime=0.304  mem=9M433

   loading objectives...

   loading constraints...
        nbConstraints=113  nbSpecificConstraints=1  nbExtensionStructures=(1,shared:111)  nbConflictsStructures=(1,shared:111,unbuilt:1)
        degrees=(3:4)(4:24)(5:36)  arities=(2:112)(64:1)  types=(AllDifferent:1)(ConstraintHardExtensionV-Bits:112)
          =>  wckTime=0.233  cpuTime=0.352  mem=5M251

   INFO : <!-- Start saving the XML representation -->

   INFO : <!-- Stop saving the XML representation of g34.xml -->

   Solver SolverBacktrack being built... 
          =>  wckTime=0.41  cpuTime=0.505  mem=19M18

   
   search
        run=0  nbConstraintChecks=0  depth=(min:0,max:0,avg:1)  nbEffectivePropagations=1374  nbRevisions=4936  nbUselessRevisions=3621
        nbAssignments=120  nbFailedAssignments=120  nbBacktracks=1  nbVisitedNodes=240  nbRestartNogoods=0
          =>  wckTime=0.487  cpuTime=0.966  mem=30M547

   
   global
        nbConstraintChecks=0  nbEffectivePropagations=1374  nbRevisions=4936  nbUselessRevisions=3621  nbRestartNogoods=0  solvingWckTime=0.488
        expiredTime=no  totalExploration=yes  nbFoundSolutions=0  Stop=FULL_EXPLORATION
          =>  wckTime=0.899  cpuTime=0.966  mem=30M547

s UNSATISFIABLE
d NODES 120

   totalWckTime=0.801  totalCpuTime=0.967
