
   AbsCon 1.41 (January, 2014) - defaultConfiguration

   
   instance
        framework=CSP  name=Isomorphism-/cluster/gpg/ciaran/sip-benchmarks/benchmarks/LV/g17-/cluster/gpg/ciaran/sip-benchmarks/benchmarks/LV/g28
        parameters=/cluster/gpg/ciaran/sip-benchmarks/benchmarks/LV/g17,/cluster/gpg/ciaran/sip-benchmarks/benchmarks/LV/g28
      

   loading variables...
        nbVariables=64  nbDomainTypes=1  nbTotalValues=6208  domainSizes=(97:64)
          =>  wckTime=0.185  cpuTime=0.332  mem=9M38

   loading objectives...

   loading constraints...
        nbConstraints=113  nbSpecificConstraints=1  nbExtensionStructures=(1,shared:111)  nbConflictsStructures=(1,shared:111,unbuilt:1)
        degrees=(3:4)(4:24)(5:36)  arities=(2:112)(64:1)  types=(AllDifferent:1)(ConstraintHardExtensionV-Bits:112)
          =>  wckTime=0.232  cpuTime=0.374  mem=4M155

   INFO : <!-- Start saving the XML representation -->

   INFO : <!-- Stop saving the XML representation of g28.xml -->

   Solver SolverBacktrack being built... 
          =>  wckTime=0.478  cpuTime=0.594  mem=17M825

   
   search
        run=0  nbConstraintChecks=0  depth=(min:0,max:0,avg:1)  nbEffectivePropagations=488  nbRevisions=1717  nbUselessRevisions=1230
        nbAssignments=71  nbFailedAssignments=71  nbBacktracks=1  nbVisitedNodes=143  nbRestartNogoods=0
          =>  wckTime=0.157  cpuTime=0.746  mem=15M154

   
   global
        nbConstraintChecks=0  nbEffectivePropagations=488  nbRevisions=1717  nbUselessRevisions=1230  nbRestartNogoods=0  solvingWckTime=0.157
        expiredTime=no  totalExploration=yes  nbFoundSolutions=0  Stop=FULL_EXPLORATION
          =>  wckTime=0.636  cpuTime=0.747  mem=15M154

s UNSATISFIABLE
d NODES 71

   totalWckTime=0.529  totalCpuTime=0.747
