
   AbsCon 1.41 (January, 2014) - defaultConfiguration

   
   instance
        framework=CSP  name=Isomorphism-/cluster/gpg/ciaran/sip-benchmarks/benchmarks/LV/g17-/cluster/gpg/ciaran/sip-benchmarks/benchmarks/LV/g35
        parameters=/cluster/gpg/ciaran/sip-benchmarks/benchmarks/LV/g17,/cluster/gpg/ciaran/sip-benchmarks/benchmarks/LV/g35
      

   loading variables...
        nbVariables=64  nbDomainTypes=1  nbTotalValues=7680  domainSizes=(120:64)
          =>  wckTime=0.17  cpuTime=0.294  mem=9M808

   loading objectives...

   loading constraints...
        nbConstraints=113  nbSpecificConstraints=1  nbExtensionStructures=(1,shared:111)  nbConflictsStructures=(1,shared:111,unbuilt:1)
        degrees=(3:4)(4:24)(5:36)  arities=(2:112)(64:1)  types=(AllDifferent:1)(ConstraintHardExtensionV-Bits:112)
          =>  wckTime=0.24  cpuTime=0.349  mem=6M46

   INFO : <!-- Start saving the XML representation -->

   INFO : <!-- Stop saving the XML representation of g35.xml -->

   Solver SolverBacktrack being built... 
          =>  wckTime=0.401  cpuTime=0.485  mem=19M706

   
   search
        run=0  nbConstraintChecks=0  depth=(min:0,max:0,avg:1)  nbEffectivePropagations=598  nbRevisions=2689  nbUselessRevisions=2214
        nbAssignments=154  nbFailedAssignments=154  nbBacktracks=1  nbVisitedNodes=309  nbRestartNogoods=0
          =>  wckTime=1.361  cpuTime=1.81  mem=50M521

   
   global
        nbConstraintChecks=0  nbEffectivePropagations=598  nbRevisions=2689  nbUselessRevisions=2214  nbRestartNogoods=0  solvingWckTime=1.362
        expiredTime=no  totalExploration=yes  nbFoundSolutions=0  Stop=FULL_EXPLORATION
          =>  wckTime=1.763  cpuTime=1.811  mem=50M521

s UNSATISFIABLE
d NODES 154

   totalWckTime=1.671  totalCpuTime=1.811
