
   AbsCon 1.41 (January, 2014) - defaultConfiguration

   
   instance
        framework=CSP  name=Isomorphism-/cluster/gpg/ciaran/sip-benchmarks/benchmarks/LV/g17-/cluster/gpg/ciaran/sip-benchmarks/benchmarks/LV/g39
        parameters=/cluster/gpg/ciaran/sip-benchmarks/benchmarks/LV/g17,/cluster/gpg/ciaran/sip-benchmarks/benchmarks/LV/g39
      

   loading variables...
        nbVariables=64  nbDomainTypes=1  nbTotalValues=7744  domainSizes=(121:64)
          =>  wckTime=0.194  cpuTime=0.308  mem=9M651

   loading objectives...

   loading constraints...
        nbConstraints=113  nbSpecificConstraints=1  nbExtensionStructures=(1,shared:111)  nbConflictsStructures=(1,shared:111,unbuilt:1)
        degrees=(3:4)(4:24)(5:36)  arities=(2:112)(64:1)  types=(AllDifferent:1)(ConstraintHardExtensionV-Bits:112)
          =>  wckTime=0.261  cpuTime=0.371  mem=5M771

   INFO : <!-- Start saving the XML representation -->

   INFO : <!-- Stop saving the XML representation of g39.xml -->

   Solver SolverBacktrack being built... 
          =>  wckTime=0.455  cpuTime=0.544  mem=19M579

    instantiation X0=0 X1=1 X2=2 X3=3 X4=4 X5=5 X6=6 X7=7 X8=11 X9=12 X10=13 X11=14 X12=15 X13=16 X14=17 X15=18 X16=22 X17=23 X18=24 X19=25 X20=26 X21=27 X22=28 X23=29 X24=33 X25=34 X26=35 X27=36 X28=37 X29=38 X30=39 X31=40 X32=44 X33=45 X34=46 X35=47 X36=48 X37=49 X38=50 X39=51 X40=55 X41=56 X42=57 X43=58 X44=59 X45=60 X46=61 X47=62 X48=66 X49=67 X50=68 X51=69 X52=70 X53=71 X54=72 X55=73 X56=77 X57=78 X58=79 X59=80 X60=81 X61=82 X62=83 X63=84 

    solution X0=0 X1=1 X2=2 X3=3 X4=4 X5=5 X6=6 X7=7 X8=11 X9=12 X10=13 X11=14 X12=15 X13=16 X14=17 X15=18 X16=22 X17=23 X18=24 X19=25 X20=26 X21=27 X22=28 X23=29 X24=33 X25=34 X26=35 X27=36 X28=37 X29=38 X30=39 X31=40 X32=44 X33=45 X34=46 X35=47 X36=48 X37=49 X38=50 X39=51 X40=55 X41=56 X42=57 X43=58 X44=59 X45=60 X46=61 X47=62 X48=66 X49=67 X50=68 X51=69 X52=70 X53=71 X54=72 X55=73 X56=77 X57=78 X58=79 X59=80 X60=81 X61=82 X62=83 X63=84 

   
   search
        run=0  nbConstraintChecks=113  depth=(min:0,max:63,avg:1)  nbEffectivePropagations=524  nbRevisions=3162  nbUselessRevisions=3115
        nbAssignments=223  nbFailedAssignments=159  nbBacktracks=0  nbVisitedNodes=383  nbRestartNogoods=0  nbFoundSolutions=1
        upperBound=9223372036854775807
          =>  wckTime=2.269  cpuTime=2.77  mem=41M955

   
   global
        nbConstraintChecks=113  nbEffectivePropagations=524  nbRevisions=3162  nbUselessRevisions=3115  nbRestartNogoods=0  solvingWckTime=2.27
        expiredTime=no  totalExploration=no  nbFoundSolutions=1  firstSolutionCpuTime=2.768  Stop=REACHED_GOAL
          =>  wckTime=2.725  cpuTime=2.77  mem=41M955

s SATISFIABLE
v X0=0 X1=1 X2=2 X3=3 X4=4 X5=5 X6=6 X7=7 X8=11 X9=12 X10=13 X11=14 X12=15 X13=16 X14=17 X15=18 X16=22 X17=23 X18=24 X19=25 X20=26 X21=27 X22=28 X23=29 X24=33 X25=34 X26=35 X27=36 X28=37 X29=38 X30=39 X31=40 X32=44 X33=45 X34=46 X35=47 X36=48 X37=49 X38=50 X39=51 X40=55 X41=56 X42=57 X43=58 X44=59 X45=60 X46=61 X47=62 X48=66 X49=67 X50=68 X51=69 X52=70 X53=71 X54=72 X55=73 X56=77 X57=78 X58=79 X59=80 X60=81 X61=82 X62=83 X63=84 
d NODES 223

   totalWckTime=2.617  totalCpuTime=2.771
