
   AbsCon 1.41 (January, 2014) - defaultConfiguration

   
   instance
        framework=CSP  name=Isomorphism-/cluster/gpg/ciaran/sip-benchmarks/benchmarks/LV/g17-/cluster/gpg/ciaran/sip-benchmarks/benchmarks/LV/g18
        parameters=/cluster/gpg/ciaran/sip-benchmarks/benchmarks/LV/g17,/cluster/gpg/ciaran/sip-benchmarks/benchmarks/LV/g18
      

   loading variables...
        nbVariables=64  nbDomainTypes=1  nbTotalValues=4096  domainSizes=(64:64)
          =>  wckTime=0.234  cpuTime=0.361  mem=4M146

   loading objectives...

   loading constraints...
        nbConstraints=113  nbSpecificConstraints=1  nbExtensionStructures=(1,shared:111)  nbConflictsStructures=(1,shared:111,unbuilt:1)
        degrees=(3:4)(4:24)(5:36)  arities=(2:112)(64:1)  types=(AllDifferent:1)(ConstraintHardExtensionV-Bits:112)
          =>  wckTime=0.288  cpuTime=0.411  mem=6M191

   INFO : <!-- Start saving the XML representation -->

   INFO : <!-- Stop saving the XML representation of g18.xml -->

   Solver SolverBacktrack being built... 
          =>  wckTime=0.476  cpuTime=0.572  mem=19M333

    instantiation X0=63 X1=56 X2=57 X3=58 X4=59 X5=60 X6=61 X7=62 X8=7 X9=0 X10=1 X11=2 X12=3 X13=4 X14=5 X15=6 X16=15 X17=8 X18=9 X19=10 X20=11 X21=12 X22=13 X23=14 X24=23 X25=16 X26=17 X27=18 X28=19 X29=20 X30=21 X31=22 X32=31 X33=24 X34=25 X35=26 X36=27 X37=28 X38=29 X39=30 X40=39 X41=32 X42=33 X43=34 X44=35 X45=36 X46=37 X47=38 X48=47 X49=40 X50=41 X51=42 X52=43 X53=44 X54=45 X55=46 X56=55 X57=48 X58=49 X59=50 X60=51 X61=52 X62=53 X63=54 

    solution X0=63 X1=56 X2=57 X3=58 X4=59 X5=60 X6=61 X7=62 X8=7 X9=0 X10=1 X11=2 X12=3 X13=4 X14=5 X15=6 X16=15 X17=8 X18=9 X19=10 X20=11 X21=12 X22=13 X23=14 X24=23 X25=16 X26=17 X27=18 X28=19 X29=20 X30=21 X31=22 X32=31 X33=24 X34=25 X35=26 X36=27 X37=28 X38=29 X39=30 X40=39 X41=32 X42=33 X43=34 X44=35 X45=36 X46=37 X47=38 X48=47 X49=40 X50=41 X51=42 X52=43 X53=44 X54=45 X55=46 X56=55 X57=48 X58=49 X59=50 X60=51 X61=52 X62=53 X63=54 

   
   search
        run=0  nbConstraintChecks=113  depth=(min:65,max:63,avg:0)  nbEffectivePropagations=155  nbRevisions=662  nbUselessRevisions=652
        nbAssignments=64  nbFailedAssignments=0  nbBacktracks=0  nbVisitedNodes=65  nbRestartNogoods=0  nbFoundSolutions=1  upperBound=9223372036854775807
          =>  wckTime=0.21  cpuTime=0.775  mem=16M321

   
   global
        nbConstraintChecks=113  nbEffectivePropagations=155  nbRevisions=662  nbUselessRevisions=652  nbRestartNogoods=0  solvingWckTime=0.211
        expiredTime=no  totalExploration=no  nbFoundSolutions=1  firstSolutionCpuTime=0.77  Stop=REACHED_GOAL
          =>  wckTime=0.687  cpuTime=0.775  mem=16M321

s SATISFIABLE
v X0=63 X1=56 X2=57 X3=58 X4=59 X5=60 X6=61 X7=62 X8=7 X9=0 X10=1 X11=2 X12=3 X13=4 X14=5 X15=6 X16=15 X17=8 X18=9 X19=10 X20=11 X21=12 X22=13 X23=14 X24=23 X25=16 X26=17 X27=18 X28=19 X29=20 X30=21 X31=22 X32=31 X33=24 X34=25 X35=26 X36=27 X37=28 X38=29 X39=30 X40=39 X41=32 X42=33 X43=34 X44=35 X45=36 X46=37 X47=38 X48=47 X49=40 X50=41 X51=42 X52=43 X53=44 X54=45 X55=46 X56=55 X57=48 X58=49 X59=50 X60=51 X61=52 X62=53 X63=54 
d NODES 64

   totalWckTime=0.567  totalCpuTime=0.776
