
   AbsCon 1.41 (January, 2014) - defaultConfiguration

   
   instance
        framework=CSP  name=Isomorphism-/cluster/gpg/ciaran/sip-benchmarks/benchmarks/LV/g18-/cluster/gpg/ciaran/sip-benchmarks/benchmarks/LV/g39
        parameters=/cluster/gpg/ciaran/sip-benchmarks/benchmarks/LV/g18,/cluster/gpg/ciaran/sip-benchmarks/benchmarks/LV/g39
      

   loading variables...
        nbVariables=64  nbDomainTypes=1  nbTotalValues=7744  domainSizes=(121:64)
          =>  wckTime=0.176  cpuTime=0.295  mem=9M674

   loading objectives...

   loading constraints...
        nbConstraints=129  nbSpecificConstraints=1  nbExtensionStructures=(1,shared:127)  nbConflictsStructures=(1,shared:127,unbuilt:1)
        degrees=(5:64)  arities=(2:128)(64:1)  types=(AllDifferent:1)(ConstraintHardExtensionV-Bits:128)
          =>  wckTime=0.247  cpuTime=0.357  mem=5M962

   INFO : <!-- Start saving the XML representation -->

   INFO : <!-- Stop saving the XML representation of g39.xml -->

   Solver SolverBacktrack being built... 
          =>  wckTime=0.407  cpuTime=0.495  mem=19M727

   
   search
        run=0  nbConstraintChecks=0  depth=(min:0,max:0,avg:1)  nbEffectivePropagations=2986  nbRevisions=12818  nbUselessRevisions=9833
        nbAssignments=118  nbFailedAssignments=118  nbBacktracks=1  nbVisitedNodes=237  nbRestartNogoods=0
          =>  wckTime=1.443  cpuTime=1.891  mem=53M663

   
   global
        nbConstraintChecks=0  nbEffectivePropagations=2986  nbRevisions=12818  nbUselessRevisions=9833  nbRestartNogoods=0  solvingWckTime=1.444
        expiredTime=no  totalExploration=yes  nbFoundSolutions=0  Stop=FULL_EXPLORATION
          =>  wckTime=1.851  cpuTime=1.891  mem=53M663

s UNSATISFIABLE
d NODES 118

   totalWckTime=1.753  totalCpuTime=1.892
