
   AbsCon 1.41 (January, 2014) - defaultConfiguration

   
   instance
        framework=CSP  name=Isomorphism-/cluster/gpg/ciaran/sip-benchmarks/benchmarks/LV/g19-/cluster/gpg/ciaran/sip-benchmarks/benchmarks/LV/g49
        parameters=/cluster/gpg/ciaran/sip-benchmarks/benchmarks/LV/g19,/cluster/gpg/ciaran/sip-benchmarks/benchmarks/LV/g49
      

   loading variables...
        nbVariables=64  nbDomainTypes=1  nbTotalValues=8192  domainSizes=(128:64)
          =>  wckTime=0.196  cpuTime=0.304  mem=9M737

   loading objectives...

   loading constraints...
        nbConstraints=169  nbSpecificConstraints=1  nbExtensionStructures=(1,shared:167)  nbConflictsStructures=(1,shared:167,unbuilt:1)
        degrees=(3:4)(4:8)(5:20)(7:16)(9:16)  arities=(2:168)(64:1)  types=(AllDifferent:1)(ConstraintHardExtensionV-Bits:168)
          =>  wckTime=0.281  cpuTime=0.381  mem=10M683

   INFO : <!-- Start saving the XML representation -->

   INFO : <!-- Stop saving the XML representation of g49.xml -->

   Solver SolverBacktrack being built... 
          =>  wckTime=0.452  cpuTime=0.52  mem=13M413

   
   search
        run=0  nbConstraintChecks=0  depth=(min:0,max:10,avg:7)  nbEffectivePropagations=364279016  nbRevisions=1288987063  nbUselessRevisions=1185382888
        nbAssignments=11430222  nbFailedAssignments=9287604  nbBacktracks=2142613  nbVisitedNodes=22197947  nbRestartNogoods=0
          =>  wckTime=99999.549  cpuTime=98927.844  mem=18M931

   
   global
        nbConstraintChecks=0  nbEffectivePropagations=364279016  nbRevisions=1288987063  nbUselessRevisions=1185382888  nbRestartNogoods=0
        solvingWckTime=99999.55  expiredTime=yes  totalExploration=no  nbFoundSolutions=0  Stop=EXCEEDED_TIME
          =>  wckTime=100000.003  cpuTime=98927.844  mem=18M931

s UNKNOWN
d NODES 11430222

   totalWckTime=99999.899  totalCpuTime=98927.845
