
   AbsCon 1.41 (January, 2014) - defaultConfiguration

   
   instance
        framework=CSP  name=Isomorphism-/cluster/gpg/ciaran/sip-benchmarks/benchmarks/LV/g19-/cluster/gpg/ciaran/sip-benchmarks/benchmarks/LV/g25
        parameters=/cluster/gpg/ciaran/sip-benchmarks/benchmarks/LV/g19,/cluster/gpg/ciaran/sip-benchmarks/benchmarks/LV/g25
      

   loading variables...
        nbVariables=64  nbDomainTypes=1  nbTotalValues=4800  domainSizes=(75:64)
          =>  wckTime=0.183  cpuTime=0.287  mem=9M432

   loading objectives...

   loading constraints...
        nbConstraints=169  nbSpecificConstraints=1  nbExtensionStructures=(1,shared:167)  nbConflictsStructures=(1,shared:167,unbuilt:1)
        degrees=(3:4)(4:8)(5:20)(7:16)(9:16)  arities=(2:168)(64:1)  types=(AllDifferent:1)(ConstraintHardExtensionV-Bits:168)
          =>  wckTime=0.238  cpuTime=0.332  mem=4M484

   INFO : <!-- Start saving the XML representation -->

   INFO : <!-- Stop saving the XML representation of g25.xml -->

   Solver SolverBacktrack being built... 
          =>  wckTime=0.389  cpuTime=0.461  mem=17M890

   
   search
        run=0  nbConstraintChecks=0  depth=(min:0,max:0,avg:1)  nbEffectivePropagations=35  nbRevisions=60  nbUselessRevisions=26
        nbAssignments=1  nbFailedAssignments=1  nbBacktracks=1  nbVisitedNodes=3  nbRestartNogoods=0
          =>  wckTime=0.015  cpuTime=0.477  mem=18M78

   
   global
        nbConstraintChecks=0  nbEffectivePropagations=35  nbRevisions=60  nbUselessRevisions=26  nbRestartNogoods=0  solvingWckTime=0.016
        expiredTime=no  totalExploration=yes  nbFoundSolutions=0  Stop=FULL_EXPLORATION
          =>  wckTime=0.406  cpuTime=0.478  mem=18M78

s UNSATISFIABLE
d NODES 1

   totalWckTime=0.297  totalCpuTime=0.479
