
   AbsCon 1.41 (January, 2014) - defaultConfiguration

   
   instance
        framework=CSP  name=Isomorphism-/cluster/gpg/ciaran/sip-benchmarks/benchmarks/LV/g19-/cluster/gpg/ciaran/sip-benchmarks/benchmarks/LV/g33
        parameters=/cluster/gpg/ciaran/sip-benchmarks/benchmarks/LV/g19,/cluster/gpg/ciaran/sip-benchmarks/benchmarks/LV/g33
      

   loading variables...
        nbVariables=64  nbDomainTypes=1  nbTotalValues=6464  domainSizes=(101:64)
          =>  wckTime=0.187  cpuTime=0.317  mem=9M302

   loading objectives...

   loading constraints...
        nbConstraints=169  nbSpecificConstraints=1  nbExtensionStructures=(1,shared:167)  nbConflictsStructures=(1,shared:167,unbuilt:1)
        degrees=(3:4)(4:8)(5:20)(7:16)(9:16)  arities=(2:168)(64:1)  types=(AllDifferent:1)(ConstraintHardExtensionV-Bits:168)
          =>  wckTime=0.25  cpuTime=0.373  mem=5M775

   INFO : <!-- Start saving the XML representation -->

   INFO : <!-- Stop saving the XML representation of g33.xml -->

   Solver SolverBacktrack being built... 
          =>  wckTime=0.414  cpuTime=0.511  mem=19M470

   
   search
        run=0  nbConstraintChecks=0  depth=(min:0,max:0,avg:1)  nbEffectivePropagations=583  nbRevisions=3737  nbUselessRevisions=3209
        nbAssignments=101  nbFailedAssignments=101  nbBacktracks=1  nbVisitedNodes=202  nbRestartNogoods=0
          =>  wckTime=0.236  cpuTime=0.734  mem=15M301

   
   global
        nbConstraintChecks=0  nbEffectivePropagations=583  nbRevisions=3737  nbUselessRevisions=3209  nbRestartNogoods=0  solvingWckTime=0.237
        expiredTime=no  totalExploration=yes  nbFoundSolutions=0  Stop=FULL_EXPLORATION
          =>  wckTime=0.651  cpuTime=0.735  mem=15M301

s UNSATISFIABLE
d NODES 101

   totalWckTime=0.543  totalCpuTime=0.735
