
   AbsCon 1.41 (January, 2014) - defaultConfiguration

   
   instance
        framework=CSP  name=Isomorphism-/cluster/gpg/ciaran/sip-benchmarks/benchmarks/LV/g19-/cluster/gpg/ciaran/sip-benchmarks/benchmarks/LV/g38
        parameters=/cluster/gpg/ciaran/sip-benchmarks/benchmarks/LV/g19,/cluster/gpg/ciaran/sip-benchmarks/benchmarks/LV/g38
      

   loading variables...
        nbVariables=64  nbDomainTypes=1  nbTotalValues=7744  domainSizes=(121:64)
          =>  wckTime=0.192  cpuTime=0.314  mem=9M351

   loading objectives...

   loading constraints...
        nbConstraints=169  nbSpecificConstraints=1  nbExtensionStructures=(1,shared:167)  nbConflictsStructures=(1,shared:167,unbuilt:1)
        degrees=(3:4)(4:8)(5:20)(7:16)(9:16)  arities=(2:168)(64:1)  types=(AllDifferent:1)(ConstraintHardExtensionV-Bits:168)
          =>  wckTime=0.25  cpuTime=0.367  mem=5M508

   INFO : <!-- Start saving the XML representation -->

   INFO : <!-- Stop saving the XML representation of g38.xml -->

   Solver SolverBacktrack being built... 
          =>  wckTime=0.447  cpuTime=0.539  mem=19M406

   
   search
        run=0  nbConstraintChecks=0  depth=(min:0,max:0,avg:1)  nbEffectivePropagations=65  nbRevisions=179  nbUselessRevisions=122
        nbAssignments=1  nbFailedAssignments=1  nbBacktracks=1  nbVisitedNodes=3  nbRestartNogoods=0
          =>  wckTime=0.032  cpuTime=0.571  mem=19M800

   
   global
        nbConstraintChecks=0  nbEffectivePropagations=65  nbRevisions=179  nbUselessRevisions=122  nbRestartNogoods=0  solvingWckTime=0.033
        expiredTime=no  totalExploration=yes  nbFoundSolutions=0  Stop=FULL_EXPLORATION
          =>  wckTime=0.48  cpuTime=0.571  mem=19M800

s UNSATISFIABLE
d NODES 1

   totalWckTime=0.372  totalCpuTime=0.572
