
   AbsCon 1.41 (January, 2014) - defaultConfiguration

   
   instance
        framework=CSP  name=Isomorphism-/cluster/gpg/ciaran/sip-benchmarks/benchmarks/LV/g2-/cluster/gpg/ciaran/sip-benchmarks/benchmarks/LV/g8
        parameters=/cluster/gpg/ciaran/sip-benchmarks/benchmarks/LV/g2,/cluster/gpg/ciaran/sip-benchmarks/benchmarks/LV/g8

   loading variables...
        nbVariables=10  nbDomainTypes=1  nbTotalValues=300  domainSizes=(30:10)
          =>  wckTime=0.161  cpuTime=0.281  mem=9M250

   loading objectives...

   loading constraints...
        nbConstraints=11  nbSpecificConstraints=1  nbExtensionStructures=(1,shared:9)  nbConflictsStructures=(1,shared:9,unbuilt:1)
        degrees=(3:10)  arities=(2:10)(10:1)  types=(AllDifferent:1)(ConstraintHardExtensionV-Bits:10)
          =>  wckTime=0.183  cpuTime=0.303  mem=9M969

   INFO : <!-- Start saving the XML representation -->

   INFO : <!-- Stop saving the XML representation of g8.xml -->

   Solver SolverBacktrack being built... 
          =>  wckTime=0.317  cpuTime=0.411  mem=16M82

    instantiation X0=0 X1=4 X2=16 X3=2 X4=3 X5=9 X6=5 X7=15 X8=7 X9=25 

    solution X0=0 X1=4 X2=16 X3=2 X4=3 X5=9 X6=5 X7=15 X8=7 X9=25 

   
   search
        run=0  nbConstraintChecks=11  depth=(min:11,max:9,avg:0)  nbEffectivePropagations=30  nbRevisions=76  nbUselessRevisions=73
        nbAssignments=10  nbFailedAssignments=0  nbBacktracks=0  nbVisitedNodes=11  nbRestartNogoods=0  nbFoundSolutions=1  upperBound=9223372036854775807
          =>  wckTime=0.024  cpuTime=0.435  mem=16M467

   
   global
        nbConstraintChecks=11  nbEffectivePropagations=30  nbRevisions=76  nbUselessRevisions=73  nbRestartNogoods=0  solvingWckTime=0.024
        expiredTime=no  totalExploration=no  nbFoundSolutions=1  firstSolutionCpuTime=0.433  Stop=REACHED_GOAL
          =>  wckTime=0.342  cpuTime=0.436  mem=16M467

s SATISFIABLE
v X0=0 X1=4 X2=16 X3=2 X4=3 X5=9 X6=5 X7=15 X8=7 X9=25 
d NODES 10

   totalWckTime=0.285  totalCpuTime=0.437
