
   AbsCon 1.41 (January, 2014) - defaultConfiguration

   
   instance
        framework=CSP  name=Isomorphism-/cluster/gpg/ciaran/sip-benchmarks/benchmarks/LV/g2-/cluster/gpg/ciaran/sip-benchmarks/benchmarks/LV/g29
        parameters=/cluster/gpg/ciaran/sip-benchmarks/benchmarks/LV/g2,/cluster/gpg/ciaran/sip-benchmarks/benchmarks/LV/g29

   loading variables...
        nbVariables=10  nbDomainTypes=1  nbTotalValues=1000  domainSizes=(100:10)
          =>  wckTime=0.17  cpuTime=0.283  mem=9M396

   loading objectives...

   loading constraints...
        nbConstraints=11  nbSpecificConstraints=1  nbExtensionStructures=(1,shared:9)  nbConflictsStructures=(1,shared:9,unbuilt:1)
        degrees=(3:10)  arities=(2:10)(10:1)  types=(AllDifferent:1)(ConstraintHardExtensionV-Bits:10)
          =>  wckTime=0.202  cpuTime=0.313  mem=3M481

   INFO : <!-- Start saving the XML representation -->

   INFO : <!-- Stop saving the XML representation of g29.xml -->

   Solver SolverBacktrack being built... 
          =>  wckTime=0.342  cpuTime=0.429  mem=16M965

    instantiation X0=0 X1=2 X2=3 X3=17 X4=1 X5=4 X6=13 X7=6 X8=7 X9=30 

    solution X0=0 X1=2 X2=3 X3=17 X4=1 X5=4 X6=13 X7=6 X8=7 X9=30 

   
   search
        run=0  nbConstraintChecks=11  depth=(min:11,max:9,avg:0)  nbEffectivePropagations=33  nbRevisions=30  nbUselessRevisions=29
        nbAssignments=10  nbFailedAssignments=0  nbBacktracks=0  nbVisitedNodes=11  nbRestartNogoods=0  nbFoundSolutions=1  upperBound=9223372036854775807
          =>  wckTime=0.092  cpuTime=0.52  mem=20M378

   
   global
        nbConstraintChecks=11  nbEffectivePropagations=33  nbRevisions=30  nbUselessRevisions=29  nbRestartNogoods=0  solvingWckTime=0.092
        expiredTime=no  totalExploration=no  nbFoundSolutions=1  firstSolutionCpuTime=0.518  Stop=REACHED_GOAL
          =>  wckTime=0.434  cpuTime=0.521  mem=20M378

s SATISFIABLE
v X0=0 X1=2 X2=3 X3=17 X4=1 X5=4 X6=13 X7=6 X8=7 X9=30 
d NODES 10

   totalWckTime=0.337  totalCpuTime=0.521
