
   AbsCon 1.41 (January, 2014) - defaultConfiguration

   
   instance
        framework=CSP  name=Isomorphism-/cluster/gpg/ciaran/sip-benchmarks/benchmarks/LV/g2-/cluster/gpg/ciaran/sip-benchmarks/benchmarks/LV/g32
        parameters=/cluster/gpg/ciaran/sip-benchmarks/benchmarks/LV/g2,/cluster/gpg/ciaran/sip-benchmarks/benchmarks/LV/g32

   loading variables...
        nbVariables=10  nbDomainTypes=1  nbTotalValues=1000  domainSizes=(100:10)
          =>  wckTime=0.214  cpuTime=0.319  mem=10M293

   loading objectives...

   loading constraints...
        nbConstraints=11  nbSpecificConstraints=1  nbExtensionStructures=(1,shared:9)  nbConflictsStructures=(1,shared:9,unbuilt:1)
        degrees=(3:10)  arities=(2:10)(10:1)  types=(AllDifferent:1)(ConstraintHardExtensionV-Bits:10)
          =>  wckTime=0.267  cpuTime=0.368  mem=6M188

   INFO : <!-- Start saving the XML representation -->

   INFO : <!-- Stop saving the XML representation of g32.xml -->

   Solver SolverBacktrack being built... 
          =>  wckTime=0.422  cpuTime=0.5  mem=20M3

    instantiation X0=0 X1=5 X2=1 X3=6 X4=2 X5=7 X6=3 X7=8 X8=4 X9=9 

    solution X0=0 X1=5 X2=1 X3=6 X4=2 X5=7 X6=3 X7=8 X8=4 X9=9 

   
   search
        run=0  nbConstraintChecks=11  depth=(min:11,max:9,avg:0)  nbEffectivePropagations=35  nbRevisions=10  nbUselessRevisions=10
        nbAssignments=10  nbFailedAssignments=0  nbBacktracks=0  nbVisitedNodes=11  nbRestartNogoods=0  nbFoundSolutions=1  upperBound=9223372036854775807
          =>  wckTime=0.114  cpuTime=0.611  mem=13M131

   
   global
        nbConstraintChecks=11  nbEffectivePropagations=35  nbRevisions=10  nbUselessRevisions=10  nbRestartNogoods=0  solvingWckTime=0.115
        expiredTime=no  totalExploration=no  nbFoundSolutions=1  firstSolutionCpuTime=0.609  Stop=REACHED_GOAL
          =>  wckTime=0.537  cpuTime=0.612  mem=13M131

s SATISFIABLE
v X0=0 X1=5 X2=1 X3=6 X4=2 X5=7 X6=3 X7=8 X8=4 X9=9 
d NODES 10

   totalWckTime=0.404  totalCpuTime=0.612
