
   AbsCon 1.41 (January, 2014) - defaultConfiguration

   
   instance
        framework=CSP  name=Isomorphism-/cluster/gpg/ciaran/sip-benchmarks/benchmarks/LV/g20-/cluster/gpg/ciaran/sip-benchmarks/benchmarks/LV/g27
        parameters=/cluster/gpg/ciaran/sip-benchmarks/benchmarks/LV/g20,/cluster/gpg/ciaran/sip-benchmarks/benchmarks/LV/g27
      

   loading variables...
        nbVariables=64  nbDomainTypes=1  nbTotalValues=5504  domainSizes=(86:64)
          =>  wckTime=0.162  cpuTime=0.284  mem=9M753

   loading objectives...

   loading constraints...
        nbConstraints=729  nbSpecificConstraints=1  nbExtensionStructures=(1,shared:727)  nbConflictsStructures=(1,shared:727,unbuilt:1)
        degrees=(22:28)(24:20)(26:12)(28:4)  arities=(2:728)(64:1)  types=(AllDifferent:1)(ConstraintHardExtensionV-Bits:728)
          =>  wckTime=0.254  cpuTime=0.374  mem=13M28

   INFO : <!-- Start saving the XML representation -->

   INFO : <!-- Stop saving the XML representation of g27.xml -->

   Solver SolverBacktrack being built... 
          =>  wckTime=0.438  cpuTime=0.53  mem=16M217

   
   search
        run=0  nbConstraintChecks=0  depth=(min:0,max:0,avg:1)  nbEffectivePropagations=144  nbRevisions=6185  nbUselessRevisions=6077
        nbAssignments=86  nbFailedAssignments=86  nbBacktracks=1  nbVisitedNodes=172  nbRestartNogoods=0
          =>  wckTime=0.247  cpuTime=0.736  mem=30M867

   
   global
        nbConstraintChecks=0  nbEffectivePropagations=144  nbRevisions=6185  nbUselessRevisions=6077  nbRestartNogoods=0  solvingWckTime=0.248
        expiredTime=no  totalExploration=yes  nbFoundSolutions=0  Stop=FULL_EXPLORATION
          =>  wckTime=0.687  cpuTime=0.737  mem=30M867

s UNSATISFIABLE
d NODES 86

   totalWckTime=0.6  totalCpuTime=0.737
