
   AbsCon 1.41 (January, 2014) - defaultConfiguration

   
   instance
        framework=CSP  name=Isomorphism-/cluster/gpg/ciaran/sip-benchmarks/benchmarks/LV/g20-/cluster/gpg/ciaran/sip-benchmarks/benchmarks/LV/g31
        parameters=/cluster/gpg/ciaran/sip-benchmarks/benchmarks/LV/g20,/cluster/gpg/ciaran/sip-benchmarks/benchmarks/LV/g31
      

   loading variables...
        nbVariables=64  nbDomainTypes=1  nbTotalValues=6400  domainSizes=(100:64)
          =>  wckTime=0.197  cpuTime=0.354  mem=9M763

   loading objectives...

   loading constraints...
        nbConstraints=729  nbSpecificConstraints=1  nbExtensionStructures=(1,shared:727)  nbConflictsStructures=(1,shared:727,unbuilt:1)
        degrees=(22:28)(24:20)(26:12)(28:4)  arities=(2:728)(64:1)  types=(AllDifferent:1)(ConstraintHardExtensionV-Bits:728)
          =>  wckTime=0.412  cpuTime=0.548  mem=5M733

   INFO : <!-- Start saving the XML representation -->

   INFO : <!-- Stop saving the XML representation of g31.xml -->

   Solver SolverBacktrack being built... 
          =>  wckTime=0.617  cpuTime=0.727  mem=20M812

   
   search
        run=0  nbConstraintChecks=0  depth=(min:0,max:0,avg:1)  nbEffectivePropagations=433  nbRevisions=7303  nbUselessRevisions=6871
        nbAssignments=99  nbFailedAssignments=99  nbBacktracks=1  nbVisitedNodes=199  nbRestartNogoods=0
          =>  wckTime=0.325  cpuTime=0.989  mem=25M838

   
   global
        nbConstraintChecks=0  nbEffectivePropagations=433  nbRevisions=7303  nbUselessRevisions=6871  nbRestartNogoods=0  solvingWckTime=0.326
        expiredTime=no  totalExploration=yes  nbFoundSolutions=0  Stop=FULL_EXPLORATION
          =>  wckTime=0.944  cpuTime=0.99  mem=25M838

s UNSATISFIABLE
d NODES 99

   totalWckTime=0.84  totalCpuTime=0.99
