
   AbsCon 1.41 (January, 2014) - defaultConfiguration

   
   instance
        framework=CSP  name=Isomorphism-/cluster/gpg/ciaran/sip-benchmarks/benchmarks/LV/g20-/cluster/gpg/ciaran/sip-benchmarks/benchmarks/LV/g50
        parameters=/cluster/gpg/ciaran/sip-benchmarks/benchmarks/LV/g20,/cluster/gpg/ciaran/sip-benchmarks/benchmarks/LV/g50
      

   loading variables...
        nbVariables=64  nbDomainTypes=1  nbTotalValues=8192  domainSizes=(128:64)
          =>  wckTime=0.291  cpuTime=0.372  mem=9M810

   loading objectives...

   loading constraints...
        nbConstraints=729  nbSpecificConstraints=1  nbExtensionStructures=(1,shared:727)  nbConflictsStructures=(1,shared:727,unbuilt:1)
        degrees=(22:28)(24:20)(26:12)(28:4)  arities=(2:728)(64:1)  types=(AllDifferent:1)(ConstraintHardExtensionV-Bits:728)
          =>  wckTime=0.613  cpuTime=0.683  mem=19M800

   INFO : <!-- Start saving the XML representation -->

   INFO : <!-- Stop saving the XML representation of g50.xml -->

   Solver SolverBacktrack being built... 
          =>  wckTime=0.879  cpuTime=0.906  mem=36M523

   
   search
        run=0  nbConstraintChecks=0  depth=(min:5,max:21,avg:16)  nbEffectivePropagations=52016382  nbRevisions=510282890  nbUselessRevisions=498960791
        nbAssignments=3863528  nbFailedAssignments=3461463  nbBacktracks=402050  nbVisitedNodes=7680637  nbRestartNogoods=0
          =>  wckTime=99999.122  cpuTime=99249.064  mem=19M815

   
   global
        nbConstraintChecks=0  nbEffectivePropagations=52016382  nbRevisions=510282890  nbUselessRevisions=498960791  nbRestartNogoods=0
        solvingWckTime=99999.123  expiredTime=yes  totalExploration=no  nbFoundSolutions=0  Stop=EXCEEDED_TIME
          =>  wckTime=100000.002  cpuTime=99249.064  mem=19M815

s UNKNOWN
d NODES 3863528

   totalWckTime=99999.87  totalCpuTime=99249.065
