
   AbsCon 1.41 (January, 2014) - defaultConfiguration

   
   instance
        framework=CSP  name=Isomorphism-/cluster/gpg/ciaran/sip-benchmarks/benchmarks/LV/g20-/cluster/gpg/ciaran/sip-benchmarks/benchmarks/LV/g38
        parameters=/cluster/gpg/ciaran/sip-benchmarks/benchmarks/LV/g20,/cluster/gpg/ciaran/sip-benchmarks/benchmarks/LV/g38
      

   loading variables...
        nbVariables=64  nbDomainTypes=1  nbTotalValues=7744  domainSizes=(121:64)
          =>  wckTime=0.273  cpuTime=0.355  mem=9M379

   loading objectives...

   loading constraints...
        nbConstraints=729  nbSpecificConstraints=1  nbExtensionStructures=(1,shared:727)  nbConflictsStructures=(1,shared:727,unbuilt:1)
        degrees=(22:28)(24:20)(26:12)(28:4)  arities=(2:728)(64:1)  types=(AllDifferent:1)(ConstraintHardExtensionV-Bits:728)
          =>  wckTime=0.416  cpuTime=0.478  mem=10M514

   INFO : <!-- Start saving the XML representation -->

   INFO : <!-- Stop saving the XML representation of g38.xml -->

   Solver SolverBacktrack being built... 
          =>  wckTime=0.67  cpuTime=0.691  mem=14M465

   
   search
        run=0  nbConstraintChecks=0  depth=(min:0,max:0,avg:1)  nbEffectivePropagations=62  nbRevisions=233  nbUselessRevisions=172
        nbAssignments=1  nbFailedAssignments=1  nbBacktracks=1  nbVisitedNodes=3  nbRestartNogoods=0
          =>  wckTime=0.026  cpuTime=0.712  mem=14M677

   
   global
        nbConstraintChecks=0  nbEffectivePropagations=62  nbRevisions=233  nbUselessRevisions=172  nbRestartNogoods=0  solvingWckTime=0.027
        expiredTime=no  totalExploration=yes  nbFoundSolutions=0  Stop=FULL_EXPLORATION
          =>  wckTime=0.697  cpuTime=0.713  mem=14M677

s UNSATISFIABLE
d NODES 1

   totalWckTime=0.523  totalCpuTime=0.714
