
   AbsCon 1.41 (January, 2014) - defaultConfiguration

   
   instance
        framework=CSP  name=Isomorphism-/cluster/gpg/ciaran/sip-benchmarks/benchmarks/LV/g21-/cluster/gpg/ciaran/sip-benchmarks/benchmarks/LV/g50
        parameters=/cluster/gpg/ciaran/sip-benchmarks/benchmarks/LV/g21,/cluster/gpg/ciaran/sip-benchmarks/benchmarks/LV/g50
      

   loading variables...
        nbVariables=64  nbDomainTypes=1  nbTotalValues=8192  domainSizes=(128:64)
          =>  wckTime=0.196  cpuTime=0.303  mem=3M675

   loading objectives...

   loading constraints...
        nbConstraints=1849  nbSpecificConstraints=1  nbExtensionStructures=(1,shared:1847)  nbConflictsStructures=(1,shared:1847,unbuilt:1)
        degrees=(56:16)(58:16)(60:20)(61:8)(62:4)  arities=(2:1848)(64:1)  types=(AllDifferent:1)(ConstraintHardExtensionV-Bits:1848)
          =>  wckTime=0.631  cpuTime=0.709  mem=34M482

   INFO : <!-- Start saving the XML representation -->

   INFO : <!-- Stop saving the XML representation of g50.xml -->

   Solver SolverBacktrack being built... 
          =>  wckTime=0.852  cpuTime=0.899  mem=53M62

   
   search
        run=0  nbConstraintChecks=0  depth=(min:0,max:0,avg:1)  nbEffectivePropagations=433  nbRevisions=17920  nbUselessRevisions=17489
        nbAssignments=128  nbFailedAssignments=128  nbBacktracks=1  nbVisitedNodes=256  nbRestartNogoods=0
          =>  wckTime=1.35  cpuTime=2.222  mem=77M872

   
   global
        nbConstraintChecks=0  nbEffectivePropagations=433  nbRevisions=17920  nbUselessRevisions=17489  nbRestartNogoods=0  solvingWckTime=1.35
        expiredTime=no  totalExploration=yes  nbFoundSolutions=0  Stop=FULL_EXPLORATION
          =>  wckTime=2.203  cpuTime=2.223  mem=77M872

s UNSATISFIABLE
d NODES 128

   totalWckTime=2.097  totalCpuTime=2.223
