
   AbsCon 1.41 (January, 2014) - defaultConfiguration

   
   instance
        framework=CSP  name=Isomorphism-/cluster/gpg/ciaran/sip-benchmarks/benchmarks/LV/g21-/cluster/gpg/ciaran/sip-benchmarks/benchmarks/LV/g40
        parameters=/cluster/gpg/ciaran/sip-benchmarks/benchmarks/LV/g21,/cluster/gpg/ciaran/sip-benchmarks/benchmarks/LV/g40
      

   loading variables...
        nbVariables=64  nbDomainTypes=1  nbTotalValues=7744  domainSizes=(121:64)
          =>  wckTime=0.174  cpuTime=0.292  mem=10M351

   loading objectives...

   loading constraints...
        nbConstraints=1849  nbSpecificConstraints=1  nbExtensionStructures=(1,shared:1847)  nbConflictsStructures=(1,shared:1847,unbuilt:1)
        degrees=(56:16)(58:16)(60:20)(61:8)(62:4)  arities=(2:1848)(64:1)  types=(AllDifferent:1)(ConstraintHardExtensionV-Bits:1848)
          =>  wckTime=0.681  cpuTime=0.778  mem=34M724

   INFO : <!-- Start saving the XML representation -->

   INFO : <!-- Stop saving the XML representation of g40.xml -->

   Solver SolverBacktrack being built... 
          =>  wckTime=0.897  cpuTime=0.965  mem=52M839

   
   search
        run=0  nbConstraintChecks=0  depth=(min:0,max:0,avg:1)  nbEffectivePropagations=612  nbRevisions=7608  nbUselessRevisions=6998
        nbAssignments=121  nbFailedAssignments=121  nbBacktracks=1  nbVisitedNodes=242  nbRestartNogoods=0
          =>  wckTime=1.824  cpuTime=2.761  mem=77M421

   
   global
        nbConstraintChecks=0  nbEffectivePropagations=612  nbRevisions=7608  nbUselessRevisions=6998  nbRestartNogoods=0  solvingWckTime=1.825
        expiredTime=no  totalExploration=yes  nbFoundSolutions=0  Stop=FULL_EXPLORATION
          =>  wckTime=2.722  cpuTime=2.762  mem=77M421

s UNSATISFIABLE
d NODES 121

   totalWckTime=2.632  totalCpuTime=2.762
