
   AbsCon 1.41 (January, 2014) - defaultConfiguration

   
   instance
        framework=CSP  name=Isomorphism-/cluster/gpg/ciaran/sip-benchmarks/benchmarks/LV/g22-/cluster/gpg/ciaran/sip-benchmarks/benchmarks/LV/g30
        parameters=/cluster/gpg/ciaran/sip-benchmarks/benchmarks/LV/g22,/cluster/gpg/ciaran/sip-benchmarks/benchmarks/LV/g30
      

   loading variables...
        nbVariables=67  nbDomainTypes=1  nbTotalValues=6700  domainSizes=(100:67)
          =>  wckTime=0.185  cpuTime=0.306  mem=9M975

   loading objectives...

   loading constraints...
        nbConstraints=225  nbSpecificConstraints=1  nbExtensionStructures=(1,shared:223)  nbConflictsStructures=(1,shared:223,unbuilt:1)
        degrees=(3:1)(4:4)(5:8)...(10:9)(11:8)(12:2)  arities=(2:224)(67:1)  types=(AllDifferent:1)(ConstraintHardExtensionV-Bits:224)
          =>  wckTime=0.264  cpuTime=0.382  mem=10M244

   INFO : <!-- Start saving the XML representation -->

   INFO : <!-- Stop saving the XML representation of g30.xml -->

   Solver SolverBacktrack being built... 
          =>  wckTime=0.432  cpuTime=0.527  mem=24M117

   
   search
        run=0  nbConstraintChecks=0  depth=(min:0,max:0,avg:1)  nbEffectivePropagations=263  nbRevisions=2012  nbUselessRevisions=1804
        nbAssignments=100  nbFailedAssignments=100  nbBacktracks=1  nbVisitedNodes=200  nbRestartNogoods=0
          =>  wckTime=0.526  cpuTime=1.04  mem=26M665

   
   global
        nbConstraintChecks=0  nbEffectivePropagations=263  nbRevisions=2012  nbUselessRevisions=1804  nbRestartNogoods=0  solvingWckTime=0.526
        expiredTime=no  totalExploration=yes  nbFoundSolutions=0  Stop=FULL_EXPLORATION
          =>  wckTime=0.959  cpuTime=1.041  mem=26M665

s UNSATISFIABLE
d NODES 100

   totalWckTime=0.852  totalCpuTime=1.041
