
   AbsCon 1.41 (January, 2014) - defaultConfiguration

   
   instance
        framework=CSP  name=Isomorphism-/cluster/gpg/ciaran/sip-benchmarks/benchmarks/LV/g22-/cluster/gpg/ciaran/sip-benchmarks/benchmarks/LV/g47
        parameters=/cluster/gpg/ciaran/sip-benchmarks/benchmarks/LV/g22,/cluster/gpg/ciaran/sip-benchmarks/benchmarks/LV/g47
      

   loading variables...
        nbVariables=67  nbDomainTypes=1  nbTotalValues=8576  domainSizes=(128:67)
          =>  wckTime=0.174  cpuTime=0.296  mem=6M427

   loading objectives...

   loading constraints...
        nbConstraints=225  nbSpecificConstraints=1  nbExtensionStructures=(1,shared:223)  nbConflictsStructures=(1,shared:223,unbuilt:1)
        degrees=(3:1)(4:4)(5:8)...(10:9)(11:8)(12:2)  arities=(2:224)(67:1)  types=(AllDifferent:1)(ConstraintHardExtensionV-Bits:224)
          =>  wckTime=0.259  cpuTime=0.379  mem=6M205

   INFO : <!-- Start saving the XML representation -->

   INFO : <!-- Stop saving the XML representation of g47.xml -->

   Solver SolverBacktrack being built... 
          =>  wckTime=0.447  cpuTime=0.532  mem=20M812

   
   search
        run=0  nbConstraintChecks=0  depth=(min:0,max:0,avg:1)  nbEffectivePropagations=416  nbRevisions=3564  nbUselessRevisions=3203
        nbAssignments=128  nbFailedAssignments=128  nbBacktracks=1  nbVisitedNodes=256  nbRestartNogoods=0
          =>  wckTime=0.604  cpuTime=1.124  mem=18M375

   
   global
        nbConstraintChecks=0  nbEffectivePropagations=416  nbRevisions=3564  nbUselessRevisions=3203  nbRestartNogoods=0  solvingWckTime=0.605
        expiredTime=no  totalExploration=yes  nbFoundSolutions=0  Stop=FULL_EXPLORATION
          =>  wckTime=1.052  cpuTime=1.125  mem=18M375

s UNSATISFIABLE
d NODES 128

   totalWckTime=0.96  totalCpuTime=1.125
