
   AbsCon 1.41 (January, 2014) - defaultConfiguration

   
   instance
        framework=CSP  name=Isomorphism-/cluster/gpg/ciaran/sip-benchmarks/benchmarks/LV/g22-/cluster/gpg/ciaran/sip-benchmarks/benchmarks/LV/g46
        parameters=/cluster/gpg/ciaran/sip-benchmarks/benchmarks/LV/g22,/cluster/gpg/ciaran/sip-benchmarks/benchmarks/LV/g46
      

   loading variables...
        nbVariables=67  nbDomainTypes=1  nbTotalValues=8576  domainSizes=(128:67)
          =>  wckTime=0.173  cpuTime=0.3  mem=9M967

   loading objectives...

   loading constraints...
        nbConstraints=225  nbSpecificConstraints=1  nbExtensionStructures=(1,shared:223)  nbConflictsStructures=(1,shared:223,unbuilt:1)
        degrees=(3:1)(4:4)(5:8)...(10:9)(11:8)(12:2)  arities=(2:224)(67:1)  types=(AllDifferent:1)(ConstraintHardExtensionV-Bits:224)
          =>  wckTime=0.255  cpuTime=0.378  mem=13M63

   INFO : <!-- Start saving the XML representation -->

   INFO : <!-- Stop saving the XML representation of g46.xml -->

   Solver SolverBacktrack being built... 
          =>  wckTime=0.43  cpuTime=0.523  mem=15M650

   
   search
        run=0  nbConstraintChecks=0  depth=(min:0,max:0,avg:1)  nbEffectivePropagations=405  nbRevisions=3486  nbUselessRevisions=3136
        nbAssignments=128  nbFailedAssignments=128  nbBacktracks=1  nbVisitedNodes=256  nbRestartNogoods=0
          =>  wckTime=0.671  cpuTime=1.158  mem=31M344

   
   global
        nbConstraintChecks=0  nbEffectivePropagations=405  nbRevisions=3486  nbUselessRevisions=3136  nbRestartNogoods=0  solvingWckTime=0.672
        expiredTime=no  totalExploration=yes  nbFoundSolutions=0  Stop=FULL_EXPLORATION
          =>  wckTime=1.103  cpuTime=1.158  mem=31M344

s UNSATISFIABLE
d NODES 128

   totalWckTime=1.006  totalCpuTime=1.159
