
   AbsCon 1.41 (January, 2014) - defaultConfiguration

   
   instance
        framework=CSP  name=Isomorphism-/cluster/gpg/ciaran/sip-benchmarks/benchmarks/LV/g22-/cluster/gpg/ciaran/sip-benchmarks/benchmarks/LV/g29
        parameters=/cluster/gpg/ciaran/sip-benchmarks/benchmarks/LV/g22,/cluster/gpg/ciaran/sip-benchmarks/benchmarks/LV/g29
      

   loading variables...
        nbVariables=67  nbDomainTypes=1  nbTotalValues=6700  domainSizes=(100:67)
          =>  wckTime=0.173  cpuTime=0.312  mem=9M770

   loading objectives...

   loading constraints...
        nbConstraints=225  nbSpecificConstraints=1  nbExtensionStructures=(1,shared:223)  nbConflictsStructures=(1,shared:223,unbuilt:1)
        degrees=(3:1)(4:4)(5:8)...(10:9)(11:8)(12:2)  arities=(2:224)(67:1)  types=(AllDifferent:1)(ConstraintHardExtensionV-Bits:224)
          =>  wckTime=0.261  cpuTime=0.395  mem=9M610

   INFO : <!-- Start saving the XML representation -->

   INFO : <!-- Stop saving the XML representation of g29.xml -->

   Solver SolverBacktrack being built... 
          =>  wckTime=0.436  cpuTime=0.549  mem=23M436

   
   search
        run=0  nbConstraintChecks=0  depth=(min:0,max:0,avg:1)  nbEffectivePropagations=263  nbRevisions=2012  nbUselessRevisions=1804
        nbAssignments=100  nbFailedAssignments=100  nbBacktracks=1  nbVisitedNodes=200  nbRestartNogoods=0
          =>  wckTime=0.504  cpuTime=1.046  mem=26M841

   
   global
        nbConstraintChecks=0  nbEffectivePropagations=263  nbRevisions=2012  nbUselessRevisions=1804  nbRestartNogoods=0  solvingWckTime=0.504
        expiredTime=no  totalExploration=yes  nbFoundSolutions=0  Stop=FULL_EXPLORATION
          =>  wckTime=0.942  cpuTime=1.047  mem=26M841

s UNSATISFIABLE
d NODES 100

   totalWckTime=0.849  totalCpuTime=1.047
