
   AbsCon 1.41 (January, 2014) - defaultConfiguration

   
   instance
        framework=CSP  name=Isomorphism-/cluster/gpg/ciaran/sip-benchmarks/benchmarks/LV/g22-/cluster/gpg/ciaran/sip-benchmarks/benchmarks/LV/g48
        parameters=/cluster/gpg/ciaran/sip-benchmarks/benchmarks/LV/g22,/cluster/gpg/ciaran/sip-benchmarks/benchmarks/LV/g48
      

   loading variables...
        nbVariables=67  nbDomainTypes=1  nbTotalValues=8576  domainSizes=(128:67)
          =>  wckTime=0.183  cpuTime=0.306  mem=9M844

   loading objectives...

   loading constraints...
        nbConstraints=225  nbSpecificConstraints=1  nbExtensionStructures=(1,shared:223)  nbConflictsStructures=(1,shared:223,unbuilt:1)
        degrees=(3:1)(4:4)(5:8)...(10:9)(11:8)(12:2)  arities=(2:224)(67:1)  types=(AllDifferent:1)(ConstraintHardExtensionV-Bits:224)
          =>  wckTime=0.27  cpuTime=0.383  mem=12M668

   INFO : <!-- Start saving the XML representation -->

   INFO : <!-- Stop saving the XML representation of g48.xml -->

   Solver SolverBacktrack being built... 
          =>  wckTime=0.489  cpuTime=0.569  mem=15M469

   
   search
        run=0  nbConstraintChecks=0  depth=(min:0,max:0,avg:1)  nbEffectivePropagations=405  nbRevisions=3502  nbUselessRevisions=3152
        nbAssignments=128  nbFailedAssignments=128  nbBacktracks=1  nbVisitedNodes=256  nbRestartNogoods=0
          =>  wckTime=0.699  cpuTime=1.233  mem=14M110

   
   global
        nbConstraintChecks=0  nbEffectivePropagations=405  nbRevisions=3502  nbUselessRevisions=3152  nbRestartNogoods=0  solvingWckTime=0.7
        expiredTime=no  totalExploration=yes  nbFoundSolutions=0  Stop=FULL_EXPLORATION
          =>  wckTime=1.189  cpuTime=1.234  mem=14M110

s UNSATISFIABLE
d NODES 128

   totalWckTime=1.095  totalCpuTime=1.234
