
   AbsCon 1.41 (January, 2014) - defaultConfiguration

   
   instance
        framework=CSP  name=Isomorphism-/cluster/gpg/ciaran/sip-benchmarks/benchmarks/LV/g24-/cluster/gpg/ciaran/sip-benchmarks/benchmarks/LV/g41
        parameters=/cluster/gpg/ciaran/sip-benchmarks/benchmarks/LV/g24,/cluster/gpg/ciaran/sip-benchmarks/benchmarks/LV/g41
      

   loading variables...
        nbVariables=75  nbDomainTypes=1  nbTotalValues=9600  domainSizes=(128:75)
          =>  wckTime=0.17  cpuTime=0.287  mem=9M259

   loading objectives...

   loading constraints...
        nbConstraints=68  nbSpecificConstraints=1  nbExtensionStructures=(1,shared:66)  nbConflictsStructures=(1,shared:66,unbuilt:1)
        degrees=(1:27)(2:20)(3:9)...(5:2)(6:5)(7:9)  arities=(2:67)(75:1)  types=(AllDifferent:1)(ConstraintHardExtensionV-Bits:67)
          =>  wckTime=0.223  cpuTime=0.337  mem=4M788

   INFO : <!-- Start saving the XML representation -->

   INFO : <!-- Stop saving the XML representation of g41.xml -->

   Solver SolverBacktrack being built... 
          =>  wckTime=0.395  cpuTime=0.486  mem=18M742

   
   search
        run=0  nbConstraintChecks=0  depth=(min:0,max:0,avg:1)  nbEffectivePropagations=592  nbRevisions=2602  nbUselessRevisions=2078
        nbAssignments=128  nbFailedAssignments=128  nbBacktracks=1  nbVisitedNodes=256  nbRestartNogoods=0
          =>  wckTime=0.467  cpuTime=0.946  mem=30M143

   
   global
        nbConstraintChecks=0  nbEffectivePropagations=592  nbRevisions=2602  nbUselessRevisions=2078  nbRestartNogoods=0  solvingWckTime=0.468
        expiredTime=no  totalExploration=yes  nbFoundSolutions=0  Stop=FULL_EXPLORATION
          =>  wckTime=0.864  cpuTime=0.947  mem=30M143

s UNSATISFIABLE
d NODES 128

   totalWckTime=0.773  totalCpuTime=0.947
