
   AbsCon 1.41 (January, 2014) - defaultConfiguration

   
   instance
        framework=CSP  name=Isomorphism-/cluster/gpg/ciaran/sip-benchmarks/benchmarks/LV/g24-/cluster/gpg/ciaran/sip-benchmarks/benchmarks/LV/g46
        parameters=/cluster/gpg/ciaran/sip-benchmarks/benchmarks/LV/g24,/cluster/gpg/ciaran/sip-benchmarks/benchmarks/LV/g46
      

   loading variables...
        nbVariables=75  nbDomainTypes=1  nbTotalValues=9600  domainSizes=(128:75)
          =>  wckTime=0.171  cpuTime=0.295  mem=9M772

   loading objectives...

   loading constraints...
        nbConstraints=68  nbSpecificConstraints=1  nbExtensionStructures=(1,shared:66)  nbConflictsStructures=(1,shared:66,unbuilt:1)
        degrees=(1:27)(2:20)(3:9)...(5:2)(6:5)(7:9)  arities=(2:67)(75:1)  types=(AllDifferent:1)(ConstraintHardExtensionV-Bits:67)
          =>  wckTime=0.231  cpuTime=0.354  mem=6M754

   INFO : <!-- Start saving the XML representation -->

   INFO : <!-- Stop saving the XML representation of g46.xml -->

   Solver SolverBacktrack being built... 
          =>  wckTime=0.417  cpuTime=0.519  mem=20M932

   
   search
        run=0  nbConstraintChecks=0  depth=(min:0,max:0,avg:1)  nbEffectivePropagations=263  nbRevisions=1196  nbUselessRevisions=1001
        nbAssignments=128  nbFailedAssignments=128  nbBacktracks=1  nbVisitedNodes=256  nbRestartNogoods=0
          =>  wckTime=0.613  cpuTime=1.124  mem=26M364

   
   global
        nbConstraintChecks=0  nbEffectivePropagations=263  nbRevisions=1196  nbUselessRevisions=1001  nbRestartNogoods=0  solvingWckTime=0.614
        expiredTime=no  totalExploration=yes  nbFoundSolutions=0  Stop=FULL_EXPLORATION
          =>  wckTime=1.031  cpuTime=1.125  mem=26M364

s UNSATISFIABLE
d NODES 128

   totalWckTime=0.939  totalCpuTime=1.125
