
   AbsCon 1.41 (January, 2014) - defaultConfiguration

   
   instance
        framework=CSP  name=Isomorphism-/cluster/gpg/ciaran/sip-benchmarks/benchmarks/LV/g24-/cluster/gpg/ciaran/sip-benchmarks/benchmarks/LV/g47
        parameters=/cluster/gpg/ciaran/sip-benchmarks/benchmarks/LV/g24,/cluster/gpg/ciaran/sip-benchmarks/benchmarks/LV/g47
      

   loading variables...
        nbVariables=75  nbDomainTypes=1  nbTotalValues=9600  domainSizes=(128:75)
          =>  wckTime=0.203  cpuTime=0.32  mem=9M496

   loading objectives...

   loading constraints...
        nbConstraints=68  nbSpecificConstraints=1  nbExtensionStructures=(1,shared:66)  nbConflictsStructures=(1,shared:66,unbuilt:1)
        degrees=(1:27)(2:20)(3:9)...(5:2)(6:5)(7:9)  arities=(2:67)(75:1)  types=(AllDifferent:1)(ConstraintHardExtensionV-Bits:67)
          =>  wckTime=0.265  cpuTime=0.379  mem=6M643

   INFO : <!-- Start saving the XML representation -->

   INFO : <!-- Stop saving the XML representation of g47.xml -->

   Solver SolverBacktrack being built... 
          =>  wckTime=0.44  cpuTime=0.524  mem=20M941

   
   search
        run=0  nbConstraintChecks=0  depth=(min:0,max:0,avg:1)  nbEffectivePropagations=269  nbRevisions=1207  nbUselessRevisions=1006
        nbAssignments=128  nbFailedAssignments=128  nbBacktracks=1  nbVisitedNodes=256  nbRestartNogoods=0
          =>  wckTime=0.685  cpuTime=1.197  mem=24M32

   
   global
        nbConstraintChecks=0  nbEffectivePropagations=269  nbRevisions=1207  nbUselessRevisions=1006  nbRestartNogoods=0  solvingWckTime=0.686
        expiredTime=no  totalExploration=yes  nbFoundSolutions=0  Stop=FULL_EXPLORATION
          =>  wckTime=1.126  cpuTime=1.198  mem=24M32

s UNSATISFIABLE
d NODES 128

   totalWckTime=1.005  totalCpuTime=1.198
