
   AbsCon 1.41 (January, 2014) - defaultConfiguration

   
   instance
        framework=CSP  name=Isomorphism-/cluster/gpg/ciaran/sip-benchmarks/benchmarks/LV/g24-/cluster/gpg/ciaran/sip-benchmarks/benchmarks/LV/g33
        parameters=/cluster/gpg/ciaran/sip-benchmarks/benchmarks/LV/g24,/cluster/gpg/ciaran/sip-benchmarks/benchmarks/LV/g33
      

   loading variables...
        nbVariables=75  nbDomainTypes=1  nbTotalValues=7575  domainSizes=(101:75)
          =>  wckTime=0.173  cpuTime=0.285  mem=9M544

   loading objectives...

   loading constraints...
        nbConstraints=68  nbSpecificConstraints=1  nbExtensionStructures=(1,shared:66)  nbConflictsStructures=(1,shared:66,unbuilt:1)
        degrees=(1:27)(2:20)(3:9)...(5:2)(6:5)(7:9)  arities=(2:67)(75:1)  types=(AllDifferent:1)(ConstraintHardExtensionV-Bits:67)
          =>  wckTime=0.224  cpuTime=0.328  mem=4M832

   INFO : <!-- Start saving the XML representation -->

   INFO : <!-- Stop saving the XML representation of g33.xml -->

   Solver SolverBacktrack being built... 
          =>  wckTime=0.38  cpuTime=0.463  mem=18M391

   
   search
        run=0  nbConstraintChecks=0  depth=(min:0,max:0,avg:1)  nbEffectivePropagations=376  nbRevisions=1622  nbUselessRevisions=1314
        nbAssignments=101  nbFailedAssignments=101  nbBacktracks=1  nbVisitedNodes=202  nbRestartNogoods=0
          =>  wckTime=0.362  cpuTime=0.796  mem=26M955

   
   global
        nbConstraintChecks=0  nbEffectivePropagations=376  nbRevisions=1622  nbUselessRevisions=1314  nbRestartNogoods=0  solvingWckTime=0.363
        expiredTime=no  totalExploration=yes  nbFoundSolutions=0  Stop=FULL_EXPLORATION
          =>  wckTime=0.744  cpuTime=0.796  mem=26M955

s UNSATISFIABLE
d NODES 101

   totalWckTime=0.648  totalCpuTime=0.797
