
   AbsCon 1.41 (January, 2014) - defaultConfiguration

   
   instance
        framework=CSP  name=Isomorphism-/cluster/gpg/ciaran/sip-benchmarks/benchmarks/LV/g25-/cluster/gpg/ciaran/sip-benchmarks/benchmarks/LV/g48
        parameters=/cluster/gpg/ciaran/sip-benchmarks/benchmarks/LV/g25,/cluster/gpg/ciaran/sip-benchmarks/benchmarks/LV/g48
      

   loading variables...
        nbVariables=75  nbDomainTypes=1  nbTotalValues=9600  domainSizes=(128:75)
          =>  wckTime=0.19  cpuTime=0.306  mem=9M325

   loading objectives...

   loading constraints...
        nbConstraints=115  nbSpecificConstraints=1  nbExtensionStructures=(1,shared:113)  nbConflictsStructures=(1,shared:113,unbuilt:1)
        degrees=(1:44)(2:6)(3:3)...(13:1)(14:1)(21:1)  arities=(2:114)(75:1)  types=(AllDifferent:1)(ConstraintHardExtensionV-Bits:114)
          =>  wckTime=0.268  cpuTime=0.381  mem=8M428

   INFO : <!-- Start saving the XML representation -->

   INFO : <!-- Stop saving the XML representation of g48.xml -->

   Solver SolverBacktrack being built... 
          =>  wckTime=0.482  cpuTime=0.56  mem=22M783

   
   search
        run=0  nbConstraintChecks=0  depth=(min:0,max:0,avg:1)  nbEffectivePropagations=572  nbRevisions=6009  nbUselessRevisions=5438
        nbAssignments=127  nbFailedAssignments=127  nbBacktracks=1  nbVisitedNodes=255  nbRestartNogoods=0
          =>  wckTime=0.541  cpuTime=1.085  mem=23M781

   
   global
        nbConstraintChecks=0  nbEffectivePropagations=572  nbRevisions=6009  nbUselessRevisions=5438  nbRestartNogoods=0  solvingWckTime=0.541
        expiredTime=no  totalExploration=yes  nbFoundSolutions=0  Stop=FULL_EXPLORATION
          =>  wckTime=1.024  cpuTime=1.085  mem=23M781

s UNSATISFIABLE
d NODES 127

   totalWckTime=0.928  totalCpuTime=1.086
