
   AbsCon 1.41 (January, 2014) - defaultConfiguration

   
   instance
        framework=CSP  name=Isomorphism-/cluster/gpg/ciaran/sip-benchmarks/benchmarks/LV/g28-/cluster/gpg/ciaran/sip-benchmarks/benchmarks/LV/g44
        parameters=/cluster/gpg/ciaran/sip-benchmarks/benchmarks/LV/g28,/cluster/gpg/ciaran/sip-benchmarks/benchmarks/LV/g44
      

   loading variables...
        nbVariables=97  nbDomainTypes=1  nbTotalValues=12416  domainSizes=(128:97)
          =>  wckTime=0.184  cpuTime=0.295  mem=9M840

   loading objectives...

   loading constraints...
        nbConstraints=93  nbSpecificConstraints=1  nbExtensionStructures=(1,shared:91)  nbConflictsStructures=(1,shared:91,unbuilt:1)
        degrees=(1:25)(2:33)(3:25)...(10:3)(11:2)(13:1)  arities=(2:92)(97:1)  types=(AllDifferent:1)(ConstraintHardExtensionV-Bits:92)
          =>  wckTime=0.249  cpuTime=0.356  mem=7M582

   INFO : <!-- Start saving the XML representation -->

   INFO : <!-- Stop saving the XML representation of g44.xml -->

   Solver SolverBacktrack being built... 
          =>  wckTime=0.414  cpuTime=0.496  mem=21M963

    instantiation X0=0 X1=1 X2=2 X3=3 X4=4 X5=5 X6=6 X7=10 X8=71 X9=76 X10=94 X11=8 X12=15 X13=16 X14=17 X15=18 X16=19 X17=21 X18=24 X19=103 X20=110 X21=116 X22=95 X23=100 X24=61 X25=28 X26=26 X27=27 X28=32 X29=33 X30=37 X31=38 X32=41 X33=56 X34=66 X35=78 X36=14 X37=39 X38=118 X39=82 X40=84 X41=124 X42=126 X43=101 X44=25 X45=42 X46=43 X47=7 X48=9 X49=22 X50=44 X51=13 X52=67 X53=89 X54=20 X55=31 X56=29 X57=77 X58=88 X59=96 X60=45 X61=60 X62=34 X63=90 X64=115 X65=107 X66=11 X67=23 X68=40 X69=102 X70=65 X71=35 X72=87 X73=112 X74=80 X75=92 X76=91 X77=121 X78=114 X79=120 X80=51 X81=97 X82=30 X83=108 X84=36 X85=48 X86=63 X87=74 X88=111 X89=98 X90=119 X91=64 X92=86 X93=109 X94=93 X95=12 X96=104 

    solution X0=0 X1=1 X2=2 X3=3 X4=4 X5=5 X6=6 X7=10 X8=71 X9=76 X10=94 X11=8 X12=15 X13=16 X14=17 X15=18 X16=19 X17=21 X18=24 X19=103 X20=110 X21=116 X22=95 X23=100 X24=61 X25=28 X26=26 X27=27 X28=32 X29=33 X30=37 X31=38 X32=41 X33=56 X34=66 X35=78 X36=14 X37=39 X38=118 X39=82 X40=84 X41=124 X42=126 X43=101 X44=25 X45=42 X46=43 X47=7 X48=9 X49=22 X50=44 X51=13 X52=67 X53=89 X54=20 X55=31 X56=29 X57=77 X58=88 X59=96 X60=45 X61=60 X62=34 X63=90 X64=115 X65=107 X66=11 X67=23 X68=40 X69=102 X70=65 X71=35 X72=87 X73=112 X74=80 X75=92 X76=91 X77=121 X78=114 X79=120 X80=51 X81=97 X82=30 X83=108 X84=36 X85=48 X86=63 X87=74 X88=111 X89=98 X90=119 X91=64 X92=86 X93=109 X94=93 X95=12 X96=104 

   
   search
        run=0  nbConstraintChecks=93  depth=(min:0,max:96,avg:1)  nbEffectivePropagations=3431  nbRevisions=5792  nbUselessRevisions=5658
        nbAssignments=201  nbFailedAssignments=104  nbBacktracks=0  nbVisitedNodes=306  nbRestartNogoods=0  nbFoundSolutions=1
        upperBound=9223372036854775807
          =>  wckTime=1.986  cpuTime=2.464  mem=49M911

   
   global
        nbConstraintChecks=93  nbEffectivePropagations=3431  nbRevisions=5792  nbUselessRevisions=5658  nbRestartNogoods=0  solvingWckTime=1.986
        expiredTime=no  totalExploration=no  nbFoundSolutions=1  firstSolutionCpuTime=2.462  Stop=REACHED_GOAL
          =>  wckTime=2.401  cpuTime=2.465  mem=49M911

s SATISFIABLE
v X0=0 X1=1 X2=2 X3=3 X4=4 X5=5 X6=6 X7=10 X8=71 X9=76 X10=94 X11=8 X12=15 X13=16 X14=17 X15=18 X16=19 X17=21 X18=24 X19=103 X20=110 X21=116 X22=95 X23=100 X24=61 X25=28 X26=26 X27=27 X28=32 X29=33 X30=37 X31=38 X32=41 X33=56 X34=66 X35=78 X36=14 X37=39 X38=118 X39=82 X40=84 X41=124 X42=126 X43=101 X44=25 X45=42 X46=43 X47=7 X48=9 X49=22 X50=44 X51=13 X52=67 X53=89 X54=20 X55=31 X56=29 X57=77 X58=88 X59=96 X60=45 X61=60 X62=34 X63=90 X64=115 X65=107 X66=11 X67=23 X68=40 X69=102 X70=65 X71=35 X72=87 X73=112 X74=80 X75=92 X76=91 X77=121 X78=114 X79=120 X80=51 X81=97 X82=30 X83=108 X84=36 X85=48 X86=63 X87=74 X88=111 X89=98 X90=119 X91=64 X92=86 X93=109 X94=93 X95=12 X96=104 
d NODES 201

   totalWckTime=2.295  totalCpuTime=2.465
