
   AbsCon 1.41 (January, 2014) - defaultConfiguration

   
   instance
        framework=CSP  name=Isomorphism-/cluster/gpg/ciaran/sip-benchmarks/benchmarks/LV/g28-/cluster/gpg/ciaran/sip-benchmarks/benchmarks/LV/g38
        parameters=/cluster/gpg/ciaran/sip-benchmarks/benchmarks/LV/g28,/cluster/gpg/ciaran/sip-benchmarks/benchmarks/LV/g38
      

   loading variables...
        nbVariables=97  nbDomainTypes=1  nbTotalValues=11737  domainSizes=(121:97)
          =>  wckTime=0.188  cpuTime=0.284  mem=9M800

   loading objectives...

   loading constraints...
        nbConstraints=93  nbSpecificConstraints=1  nbExtensionStructures=(1,shared:91)  nbConflictsStructures=(1,shared:91,unbuilt:1)
        degrees=(1:25)(2:33)(3:25)...(10:3)(11:2)(13:1)  arities=(2:92)(97:1)  types=(AllDifferent:1)(ConstraintHardExtensionV-Bits:92)
          =>  wckTime=0.242  cpuTime=0.332  mem=5M608

   INFO : <!-- Start saving the XML representation -->

   INFO : <!-- Stop saving the XML representation of g38.xml -->

   Solver SolverBacktrack being built... 
          =>  wckTime=0.396  cpuTime=0.465  mem=19M496

   
   search
        run=0  nbConstraintChecks=0  depth=(min:0,max:0,avg:1)  nbEffectivePropagations=98  nbRevisions=106  nbUselessRevisions=49
        nbAssignments=1  nbFailedAssignments=1  nbBacktracks=1  nbVisitedNodes=3  nbRestartNogoods=0
          =>  wckTime=0.047  cpuTime=0.512  mem=20M95

   
   global
        nbConstraintChecks=0  nbEffectivePropagations=98  nbRevisions=106  nbUselessRevisions=49  nbRestartNogoods=0  solvingWckTime=0.047
        expiredTime=no  totalExploration=yes  nbFoundSolutions=0  Stop=FULL_EXPLORATION
          =>  wckTime=0.445  cpuTime=0.513  mem=20M95

s UNSATISFIABLE
d NODES 1

   totalWckTime=0.334  totalCpuTime=0.514
