
   AbsCon 1.41 (January, 2014) - defaultConfiguration

   
   instance
        framework=CSP  name=Isomorphism-/cluster/gpg/ciaran/sip-benchmarks/benchmarks/LV/g3-/cluster/gpg/ciaran/sip-benchmarks/benchmarks/LV/g34
        parameters=/cluster/gpg/ciaran/sip-benchmarks/benchmarks/LV/g3,/cluster/gpg/ciaran/sip-benchmarks/benchmarks/LV/g34

   loading variables...
        nbVariables=10  nbDomainTypes=1  nbTotalValues=1200  domainSizes=(120:10)
          =>  wckTime=0.165  cpuTime=0.301  mem=9M209

   loading objectives...

   loading constraints...
        nbConstraints=16  nbSpecificConstraints=1  nbExtensionStructures=(1,shared:14)  nbConflictsStructures=(1,shared:14,unbuilt:1)
        degrees=(4:10)  arities=(2:15)(10:1)  types=(AllDifferent:1)(ConstraintHardExtensionV-Bits:15)
          =>  wckTime=0.191  cpuTime=0.326  mem=10M249

   INFO : <!-- Start saving the XML representation -->

   INFO : <!-- Stop saving the XML representation of g34.xml -->

   Solver SolverBacktrack being built... 
          =>  wckTime=0.342  cpuTime=0.455  mem=17M80

   
   search
        run=0  nbConstraintChecks=0  depth=(min:0,max:0,avg:1)  nbEffectivePropagations=619  nbRevisions=2152  nbUselessRevisions=1539
        nbAssignments=119  nbFailedAssignments=119  nbBacktracks=1  nbVisitedNodes=239  nbRestartNogoods=0
          =>  wckTime=0.202  cpuTime=0.643  mem=22M587

   
   global
        nbConstraintChecks=0  nbEffectivePropagations=619  nbRevisions=2152  nbUselessRevisions=1539  nbRestartNogoods=0  solvingWckTime=0.202
        expiredTime=no  totalExploration=yes  nbFoundSolutions=0  Stop=FULL_EXPLORATION
          =>  wckTime=0.545  cpuTime=0.644  mem=22M587

s UNSATISFIABLE
d NODES 119

   totalWckTime=0.447  totalCpuTime=0.644
