
   AbsCon 1.41 (January, 2014) - defaultConfiguration

   
   instance
        framework=CSP  name=Isomorphism-/cluster/gpg/ciaran/sip-benchmarks/benchmarks/LV/g3-/cluster/gpg/ciaran/sip-benchmarks/benchmarks/LV/g45
        parameters=/cluster/gpg/ciaran/sip-benchmarks/benchmarks/LV/g3,/cluster/gpg/ciaran/sip-benchmarks/benchmarks/LV/g45

   loading variables...
        nbVariables=10  nbDomainTypes=1  nbTotalValues=1280  domainSizes=(128:10)
          =>  wckTime=0.162  cpuTime=0.29  mem=9M514

   loading objectives...

   loading constraints...
        nbConstraints=16  nbSpecificConstraints=1  nbExtensionStructures=(1,shared:14)  nbConflictsStructures=(1,shared:14,unbuilt:1)
        degrees=(4:10)  arities=(2:15)(10:1)  types=(AllDifferent:1)(ConstraintHardExtensionV-Bits:15)
          =>  wckTime=0.199  cpuTime=0.324  mem=4M409

   INFO : <!-- Start saving the XML representation -->

   INFO : <!-- Stop saving the XML representation of g45.xml -->

   Solver SolverBacktrack being built... 
          =>  wckTime=0.348  cpuTime=0.45  mem=18M206

    instantiation X0=6 X1=52 X2=80 X3=82 X4=96 X5=61 X6=111 X7=116 X8=74 X9=112 

    solution X0=6 X1=52 X2=80 X3=82 X4=96 X5=61 X6=111 X7=116 X8=74 X9=112 

   
   search
        run=0  nbConstraintChecks=16  depth=(min:0,max:9,avg:1)  nbEffectivePropagations=65  nbRevisions=480  nbUselessRevisions=463
        nbAssignments=51  nbFailedAssignments=41  nbBacktracks=0  nbVisitedNodes=93  nbRestartNogoods=0  nbFoundSolutions=1  upperBound=9223372036854775807
          =>  wckTime=0.363  cpuTime=0.808  mem=20M973

   
   global
        nbConstraintChecks=16  nbEffectivePropagations=65  nbRevisions=480  nbUselessRevisions=463  nbRestartNogoods=0  solvingWckTime=0.364
        expiredTime=no  totalExploration=no  nbFoundSolutions=1  firstSolutionCpuTime=0.806  Stop=REACHED_GOAL
          =>  wckTime=0.712  cpuTime=0.809  mem=20M973

s SATISFIABLE
v X0=6 X1=52 X2=80 X3=82 X4=96 X5=61 X6=111 X7=116 X8=74 X9=112 
d NODES 51

   totalWckTime=0.62  totalCpuTime=0.809
