
   AbsCon 1.41 (January, 2014) - defaultConfiguration

   
   instance
        framework=CSP  name=Isomorphism-/cluster/gpg/ciaran/sip-benchmarks/benchmarks/LV/g3-/cluster/gpg/ciaran/sip-benchmarks/benchmarks/LV/g32
        parameters=/cluster/gpg/ciaran/sip-benchmarks/benchmarks/LV/g3,/cluster/gpg/ciaran/sip-benchmarks/benchmarks/LV/g32

   loading variables...
        nbVariables=10  nbDomainTypes=1  nbTotalValues=1000  domainSizes=(100:10)
          =>  wckTime=0.192  cpuTime=0.306  mem=10M130

   loading objectives...

   loading constraints...
        nbConstraints=16  nbSpecificConstraints=1  nbExtensionStructures=(1,shared:14)  nbConflictsStructures=(1,shared:14,unbuilt:1)
        degrees=(4:10)  arities=(2:15)(10:1)  types=(AllDifferent:1)(ConstraintHardExtensionV-Bits:15)
          =>  wckTime=0.266  cpuTime=0.377  mem=7M313

   INFO : <!-- Start saving the XML representation -->

   INFO : <!-- Stop saving the XML representation of g32.xml -->

   Solver SolverBacktrack being built... 
          =>  wckTime=0.47  cpuTime=0.553  mem=21M212

    instantiation X0=0 X1=1 X2=2 X3=3 X4=4 X5=5 X6=6 X7=7 X8=8 X9=9 

    solution X0=0 X1=1 X2=2 X3=3 X4=4 X5=5 X6=6 X7=7 X8=8 X9=9 

   
   search
        run=0  nbConstraintChecks=16  depth=(min:11,max:9,avg:0)  nbEffectivePropagations=30  nbRevisions=15  nbUselessRevisions=15
        nbAssignments=10  nbFailedAssignments=0  nbBacktracks=0  nbVisitedNodes=11  nbRestartNogoods=0  nbFoundSolutions=1  upperBound=9223372036854775807
          =>  wckTime=0.114  cpuTime=0.664  mem=14M377

   
   global
        nbConstraintChecks=16  nbEffectivePropagations=30  nbRevisions=15  nbUselessRevisions=15  nbRestartNogoods=0  solvingWckTime=0.115
        expiredTime=no  totalExploration=no  nbFoundSolutions=1  firstSolutionCpuTime=0.662  Stop=REACHED_GOAL
          =>  wckTime=0.585  cpuTime=0.665  mem=14M377

s SATISFIABLE
v X0=0 X1=1 X2=2 X3=3 X4=4 X5=5 X6=6 X7=7 X8=8 X9=9 
d NODES 10

   totalWckTime=0.487  totalCpuTime=0.665
