
   AbsCon 1.41 (January, 2014) - defaultConfiguration

   
   instance
        framework=CSP  name=Isomorphism-/cluster/gpg/ciaran/sip-benchmarks/benchmarks/LV/g3-/cluster/gpg/ciaran/sip-benchmarks/benchmarks/LV/g47
        parameters=/cluster/gpg/ciaran/sip-benchmarks/benchmarks/LV/g3,/cluster/gpg/ciaran/sip-benchmarks/benchmarks/LV/g47

   loading variables...
        nbVariables=10  nbDomainTypes=1  nbTotalValues=1280  domainSizes=(128:10)
          =>  wckTime=0.171  cpuTime=0.31  mem=9M376

   loading objectives...

   loading constraints...
        nbConstraints=16  nbSpecificConstraints=1  nbExtensionStructures=(1,shared:14)  nbConflictsStructures=(1,shared:14,unbuilt:1)
        degrees=(4:10)  arities=(2:15)(10:1)  types=(AllDifferent:1)(ConstraintHardExtensionV-Bits:15)
          =>  wckTime=0.212  cpuTime=0.344  mem=4M37

   INFO : <!-- Start saving the XML representation -->

   INFO : <!-- Stop saving the XML representation of g47.xml -->

   Solver SolverBacktrack being built... 
          =>  wckTime=0.382  cpuTime=0.487  mem=17M798

    instantiation X0=0 X1=52 X2=25 X3=29 X4=70 X5=20 X6=5 X7=34 X8=21 X9=67 

    solution X0=0 X1=52 X2=25 X3=29 X4=70 X5=20 X6=5 X7=34 X8=21 X9=67 

   
   search
        run=0  nbConstraintChecks=16  depth=(min:11,max:9,avg:0)  nbEffectivePropagations=26  nbRevisions=98  nbUselessRevisions=90
        nbAssignments=10  nbFailedAssignments=0  nbBacktracks=0  nbVisitedNodes=11  nbRestartNogoods=0  nbFoundSolutions=1  upperBound=9223372036854775807
          =>  wckTime=0.149  cpuTime=0.636  mem=23M259

   
   global
        nbConstraintChecks=16  nbEffectivePropagations=26  nbRevisions=98  nbUselessRevisions=90  nbRestartNogoods=0  solvingWckTime=0.15
        expiredTime=no  totalExploration=no  nbFoundSolutions=1  firstSolutionCpuTime=0.633  Stop=REACHED_GOAL
          =>  wckTime=0.533  cpuTime=0.636  mem=23M259

s SATISFIABLE
v X0=0 X1=52 X2=25 X3=29 X4=70 X5=20 X6=5 X7=34 X8=21 X9=67 
d NODES 10

   totalWckTime=0.434  totalCpuTime=0.636
