
   AbsCon 1.41 (January, 2014) - defaultConfiguration

   
   instance
        framework=CSP  name=Isomorphism-/cluster/gpg/ciaran/sip-benchmarks/benchmarks/LV/g30-/cluster/gpg/ciaran/sip-benchmarks/benchmarks/LV/g50
        parameters=/cluster/gpg/ciaran/sip-benchmarks/benchmarks/LV/g30,/cluster/gpg/ciaran/sip-benchmarks/benchmarks/LV/g50
      

   loading variables...
        nbVariables=100  nbDomainTypes=1  nbTotalValues=12800  domainSizes=(128:100)
          =>  wckTime=0.214  cpuTime=0.319  mem=3M231

   loading objectives...

   loading constraints...
        nbConstraints=908  nbSpecificConstraints=1  nbExtensionStructures=(9,shared:898)  nbConflictsStructures=(1,shared:898,unbuilt:9)
        degrees=(11:1)(12:2)(13:4)...(25:4)(26:3)(32:1)  arities=(1:8)(2:899)(100:1)  types=(AllDifferent:1)(ConstraintHardExtensionV-Bits:899)(ConstraintHardExtensionV-Table:8)
        tables=(0:8)  nbTotalTuples=0
          =>  wckTime=0.518  cpuTime=0.596  mem=10M227

   INFO : <!-- Start saving the XML representation -->

   INFO : <!-- Stop saving the XML representation of g50.xml -->

   Solver SolverBacktrack being built... 
          =>  wckTime=0.749  cpuTime=0.785  mem=26M918

   
   search
        run=0  nbConstraintChecks=572  depth=(min:0,max:0,avg:1)  nbEffectivePropagations=568  nbRevisions=2416  nbUselessRevisions=2407
        nbAssignments=21  nbFailedAssignments=21  nbBacktracks=1  nbVisitedNodes=43  nbRestartNogoods=0
          =>  wckTime=1.581  cpuTime=2.343  mem=36M457

   
   global
        nbConstraintChecks=572  nbEffectivePropagations=568  nbRevisions=2416  nbUselessRevisions=2407  nbRestartNogoods=0  solvingWckTime=1.581
        expiredTime=no  totalExploration=yes  nbFoundSolutions=0  Stop=FULL_EXPLORATION
          =>  wckTime=2.331  cpuTime=2.344  mem=36M457

s UNSATISFIABLE
d NODES 21

   totalWckTime=2.222  totalCpuTime=2.344
