
   AbsCon 1.41 (January, 2014) - defaultConfiguration

   
   instance
        framework=CSP  name=Isomorphism-/cluster/gpg/ciaran/sip-benchmarks/benchmarks/LV/g33-/cluster/gpg/ciaran/sip-benchmarks/benchmarks/LV/g47
        parameters=/cluster/gpg/ciaran/sip-benchmarks/benchmarks/LV/g33,/cluster/gpg/ciaran/sip-benchmarks/benchmarks/LV/g47
      

   loading variables...
        nbVariables=101  nbDomainTypes=1  nbTotalValues=12928  domainSizes=(128:101)
          =>  wckTime=0.182  cpuTime=0.299  mem=9M961

   loading objectives...

   loading constraints...
        nbConstraints=298  nbSpecificConstraints=1  nbExtensionStructures=(1,shared:296)  nbConflictsStructures=(1,shared:296,unbuilt:1)
        degrees=(4:3)(5:15)(6:27)...(10:2)(12:1)(14:1)  arities=(2:297)(101:1)  types=(AllDifferent:1)(ConstraintHardExtensionV-Bits:297)
          =>  wckTime=0.277  cpuTime=0.392  mem=16M93

   INFO : <!-- Start saving the XML representation -->

   INFO : <!-- Stop saving the XML representation of g47.xml -->

   Solver SolverBacktrack being built... 
          =>  wckTime=0.502  cpuTime=0.586  mem=18M727

   
   search
        run=0  nbConstraintChecks=0  depth=(min:0,max:0,avg:1)  nbEffectivePropagations=591  nbRevisions=4155  nbUselessRevisions=3654
        nbAssignments=128  nbFailedAssignments=128  nbBacktracks=1  nbVisitedNodes=256  nbRestartNogoods=0
          =>  wckTime=1.692  cpuTime=2.251  mem=36M84

   
   global
        nbConstraintChecks=0  nbEffectivePropagations=591  nbRevisions=4155  nbUselessRevisions=3654  nbRestartNogoods=0  solvingWckTime=1.693
        expiredTime=no  totalExploration=yes  nbFoundSolutions=0  Stop=FULL_EXPLORATION
          =>  wckTime=2.195  cpuTime=2.252  mem=36M84

s UNSATISFIABLE
d NODES 128

   totalWckTime=2.093  totalCpuTime=2.252
