
   AbsCon 1.41 (January, 2014) - defaultConfiguration

   
   instance
        framework=CSP  name=Isomorphism-/cluster/gpg/ciaran/sip-benchmarks/benchmarks/LV/g33-/cluster/gpg/ciaran/sip-benchmarks/benchmarks/LV/g49
        parameters=/cluster/gpg/ciaran/sip-benchmarks/benchmarks/LV/g33,/cluster/gpg/ciaran/sip-benchmarks/benchmarks/LV/g49
      

   loading variables...
        nbVariables=101  nbDomainTypes=1  nbTotalValues=12928  domainSizes=(128:101)
          =>  wckTime=0.201  cpuTime=0.31  mem=3M863

   loading objectives...

   loading constraints...
        nbConstraints=298  nbSpecificConstraints=1  nbExtensionStructures=(1,shared:296)  nbConflictsStructures=(1,shared:296,unbuilt:1)
        degrees=(4:3)(5:15)(6:27)...(10:2)(12:1)(14:1)  arities=(2:297)(101:1)  types=(AllDifferent:1)(ConstraintHardExtensionV-Bits:297)
          =>  wckTime=0.299  cpuTime=0.408  mem=16M312

   INFO : <!-- Start saving the XML representation -->

   INFO : <!-- Stop saving the XML representation of g49.xml -->

   Solver SolverBacktrack being built... 
          =>  wckTime=0.498  cpuTime=0.574  mem=19M240

   
   search
        run=0  nbConstraintChecks=0  depth=(min:0,max:16,avg:9)  nbEffectivePropagations=399303483  nbRevisions=1304343127  nbUselessRevisions=1238232318
        nbAssignments=5410792  nbFailedAssignments=3764334  nbBacktracks=1646450  nbVisitedNodes=10136956  nbRestartNogoods=0
          =>  wckTime=99999.508  cpuTime=99302.754  mem=23M491

   
   global
        nbConstraintChecks=0  nbEffectivePropagations=399303483  nbRevisions=1304343127  nbUselessRevisions=1238232318  nbRestartNogoods=0
        solvingWckTime=99999.508  expiredTime=yes  totalExploration=no  nbFoundSolutions=0  Stop=EXCEEDED_TIME
          =>  wckTime=100000.007  cpuTime=99302.754  mem=23M491

s UNKNOWN
d NODES 5410792

   totalWckTime=99999.901  totalCpuTime=99302.755
