
   AbsCon 1.41 (January, 2014) - defaultConfiguration

   
   instance
        framework=CSP  name=Isomorphism-/cluster/gpg/ciaran/sip-benchmarks/benchmarks/LV/g33-/cluster/gpg/ciaran/sip-benchmarks/benchmarks/LV/g38
        parameters=/cluster/gpg/ciaran/sip-benchmarks/benchmarks/LV/g33,/cluster/gpg/ciaran/sip-benchmarks/benchmarks/LV/g38
      

   loading variables...
        nbVariables=101  nbDomainTypes=1  nbTotalValues=12221  domainSizes=(121:101)
          =>  wckTime=0.224  cpuTime=0.335  mem=10M19

   loading objectives...

   loading constraints...
        nbConstraints=298  nbSpecificConstraints=1  nbExtensionStructures=(1,shared:296)  nbConflictsStructures=(1,shared:296,unbuilt:1)
        degrees=(4:3)(5:15)(6:27)...(10:2)(12:1)(14:1)  arities=(2:297)(101:1)  types=(AllDifferent:1)(ConstraintHardExtensionV-Bits:297)
          =>  wckTime=0.292  cpuTime=0.399  mem=7M879

   INFO : <!-- Start saving the XML representation -->

   INFO : <!-- Stop saving the XML representation of g38.xml -->

   Solver SolverBacktrack being built... 
          =>  wckTime=0.493  cpuTime=0.564  mem=22M159

   
   search
        run=0  nbConstraintChecks=0  depth=(min:0,max:0,avg:1)  nbEffectivePropagations=59  nbRevisions=128  nbUselessRevisions=70
        nbAssignments=1  nbFailedAssignments=1  nbBacktracks=1  nbVisitedNodes=3  nbRestartNogoods=0
          =>  wckTime=0.036  cpuTime=0.6  mem=22M553

   
   global
        nbConstraintChecks=0  nbEffectivePropagations=59  nbRevisions=128  nbUselessRevisions=70  nbRestartNogoods=0  solvingWckTime=0.037
        expiredTime=no  totalExploration=yes  nbFoundSolutions=0  Stop=FULL_EXPLORATION
          =>  wckTime=0.53  cpuTime=0.601  mem=22M553

s UNSATISFIABLE
d NODES 1

   totalWckTime=0.418  totalCpuTime=0.602
