
   AbsCon 1.41 (January, 2014) - defaultConfiguration

   
   instance
        framework=CSP  name=Isomorphism-/cluster/gpg/ciaran/sip-benchmarks/benchmarks/LV/g33-/cluster/gpg/ciaran/sip-benchmarks/benchmarks/LV/g37
        parameters=/cluster/gpg/ciaran/sip-benchmarks/benchmarks/LV/g33,/cluster/gpg/ciaran/sip-benchmarks/benchmarks/LV/g37
      

   loading variables...
        nbVariables=101  nbDomainTypes=1  nbTotalValues=12120  domainSizes=(120:101)
          =>  wckTime=0.169  cpuTime=0.281  mem=9M929

   loading objectives...

   loading constraints...
        nbConstraints=298  nbSpecificConstraints=1  nbExtensionStructures=(1,shared:296)  nbConflictsStructures=(1,shared:296,unbuilt:1)
        degrees=(4:3)(5:15)(6:27)...(10:2)(12:1)(14:1)  arities=(2:297)(101:1)  types=(AllDifferent:1)(ConstraintHardExtensionV-Bits:297)
          =>  wckTime=0.252  cpuTime=0.36  mem=12M518

   INFO : <!-- Start saving the XML representation -->

   INFO : <!-- Stop saving the XML representation of g37.xml -->

   Solver SolverBacktrack being built... 
          =>  wckTime=0.43  cpuTime=0.508  mem=15M356

   
   search
        run=0  nbConstraintChecks=0  depth=(min:0,max:0,avg:1)  nbEffectivePropagations=774  nbRevisions=6233  nbUselessRevisions=5465
        nbAssignments=119  nbFailedAssignments=119  nbBacktracks=1  nbVisitedNodes=239  nbRestartNogoods=0
          =>  wckTime=1.228  cpuTime=1.681  mem=26M663

   
   global
        nbConstraintChecks=0  nbEffectivePropagations=774  nbRevisions=6233  nbUselessRevisions=5465  nbRestartNogoods=0  solvingWckTime=1.228
        expiredTime=no  totalExploration=yes  nbFoundSolutions=0  Stop=FULL_EXPLORATION
          =>  wckTime=1.659  cpuTime=1.682  mem=26M663

s UNSATISFIABLE
d NODES 119

   totalWckTime=1.567  totalCpuTime=1.682
