
   AbsCon 1.41 (January, 2014) - defaultConfiguration

   
   instance
        framework=CSP  name=Isomorphism-/cluster/gpg/ciaran/sip-benchmarks/benchmarks/LV/g34-/cluster/gpg/ciaran/sip-benchmarks/benchmarks/LV/g38
        parameters=/cluster/gpg/ciaran/sip-benchmarks/benchmarks/LV/g34,/cluster/gpg/ciaran/sip-benchmarks/benchmarks/LV/g38
      

   loading variables...
        nbVariables=120  nbDomainTypes=1  nbTotalValues=14520  domainSizes=(121:120)
          =>  wckTime=0.17  cpuTime=0.291  mem=10M231

   loading objectives...

   loading constraints...
        nbConstraints=241  nbSpecificConstraints=1  nbExtensionStructures=(1,shared:239)  nbConflictsStructures=(1,shared:239,unbuilt:1)
        degrees=(5:120)  arities=(2:240)(120:1)  types=(AllDifferent:1)(ConstraintHardExtensionV-Bits:240)
          =>  wckTime=0.236  cpuTime=0.354  mem=7M875

   INFO : <!-- Start saving the XML representation -->

   INFO : <!-- Stop saving the XML representation of g38.xml -->

   Solver SolverBacktrack being built... 
          =>  wckTime=0.405  cpuTime=0.501  mem=22M290

   
   search
        run=0  nbConstraintChecks=0  depth=(min:0,max:0,avg:1)  nbEffectivePropagations=58  nbRevisions=85  nbUselessRevisions=28
        nbAssignments=1  nbFailedAssignments=1  nbBacktracks=1  nbVisitedNodes=3  nbRestartNogoods=0
          =>  wckTime=0.04  cpuTime=0.542  mem=22M678

   
   global
        nbConstraintChecks=0  nbEffectivePropagations=58  nbRevisions=85  nbUselessRevisions=28  nbRestartNogoods=0  solvingWckTime=0.041
        expiredTime=no  totalExploration=yes  nbFoundSolutions=0  Stop=FULL_EXPLORATION
          =>  wckTime=0.447  cpuTime=0.542  mem=22M678

s UNSATISFIABLE
d NODES 1

   totalWckTime=0.357  totalCpuTime=0.543
