
   AbsCon 1.41 (January, 2014) - defaultConfiguration

   
   instance
        framework=CSP  name=Isomorphism-/cluster/gpg/ciaran/sip-benchmarks/benchmarks/LV/g34-/cluster/gpg/ciaran/sip-benchmarks/benchmarks/LV/g50
        parameters=/cluster/gpg/ciaran/sip-benchmarks/benchmarks/LV/g34,/cluster/gpg/ciaran/sip-benchmarks/benchmarks/LV/g50
      

   loading variables...
        nbVariables=120  nbDomainTypes=1  nbTotalValues=15360  domainSizes=(128:120)
          =>  wckTime=0.215  cpuTime=0.309  mem=3M827

   loading objectives...

   loading constraints...
        nbConstraints=241  nbSpecificConstraints=1  nbExtensionStructures=(1,shared:239)  nbConflictsStructures=(1,shared:239,unbuilt:1)
        degrees=(5:120)  arities=(2:240)(120:1)  types=(AllDifferent:1)(ConstraintHardExtensionV-Bits:240)
          =>  wckTime=0.379  cpuTime=0.467  mem=8M660

   INFO : <!-- Start saving the XML representation -->

   INFO : <!-- Stop saving the XML representation of g50.xml -->

   Solver SolverBacktrack being built... 
          =>  wckTime=0.584  cpuTime=0.646  mem=24M39

   
   search
        run=0  nbConstraintChecks=0  depth=(min:13,max:37,avg:27)  nbEffectivePropagations=491960172  nbRevisions=645170492  nbUselessRevisions=592233684
        nbAssignments=5327954  nbFailedAssignments=3859352  nbBacktracks=1468578  nbVisitedNodes=10180979  nbRestartNogoods=0
          =>  wckTime=99999.434  cpuTime=99115.25  mem=42M695

   
   global
        nbConstraintChecks=0  nbEffectivePropagations=491960172  nbRevisions=645170492  nbUselessRevisions=592233684  nbRestartNogoods=0
        solvingWckTime=99999.435  expiredTime=yes  totalExploration=no  nbFoundSolutions=0  Stop=EXCEEDED_TIME
          =>  wckTime=100000.019  cpuTime=99115.25  mem=42M695

s UNKNOWN
d NODES 5327954

   totalWckTime=99999.916  totalCpuTime=99115.251
