
   AbsCon 1.41 (January, 2014) - defaultConfiguration

   
   instance
        framework=CSP  name=Isomorphism-/cluster/gpg/ciaran/sip-benchmarks/benchmarks/LV/g34-/cluster/gpg/ciaran/sip-benchmarks/benchmarks/LV/g43
        parameters=/cluster/gpg/ciaran/sip-benchmarks/benchmarks/LV/g34,/cluster/gpg/ciaran/sip-benchmarks/benchmarks/LV/g43
      

   loading variables...
        nbVariables=120  nbDomainTypes=1  nbTotalValues=15360  domainSizes=(128:120)
          =>  wckTime=0.201  cpuTime=0.325  mem=9M844

   loading objectives...

   loading constraints...
        nbConstraints=241  nbSpecificConstraints=1  nbExtensionStructures=(1,shared:239)  nbConflictsStructures=(1,shared:239,unbuilt:1)
        degrees=(5:120)  arities=(2:240)(120:1)  types=(AllDifferent:1)(ConstraintHardExtensionV-Bits:240)
          =>  wckTime=0.313  cpuTime=0.409  mem=11M240

   INFO : <!-- Start saving the XML representation -->

   INFO : <!-- Stop saving the XML representation of g43.xml -->

   Solver SolverBacktrack being built... 
          =>  wckTime=0.523  cpuTime=0.582  mem=14M861

   
   search
        run=0  nbConstraintChecks=0  depth=(min:0,max:0,avg:1)  nbEffectivePropagations=703  nbRevisions=4178  nbUselessRevisions=3686
        nbAssignments=243  nbFailedAssignments=243  nbBacktracks=1  nbVisitedNodes=487  nbRestartNogoods=0
          =>  wckTime=5.417  cpuTime=5.929  mem=47M701

   
   global
        nbConstraintChecks=0  nbEffectivePropagations=703  nbRevisions=4178  nbUselessRevisions=3686  nbRestartNogoods=0  solvingWckTime=5.419
        expiredTime=no  totalExploration=yes  nbFoundSolutions=0  Stop=FULL_EXPLORATION
          =>  wckTime=5.942  cpuTime=5.93  mem=47M701

s UNSATISFIABLE
d NODES 243

   totalWckTime=5.84  totalCpuTime=5.931
