
   AbsCon 1.41 (January, 2014) - defaultConfiguration

   
   instance
        framework=CSP  name=Isomorphism-/cluster/gpg/ciaran/sip-benchmarks/benchmarks/LV/g35-/cluster/gpg/ciaran/sip-benchmarks/benchmarks/LV/g45
        parameters=/cluster/gpg/ciaran/sip-benchmarks/benchmarks/LV/g35,/cluster/gpg/ciaran/sip-benchmarks/benchmarks/LV/g45
      

   loading variables...
        nbVariables=120  nbDomainTypes=1  nbTotalValues=15360  domainSizes=(128:120)
          =>  wckTime=0.206  cpuTime=0.305  mem=10M430

   loading objectives...

   loading constraints...
        nbConstraints=318  nbSpecificConstraints=1  nbExtensionStructures=(1,shared:316)  nbConflictsStructures=(1,shared:316,unbuilt:1)
        degrees=(4:6)(5:17)(6:55)(7:22)(8:19)(9:1)  arities=(2:317)(120:1)  types=(AllDifferent:1)(ConstraintHardExtensionV-Bits:317)
          =>  wckTime=0.325  cpuTime=0.42  mem=13M360

   INFO : <!-- Start saving the XML representation -->

   INFO : <!-- Stop saving the XML representation of g45.xml -->

   Solver SolverBacktrack being built... 
          =>  wckTime=0.546  cpuTime=0.61  mem=17M132

   
   search
        run=0  nbConstraintChecks=0  depth=(min:0,max:0,avg:1)  nbEffectivePropagations=563  nbRevisions=4429  nbUselessRevisions=4031
        nbAssignments=126  nbFailedAssignments=126  nbBacktracks=1  nbVisitedNodes=252  nbRestartNogoods=0
          =>  wckTime=2.452  cpuTime=3.013  mem=18M655

   
   global
        nbConstraintChecks=0  nbEffectivePropagations=563  nbRevisions=4429  nbUselessRevisions=4031  nbRestartNogoods=0  solvingWckTime=2.453
        expiredTime=no  totalExploration=yes  nbFoundSolutions=0  Stop=FULL_EXPLORATION
          =>  wckTime=2.999  cpuTime=3.013  mem=18M655

s UNSATISFIABLE
d NODES 126

   totalWckTime=2.877  totalCpuTime=3.014
