
   AbsCon 1.41 (January, 2014) - defaultConfiguration

   
   instance
        framework=CSP  name=Isomorphism-/cluster/gpg/ciaran/sip-benchmarks/benchmarks/LV/g35-/cluster/gpg/ciaran/sip-benchmarks/benchmarks/LV/g37
        parameters=/cluster/gpg/ciaran/sip-benchmarks/benchmarks/LV/g35,/cluster/gpg/ciaran/sip-benchmarks/benchmarks/LV/g37
      

   loading variables...
        nbVariables=120  nbDomainTypes=1  nbTotalValues=14400  domainSizes=(120:120)
          =>  wckTime=0.216  cpuTime=0.364  mem=5M257

   loading objectives...

   loading constraints...
        nbConstraints=318  nbSpecificConstraints=1  nbExtensionStructures=(1,shared:316)  nbConflictsStructures=(1,shared:316,unbuilt:1)
        degrees=(4:6)(5:17)(6:55)(7:22)(8:19)(9:1)  arities=(2:317)(120:1)  types=(AllDifferent:1)(ConstraintHardExtensionV-Bits:317)
          =>  wckTime=0.311  cpuTime=0.451  mem=4M302

   INFO : <!-- Start saving the XML representation -->

   INFO : <!-- Stop saving the XML representation of g37.xml -->

   Solver SolverBacktrack being built... 
          =>  wckTime=0.493  cpuTime=0.607  mem=19M299

    instantiation X0=0 X1=10 X2=2 X3=3 X4=4 X5=1 X6=6 X7=7 X8=8 X9=9 X10=5 X11=42 X12=76 X13=23 X14=14 X15=15 X16=16 X17=17 X18=18 X19=19 X20=74 X21=21 X22=22 X23=86 X24=82 X25=25 X26=26 X27=27 X28=28 X29=54 X30=30 X31=31 X32=32 X33=33 X34=34 X35=35 X36=36 X37=37 X38=38 X39=73 X40=91 X41=104 X42=101 X43=66 X44=44 X45=45 X46=46 X47=47 X48=48 X49=49 X50=50 X51=51 X52=52 X53=12 X54=59 X55=55 X56=56 X57=57 X58=58 X59=13 X60=60 X61=61 X62=62 X63=63 X64=64 X65=65 X66=43 X67=67 X68=68 X69=69 X70=70 X71=71 X72=72 X73=39 X74=117 X75=75 X76=29 X77=77 X78=78 X79=79 X80=80 X81=81 X82=119 X83=83 X84=84 X85=85 X86=53 X87=87 X88=88 X89=89 X90=102 X91=40 X92=92 X93=93 X94=107 X95=95 X96=96 X97=97 X98=98 X99=99 X100=100 X101=116 X102=41 X103=103 X104=90 X105=105 X106=106 X107=94 X108=108 X109=109 X110=110 X111=111 X112=112 X113=113 X114=114 X115=115 X116=11 X117=20 X118=118 X119=24 

    solution X0=0 X1=10 X2=2 X3=3 X4=4 X5=1 X6=6 X7=7 X8=8 X9=9 X10=5 X11=42 X12=76 X13=23 X14=14 X15=15 X16=16 X17=17 X18=18 X19=19 X20=74 X21=21 X22=22 X23=86 X24=82 X25=25 X26=26 X27=27 X28=28 X29=54 X30=30 X31=31 X32=32 X33=33 X34=34 X35=35 X36=36 X37=37 X38=38 X39=73 X40=91 X41=104 X42=101 X43=66 X44=44 X45=45 X46=46 X47=47 X48=48 X49=49 X50=50 X51=51 X52=52 X53=12 X54=59 X55=55 X56=56 X57=57 X58=58 X59=13 X60=60 X61=61 X62=62 X63=63 X64=64 X65=65 X66=43 X67=67 X68=68 X69=69 X70=70 X71=71 X72=72 X73=39 X74=117 X75=75 X76=29 X77=77 X78=78 X79=79 X80=80 X81=81 X82=119 X83=83 X84=84 X85=85 X86=53 X87=87 X88=88 X89=89 X90=102 X91=40 X92=92 X93=93 X94=107 X95=95 X96=96 X97=97 X98=98 X99=99 X100=100 X101=116 X102=41 X103=103 X104=90 X105=105 X106=106 X107=94 X108=108 X109=109 X110=110 X111=111 X112=112 X113=113 X114=114 X115=115 X116=11 X117=20 X118=118 X119=24 

   
   search
        run=0  nbConstraintChecks=318  depth=(min:0,max:119,avg:7)  nbEffectivePropagations=1285601  nbRevisions=5097897  nbUselessRevisions=4648118
        nbAssignments=18662  nbFailedAssignments=14696  nbBacktracks=3846  nbVisitedNodes=34567  nbRestartNogoods=0  nbFoundSolutions=1
        upperBound=9223372036854775807
          =>  wckTime=581.708  cpuTime=576.7  mem=268M20

   
   global
        nbConstraintChecks=318  nbEffectivePropagations=1285601  nbRevisions=5097897  nbUselessRevisions=4648118  nbRestartNogoods=0
        solvingWckTime=581.709  expiredTime=no  totalExploration=no  nbFoundSolutions=1  firstSolutionCpuTime=576.697  Stop=REACHED_GOAL
          =>  wckTime=582.202  cpuTime=576.701  mem=268M20

s SATISFIABLE
v X0=0 X1=10 X2=2 X3=3 X4=4 X5=1 X6=6 X7=7 X8=8 X9=9 X10=5 X11=42 X12=76 X13=23 X14=14 X15=15 X16=16 X17=17 X18=18 X19=19 X20=74 X21=21 X22=22 X23=86 X24=82 X25=25 X26=26 X27=27 X28=28 X29=54 X30=30 X31=31 X32=32 X33=33 X34=34 X35=35 X36=36 X37=37 X38=38 X39=73 X40=91 X41=104 X42=101 X43=66 X44=44 X45=45 X46=46 X47=47 X48=48 X49=49 X50=50 X51=51 X52=52 X53=12 X54=59 X55=55 X56=56 X57=57 X58=58 X59=13 X60=60 X61=61 X62=62 X63=63 X64=64 X65=65 X66=43 X67=67 X68=68 X69=69 X70=70 X71=71 X72=72 X73=39 X74=117 X75=75 X76=29 X77=77 X78=78 X79=79 X80=80 X81=81 X82=119 X83=83 X84=84 X85=85 X86=53 X87=87 X88=88 X89=89 X90=102 X91=40 X92=92 X93=93 X94=107 X95=95 X96=96 X97=97 X98=98 X99=99 X100=100 X101=116 X102=41 X103=103 X104=90 X105=105 X106=106 X107=94 X108=108 X109=109 X110=110 X111=111 X112=112 X113=113 X114=114 X115=115 X116=11 X117=20 X118=118 X119=24 
d NODES 18662

   totalWckTime=582.073  totalCpuTime=576.701
