
   AbsCon 1.41 (January, 2014) - defaultConfiguration

   
   instance
        framework=CSP  name=Isomorphism-/cluster/gpg/ciaran/sip-benchmarks/benchmarks/LV/g35-/cluster/gpg/ciaran/sip-benchmarks/benchmarks/LV/g42
        parameters=/cluster/gpg/ciaran/sip-benchmarks/benchmarks/LV/g35,/cluster/gpg/ciaran/sip-benchmarks/benchmarks/LV/g42
      

   loading variables...
        nbVariables=120  nbDomainTypes=1  nbTotalValues=15360  domainSizes=(128:120)
          =>  wckTime=0.179  cpuTime=0.298  mem=10M121

   loading objectives...

   loading constraints...
        nbConstraints=318  nbSpecificConstraints=1  nbExtensionStructures=(1,shared:316)  nbConflictsStructures=(1,shared:316,unbuilt:1)
        degrees=(4:6)(5:17)(6:55)(7:22)(8:19)(9:1)  arities=(2:317)(120:1)  types=(AllDifferent:1)(ConstraintHardExtensionV-Bits:317)
          =>  wckTime=0.264  cpuTime=0.38  mem=11M301

   INFO : <!-- Start saving the XML representation -->

   INFO : <!-- Stop saving the XML representation of g42.xml -->

   Solver SolverBacktrack being built... 
          =>  wckTime=0.444  cpuTime=0.532  mem=15M69

   
   search
        run=0  nbConstraintChecks=0  depth=(min:0,max:0,avg:1)  nbEffectivePropagations=561  nbRevisions=4221  nbUselessRevisions=3661
        nbAssignments=124  nbFailedAssignments=124  nbBacktracks=1  nbVisitedNodes=249  nbRestartNogoods=0
          =>  wckTime=1.075  cpuTime=1.574  mem=44M157

   
   global
        nbConstraintChecks=0  nbEffectivePropagations=561  nbRevisions=4221  nbUselessRevisions=3661  nbRestartNogoods=0  solvingWckTime=1.076
        expiredTime=no  totalExploration=yes  nbFoundSolutions=0  Stop=FULL_EXPLORATION
          =>  wckTime=1.52  cpuTime=1.575  mem=44M157

s UNSATISFIABLE
d NODES 124

   totalWckTime=1.423  totalCpuTime=1.575
