
   AbsCon 1.41 (January, 2014) - defaultConfiguration

   
   instance
        framework=CSP  name=Isomorphism-/cluster/gpg/ciaran/sip-benchmarks/benchmarks/LV/g35-/cluster/gpg/ciaran/sip-benchmarks/benchmarks/LV/g49
        parameters=/cluster/gpg/ciaran/sip-benchmarks/benchmarks/LV/g35,/cluster/gpg/ciaran/sip-benchmarks/benchmarks/LV/g49
      

   loading variables...
        nbVariables=120  nbDomainTypes=1  nbTotalValues=15360  domainSizes=(128:120)
          =>  wckTime=0.234  cpuTime=0.341  mem=10M26

   loading objectives...

   loading constraints...
        nbConstraints=318  nbSpecificConstraints=1  nbExtensionStructures=(1,shared:316)  nbConflictsStructures=(1,shared:316,unbuilt:1)
        degrees=(4:6)(5:17)(6:55)(7:22)(8:19)(9:1)  arities=(2:317)(120:1)  types=(AllDifferent:1)(ConstraintHardExtensionV-Bits:317)
          =>  wckTime=0.358  cpuTime=0.451  mem=4M911

   INFO : <!-- Start saving the XML representation -->

   INFO : <!-- Stop saving the XML representation of g49.xml -->

   Solver SolverBacktrack being built... 
          =>  wckTime=0.572  cpuTime=0.638  mem=19M962

   
   search
        run=0  nbConstraintChecks=0  depth=(min:0,max:22,avg:12)  nbEffectivePropagations=304276007  nbRevisions=899767254  nbUselessRevisions=838082073
        nbAssignments=4338970  nbFailedAssignments=3373061  nbBacktracks=965900  nbVisitedNodes=8389455  nbRestartNogoods=0
          =>  wckTime=99999.464  cpuTime=99239.118  mem=27M46

   
   global
        nbConstraintChecks=0  nbEffectivePropagations=304276007  nbRevisions=899767254  nbUselessRevisions=838082073  nbRestartNogoods=0
        solvingWckTime=99999.465  expiredTime=yes  totalExploration=no  nbFoundSolutions=0  Stop=EXCEEDED_TIME
          =>  wckTime=100000.037  cpuTime=99239.119  mem=27M46

s UNKNOWN
d NODES 4338970

   totalWckTime=99999.886  totalCpuTime=99239.119
