
   AbsCon 1.41 (January, 2014) - defaultConfiguration

   
   instance
        framework=CSP  name=Isomorphism-/cluster/gpg/ciaran/sip-benchmarks/benchmarks/LV/g36-/cluster/gpg/ciaran/sip-benchmarks/benchmarks/LV/g42
        parameters=/cluster/gpg/ciaran/sip-benchmarks/benchmarks/LV/g36,/cluster/gpg/ciaran/sip-benchmarks/benchmarks/LV/g42
      

   loading variables...
        nbVariables=120  nbDomainTypes=1  nbTotalValues=15360  domainSizes=(128:120)
          =>  wckTime=0.18  cpuTime=0.291  mem=10M77

   loading objectives...

   loading constraints...
        nbConstraints=322  nbSpecificConstraints=1  nbExtensionStructures=(1,shared:320)  nbConflictsStructures=(1,shared:320,unbuilt:1)
        degrees=(5:19)(6:49)(7:43)(8:9)  arities=(2:321)(120:1)  types=(AllDifferent:1)(ConstraintHardExtensionV-Bits:321)
          =>  wckTime=0.27  cpuTime=0.373  mem=10M676

   INFO : <!-- Start saving the XML representation -->

   INFO : <!-- Stop saving the XML representation of g42.xml -->

   Solver SolverBacktrack being built... 
          =>  wckTime=0.453  cpuTime=0.526  mem=14M487

   
   search
        run=0  nbConstraintChecks=0  depth=(min:0,max:0,avg:1)  nbEffectivePropagations=669  nbRevisions=4605  nbUselessRevisions=3937
        nbAssignments=124  nbFailedAssignments=124  nbBacktracks=1  nbVisitedNodes=249  nbRestartNogoods=0
          =>  wckTime=1.06  cpuTime=1.556  mem=24M886

   
   global
        nbConstraintChecks=0  nbEffectivePropagations=669  nbRevisions=4605  nbUselessRevisions=3937  nbRestartNogoods=0  solvingWckTime=1.061
        expiredTime=no  totalExploration=yes  nbFoundSolutions=0  Stop=FULL_EXPLORATION
          =>  wckTime=1.515  cpuTime=1.556  mem=24M886

s UNSATISFIABLE
d NODES 124

   totalWckTime=1.415  totalCpuTime=1.557
