
   AbsCon 1.41 (January, 2014) - defaultConfiguration

   
   instance
        framework=CSP  name=Isomorphism-/cluster/gpg/ciaran/sip-benchmarks/benchmarks/LV/g37-/cluster/gpg/ciaran/sip-benchmarks/benchmarks/LV/g43
        parameters=/cluster/gpg/ciaran/sip-benchmarks/benchmarks/LV/g37,/cluster/gpg/ciaran/sip-benchmarks/benchmarks/LV/g43
      

   loading variables...
        nbVariables=120  nbDomainTypes=1  nbTotalValues=15360  domainSizes=(128:120)
          =>  wckTime=0.183  cpuTime=0.306  mem=10M115

   loading objectives...

   loading constraints...
        nbConstraints=639  nbSpecificConstraints=1  nbExtensionStructures=(1,shared:637)  nbConflictsStructures=(1,shared:637,unbuilt:1)
        degrees=(8:1)(9:5)(10:15)...(12:47)(13:21)(14:5)  arities=(2:638)(120:1)  types=(AllDifferent:1)(ConstraintHardExtensionV-Bits:638)
          =>  wckTime=0.335  cpuTime=0.442  mem=9M729

   INFO : <!-- Start saving the XML representation -->

   INFO : <!-- Stop saving the XML representation of g43.xml -->

   Solver SolverBacktrack being built... 
          =>  wckTime=0.55  cpuTime=0.621  mem=25M287

   
   search
        run=0  nbConstraintChecks=0  depth=(min:0,max:0,avg:1)  nbEffectivePropagations=1066  nbRevisions=15441  nbUselessRevisions=14376
        nbAssignments=123  nbFailedAssignments=123  nbBacktracks=1  nbVisitedNodes=247  nbRestartNogoods=0
          =>  wckTime=0.845  cpuTime=1.445  mem=16M352

   
   global
        nbConstraintChecks=0  nbEffectivePropagations=1066  nbRevisions=15441  nbUselessRevisions=14376  nbRestartNogoods=0  solvingWckTime=0.846
        expiredTime=no  totalExploration=yes  nbFoundSolutions=0  Stop=FULL_EXPLORATION
          =>  wckTime=1.396  cpuTime=1.446  mem=16M352

s UNSATISFIABLE
d NODES 123

   totalWckTime=1.296  totalCpuTime=1.446
