
   AbsCon 1.41 (January, 2014) - defaultConfiguration

   
   instance
        framework=CSP  name=Isomorphism-/cluster/gpg/ciaran/sip-benchmarks/benchmarks/LV/g37-/cluster/gpg/ciaran/sip-benchmarks/benchmarks/LV/g38
        parameters=/cluster/gpg/ciaran/sip-benchmarks/benchmarks/LV/g37,/cluster/gpg/ciaran/sip-benchmarks/benchmarks/LV/g38
      

   loading variables...
        nbVariables=120  nbDomainTypes=1  nbTotalValues=14520  domainSizes=(121:120)
          =>  wckTime=0.189  cpuTime=0.299  mem=10M84

   loading objectives...

   loading constraints...
        nbConstraints=639  nbSpecificConstraints=1  nbExtensionStructures=(1,shared:637)  nbConflictsStructures=(1,shared:637,unbuilt:1)
        degrees=(8:1)(9:5)(10:15)...(12:47)(13:21)(14:5)  arities=(2:638)(120:1)  types=(AllDifferent:1)(ConstraintHardExtensionV-Bits:638)
          =>  wckTime=0.295  cpuTime=0.402  mem=11M97

   INFO : <!-- Start saving the XML representation -->

   INFO : <!-- Stop saving the XML representation of g38.xml -->

   Solver SolverBacktrack being built... 
          =>  wckTime=0.503  cpuTime=0.58  mem=14M918

   
   search
        run=0  nbConstraintChecks=0  depth=(min:0,max:0,avg:1)  nbEffectivePropagations=59  nbRevisions=155  nbUselessRevisions=97
        nbAssignments=1  nbFailedAssignments=1  nbBacktracks=1  nbVisitedNodes=3  nbRestartNogoods=0
          =>  wckTime=0.048  cpuTime=0.628  mem=15M550

   
   global
        nbConstraintChecks=0  nbEffectivePropagations=59  nbRevisions=155  nbUselessRevisions=97  nbRestartNogoods=0  solvingWckTime=0.049
        expiredTime=no  totalExploration=yes  nbFoundSolutions=0  Stop=FULL_EXPLORATION
          =>  wckTime=0.552  cpuTime=0.629  mem=15M550

s UNSATISFIABLE
d NODES 1

   totalWckTime=0.446  totalCpuTime=0.63
