
   AbsCon 1.41 (January, 2014) - defaultConfiguration

   
   instance
        framework=CSP  name=Isomorphism-/cluster/gpg/ciaran/sip-benchmarks/benchmarks/LV/g37-/cluster/gpg/ciaran/sip-benchmarks/benchmarks/LV/g49
        parameters=/cluster/gpg/ciaran/sip-benchmarks/benchmarks/LV/g37,/cluster/gpg/ciaran/sip-benchmarks/benchmarks/LV/g49
      

   loading variables...
        nbVariables=120  nbDomainTypes=1  nbTotalValues=15360  domainSizes=(128:120)
          =>  wckTime=0.179  cpuTime=0.297  mem=10M151

   loading objectives...

   loading constraints...
        nbConstraints=639  nbSpecificConstraints=1  nbExtensionStructures=(1,shared:637)  nbConflictsStructures=(1,shared:637,unbuilt:1)
        degrees=(8:1)(9:5)(10:15)...(12:47)(13:21)(14:5)  arities=(2:638)(120:1)  types=(AllDifferent:1)(ConstraintHardExtensionV-Bits:638)
          =>  wckTime=0.341  cpuTime=0.447  mem=16M387

   INFO : <!-- Start saving the XML representation -->

   INFO : <!-- Stop saving the XML representation of g49.xml -->

   Solver SolverBacktrack being built... 
          =>  wckTime=0.546  cpuTime=0.62  mem=19M865

   
   search
        run=0  nbConstraintChecks=0  depth=(min:0,max:0,avg:1)  nbEffectivePropagations=550  nbRevisions=6413  nbUselessRevisions=5864
        nbAssignments=125  nbFailedAssignments=125  nbBacktracks=1  nbVisitedNodes=251  nbRestartNogoods=0
          =>  wckTime=1.339  cpuTime=1.922  mem=44M461

   
   global
        nbConstraintChecks=0  nbEffectivePropagations=550  nbRevisions=6413  nbUselessRevisions=5864  nbRestartNogoods=0  solvingWckTime=1.339
        expiredTime=no  totalExploration=yes  nbFoundSolutions=0  Stop=FULL_EXPLORATION
          =>  wckTime=1.885  cpuTime=1.923  mem=44M461

s UNSATISFIABLE
d NODES 125

   totalWckTime=1.79  totalCpuTime=1.923
