
   AbsCon 1.41 (January, 2014) - defaultConfiguration

   
   instance
        framework=CSP  name=Isomorphism-/cluster/gpg/ciaran/sip-benchmarks/benchmarks/LV/g37-/cluster/gpg/ciaran/sip-benchmarks/benchmarks/LV/g50
        parameters=/cluster/gpg/ciaran/sip-benchmarks/benchmarks/LV/g37,/cluster/gpg/ciaran/sip-benchmarks/benchmarks/LV/g50
      

   loading variables...
        nbVariables=120  nbDomainTypes=1  nbTotalValues=15360  domainSizes=(128:120)
          =>  wckTime=0.223  cpuTime=0.359  mem=10M187

   loading objectives...

   loading constraints...
        nbConstraints=639  nbSpecificConstraints=1  nbExtensionStructures=(1,shared:637)  nbConflictsStructures=(1,shared:637,unbuilt:1)
        degrees=(8:1)(9:5)(10:15)...(12:47)(13:21)(14:5)  arities=(2:638)(120:1)  types=(AllDifferent:1)(ConstraintHardExtensionV-Bits:638)
          =>  wckTime=0.488  cpuTime=0.599  mem=13M452

   INFO : <!-- Start saving the XML representation -->

   INFO : <!-- Stop saving the XML representation of g50.xml -->

   Solver SolverBacktrack being built... 
          =>  wckTime=0.701  cpuTime=0.786  mem=29M706

   
   search
        run=0  nbConstraintChecks=0  depth=(min:3,max:32,avg:23)  nbEffectivePropagations=148924540  nbRevisions=716393470  nbUselessRevisions=693773401
        nbAssignments=2876959  nbFailedAssignments=2300723  nbBacktracks=576206  nbVisitedNodes=5562628  nbRestartNogoods=0
          =>  wckTime=99999.322  cpuTime=99369.154  mem=26M703

   
   global
        nbConstraintChecks=0  nbEffectivePropagations=148924540  nbRevisions=716393470  nbUselessRevisions=693773401  nbRestartNogoods=0
        solvingWckTime=99999.322  expiredTime=yes  totalExploration=no  nbFoundSolutions=0  Stop=EXCEEDED_TIME
          =>  wckTime=100000.024  cpuTime=99369.155  mem=26M703

s UNKNOWN
d NODES 2876959

   totalWckTime=99999.91  totalCpuTime=99369.155
