
   AbsCon 1.41 (January, 2014) - defaultConfiguration

   
   instance
        framework=CSP  name=Isomorphism-/cluster/gpg/ciaran/sip-benchmarks/benchmarks/LV/g38-/cluster/gpg/ciaran/sip-benchmarks/benchmarks/LV/g43
        parameters=/cluster/gpg/ciaran/sip-benchmarks/benchmarks/LV/g38,/cluster/gpg/ciaran/sip-benchmarks/benchmarks/LV/g43
      

   loading variables...
        nbVariables=121  nbDomainTypes=1  nbTotalValues=15488  domainSizes=(128:121)
          =>  wckTime=0.194  cpuTime=0.34  mem=10M207

   loading objectives...

   loading constraints...
        nbConstraints=211  nbSpecificConstraints=1  nbExtensionStructures=(1,shared:209)  nbConflictsStructures=(1,shared:209,unbuilt:1)
        degrees=(1:65)(2:14)(4:12)...(16:6)(22:4)(29:2)  arities=(2:210)(121:1)  types=(AllDifferent:1)(ConstraintHardExtensionV-Bits:210)
          =>  wckTime=0.318  cpuTime=0.456  mem=10M453

   INFO : <!-- Start saving the XML representation -->

   INFO : <!-- Stop saving the XML representation of g43.xml -->

   Solver SolverBacktrack being built... 
          =>  wckTime=0.529  cpuTime=0.635  mem=14M158

   
   search
        run=0  nbConstraintChecks=0  depth=(min:0,max:0,avg:1)  nbEffectivePropagations=1233  nbRevisions=17099  nbUselessRevisions=15904
        nbAssignments=128  nbFailedAssignments=128  nbBacktracks=1  nbVisitedNodes=257  nbRestartNogoods=0
          =>  wckTime=1.255  cpuTime=1.847  mem=41M913

   
   global
        nbConstraintChecks=0  nbEffectivePropagations=1233  nbRevisions=17099  nbUselessRevisions=15904  nbRestartNogoods=0  solvingWckTime=1.256
        expiredTime=no  totalExploration=yes  nbFoundSolutions=0  Stop=FULL_EXPLORATION
          =>  wckTime=1.786  cpuTime=1.847  mem=41M913

s UNSATISFIABLE
d NODES 128

   totalWckTime=1.687  totalCpuTime=1.847
