
   AbsCon 1.41 (January, 2014) - defaultConfiguration

   
   instance
        framework=CSP  name=Isomorphism-/cluster/gpg/ciaran/sip-benchmarks/benchmarks/LV/g39-/cluster/gpg/ciaran/sip-benchmarks/benchmarks/LV/g42
        parameters=/cluster/gpg/ciaran/sip-benchmarks/benchmarks/LV/g39,/cluster/gpg/ciaran/sip-benchmarks/benchmarks/LV/g42
      

   loading variables...
        nbVariables=121  nbDomainTypes=1  nbTotalValues=15488  domainSizes=(128:121)
          =>  wckTime=0.192  cpuTime=0.302  mem=10M72

   loading objectives...

   loading constraints...
        nbConstraints=321  nbSpecificConstraints=1  nbExtensionStructures=(1,shared:319)  nbConflictsStructures=(1,shared:319,unbuilt:1)
        degrees=(3:2)(4:2)(5:36)(7:81)  arities=(2:320)(121:1)  types=(AllDifferent:1)(ConstraintHardExtensionV-Bits:320)
          =>  wckTime=0.277  cpuTime=0.384  mem=11M276

   INFO : <!-- Start saving the XML representation -->

   INFO : <!-- Stop saving the XML representation of g42.xml -->

   Solver SolverBacktrack being built... 
          =>  wckTime=0.47  cpuTime=0.541  mem=14M290

   
   search
        run=0  nbConstraintChecks=0  depth=(min:0,max:0,avg:1)  nbEffectivePropagations=705  nbRevisions=4298  nbUselessRevisions=3707
        nbAssignments=128  nbFailedAssignments=128  nbBacktracks=1  nbVisitedNodes=256  nbRestartNogoods=0
          =>  wckTime=1.513  cpuTime=2.013  mem=56M33

   
   global
        nbConstraintChecks=0  nbEffectivePropagations=705  nbRevisions=4298  nbUselessRevisions=3707  nbRestartNogoods=0  solvingWckTime=1.513
        expiredTime=no  totalExploration=yes  nbFoundSolutions=0  Stop=FULL_EXPLORATION
          =>  wckTime=1.984  cpuTime=2.013  mem=56M33

s UNSATISFIABLE
d NODES 128

   totalWckTime=1.871  totalCpuTime=2.014
