
   AbsCon 1.41 (January, 2014) - defaultConfiguration

   
   instance
        framework=CSP  name=Isomorphism-/cluster/gpg/ciaran/sip-benchmarks/benchmarks/LV/g39-/cluster/gpg/ciaran/sip-benchmarks/benchmarks/LV/g46
        parameters=/cluster/gpg/ciaran/sip-benchmarks/benchmarks/LV/g39,/cluster/gpg/ciaran/sip-benchmarks/benchmarks/LV/g46
      

   loading variables...
        nbVariables=121  nbDomainTypes=1  nbTotalValues=15488  domainSizes=(128:121)
          =>  wckTime=0.181  cpuTime=0.302  mem=5M552

   loading objectives...

   loading constraints...
        nbConstraints=321  nbSpecificConstraints=1  nbExtensionStructures=(1,shared:319)  nbConflictsStructures=(1,shared:319,unbuilt:1)
        degrees=(3:2)(4:2)(5:36)(7:81)  arities=(2:320)(121:1)  types=(AllDifferent:1)(ConstraintHardExtensionV-Bits:320)
          =>  wckTime=0.288  cpuTime=0.402  mem=8M625

   INFO : <!-- Start saving the XML representation -->

   INFO : <!-- Stop saving the XML representation of g46.xml -->

   Solver SolverBacktrack being built... 
          =>  wckTime=0.479  cpuTime=0.564  mem=14M268

   
   search
        run=0  nbConstraintChecks=0  depth=(min:0,max:0,avg:1)  nbEffectivePropagations=473  nbRevisions=2449  nbUselessRevisions=2260
        nbAssignments=296  nbFailedAssignments=296  nbBacktracks=1  nbVisitedNodes=592  nbRestartNogoods=0
          =>  wckTime=9.349  cpuTime=9.848  mem=51M613

   
   global
        nbConstraintChecks=0  nbEffectivePropagations=473  nbRevisions=2449  nbUselessRevisions=2260  nbRestartNogoods=0  solvingWckTime=9.35
        expiredTime=no  totalExploration=yes  nbFoundSolutions=0  Stop=FULL_EXPLORATION
          =>  wckTime=9.83  cpuTime=9.849  mem=51M613

s UNSATISFIABLE
d NODES 296

   totalWckTime=9.736  totalCpuTime=9.849
