
   AbsCon 1.41 (January, 2014) - defaultConfiguration

   
   instance
        framework=CSP  name=Isomorphism-/cluster/gpg/ciaran/sip-benchmarks/benchmarks/LV/g39-/cluster/gpg/ciaran/sip-benchmarks/benchmarks/LV/g44
        parameters=/cluster/gpg/ciaran/sip-benchmarks/benchmarks/LV/g39,/cluster/gpg/ciaran/sip-benchmarks/benchmarks/LV/g44
      

   loading variables...
        nbVariables=121  nbDomainTypes=1  nbTotalValues=15488  domainSizes=(128:121)
          =>  wckTime=0.18  cpuTime=0.301  mem=10M349

   loading objectives...

   loading constraints...
        nbConstraints=321  nbSpecificConstraints=1  nbExtensionStructures=(1,shared:319)  nbConflictsStructures=(1,shared:319,unbuilt:1)
        degrees=(3:2)(4:2)(5:36)(7:81)  arities=(2:320)(121:1)  types=(AllDifferent:1)(ConstraintHardExtensionV-Bits:320)
          =>  wckTime=0.31  cpuTime=0.429  mem=13M439

   INFO : <!-- Start saving the XML representation -->

   INFO : <!-- Stop saving the XML representation of g44.xml -->

   Solver SolverBacktrack being built... 
          =>  wckTime=0.502  cpuTime=0.592  mem=16M858

   
   search
        run=0  nbConstraintChecks=0  depth=(min:0,max:0,avg:1)  nbEffectivePropagations=550  nbRevisions=4806  nbUselessRevisions=4502
        nbAssignments=239  nbFailedAssignments=239  nbBacktracks=1  nbVisitedNodes=478  nbRestartNogoods=0
          =>  wckTime=3.789  cpuTime=4.335  mem=18M694

   
   global
        nbConstraintChecks=0  nbEffectivePropagations=550  nbRevisions=4806  nbUselessRevisions=4502  nbRestartNogoods=0  solvingWckTime=3.789
        expiredTime=no  totalExploration=yes  nbFoundSolutions=0  Stop=FULL_EXPLORATION
          =>  wckTime=4.292  cpuTime=4.336  mem=18M694

s UNSATISFIABLE
d NODES 239

   totalWckTime=4.203  totalCpuTime=4.336
