
   AbsCon 1.41 (January, 2014) - defaultConfiguration

   
   instance
        framework=CSP  name=Isomorphism-/cluster/gpg/ciaran/sip-benchmarks/benchmarks/LV/g39-/cluster/gpg/ciaran/sip-benchmarks/benchmarks/LV/g47
        parameters=/cluster/gpg/ciaran/sip-benchmarks/benchmarks/LV/g39,/cluster/gpg/ciaran/sip-benchmarks/benchmarks/LV/g47
      

   loading variables...
        nbVariables=121  nbDomainTypes=1  nbTotalValues=15488  domainSizes=(128:121)
          =>  wckTime=0.202  cpuTime=0.305  mem=9M982

   loading objectives...

   loading constraints...
        nbConstraints=321  nbSpecificConstraints=1  nbExtensionStructures=(1,shared:319)  nbConflictsStructures=(1,shared:319,unbuilt:1)
        degrees=(3:2)(4:2)(5:36)(7:81)  arities=(2:320)(121:1)  types=(AllDifferent:1)(ConstraintHardExtensionV-Bits:320)
          =>  wckTime=0.318  cpuTime=0.405  mem=4M480

   INFO : <!-- Start saving the XML representation -->

   INFO : <!-- Stop saving the XML representation of g47.xml -->

   Solver SolverBacktrack being built... 
          =>  wckTime=0.504  cpuTime=0.569  mem=19M664

   
   search
        run=0  nbConstraintChecks=0  depth=(min:0,max:0,avg:1)  nbEffectivePropagations=477  nbRevisions=2460  nbUselessRevisions=2265
        nbAssignments=296  nbFailedAssignments=296  nbBacktracks=1  nbVisitedNodes=592  nbRestartNogoods=0
          =>  wckTime=9.254  cpuTime=9.784  mem=99M449

   
   global
        nbConstraintChecks=0  nbEffectivePropagations=477  nbRevisions=2460  nbUselessRevisions=2265  nbRestartNogoods=0  solvingWckTime=9.255
        expiredTime=no  totalExploration=yes  nbFoundSolutions=0  Stop=FULL_EXPLORATION
          =>  wckTime=9.76  cpuTime=9.784  mem=99M449

s UNSATISFIABLE
d NODES 296

   totalWckTime=9.647  totalCpuTime=9.785
