
   AbsCon 1.41 (January, 2014) - defaultConfiguration

   
   instance
        framework=CSP  name=Isomorphism-/cluster/gpg/ciaran/sip-benchmarks/benchmarks/LV/g4-/cluster/gpg/ciaran/sip-benchmarks/benchmarks/LV/g41
        parameters=/cluster/gpg/ciaran/sip-benchmarks/benchmarks/LV/g4,/cluster/gpg/ciaran/sip-benchmarks/benchmarks/LV/g41

   loading variables...
        nbVariables=10  nbDomainTypes=1  nbTotalValues=1280  domainSizes=(128:10)
          =>  wckTime=0.186  cpuTime=0.379  mem=9M126

   loading objectives...

   loading constraints...
        nbConstraints=46  nbSpecificConstraints=1  nbExtensionStructures=(1,shared:44)  nbConflictsStructures=(1,shared:44,unbuilt:1)
        degrees=(10:10)  arities=(2:45)(10:1)  types=(AllDifferent:1)(ConstraintHardExtensionV-Bits:45)
          =>  wckTime=0.227  cpuTime=0.417  mem=3M746

   INFO : <!-- Start saving the XML representation -->

   INFO : <!-- Stop saving the XML representation of g41.xml -->

   Solver SolverBacktrack being built... 
          =>  wckTime=0.392  cpuTime=0.561  mem=17M495

   
   search
        run=0  nbConstraintChecks=0  depth=(min:0,max:0,avg:1)  nbEffectivePropagations=450  nbRevisions=4601  nbUselessRevisions=4151
        nbAssignments=128  nbFailedAssignments=128  nbBacktracks=1  nbVisitedNodes=256  nbRestartNogoods=0
          =>  wckTime=0.104  cpuTime=0.66  mem=23M647

   
   global
        nbConstraintChecks=0  nbEffectivePropagations=450  nbRevisions=4601  nbUselessRevisions=4151  nbRestartNogoods=0  solvingWckTime=0.104
        expiredTime=no  totalExploration=yes  nbFoundSolutions=0  Stop=FULL_EXPLORATION
          =>  wckTime=0.496  cpuTime=0.66  mem=23M647

s UNSATISFIABLE
d NODES 128

   totalWckTime=0.387  totalCpuTime=0.661
