
   AbsCon 1.41 (January, 2014) - defaultConfiguration

   
   instance
        framework=CSP  name=Isomorphism-/cluster/gpg/ciaran/sip-benchmarks/benchmarks/LV/g4-/cluster/gpg/ciaran/sip-benchmarks/benchmarks/LV/g49
        parameters=/cluster/gpg/ciaran/sip-benchmarks/benchmarks/LV/g4,/cluster/gpg/ciaran/sip-benchmarks/benchmarks/LV/g49

   loading variables...
        nbVariables=10  nbDomainTypes=1  nbTotalValues=1280  domainSizes=(128:10)
          =>  wckTime=0.172  cpuTime=0.288  mem=9M379

   loading objectives...

   loading constraints...
        nbConstraints=46  nbSpecificConstraints=1  nbExtensionStructures=(1,shared:44)  nbConflictsStructures=(1,shared:44,unbuilt:1)
        degrees=(10:10)  arities=(2:45)(10:1)  types=(AllDifferent:1)(ConstraintHardExtensionV-Bits:45)
          =>  wckTime=0.218  cpuTime=0.33  mem=5M168

   INFO : <!-- Start saving the XML representation -->

   INFO : <!-- Stop saving the XML representation of g49.xml -->

   Solver SolverBacktrack being built... 
          =>  wckTime=0.368  cpuTime=0.458  mem=18M930

    instantiation X0=0 X1=30 X2=43 X3=54 X4=56 X5=66 X6=71 X7=97 X8=102 X9=108 

    solution X0=0 X1=30 X2=43 X3=54 X4=56 X5=66 X6=71 X7=97 X8=102 X9=108 

   
   search
        run=0  nbConstraintChecks=46  depth=(min:11,max:9,avg:0)  nbEffectivePropagations=0  nbRevisions=285  nbUselessRevisions=285
        nbAssignments=10  nbFailedAssignments=0  nbBacktracks=0  nbVisitedNodes=11  nbRestartNogoods=0  nbFoundSolutions=1  upperBound=9223372036854775807
          =>  wckTime=0.095  cpuTime=0.55  mem=12M982

   
   global
        nbConstraintChecks=46  nbRevisions=285  nbUselessRevisions=285  nbRestartNogoods=0  solvingWckTime=0.096  expiredTime=no
        totalExploration=no  nbFoundSolutions=1  firstSolutionCpuTime=0.547  Stop=REACHED_GOAL
          =>  wckTime=0.464  cpuTime=0.55  mem=12M982

s SATISFIABLE
v X0=0 X1=30 X2=43 X3=54 X4=56 X5=66 X6=71 X7=97 X8=102 X9=108 
d NODES 10

   totalWckTime=0.361  totalCpuTime=0.55
