
   AbsCon 1.41 (January, 2014) - defaultConfiguration

   
   instance
        framework=CSP  name=Isomorphism-/cluster/gpg/ciaran/sip-benchmarks/benchmarks/LV/g4-/cluster/gpg/ciaran/sip-benchmarks/benchmarks/LV/g10
        parameters=/cluster/gpg/ciaran/sip-benchmarks/benchmarks/LV/g4,/cluster/gpg/ciaran/sip-benchmarks/benchmarks/LV/g10

   loading variables...
        nbVariables=10  nbDomainTypes=1  nbTotalValues=410  domainSizes=(41:10)
          =>  wckTime=0.236  cpuTime=0.34  mem=8M776

   loading objectives...

   loading constraints...
        nbConstraints=46  nbSpecificConstraints=1  nbExtensionStructures=(1,shared:44)  nbConflictsStructures=(1,shared:44,unbuilt:1)
        degrees=(10:10)  arities=(2:45)(10:1)  types=(AllDifferent:1)(ConstraintHardExtensionV-Bits:45)
          =>  wckTime=0.263  cpuTime=0.367  mem=9M809

   INFO : <!-- Start saving the XML representation -->

   INFO : <!-- Stop saving the XML representation of g10.xml -->

   Solver SolverBacktrack being built... 
          =>  wckTime=0.419  cpuTime=0.489  mem=15M532

   
   search
        run=0  nbConstraintChecks=0  depth=(min:0,max:0,avg:1)  nbEffectivePropagations=200  nbRevisions=1653  nbUselessRevisions=1455
        nbAssignments=35  nbFailedAssignments=35  nbBacktracks=1  nbVisitedNodes=71  nbRestartNogoods=0
          =>  wckTime=0.056  cpuTime=0.52  mem=11M495

   
   global
        nbConstraintChecks=0  nbEffectivePropagations=200  nbRevisions=1653  nbUselessRevisions=1455  nbRestartNogoods=0  solvingWckTime=0.057
        expiredTime=no  totalExploration=yes  nbFoundSolutions=0  Stop=FULL_EXPLORATION
          =>  wckTime=0.477  cpuTime=0.521  mem=11M495

s UNSATISFIABLE
d NODES 35

   totalWckTime=0.316  totalCpuTime=0.522
