
   AbsCon 1.41 (January, 2014) - defaultConfiguration

   
   instance
        framework=CSP  name=Isomorphism-/cluster/gpg/ciaran/sip-benchmarks/benchmarks/LV/g4-/cluster/gpg/ciaran/sip-benchmarks/benchmarks/LV/g31
        parameters=/cluster/gpg/ciaran/sip-benchmarks/benchmarks/LV/g4,/cluster/gpg/ciaran/sip-benchmarks/benchmarks/LV/g31

   loading variables...
        nbVariables=10  nbDomainTypes=1  nbTotalValues=1000  domainSizes=(100:10)
          =>  wckTime=0.171  cpuTime=0.288  mem=8M862

   loading objectives...

   loading constraints...
        nbConstraints=46  nbSpecificConstraints=1  nbExtensionStructures=(1,shared:44)  nbConflictsStructures=(1,shared:44,unbuilt:1)
        degrees=(10:10)  arities=(2:45)(10:1)  types=(AllDifferent:1)(ConstraintHardExtensionV-Bits:45)
          =>  wckTime=0.236  cpuTime=0.333  mem=4M369

   INFO : <!-- Start saving the XML representation -->

   INFO : <!-- Stop saving the XML representation of g31.xml -->

   Solver SolverBacktrack being built... 
          =>  wckTime=0.392  cpuTime=0.465  mem=18M6

   
   search
        run=0  nbConstraintChecks=0  depth=(min:0,max:0,avg:1)  nbEffectivePropagations=144  nbRevisions=1521  nbUselessRevisions=1377
        nbAssignments=100  nbFailedAssignments=100  nbBacktracks=1  nbVisitedNodes=200  nbRestartNogoods=0
          =>  wckTime=0.307  cpuTime=0.76  mem=25M220

   
   global
        nbConstraintChecks=0  nbEffectivePropagations=144  nbRevisions=1521  nbUselessRevisions=1377  nbRestartNogoods=0  solvingWckTime=0.307
        expiredTime=no  totalExploration=yes  nbFoundSolutions=0  Stop=FULL_EXPLORATION
          =>  wckTime=0.701  cpuTime=0.761  mem=25M220

s UNSATISFIABLE
d NODES 100

   totalWckTime=0.601  totalCpuTime=0.761
