
   AbsCon 1.41 (January, 2014) - defaultConfiguration

   
   instance
        framework=CSP  name=Isomorphism-/cluster/gpg/ciaran/sip-benchmarks/benchmarks/LV/g4-/cluster/gpg/ciaran/sip-benchmarks/benchmarks/LV/g16
        parameters=/cluster/gpg/ciaran/sip-benchmarks/benchmarks/LV/g4,/cluster/gpg/ciaran/sip-benchmarks/benchmarks/LV/g16

   loading variables...
        nbVariables=10  nbDomainTypes=1  nbTotalValues=530  domainSizes=(53:10)
          =>  wckTime=0.173  cpuTime=0.272  mem=8M819

   loading objectives...

   loading constraints...
        nbConstraints=46  nbSpecificConstraints=1  nbExtensionStructures=(1,shared:44)  nbConflictsStructures=(1,shared:44,unbuilt:1)
        degrees=(10:10)  arities=(2:45)(10:1)  types=(AllDifferent:1)(ConstraintHardExtensionV-Bits:45)
          =>  wckTime=0.201  cpuTime=0.299  mem=9M994

   INFO : <!-- Start saving the XML representation -->

   INFO : <!-- Stop saving the XML representation of g16.xml -->

   Solver SolverBacktrack being built... 
          =>  wckTime=0.356  cpuTime=0.424  mem=15M798

   
   search
        run=0  nbConstraintChecks=0  depth=(min:0,max:0,avg:1)  nbEffectivePropagations=172  nbRevisions=1845  nbUselessRevisions=1674
        nbAssignments=52  nbFailedAssignments=52  nbBacktracks=1  nbVisitedNodes=105  nbRestartNogoods=0
          =>  wckTime=0.093  cpuTime=0.473  mem=13M330

   
   global
        nbConstraintChecks=0  nbEffectivePropagations=172  nbRevisions=1845  nbUselessRevisions=1674  nbRestartNogoods=0  solvingWckTime=0.093
        expiredTime=no  totalExploration=yes  nbFoundSolutions=0  Stop=FULL_EXPLORATION
          =>  wckTime=0.449  cpuTime=0.473  mem=13M330

s UNSATISFIABLE
d NODES 52

   totalWckTime=0.343  totalCpuTime=0.474
