
   AbsCon 1.41 (January, 2014) - defaultConfiguration

   
   instance
        framework=CSP  name=Isomorphism-/cluster/gpg/ciaran/sip-benchmarks/benchmarks/LV/g4-/cluster/gpg/ciaran/sip-benchmarks/benchmarks/LV/g9
        parameters=/cluster/gpg/ciaran/sip-benchmarks/benchmarks/LV/g4,/cluster/gpg/ciaran/sip-benchmarks/benchmarks/LV/g9

   loading variables...
        nbVariables=10  nbDomainTypes=1  nbTotalValues=370  domainSizes=(37:10)
          =>  wckTime=0.17  cpuTime=0.275  mem=8M871

   loading objectives...

   loading constraints...
        nbConstraints=46  nbSpecificConstraints=1  nbExtensionStructures=(1,shared:44)  nbConflictsStructures=(1,shared:44,unbuilt:1)
        degrees=(10:10)  arities=(2:45)(10:1)  types=(AllDifferent:1)(ConstraintHardExtensionV-Bits:45)
          =>  wckTime=0.196  cpuTime=0.301  mem=9M883

   INFO : <!-- Start saving the XML representation -->

   INFO : <!-- Stop saving the XML representation of g9.xml -->

   Solver SolverBacktrack being built... 
          =>  wckTime=0.337  cpuTime=0.416  mem=15M458

   
   search
        run=0  nbConstraintChecks=0  depth=(min:0,max:0,avg:1)  nbEffectivePropagations=119  nbRevisions=1142  nbUselessRevisions=1024
        nbAssignments=29  nbFailedAssignments=29  nbBacktracks=1  nbVisitedNodes=59  nbRestartNogoods=0
          =>  wckTime=0.024  cpuTime=0.438  mem=15M888

   
   global
        nbConstraintChecks=0  nbEffectivePropagations=119  nbRevisions=1142  nbUselessRevisions=1024  nbRestartNogoods=0  solvingWckTime=0.024
        expiredTime=no  totalExploration=yes  nbFoundSolutions=0  Stop=FULL_EXPLORATION
          =>  wckTime=0.361  cpuTime=0.439  mem=15M888

s UNSATISFIABLE
d NODES 29

   totalWckTime=0.26  totalCpuTime=0.439
