
   AbsCon 1.41 (January, 2014) - defaultConfiguration

   
   instance
        framework=CSP  name=Isomorphism-/cluster/gpg/ciaran/sip-benchmarks/benchmarks/LV/g41-/cluster/gpg/ciaran/sip-benchmarks/benchmarks/LV/g45
        parameters=/cluster/gpg/ciaran/sip-benchmarks/benchmarks/LV/g41,/cluster/gpg/ciaran/sip-benchmarks/benchmarks/LV/g45
      

   loading variables...
        nbVariables=128  nbDomainTypes=1  nbTotalValues=16384  domainSizes=(128:128)
          =>  wckTime=0.202  cpuTime=0.317  mem=10M288

   loading objectives...

   loading constraints...
        nbConstraints=369  nbSpecificConstraints=1  nbExtensionStructures=(1,shared:367)  nbConflictsStructures=(1,shared:367,unbuilt:1)
        degrees=(4:3)(5:19)(6:39)...(9:8)(10:1)(11:2)  arities=(2:368)(128:1)  types=(AllDifferent:1)(ConstraintHardExtensionV-Bits:368)
          =>  wckTime=0.332  cpuTime=0.443  mem=14M837

   INFO : <!-- Start saving the XML representation -->

   INFO : <!-- Stop saving the XML representation of g45.xml -->

   Solver SolverBacktrack being built... 
          =>  wckTime=0.565  cpuTime=0.618  mem=18M419

   
   search
        run=0  nbConstraintChecks=0  depth=(min:0,max:0,avg:1)  nbEffectivePropagations=129  nbRevisions=533  nbUselessRevisions=407
        nbAssignments=1  nbFailedAssignments=1  nbBacktracks=1  nbVisitedNodes=3  nbRestartNogoods=0
          =>  wckTime=0.09  cpuTime=0.709  mem=18M847

   
   global
        nbConstraintChecks=0  nbEffectivePropagations=129  nbRevisions=533  nbUselessRevisions=407  nbRestartNogoods=0  solvingWckTime=0.091
        expiredTime=no  totalExploration=yes  nbFoundSolutions=0  Stop=FULL_EXPLORATION
          =>  wckTime=0.657  cpuTime=0.709  mem=18M847

s UNSATISFIABLE
d NODES 1

   totalWckTime=0.555  totalCpuTime=0.71
