
   AbsCon 1.41 (January, 2014) - defaultConfiguration

   
   instance
        framework=CSP  name=Isomorphism-/cluster/gpg/ciaran/sip-benchmarks/benchmarks/LV/g41-/cluster/gpg/ciaran/sip-benchmarks/benchmarks/LV/g44
        parameters=/cluster/gpg/ciaran/sip-benchmarks/benchmarks/LV/g41,/cluster/gpg/ciaran/sip-benchmarks/benchmarks/LV/g44
      

   loading variables...
        nbVariables=128  nbDomainTypes=1  nbTotalValues=16384  domainSizes=(128:128)
          =>  wckTime=0.19  cpuTime=0.311  mem=9M897

   loading objectives...

   loading constraints...
        nbConstraints=369  nbSpecificConstraints=1  nbExtensionStructures=(1,shared:367)  nbConflictsStructures=(1,shared:367,unbuilt:1)
        degrees=(4:3)(5:19)(6:39)...(9:8)(10:1)(11:2)  arities=(2:368)(128:1)  types=(AllDifferent:1)(ConstraintHardExtensionV-Bits:368)
          =>  wckTime=0.3  cpuTime=0.418  mem=14M432

   INFO : <!-- Start saving the XML representation -->

   INFO : <!-- Stop saving the XML representation of g44.xml -->

   Solver SolverBacktrack being built... 
          =>  wckTime=0.537  cpuTime=0.626  mem=17M618

   
   search
        run=0  nbConstraintChecks=0  depth=(min:0,max:0,avg:1)  nbEffectivePropagations=129  nbRevisions=533  nbUselessRevisions=407
        nbAssignments=1  nbFailedAssignments=1  nbBacktracks=1  nbVisitedNodes=3  nbRestartNogoods=0
          =>  wckTime=0.092  cpuTime=0.718  mem=18M59

   
   global
        nbConstraintChecks=0  nbEffectivePropagations=129  nbRevisions=533  nbUselessRevisions=407  nbRestartNogoods=0  solvingWckTime=0.092
        expiredTime=no  totalExploration=yes  nbFoundSolutions=0  Stop=FULL_EXPLORATION
          =>  wckTime=0.63  cpuTime=0.718  mem=18M59

s UNSATISFIABLE
d NODES 1

   totalWckTime=0.529  totalCpuTime=0.719
