
   AbsCon 1.41 (January, 2014) - defaultConfiguration

   
   instance
        framework=CSP  name=Isomorphism-/cluster/gpg/ciaran/sip-benchmarks/benchmarks/LV/g41-/cluster/gpg/ciaran/sip-benchmarks/benchmarks/LV/g46
        parameters=/cluster/gpg/ciaran/sip-benchmarks/benchmarks/LV/g41,/cluster/gpg/ciaran/sip-benchmarks/benchmarks/LV/g46
      

   loading variables...
        nbVariables=128  nbDomainTypes=1  nbTotalValues=16384  domainSizes=(128:128)
          =>  wckTime=0.178  cpuTime=0.298  mem=9M992

   loading objectives...

   loading constraints...
        nbConstraints=369  nbSpecificConstraints=1  nbExtensionStructures=(1,shared:367)  nbConflictsStructures=(1,shared:367,unbuilt:1)
        degrees=(4:3)(5:19)(6:39)...(9:8)(10:1)(11:2)  arities=(2:368)(128:1)  types=(AllDifferent:1)(ConstraintHardExtensionV-Bits:368)
          =>  wckTime=0.308  cpuTime=0.418  mem=6M644

   INFO : <!-- Start saving the XML representation -->

   INFO : <!-- Stop saving the XML representation of g46.xml -->

   Solver SolverBacktrack being built... 
          =>  wckTime=0.499  cpuTime=0.586  mem=21M799

   
   search
        run=0  nbConstraintChecks=0  depth=(min:0,max:0,avg:1)  nbEffectivePropagations=521  nbRevisions=3566  nbUselessRevisions=3220
        nbAssignments=172  nbFailedAssignments=172  nbBacktracks=1  nbVisitedNodes=344  nbRestartNogoods=0
          =>  wckTime=5.28  cpuTime=5.843  mem=54M385

   
   global
        nbConstraintChecks=0  nbEffectivePropagations=521  nbRevisions=3566  nbUselessRevisions=3220  nbRestartNogoods=0  solvingWckTime=5.28
        expiredTime=no  totalExploration=yes  nbFoundSolutions=0  Stop=FULL_EXPLORATION
          =>  wckTime=5.78  cpuTime=5.843  mem=54M385

s UNSATISFIABLE
d NODES 172

   totalWckTime=5.685  totalCpuTime=5.844
