
   AbsCon 1.41 (January, 2014) - defaultConfiguration

   
   instance
        framework=CSP  name=Isomorphism-/cluster/gpg/ciaran/sip-benchmarks/benchmarks/LV/g42-/cluster/gpg/ciaran/sip-benchmarks/benchmarks/LV/g46
        parameters=/cluster/gpg/ciaran/sip-benchmarks/benchmarks/LV/g42,/cluster/gpg/ciaran/sip-benchmarks/benchmarks/LV/g46
      

   loading variables...
        nbVariables=128  nbDomainTypes=1  nbTotalValues=16384  domainSizes=(128:128)
          =>  wckTime=0.183  cpuTime=0.293  mem=9M927

   loading objectives...

   loading constraints...
        nbConstraints=509  nbSpecificConstraints=1  nbExtensionStructures=(1,shared:507)  nbConflictsStructures=(1,shared:507,unbuilt:1)
        degrees=(3:1)(4:1)(5:8)...(9:16)(10:24)(11:40)  arities=(2:508)(128:1)  types=(AllDifferent:1)(ConstraintHardExtensionV-Bits:508)
          =>  wckTime=0.32  cpuTime=0.419  mem=11M757

   INFO : <!-- Start saving the XML representation -->

   INFO : <!-- Stop saving the XML representation of g46.xml -->

   Solver SolverBacktrack being built... 
          =>  wckTime=0.507  cpuTime=0.574  mem=15M421

   
   search
        run=0  nbConstraintChecks=0  depth=(min:0,max:0,avg:1)  nbEffectivePropagations=440  nbRevisions=3447  nbUselessRevisions=3124
        nbAssignments=128  nbFailedAssignments=128  nbBacktracks=1  nbVisitedNodes=256  nbRestartNogoods=0
          =>  wckTime=1.273  cpuTime=1.789  mem=18M343

   
   global
        nbConstraintChecks=0  nbEffectivePropagations=440  nbRevisions=3447  nbUselessRevisions=3124  nbRestartNogoods=0  solvingWckTime=1.274
        expiredTime=no  totalExploration=yes  nbFoundSolutions=0  Stop=FULL_EXPLORATION
          =>  wckTime=1.782  cpuTime=1.789  mem=18M343

s UNSATISFIABLE
d NODES 128

   totalWckTime=1.679  totalCpuTime=1.79
