
   AbsCon 1.41 (January, 2014) - defaultConfiguration

   
   instance
        framework=CSP  name=Isomorphism-/cluster/gpg/ciaran/sip-benchmarks/benchmarks/LV/g42-/cluster/gpg/ciaran/sip-benchmarks/benchmarks/LV/g48
        parameters=/cluster/gpg/ciaran/sip-benchmarks/benchmarks/LV/g42,/cluster/gpg/ciaran/sip-benchmarks/benchmarks/LV/g48
      

   loading variables...
        nbVariables=128  nbDomainTypes=1  nbTotalValues=16384  domainSizes=(128:128)
          =>  wckTime=0.223  cpuTime=0.311  mem=10M92

   loading objectives...

   loading constraints...
        nbConstraints=509  nbSpecificConstraints=1  nbExtensionStructures=(1,shared:507)  nbConflictsStructures=(1,shared:507,unbuilt:1)
        degrees=(3:1)(4:1)(5:8)...(9:16)(10:24)(11:40)  arities=(2:508)(128:1)  types=(AllDifferent:1)(ConstraintHardExtensionV-Bits:508)
          =>  wckTime=0.366  cpuTime=0.438  mem=11M956

   INFO : <!-- Start saving the XML representation -->

   INFO : <!-- Stop saving the XML representation of g48.xml -->

   Solver SolverBacktrack being built... 
          =>  wckTime=0.559  cpuTime=0.594  mem=15M990

   
   search
        run=0  nbConstraintChecks=0  depth=(min:0,max:0,avg:1)  nbEffectivePropagations=440  nbRevisions=3456  nbUselessRevisions=3133
        nbAssignments=128  nbFailedAssignments=128  nbBacktracks=1  nbVisitedNodes=256  nbRestartNogoods=0
          =>  wckTime=1.375  cpuTime=1.931  mem=20M325

   
   global
        nbConstraintChecks=0  nbEffectivePropagations=440  nbRevisions=3456  nbUselessRevisions=3133  nbRestartNogoods=0  solvingWckTime=1.375
        expiredTime=no  totalExploration=yes  nbFoundSolutions=0  Stop=FULL_EXPLORATION
          =>  wckTime=1.935  cpuTime=1.932  mem=20M325

s UNSATISFIABLE
d NODES 128

   totalWckTime=1.793  totalCpuTime=1.932
