
   AbsCon 1.41 (January, 2014) - defaultConfiguration

   
   instance
        framework=CSP  name=Isomorphism-/cluster/gpg/ciaran/sip-benchmarks/benchmarks/LV/g44-/cluster/gpg/ciaran/sip-benchmarks/benchmarks/LV/g50
        parameters=/cluster/gpg/ciaran/sip-benchmarks/benchmarks/LV/g44,/cluster/gpg/ciaran/sip-benchmarks/benchmarks/LV/g50
      

   loading variables...
        nbVariables=128  nbDomainTypes=1  nbTotalValues=16384  domainSizes=(128:128)
          =>  wckTime=0.19  cpuTime=0.325  mem=3M531

   loading objectives...

   loading constraints...
        nbConstraints=893  nbSpecificConstraints=1  nbExtensionStructures=(1,shared:891)  nbConflictsStructures=(1,shared:891,unbuilt:1)
        degrees=(1:3)(2:5)(3:3)...(30:3)(31:1)(32:2)  arities=(2:892)(128:1)  types=(AllDifferent:1)(ConstraintHardExtensionV-Bits:892)
          =>  wckTime=0.489  cpuTime=0.61  mem=10M83

   INFO : <!-- Start saving the XML representation -->

   INFO : <!-- Stop saving the XML representation of g50.xml -->

   Solver SolverBacktrack being built... 
          =>  wckTime=0.701  cpuTime=0.798  mem=27M656

   
   search
        run=0  nbConstraintChecks=0  depth=(min:0,max:0,avg:1)  nbEffectivePropagations=312  nbRevisions=6730  nbUselessRevisions=6492
        nbAssignments=138  nbFailedAssignments=138  nbBacktracks=1  nbVisitedNodes=277  nbRestartNogoods=0
          =>  wckTime=7.237  cpuTime=7.985  mem=79M24

   
   global
        nbConstraintChecks=0  nbEffectivePropagations=312  nbRevisions=6730  nbUselessRevisions=6492  nbRestartNogoods=0  solvingWckTime=7.238
        expiredTime=no  totalExploration=yes  nbFoundSolutions=0  Stop=FULL_EXPLORATION
          =>  wckTime=7.939  cpuTime=7.985  mem=79M24

s UNSATISFIABLE
d NODES 138

   totalWckTime=7.843  totalCpuTime=7.986
