
   AbsCon 1.41 (January, 2014) - defaultConfiguration

   
   instance
        framework=CSP  name=Isomorphism-/cluster/gpg/ciaran/sip-benchmarks/benchmarks/LV/g44-/cluster/gpg/ciaran/sip-benchmarks/benchmarks/LV/g45
        parameters=/cluster/gpg/ciaran/sip-benchmarks/benchmarks/LV/g44,/cluster/gpg/ciaran/sip-benchmarks/benchmarks/LV/g45
      

   loading variables...
        nbVariables=128  nbDomainTypes=1  nbTotalValues=16384  domainSizes=(128:128)
          =>  wckTime=0.179  cpuTime=0.303  mem=10M172

   loading objectives...

   loading constraints...
        nbConstraints=893  nbSpecificConstraints=1  nbExtensionStructures=(1,shared:891)  nbConflictsStructures=(1,shared:891,unbuilt:1)
        degrees=(1:3)(2:5)(3:3)...(30:3)(31:1)(32:2)  arities=(2:892)(128:1)  types=(AllDifferent:1)(ConstraintHardExtensionV-Bits:892)
          =>  wckTime=0.368  cpuTime=0.485  mem=15M962

   INFO : <!-- Start saving the XML representation -->

   INFO : <!-- Stop saving the XML representation of g45.xml -->

   Solver SolverBacktrack being built... 
          =>  wckTime=0.598  cpuTime=0.68  mem=20M631

   
   search
        run=0  nbConstraintChecks=0  depth=(min:0,max:0,avg:1)  nbEffectivePropagations=130  nbRevisions=1743  nbUselessRevisions=1618
        nbAssignments=5  nbFailedAssignments=5  nbBacktracks=1  nbVisitedNodes=10  nbRestartNogoods=0
          =>  wckTime=0.158  cpuTime=0.838  mem=22M769

   
   global
        nbConstraintChecks=0  nbEffectivePropagations=130  nbRevisions=1743  nbUselessRevisions=1618  nbRestartNogoods=0  solvingWckTime=0.159
        expiredTime=no  totalExploration=yes  nbFoundSolutions=0  Stop=FULL_EXPLORATION
          =>  wckTime=0.758  cpuTime=0.839  mem=22M769

s UNSATISFIABLE
d NODES 5

   totalWckTime=0.668  totalCpuTime=0.839
