
   AbsCon 1.41 (January, 2014) - defaultConfiguration

   
   instance
        framework=CSP  name=Isomorphism-/cluster/gpg/ciaran/sip-benchmarks/benchmarks/LV/g45-/cluster/gpg/ciaran/sip-benchmarks/benchmarks/LV/g50
        parameters=/cluster/gpg/ciaran/sip-benchmarks/benchmarks/LV/g45,/cluster/gpg/ciaran/sip-benchmarks/benchmarks/LV/g50
      

   loading variables...
        nbVariables=128  nbDomainTypes=1  nbTotalValues=16384  domainSizes=(128:128)
          =>  wckTime=0.198  cpuTime=0.312  mem=3M809

   loading objectives...

   loading constraints...
        nbConstraints=895  nbSpecificConstraints=1  nbExtensionStructures=(10,shared:884)  nbConflictsStructures=(1,shared:884,unbuilt:10)
        degrees=(1:3)(2:6)(3:2)...(30:3)(31:1)(32:2)  arities=(1:9)(2:885)(128:1)  types=(AllDifferent:1)(ConstraintHardExtensionV-Bits:885)(ConstraintHardExtensionV-Table:9)
        tables=(0:9)  nbTotalTuples=0
          =>  wckTime=0.506  cpuTime=0.6  mem=9M745

   INFO : <!-- Start saving the XML representation -->

   INFO : <!-- Stop saving the XML representation of g50.xml -->

   Solver SolverBacktrack being built... 
          =>  wckTime=0.728  cpuTime=0.792  mem=27M36

   
   search
        run=0  nbConstraintChecks=127  depth=(min:0,max:0,avg:1)  nbEffectivePropagations=92  nbRevisions=4714  nbUselessRevisions=4682
        nbAssignments=118  nbFailedAssignments=118  nbBacktracks=1  nbVisitedNodes=237  nbRestartNogoods=0
          =>  wckTime=5.704  cpuTime=6.449  mem=55M641

   
   global
        nbConstraintChecks=127  nbEffectivePropagations=92  nbRevisions=4714  nbUselessRevisions=4682  nbRestartNogoods=0  solvingWckTime=5.705
        expiredTime=no  totalExploration=yes  nbFoundSolutions=0  Stop=FULL_EXPLORATION
          =>  wckTime=6.433  cpuTime=6.449  mem=55M641

s UNSATISFIABLE
d NODES 118

   totalWckTime=6.326  totalCpuTime=6.45
