
   AbsCon 1.41 (January, 2014) - defaultConfiguration

   
   instance
        framework=CSP  name=Isomorphism-/cluster/gpg/ciaran/sip-benchmarks/benchmarks/LV/g48-/cluster/gpg/ciaran/sip-benchmarks/benchmarks/LV/g50
        parameters=/cluster/gpg/ciaran/sip-benchmarks/benchmarks/LV/g48,/cluster/gpg/ciaran/sip-benchmarks/benchmarks/LV/g50
      

   loading variables...
        nbVariables=128  nbDomainTypes=1  nbTotalValues=16384  domainSizes=(128:128)
          =>  wckTime=0.212  cpuTime=0.312  mem=3M733

   loading objectives...

   loading constraints...
        nbConstraints=1001  nbSpecificConstraints=1  nbExtensionStructures=(1,shared:999)  nbConflictsStructures=(1,shared:999,unbuilt:1)
        degrees=(8:1)(10:2)(11:8)...(23:3)(24:3)(28:1)  arities=(2:1000)(128:1)  types=(AllDifferent:1)(ConstraintHardExtensionV-Bits:1000)
          =>  wckTime=0.539  cpuTime=0.609  mem=22M868

   INFO : <!-- Start saving the XML representation -->

   INFO : <!-- Stop saving the XML representation of g50.xml -->

   Solver SolverBacktrack being built... 
          =>  wckTime=0.775  cpuTime=0.808  mem=16M632

   
   search
        run=0  nbConstraintChecks=0  depth=(min:0,max:0,avg:1)  nbEffectivePropagations=290  nbRevisions=5428  nbUselessRevisions=5200
        nbAssignments=126  nbFailedAssignments=126  nbBacktracks=1  nbVisitedNodes=253  nbRestartNogoods=0
          =>  wckTime=4.596  cpuTime=5.375  mem=71M547

   
   global
        nbConstraintChecks=0  nbEffectivePropagations=290  nbRevisions=5428  nbUselessRevisions=5200  nbRestartNogoods=0  solvingWckTime=4.597
        expiredTime=no  totalExploration=yes  nbFoundSolutions=0  Stop=FULL_EXPLORATION
          =>  wckTime=5.373  cpuTime=5.375  mem=71M547

s UNSATISFIABLE
d NODES 126

   totalWckTime=5.265  totalCpuTime=5.376
