
   AbsCon 1.41 (January, 2014) - defaultConfiguration

   
   instance
        framework=CSP  name=Isomorphism-/cluster/gpg/ciaran/sip-benchmarks/benchmarks/LV/g5-/cluster/gpg/ciaran/sip-benchmarks/benchmarks/LV/g37
        parameters=/cluster/gpg/ciaran/sip-benchmarks/benchmarks/LV/g5,/cluster/gpg/ciaran/sip-benchmarks/benchmarks/LV/g37

   loading variables...
        nbVariables=11  nbDomainTypes=1  nbTotalValues=1320  domainSizes=(120:11)
          =>  wckTime=0.164  cpuTime=0.279  mem=8M935

   loading objectives...

   loading constraints...
        nbConstraints=21  nbSpecificConstraints=1  nbExtensionStructures=(1,shared:19)  nbConflictsStructures=(1,shared:19,unbuilt:1)
        degrees=(4:10)(11:1)  arities=(2:20)(11:1)  types=(AllDifferent:1)(ConstraintHardExtensionV-Bits:20)
          =>  wckTime=0.2  cpuTime=0.314  mem=3M838

   INFO : <!-- Start saving the XML representation -->

   INFO : <!-- Stop saving the XML representation of g37.xml -->

   Solver SolverBacktrack being built... 
          =>  wckTime=0.35  cpuTime=0.436  mem=17M575

    instantiation X0=5 X1=1 X2=23 X3=13 X4=10 X5=12 X6=54 X7=59 X8=91 X9=86 X10=40 

    solution X0=5 X1=1 X2=23 X3=13 X4=10 X5=12 X6=54 X7=59 X8=91 X9=86 X10=40 

   
   search
        run=0  nbConstraintChecks=21  depth=(min:0,max:10,avg:1)  nbEffectivePropagations=40  nbRevisions=159  nbUselessRevisions=158
        nbAssignments=16  nbFailedAssignments=5  nbBacktracks=0  nbVisitedNodes=22  nbRestartNogoods=0  nbFoundSolutions=1  upperBound=9223372036854775807
          =>  wckTime=0.139  cpuTime=0.568  mem=13M777

   
   global
        nbConstraintChecks=21  nbEffectivePropagations=40  nbRevisions=159  nbUselessRevisions=158  nbRestartNogoods=0  solvingWckTime=0.14
        expiredTime=no  totalExploration=no  nbFoundSolutions=1  firstSolutionCpuTime=0.566  Stop=REACHED_GOAL
          =>  wckTime=0.49  cpuTime=0.569  mem=13M777

s SATISFIABLE
v X0=5 X1=1 X2=23 X3=13 X4=10 X5=12 X6=54 X7=59 X8=91 X9=86 X10=40 
d NODES 16

   totalWckTime=0.396  totalCpuTime=0.569
