
   AbsCon 1.41 (January, 2014) - defaultConfiguration

   
   instance
        framework=CSP  name=Isomorphism-/cluster/gpg/ciaran/sip-benchmarks/benchmarks/LV/g5-/cluster/gpg/ciaran/sip-benchmarks/benchmarks/LV/g29
        parameters=/cluster/gpg/ciaran/sip-benchmarks/benchmarks/LV/g5,/cluster/gpg/ciaran/sip-benchmarks/benchmarks/LV/g29

   loading variables...
        nbVariables=11  nbDomainTypes=1  nbTotalValues=1100  domainSizes=(100:11)
          =>  wckTime=0.176  cpuTime=0.289  mem=9M461

   loading objectives...

   loading constraints...
        nbConstraints=21  nbSpecificConstraints=1  nbExtensionStructures=(1,shared:19)  nbConflictsStructures=(1,shared:19,unbuilt:1)
        degrees=(4:10)(11:1)  arities=(2:20)(11:1)  types=(AllDifferent:1)(ConstraintHardExtensionV-Bits:20)
          =>  wckTime=0.214  cpuTime=0.325  mem=3M976

   INFO : <!-- Start saving the XML representation -->

   INFO : <!-- Stop saving the XML representation of g29.xml -->

   Solver SolverBacktrack being built... 
          =>  wckTime=0.357  cpuTime=0.442  mem=17M710

    instantiation X0=0 X1=2 X2=10 X3=30 X4=7 X5=64 X6=4 X7=22 X8=18 X9=61 X10=26 

    solution X0=0 X1=2 X2=10 X3=30 X4=7 X5=64 X6=4 X7=22 X8=18 X9=61 X10=26 

   
   search
        run=0  nbConstraintChecks=21  depth=(min:12,max:10,avg:0)  nbEffectivePropagations=26  nbRevisions=102  nbUselessRevisions=99
        nbAssignments=11  nbFailedAssignments=0  nbBacktracks=0  nbVisitedNodes=12  nbRestartNogoods=0  nbFoundSolutions=1  upperBound=9223372036854775807
          =>  wckTime=0.084  cpuTime=0.526  mem=21M553

   
   global
        nbConstraintChecks=21  nbEffectivePropagations=26  nbRevisions=102  nbUselessRevisions=99  nbRestartNogoods=0  solvingWckTime=0.085
        expiredTime=no  totalExploration=no  nbFoundSolutions=1  firstSolutionCpuTime=0.523  Stop=REACHED_GOAL
          =>  wckTime=0.442  cpuTime=0.526  mem=21M553

s SATISFIABLE
v X0=0 X1=2 X2=10 X3=30 X4=7 X5=64 X6=4 X7=22 X8=18 X9=61 X10=26 
d NODES 11

   totalWckTime=0.339  totalCpuTime=0.526
