
   AbsCon 1.41 (January, 2014) - defaultConfiguration

   
   instance
        framework=CSP  name=Isomorphism-/cluster/gpg/ciaran/sip-benchmarks/benchmarks/LV/g6-/cluster/gpg/ciaran/sip-benchmarks/benchmarks/LV/g50
        parameters=/cluster/gpg/ciaran/sip-benchmarks/benchmarks/LV/g6,/cluster/gpg/ciaran/sip-benchmarks/benchmarks/LV/g50

   loading variables...
        nbVariables=19  nbDomainTypes=1  nbTotalValues=2432  domainSizes=(128:19)
          =>  wckTime=0.171  cpuTime=0.298  mem=9M743

   loading objectives...

   loading constraints...
        nbConstraints=34  nbSpecificConstraints=1  nbExtensionStructures=(1,shared:32)  nbConflictsStructures=(1,shared:32,unbuilt:1)
        degrees=(2:3)(3:3)(4:6)...(6:2)(8:1)(11:1)  arities=(2:33)(19:1)  types=(AllDifferent:1)(ConstraintHardExtensionV-Bits:33)
          =>  wckTime=0.232  cpuTime=0.352  mem=8M377

   INFO : <!-- Start saving the XML representation -->

   INFO : <!-- Stop saving the XML representation of g50.xml -->

   Solver SolverBacktrack being built... 
          =>  wckTime=0.399  cpuTime=0.498  mem=22M547

    instantiation X0=12 X1=1 X2=18 X3=9 X4=6 X5=5 X6=7 X7=22 X8=0 X9=27 X10=38 X11=13 X12=15 X13=26 X14=32 X15=11 X16=31 X17=30 X18=36 

    solution X0=12 X1=1 X2=18 X3=9 X4=6 X5=5 X6=7 X7=22 X8=0 X9=27 X10=38 X11=13 X12=15 X13=26 X14=32 X15=11 X16=31 X17=30 X18=36 

   
   search
        run=0  nbConstraintChecks=34  depth=(min:20,max:18,avg:0)  nbEffectivePropagations=92  nbRevisions=206  nbUselessRevisions=206
        nbAssignments=19  nbFailedAssignments=0  nbBacktracks=0  nbVisitedNodes=20  nbRestartNogoods=0  nbFoundSolutions=1  upperBound=9223372036854775807
          =>  wckTime=0.429  cpuTime=0.918  mem=23M799

   
   global
        nbConstraintChecks=34  nbEffectivePropagations=92  nbRevisions=206  nbUselessRevisions=206  nbRestartNogoods=0  solvingWckTime=0.43
        expiredTime=no  totalExploration=no  nbFoundSolutions=1  firstSolutionCpuTime=0.916  Stop=REACHED_GOAL
          =>  wckTime=0.829  cpuTime=0.919  mem=23M799

s SATISFIABLE
v X0=12 X1=1 X2=18 X3=9 X4=6 X5=5 X6=7 X7=22 X8=0 X9=27 X10=38 X11=13 X12=15 X13=26 X14=32 X15=11 X16=31 X17=30 X18=36 
d NODES 19

   totalWckTime=0.737  totalCpuTime=0.919
