
   AbsCon 1.41 (January, 2014) - defaultConfiguration

   
   instance
        framework=CSP  name=Isomorphism-/cluster/gpg/ciaran/sip-benchmarks/benchmarks/LV/g6-/cluster/gpg/ciaran/sip-benchmarks/benchmarks/LV/g38
        parameters=/cluster/gpg/ciaran/sip-benchmarks/benchmarks/LV/g6,/cluster/gpg/ciaran/sip-benchmarks/benchmarks/LV/g38

   loading variables...
        nbVariables=19  nbDomainTypes=1  nbTotalValues=2299  domainSizes=(121:19)
          =>  wckTime=0.169  cpuTime=0.288  mem=9M159

   loading objectives...

   loading constraints...
        nbConstraints=34  nbSpecificConstraints=1  nbExtensionStructures=(1,shared:32)  nbConflictsStructures=(1,shared:32,unbuilt:1)
        degrees=(2:3)(3:3)(4:6)...(6:2)(8:1)(11:1)  arities=(2:33)(19:1)  types=(AllDifferent:1)(ConstraintHardExtensionV-Bits:33)
          =>  wckTime=0.198  cpuTime=0.316  mem=10M253

   INFO : <!-- Start saving the XML representation -->

   INFO : <!-- Stop saving the XML representation of g38.xml -->

   Solver SolverBacktrack being built... 
          =>  wckTime=0.36  cpuTime=0.448  mem=17M84

   
   search
        run=0  nbConstraintChecks=0  depth=(min:0,max:0,avg:1)  nbEffectivePropagations=96  nbRevisions=918  nbUselessRevisions=822
        nbAssignments=42  nbFailedAssignments=42  nbBacktracks=1  nbVisitedNodes=85  nbRestartNogoods=0
          =>  wckTime=0.07  cpuTime=0.518  mem=22M929

   
   global
        nbConstraintChecks=0  nbEffectivePropagations=96  nbRevisions=918  nbUselessRevisions=822  nbRestartNogoods=0  solvingWckTime=0.071
        expiredTime=no  totalExploration=yes  nbFoundSolutions=0  Stop=FULL_EXPLORATION
          =>  wckTime=0.431  cpuTime=0.518  mem=22M929

s UNSATISFIABLE
d NODES 42

   totalWckTime=0.339  totalCpuTime=0.519
