
   AbsCon 1.41 (January, 2014) - defaultConfiguration

   
   instance
        framework=CSP  name=Isomorphism-/cluster/gpg/ciaran/sip-benchmarks/benchmarks/LV/g7-/cluster/gpg/ciaran/sip-benchmarks/benchmarks/LV/g37
        parameters=/cluster/gpg/ciaran/sip-benchmarks/benchmarks/LV/g7,/cluster/gpg/ciaran/sip-benchmarks/benchmarks/LV/g37

   loading variables...
        nbVariables=20  nbDomainTypes=1  nbTotalValues=2400  domainSizes=(120:20)
          =>  wckTime=0.166  cpuTime=0.291  mem=9M442

   loading objectives...

   loading constraints...
        nbConstraints=101  nbSpecificConstraints=1  nbExtensionStructures=(1,shared:99)  nbConflictsStructures=(1,shared:99,unbuilt:1)
        degrees=(11:20)  arities=(2:100)(20:1)  types=(AllDifferent:1)(ConstraintHardExtensionV-Bits:100)
          =>  wckTime=0.219  cpuTime=0.341  mem=6M269

   INFO : <!-- Start saving the XML representation -->

   INFO : <!-- Stop saving the XML representation of g37.xml -->

   Solver SolverBacktrack being built... 
          =>  wckTime=0.373  cpuTime=0.474  mem=20M17

   
   search
        run=0  nbConstraintChecks=0  depth=(min:0,max:0,avg:1)  nbEffectivePropagations=319  nbRevisions=5060  nbUselessRevisions=4750
        nbAssignments=120  nbFailedAssignments=120  nbBacktracks=1  nbVisitedNodes=240  nbRestartNogoods=0
          =>  wckTime=0.324  cpuTime=0.792  mem=29M659

   
   global
        nbConstraintChecks=0  nbEffectivePropagations=319  nbRevisions=5060  nbUselessRevisions=4750  nbRestartNogoods=0  solvingWckTime=0.325
        expiredTime=no  totalExploration=yes  nbFoundSolutions=0  Stop=FULL_EXPLORATION
          =>  wckTime=0.698  cpuTime=0.792  mem=29M659

s UNSATISFIABLE
d NODES 120

   totalWckTime=0.609  totalCpuTime=0.793
