
   AbsCon 1.41 (January, 2014) - defaultConfiguration

   
   instance
        framework=CSP  name=Isomorphism-/cluster/gpg/ciaran/sip-benchmarks/benchmarks/LV/g7-/cluster/gpg/ciaran/sip-benchmarks/benchmarks/LV/g25
        parameters=/cluster/gpg/ciaran/sip-benchmarks/benchmarks/LV/g7,/cluster/gpg/ciaran/sip-benchmarks/benchmarks/LV/g25

   loading variables...
        nbVariables=20  nbDomainTypes=1  nbTotalValues=1500  domainSizes=(75:20)
          =>  wckTime=0.227  cpuTime=0.307  mem=8M879

   loading objectives...

   loading constraints...
        nbConstraints=101  nbSpecificConstraints=1  nbExtensionStructures=(1,shared:99)  nbConflictsStructures=(1,shared:99,unbuilt:1)
        degrees=(11:20)  arities=(2:100)(20:1)  types=(AllDifferent:1)(ConstraintHardExtensionV-Bits:100)
          =>  wckTime=0.269  cpuTime=0.347  mem=3M769

   INFO : <!-- Start saving the XML representation -->

   INFO : <!-- Stop saving the XML representation of g25.xml -->

   Solver SolverBacktrack being built... 
          =>  wckTime=0.477  cpuTime=0.526  mem=16M774

   
   search
        run=0  nbConstraintChecks=0  depth=(min:0,max:0,avg:1)  nbEffectivePropagations=157  nbRevisions=2481  nbUselessRevisions=2325
        nbAssignments=29  nbFailedAssignments=29  nbBacktracks=1  nbVisitedNodes=59  nbRestartNogoods=0
          =>  wckTime=0.093  cpuTime=0.61  mem=19M808

   
   global
        nbConstraintChecks=0  nbEffectivePropagations=157  nbRevisions=2481  nbUselessRevisions=2325  nbRestartNogoods=0  solvingWckTime=0.094
        expiredTime=no  totalExploration=yes  nbFoundSolutions=0  Stop=FULL_EXPLORATION
          =>  wckTime=0.571  cpuTime=0.611  mem=19M808

s UNSATISFIABLE
d NODES 29

   totalWckTime=0.424  totalCpuTime=0.611
