
   AbsCon 1.41 (January, 2014) - defaultConfiguration

   
   instance
        framework=CSP  name=Isomorphism-/cluster/gpg/ciaran/sip-benchmarks/benchmarks/LV/g7-/cluster/gpg/ciaran/sip-benchmarks/benchmarks/LV/g46
        parameters=/cluster/gpg/ciaran/sip-benchmarks/benchmarks/LV/g7,/cluster/gpg/ciaran/sip-benchmarks/benchmarks/LV/g46

   loading variables...
        nbVariables=20  nbDomainTypes=1  nbTotalValues=2560  domainSizes=(128:20)
          =>  wckTime=0.2  cpuTime=0.283  mem=9M122

   loading objectives...

   loading constraints...
        nbConstraints=101  nbSpecificConstraints=1  nbExtensionStructures=(1,shared:99)  nbConflictsStructures=(1,shared:99,unbuilt:1)
        degrees=(11:20)  arities=(2:100)(20:1)  types=(AllDifferent:1)(ConstraintHardExtensionV-Bits:100)
          =>  wckTime=0.264  cpuTime=0.341  mem=7M34

   INFO : <!-- Start saving the XML representation -->

   INFO : <!-- Stop saving the XML representation of g46.xml -->

   Solver SolverBacktrack being built... 
          =>  wckTime=0.435  cpuTime=0.479  mem=20M963

   
   search
        run=0  nbConstraintChecks=0  depth=(min:0,max:0,avg:1)  nbEffectivePropagations=306  nbRevisions=3640  nbUselessRevisions=3343
        nbAssignments=128  nbFailedAssignments=128  nbBacktracks=1  nbVisitedNodes=256  nbRestartNogoods=0
          =>  wckTime=0.416  cpuTime=0.86  mem=15M855

   
   global
        nbConstraintChecks=0  nbEffectivePropagations=306  nbRevisions=3640  nbUselessRevisions=3343  nbRestartNogoods=0  solvingWckTime=0.417
        expiredTime=no  totalExploration=yes  nbFoundSolutions=0  Stop=FULL_EXPLORATION
          =>  wckTime=0.853  cpuTime=0.86  mem=16M238

s UNSATISFIABLE
d NODES 128

   totalWckTime=0.727  totalCpuTime=0.861
