
   AbsCon 1.41 (January, 2014) - defaultConfiguration

   
   instance
        framework=CSP  name=Isomorphism-/cluster/gpg/ciaran/sip-benchmarks/benchmarks/LV/g7-/cluster/gpg/ciaran/sip-benchmarks/benchmarks/LV/g31
        parameters=/cluster/gpg/ciaran/sip-benchmarks/benchmarks/LV/g7,/cluster/gpg/ciaran/sip-benchmarks/benchmarks/LV/g31

   loading variables...
        nbVariables=20  nbDomainTypes=1  nbTotalValues=2000  domainSizes=(100:20)
          =>  wckTime=0.172  cpuTime=0.295  mem=9M466

   loading objectives...

   loading constraints...
        nbConstraints=101  nbSpecificConstraints=1  nbExtensionStructures=(1,shared:99)  nbConflictsStructures=(1,shared:99,unbuilt:1)
        degrees=(11:20)  arities=(2:100)(20:1)  types=(AllDifferent:1)(ConstraintHardExtensionV-Bits:100)
          =>  wckTime=0.227  cpuTime=0.347  mem=7M386

   INFO : <!-- Start saving the XML representation -->

   INFO : <!-- Stop saving the XML representation of g31.xml -->

   Solver SolverBacktrack being built... 
          =>  wckTime=0.376  cpuTime=0.474  mem=20M761

   
   search
        run=0  nbConstraintChecks=0  depth=(min:0,max:0,avg:1)  nbEffectivePropagations=169  nbRevisions=1780  nbUselessRevisions=1620
        nbAssignments=100  nbFailedAssignments=100  nbBacktracks=1  nbVisitedNodes=200  nbRestartNogoods=0
          =>  wckTime=0.343  cpuTime=0.803  mem=15M691

   
   global
        nbConstraintChecks=0  nbEffectivePropagations=169  nbRevisions=1780  nbUselessRevisions=1620  nbRestartNogoods=0  solvingWckTime=0.343
        expiredTime=no  totalExploration=yes  nbFoundSolutions=0  Stop=FULL_EXPLORATION
          =>  wckTime=0.72  cpuTime=0.804  mem=15M691

s UNSATISFIABLE
d NODES 100

   totalWckTime=0.623  totalCpuTime=0.804
