
   AbsCon 1.41 (January, 2014) - defaultConfiguration

   
   instance
        framework=CSP  name=Isomorphism-/cluster/gpg/ciaran/sip-benchmarks/benchmarks/LV/g7-/cluster/gpg/ciaran/sip-benchmarks/benchmarks/LV/g42
        parameters=/cluster/gpg/ciaran/sip-benchmarks/benchmarks/LV/g7,/cluster/gpg/ciaran/sip-benchmarks/benchmarks/LV/g42

   loading variables...
        nbVariables=20  nbDomainTypes=1  nbTotalValues=2560  domainSizes=(128:20)
          =>  wckTime=0.238  cpuTime=0.324  mem=9M150

   loading objectives...

   loading constraints...
        nbConstraints=101  nbSpecificConstraints=1  nbExtensionStructures=(1,shared:99)  nbConflictsStructures=(1,shared:99,unbuilt:1)
        degrees=(11:20)  arities=(2:100)(20:1)  types=(AllDifferent:1)(ConstraintHardExtensionV-Bits:100)
          =>  wckTime=0.306  cpuTime=0.389  mem=5M132

   INFO : <!-- Start saving the XML representation -->

   INFO : <!-- Stop saving the XML representation of g42.xml -->

   Solver SolverBacktrack being built... 
          =>  wckTime=0.482  cpuTime=0.544  mem=18M836

   
   search
        run=0  nbConstraintChecks=0  depth=(min:0,max:0,avg:1)  nbEffectivePropagations=460  nbRevisions=6560  nbUselessRevisions=6101
        nbAssignments=127  nbFailedAssignments=127  nbBacktracks=1  nbVisitedNodes=255  nbRestartNogoods=0
          =>  wckTime=0.251  cpuTime=0.788  mem=25M847

   
   global
        nbConstraintChecks=0  nbEffectivePropagations=460  nbRevisions=6560  nbUselessRevisions=6101  nbRestartNogoods=0  solvingWckTime=0.251
        expiredTime=no  totalExploration=yes  nbFoundSolutions=0  Stop=FULL_EXPLORATION
          =>  wckTime=0.733  cpuTime=0.788  mem=25M847

s UNSATISFIABLE
d NODES 127

   totalWckTime=0.597  totalCpuTime=0.789
