
   AbsCon 1.41 (January, 2014) - defaultConfiguration

   
   instance
        framework=CSP  name=Isomorphism-/cluster/gpg/ciaran/sip-benchmarks/benchmarks/LV/g7-/cluster/gpg/ciaran/sip-benchmarks/benchmarks/LV/g48
        parameters=/cluster/gpg/ciaran/sip-benchmarks/benchmarks/LV/g7,/cluster/gpg/ciaran/sip-benchmarks/benchmarks/LV/g48

   loading variables...
        nbVariables=20  nbDomainTypes=1  nbTotalValues=2560  domainSizes=(128:20)
          =>  wckTime=0.197  cpuTime=0.31  mem=9M372

   loading objectives...

   loading constraints...
        nbConstraints=101  nbSpecificConstraints=1  nbExtensionStructures=(1,shared:99)  nbConflictsStructures=(1,shared:99,unbuilt:1)
        degrees=(11:20)  arities=(2:100)(20:1)  types=(AllDifferent:1)(ConstraintHardExtensionV-Bits:100)
          =>  wckTime=0.264  cpuTime=0.369  mem=6M972

   INFO : <!-- Start saving the XML representation -->

   INFO : <!-- Stop saving the XML representation of g48.xml -->

   Solver SolverBacktrack being built... 
          =>  wckTime=0.449  cpuTime=0.527  mem=20M931

   
   search
        run=0  nbConstraintChecks=0  depth=(min:0,max:0,avg:1)  nbEffectivePropagations=306  nbRevisions=3640  nbUselessRevisions=3343
        nbAssignments=128  nbFailedAssignments=128  nbBacktracks=1  nbVisitedNodes=256  nbRestartNogoods=0
          =>  wckTime=0.457  cpuTime=0.96  mem=16M20

   
   global
        nbConstraintChecks=0  nbEffectivePropagations=306  nbRevisions=3640  nbUselessRevisions=3343  nbRestartNogoods=0  solvingWckTime=0.457
        expiredTime=no  totalExploration=yes  nbFoundSolutions=0  Stop=FULL_EXPLORATION
          =>  wckTime=0.907  cpuTime=0.96  mem=16M20

s UNSATISFIABLE
d NODES 128

   totalWckTime=0.789  totalCpuTime=0.96
