
   AbsCon 1.41 (January, 2014) - defaultConfiguration

   
   instance
        framework=CSP  name=Isomorphism-/cluster/gpg/ciaran/sip-benchmarks/benchmarks/LV/g8-/cluster/gpg/ciaran/sip-benchmarks/benchmarks/LV/g11
        parameters=/cluster/gpg/ciaran/sip-benchmarks/benchmarks/LV/g8,/cluster/gpg/ciaran/sip-benchmarks/benchmarks/LV/g11

   loading variables...
        nbVariables=30  nbDomainTypes=1  nbTotalValues=1260  domainSizes=(42:30)
          =>  wckTime=0.172  cpuTime=0.278  mem=9M43

   loading objectives...

   loading constraints...
        nbConstraints=63  nbSpecificConstraints=1  nbExtensionStructures=(1,shared:61)  nbConflictsStructures=(1,shared:61,unbuilt:1)
        degrees=(2:1)(3:3)(4:10)...(6:6)(7:4)(8:3)  arities=(2:62)(30:1)  types=(AllDifferent:1)(ConstraintHardExtensionV-Bits:62)
          =>  wckTime=0.202  cpuTime=0.307  mem=10M152

   INFO : <!-- Start saving the XML representation -->

   INFO : <!-- Stop saving the XML representation of g11.xml -->

   Solver SolverBacktrack being built... 
          =>  wckTime=0.344  cpuTime=0.424  mem=16M297

   
   search
        run=0  nbConstraintChecks=0  depth=(min:0,max:0,avg:1)  nbEffectivePropagations=287  nbRevisions=1322  nbUselessRevisions=1036
        nbAssignments=39  nbFailedAssignments=39  nbBacktracks=1  nbVisitedNodes=79  nbRestartNogoods=0
          =>  wckTime=0.053  cpuTime=0.477  mem=17M254

   
   global
        nbConstraintChecks=0  nbEffectivePropagations=287  nbRevisions=1322  nbUselessRevisions=1036  nbRestartNogoods=0  solvingWckTime=0.053
        expiredTime=no  totalExploration=yes  nbFoundSolutions=0  Stop=FULL_EXPLORATION
          =>  wckTime=0.399  cpuTime=0.477  mem=17M254

s UNSATISFIABLE
d NODES 39

   totalWckTime=0.294  totalCpuTime=0.477
