
   AbsCon 1.41 (January, 2014) - defaultConfiguration

   
   instance
        framework=CSP  name=Isomorphism-/cluster/gpg/ciaran/sip-benchmarks/benchmarks/LV/g8-/cluster/gpg/ciaran/sip-benchmarks/benchmarks/LV/g19
        parameters=/cluster/gpg/ciaran/sip-benchmarks/benchmarks/LV/g8,/cluster/gpg/ciaran/sip-benchmarks/benchmarks/LV/g19

   loading variables...
        nbVariables=30  nbDomainTypes=1  nbTotalValues=1920  domainSizes=(64:30)
          =>  wckTime=0.179  cpuTime=0.3  mem=9M797

   loading objectives...

   loading constraints...
        nbConstraints=63  nbSpecificConstraints=1  nbExtensionStructures=(1,shared:61)  nbConflictsStructures=(1,shared:61,unbuilt:1)
        degrees=(2:1)(3:3)(4:10)...(6:6)(7:4)(8:3)  arities=(2:62)(30:1)  types=(AllDifferent:1)(ConstraintHardExtensionV-Bits:62)
          =>  wckTime=0.228  cpuTime=0.345  mem=4M716

   INFO : <!-- Start saving the XML representation -->

   INFO : <!-- Stop saving the XML representation of g19.xml -->

   Solver SolverBacktrack being built... 
          =>  wckTime=0.408  cpuTime=0.502  mem=17M769

   
   search
        run=0  nbConstraintChecks=0  depth=(min:0,max:0,avg:1)  nbEffectivePropagations=663  nbRevisions=2708  nbUselessRevisions=2046
        nbAssignments=62  nbFailedAssignments=62  nbBacktracks=1  nbVisitedNodes=125  nbRestartNogoods=0
          =>  wckTime=0.086  cpuTime=0.585  mem=20M769

   
   global
        nbConstraintChecks=0  nbEffectivePropagations=663  nbRevisions=2708  nbUselessRevisions=2046  nbRestartNogoods=0  solvingWckTime=0.087
        expiredTime=no  totalExploration=yes  nbFoundSolutions=0  Stop=FULL_EXPLORATION
          =>  wckTime=0.496  cpuTime=0.585  mem=20M769

s UNSATISFIABLE
d NODES 62

   totalWckTime=0.402  totalCpuTime=0.586
