
   AbsCon 1.41 (January, 2014) - defaultConfiguration

   
   instance
        framework=CSP  name=Isomorphism-/cluster/gpg/ciaran/sip-benchmarks/benchmarks/LV/g8-/cluster/gpg/ciaran/sip-benchmarks/benchmarks/LV/g29
        parameters=/cluster/gpg/ciaran/sip-benchmarks/benchmarks/LV/g8,/cluster/gpg/ciaran/sip-benchmarks/benchmarks/LV/g29

   loading variables...
        nbVariables=30  nbDomainTypes=1  nbTotalValues=3000  domainSizes=(100:30)
          =>  wckTime=0.176  cpuTime=0.303  mem=9M498

   loading objectives...

   loading constraints...
        nbConstraints=63  nbSpecificConstraints=1  nbExtensionStructures=(1,shared:61)  nbConflictsStructures=(1,shared:61,unbuilt:1)
        degrees=(2:1)(3:3)(4:10)...(6:6)(7:4)(8:3)  arities=(2:62)(30:1)  types=(AllDifferent:1)(ConstraintHardExtensionV-Bits:62)
          =>  wckTime=0.234  cpuTime=0.351  mem=5M302

   INFO : <!-- Start saving the XML representation -->

   INFO : <!-- Stop saving the XML representation of g29.xml -->

   Solver SolverBacktrack being built... 
          =>  wckTime=0.385  cpuTime=0.48  mem=18M917

    instantiation X0=0 X1=23 X2=30 X3=10 X4=9 X5=7 X6=54 X7=28 X8=59 X9=6 X10=79 X11=38 X12=1 X13=20 X14=84 X15=31 X16=24 X17=2 X18=70 X19=17 X20=40 X21=36 X22=26 X23=37 X24=14 X25=39 X26=82 X27=3 X28=13 X29=73 

    solution X0=0 X1=23 X2=30 X3=10 X4=9 X5=7 X6=54 X7=28 X8=59 X9=6 X10=79 X11=38 X12=1 X13=20 X14=84 X15=31 X16=24 X17=2 X18=70 X19=17 X20=40 X21=36 X22=26 X23=37 X24=14 X25=39 X26=82 X27=3 X28=13 X29=73 

   
   search
        run=0  nbConstraintChecks=63  depth=(min:1,max:29,avg:4)  nbEffectivePropagations=1983  nbRevisions=5612  nbUselessRevisions=4488
        nbAssignments=150  nbFailedAssignments=99  nbBacktracks=21  nbVisitedNodes=261  nbRestartNogoods=0  nbFoundSolutions=1
        upperBound=9223372036854775807
          =>  wckTime=0.513  cpuTime=0.975  mem=30M440

   
   global
        nbConstraintChecks=63  nbEffectivePropagations=1983  nbRevisions=5612  nbUselessRevisions=4488  nbRestartNogoods=0  solvingWckTime=0.514
        expiredTime=no  totalExploration=no  nbFoundSolutions=1  firstSolutionCpuTime=0.973  Stop=REACHED_GOAL
          =>  wckTime=0.899  cpuTime=0.976  mem=30M440

s SATISFIABLE
v X0=0 X1=23 X2=30 X3=10 X4=9 X5=7 X6=54 X7=28 X8=59 X9=6 X10=79 X11=38 X12=1 X13=20 X14=84 X15=31 X16=24 X17=2 X18=70 X19=17 X20=40 X21=36 X22=26 X23=37 X24=14 X25=39 X26=82 X27=3 X28=13 X29=73 
d NODES 150

   totalWckTime=0.801  totalCpuTime=0.976
