
   AbsCon 1.41 (January, 2014) - defaultConfiguration

   
   instance
        framework=CSP  name=Isomorphism-/cluster/gpg/ciaran/sip-benchmarks/benchmarks/LV/g8-/cluster/gpg/ciaran/sip-benchmarks/benchmarks/LV/g32
        parameters=/cluster/gpg/ciaran/sip-benchmarks/benchmarks/LV/g8,/cluster/gpg/ciaran/sip-benchmarks/benchmarks/LV/g32

   loading variables...
        nbVariables=30  nbDomainTypes=1  nbTotalValues=3000  domainSizes=(100:30)
          =>  wckTime=0.197  cpuTime=0.32  mem=10M340

   loading objectives...

   loading constraints...
        nbConstraints=63  nbSpecificConstraints=1  nbExtensionStructures=(1,shared:61)  nbConflictsStructures=(1,shared:61,unbuilt:1)
        degrees=(2:1)(3:3)(4:10)...(6:6)(7:4)(8:3)  arities=(2:62)(30:1)  types=(AllDifferent:1)(ConstraintHardExtensionV-Bits:62)
          =>  wckTime=0.289  cpuTime=0.407  mem=15M482

   INFO : <!-- Start saving the XML representation -->

   INFO : <!-- Stop saving the XML representation of g32.xml -->

   Solver SolverBacktrack being built... 
          =>  wckTime=0.469  cpuTime=0.549  mem=17M191

    instantiation X0=0 X1=8 X2=1 X3=14 X4=5 X5=19 X6=3 X7=6 X8=11 X9=4 X10=9 X11=12 X12=13 X13=20 X14=21 X15=2 X16=15 X17=16 X18=7 X19=17 X20=22 X21=10 X22=23 X23=24 X24=18 X25=25 X26=26 X27=27 X28=28 X29=29 

    solution X0=0 X1=8 X2=1 X3=14 X4=5 X5=19 X6=3 X7=6 X8=11 X9=4 X10=9 X11=12 X12=13 X13=20 X14=21 X15=2 X16=15 X17=16 X18=7 X19=17 X20=22 X21=10 X22=23 X23=24 X24=18 X25=25 X26=26 X27=27 X28=28 X29=29 

   
   search
        run=0  nbConstraintChecks=63  depth=(min:31,max:29,avg:0)  nbEffectivePropagations=373  nbRevisions=62  nbUselessRevisions=62
        nbAssignments=30  nbFailedAssignments=0  nbBacktracks=0  nbVisitedNodes=31  nbRestartNogoods=0  nbFoundSolutions=1  upperBound=9223372036854775807
          =>  wckTime=0.434  cpuTime=0.979  mem=20M358

   
   global
        nbConstraintChecks=63  nbEffectivePropagations=373  nbRevisions=62  nbUselessRevisions=62  nbRestartNogoods=0  solvingWckTime=0.435
        expiredTime=no  totalExploration=no  nbFoundSolutions=1  firstSolutionCpuTime=0.975  Stop=REACHED_GOAL
          =>  wckTime=0.904  cpuTime=0.979  mem=20M358

s SATISFIABLE
v X0=0 X1=8 X2=1 X3=14 X4=5 X5=19 X6=3 X7=6 X8=11 X9=4 X10=9 X11=12 X12=13 X13=20 X14=21 X15=2 X16=15 X17=16 X18=7 X19=17 X20=22 X21=10 X22=23 X23=24 X24=18 X25=25 X26=26 X27=27 X28=28 X29=29 
d NODES 30

   totalWckTime=0.796  totalCpuTime=0.979
