
   AbsCon 1.41 (January, 2014) - defaultConfiguration

   
   instance
        framework=CSP  name=Isomorphism-/cluster/gpg/ciaran/sip-benchmarks/benchmarks/LV/g8-/cluster/gpg/ciaran/sip-benchmarks/benchmarks/LV/g47
        parameters=/cluster/gpg/ciaran/sip-benchmarks/benchmarks/LV/g8,/cluster/gpg/ciaran/sip-benchmarks/benchmarks/LV/g47

   loading variables...
        nbVariables=30  nbDomainTypes=1  nbTotalValues=3840  domainSizes=(128:30)
          =>  wckTime=0.183  cpuTime=0.291  mem=9M781

   loading objectives...

   loading constraints...
        nbConstraints=63  nbSpecificConstraints=1  nbExtensionStructures=(1,shared:61)  nbConflictsStructures=(1,shared:61,unbuilt:1)
        degrees=(2:1)(3:3)(4:10)...(6:6)(7:4)(8:3)  arities=(2:62)(30:1)  types=(AllDifferent:1)(ConstraintHardExtensionV-Bits:62)
          =>  wckTime=0.239  cpuTime=0.345  mem=6M394

   INFO : <!-- Start saving the XML representation -->

   INFO : <!-- Stop saving the XML representation of g47.xml -->

   Solver SolverBacktrack being built... 
          =>  wckTime=0.414  cpuTime=0.499  mem=20M268

   
   search
        run=0  nbConstraintChecks=0  depth=(min:0,max:4,avg:1)  nbEffectivePropagations=7234  nbRevisions=22151  nbUselessRevisions=18161
        nbAssignments=436  nbFailedAssignments=372  nbBacktracks=65  nbVisitedNodes=836  nbRestartNogoods=0
          =>  wckTime=2.123  cpuTime=2.583  mem=28M400

   
   global
        nbConstraintChecks=0  nbEffectivePropagations=7234  nbRevisions=22151  nbUselessRevisions=18161  nbRestartNogoods=0  solvingWckTime=2.124
        expiredTime=no  totalExploration=yes  nbFoundSolutions=0  Stop=FULL_EXPLORATION
          =>  wckTime=2.539  cpuTime=2.584  mem=28M400

s UNSATISFIABLE
d NODES 436

   totalWckTime=2.431  totalCpuTime=2.585
