
   AbsCon 1.41 (January, 2014) - defaultConfiguration

   
   instance
        framework=CSP  name=Isomorphism-/cluster/gpg/ciaran/sip-benchmarks/benchmarks/LV/g8-/cluster/gpg/ciaran/sip-benchmarks/benchmarks/LV/g38
        parameters=/cluster/gpg/ciaran/sip-benchmarks/benchmarks/LV/g8,/cluster/gpg/ciaran/sip-benchmarks/benchmarks/LV/g38

   loading variables...
        nbVariables=30  nbDomainTypes=1  nbTotalValues=3630  domainSizes=(121:30)
          =>  wckTime=0.184  cpuTime=0.312  mem=9M107

   loading objectives...

   loading constraints...
        nbConstraints=63  nbSpecificConstraints=1  nbExtensionStructures=(1,shared:61)  nbConflictsStructures=(1,shared:61,unbuilt:1)
        degrees=(2:1)(3:3)(4:10)...(6:6)(7:4)(8:3)  arities=(2:62)(30:1)  types=(AllDifferent:1)(ConstraintHardExtensionV-Bits:62)
          =>  wckTime=0.231  cpuTime=0.35  mem=4M227

   INFO : <!-- Start saving the XML representation -->

   INFO : <!-- Stop saving the XML representation of g38.xml -->

   Solver SolverBacktrack being built... 
          =>  wckTime=0.408  cpuTime=0.496  mem=17M963

   
   search
        run=0  nbConstraintChecks=0  depth=(min:0,max:0,avg:1)  nbEffectivePropagations=87  nbRevisions=672  nbUselessRevisions=585
        nbAssignments=35  nbFailedAssignments=35  nbBacktracks=1  nbVisitedNodes=71  nbRestartNogoods=0
          =>  wckTime=0.078  cpuTime=0.571  mem=23M28

   
   global
        nbConstraintChecks=0  nbEffectivePropagations=87  nbRevisions=672  nbUselessRevisions=585  nbRestartNogoods=0  solvingWckTime=0.079
        expiredTime=no  totalExploration=yes  nbFoundSolutions=0  Stop=FULL_EXPLORATION
          =>  wckTime=0.487  cpuTime=0.572  mem=23M28

s UNSATISFIABLE
d NODES 35

   totalWckTime=0.39  totalCpuTime=0.572
