
   AbsCon 1.41 (January, 2014) - defaultConfiguration

   
   instance
        framework=CSP  name=Isomorphism-/cluster/gpg/ciaran/sip-benchmarks/benchmarks/LV/g8-/cluster/gpg/ciaran/sip-benchmarks/benchmarks/LV/g50
        parameters=/cluster/gpg/ciaran/sip-benchmarks/benchmarks/LV/g8,/cluster/gpg/ciaran/sip-benchmarks/benchmarks/LV/g50

   loading variables...
        nbVariables=30  nbDomainTypes=1  nbTotalValues=3840  domainSizes=(128:30)
          =>  wckTime=0.238  cpuTime=0.32  mem=9M876

   loading objectives...

   loading constraints...
        nbConstraints=63  nbSpecificConstraints=1  nbExtensionStructures=(1,shared:61)  nbConflictsStructures=(1,shared:61,unbuilt:1)
        degrees=(2:1)(3:3)(4:10)...(6:6)(7:4)(8:3)  arities=(2:62)(30:1)  types=(AllDifferent:1)(ConstraintHardExtensionV-Bits:62)
          =>  wckTime=0.356  cpuTime=0.433  mem=11M255

   INFO : <!-- Start saving the XML representation -->

   INFO : <!-- Stop saving the XML representation of g50.xml -->

   Solver SolverBacktrack being built... 
          =>  wckTime=0.556  cpuTime=0.604  mem=13M209

    instantiation X0=0 X1=66 X2=26 X3=31 X4=27 X5=7 X6=15 X7=73 X8=56 X9=32 X10=11 X11=33 X12=36 X13=28 X14=34 X15=38 X16=63 X17=46 X18=2 X19=43 X20=42 X21=18 X22=54 X23=4 X24=64 X25=30 X26=61 X27=22 X28=49 X29=6 

    solution X0=0 X1=66 X2=26 X3=31 X4=27 X5=7 X6=15 X7=73 X8=56 X9=32 X10=11 X11=33 X12=36 X13=28 X14=34 X15=38 X16=63 X17=46 X18=2 X19=43 X20=42 X21=18 X22=54 X23=4 X24=64 X25=30 X26=61 X27=22 X28=49 X29=6 

   
   search
        run=0  nbConstraintChecks=63  depth=(min:31,max:29,avg:0)  nbEffectivePropagations=269  nbRevisions=825  nbUselessRevisions=812
        nbAssignments=30  nbFailedAssignments=0  nbBacktracks=0  nbVisitedNodes=31  nbRestartNogoods=0  nbFoundSolutions=1  upperBound=9223372036854775807
          =>  wckTime=0.603  cpuTime=1.171  mem=29M246

   
   global
        nbConstraintChecks=63  nbEffectivePropagations=269  nbRevisions=825  nbUselessRevisions=812  nbRestartNogoods=0  solvingWckTime=0.603
        expiredTime=no  totalExploration=no  nbFoundSolutions=1  firstSolutionCpuTime=1.168  Stop=REACHED_GOAL
          =>  wckTime=1.161  cpuTime=1.172  mem=29M246

s SATISFIABLE
v X0=0 X1=66 X2=26 X3=31 X4=27 X5=7 X6=15 X7=73 X8=56 X9=32 X10=11 X11=33 X12=36 X13=28 X14=34 X15=38 X16=63 X17=46 X18=2 X19=43 X20=42 X21=18 X22=54 X23=4 X24=64 X25=30 X26=61 X27=22 X28=49 X29=6 
d NODES 30

   totalWckTime=1.031  totalCpuTime=1.172
