
   AbsCon 1.41 (January, 2014) - defaultConfiguration

   
   instance
        framework=CSP  name=Isomorphism-/cluster/gpg/ciaran/sip-benchmarks/benchmarks/LV/g8-/cluster/gpg/ciaran/sip-benchmarks/benchmarks/LV/g26
        parameters=/cluster/gpg/ciaran/sip-benchmarks/benchmarks/LV/g8,/cluster/gpg/ciaran/sip-benchmarks/benchmarks/LV/g26

   loading variables...
        nbVariables=30  nbDomainTypes=1  nbTotalValues=2400  domainSizes=(80:30)
          =>  wckTime=0.175  cpuTime=0.289  mem=9M115

   loading objectives...

   loading constraints...
        nbConstraints=63  nbSpecificConstraints=1  nbExtensionStructures=(1,shared:61)  nbConflictsStructures=(1,shared:61,unbuilt:1)
        degrees=(2:1)(3:3)(4:10)...(6:6)(7:4)(8:3)  arities=(2:62)(30:1)  types=(AllDifferent:1)(ConstraintHardExtensionV-Bits:62)
          =>  wckTime=0.222  cpuTime=0.327  mem=3M665

   INFO : <!-- Start saving the XML representation -->

   INFO : <!-- Stop saving the XML representation of g26.xml -->

   Solver SolverBacktrack being built... 
          =>  wckTime=0.383  cpuTime=0.456  mem=16M900

   
   search
        run=0  nbConstraintChecks=0  depth=(min:0,max:12,avg:7)  nbEffectivePropagations=7638892  nbRevisions=20011077  nbUselessRevisions=17812697
        nbAssignments=426101  nbFailedAssignments=322384  nbBacktracks=103718  nbVisitedNodes=821745  nbRestartNogoods=0
          =>  wckTime=736.872  cpuTime=728.406  mem=269M680

   
   global
        nbConstraintChecks=0  nbEffectivePropagations=7638892  nbRevisions=20011077  nbUselessRevisions=17812697  nbRestartNogoods=0
        solvingWckTime=736.872  expiredTime=no  totalExploration=yes  nbFoundSolutions=0  Stop=FULL_EXPLORATION
          =>  wckTime=737.257  cpuTime=728.407  mem=269M680

s UNSATISFIABLE
d NODES 426101

   totalWckTime=737.158  totalCpuTime=728.407
