
   AbsCon 1.41 (January, 2014) - defaultConfiguration

   
   instance
        framework=CSP  name=Isomorphism-/cluster/gpg/ciaran/sip-benchmarks/benchmarks/LV/g9-/cluster/gpg/ciaran/sip-benchmarks/benchmarks/LV/g11
        parameters=/cluster/gpg/ciaran/sip-benchmarks/benchmarks/LV/g9,/cluster/gpg/ciaran/sip-benchmarks/benchmarks/LV/g11

   loading variables...
        nbVariables=37  nbDomainTypes=1  nbTotalValues=1554  domainSizes=(42:37)
          =>  wckTime=0.176  cpuTime=0.304  mem=9M89

   loading objectives...

   loading constraints...
        nbConstraints=64  nbSpecificConstraints=1  nbExtensionStructures=(1,shared:62)  nbConflictsStructures=(1,shared:62,unbuilt:1)
        degrees=(1:6)(2:7)(3:5)...(8:1)(9:1)(10:2)  arities=(2:63)(37:1)  types=(AllDifferent:1)(ConstraintHardExtensionV-Bits:63)
          =>  wckTime=0.213  cpuTime=0.338  mem=3M668

   INFO : <!-- Start saving the XML representation -->

   INFO : <!-- Stop saving the XML representation of g11.xml -->

   Solver SolverBacktrack being built... 
          =>  wckTime=0.366  cpuTime=0.46  mem=16M735

   
   search
        run=0  nbConstraintChecks=0  depth=(min:0,max:0,avg:1)  nbEffectivePropagations=318  nbRevisions=1328  nbUselessRevisions=1038
        nbAssignments=40  nbFailedAssignments=40  nbBacktracks=1  nbVisitedNodes=81  nbRestartNogoods=0
          =>  wckTime=0.055  cpuTime=0.514  mem=17M916

   
   global
        nbConstraintChecks=0  nbEffectivePropagations=318  nbRevisions=1328  nbUselessRevisions=1038  nbRestartNogoods=0  solvingWckTime=0.056
        expiredTime=no  totalExploration=yes  nbFoundSolutions=0  Stop=FULL_EXPLORATION
          =>  wckTime=0.422  cpuTime=0.515  mem=17M916

s UNSATISFIABLE
d NODES 40

   totalWckTime=0.332  totalCpuTime=0.515
