
   AbsCon 1.41 (January, 2014) - defaultConfiguration

   
   instance
        framework=CSP  name=Isomorphism-/cluster/gpg/ciaran/sip-benchmarks/benchmarks/LV/g9-/cluster/gpg/ciaran/sip-benchmarks/benchmarks/LV/g46
        parameters=/cluster/gpg/ciaran/sip-benchmarks/benchmarks/LV/g9,/cluster/gpg/ciaran/sip-benchmarks/benchmarks/LV/g46

   loading variables...
        nbVariables=37  nbDomainTypes=1  nbTotalValues=4736  domainSizes=(128:37)
          =>  wckTime=0.173  cpuTime=0.287  mem=9M455

   loading objectives...

   loading constraints...
        nbConstraints=64  nbSpecificConstraints=1  nbExtensionStructures=(1,shared:62)  nbConflictsStructures=(1,shared:62,unbuilt:1)
        degrees=(1:6)(2:7)(3:5)...(8:1)(9:1)(10:2)  arities=(2:63)(37:1)  types=(AllDifferent:1)(ConstraintHardExtensionV-Bits:63)
          =>  wckTime=0.226  cpuTime=0.336  mem=6M98

   INFO : <!-- Start saving the XML representation -->

   INFO : <!-- Stop saving the XML representation of g46.xml -->

   Solver SolverBacktrack being built... 
          =>  wckTime=0.374  cpuTime=0.465  mem=20M254

   
   search
        run=0  nbConstraintChecks=0  depth=(min:0,max:0,avg:1)  nbEffectivePropagations=325  nbRevisions=2298  nbUselessRevisions=2000
        nbAssignments=128  nbFailedAssignments=128  nbBacktracks=1  nbVisitedNodes=256  nbRestartNogoods=0
          =>  wckTime=0.389  cpuTime=0.847  mem=34M339

   
   global
        nbConstraintChecks=0  nbEffectivePropagations=325  nbRevisions=2298  nbUselessRevisions=2000  nbRestartNogoods=0  solvingWckTime=0.389
        expiredTime=no  totalExploration=yes  nbFoundSolutions=0  Stop=FULL_EXPLORATION
          =>  wckTime=0.764  cpuTime=0.847  mem=34M339

s UNSATISFIABLE
d NODES 128

   totalWckTime=0.667  totalCpuTime=0.847
