
   AbsCon 1.41 (January, 2014) - defaultConfiguration

   
   instance
        framework=CSP  name=Isomorphism-/cluster/gpg/ciaran/sip-benchmarks/benchmarks/LV/g9-/cluster/gpg/ciaran/sip-benchmarks/benchmarks/LV/g25
        parameters=/cluster/gpg/ciaran/sip-benchmarks/benchmarks/LV/g9,/cluster/gpg/ciaran/sip-benchmarks/benchmarks/LV/g25

   loading variables...
        nbVariables=37  nbDomainTypes=1  nbTotalValues=2775  domainSizes=(75:37)
          =>  wckTime=0.168  cpuTime=0.291  mem=9M332

   loading objectives...

   loading constraints...
        nbConstraints=64  nbSpecificConstraints=1  nbExtensionStructures=(1,shared:62)  nbConflictsStructures=(1,shared:62,unbuilt:1)
        degrees=(1:6)(2:7)(3:5)...(8:1)(9:1)(10:2)  arities=(2:63)(37:1)  types=(AllDifferent:1)(ConstraintHardExtensionV-Bits:63)
          =>  wckTime=0.206  cpuTime=0.327  mem=3M885

   INFO : <!-- Start saving the XML representation -->

   INFO : <!-- Stop saving the XML representation of g25.xml -->

   Solver SolverBacktrack being built... 
          =>  wckTime=0.366  cpuTime=0.46  mem=17M146

   
   search
        run=0  nbConstraintChecks=0  depth=(min:0,max:0,avg:1)  nbEffectivePropagations=259  nbRevisions=1265  nbUselessRevisions=1083
        nbAssignments=33  nbFailedAssignments=33  nbBacktracks=1  nbVisitedNodes=67  nbRestartNogoods=0
          =>  wckTime=0.181  cpuTime=0.637  mem=13M100

   
   global
        nbConstraintChecks=0  nbEffectivePropagations=259  nbRevisions=1265  nbUselessRevisions=1083  nbRestartNogoods=0  solvingWckTime=0.181
        expiredTime=no  totalExploration=yes  nbFoundSolutions=0  Stop=FULL_EXPLORATION
          =>  wckTime=0.547  cpuTime=0.637  mem=13M100

s UNSATISFIABLE
d NODES 33

   totalWckTime=0.455  totalCpuTime=0.638
