
   AbsCon 1.41 (January, 2014) - defaultConfiguration

   
   instance
        framework=CSP  name=Isomorphism-/cluster/gpg/ciaran/sip-benchmarks/benchmarks/LV/g9-/cluster/gpg/ciaran/sip-benchmarks/benchmarks/LV/g50
        parameters=/cluster/gpg/ciaran/sip-benchmarks/benchmarks/LV/g9,/cluster/gpg/ciaran/sip-benchmarks/benchmarks/LV/g50

   loading variables...
        nbVariables=37  nbDomainTypes=1  nbTotalValues=4736  domainSizes=(128:37)
          =>  wckTime=0.169  cpuTime=0.302  mem=10M1

   loading objectives...

   loading constraints...
        nbConstraints=64  nbSpecificConstraints=1  nbExtensionStructures=(1,shared:62)  nbConflictsStructures=(1,shared:62,unbuilt:1)
        degrees=(1:6)(2:7)(3:5)...(8:1)(9:1)(10:2)  arities=(2:63)(37:1)  types=(AllDifferent:1)(ConstraintHardExtensionV-Bits:63)
          =>  wckTime=0.245  cpuTime=0.376  mem=11M984

   INFO : <!-- Start saving the XML representation -->

   INFO : <!-- Stop saving the XML representation of g50.xml -->

   Solver SolverBacktrack being built... 
          =>  wckTime=0.442  cpuTime=0.542  mem=14M692

    instantiation X0=0 X1=33 X2=23 X3=15 X4=11 X5=4 X6=20 X7=9 X8=7 X9=27 X10=26 X11=34 X12=30 X13=12 X14=6 X15=21 X16=2 X17=1 X18=32 X19=8 X20=10 X21=18 X22=3 X23=19 X24=31 X25=13 X26=36 X27=16 X28=38 X29=14 X30=5 X31=42 X32=22 X33=17 X34=24 X35=25 X36=28 

    solution X0=0 X1=33 X2=23 X3=15 X4=11 X5=4 X6=20 X7=9 X8=7 X9=27 X10=26 X11=34 X12=30 X13=12 X14=6 X15=21 X16=2 X17=1 X18=32 X19=8 X20=10 X21=18 X22=3 X23=19 X24=31 X25=13 X26=36 X27=16 X28=38 X29=14 X30=5 X31=42 X32=22 X33=17 X34=24 X35=25 X36=28 

   
   search
        run=0  nbConstraintChecks=64  depth=(min:38,max:36,avg:0)  nbEffectivePropagations=438  nbRevisions=375  nbUselessRevisions=375
        nbAssignments=37  nbFailedAssignments=0  nbBacktracks=0  nbVisitedNodes=38  nbRestartNogoods=0  nbFoundSolutions=1  upperBound=9223372036854775807
          =>  wckTime=0.598  cpuTime=1.11  mem=19M346

   
   global
        nbConstraintChecks=64  nbEffectivePropagations=438  nbRevisions=375  nbUselessRevisions=375  nbRestartNogoods=0  solvingWckTime=0.599
        expiredTime=no  totalExploration=no  nbFoundSolutions=1  firstSolutionCpuTime=1.107  Stop=REACHED_GOAL
          =>  wckTime=1.042  cpuTime=1.11  mem=19M346

s SATISFIABLE
v X0=0 X1=33 X2=23 X3=15 X4=11 X5=4 X6=20 X7=9 X8=7 X9=27 X10=26 X11=34 X12=30 X13=12 X14=6 X15=21 X16=2 X17=1 X18=32 X19=8 X20=10 X21=18 X22=3 X23=19 X24=31 X25=13 X26=36 X27=16 X28=38 X29=14 X30=5 X31=42 X32=22 X33=17 X34=24 X35=25 X36=28 
d NODES 37

   totalWckTime=0.953  totalCpuTime=1.111
