
   AbsCon 1.41 (January, 2014) - defaultConfiguration

   
   instance
        framework=CSP  name=Isomorphism-/cluster/gpg/ciaran/sip-benchmarks/benchmarks/LV/g9-/cluster/gpg/ciaran/sip-benchmarks/benchmarks/LV/g21
        parameters=/cluster/gpg/ciaran/sip-benchmarks/benchmarks/LV/g9,/cluster/gpg/ciaran/sip-benchmarks/benchmarks/LV/g21

   loading variables...
        nbVariables=37  nbDomainTypes=1  nbTotalValues=2368  domainSizes=(64:37)
          =>  wckTime=0.185  cpuTime=0.285  mem=9M577

   loading objectives...

   loading constraints...
        nbConstraints=64  nbSpecificConstraints=1  nbExtensionStructures=(1,shared:62)  nbConflictsStructures=(1,shared:62,unbuilt:1)
        degrees=(1:6)(2:7)(3:5)...(8:1)(9:1)(10:2)  arities=(2:63)(37:1)  types=(AllDifferent:1)(ConstraintHardExtensionV-Bits:63)
          =>  wckTime=0.242  cpuTime=0.34  mem=7M398

   INFO : <!-- Start saving the XML representation -->

   INFO : <!-- Stop saving the XML representation of g21.xml -->

   Solver SolverBacktrack being built... 
          =>  wckTime=0.383  cpuTime=0.46  mem=20M591

    instantiation X0=0 X1=24 X2=25 X3=3 X4=6 X5=7 X6=26 X7=10 X8=1 X9=27 X10=9 X11=28 X12=11 X13=17 X14=19 X15=29 X16=2 X17=5 X18=14 X19=15 X20=16 X21=12 X22=4 X23=23 X24=13 X25=21 X26=22 X27=30 X28=18 X29=31 X30=8 X31=32 X32=33 X33=20 X34=34 X35=35 X36=36 

    solution X0=0 X1=24 X2=25 X3=3 X4=6 X5=7 X6=26 X7=10 X8=1 X9=27 X10=9 X11=28 X12=11 X13=17 X14=19 X15=29 X16=2 X17=5 X18=14 X19=15 X20=16 X21=12 X22=4 X23=23 X24=13 X25=21 X26=22 X27=30 X28=18 X29=31 X30=8 X31=32 X32=33 X33=20 X34=34 X35=35 X36=36 

   
   search
        run=0  nbConstraintChecks=64  depth=(min:38,max:36,avg:0)  nbEffectivePropagations=538  nbRevisions=63  nbUselessRevisions=63
        nbAssignments=37  nbFailedAssignments=0  nbBacktracks=0  nbVisitedNodes=38  nbRestartNogoods=0  nbFoundSolutions=1  upperBound=9223372036854775807
          =>  wckTime=0.314  cpuTime=0.764  mem=18M88

   
   global
        nbConstraintChecks=64  nbEffectivePropagations=538  nbRevisions=63  nbUselessRevisions=63  nbRestartNogoods=0  solvingWckTime=0.314
        expiredTime=no  totalExploration=no  nbFoundSolutions=1  firstSolutionCpuTime=0.761  Stop=REACHED_GOAL
          =>  wckTime=0.697  cpuTime=0.765  mem=18M88

s SATISFIABLE
v X0=0 X1=24 X2=25 X3=3 X4=6 X5=7 X6=26 X7=10 X8=1 X9=27 X10=9 X11=28 X12=11 X13=17 X14=19 X15=29 X16=2 X17=5 X18=14 X19=15 X20=16 X21=12 X22=4 X23=23 X24=13 X25=21 X26=22 X27=30 X28=18 X29=31 X30=8 X31=32 X32=33 X33=20 X34=34 X35=35 X36=36 
d NODES 37

   totalWckTime=0.591  totalCpuTime=0.765
