
   AbsCon 1.41 (January, 2014) - defaultConfiguration

   
   instance
        framework=CSP  name=Isomorphism-/cluster/gpg/ciaran/sip-benchmarks/benchmarks/LV/g9-/cluster/gpg/ciaran/sip-benchmarks/benchmarks/LV/g44
        parameters=/cluster/gpg/ciaran/sip-benchmarks/benchmarks/LV/g9,/cluster/gpg/ciaran/sip-benchmarks/benchmarks/LV/g44

   loading variables...
        nbVariables=37  nbDomainTypes=1  nbTotalValues=4736  domainSizes=(128:37)
          =>  wckTime=0.183  cpuTime=0.291  mem=9M453

   loading objectives...

   loading constraints...
        nbConstraints=64  nbSpecificConstraints=1  nbExtensionStructures=(1,shared:62)  nbConflictsStructures=(1,shared:62,unbuilt:1)
        degrees=(1:6)(2:7)(3:5)...(8:1)(9:1)(10:2)  arities=(2:63)(37:1)  types=(AllDifferent:1)(ConstraintHardExtensionV-Bits:63)
          =>  wckTime=0.253  cpuTime=0.346  mem=5M545

   INFO : <!-- Start saving the XML representation -->

   INFO : <!-- Stop saving the XML representation of g44.xml -->

   Solver SolverBacktrack being built... 
          =>  wckTime=0.41  cpuTime=0.484  mem=19M483

   
   search
        run=0  nbConstraintChecks=0  depth=(min:0,max:11,avg:3)  nbEffectivePropagations=7284  nbRevisions=27183  nbUselessRevisions=25414
        nbAssignments=1014  nbFailedAssignments=856  nbBacktracks=159  nbVisitedNodes=1927  nbRestartNogoods=0
          =>  wckTime=2.699  cpuTime=3.149  mem=78M42

   
   global
        nbConstraintChecks=0  nbEffectivePropagations=7284  nbRevisions=27183  nbUselessRevisions=25414  nbRestartNogoods=0  solvingWckTime=2.7
        expiredTime=no  totalExploration=yes  nbFoundSolutions=0  Stop=FULL_EXPLORATION
          =>  wckTime=3.11  cpuTime=3.149  mem=78M42

s UNSATISFIABLE
d NODES 1014

   totalWckTime=3.005  totalCpuTime=3.15
