
   AbsCon 1.41 (January, 2014) - defaultConfiguration

   
   instance
        framework=CSP  name=Isomorphism-/cluster/gpg/ciaran/sip-benchmarks/benchmarks/LV/g9-/cluster/gpg/ciaran/sip-benchmarks/benchmarks/LV/g47
        parameters=/cluster/gpg/ciaran/sip-benchmarks/benchmarks/LV/g9,/cluster/gpg/ciaran/sip-benchmarks/benchmarks/LV/g47

   loading variables...
        nbVariables=37  nbDomainTypes=1  nbTotalValues=4736  domainSizes=(128:37)
          =>  wckTime=0.244  cpuTime=0.333  mem=9M283

   loading objectives...

   loading constraints...
        nbConstraints=64  nbSpecificConstraints=1  nbExtensionStructures=(1,shared:62)  nbConflictsStructures=(1,shared:62,unbuilt:1)
        degrees=(1:6)(2:7)(3:5)...(8:1)(9:1)(10:2)  arities=(2:63)(37:1)  types=(AllDifferent:1)(ConstraintHardExtensionV-Bits:63)
          =>  wckTime=0.322  cpuTime=0.408  mem=5M978

   INFO : <!-- Start saving the XML representation -->

   INFO : <!-- Stop saving the XML representation of g47.xml -->

   Solver SolverBacktrack being built... 
          =>  wckTime=0.508  cpuTime=0.566  mem=20M158

   
   search
        run=0  nbConstraintChecks=0  depth=(min:0,max:0,avg:1)  nbEffectivePropagations=334  nbRevisions=2339  nbUselessRevisions=2032
        nbAssignments=128  nbFailedAssignments=128  nbBacktracks=1  nbVisitedNodes=256  nbRestartNogoods=0
          =>  wckTime=0.561  cpuTime=1.086  mem=32M538

   
   global
        nbConstraintChecks=0  nbEffectivePropagations=334  nbRevisions=2339  nbUselessRevisions=2032  nbRestartNogoods=0  solvingWckTime=0.562
        expiredTime=no  totalExploration=yes  nbFoundSolutions=0  Stop=FULL_EXPLORATION
          =>  wckTime=1.07  cpuTime=1.086  mem=32M538

s UNSATISFIABLE
d NODES 128

   totalWckTime=0.92  totalCpuTime=1.087
