
   AbsCon 1.41 (January, 2014) - defaultConfiguration

   
   instance
        framework=CSP  name=Isomorphism-/cluster/gpg/ciaran/sip-benchmarks/benchmarks/LV/g9-/cluster/gpg/ciaran/sip-benchmarks/benchmarks/LV/g41
        parameters=/cluster/gpg/ciaran/sip-benchmarks/benchmarks/LV/g9,/cluster/gpg/ciaran/sip-benchmarks/benchmarks/LV/g41

   loading variables...
        nbVariables=37  nbDomainTypes=1  nbTotalValues=4736  domainSizes=(128:37)
          =>  wckTime=0.19  cpuTime=0.29  mem=9M492

   loading objectives...

   loading constraints...
        nbConstraints=64  nbSpecificConstraints=1  nbExtensionStructures=(1,shared:62)  nbConflictsStructures=(1,shared:62,unbuilt:1)
        degrees=(1:6)(2:7)(3:5)...(8:1)(9:1)(10:2)  arities=(2:63)(37:1)  types=(AllDifferent:1)(ConstraintHardExtensionV-Bits:63)
          =>  wckTime=0.244  cpuTime=0.335  mem=4M759

   INFO : <!-- Start saving the XML representation -->

   INFO : <!-- Stop saving the XML representation of g41.xml -->

   Solver SolverBacktrack being built... 
          =>  wckTime=0.406  cpuTime=0.47  mem=18M592

   
   search
        run=0  nbConstraintChecks=0  depth=(min:0,max:0,avg:1)  nbEffectivePropagations=689  nbRevisions=3571  nbUselessRevisions=2909
        nbAssignments=128  nbFailedAssignments=128  nbBacktracks=1  nbVisitedNodes=256  nbRestartNogoods=0
          =>  wckTime=0.196  cpuTime=0.659  mem=13M919

   
   global
        nbConstraintChecks=0  nbEffectivePropagations=689  nbRevisions=3571  nbUselessRevisions=2909  nbRestartNogoods=0  solvingWckTime=0.197
        expiredTime=no  totalExploration=yes  nbFoundSolutions=0  Stop=FULL_EXPLORATION
          =>  wckTime=0.604  cpuTime=0.66  mem=13M919

s UNSATISFIABLE
d NODES 128

   totalWckTime=0.491  totalCpuTime=0.66
