
   AbsCon 1.41 (January, 2014) - defaultConfiguration

   
   instance
        framework=CSP  name=Isomorphism-/cluster/gpg/ciaran/sip-benchmarks/benchmarks/images-CVIU11/patterns/pattern42-/cluster/gpg/ciaran/sip-benchmarks/benchmarks/images-CVIU11/targets/target80
        parameters=/cluster/gpg/ciaran/sip-benchmarks/benchmarks/images-CVIU11/patterns/pattern42,/cluster/gpg/ciaran/sip-benchmarks/benchmarks/images-CVIU11/targets/target80
      

   loading variables...
        nbVariables=97  nbDomainTypes=1  nbTotalValues=265198  domainSizes=(2734:97)
          =>  wckTime=0.272  cpuTime=0.338  mem=68M760

   loading objectives...

   loading constraints...
        nbConstraints=137  nbSpecificConstraints=1  nbExtensionStructures=(1,shared:135)  nbConflictsStructures=(1,shared:135,unbuilt:1)
        degrees=(3:21)(4:74)(5:2)  arities=(2:136)(97:1)  types=(AllDifferent:1)(ConstraintHardExtensionV-Bits:136)
          =>  wckTime=0.467  cpuTime=0.525  mem=92M983

   INFO : <!-- Start saving the XML representation -->

   INFO : <!-- Stop saving the XML representation of target80.xml -->

   Solver SolverBacktrack being built... 
          =>  wckTime=2.183  cpuTime=2.155  mem=493M367

   
   search
        run=0  nbConstraintChecks=0  depth=(min:0,max:0,avg:1)  nbEffectivePropagations=41583  nbRevisions=119793  nbUselessRevisions=78211
        nbAssignments=2656  nbFailedAssignments=2656  nbBacktracks=1  nbVisitedNodes=5313  nbRestartNogoods=0
          =>  wckTime=428.506  cpuTime=426.299  mem=1793M205

   
   global
        nbConstraintChecks=0  nbEffectivePropagations=41583  nbRevisions=119793  nbUselessRevisions=78211  nbRestartNogoods=0
        solvingWckTime=428.507  expiredTime=no  totalExploration=yes  nbFoundSolutions=0  Stop=FULL_EXPLORATION
          =>  wckTime=430.691  cpuTime=426.299  mem=1793M205

s UNSATISFIABLE
d NODES 2656

   totalWckTime=430.58  totalCpuTime=426.302
