
   AbsCon 1.41 (January, 2014) - defaultConfiguration

   
   instance
        framework=CSP  name=Isomorphism-/cluster/gpg/ciaran/sip-benchmarks/benchmarks/images-CVIU11/patterns/pattern8-/cluster/gpg/ciaran/sip-benchmarks/benchmarks/images-CVIU11/targets/target129
        parameters=/cluster/gpg/ciaran/sip-benchmarks/benchmarks/images-CVIU11/patterns/pattern8,/cluster/gpg/ciaran/sip-benchmarks/benchmarks/images-CVIU11/targets/target129
      

   loading variables...
        nbVariables=90  nbDomainTypes=1  nbTotalValues=157590  domainSizes=(1751:90)
          =>  wckTime=0.272  cpuTime=0.382  mem=31M364

   loading objectives...

   loading constraints...
        nbConstraints=131  nbSpecificConstraints=1  nbExtensionStructures=(1,shared:129)  nbConflictsStructures=(1,shared:129,unbuilt:1)
        degrees=(3:14)(4:72)(5:4)  arities=(2:130)(90:1)  types=(AllDifferent:1)(ConstraintHardExtensionV-Bits:130)
          =>  wckTime=0.414  cpuTime=0.519  mem=37M189

   INFO : <!-- Start saving the XML representation -->

   INFO : <!-- Stop saving the XML representation of target129.xml -->

   Solver SolverBacktrack being built... 
          =>  wckTime=1.204  cpuTime=1.253  mem=241M230

   
   search
        run=0  nbConstraintChecks=0  depth=(min:0,max:0,avg:1)  nbEffectivePropagations=29363  nbRevisions=79680  nbUselessRevisions=50318
        nbAssignments=1742  nbFailedAssignments=1742  nbBacktracks=1  nbVisitedNodes=3485  nbRestartNogoods=0
          =>  wckTime=110.997  cpuTime=111.039  mem=1212M346

   
   global
        nbConstraintChecks=0  nbEffectivePropagations=29363  nbRevisions=79680  nbUselessRevisions=50318  nbRestartNogoods=0
        solvingWckTime=110.998  expiredTime=no  totalExploration=yes  nbFoundSolutions=0  Stop=FULL_EXPLORATION
          =>  wckTime=112.202  cpuTime=111.04  mem=1212M346

s UNSATISFIABLE
d NODES 1742

   totalWckTime=112.061  totalCpuTime=111.042
