
   AbsCon 1.41 (January, 2014) - defaultConfiguration

   
   instance
        framework=CSP  name=Isomorphism-/cluster/gpg/ciaran/sip-benchmarks/benchmarks/images-CVIU11/patterns/pattern23-/cluster/gpg/ciaran/sip-benchmarks/benchmarks/images-CVIU11/targets/target48
        parameters=/cluster/gpg/ciaran/sip-benchmarks/benchmarks/images-CVIU11/patterns/pattern23,/cluster/gpg/ciaran/sip-benchmarks/benchmarks/images-CVIU11/targets/target48
      

   loading variables...
        nbVariables=50  nbDomainTypes=1  nbTotalValues=143350  domainSizes=(2867:50)
          =>  wckTime=0.248  cpuTime=0.332  mem=71M537

   loading objectives...

   loading constraints...
        nbConstraints=72  nbSpecificConstraints=1  nbExtensionStructures=(1,shared:70)  nbConflictsStructures=(1,shared:70,unbuilt:1)
        degrees=(3:9)(4:40)(5:1)  arities=(2:71)(50:1)  types=(AllDifferent:1)(ConstraintHardExtensionV-Bits:71)
          =>  wckTime=0.391  cpuTime=0.474  mem=86M565

   INFO : <!-- Start saving the XML representation -->

   INFO : <!-- Stop saving the XML representation of target48.xml -->

   Solver SolverBacktrack being built... 

   INFO : Stop creating residues for RevisionManagerBitRm
          =>  wckTime=2.182  cpuTime=2.171  mem=806M182

   
   search
        run=0  nbConstraintChecks=0  depth=(min:0,max:0,avg:1)  nbEffectivePropagations=29784  nbRevisions=93124  nbUselessRevisions=63341
        nbAssignments=2792  nbFailedAssignments=2792  nbBacktracks=1  nbVisitedNodes=5585  nbRestartNogoods=0
          =>  wckTime=454.375  cpuTime=449.783  mem=614M872

   
   global
        nbConstraintChecks=0  nbEffectivePropagations=29784  nbRevisions=93124  nbUselessRevisions=63341  nbRestartNogoods=0
        solvingWckTime=454.376  expiredTime=no  totalExploration=yes  nbFoundSolutions=0  Stop=FULL_EXPLORATION
          =>  wckTime=456.558  cpuTime=449.783  mem=614M872

s UNSATISFIABLE
d NODES 2792

   totalWckTime=456.457  totalCpuTime=449.785
