
   AbsCon 1.41 (January, 2014) - defaultConfiguration

   
   instance
        framework=CSP  name=Isomorphism-/cluster/gpg/ciaran/sip-benchmarks/benchmarks/images-CVIU11/patterns/pattern29-/cluster/gpg/ciaran/sip-benchmarks/benchmarks/images-CVIU11/targets/target112
        parameters=/cluster/gpg/ciaran/sip-benchmarks/benchmarks/images-CVIU11/patterns/pattern29,/cluster/gpg/ciaran/sip-benchmarks/benchmarks/images-CVIU11/targets/target112
      

   loading variables...
        nbVariables=22  nbDomainTypes=1  nbTotalValues=55572  domainSizes=(2526:22)
          =>  wckTime=0.244  cpuTime=0.324  mem=56M215

   loading objectives...

   loading constraints...
        nbConstraints=32  nbSpecificConstraints=1  nbExtensionStructures=(1,shared:30)  nbConflictsStructures=(1,shared:30,unbuilt:1)
        degrees=(3:4)(4:18)  arities=(2:31)(22:1)  types=(AllDifferent:1)(ConstraintHardExtensionV-Bits:31)
          =>  wckTime=0.361  cpuTime=0.441  mem=64M573

   INFO : <!-- Start saving the XML representation -->

   INFO : <!-- Stop saving the XML representation of target112.xml -->

   Solver SolverBacktrack being built... 
          =>  wckTime=1.749  cpuTime=1.763  mem=458M97

   
   search
        run=0  nbConstraintChecks=0  depth=(min:0,max:0,avg:1)  nbEffectivePropagations=17392  nbRevisions=49075  nbUselessRevisions=31702
        nbAssignments=2471  nbFailedAssignments=2471  nbBacktracks=1  nbVisitedNodes=4943  nbRestartNogoods=0
          =>  wckTime=278.802  cpuTime=277.259  mem=1941M205

   
   global
        nbConstraintChecks=0  nbEffectivePropagations=17392  nbRevisions=49075  nbUselessRevisions=31702  nbRestartNogoods=0
        solvingWckTime=278.803  expiredTime=no  totalExploration=yes  nbFoundSolutions=0  Stop=FULL_EXPLORATION
          =>  wckTime=280.553  cpuTime=277.259  mem=1941M205

s UNSATISFIABLE
d NODES 2471

   totalWckTime=280.453  totalCpuTime=277.26
