
   AbsCon 1.41 (January, 2014) - defaultConfiguration

   
   instance
        framework=CSP  name=Isomorphism-/cluster/gpg/ciaran/sip-benchmarks/benchmarks/images-CVIU11/patterns/pattern22-/cluster/gpg/ciaran/sip-benchmarks/benchmarks/images-CVIU11/targets/target100
        parameters=/cluster/gpg/ciaran/sip-benchmarks/benchmarks/images-CVIU11/patterns/pattern22,/cluster/gpg/ciaran/sip-benchmarks/benchmarks/images-CVIU11/targets/target100
      

   loading variables...
        nbVariables=117  nbDomainTypes=1  nbTotalValues=206388  domainSizes=(1764:117)
          =>  wckTime=0.234  cpuTime=0.33  mem=32M597

   loading objectives...

   loading constraints...
        nbConstraints=165  nbSpecificConstraints=1  nbExtensionStructures=(1,shared:163)  nbConflictsStructures=(1,shared:163,unbuilt:1)
        degrees=(3:26)(4:88)(5:3)  arities=(2:164)(117:1)  types=(AllDifferent:1)(ConstraintHardExtensionV-Bits:164)
          =>  wckTime=0.403  cpuTime=0.492  mem=43M125

   INFO : <!-- Start saving the XML representation -->

   INFO : <!-- Stop saving the XML representation of target100.xml -->

   Solver SolverBacktrack being built... 
          =>  wckTime=1.183  cpuTime=1.225  mem=245M291

   
   search
        run=0  nbConstraintChecks=0  depth=(min:0,max:0,avg:1)  nbEffectivePropagations=35384  nbRevisions=101908  nbUselessRevisions=66630
        nbAssignments=1746  nbFailedAssignments=1746  nbBacktracks=1  nbVisitedNodes=3493  nbRestartNogoods=0
          =>  wckTime=155.502  cpuTime=155.196  mem=1002M571

   
   global
        nbConstraintChecks=0  nbEffectivePropagations=35384  nbRevisions=101908  nbUselessRevisions=66630  nbRestartNogoods=0
        solvingWckTime=155.503  expiredTime=no  totalExploration=yes  nbFoundSolutions=0  Stop=FULL_EXPLORATION
          =>  wckTime=156.687  cpuTime=155.196  mem=1002M571

s UNSATISFIABLE
d NODES 1746

   totalWckTime=156.581  totalCpuTime=155.199
