
   AbsCon 1.41 (January, 2014) - defaultConfiguration

   
   instance
        framework=CSP  name=Isomorphism-/cluster/gpg/ciaran/sip-benchmarks/benchmarks/images-CVIU11/patterns/pattern10-/cluster/gpg/ciaran/sip-benchmarks/benchmarks/images-CVIU11/targets/target139
        parameters=/cluster/gpg/ciaran/sip-benchmarks/benchmarks/images-CVIU11/patterns/pattern10,/cluster/gpg/ciaran/sip-benchmarks/benchmarks/images-CVIU11/targets/target139
      

   loading variables...
        nbVariables=124  nbDomainTypes=1  nbTotalValues=254324  domainSizes=(2051:124)
          =>  wckTime=0.212  cpuTime=0.318  mem=42M480

   loading objectives...

   loading constraints...
        nbConstraints=169  nbSpecificConstraints=1  nbExtensionStructures=(2,shared:166)  nbConflictsStructures=(1,shared:166,unbuilt:2)
        degrees=(2:1)(3:38)(4:82)(5:3)  arities=(1:1)(2:167)(124:1)  types=(AllDifferent:1)(ConstraintHardExtensionV-Bits:167)(ConstraintHardExtensionV-Table:1)
        tables=(2:1)  nbTotalTuples=2
          =>  wckTime=0.395  cpuTime=0.494  mem=61M235

   INFO : <!-- Start saving the XML representation -->

   INFO : <!-- Stop saving the XML representation of target139.xml -->

   Solver SolverBacktrack being built... 
          =>  wckTime=1.378  cpuTime=1.421  mem=263M516

   
   search
        run=0  nbConstraintChecks=2051  depth=(min:0,max:0,avg:1)  nbEffectivePropagations=3280  nbRevisions=12766  nbUselessRevisions=9712
        nbAssignments=613  nbFailedAssignments=613  nbBacktracks=1  nbVisitedNodes=1227  nbRestartNogoods=0
          =>  wckTime=58.827  cpuTime=59.489  mem=817M444

   
   global
        nbConstraintChecks=2051  nbEffectivePropagations=3280  nbRevisions=12766  nbUselessRevisions=9712  nbRestartNogoods=0
        solvingWckTime=58.828  expiredTime=no  totalExploration=yes  nbFoundSolutions=0  Stop=FULL_EXPLORATION
          =>  wckTime=60.207  cpuTime=59.489  mem=817M444

s UNSATISFIABLE
d NODES 613

   totalWckTime=60.117  totalCpuTime=59.491
