
   AbsCon 1.41 (January, 2014) - defaultConfiguration

   
   instance
        framework=CSP  name=Isomorphism-/cluster/gpg/ciaran/sip-benchmarks/benchmarks/images-CVIU11/patterns/pattern2-/cluster/gpg/ciaran/sip-benchmarks/benchmarks/images-CVIU11/targets/target54
        parameters=/cluster/gpg/ciaran/sip-benchmarks/benchmarks/images-CVIU11/patterns/pattern2,/cluster/gpg/ciaran/sip-benchmarks/benchmarks/images-CVIU11/targets/target54
      

   loading variables...
        nbVariables=108  nbDomainTypes=1  nbTotalValues=297432  domainSizes=(2754:108)
          =>  wckTime=0.239  cpuTime=0.331  mem=69M131

   loading objectives...

   loading constraints...
        nbConstraints=154  nbSpecificConstraints=1  nbExtensionStructures=(1,shared:152)  nbConflictsStructures=(1,shared:152,unbuilt:1)
        degrees=(3:20)(4:86)(5:2)  arities=(2:153)(108:1)  types=(AllDifferent:1)(ConstraintHardExtensionV-Bits:153)
          =>  wckTime=0.433  cpuTime=0.516  mem=83M689

   INFO : <!-- Start saving the XML representation -->

   INFO : <!-- Stop saving the XML representation of target54.xml -->

   Solver SolverBacktrack being built... 
          =>  wckTime=1.984  cpuTime=1.948  mem=480M1

   
   search
        run=0  nbConstraintChecks=0  depth=(min:0,max:0,avg:1)  nbEffectivePropagations=38652  nbRevisions=123714  nbUselessRevisions=85063
        nbAssignments=2753  nbFailedAssignments=2753  nbBacktracks=1  nbVisitedNodes=5507  nbRestartNogoods=0
          =>  wckTime=984.999  cpuTime=974.736  mem=689M243

   
   global
        nbConstraintChecks=0  nbEffectivePropagations=38652  nbRevisions=123714  nbUselessRevisions=85063  nbRestartNogoods=0
        solvingWckTime=985.0  expiredTime=no  totalExploration=yes  nbFoundSolutions=0  Stop=FULL_EXPLORATION
          =>  wckTime=986.984  cpuTime=974.737  mem=689M243

s UNSATISFIABLE
d NODES 2753

   totalWckTime=986.892  totalCpuTime=974.74
