
   AbsCon 1.41 (January, 2014) - defaultConfiguration

   
   instance
        framework=CSP  name=Isomorphism-/cluster/gpg/ciaran/sip-benchmarks/benchmarks/meshes-CVIU11/patterns/pattern1-/cluster/gpg/ciaran/sip-benchmarks/benchmarks/meshes-CVIU11/targets/target357
        parameters=/cluster/gpg/ciaran/sip-benchmarks/benchmarks/meshes-CVIU11/patterns/pattern1,/cluster/gpg/ciaran/sip-benchmarks/benchmarks/meshes-CVIU11/targets/target357
      

   loading variables...
        nbVariables=49  nbDomainTypes=1  nbTotalValues=20139  domainSizes=(411:49)
          =>  wckTime=0.236  cpuTime=0.346  mem=4M870

   loading objectives...

   loading constraints...
        nbConstraints=137  nbSpecificConstraints=1  nbExtensionStructures=(1,shared:135)  nbConflictsStructures=(1,shared:135,unbuilt:1)
        degrees=(5:8)(6:8)(7:32)(9:1)  arities=(2:136)(49:1)  types=(AllDifferent:1)(ConstraintHardExtensionV-Bits:136)
          =>  wckTime=0.312  cpuTime=0.421  mem=11M715

   INFO : <!-- Start saving the XML representation -->

   INFO : <!-- Stop saving the XML representation of target357.xml -->

   Solver SolverBacktrack being built... 
          =>  wckTime=0.562  cpuTime=0.635  mem=20M788

   
   search
        run=0  nbConstraintChecks=0  depth=(min:0,max:0,avg:1)  nbEffectivePropagations=2776  nbRevisions=14381  nbUselessRevisions=11646
        nbAssignments=403  nbFailedAssignments=403  nbBacktracks=1  nbVisitedNodes=807  nbRestartNogoods=0
          =>  wckTime=1.427  cpuTime=1.985  mem=26M408

   
   global
        nbConstraintChecks=0  nbEffectivePropagations=2776  nbRevisions=14381  nbUselessRevisions=11646  nbRestartNogoods=0  solvingWckTime=1.428
        expiredTime=no  totalExploration=yes  nbFoundSolutions=0  Stop=FULL_EXPLORATION
          =>  wckTime=1.99  cpuTime=1.985  mem=26M408

s UNSATISFIABLE
d NODES 403

   totalWckTime=1.849  totalCpuTime=1.986
