
   AbsCon 1.41 (January, 2014) - defaultConfiguration

   
   instance
        framework=CSP  name=Isomorphism-/cluster/gpg/ciaran/sip-benchmarks/benchmarks/meshes-CVIU11/patterns/pattern6-/cluster/gpg/ciaran/sip-benchmarks/benchmarks/meshes-CVIU11/targets/target265
        parameters=/cluster/gpg/ciaran/sip-benchmarks/benchmarks/meshes-CVIU11/patterns/pattern6,/cluster/gpg/ciaran/sip-benchmarks/benchmarks/meshes-CVIU11/targets/target265
      

   loading variables...
        nbVariables=199  nbDomainTypes=1  nbTotalValues=127957  domainSizes=(643:199)
          =>  wckTime=0.203  cpuTime=0.316  mem=10M377

   loading objectives...

   loading constraints...
        nbConstraints=540  nbSpecificConstraints=1  nbExtensionStructures=(1,shared:538)  nbConflictsStructures=(1,shared:538,unbuilt:1)
        degrees=(4:25)(5:32)(6:29)...(8:26)(9:1)(11:6)  arities=(2:539)(199:1)  types=(AllDifferent:1)(ConstraintHardExtensionV-Bits:539)
          =>  wckTime=0.423  cpuTime=0.524  mem=20M325

   INFO : <!-- Start saving the XML representation -->

   INFO : <!-- Stop saving the XML representation of target265.xml -->

   Solver SolverBacktrack being built... 
          =>  wckTime=0.822  cpuTime=0.871  mem=45M250

   
   search
        run=0  nbConstraintChecks=0  depth=(min:0,max:0,avg:1)  nbEffectivePropagations=8086  nbRevisions=48868  nbUselessRevisions=40783
        nbAssignments=625  nbFailedAssignments=625  nbBacktracks=1  nbVisitedNodes=1251  nbRestartNogoods=0
          =>  wckTime=7.588  cpuTime=8.353  mem=292M591

   
   global
        nbConstraintChecks=0  nbEffectivePropagations=8086  nbRevisions=48868  nbUselessRevisions=40783  nbRestartNogoods=0  solvingWckTime=7.589
        expiredTime=no  totalExploration=yes  nbFoundSolutions=0  Stop=FULL_EXPLORATION
          =>  wckTime=8.412  cpuTime=8.353  mem=292M591

s UNSATISFIABLE
d NODES 625

   totalWckTime=8.313  totalCpuTime=8.354
