
   AbsCon 1.41 (January, 2014) - defaultConfiguration

   
   instance
        framework=CSP  name=Isomorphism-/cluster/gpg/ciaran/sip-benchmarks/benchmarks/meshes-CVIU11/patterns/pattern2-/cluster/gpg/ciaran/sip-benchmarks/benchmarks/meshes-CVIU11/targets/target177
        parameters=/cluster/gpg/ciaran/sip-benchmarks/benchmarks/meshes-CVIU11/patterns/pattern2,/cluster/gpg/ciaran/sip-benchmarks/benchmarks/meshes-CVIU11/targets/target177
      

   loading variables...
        nbVariables=129  nbDomainTypes=1  nbTotalValues=94557  domainSizes=(733:129)
          =>  wckTime=0.26  cpuTime=0.358  mem=10M342

   loading objectives...

   loading constraints...
        nbConstraints=382  nbSpecificConstraints=1  nbExtensionStructures=(1,shared:380)  nbConflictsStructures=(1,shared:380,unbuilt:1)
        degrees=(5:2)(6:13)(7:112)(9:1)(10:1)  arities=(2:381)(129:1)  types=(AllDifferent:1)(ConstraintHardExtensionV-Bits:381)
          =>  wckTime=0.454  cpuTime=0.543  mem=19M340

   INFO : <!-- Start saving the XML representation -->

   INFO : <!-- Stop saving the XML representation of target177.xml -->

   Solver SolverBacktrack being built... 
          =>  wckTime=0.795  cpuTime=0.847  mem=45M633

   
   search
        run=0  nbConstraintChecks=0  depth=(min:0,max:0,avg:1)  nbEffectivePropagations=4805  nbRevisions=31485  nbUselessRevisions=26681
        nbAssignments=720  nbFailedAssignments=720  nbBacktracks=1  nbVisitedNodes=1441  nbRestartNogoods=0
          =>  wckTime=12.061  cpuTime=12.736  mem=284M936

   
   global
        nbConstraintChecks=0  nbEffectivePropagations=4805  nbRevisions=31485  nbUselessRevisions=26681  nbRestartNogoods=0  solvingWckTime=12.061
        expiredTime=no  totalExploration=yes  nbFoundSolutions=0  Stop=FULL_EXPLORATION
          =>  wckTime=12.856  cpuTime=12.736  mem=284M936

s UNSATISFIABLE
d NODES 720

   totalWckTime=12.716  totalCpuTime=12.737
