
   AbsCon 1.41 (January, 2014) - defaultConfiguration

   
   instance
        framework=CSP  name=Isomorphism-/cluster/gpg/ciaran/sip-benchmarks/benchmarks/meshes-CVIU11/patterns/pattern2-/cluster/gpg/ciaran/sip-benchmarks/benchmarks/meshes-CVIU11/targets/target305
        parameters=/cluster/gpg/ciaran/sip-benchmarks/benchmarks/meshes-CVIU11/patterns/pattern2,/cluster/gpg/ciaran/sip-benchmarks/benchmarks/meshes-CVIU11/targets/target305
      

   loading variables...
        nbVariables=129  nbDomainTypes=1  nbTotalValues=108876  domainSizes=(844:129)
          =>  wckTime=0.211  cpuTime=0.346  mem=11M976

   loading objectives...

   loading constraints...
        nbConstraints=382  nbSpecificConstraints=1  nbExtensionStructures=(1,shared:380)  nbConflictsStructures=(1,shared:380,unbuilt:1)
        degrees=(5:2)(6:13)(7:112)(9:1)(10:1)  arities=(2:381)(129:1)  types=(AllDifferent:1)(ConstraintHardExtensionV-Bits:381)
          =>  wckTime=0.392  cpuTime=0.516  mem=22M186

   INFO : <!-- Start saving the XML representation -->

   INFO : <!-- Stop saving the XML representation of target305.xml -->

   Solver SolverBacktrack being built... 
          =>  wckTime=0.776  cpuTime=0.864  mem=69M155

   
   search
        run=0  nbConstraintChecks=0  depth=(min:0,max:0,avg:1)  nbEffectivePropagations=8093  nbRevisions=40591  nbUselessRevisions=32624
        nbAssignments=831  nbFailedAssignments=831  nbBacktracks=1  nbVisitedNodes=1663  nbRestartNogoods=0
          =>  wckTime=13.59  cpuTime=14.307  mem=223M640

   
   global
        nbConstraintChecks=0  nbEffectivePropagations=8093  nbRevisions=40591  nbUselessRevisions=32624  nbRestartNogoods=0  solvingWckTime=13.591
        expiredTime=no  totalExploration=yes  nbFoundSolutions=0  Stop=FULL_EXPLORATION
          =>  wckTime=14.368  cpuTime=14.308  mem=223M640

s UNSATISFIABLE
d NODES 831

   totalWckTime=14.259  totalCpuTime=14.308
