
   AbsCon 1.41 (January, 2014) - defaultConfiguration

   
   instance
        framework=CSP  name=Isomorphism-/cluster/gpg/ciaran/sip-benchmarks/benchmarks/meshes-CVIU11/patterns/pattern1-/cluster/gpg/ciaran/sip-benchmarks/benchmarks/meshes-CVIU11/targets/target368
        parameters=/cluster/gpg/ciaran/sip-benchmarks/benchmarks/meshes-CVIU11/patterns/pattern1,/cluster/gpg/ciaran/sip-benchmarks/benchmarks/meshes-CVIU11/targets/target368
      

   loading variables...
        nbVariables=49  nbDomainTypes=1  nbTotalValues=112112  domainSizes=(2288:49)
          =>  wckTime=0.225  cpuTime=0.32  mem=48M153

   loading objectives...

   loading constraints...
        nbConstraints=137  nbSpecificConstraints=1  nbExtensionStructures=(1,shared:135)  nbConflictsStructures=(1,shared:135,unbuilt:1)
        degrees=(5:8)(6:8)(7:32)(9:1)  arities=(2:136)(49:1)  types=(AllDifferent:1)(ConstraintHardExtensionV-Bits:136)
          =>  wckTime=0.388  cpuTime=0.469  mem=54M807

   INFO : <!-- Start saving the XML representation -->

   INFO : <!-- Stop saving the XML representation of target368.xml -->

   Solver SolverBacktrack being built... 
          =>  wckTime=1.526  cpuTime=1.532  mem=432M337

   
   search
        run=0  nbConstraintChecks=0  depth=(min:0,max:0,avg:1)  nbEffectivePropagations=18520  nbRevisions=90613  nbUselessRevisions=72134
        nbAssignments=2116  nbFailedAssignments=2116  nbBacktracks=1  nbVisitedNodes=4233  nbRestartNogoods=0
          =>  wckTime=116.735  cpuTime=116.942  mem=1881M31

   
   global
        nbConstraintChecks=0  nbEffectivePropagations=18520  nbRevisions=90613  nbUselessRevisions=72134  nbRestartNogoods=0
        solvingWckTime=116.736  expiredTime=no  totalExploration=yes  nbFoundSolutions=0  Stop=FULL_EXPLORATION
          =>  wckTime=118.262  cpuTime=116.943  mem=1881M31

s UNSATISFIABLE
d NODES 2116

   totalWckTime=118.167  totalCpuTime=116.945
