
   AbsCon 1.41 (January, 2014) - defaultConfiguration

   
   instance
        framework=CSP  name=Isomorphism-/cluster/gpg/ciaran/sip-benchmarks/benchmarks/meshes-CVIU11/patterns/pattern5-/cluster/gpg/ciaran/sip-benchmarks/benchmarks/meshes-CVIU11/targets/target409
        parameters=/cluster/gpg/ciaran/sip-benchmarks/benchmarks/meshes-CVIU11/patterns/pattern5,/cluster/gpg/ciaran/sip-benchmarks/benchmarks/meshes-CVIU11/targets/target409
      

   loading variables...
        nbVariables=82  nbDomainTypes=1  nbTotalValues=30750  domainSizes=(375:82)
          =>  wckTime=0.246  cpuTime=0.367  mem=5M110

   loading objectives...

   loading constraints...
        nbConstraints=241  nbSpecificConstraints=1  nbExtensionStructures=(1,shared:239)  nbConflictsStructures=(1,shared:239,unbuilt:1)
        degrees=(6:16)(7:64)(9:2)  arities=(2:240)(82:1)  types=(AllDifferent:1)(ConstraintHardExtensionV-Bits:240)
          =>  wckTime=0.364  cpuTime=0.485  mem=16M329

   INFO : <!-- Start saving the XML representation -->

   INFO : <!-- Stop saving the XML representation of target409.xml -->

   Solver SolverBacktrack being built... 
          =>  wckTime=0.611  cpuTime=0.704  mem=27M123

   
   search
        run=0  nbConstraintChecks=0  depth=(min:0,max:0,avg:1)  nbEffectivePropagations=2655  nbRevisions=16210  nbUselessRevisions=13629
        nbAssignments=367  nbFailedAssignments=367  nbBacktracks=1  nbVisitedNodes=735  nbRestartNogoods=0
          =>  wckTime=1.607  cpuTime=2.27  mem=117M593

   
   global
        nbConstraintChecks=0  nbEffectivePropagations=2655  nbRevisions=16210  nbUselessRevisions=13629  nbRestartNogoods=0  solvingWckTime=1.607
        expiredTime=no  totalExploration=yes  nbFoundSolutions=0  Stop=FULL_EXPLORATION
          =>  wckTime=2.219  cpuTime=2.27  mem=117M593

s UNSATISFIABLE
d NODES 367

   totalWckTime=2.071  totalCpuTime=2.271
