
   AbsCon 1.41 (January, 2014) - defaultConfiguration

   
   instance
        framework=CSP  name=Isomorphism-/cluster/gpg/ciaran/sip-benchmarks/benchmarks/meshes-CVIU11/patterns/pattern6-/cluster/gpg/ciaran/sip-benchmarks/benchmarks/meshes-CVIU11/targets/target443
        parameters=/cluster/gpg/ciaran/sip-benchmarks/benchmarks/meshes-CVIU11/patterns/pattern6,/cluster/gpg/ciaran/sip-benchmarks/benchmarks/meshes-CVIU11/targets/target443
      

   loading variables...
        nbVariables=199  nbDomainTypes=1  nbTotalValues=485560  domainSizes=(2440:199)
          =>  wckTime=0.301  cpuTime=0.375  mem=60M706

   loading objectives...

   loading constraints...
        nbConstraints=540  nbSpecificConstraints=1  nbExtensionStructures=(1,shared:538)  nbConflictsStructures=(1,shared:538,unbuilt:1)
        degrees=(4:25)(5:32)(6:29)...(8:26)(9:1)(11:6)  arities=(2:539)(199:1)  types=(AllDifferent:1)(ConstraintHardExtensionV-Bits:539)
          =>  wckTime=0.637  cpuTime=0.693  mem=96M430

   INFO : <!-- Start saving the XML representation -->

   INFO : <!-- Stop saving the XML representation of target443.xml -->

   Solver SolverBacktrack being built... 
          =>  wckTime=1.934  cpuTime=1.933  mem=459M320

   
   search
        run=0  nbConstraintChecks=0  depth=(min:0,max:0,avg:1)  nbEffectivePropagations=54640  nbRevisions=256849  nbUselessRevisions=202405
        nbAssignments=1796  nbFailedAssignments=1796  nbBacktracks=1  nbVisitedNodes=3593  nbRestartNogoods=0
          =>  wckTime=203.189  cpuTime=203.289  mem=1153M404

   
   global
        nbConstraintChecks=0  nbEffectivePropagations=54640  nbRevisions=256849  nbUselessRevisions=202405  nbRestartNogoods=0
        solvingWckTime=203.19  expiredTime=no  totalExploration=yes  nbFoundSolutions=0  Stop=FULL_EXPLORATION
          =>  wckTime=205.124  cpuTime=203.29  mem=1153M404

s UNSATISFIABLE
d NODES 1796

   totalWckTime=204.994  totalCpuTime=203.292
