
   AbsCon 1.41 (January, 2014) - defaultConfiguration

   
   instance
        framework=CSP  name=Isomorphism-/cluster/gpg/ciaran/sip-benchmarks/benchmarks/meshes-CVIU11/patterns/pattern1-/cluster/gpg/ciaran/sip-benchmarks/benchmarks/meshes-CVIU11/targets/target223
        parameters=/cluster/gpg/ciaran/sip-benchmarks/benchmarks/meshes-CVIU11/patterns/pattern1,/cluster/gpg/ciaran/sip-benchmarks/benchmarks/meshes-CVIU11/targets/target223
      

   loading variables...
        nbVariables=49  nbDomainTypes=1  nbTotalValues=119119  domainSizes=(2431:49)
          =>  wckTime=0.258  cpuTime=0.341  mem=53M572

   loading objectives...

   loading constraints...
        nbConstraints=137  nbSpecificConstraints=1  nbExtensionStructures=(1,shared:135)  nbConflictsStructures=(1,shared:135,unbuilt:1)
        degrees=(5:8)(6:8)(7:32)(9:1)  arities=(2:136)(49:1)  types=(AllDifferent:1)(ConstraintHardExtensionV-Bits:136)
          =>  wckTime=0.459  cpuTime=0.535  mem=71M501

   INFO : <!-- Start saving the XML representation -->

   INFO : <!-- Stop saving the XML representation of target223.xml -->

   Solver SolverBacktrack being built... 
          =>  wckTime=1.771  cpuTime=1.772  mem=441M664

   
   search
        run=0  nbConstraintChecks=0  depth=(min:0,max:0,avg:1)  nbEffectivePropagations=16860  nbRevisions=87813  nbUselessRevisions=70954
        nbAssignments=2426  nbFailedAssignments=2426  nbBacktracks=1  nbVisitedNodes=4853  nbRestartNogoods=0
          =>  wckTime=144.936  cpuTime=144.849  mem=1236M253

   
   global
        nbConstraintChecks=0  nbEffectivePropagations=16860  nbRevisions=87813  nbUselessRevisions=70954  nbRestartNogoods=0
        solvingWckTime=144.937  expiredTime=no  totalExploration=yes  nbFoundSolutions=0  Stop=FULL_EXPLORATION
          =>  wckTime=146.708  cpuTime=144.85  mem=1236M253

s UNSATISFIABLE
d NODES 2426

   totalWckTime=146.604  totalCpuTime=144.851
