
   AbsCon 1.41 (January, 2014) - defaultConfiguration

   
   instance
        framework=CSP  name=Isomorphism-/cluster/gpg/ciaran/sip-benchmarks/benchmarks/meshes-CVIU11/patterns/pattern3-/cluster/gpg/ciaran/sip-benchmarks/benchmarks/meshes-CVIU11/targets/target17
        parameters=/cluster/gpg/ciaran/sip-benchmarks/benchmarks/meshes-CVIU11/patterns/pattern3,/cluster/gpg/ciaran/sip-benchmarks/benchmarks/meshes-CVIU11/targets/target17
      

   loading variables...
        nbVariables=163  nbDomainTypes=1  nbTotalValues=273514  domainSizes=(1678:163)
          =>  wckTime=0.222  cpuTime=0.324  mem=31M812

   loading objectives...

   loading constraints...
        nbConstraints=290  nbSpecificConstraints=1  nbExtensionStructures=(2,shared:287)  nbConflictsStructures=(1,shared:287,unbuilt:2)
        degrees=(2:14)(3:29)(4:105)...(6:1)(7:1)(132:1)  arities=(1:1)(2:288)(163:1)  types=(AllDifferent:1)(ConstraintHardExtensionV-Bits:288)(ConstraintHardExtensionV-Table:1)
        tables=(1:1)  nbTotalTuples=1
          =>  wckTime=0.453  cpuTime=0.54  mem=49M440

   INFO : <!-- Start saving the XML representation -->

   INFO : <!-- Stop saving the XML representation of target17.xml -->

   Solver SolverBacktrack being built... 
          =>  wckTime=1.222  cpuTime=1.253  mem=239M503

   
   search
        run=0  nbConstraintChecks=1677  depth=(min:0,max:0,avg:1)  nbEffectivePropagations=320  nbRevisions=580  nbUselessRevisions=292
        nbAssignments=2  nbFailedAssignments=2  nbBacktracks=1  nbVisitedNodes=4  nbRestartNogoods=0
          =>  wckTime=1.323  cpuTime=2.541  mem=290M895

   
   global
        nbConstraintChecks=1677  nbEffectivePropagations=320  nbRevisions=580  nbUselessRevisions=292  nbRestartNogoods=0  solvingWckTime=1.323
        expiredTime=no  totalExploration=yes  nbFoundSolutions=0  Stop=FULL_EXPLORATION
          =>  wckTime=2.545  cpuTime=2.541  mem=291M245

s UNSATISFIABLE
d NODES 2

   totalWckTime=2.453  totalCpuTime=2.542
