
   AbsCon 1.41 (January, 2014) - defaultConfiguration

   
   instance
        framework=CSP  name=Isomorphism-/cluster/gpg/ciaran/sip-benchmarks/benchmarks/meshes-CVIU11/patterns/pattern5-/cluster/gpg/ciaran/sip-benchmarks/benchmarks/meshes-CVIU11/targets/target216
        parameters=/cluster/gpg/ciaran/sip-benchmarks/benchmarks/meshes-CVIU11/patterns/pattern5,/cluster/gpg/ciaran/sip-benchmarks/benchmarks/meshes-CVIU11/targets/target216
      

   loading variables...
        nbVariables=82  nbDomainTypes=1  nbTotalValues=58712  domainSizes=(716:82)
          =>  wckTime=0.184  cpuTime=0.299  mem=9M708

   loading objectives...

   loading constraints...
        nbConstraints=241  nbSpecificConstraints=1  nbExtensionStructures=(1,shared:239)  nbConflictsStructures=(1,shared:239,unbuilt:1)
        degrees=(6:16)(7:64)(9:2)  arities=(2:240)(82:1)  types=(AllDifferent:1)(ConstraintHardExtensionV-Bits:240)
          =>  wckTime=0.314  cpuTime=0.426  mem=18M257

   INFO : <!-- Start saving the XML representation -->

   INFO : <!-- Stop saving the XML representation of target216.xml -->

   Solver SolverBacktrack being built... 
          =>  wckTime=0.638  cpuTime=0.714  mem=32M922

   
   search
        run=0  nbConstraintChecks=0  depth=(min:0,max:0,avg:1)  nbEffectivePropagations=5663  nbRevisions=29904  nbUselessRevisions=24318
        nbAssignments=711  nbFailedAssignments=711  nbBacktracks=1  nbVisitedNodes=1423  nbRestartNogoods=0
          =>  wckTime=6.357  cpuTime=6.936  mem=482M244

   
   global
        nbConstraintChecks=0  nbEffectivePropagations=5663  nbRevisions=29904  nbUselessRevisions=24318  nbRestartNogoods=0  solvingWckTime=6.358
        expiredTime=no  totalExploration=yes  nbFoundSolutions=0  Stop=FULL_EXPLORATION
          =>  wckTime=6.997  cpuTime=6.936  mem=482M244

s UNSATISFIABLE
d NODES 711

   totalWckTime=6.904  totalCpuTime=6.937
