
   AbsCon 1.41 (January, 2014) - defaultConfiguration

   
   instance
        framework=CSP  name=Isomorphism-/cluster/gpg/ciaran/sip-benchmarks/benchmarks/meshes-CVIU11/patterns/pattern6-/cluster/gpg/ciaran/sip-benchmarks/benchmarks/meshes-CVIU11/targets/target163
        parameters=/cluster/gpg/ciaran/sip-benchmarks/benchmarks/meshes-CVIU11/patterns/pattern6,/cluster/gpg/ciaran/sip-benchmarks/benchmarks/meshes-CVIU11/targets/target163
      

   loading variables...
        nbVariables=199  nbDomainTypes=1  nbTotalValues=392229  domainSizes=(1971:199)
          =>  wckTime=0.249  cpuTime=0.355  mem=42M637

   loading objectives...

   loading constraints...
        nbConstraints=540  nbSpecificConstraints=1  nbExtensionStructures=(1,shared:538)  nbConflictsStructures=(1,shared:538,unbuilt:1)
        degrees=(4:25)(5:32)(6:29)...(8:26)(9:1)(11:6)  arities=(2:539)(199:1)  types=(AllDifferent:1)(ConstraintHardExtensionV-Bits:539)
          =>  wckTime=0.604  cpuTime=0.685  mem=90M537

   INFO : <!-- Start saving the XML representation -->

   INFO : <!-- Stop saving the XML representation of target163.xml -->

   Solver SolverBacktrack being built... 
          =>  wckTime=1.629  cpuTime=1.627  mem=252M464

   
   search
        run=0  nbConstraintChecks=0  depth=(min:0,max:0,avg:1)  nbEffectivePropagations=20011  nbRevisions=128084  nbUselessRevisions=108074
        nbAssignments=1946  nbFailedAssignments=1946  nbBacktracks=1  nbVisitedNodes=3893  nbRestartNogoods=0
          =>  wckTime=183.799  cpuTime=183.561  mem=1158M760

   
   global
        nbConstraintChecks=0  nbEffectivePropagations=20011  nbRevisions=128084  nbUselessRevisions=108074  nbRestartNogoods=0
        solvingWckTime=183.8  expiredTime=no  totalExploration=yes  nbFoundSolutions=0  Stop=FULL_EXPLORATION
          =>  wckTime=185.429  cpuTime=183.562  mem=1158M760

s UNSATISFIABLE
d NODES 1946

   totalWckTime=185.317  totalCpuTime=183.563
