
   AbsCon 1.41 (January, 2014) - defaultConfiguration

   
   instance
        framework=CSP  name=Isomorphism-/cluster/gpg/ciaran/sip-benchmarks/benchmarks/meshes-CVIU11/patterns/pattern6-/cluster/gpg/ciaran/sip-benchmarks/benchmarks/meshes-CVIU11/targets/target151
        parameters=/cluster/gpg/ciaran/sip-benchmarks/benchmarks/meshes-CVIU11/patterns/pattern6,/cluster/gpg/ciaran/sip-benchmarks/benchmarks/meshes-CVIU11/targets/target151
      

   loading variables...
        nbVariables=199  nbDomainTypes=1  nbTotalValues=176314  domainSizes=(886:199)
          =>  wckTime=0.205  cpuTime=0.312  mem=13M981

   loading objectives...

   loading constraints...
        nbConstraints=540  nbSpecificConstraints=1  nbExtensionStructures=(1,shared:538)  nbConflictsStructures=(1,shared:538,unbuilt:1)
        degrees=(4:25)(5:32)(6:29)...(8:26)(9:1)(11:6)  arities=(2:539)(199:1)  types=(AllDifferent:1)(ConstraintHardExtensionV-Bits:539)
          =>  wckTime=0.463  cpuTime=0.548  mem=20M923

   INFO : <!-- Start saving the XML representation -->

   INFO : <!-- Stop saving the XML representation of target151.xml -->

   Solver SolverBacktrack being built... 
          =>  wckTime=0.872  cpuTime=0.91  mem=54M504

   
   search
        run=0  nbConstraintChecks=0  depth=(min:0,max:0,avg:1)  nbEffectivePropagations=15324  nbRevisions=82985  nbUselessRevisions=67662
        nbAssignments=820  nbFailedAssignments=820  nbBacktracks=1  nbVisitedNodes=1641  nbRestartNogoods=0
          =>  wckTime=18.769  cpuTime=19.484  mem=112M278

   
   global
        nbConstraintChecks=0  nbEffectivePropagations=15324  nbRevisions=82985  nbUselessRevisions=67662  nbRestartNogoods=0
        solvingWckTime=18.77  expiredTime=no  totalExploration=yes  nbFoundSolutions=0  Stop=FULL_EXPLORATION
          =>  wckTime=19.643  cpuTime=19.484  mem=112M278

s UNSATISFIABLE
d NODES 820

   totalWckTime=19.547  totalCpuTime=19.485
