
   AbsCon 1.41 (January, 2014) - defaultConfiguration

   
   instance
        framework=CSP  name=Isomorphism-/cluster/gpg/ciaran/sip-benchmarks/benchmarks/meshes-CVIU11/patterns/pattern3-/cluster/gpg/ciaran/sip-benchmarks/benchmarks/meshes-CVIU11/targets/target16
        parameters=/cluster/gpg/ciaran/sip-benchmarks/benchmarks/meshes-CVIU11/patterns/pattern3,/cluster/gpg/ciaran/sip-benchmarks/benchmarks/meshes-CVIU11/targets/target16
      

   loading variables...
        nbVariables=163  nbDomainTypes=1  nbTotalValues=280523  domainSizes=(1721:163)
          =>  wckTime=0.324  cpuTime=0.388  mem=32M781

   loading objectives...

   loading constraints...
        nbConstraints=290  nbSpecificConstraints=1  nbExtensionStructures=(2,shared:287)  nbConflictsStructures=(1,shared:287,unbuilt:2)
        degrees=(2:14)(3:29)(4:105)...(6:1)(7:1)(132:1)  arities=(1:1)(2:288)(163:1)  types=(AllDifferent:1)(ConstraintHardExtensionV-Bits:288)(ConstraintHardExtensionV-Table:1)
        tables=(1:1)  nbTotalTuples=1
          =>  wckTime=0.621  cpuTime=0.659  mem=52M145

   INFO : <!-- Start saving the XML representation -->

   INFO : <!-- Stop saving the XML representation of target16.xml -->

   Solver SolverBacktrack being built... 
          =>  wckTime=1.478  cpuTime=1.45  mem=238M717

   
   search
        run=0  nbConstraintChecks=1720  depth=(min:0,max:0,avg:1)  nbEffectivePropagations=320  nbRevisions=580  nbUselessRevisions=292
        nbAssignments=2  nbFailedAssignments=2  nbBacktracks=1  nbVisitedNodes=4  nbRestartNogoods=0
          =>  wckTime=1.897  cpuTime=3.299  mem=292M152

   
   global
        nbConstraintChecks=1720  nbEffectivePropagations=320  nbRevisions=580  nbUselessRevisions=292  nbRestartNogoods=0  solvingWckTime=1.898
        expiredTime=no  totalExploration=yes  nbFoundSolutions=0  Stop=FULL_EXPLORATION
          =>  wckTime=3.376  cpuTime=3.299  mem=292M152

s UNSATISFIABLE
d NODES 2

   totalWckTime=3.217  totalCpuTime=3.3
