
   AbsCon 1.41 (January, 2014) - defaultConfiguration

   
   instance
        framework=CSP  name=Isomorphism-/cluster/gpg/ciaran/sip-benchmarks/benchmarks/meshes-CVIU11/patterns/pattern6-/cluster/gpg/ciaran/sip-benchmarks/benchmarks/meshes-CVIU11/targets/target325
        parameters=/cluster/gpg/ciaran/sip-benchmarks/benchmarks/meshes-CVIU11/patterns/pattern6,/cluster/gpg/ciaran/sip-benchmarks/benchmarks/meshes-CVIU11/targets/target325
      

   loading variables...
        nbVariables=199  nbDomainTypes=1  nbTotalValues=56516  domainSizes=(284:199)
          =>  wckTime=0.206  cpuTime=0.297  mem=5M389

   loading objectives...

   loading constraints...
        nbConstraints=540  nbSpecificConstraints=1  nbExtensionStructures=(1,shared:538)  nbConflictsStructures=(1,shared:538,unbuilt:1)
        degrees=(4:25)(5:32)(6:29)...(8:26)(9:1)(11:6)  arities=(2:539)(199:1)  types=(AllDifferent:1)(ConstraintHardExtensionV-Bits:539)
          =>  wckTime=0.343  cpuTime=0.43  mem=12M734

   INFO : <!-- Start saving the XML representation -->

   INFO : <!-- Stop saving the XML representation of target325.xml -->

   Solver SolverBacktrack being built... 
          =>  wckTime=0.603  cpuTime=0.658  mem=21M39

   
   search
        run=0  nbConstraintChecks=0  depth=(min:0,max:0,avg:1)  nbEffectivePropagations=2152  nbRevisions=14207  nbUselessRevisions=12245
        nbAssignments=280  nbFailedAssignments=280  nbBacktracks=1  nbVisitedNodes=561  nbRestartNogoods=0
          =>  wckTime=1.005  cpuTime=1.608  mem=26M682

   
   global
        nbConstraintChecks=0  nbEffectivePropagations=2152  nbRevisions=14207  nbUselessRevisions=12245  nbRestartNogoods=0  solvingWckTime=1.005
        expiredTime=no  totalExploration=yes  nbFoundSolutions=0  Stop=FULL_EXPLORATION
          =>  wckTime=1.609  cpuTime=1.608  mem=26M682

s UNSATISFIABLE
d NODES 280

   totalWckTime=1.506  totalCpuTime=1.609
