
   AbsCon 1.41 (January, 2014) - defaultConfiguration

   
   instance
        framework=CSP  name=Isomorphism-/cluster/gpg/ciaran/sip-benchmarks/benchmarks/meshes-CVIU11/patterns/pattern6-/cluster/gpg/ciaran/sip-benchmarks/benchmarks/meshes-CVIU11/targets/target498
        parameters=/cluster/gpg/ciaran/sip-benchmarks/benchmarks/meshes-CVIU11/patterns/pattern6,/cluster/gpg/ciaran/sip-benchmarks/benchmarks/meshes-CVIU11/targets/target498
      

   loading variables...
        nbVariables=199  nbDomainTypes=1  nbTotalValues=85172  domainSizes=(428:199)
          =>  wckTime=0.194  cpuTime=0.3  mem=7M562

   loading objectives...

   loading constraints...
        nbConstraints=540  nbSpecificConstraints=1  nbExtensionStructures=(1,shared:538)  nbConflictsStructures=(1,shared:538,unbuilt:1)
        degrees=(4:25)(5:32)(6:29)...(8:26)(9:1)(11:6)  arities=(2:539)(199:1)  types=(AllDifferent:1)(ConstraintHardExtensionV-Bits:539)
          =>  wckTime=0.365  cpuTime=0.458  mem=12M744

   INFO : <!-- Start saving the XML representation -->

   INFO : <!-- Stop saving the XML representation of target498.xml -->

   Solver SolverBacktrack being built... 
          =>  wckTime=0.619  cpuTime=0.682  mem=24M930

   
   search
        run=0  nbConstraintChecks=0  depth=(min:0,max:0,avg:1)  nbEffectivePropagations=6054  nbRevisions=33970  nbUselessRevisions=28111
        nbAssignments=410  nbFailedAssignments=410  nbBacktracks=1  nbVisitedNodes=821  nbRestartNogoods=0
          =>  wckTime=3.287  cpuTime=3.894  mem=153M578

   
   global
        nbConstraintChecks=0  nbEffectivePropagations=6054  nbRevisions=33970  nbUselessRevisions=28111  nbRestartNogoods=0  solvingWckTime=3.288
        expiredTime=no  totalExploration=yes  nbFoundSolutions=0  Stop=FULL_EXPLORATION
          =>  wckTime=3.907  cpuTime=3.894  mem=153M578

s UNSATISFIABLE
d NODES 410

   totalWckTime=3.812  totalCpuTime=3.895
