
   AbsCon 1.41 (January, 2014) - defaultConfiguration

   
   instance
        framework=CSP  name=Isomorphism-/cluster/gpg/ciaran/sip-benchmarks/benchmarks/meshes-CVIU11/patterns/pattern5-/cluster/gpg/ciaran/sip-benchmarks/benchmarks/meshes-CVIU11/targets/target182
        parameters=/cluster/gpg/ciaran/sip-benchmarks/benchmarks/meshes-CVIU11/patterns/pattern5,/cluster/gpg/ciaran/sip-benchmarks/benchmarks/meshes-CVIU11/targets/target182
      

   loading variables...
        nbVariables=82  nbDomainTypes=1  nbTotalValues=87904  domainSizes=(1072:82)
          =>  wckTime=0.202  cpuTime=0.305  mem=15M273

   loading objectives...

   loading constraints...
        nbConstraints=241  nbSpecificConstraints=1  nbExtensionStructures=(1,shared:239)  nbConflictsStructures=(1,shared:239,unbuilt:1)
        degrees=(6:16)(7:64)(9:2)  arities=(2:240)(82:1)  types=(AllDifferent:1)(ConstraintHardExtensionV-Bits:240)
          =>  wckTime=0.361  cpuTime=0.454  mem=25M578

   INFO : <!-- Start saving the XML representation -->

   INFO : <!-- Stop saving the XML representation of target182.xml -->

   Solver SolverBacktrack being built... 
          =>  wckTime=0.814  cpuTime=0.864  mem=74M271

   
   search
        run=0  nbConstraintChecks=0  depth=(min:0,max:0,avg:1)  nbEffectivePropagations=6756  nbRevisions=38672  nbUselessRevisions=31990
        nbAssignments=1053  nbFailedAssignments=1053  nbBacktracks=1  nbVisitedNodes=2107  nbRestartNogoods=0
          =>  wckTime=23.37  cpuTime=23.954  mem=240M308

   
   global
        nbConstraintChecks=0  nbEffectivePropagations=6756  nbRevisions=38672  nbUselessRevisions=31990  nbRestartNogoods=0  solvingWckTime=23.37
        expiredTime=no  totalExploration=yes  nbFoundSolutions=0  Stop=FULL_EXPLORATION
          =>  wckTime=24.185  cpuTime=23.955  mem=240M308

s UNSATISFIABLE
d NODES 1053

   totalWckTime=24.081  totalCpuTime=23.955
