
   AbsCon 1.41 (January, 2014) - defaultConfiguration

   
   instance
        framework=CSP  name=Isomorphism-/cluster/gpg/ciaran/sip-benchmarks/benchmarks/meshes-CVIU11/patterns/pattern1-/cluster/gpg/ciaran/sip-benchmarks/benchmarks/meshes-CVIU11/targets/target220
        parameters=/cluster/gpg/ciaran/sip-benchmarks/benchmarks/meshes-CVIU11/patterns/pattern1,/cluster/gpg/ciaran/sip-benchmarks/benchmarks/meshes-CVIU11/targets/target220
      

   loading variables...
        nbVariables=49  nbDomainTypes=1  nbTotalValues=14700  domainSizes=(300:49)
          =>  wckTime=0.167  cpuTime=0.282  mem=10M96

   loading objectives...

   loading constraints...
        nbConstraints=137  nbSpecificConstraints=1  nbExtensionStructures=(1,shared:135)  nbConflictsStructures=(1,shared:135,unbuilt:1)
        degrees=(5:8)(6:8)(7:32)(9:1)  arities=(2:136)(49:1)  types=(AllDifferent:1)(ConstraintHardExtensionV-Bits:136)
          =>  wckTime=0.241  cpuTime=0.348  mem=8M830

   INFO : <!-- Start saving the XML representation -->

   INFO : <!-- Stop saving the XML representation of target220.xml -->

   Solver SolverBacktrack being built... 
          =>  wckTime=0.448  cpuTime=0.52  mem=17M459

   
   search
        run=0  nbConstraintChecks=0  depth=(min:0,max:0,avg:1)  nbEffectivePropagations=2014  nbRevisions=13552  nbUselessRevisions=11580
        nbAssignments=289  nbFailedAssignments=289  nbBacktracks=1  nbVisitedNodes=579  nbRestartNogoods=0
          =>  wckTime=0.912  cpuTime=1.373  mem=79M174

   
   global
        nbConstraintChecks=0  nbEffectivePropagations=2014  nbRevisions=13552  nbUselessRevisions=11580  nbRestartNogoods=0  solvingWckTime=0.913
        expiredTime=no  totalExploration=yes  nbFoundSolutions=0  Stop=FULL_EXPLORATION
          =>  wckTime=1.361  cpuTime=1.374  mem=79M174

s UNSATISFIABLE
d NODES 289

   totalWckTime=1.269  totalCpuTime=1.374
