
   AbsCon 1.41 (January, 2014) - defaultConfiguration

   
   instance
        framework=CSP  name=Isomorphism-/cluster/gpg/ciaran/sip-benchmarks/benchmarks/meshes-CVIU11/patterns/pattern1-/cluster/gpg/ciaran/sip-benchmarks/benchmarks/meshes-CVIU11/targets/target282
        parameters=/cluster/gpg/ciaran/sip-benchmarks/benchmarks/meshes-CVIU11/patterns/pattern1,/cluster/gpg/ciaran/sip-benchmarks/benchmarks/meshes-CVIU11/targets/target282
      

   loading variables...
        nbVariables=49  nbDomainTypes=1  nbTotalValues=88984  domainSizes=(1816:49)
          =>  wckTime=0.218  cpuTime=0.318  mem=32M383

   loading objectives...

   loading constraints...
        nbConstraints=137  nbSpecificConstraints=1  nbExtensionStructures=(1,shared:135)  nbConflictsStructures=(1,shared:135,unbuilt:1)
        degrees=(5:8)(6:8)(7:32)(9:1)  arities=(2:136)(49:1)  types=(AllDifferent:1)(ConstraintHardExtensionV-Bits:136)
          =>  wckTime=0.374  cpuTime=0.465  mem=37M830

   INFO : <!-- Start saving the XML representation -->

   INFO : <!-- Stop saving the XML representation of target282.xml -->

   Solver SolverBacktrack being built... 
          =>  wckTime=1.203  cpuTime=1.243  mem=243M915

   
   search
        run=0  nbConstraintChecks=0  depth=(min:0,max:0,avg:1)  nbEffectivePropagations=11043  nbRevisions=56960  nbUselessRevisions=45961
        nbAssignments=1620  nbFailedAssignments=1620  nbBacktracks=1  nbVisitedNodes=3241  nbRestartNogoods=0
          =>  wckTime=75.033  cpuTime=75.289  mem=946M755

   
   global
        nbConstraintChecks=0  nbEffectivePropagations=11043  nbRevisions=56960  nbUselessRevisions=45961  nbRestartNogoods=0
        solvingWckTime=75.034  expiredTime=no  totalExploration=yes  nbFoundSolutions=0  Stop=FULL_EXPLORATION
          =>  wckTime=76.237  cpuTime=75.29  mem=946M755

s UNSATISFIABLE
d NODES 1620

   totalWckTime=76.137  totalCpuTime=75.29
