
   AbsCon 1.41 (January, 2014) - defaultConfiguration

   
   instance
        framework=CSP  name=Isomorphism-/cluster/gpg/ciaran/sip-benchmarks/benchmarks/meshes-CVIU11/patterns/pattern3-/cluster/gpg/ciaran/sip-benchmarks/benchmarks/meshes-CVIU11/targets/target513
        parameters=/cluster/gpg/ciaran/sip-benchmarks/benchmarks/meshes-CVIU11/patterns/pattern3,/cluster/gpg/ciaran/sip-benchmarks/benchmarks/meshes-CVIU11/targets/target513
      

   loading variables...
        nbVariables=163  nbDomainTypes=1  nbTotalValues=239121  domainSizes=(1467:163)
          =>  wckTime=0.207  cpuTime=0.318  mem=26M280

   loading objectives...

   loading constraints...
        nbConstraints=290  nbSpecificConstraints=1  nbExtensionStructures=(2,shared:287)  nbConflictsStructures=(1,shared:287,unbuilt:2)
        degrees=(2:14)(3:29)(4:105)...(6:1)(7:1)(132:1)  arities=(1:1)(2:288)(163:1)  types=(AllDifferent:1)(ConstraintHardExtensionV-Bits:288)(ConstraintHardExtensionV-Table:1)
        tables=(1:1)  nbTotalTuples=1
          =>  wckTime=0.383  cpuTime=0.481  mem=34M749

   INFO : <!-- Start saving the XML representation -->

   INFO : <!-- Stop saving the XML representation of target513.xml -->

   Solver SolverBacktrack being built... 
          =>  wckTime=0.996  cpuTime=1.058  mem=149M228

   
   search
        run=0  nbConstraintChecks=1466  depth=(min:0,max:0,avg:1)  nbEffectivePropagations=201  nbRevisions=223  nbUselessRevisions=55
        nbAssignments=1  nbFailedAssignments=1  nbBacktracks=1  nbVisitedNodes=3  nbRestartNogoods=0
          =>  wckTime=0.459  cpuTime=1.486  mem=179M445

   
   global
        nbConstraintChecks=1466  nbEffectivePropagations=201  nbRevisions=223  nbUselessRevisions=55  nbRestartNogoods=0  solvingWckTime=0.459
        expiredTime=no  totalExploration=yes  nbFoundSolutions=0  Stop=FULL_EXPLORATION
          =>  wckTime=1.457  cpuTime=1.486  mem=179M445

s UNSATISFIABLE
d NODES 1

   totalWckTime=1.369  totalCpuTime=1.491
