
   AbsCon 1.41 (January, 2014) - defaultConfiguration

   
   instance
        framework=CSP  name=Isomorphism-/cluster/gpg/ciaran/sip-benchmarks/benchmarks/meshes-CVIU11/patterns/pattern3-/cluster/gpg/ciaran/sip-benchmarks/benchmarks/meshes-CVIU11/targets/target220
        parameters=/cluster/gpg/ciaran/sip-benchmarks/benchmarks/meshes-CVIU11/patterns/pattern3,/cluster/gpg/ciaran/sip-benchmarks/benchmarks/meshes-CVIU11/targets/target220
      

   loading variables...
        nbVariables=163  nbDomainTypes=1  nbTotalValues=48900  domainSizes=(300:163)
          =>  wckTime=0.19  cpuTime=0.29  mem=5M94

   loading objectives...

   loading constraints...
        nbConstraints=290  nbSpecificConstraints=1  nbExtensionStructures=(2,shared:287)  nbConflictsStructures=(1,shared:287,unbuilt:2)
        degrees=(2:14)(3:29)(4:105)...(6:1)(7:1)(132:1)  arities=(1:1)(2:288)(163:1)  types=(AllDifferent:1)(ConstraintHardExtensionV-Bits:288)(ConstraintHardExtensionV-Table:1)
        tables=(0:1)  nbTotalTuples=0
          =>  wckTime=0.289  cpuTime=0.388  mem=15M687

   INFO : <!-- Start saving the XML representation -->

   INFO : <!-- Stop saving the XML representation of target220.xml -->

   Solver SolverBacktrack being built... 
          =>  wckTime=0.53  cpuTime=0.589  mem=26M695

   
   search
        run=0  nbConstraintChecks=299  depth=(min:0,max:0,avg:1)  nbEffectivePropagations=1  nbRevisions=1  nbUselessRevisions=0
        nbAssignments=1  nbFailedAssignments=1  nbBacktracks=1  nbVisitedNodes=3  nbRestartNogoods=0
          =>  wckTime=0.019  cpuTime=0.609  mem=27M848

   
   global
        nbConstraintChecks=299  nbEffectivePropagations=1  nbRevisions=1  nbUselessRevisions=0  nbRestartNogoods=0  solvingWckTime=0.02
        expiredTime=no  totalExploration=yes  nbFoundSolutions=0  Stop=FULL_EXPLORATION
          =>  wckTime=0.551  cpuTime=0.61  mem=27M848

s UNSATISFIABLE
d NODES 1

   totalWckTime=0.454  totalCpuTime=0.61
