
   AbsCon 1.41 (January, 2014) - defaultConfiguration

   
   instance
        framework=CSP  name=Isomorphism-/cluster/gpg/ciaran/sip-benchmarks/benchmarks/meshes-CVIU11/patterns/pattern2-/cluster/gpg/ciaran/sip-benchmarks/benchmarks/meshes-CVIU11/targets/target13
        parameters=/cluster/gpg/ciaran/sip-benchmarks/benchmarks/meshes-CVIU11/patterns/pattern2,/cluster/gpg/ciaran/sip-benchmarks/benchmarks/meshes-CVIU11/targets/target13
      

   loading variables...
        nbVariables=129  nbDomainTypes=1  nbTotalValues=178020  domainSizes=(1380:129)
          =>  wckTime=0.23  cpuTime=0.322  mem=23M346

   loading objectives...

   loading constraints...
        nbConstraints=382  nbSpecificConstraints=1  nbExtensionStructures=(1,shared:380)  nbConflictsStructures=(1,shared:380,unbuilt:1)
        degrees=(5:2)(6:13)(7:112)(9:1)(10:1)  arities=(2:381)(129:1)  types=(AllDifferent:1)(ConstraintHardExtensionV-Bits:381)
          =>  wckTime=0.455  cpuTime=0.532  mem=37M666

   INFO : <!-- Start saving the XML representation -->

   INFO : <!-- Stop saving the XML representation of target13.xml -->

   Solver SolverBacktrack being built... 
          =>  wckTime=1.038  cpuTime=1.045  mem=113M691

   
   search
        run=0  nbConstraintChecks=0  depth=(min:0,max:0,avg:1)  nbEffectivePropagations=8841  nbRevisions=60635  nbUselessRevisions=51915
        nbAssignments=1357  nbFailedAssignments=1357  nbBacktracks=1  nbVisitedNodes=2715  nbRestartNogoods=0
          =>  wckTime=77.99  cpuTime=78.107  mem=695M194

   
   global
        nbConstraintChecks=0  nbEffectivePropagations=8841  nbRevisions=60635  nbUselessRevisions=51915  nbRestartNogoods=0  solvingWckTime=77.991
        expiredTime=no  totalExploration=yes  nbFoundSolutions=0  Stop=FULL_EXPLORATION
          =>  wckTime=79.03  cpuTime=78.107  mem=695M194

s UNSATISFIABLE
d NODES 1357

   totalWckTime=78.925  totalCpuTime=78.108
