
   AbsCon 1.41 (January, 2014) - defaultConfiguration

   
   instance
        framework=CSP  name=Isomorphism-/cluster/gpg/ciaran/sip-benchmarks/benchmarks/meshes-CVIU11/patterns/pattern2-/cluster/gpg/ciaran/sip-benchmarks/benchmarks/meshes-CVIU11/targets/target462
        parameters=/cluster/gpg/ciaran/sip-benchmarks/benchmarks/meshes-CVIU11/patterns/pattern2,/cluster/gpg/ciaran/sip-benchmarks/benchmarks/meshes-CVIU11/targets/target462
      

   loading variables...
        nbVariables=129  nbDomainTypes=1  nbTotalValues=67854  domainSizes=(526:129)
          =>  wckTime=0.194  cpuTime=0.306  mem=8M422

   loading objectives...

   loading constraints...
        nbConstraints=382  nbSpecificConstraints=1  nbExtensionStructures=(1,shared:380)  nbConflictsStructures=(1,shared:380,unbuilt:1)
        degrees=(5:2)(6:13)(7:112)(9:1)(10:1)  arities=(2:381)(129:1)  types=(AllDifferent:1)(ConstraintHardExtensionV-Bits:381)
          =>  wckTime=0.337  cpuTime=0.445  mem=15M9

   INFO : <!-- Start saving the XML representation -->

   INFO : <!-- Stop saving the XML representation of target462.xml -->

   Solver SolverBacktrack being built... 
          =>  wckTime=0.644  cpuTime=0.701  mem=25M126

   
   search
        run=0  nbConstraintChecks=0  depth=(min:0,max:0,avg:1)  nbEffectivePropagations=3451  nbRevisions=18201  nbUselessRevisions=14751
        nbAssignments=476  nbFailedAssignments=476  nbBacktracks=1  nbVisitedNodes=953  nbRestartNogoods=0
          =>  wckTime=2.949  cpuTime=3.559  mem=229M594

   
   global
        nbConstraintChecks=0  nbEffectivePropagations=3451  nbRevisions=18201  nbUselessRevisions=14751  nbRestartNogoods=0  solvingWckTime=2.95
        expiredTime=no  totalExploration=yes  nbFoundSolutions=0  Stop=FULL_EXPLORATION
          =>  wckTime=3.594  cpuTime=3.56  mem=229M594

s UNSATISFIABLE
d NODES 476

   totalWckTime=3.501  totalCpuTime=3.56
