
   AbsCon 1.41 (January, 2014) - defaultConfiguration

   
   instance
        framework=CSP  name=Isomorphism-/cluster/gpg/ciaran/sip-benchmarks/benchmarks/si2_bvg_b06m_400/si2_b06m_m400.09/pattern-/cluster/gpg/ciaran/sip-benchmarks/benchmarks/si2_bvg_b06m_400/si2_b06m_m400.09/target
        parameters=/cluster/gpg/ciaran/sip-benchmarks/benchmarks/si2_bvg_b06m_400/si2_b06m_m400.09/pattern,/cluster/gpg/ciaran/sip-benchmarks/benchmarks/si2_bvg_b06m_400/si2_b06m_m400.09/target
      

   loading variables...
        nbVariables=80  nbDomainTypes=1  nbTotalValues=32000  domainSizes=(400:80)
          =>  wckTime=0.183  cpuTime=0.299  mem=5M292

   loading objectives...

   loading constraints...
        nbConstraints=156  nbSpecificConstraints=1  nbExtensionStructures=(1,shared:154)  nbConflictsStructures=(1,shared:154,unbuilt:1)
        degrees=(2:4)(3:18)(4:22)...(10:1)(11:1)(14:1)  arities=(2:155)(80:1)  types=(AllDifferent:1)(ConstraintHardExtensionV-Bits:155)
          =>  wckTime=0.263  cpuTime=0.378  mem=13M217

   INFO : <!-- Start saving the XML representation -->

   INFO : <!-- Stop saving the XML representation of target.xml -->

   Solver SolverBacktrack being built... 
          =>  wckTime=0.494  cpuTime=0.578  mem=26M347

    instantiation X0=0 X1=32 X2=39 X3=53 X4=115 X5=141 X6=225 X7=274 X8=326 X9=352 X10=389 X11=9 X12=74 X13=75 X14=129 X15=183 X16=220 X17=306 X18=2 X19=58 X20=142 X21=174 X22=253 X23=269 X24=327 X25=328 X26=21 X27=236 X28=350 X29=5 X30=23 X31=196 X32=213 X33=276 X34=346 X35=10 X36=70 X37=118 X38=121 X39=395 X40=8 X41=251 X42=288 X43=303 X44=383 X45=44 X46=195 X47=218 X48=295 X49=31 X50=38 X51=287 X52=339 X53=375 X54=41 X55=98 X56=145 X57=242 X58=86 X59=89 X60=94 X61=112 X62=165 X63=263 X64=364 X65=42 X66=122 X67=270 X68=200 X69=1 X70=4 X71=120 X72=186 X73=210 X74=212 X75=237 X76=246 X77=265 X78=338 X79=344 

    solution X0=0 X1=32 X2=39 X3=53 X4=115 X5=141 X6=225 X7=274 X8=326 X9=352 X10=389 X11=9 X12=74 X13=75 X14=129 X15=183 X16=220 X17=306 X18=2 X19=58 X20=142 X21=174 X22=253 X23=269 X24=327 X25=328 X26=21 X27=236 X28=350 X29=5 X30=23 X31=196 X32=213 X33=276 X34=346 X35=10 X36=70 X37=118 X38=121 X39=395 X40=8 X41=251 X42=288 X43=303 X44=383 X45=44 X46=195 X47=218 X48=295 X49=31 X50=38 X51=287 X52=339 X53=375 X54=41 X55=98 X56=145 X57=242 X58=86 X59=89 X60=94 X61=112 X62=165 X63=263 X64=364 X65=42 X66=122 X67=270 X68=200 X69=1 X70=4 X71=120 X72=186 X73=210 X74=212 X75=237 X76=246 X77=265 X78=338 X79=344 

   
   search
        run=0  nbConstraintChecks=156  depth=(min:0,max:79,avg:1)  nbEffectivePropagations=18  nbRevisions=439  nbUselessRevisions=439
        nbAssignments=82  nbFailedAssignments=2  nbBacktracks=0  nbVisitedNodes=85  nbRestartNogoods=0  nbFoundSolutions=1  upperBound=9223372036854775807
          =>  wckTime=2.058  cpuTime=2.579  mem=69M585

   
   global
        nbConstraintChecks=156  nbEffectivePropagations=18  nbRevisions=439  nbUselessRevisions=439  nbRestartNogoods=0  solvingWckTime=2.058
        expiredTime=no  totalExploration=no  nbFoundSolutions=1  firstSolutionCpuTime=2.571  Stop=REACHED_GOAL
          =>  wckTime=2.552  cpuTime=2.579  mem=69M585

s SATISFIABLE
v X0=0 X1=32 X2=39 X3=53 X4=115 X5=141 X6=225 X7=274 X8=326 X9=352 X10=389 X11=9 X12=74 X13=75 X14=129 X15=183 X16=220 X17=306 X18=2 X19=58 X20=142 X21=174 X22=253 X23=269 X24=327 X25=328 X26=21 X27=236 X28=350 X29=5 X30=23 X31=196 X32=213 X33=276 X34=346 X35=10 X36=70 X37=118 X38=121 X39=395 X40=8 X41=251 X42=288 X43=303 X44=383 X45=44 X46=195 X47=218 X48=295 X49=31 X50=38 X51=287 X52=339 X53=375 X54=41 X55=98 X56=145 X57=242 X58=86 X59=89 X60=94 X61=112 X62=165 X63=263 X64=364 X65=42 X66=122 X67=270 X68=200 X69=1 X70=4 X71=120 X72=186 X73=210 X74=212 X75=237 X76=246 X77=265 X78=338 X79=344 
d NODES 82

   totalWckTime=2.463  totalCpuTime=2.58
