
   AbsCon 1.41 (January, 2014) - defaultConfiguration

   
   instance
        framework=CSP  name=Isomorphism-/cluster/gpg/ciaran/sip-benchmarks/benchmarks/si2_rand_r001_400/si2_r001_m400.07/pattern-/cluster/gpg/ciaran/sip-benchmarks/benchmarks/si2_rand_r001_400/si2_r001_m400.07/target
        parameters=/cluster/gpg/ciaran/sip-benchmarks/benchmarks/si2_rand_r001_400/si2_r001_m400.07/pattern,/cluster/gpg/ciaran/sip-benchmarks/benchmarks/si2_rand_r001_400/si2_r001_m400.07/target
      

   loading variables...
        nbVariables=80  nbDomainTypes=1  nbTotalValues=32000  domainSizes=(400:80)
          =>  wckTime=0.193  cpuTime=0.299  mem=4M881

   loading objectives...

   loading constraints...
        nbConstraints=114  nbSpecificConstraints=1  nbExtensionStructures=(1,shared:112)  nbConflictsStructures=(1,shared:112,unbuilt:1)
        degrees=(2:18)(3:20)(4:24)...(8:1)(9:1)(11:1)  arities=(2:113)(80:1)  types=(AllDifferent:1)(ConstraintHardExtensionV-Bits:113)
          =>  wckTime=0.276  cpuTime=0.38  mem=13M57

   INFO : <!-- Start saving the XML representation -->

   INFO : <!-- Stop saving the XML representation of target.xml -->

   Solver SolverBacktrack being built... 
          =>  wckTime=0.571  cpuTime=0.623  mem=26M4

    instantiation X0=291 X1=336 X2=97 X3=287 X4=177 X5=33 X6=53 X7=199 X8=151 X9=305 X10=271 X11=350 X12=209 X13=20 X14=72 X15=23 X16=274 X17=25 X18=38 X19=283 X20=301 X21=163 X22=196 X23=96 X24=171 X25=13 X26=257 X27=118 X28=18 X29=64 X30=39 X31=8 X32=304 X33=238 X34=58 X35=105 X36=9 X37=60 X38=41 X39=114 X40=75 X41=144 X42=272 X43=111 X44=0 X45=284 X46=80 X47=229 X48=85 X49=63 X50=66 X51=310 X52=299 X53=77 X54=84 X55=261 X56=221 X57=49 X58=133 X59=50 X60=359 X61=129 X62=130 X63=365 X64=34 X65=46 X66=270 X67=327 X68=341 X69=355 X70=112 X71=42 X72=15 X73=51 X74=398 X75=325 X76=140 X77=382 X78=27 X79=45 

    solution X0=291 X1=336 X2=97 X3=287 X4=177 X5=33 X6=53 X7=199 X8=151 X9=305 X10=271 X11=350 X12=209 X13=20 X14=72 X15=23 X16=274 X17=25 X18=38 X19=283 X20=301 X21=163 X22=196 X23=96 X24=171 X25=13 X26=257 X27=118 X28=18 X29=64 X30=39 X31=8 X32=304 X33=238 X34=58 X35=105 X36=9 X37=60 X38=41 X39=114 X40=75 X41=144 X42=272 X43=111 X44=0 X45=284 X46=80 X47=229 X48=85 X49=63 X50=66 X51=310 X52=299 X53=77 X54=84 X55=261 X56=221 X57=49 X58=133 X59=50 X60=359 X61=129 X62=130 X63=365 X64=34 X65=46 X66=270 X67=327 X68=341 X69=355 X70=112 X71=42 X72=15 X73=51 X74=398 X75=325 X76=140 X77=382 X78=27 X79=45 

   
   search
        run=0  nbConstraintChecks=114  depth=(min:0,max:79,avg:1)  nbEffectivePropagations=7892  nbRevisions=11819  nbUselessRevisions=8695
        nbAssignments=462  nbFailedAssignments=364  nbBacktracks=18  nbVisitedNodes=839  nbRestartNogoods=0  nbFoundSolutions=1
        upperBound=9223372036854775807
          =>  wckTime=14.624  cpuTime=15.085  mem=159M213

   
   global
        nbConstraintChecks=114  nbEffectivePropagations=7892  nbRevisions=11819  nbUselessRevisions=8695  nbRestartNogoods=0
        solvingWckTime=14.625  expiredTime=no  totalExploration=no  nbFoundSolutions=1  firstSolutionCpuTime=15.083  Stop=REACHED_GOAL
          =>  wckTime=15.196  cpuTime=15.086  mem=159M213

s SATISFIABLE
v X0=291 X1=336 X2=97 X3=287 X4=177 X5=33 X6=53 X7=199 X8=151 X9=305 X10=271 X11=350 X12=209 X13=20 X14=72 X15=23 X16=274 X17=25 X18=38 X19=283 X20=301 X21=163 X22=196 X23=96 X24=171 X25=13 X26=257 X27=118 X28=18 X29=64 X30=39 X31=8 X32=304 X33=238 X34=58 X35=105 X36=9 X37=60 X38=41 X39=114 X40=75 X41=144 X42=272 X43=111 X44=0 X45=284 X46=80 X47=229 X48=85 X49=63 X50=66 X51=310 X52=299 X53=77 X54=84 X55=261 X56=221 X57=49 X58=133 X59=50 X60=359 X61=129 X62=130 X63=365 X64=34 X65=46 X66=270 X67=327 X68=341 X69=355 X70=112 X71=42 X72=15 X73=51 X74=398 X75=325 X76=140 X77=382 X78=27 X79=45 
d NODES 462

   totalWckTime=15.098  totalCpuTime=15.086
