
   AbsCon 1.41 (January, 2014) - defaultConfiguration

   
   instance
        framework=CSP  name=Isomorphism-/cluster/gpg/ciaran/sip-benchmarks/benchmarks/si2_m4D_m4D_1296/si2_m4D_m1296.02/pattern-/cluster/gpg/ciaran/sip-benchmarks/benchmarks/si2_m4D_m4D_1296/si2_m4D_m1296.02/target
        parameters=/cluster/gpg/ciaran/sip-benchmarks/benchmarks/si2_m4D_m4D_1296/si2_m4D_m1296.02/pattern,/cluster/gpg/ciaran/sip-benchmarks/benchmarks/si2_m4D_m4D_1296/si2_m4D_m1296.02/target
      

   loading variables...
        nbVariables=259  nbDomainTypes=1  nbTotalValues=335664  domainSizes=(1296:259)
          =>  wckTime=0.227  cpuTime=0.335  mem=24M676

   loading objectives...

   loading constraints...
        nbConstraints=672  nbSpecificConstraints=1  nbExtensionStructures=(1,shared:670)  nbConflictsStructures=(1,shared:670,unbuilt:1)
        degrees=(3:13)(4:36)(5:41)...(7:63)(8:53)(9:10)  arities=(2:671)(259:1)  types=(AllDifferent:1)(ConstraintHardExtensionV-Bits:671)
          =>  wckTime=0.552  cpuTime=0.639  mem=57M727

   INFO : <!-- Start saving the XML representation -->

   INFO : <!-- Stop saving the XML representation of target.xml -->

   Solver SolverBacktrack being built... 
          =>  wckTime=1.12  cpuTime=1.171  mem=120M30

    instantiation X0=61 X1=67 X2=152 X3=899 X4=310 X5=156 X6=873 X7=195 X8=823 X9=1160 X10=929 X11=991 X12=328 X13=879 X14=397 X15=1110 X16=1061 X17=1225 X18=1075 X19=359 X20=1277 X21=1072 X22=438 X23=895 X24=274 X25=1007 X26=242 X27=334 X28=737 X29=26 X30=119 X31=22 X32=692 X33=394 X34=224 X35=1262 X36=697 X37=317 X38=845 X39=742 X40=749 X41=1233 X42=687 X43=371 X44=630 X45=1270 X46=366 X47=1101 X48=981 X49=998 X50=1052 X51=804 X52=966 X53=125 X54=200 X55=1284 X56=734 X57=315 X58=778 X59=41 X60=76 X61=678 X62=1039 X63=602 X64=339 X65=1144 X66=89 X67=980 X68=1130 X69=247 X70=923 X71=1223 X72=304 X73=817 X74=728 X75=1166 X76=665 X77=868 X78=323 X79=577 X80=593 X81=442 X82=673 X83=917 X84=430 X85=711 X86=309 X87=870 X88=0 X89=1199 X90=1071 X91=1066 X92=713 X93=1033 X94=1107 X95=324 X96=1 X97=785 X98=1294 X99=211 X100=1141 X101=744 X102=11 X103=733 X104=1048 X105=129 X106=1127 X107=666 X108=262 X109=622 X110=573 X111=960 X112=228 X113=763 X114=939 X115=162 X116=691 X117=901 X118=900 X119=1177 X120=1065 X121=1221 X122=234 X123=554 X124=525 X125=1156 X126=521 X127=660 X128=443 X129=178 X130=479 X131=968 X132=1057 X133=1138 X134=1194 X135=1167 X136=1105 X137=43 X138=787 X139=871 X140=669 X141=862 X142=375 X143=1206 X144=790 X145=570 X146=580 X147=891 X148=1187 X149=949 X150=237 X151=376 X152=277 X153=10 X154=392 X155=962 X156=1198 X157=327 X158=1137 X159=384 X160=1164 X161=1250 X162=652 X163=169 X164=639 X165=1201 X166=405 X167=516 X168=104 X169=16 X170=675 X171=976 X172=188 X173=1076 X174=933 X175=1288 X176=493 X177=564 X178=543 X179=340 X180=84 X181=575 X182=1287 X183=360 X184=636 X185=497 X186=548 X187=807 X188=47 X189=450 X190=717 X191=1058 X192=14 X193=801 X194=909 X195=118 X196=628 X197=626 X198=1096 X199=1239 X200=19 X201=416 X202=1213 X203=950 X204=679 X205=463 X206=731 X207=581 X208=233 X209=878 X210=761 X211=1188 X212=1113 X213=592 X214=852 X215=1252 X216=551 X217=856 X218=741 X219=658 X220=533 X221=760 X222=1051 X223=806 X224=55 X225=936 X226=1174 X227=71 X228=598 X229=993 X230=902 X231=683 X232=423 X233=429 X234=437 X235=1180 X236=680 X237=273 X238=216 X239=95 X240=414 X241=275 X242=885 X243=378 X244=210 X245=627 X246=798 X247=818 X248=248 X249=385 X250=68 X251=915 X252=417 X253=1193 X254=775 X255=948 X256=1132 X257=245 X258=172 

    solution X0=61 X1=67 X2=152 X3=899 X4=310 X5=156 X6=873 X7=195 X8=823 X9=1160 X10=929 X11=991 X12=328 X13=879 X14=397 X15=1110 X16=1061 X17=1225 X18=1075 X19=359 X20=1277 X21=1072 X22=438 X23=895 X24=274 X25=1007 X26=242 X27=334 X28=737 X29=26 X30=119 X31=22 X32=692 X33=394 X34=224 X35=1262 X36=697 X37=317 X38=845 X39=742 X40=749 X41=1233 X42=687 X43=371 X44=630 X45=1270 X46=366 X47=1101 X48=981 X49=998 X50=1052 X51=804 X52=966 X53=125 X54=200 X55=1284 X56=734 X57=315 X58=778 X59=41 X60=76 X61=678 X62=1039 X63=602 X64=339 X65=1144 X66=89 X67=980 X68=1130 X69=247 X70=923 X71=1223 X72=304 X73=817 X74=728 X75=1166 X76=665 X77=868 X78=323 X79=577 X80=593 X81=442 X82=673 X83=917 X84=430 X85=711 X86=309 X87=870 X88=0 X89=1199 X90=1071 X91=1066 X92=713 X93=1033 X94=1107 X95=324 X96=1 X97=785 X98=1294 X99=211 X100=1141 X101=744 X102=11 X103=733 X104=1048 X105=129 X106=1127 X107=666 X108=262 X109=622 X110=573 X111=960 X112=228 X113=763 X114=939 X115=162 X116=691 X117=901 X118=900 X119=1177 X120=1065 X121=1221 X122=234 X123=554 X124=525 X125=1156 X126=521 X127=660 X128=443 X129=178 X130=479 X131=968 X132=1057 X133=1138 X134=1194 X135=1167 X136=1105 X137=43 X138=787 X139=871 X140=669 X141=862 X142=375 X143=1206 X144=790 X145=570 X146=580 X147=891 X148=1187 X149=949 X150=237 X151=376 X152=277 X153=10 X154=392 X155=962 X156=1198 X157=327 X158=1137 X159=384 X160=1164 X161=1250 X162=652 X163=169 X164=639 X165=1201 X166=405 X167=516 X168=104 X169=16 X170=675 X171=976 X172=188 X173=1076 X174=933 X175=1288 X176=493 X177=564 X178=543 X179=340 X180=84 X181=575 X182=1287 X183=360 X184=636 X185=497 X186=548 X187=807 X188=47 X189=450 X190=717 X191=1058 X192=14 X193=801 X194=909 X195=118 X196=628 X197=626 X198=1096 X199=1239 X200=19 X201=416 X202=1213 X203=950 X204=679 X205=463 X206=731 X207=581 X208=233 X209=878 X210=761 X211=1188 X212=1113 X213=592 X214=852 X215=1252 X216=551 X217=856 X218=741 X219=658 X220=533 X221=760 X222=1051 X223=806 X224=55 X225=936 X226=1174 X227=71 X228=598 X229=993 X230=902 X231=683 X232=423 X233=429 X234=437 X235=1180 X236=680 X237=273 X238=216 X239=95 X240=414 X241=275 X242=885 X243=378 X244=210 X245=627 X246=798 X247=818 X248=248 X249=385 X250=68 X251=915 X252=417 X253=1193 X254=775 X255=948 X256=1132 X257=245 X258=172 

   
   search
        run=0  nbConstraintChecks=672  depth=(min:0,max:258,avg:1)  nbEffectivePropagations=840  nbRevisions=3581  nbUselessRevisions=3407
        nbAssignments=335  nbFailedAssignments=76  nbBacktracks=0  nbVisitedNodes=412  nbRestartNogoods=0  nbFoundSolutions=1
        upperBound=9223372036854775807
          =>  wckTime=64.768  cpuTime=65.041  mem=700M828

   
   global
        nbConstraintChecks=672  nbEffectivePropagations=840  nbRevisions=3581  nbUselessRevisions=3407  nbRestartNogoods=0  solvingWckTime=64.769
        expiredTime=no  totalExploration=no  nbFoundSolutions=1  firstSolutionCpuTime=65.033  Stop=REACHED_GOAL
          =>  wckTime=65.889  cpuTime=65.041  mem=700M828

s SATISFIABLE
v X0=61 X1=67 X2=152 X3=899 X4=310 X5=156 X6=873 X7=195 X8=823 X9=1160 X10=929 X11=991 X12=328 X13=879 X14=397 X15=1110 X16=1061 X17=1225 X18=1075 X19=359 X20=1277 X21=1072 X22=438 X23=895 X24=274 X25=1007 X26=242 X27=334 X28=737 X29=26 X30=119 X31=22 X32=692 X33=394 X34=224 X35=1262 X36=697 X37=317 X38=845 X39=742 X40=749 X41=1233 X42=687 X43=371 X44=630 X45=1270 X46=366 X47=1101 X48=981 X49=998 X50=1052 X51=804 X52=966 X53=125 X54=200 X55=1284 X56=734 X57=315 X58=778 X59=41 X60=76 X61=678 X62=1039 X63=602 X64=339 X65=1144 X66=89 X67=980 X68=1130 X69=247 X70=923 X71=1223 X72=304 X73=817 X74=728 X75=1166 X76=665 X77=868 X78=323 X79=577 X80=593 X81=442 X82=673 X83=917 X84=430 X85=711 X86=309 X87=870 X88=0 X89=1199 X90=1071 X91=1066 X92=713 X93=1033 X94=1107 X95=324 X96=1 X97=785 X98=1294 X99=211 X100=1141 X101=744 X102=11 X103=733 X104=1048 X105=129 X106=1127 X107=666 X108=262 X109=622 X110=573 X111=960 X112=228 X113=763 X114=939 X115=162 X116=691 X117=901 X118=900 X119=1177 X120=1065 X121=1221 X122=234 X123=554 X124=525 X125=1156 X126=521 X127=660 X128=443 X129=178 X130=479 X131=968 X132=1057 X133=1138 X134=1194 X135=1167 X136=1105 X137=43 X138=787 X139=871 X140=669 X141=862 X142=375 X143=1206 X144=790 X145=570 X146=580 X147=891 X148=1187 X149=949 X150=237 X151=376 X152=277 X153=10 X154=392 X155=962 X156=1198 X157=327 X158=1137 X159=384 X160=1164 X161=1250 X162=652 X163=169 X164=639 X165=1201 X166=405 X167=516 X168=104 X169=16 X170=675 X171=976 X172=188 X173=1076 X174=933 X175=1288 X176=493 X177=564 X178=543 X179=340 X180=84 X181=575 X182=1287 X183=360 X184=636 X185=497 X186=548 X187=807 X188=47 X189=450 X190=717 X191=1058 X192=14 X193=801 X194=909 X195=118 X196=628 X197=626 X198=1096 X199=1239 X200=19 X201=416 X202=1213 X203=950 X204=679 X205=463 X206=731 X207=581 X208=233 X209=878 X210=761 X211=1188 X212=1113 X213=592 X214=852 X215=1252 X216=551 X217=856 X218=741 X219=658 X220=533 X221=760 X222=1051 X223=806 X224=55 X225=936 X226=1174 X227=71 X228=598 X229=993 X230=902 X231=683 X232=423 X233=429 X234=437 X235=1180 X236=680 X237=273 X238=216 X239=95 X240=414 X241=275 X242=885 X243=378 X244=210 X245=627 X246=798 X247=818 X248=248 X249=385 X250=68 X251=915 X252=417 X253=1193 X254=775 X255=948 X256=1132 X257=245 X258=172 
d NODES 335

   totalWckTime=65.794  totalCpuTime=65.042
