
   AbsCon 1.41 (January, 2014) - defaultConfiguration

   
   instance
        framework=CSP  name=Isomorphism-/cluster/gpg/ciaran/sip-benchmarks/benchmarks/si2_rand_r001_600/si2_r001_m600.09/pattern-/cluster/gpg/ciaran/sip-benchmarks/benchmarks/si2_rand_r001_600/si2_r001_m600.09/target
        parameters=/cluster/gpg/ciaran/sip-benchmarks/benchmarks/si2_rand_r001_600/si2_r001_m600.09/pattern,/cluster/gpg/ciaran/sip-benchmarks/benchmarks/si2_rand_r001_600/si2_r001_m600.09/target
      

   loading variables...
        nbVariables=120  nbDomainTypes=1  nbTotalValues=72000  domainSizes=(600:120)
          =>  wckTime=0.202  cpuTime=0.31  mem=8M644

   loading objectives...

   loading constraints...
        nbConstraints=214  nbSpecificConstraints=1  nbExtensionStructures=(1,shared:212)  nbConflictsStructures=(1,shared:212,unbuilt:1)
        degrees=(2:9)(3:27)(4:26)...(7:8)(8:2)(9:2)  arities=(2:213)(120:1)  types=(AllDifferent:1)(ConstraintHardExtensionV-Bits:213)
          =>  wckTime=0.383  cpuTime=0.468  mem=17M375

   INFO : <!-- Start saving the XML representation -->

   INFO : <!-- Stop saving the XML representation of target.xml -->

   Solver SolverBacktrack being built... 
          =>  wckTime=0.685  cpuTime=0.727  mem=37M296

    instantiation X0=85 X1=598 X2=344 X3=8 X4=342 X5=7 X6=282 X7=537 X8=437 X9=43 X10=172 X11=37 X12=424 X13=57 X14=112 X15=419 X16=177 X17=544 X18=118 X19=557 X20=529 X21=67 X22=264 X23=183 X24=213 X25=443 X26=210 X27=560 X28=278 X29=329 X30=587 X31=500 X32=327 X33=63 X34=522 X35=134 X36=523 X37=18 X38=333 X39=38 X40=413 X41=166 X42=209 X43=39 X44=148 X45=499 X46=215 X47=69 X48=3 X49=17 X50=4 X51=221 X52=180 X53=292 X54=90 X55=13 X56=68 X57=434 X58=355 X59=532 X60=31 X61=44 X62=41 X63=405 X64=407 X65=381 X66=486 X67=26 X68=303 X69=23 X70=261 X71=536 X72=256 X73=54 X74=231 X75=174 X76=28 X77=426 X78=385 X79=138 X80=113 X81=245 X82=77 X83=283 X84=298 X85=495 X86=121 X87=124 X88=66 X89=194 X90=84 X91=572 X92=398 X93=323 X94=146 X95=71 X96=75 X97=107 X98=284 X99=400 X100=105 X101=103 X102=369 X103=444 X104=135 X105=252 X106=191 X107=356 X108=467 X109=51 X110=159 X111=287 X112=20 X113=399 X114=203 X115=168 X116=127 X117=276 X118=332 X119=317 

    solution X0=85 X1=598 X2=344 X3=8 X4=342 X5=7 X6=282 X7=537 X8=437 X9=43 X10=172 X11=37 X12=424 X13=57 X14=112 X15=419 X16=177 X17=544 X18=118 X19=557 X20=529 X21=67 X22=264 X23=183 X24=213 X25=443 X26=210 X27=560 X28=278 X29=329 X30=587 X31=500 X32=327 X33=63 X34=522 X35=134 X36=523 X37=18 X38=333 X39=38 X40=413 X41=166 X42=209 X43=39 X44=148 X45=499 X46=215 X47=69 X48=3 X49=17 X50=4 X51=221 X52=180 X53=292 X54=90 X55=13 X56=68 X57=434 X58=355 X59=532 X60=31 X61=44 X62=41 X63=405 X64=407 X65=381 X66=486 X67=26 X68=303 X69=23 X70=261 X71=536 X72=256 X73=54 X74=231 X75=174 X76=28 X77=426 X78=385 X79=138 X80=113 X81=245 X82=77 X83=283 X84=298 X85=495 X86=121 X87=124 X88=66 X89=194 X90=84 X91=572 X92=398 X93=323 X94=146 X95=71 X96=75 X97=107 X98=284 X99=400 X100=105 X101=103 X102=369 X103=444 X104=135 X105=252 X106=191 X107=356 X108=467 X109=51 X110=159 X111=287 X112=20 X113=399 X114=203 X115=168 X116=127 X117=276 X118=332 X119=317 

   
   search
        run=0  nbConstraintChecks=214  depth=(min:0,max:119,avg:2)  nbEffectivePropagations=20290  nbRevisions=35106  nbUselessRevisions=25702
        nbAssignments=262  nbFailedAssignments=111  nbBacktracks=31  nbVisitedNodes=393  nbRestartNogoods=0  nbFoundSolutions=1
        upperBound=9223372036854775807
          =>  wckTime=37.404  cpuTime=37.779  mem=227M912

   
   global
        nbConstraintChecks=214  nbEffectivePropagations=20290  nbRevisions=35106  nbUselessRevisions=25702  nbRestartNogoods=0
        solvingWckTime=37.404  expiredTime=no  totalExploration=no  nbFoundSolutions=1  firstSolutionCpuTime=37.776  Stop=REACHED_GOAL
          =>  wckTime=38.089  cpuTime=37.78  mem=227M912

s SATISFIABLE
v X0=85 X1=598 X2=344 X3=8 X4=342 X5=7 X6=282 X7=537 X8=437 X9=43 X10=172 X11=37 X12=424 X13=57 X14=112 X15=419 X16=177 X17=544 X18=118 X19=557 X20=529 X21=67 X22=264 X23=183 X24=213 X25=443 X26=210 X27=560 X28=278 X29=329 X30=587 X31=500 X32=327 X33=63 X34=522 X35=134 X36=523 X37=18 X38=333 X39=38 X40=413 X41=166 X42=209 X43=39 X44=148 X45=499 X46=215 X47=69 X48=3 X49=17 X50=4 X51=221 X52=180 X53=292 X54=90 X55=13 X56=68 X57=434 X58=355 X59=532 X60=31 X61=44 X62=41 X63=405 X64=407 X65=381 X66=486 X67=26 X68=303 X69=23 X70=261 X71=536 X72=256 X73=54 X74=231 X75=174 X76=28 X77=426 X78=385 X79=138 X80=113 X81=245 X82=77 X83=283 X84=298 X85=495 X86=121 X87=124 X88=66 X89=194 X90=84 X91=572 X92=398 X93=323 X94=146 X95=71 X96=75 X97=107 X98=284 X99=400 X100=105 X101=103 X102=369 X103=444 X104=135 X105=252 X106=191 X107=356 X108=467 X109=51 X110=159 X111=287 X112=20 X113=399 X114=203 X115=168 X116=127 X117=276 X118=332 X119=317 
d NODES 262

   totalWckTime=37.991  totalCpuTime=37.78
