
   AbsCon 1.41 (January, 2014) - defaultConfiguration

   
   instance
        framework=CSP  name=Isomorphism-/cluster/gpg/ciaran/sip-benchmarks/benchmarks/si2_bvg_b09_800/si2_b09_m800.06/pattern-/cluster/gpg/ciaran/sip-benchmarks/benchmarks/si2_bvg_b09_800/si2_b09_m800.06/target
        parameters=/cluster/gpg/ciaran/sip-benchmarks/benchmarks/si2_bvg_b09_800/si2_b09_m800.06/pattern,/cluster/gpg/ciaran/sip-benchmarks/benchmarks/si2_bvg_b09_800/si2_b09_m800.06/target
      

   loading variables...
        nbVariables=160  nbDomainTypes=1  nbTotalValues=128000  domainSizes=(800:160)
          =>  wckTime=0.205  cpuTime=0.313  mem=11M938

   loading objectives...

   loading constraints...
        nbConstraints=697  nbSpecificConstraints=1  nbExtensionStructures=(1,shared:695)  nbConflictsStructures=(1,shared:695,unbuilt:1)
        degrees=(5:2)(6:4)(7:4)(8:4)(9:2)(10:144)  arities=(2:696)(160:1)  types=(AllDifferent:1)(ConstraintHardExtensionV-Bits:696)
          =>  wckTime=0.539  cpuTime=0.629  mem=45M238

   INFO : <!-- Start saving the XML representation -->

   INFO : <!-- Stop saving the XML representation of target.xml -->

   Solver SolverBacktrack being built... 
          =>  wckTime=0.941  cpuTime=0.988  mem=63M963

    instantiation X0=0 X1=141 X2=264 X3=374 X4=433 X5=437 X6=501 X7=508 X8=547 X9=654 X10=70 X11=130 X12=263 X13=333 X14=614 X15=37 X16=159 X17=348 X18=356 X19=498 X20=715 X21=281 X22=705 X23=375 X24=726 X25=53 X26=251 X27=385 X28=754 X29=123 X30=652 X31=454 X32=611 X33=76 X34=135 X35=680 X36=784 X37=111 X38=15 X39=468 X40=143 X41=403 X42=548 X43=567 X44=632 X45=605 X46=701 X47=625 X48=672 X49=173 X50=257 X51=731 X52=346 X53=799 X54=637 X55=440 X56=492 X57=237 X58=283 X59=409 X60=16 X61=416 X62=461 X63=64 X64=46 X65=397 X66=529 X67=23 X68=765 X69=280 X70=436 X71=413 X72=748 X73=47 X74=284 X75=568 X76=721 X77=678 X78=229 X79=75 X80=202 X81=370 X82=756 X83=318 X84=341 X85=575 X86=728 X87=3 X88=163 X89=317 X90=677 X91=478 X92=711 X93=165 X94=782 X95=536 X96=628 X97=68 X98=224 X99=674 X100=376 X101=217 X102=57 X103=549 X104=288 X105=112 X106=27 X107=110 X108=253 X109=35 X110=616 X111=180 X112=562 X113=737 X114=84 X115=786 X116=489 X117=792 X118=4 X119=364 X120=119 X121=313 X122=405 X123=51 X124=169 X125=212 X126=593 X127=462 X128=664 X129=587 X130=359 X131=59 X132=262 X133=741 X134=655 X135=638 X136=149 X137=634 X138=52 X139=338 X140=222 X141=204 X142=415 X143=460 X144=394 X145=585 X146=603 X147=189 X148=381 X149=507 X150=419 X151=414 X152=11 X153=391 X154=1 X155=648 X156=242 X157=686 X158=430 X159=530 

    solution X0=0 X1=141 X2=264 X3=374 X4=433 X5=437 X6=501 X7=508 X8=547 X9=654 X10=70 X11=130 X12=263 X13=333 X14=614 X15=37 X16=159 X17=348 X18=356 X19=498 X20=715 X21=281 X22=705 X23=375 X24=726 X25=53 X26=251 X27=385 X28=754 X29=123 X30=652 X31=454 X32=611 X33=76 X34=135 X35=680 X36=784 X37=111 X38=15 X39=468 X40=143 X41=403 X42=548 X43=567 X44=632 X45=605 X46=701 X47=625 X48=672 X49=173 X50=257 X51=731 X52=346 X53=799 X54=637 X55=440 X56=492 X57=237 X58=283 X59=409 X60=16 X61=416 X62=461 X63=64 X64=46 X65=397 X66=529 X67=23 X68=765 X69=280 X70=436 X71=413 X72=748 X73=47 X74=284 X75=568 X76=721 X77=678 X78=229 X79=75 X80=202 X81=370 X82=756 X83=318 X84=341 X85=575 X86=728 X87=3 X88=163 X89=317 X90=677 X91=478 X92=711 X93=165 X94=782 X95=536 X96=628 X97=68 X98=224 X99=674 X100=376 X101=217 X102=57 X103=549 X104=288 X105=112 X106=27 X107=110 X108=253 X109=35 X110=616 X111=180 X112=562 X113=737 X114=84 X115=786 X116=489 X117=792 X118=4 X119=364 X120=119 X121=313 X122=405 X123=51 X124=169 X125=212 X126=593 X127=462 X128=664 X129=587 X130=359 X131=59 X132=262 X133=741 X134=655 X135=638 X136=149 X137=634 X138=52 X139=338 X140=222 X141=204 X142=415 X143=460 X144=394 X145=585 X146=603 X147=189 X148=381 X149=507 X150=419 X151=414 X152=11 X153=391 X154=1 X155=648 X156=242 X157=686 X158=430 X159=530 

   
   search
        run=0  nbConstraintChecks=697  depth=(min:161,max:159,avg:0)  nbEffectivePropagations=2  nbRevisions=3410  nbUselessRevisions=3410
        nbAssignments=160  nbFailedAssignments=0  nbBacktracks=0  nbVisitedNodes=161  nbRestartNogoods=0  nbFoundSolutions=1
        upperBound=9223372036854775807
          =>  wckTime=16.742  cpuTime=17.546  mem=376M142

   
   global
        nbConstraintChecks=697  nbEffectivePropagations=2  nbRevisions=3410  nbUselessRevisions=3410  nbRestartNogoods=0  solvingWckTime=16.743
        expiredTime=no  totalExploration=no  nbFoundSolutions=1  firstSolutionCpuTime=17.536  Stop=REACHED_GOAL
          =>  wckTime=17.684  cpuTime=17.547  mem=376M142

s SATISFIABLE
v X0=0 X1=141 X2=264 X3=374 X4=433 X5=437 X6=501 X7=508 X8=547 X9=654 X10=70 X11=130 X12=263 X13=333 X14=614 X15=37 X16=159 X17=348 X18=356 X19=498 X20=715 X21=281 X22=705 X23=375 X24=726 X25=53 X26=251 X27=385 X28=754 X29=123 X30=652 X31=454 X32=611 X33=76 X34=135 X35=680 X36=784 X37=111 X38=15 X39=468 X40=143 X41=403 X42=548 X43=567 X44=632 X45=605 X46=701 X47=625 X48=672 X49=173 X50=257 X51=731 X52=346 X53=799 X54=637 X55=440 X56=492 X57=237 X58=283 X59=409 X60=16 X61=416 X62=461 X63=64 X64=46 X65=397 X66=529 X67=23 X68=765 X69=280 X70=436 X71=413 X72=748 X73=47 X74=284 X75=568 X76=721 X77=678 X78=229 X79=75 X80=202 X81=370 X82=756 X83=318 X84=341 X85=575 X86=728 X87=3 X88=163 X89=317 X90=677 X91=478 X92=711 X93=165 X94=782 X95=536 X96=628 X97=68 X98=224 X99=674 X100=376 X101=217 X102=57 X103=549 X104=288 X105=112 X106=27 X107=110 X108=253 X109=35 X110=616 X111=180 X112=562 X113=737 X114=84 X115=786 X116=489 X117=792 X118=4 X119=364 X120=119 X121=313 X122=405 X123=51 X124=169 X125=212 X126=593 X127=462 X128=664 X129=587 X130=359 X131=59 X132=262 X133=741 X134=655 X135=638 X136=149 X137=634 X138=52 X139=338 X140=222 X141=204 X142=415 X143=460 X144=394 X145=585 X146=603 X147=189 X148=381 X149=507 X150=419 X151=414 X152=11 X153=391 X154=1 X155=648 X156=242 X157=686 X158=430 X159=530 
d NODES 160

   totalWckTime=17.587  totalCpuTime=17.547
