
   AbsCon 1.41 (January, 2014) - defaultConfiguration

   
   instance
        framework=CSP  name=Isomorphism-/cluster/gpg/ciaran/sip-benchmarks/benchmarks/si2_m4D_m4Dr6_625/si2_m4Dr6_m625.05/pattern-/cluster/gpg/ciaran/sip-benchmarks/benchmarks/si2_m4D_m4Dr6_625/si2_m4Dr6_m625.05/target
        parameters=/cluster/gpg/ciaran/sip-benchmarks/benchmarks/si2_m4D_m4Dr6_625/si2_m4Dr6_m625.05/pattern,/cluster/gpg/ciaran/sip-benchmarks/benchmarks/si2_m4D_m4Dr6_625/si2_m4Dr6_m625.05/target
      

   loading variables...
        nbVariables=125  nbDomainTypes=1  nbTotalValues=78125  domainSizes=(625:125)
          =>  wckTime=0.215  cpuTime=0.325  mem=8M780

   loading objectives...

   loading constraints...
        nbConstraints=209  nbSpecificConstraints=1  nbExtensionStructures=(1,shared:207)  nbConflictsStructures=(1,shared:207,unbuilt:1)
        degrees=(2:35)(3:26)(4:20)...(10:1)(11:2)(12:2)  arities=(2:208)(125:1)  types=(AllDifferent:1)(ConstraintHardExtensionV-Bits:208)
          =>  wckTime=0.385  cpuTime=0.486  mem=15M561

   INFO : <!-- Start saving the XML representation -->

   INFO : <!-- Stop saving the XML representation of target.xml -->

   Solver SolverBacktrack being built... 
          =>  wckTime=0.694  cpuTime=0.754  mem=31M434

    instantiation X0=0 X1=3 X2=14 X3=53 X4=141 X5=257 X6=285 X7=312 X8=582 X9=588 X10=105 X11=315 X12=382 X13=477 X14=478 X15=226 X16=293 X17=463 X18=483 X19=509 X20=527 X21=171 X22=185 X23=397 X24=470 X25=575 X26=591 X27=81 X28=372 X29=439 X30=573 X31=593 X32=33 X33=220 X34=221 X35=368 X36=54 X37=79 X38=289 X39=32 X40=83 X41=152 X42=272 X43=321 X44=334 X45=358 X46=394 X47=572 X48=587 X49=107 X50=307 X51=48 X52=460 X53=462 X54=539 X55=607 X56=89 X57=326 X58=547 X59=488 X60=165 X61=205 X62=347 X63=359 X64=16 X65=213 X66=75 X67=102 X68=181 X69=324 X70=614 X71=100 X72=274 X73=325 X74=346 X75=376 X76=392 X77=277 X78=278 X79=288 X80=420 X81=613 X82=232 X83=390 X84=608 X85=49 X86=55 X87=119 X88=396 X89=531 X90=45 X91=200 X92=235 X93=161 X94=256 X95=411 X96=471 X97=563 X98=299 X99=443 X100=513 X101=202 X102=238 X103=568 X104=90 X105=120 X106=524 X107=592 X108=9 X109=108 X110=145 X111=255 X112=377 X113=536 X114=601 X115=103 X116=259 X117=192 X118=196 X119=242 X120=287 X121=322 X122=495 X123=549 X124=560 

    solution X0=0 X1=3 X2=14 X3=53 X4=141 X5=257 X6=285 X7=312 X8=582 X9=588 X10=105 X11=315 X12=382 X13=477 X14=478 X15=226 X16=293 X17=463 X18=483 X19=509 X20=527 X21=171 X22=185 X23=397 X24=470 X25=575 X26=591 X27=81 X28=372 X29=439 X30=573 X31=593 X32=33 X33=220 X34=221 X35=368 X36=54 X37=79 X38=289 X39=32 X40=83 X41=152 X42=272 X43=321 X44=334 X45=358 X46=394 X47=572 X48=587 X49=107 X50=307 X51=48 X52=460 X53=462 X54=539 X55=607 X56=89 X57=326 X58=547 X59=488 X60=165 X61=205 X62=347 X63=359 X64=16 X65=213 X66=75 X67=102 X68=181 X69=324 X70=614 X71=100 X72=274 X73=325 X74=346 X75=376 X76=392 X77=277 X78=278 X79=288 X80=420 X81=613 X82=232 X83=390 X84=608 X85=49 X86=55 X87=119 X88=396 X89=531 X90=45 X91=200 X92=235 X93=161 X94=256 X95=411 X96=471 X97=563 X98=299 X99=443 X100=513 X101=202 X102=238 X103=568 X104=90 X105=120 X106=524 X107=592 X108=9 X109=108 X110=145 X111=255 X112=377 X113=536 X114=601 X115=103 X116=259 X117=192 X118=196 X119=242 X120=287 X121=322 X122=495 X123=549 X124=560 

   
   search
        run=0  nbConstraintChecks=209  depth=(min:0,max:124,avg:1)  nbEffectivePropagations=196  nbRevisions=4344  nbUselessRevisions=4234
        nbAssignments=437  nbFailedAssignments=312  nbBacktracks=0  nbVisitedNodes=750  nbRestartNogoods=0  nbFoundSolutions=1
        upperBound=9223372036854775807
          =>  wckTime=9.353  cpuTime=9.968  mem=85M145

   
   global
        nbConstraintChecks=209  nbEffectivePropagations=196  nbRevisions=4344  nbUselessRevisions=4234  nbRestartNogoods=0  solvingWckTime=9.354
        expiredTime=no  totalExploration=no  nbFoundSolutions=1  firstSolutionCpuTime=9.964  Stop=REACHED_GOAL
          =>  wckTime=10.048  cpuTime=9.968  mem=85M145

s SATISFIABLE
v X0=0 X1=3 X2=14 X3=53 X4=141 X5=257 X6=285 X7=312 X8=582 X9=588 X10=105 X11=315 X12=382 X13=477 X14=478 X15=226 X16=293 X17=463 X18=483 X19=509 X20=527 X21=171 X22=185 X23=397 X24=470 X25=575 X26=591 X27=81 X28=372 X29=439 X30=573 X31=593 X32=33 X33=220 X34=221 X35=368 X36=54 X37=79 X38=289 X39=32 X40=83 X41=152 X42=272 X43=321 X44=334 X45=358 X46=394 X47=572 X48=587 X49=107 X50=307 X51=48 X52=460 X53=462 X54=539 X55=607 X56=89 X57=326 X58=547 X59=488 X60=165 X61=205 X62=347 X63=359 X64=16 X65=213 X66=75 X67=102 X68=181 X69=324 X70=614 X71=100 X72=274 X73=325 X74=346 X75=376 X76=392 X77=277 X78=278 X79=288 X80=420 X81=613 X82=232 X83=390 X84=608 X85=49 X86=55 X87=119 X88=396 X89=531 X90=45 X91=200 X92=235 X93=161 X94=256 X95=411 X96=471 X97=563 X98=299 X99=443 X100=513 X101=202 X102=238 X103=568 X104=90 X105=120 X106=524 X107=592 X108=9 X109=108 X110=145 X111=255 X112=377 X113=536 X114=601 X115=103 X116=259 X117=192 X118=196 X119=242 X120=287 X121=322 X122=495 X123=549 X124=560 
d NODES 437

   totalWckTime=9.949  totalCpuTime=9.969
