
   AbsCon 1.41 (January, 2014) - defaultConfiguration

   
   instance
        framework=CSP  name=Isomorphism-/cluster/gpg/ciaran/sip-benchmarks/benchmarks/si2_m4D_m4Dr4_256/si2_m4Dr4_m256.06/pattern-/cluster/gpg/ciaran/sip-benchmarks/benchmarks/si2_m4D_m4Dr4_256/si2_m4Dr4_m256.06/target
        parameters=/cluster/gpg/ciaran/sip-benchmarks/benchmarks/si2_m4D_m4Dr4_256/si2_m4Dr4_m256.06/pattern,/cluster/gpg/ciaran/sip-benchmarks/benchmarks/si2_m4D_m4Dr4_256/si2_m4Dr4_m256.06/target
      

   loading variables...
        nbVariables=51  nbDomainTypes=1  nbTotalValues=13056  domainSizes=(256:51)
          =>  wckTime=0.174  cpuTime=0.285  mem=9M861

   loading objectives...

   loading constraints...
        nbConstraints=83  nbSpecificConstraints=1  nbExtensionStructures=(1,shared:81)  nbConflictsStructures=(1,shared:81,unbuilt:1)
        degrees=(2:16)(3:7)(4:12)...(8:3)(9:2)(10:2)  arities=(2:82)(51:1)  types=(AllDifferent:1)(ConstraintHardExtensionV-Bits:82)
          =>  wckTime=0.245  cpuTime=0.344  mem=6M678

   INFO : <!-- Start saving the XML representation -->

   INFO : <!-- Stop saving the XML representation of target.xml -->

   Solver SolverBacktrack being built... 
          =>  wckTime=0.427  cpuTime=0.506  mem=23M486

    instantiation X0=0 X1=27 X2=34 X3=41 X4=47 X5=137 X6=157 X7=171 X8=184 X9=252 X10=54 X11=84 X12=100 X13=122 X14=148 X15=189 X16=3 X17=9 X18=64 X19=134 X20=212 X21=142 X22=151 X23=169 X24=20 X25=77 X26=133 X27=167 X28=220 X29=241 X30=108 X31=188 X32=80 X33=181 X34=185 X35=7 X36=46 X37=56 X38=160 X39=230 X40=28 X41=35 X42=114 X43=144 X44=192 X45=200 X46=118 X47=208 X48=233 X49=240 X50=255 

    solution X0=0 X1=27 X2=34 X3=41 X4=47 X5=137 X6=157 X7=171 X8=184 X9=252 X10=54 X11=84 X12=100 X13=122 X14=148 X15=189 X16=3 X17=9 X18=64 X19=134 X20=212 X21=142 X22=151 X23=169 X24=20 X25=77 X26=133 X27=167 X28=220 X29=241 X30=108 X31=188 X32=80 X33=181 X34=185 X35=7 X36=46 X37=56 X38=160 X39=230 X40=28 X41=35 X42=114 X43=144 X44=192 X45=200 X46=118 X47=208 X48=233 X49=240 X50=255 

   
   search
        run=0  nbConstraintChecks=83  depth=(min:52,max:50,avg:0)  nbEffectivePropagations=51  nbRevisions=230  nbUselessRevisions=230
        nbAssignments=51  nbFailedAssignments=0  nbBacktracks=0  nbVisitedNodes=52  nbRestartNogoods=0  nbFoundSolutions=1  upperBound=9223372036854775807
          =>  wckTime=0.554  cpuTime=0.991  mem=49M17

   
   global
        nbConstraintChecks=83  nbEffectivePropagations=51  nbRevisions=230  nbUselessRevisions=230  nbRestartNogoods=0  solvingWckTime=0.555
        expiredTime=no  totalExploration=no  nbFoundSolutions=1  firstSolutionCpuTime=0.987  Stop=REACHED_GOAL
          =>  wckTime=0.983  cpuTime=0.992  mem=49M17

s SATISFIABLE
v X0=0 X1=27 X2=34 X3=41 X4=47 X5=137 X6=157 X7=171 X8=184 X9=252 X10=54 X11=84 X12=100 X13=122 X14=148 X15=189 X16=3 X17=9 X18=64 X19=134 X20=212 X21=142 X22=151 X23=169 X24=20 X25=77 X26=133 X27=167 X28=220 X29=241 X30=108 X31=188 X32=80 X33=181 X34=185 X35=7 X36=46 X37=56 X38=160 X39=230 X40=28 X41=35 X42=114 X43=144 X44=192 X45=200 X46=118 X47=208 X48=233 X49=240 X50=255 
d NODES 51

   totalWckTime=0.884  totalCpuTime=0.992
