
   AbsCon 1.41 (January, 2014) - defaultConfiguration

   
   instance
        framework=CSP  name=Isomorphism-/cluster/gpg/ciaran/sip-benchmarks/benchmarks/si2_m4D_m4Dr2_1296/si2_m4Dr2_m1296.05/pattern-/cluster/gpg/ciaran/sip-benchmarks/benchmarks/si2_m4D_m4Dr2_1296/si2_m4Dr2_m1296.05/target
        parameters=/cluster/gpg/ciaran/sip-benchmarks/benchmarks/si2_m4D_m4Dr2_1296/si2_m4Dr2_m1296.05/pattern,/cluster/gpg/ciaran/sip-benchmarks/benchmarks/si2_m4D_m4Dr2_1296/si2_m4Dr2_m1296.05/target
      

   loading variables...
        nbVariables=259  nbDomainTypes=1  nbTotalValues=335664  domainSizes=(1296:259)
          =>  wckTime=0.22  cpuTime=0.331  mem=24M711

   loading objectives...

   loading constraints...
        nbConstraints=507  nbSpecificConstraints=1  nbExtensionStructures=(1,shared:505)  nbConflictsStructures=(1,shared:505,unbuilt:1)
        degrees=(2:54)(3:35)(4:39)...(8:31)(9:8)(10:5)  arities=(2:506)(259:1)  types=(AllDifferent:1)(ConstraintHardExtensionV-Bits:506)
          =>  wckTime=0.535  cpuTime=0.625  mem=37M440

   INFO : <!-- Start saving the XML representation -->

   INFO : <!-- Stop saving the XML representation of target.xml -->

   Solver SolverBacktrack being built... 
          =>  wckTime=1.094  cpuTime=1.135  mem=135M486

    instantiation X0=0 X1=327 X2=683 X3=694 X4=1101 X5=1126 X6=1279 X7=2 X8=326 X9=764 X10=891 X11=1195 X12=91 X13=177 X14=255 X15=1285 X16=328 X17=727 X18=1158 X19=1238 X20=175 X21=483 X22=708 X23=1237 X24=59 X25=952 X26=488 X27=664 X28=793 X29=870 X30=915 X31=948 X32=1266 X33=744 X34=853 X35=1143 X36=1001 X37=1142 X38=1162 X39=1183 X40=186 X41=287 X42=1264 X43=330 X44=583 X45=751 X46=1185 X47=170 X48=333 X49=639 X50=132 X51=319 X52=790 X53=1171 X54=81 X55=426 X56=1027 X57=1044 X58=1172 X59=245 X60=378 X61=440 X62=1239 X63=1076 X64=650 X65=1274 X66=43 X67=165 X68=338 X69=573 X70=947 X71=1275 X72=217 X73=101 X74=539 X75=818 X76=1056 X77=1062 X78=297 X79=1155 X80=48 X81=614 X82=703 X83=1220 X84=189 X85=522 X86=736 X87=1110 X88=37 X89=1253 X90=18 X91=171 X92=317 X93=436 X94=974 X95=1241 X96=135 X97=416 X98=1066 X99=1080 X100=1116 X101=181 X102=1189 X103=116 X104=845 X105=156 X106=430 X107=833 X108=888 X109=1025 X110=1125 X111=1199 X112=368 X113=1041 X114=468 X115=56 X116=209 X117=731 X118=20 X119=176 X120=571 X121=775 X122=267 X123=742 X124=932 X125=1037 X126=1221 X127=874 X128=1166 X129=709 X130=1258 X131=729 X132=119 X133=805 X134=1170 X135=112 X136=502 X137=951 X138=439 X139=485 X140=188 X141=198 X142=367 X143=894 X144=922 X145=923 X146=1152 X147=1210 X148=1 X149=106 X150=4 X151=263 X152=525 X153=558 X154=625 X155=1218 X156=357 X157=1149 X158=1191 X159=298 X160=444 X161=461 X162=529 X163=541 X164=750 X165=1129 X166=534 X167=619 X168=706 X169=852 X170=1260 X171=352 X172=842 X173=1054 X174=1083 X175=1287 X176=816 X177=725 X178=1020 X179=1208 X180=391 X181=878 X182=998 X183=1180 X184=34 X185=53 X186=206 X187=365 X188=126 X189=172 X190=681 X191=977 X192=1004 X193=1160 X194=311 X195=935 X196=1139 X197=457 X198=814 X199=441 X200=1231 X201=27 X202=253 X203=31 X204=1090 X205=24 X206=252 X207=1272 X208=63 X209=840 X210=17 X211=656 X212=844 X213=851 X214=1157 X215=87 X216=137 X217=197 X218=377 X219=403 X220=777 X221=912 X222=203 X223=629 X224=679 X225=916 X226=1095 X227=22 X228=693 X229=1118 X230=423 X231=666 X232=1250 X233=592 X234=1147 X235=1276 X236=669 X237=822 X238=459 X239=950 X240=1102 X241=748 X242=582 X243=605 X244=863 X245=1226 X246=25 X247=103 X248=684 X249=1050 X250=79 X251=979 X252=1164 X253=1168 X254=434 X255=846 X256=909 X257=1246 X258=260 

    solution X0=0 X1=327 X2=683 X3=694 X4=1101 X5=1126 X6=1279 X7=2 X8=326 X9=764 X10=891 X11=1195 X12=91 X13=177 X14=255 X15=1285 X16=328 X17=727 X18=1158 X19=1238 X20=175 X21=483 X22=708 X23=1237 X24=59 X25=952 X26=488 X27=664 X28=793 X29=870 X30=915 X31=948 X32=1266 X33=744 X34=853 X35=1143 X36=1001 X37=1142 X38=1162 X39=1183 X40=186 X41=287 X42=1264 X43=330 X44=583 X45=751 X46=1185 X47=170 X48=333 X49=639 X50=132 X51=319 X52=790 X53=1171 X54=81 X55=426 X56=1027 X57=1044 X58=1172 X59=245 X60=378 X61=440 X62=1239 X63=1076 X64=650 X65=1274 X66=43 X67=165 X68=338 X69=573 X70=947 X71=1275 X72=217 X73=101 X74=539 X75=818 X76=1056 X77=1062 X78=297 X79=1155 X80=48 X81=614 X82=703 X83=1220 X84=189 X85=522 X86=736 X87=1110 X88=37 X89=1253 X90=18 X91=171 X92=317 X93=436 X94=974 X95=1241 X96=135 X97=416 X98=1066 X99=1080 X100=1116 X101=181 X102=1189 X103=116 X104=845 X105=156 X106=430 X107=833 X108=888 X109=1025 X110=1125 X111=1199 X112=368 X113=1041 X114=468 X115=56 X116=209 X117=731 X118=20 X119=176 X120=571 X121=775 X122=267 X123=742 X124=932 X125=1037 X126=1221 X127=874 X128=1166 X129=709 X130=1258 X131=729 X132=119 X133=805 X134=1170 X135=112 X136=502 X137=951 X138=439 X139=485 X140=188 X141=198 X142=367 X143=894 X144=922 X145=923 X146=1152 X147=1210 X148=1 X149=106 X150=4 X151=263 X152=525 X153=558 X154=625 X155=1218 X156=357 X157=1149 X158=1191 X159=298 X160=444 X161=461 X162=529 X163=541 X164=750 X165=1129 X166=534 X167=619 X168=706 X169=852 X170=1260 X171=352 X172=842 X173=1054 X174=1083 X175=1287 X176=816 X177=725 X178=1020 X179=1208 X180=391 X181=878 X182=998 X183=1180 X184=34 X185=53 X186=206 X187=365 X188=126 X189=172 X190=681 X191=977 X192=1004 X193=1160 X194=311 X195=935 X196=1139 X197=457 X198=814 X199=441 X200=1231 X201=27 X202=253 X203=31 X204=1090 X205=24 X206=252 X207=1272 X208=63 X209=840 X210=17 X211=656 X212=844 X213=851 X214=1157 X215=87 X216=137 X217=197 X218=377 X219=403 X220=777 X221=912 X222=203 X223=629 X224=679 X225=916 X226=1095 X227=22 X228=693 X229=1118 X230=423 X231=666 X232=1250 X233=592 X234=1147 X235=1276 X236=669 X237=822 X238=459 X239=950 X240=1102 X241=748 X242=582 X243=605 X244=863 X245=1226 X246=25 X247=103 X248=684 X249=1050 X250=79 X251=979 X252=1164 X253=1168 X254=434 X255=846 X256=909 X257=1246 X258=260 

   
   search
        run=0  nbConstraintChecks=507  depth=(min:0,max:258,avg:1)  nbEffectivePropagations=195  nbRevisions=1509  nbUselessRevisions=1505
        nbAssignments=261  nbFailedAssignments=2  nbBacktracks=0  nbVisitedNodes=264  nbRestartNogoods=0  nbFoundSolutions=1
        upperBound=9223372036854775807
          =>  wckTime=57.742  cpuTime=58.25  mem=508M302

   
   global
        nbConstraintChecks=507  nbEffectivePropagations=195  nbRevisions=1509  nbUselessRevisions=1505  nbRestartNogoods=0  solvingWckTime=57.743
        expiredTime=no  totalExploration=no  nbFoundSolutions=1  firstSolutionCpuTime=58.235  Stop=REACHED_GOAL
          =>  wckTime=58.838  cpuTime=58.25  mem=508M302

s SATISFIABLE
v X0=0 X1=327 X2=683 X3=694 X4=1101 X5=1126 X6=1279 X7=2 X8=326 X9=764 X10=891 X11=1195 X12=91 X13=177 X14=255 X15=1285 X16=328 X17=727 X18=1158 X19=1238 X20=175 X21=483 X22=708 X23=1237 X24=59 X25=952 X26=488 X27=664 X28=793 X29=870 X30=915 X31=948 X32=1266 X33=744 X34=853 X35=1143 X36=1001 X37=1142 X38=1162 X39=1183 X40=186 X41=287 X42=1264 X43=330 X44=583 X45=751 X46=1185 X47=170 X48=333 X49=639 X50=132 X51=319 X52=790 X53=1171 X54=81 X55=426 X56=1027 X57=1044 X58=1172 X59=245 X60=378 X61=440 X62=1239 X63=1076 X64=650 X65=1274 X66=43 X67=165 X68=338 X69=573 X70=947 X71=1275 X72=217 X73=101 X74=539 X75=818 X76=1056 X77=1062 X78=297 X79=1155 X80=48 X81=614 X82=703 X83=1220 X84=189 X85=522 X86=736 X87=1110 X88=37 X89=1253 X90=18 X91=171 X92=317 X93=436 X94=974 X95=1241 X96=135 X97=416 X98=1066 X99=1080 X100=1116 X101=181 X102=1189 X103=116 X104=845 X105=156 X106=430 X107=833 X108=888 X109=1025 X110=1125 X111=1199 X112=368 X113=1041 X114=468 X115=56 X116=209 X117=731 X118=20 X119=176 X120=571 X121=775 X122=267 X123=742 X124=932 X125=1037 X126=1221 X127=874 X128=1166 X129=709 X130=1258 X131=729 X132=119 X133=805 X134=1170 X135=112 X136=502 X137=951 X138=439 X139=485 X140=188 X141=198 X142=367 X143=894 X144=922 X145=923 X146=1152 X147=1210 X148=1 X149=106 X150=4 X151=263 X152=525 X153=558 X154=625 X155=1218 X156=357 X157=1149 X158=1191 X159=298 X160=444 X161=461 X162=529 X163=541 X164=750 X165=1129 X166=534 X167=619 X168=706 X169=852 X170=1260 X171=352 X172=842 X173=1054 X174=1083 X175=1287 X176=816 X177=725 X178=1020 X179=1208 X180=391 X181=878 X182=998 X183=1180 X184=34 X185=53 X186=206 X187=365 X188=126 X189=172 X190=681 X191=977 X192=1004 X193=1160 X194=311 X195=935 X196=1139 X197=457 X198=814 X199=441 X200=1231 X201=27 X202=253 X203=31 X204=1090 X205=24 X206=252 X207=1272 X208=63 X209=840 X210=17 X211=656 X212=844 X213=851 X214=1157 X215=87 X216=137 X217=197 X218=377 X219=403 X220=777 X221=912 X222=203 X223=629 X224=679 X225=916 X226=1095 X227=22 X228=693 X229=1118 X230=423 X231=666 X232=1250 X233=592 X234=1147 X235=1276 X236=669 X237=822 X238=459 X239=950 X240=1102 X241=748 X242=582 X243=605 X244=863 X245=1226 X246=25 X247=103 X248=684 X249=1050 X250=79 X251=979 X252=1164 X253=1168 X254=434 X255=846 X256=909 X257=1246 X258=260 
d NODES 261

   totalWckTime=58.745  totalCpuTime=58.251
