
   AbsCon 1.41 (January, 2014) - defaultConfiguration

   
   instance
        framework=CSP  name=Isomorphism-/cluster/gpg/ciaran/sip-benchmarks/benchmarks/si2_bvg_b09_800/si2_b09_m800.08/pattern-/cluster/gpg/ciaran/sip-benchmarks/benchmarks/si2_bvg_b09_800/si2_b09_m800.08/target
        parameters=/cluster/gpg/ciaran/sip-benchmarks/benchmarks/si2_bvg_b09_800/si2_b09_m800.08/pattern,/cluster/gpg/ciaran/sip-benchmarks/benchmarks/si2_bvg_b09_800/si2_b09_m800.08/target
      

   loading variables...
        nbVariables=160  nbDomainTypes=1  nbTotalValues=128000  domainSizes=(800:160)
          =>  wckTime=0.218  cpuTime=0.34  mem=12M51

   loading objectives...

   loading constraints...
        nbConstraints=698  nbSpecificConstraints=1  nbExtensionStructures=(1,shared:696)  nbConflictsStructures=(1,shared:696,unbuilt:1)
        degrees=(5:2)(6:4)(7:3)(8:4)(9:3)(10:144)  arities=(2:697)(160:1)  types=(AllDifferent:1)(ConstraintHardExtensionV-Bits:697)
          =>  wckTime=0.548  cpuTime=0.654  mem=47M163

   INFO : <!-- Start saving the XML representation -->

   INFO : <!-- Stop saving the XML representation of target.xml -->

   Solver SolverBacktrack being built... 
          =>  wckTime=0.961  cpuTime=1.023  mem=63M244

    instantiation X0=0 X1=92 X2=445 X3=461 X4=469 X5=501 X6=629 X7=643 X8=659 X9=786 X10=340 X11=479 X12=656 X13=676 X14=737 X15=309 X16=792 X17=498 X18=518 X19=128 X20=334 X21=553 X22=714 X23=3 X24=65 X25=466 X26=254 X27=512 X28=611 X29=665 X30=450 X31=281 X32=339 X33=740 X34=293 X35=769 X36=532 X37=726 X38=730 X39=335 X40=437 X41=667 X42=263 X43=761 X44=386 X45=208 X46=165 X47=140 X48=570 X49=96 X50=458 X51=460 X52=482 X53=45 X54=193 X55=703 X56=400 X57=738 X58=533 X59=699 X60=298 X61=160 X62=338 X63=555 X64=379 X65=530 X66=500 X67=213 X68=60 X69=32 X70=467 X71=565 X72=548 X73=323 X74=113 X75=671 X76=289 X77=174 X78=270 X79=58 X80=456 X81=391 X82=422 X83=172 X84=256 X85=178 X86=597 X87=129 X88=442 X89=326 X90=650 X91=628 X92=167 X93=283 X94=433 X95=768 X96=345 X97=79 X98=180 X99=337 X100=491 X101=152 X102=303 X103=619 X104=366 X105=473 X106=184 X107=716 X108=648 X109=393 X110=651 X111=313 X112=224 X113=312 X114=675 X115=351 X116=545 X117=95 X118=610 X119=689 X120=67 X121=544 X122=480 X123=764 X124=14 X125=299 X126=672 X127=202 X128=64 X129=791 X130=324 X131=384 X132=49 X133=698 X134=766 X135=278 X136=132 X137=377 X138=566 X139=30 X140=474 X141=212 X142=287 X143=660 X144=249 X145=691 X146=767 X147=223 X148=244 X149=228 X150=406 X151=661 X152=506 X153=642 X154=78 X155=776 X156=29 X157=521 X158=581 X159=271 

    solution X0=0 X1=92 X2=445 X3=461 X4=469 X5=501 X6=629 X7=643 X8=659 X9=786 X10=340 X11=479 X12=656 X13=676 X14=737 X15=309 X16=792 X17=498 X18=518 X19=128 X20=334 X21=553 X22=714 X23=3 X24=65 X25=466 X26=254 X27=512 X28=611 X29=665 X30=450 X31=281 X32=339 X33=740 X34=293 X35=769 X36=532 X37=726 X38=730 X39=335 X40=437 X41=667 X42=263 X43=761 X44=386 X45=208 X46=165 X47=140 X48=570 X49=96 X50=458 X51=460 X52=482 X53=45 X54=193 X55=703 X56=400 X57=738 X58=533 X59=699 X60=298 X61=160 X62=338 X63=555 X64=379 X65=530 X66=500 X67=213 X68=60 X69=32 X70=467 X71=565 X72=548 X73=323 X74=113 X75=671 X76=289 X77=174 X78=270 X79=58 X80=456 X81=391 X82=422 X83=172 X84=256 X85=178 X86=597 X87=129 X88=442 X89=326 X90=650 X91=628 X92=167 X93=283 X94=433 X95=768 X96=345 X97=79 X98=180 X99=337 X100=491 X101=152 X102=303 X103=619 X104=366 X105=473 X106=184 X107=716 X108=648 X109=393 X110=651 X111=313 X112=224 X113=312 X114=675 X115=351 X116=545 X117=95 X118=610 X119=689 X120=67 X121=544 X122=480 X123=764 X124=14 X125=299 X126=672 X127=202 X128=64 X129=791 X130=324 X131=384 X132=49 X133=698 X134=766 X135=278 X136=132 X137=377 X138=566 X139=30 X140=474 X141=212 X142=287 X143=660 X144=249 X145=691 X146=767 X147=223 X148=244 X149=228 X150=406 X151=661 X152=506 X153=642 X154=78 X155=776 X156=29 X157=521 X158=581 X159=271 

   
   search
        run=0  nbConstraintChecks=698  depth=(min:161,max:159,avg:0)  nbEffectivePropagations=2  nbRevisions=3415  nbUselessRevisions=3415
        nbAssignments=160  nbFailedAssignments=0  nbBacktracks=0  nbVisitedNodes=161  nbRestartNogoods=0  nbFoundSolutions=1
        upperBound=9223372036854775807
          =>  wckTime=19.862  cpuTime=20.664  mem=255M240

   
   global
        nbConstraintChecks=698  nbEffectivePropagations=2  nbRevisions=3415  nbUselessRevisions=3415  nbRestartNogoods=0  solvingWckTime=19.863
        expiredTime=no  totalExploration=no  nbFoundSolutions=1  firstSolutionCpuTime=20.654  Stop=REACHED_GOAL
          =>  wckTime=20.824  cpuTime=20.665  mem=255M240

s SATISFIABLE
v X0=0 X1=92 X2=445 X3=461 X4=469 X5=501 X6=629 X7=643 X8=659 X9=786 X10=340 X11=479 X12=656 X13=676 X14=737 X15=309 X16=792 X17=498 X18=518 X19=128 X20=334 X21=553 X22=714 X23=3 X24=65 X25=466 X26=254 X27=512 X28=611 X29=665 X30=450 X31=281 X32=339 X33=740 X34=293 X35=769 X36=532 X37=726 X38=730 X39=335 X40=437 X41=667 X42=263 X43=761 X44=386 X45=208 X46=165 X47=140 X48=570 X49=96 X50=458 X51=460 X52=482 X53=45 X54=193 X55=703 X56=400 X57=738 X58=533 X59=699 X60=298 X61=160 X62=338 X63=555 X64=379 X65=530 X66=500 X67=213 X68=60 X69=32 X70=467 X71=565 X72=548 X73=323 X74=113 X75=671 X76=289 X77=174 X78=270 X79=58 X80=456 X81=391 X82=422 X83=172 X84=256 X85=178 X86=597 X87=129 X88=442 X89=326 X90=650 X91=628 X92=167 X93=283 X94=433 X95=768 X96=345 X97=79 X98=180 X99=337 X100=491 X101=152 X102=303 X103=619 X104=366 X105=473 X106=184 X107=716 X108=648 X109=393 X110=651 X111=313 X112=224 X113=312 X114=675 X115=351 X116=545 X117=95 X118=610 X119=689 X120=67 X121=544 X122=480 X123=764 X124=14 X125=299 X126=672 X127=202 X128=64 X129=791 X130=324 X131=384 X132=49 X133=698 X134=766 X135=278 X136=132 X137=377 X138=566 X139=30 X140=474 X141=212 X142=287 X143=660 X144=249 X145=691 X146=767 X147=223 X148=244 X149=228 X150=406 X151=661 X152=506 X153=642 X154=78 X155=776 X156=29 X157=521 X158=581 X159=271 
d NODES 160

   totalWckTime=20.721  totalCpuTime=20.665
