
   AbsCon 1.41 (January, 2014) - defaultConfiguration

   
   instance
        framework=CSP  name=Isomorphism-/cluster/gpg/ciaran/sip-benchmarks/benchmarks/si2_m4D_m4Dr4_625/si2_m4Dr4_m625.06/pattern-/cluster/gpg/ciaran/sip-benchmarks/benchmarks/si2_m4D_m4Dr4_625/si2_m4Dr4_m625.06/target
        parameters=/cluster/gpg/ciaran/sip-benchmarks/benchmarks/si2_m4D_m4Dr4_625/si2_m4Dr4_m625.06/pattern,/cluster/gpg/ciaran/sip-benchmarks/benchmarks/si2_m4D_m4Dr4_625/si2_m4Dr4_m625.06/target
      

   loading variables...
        nbVariables=125  nbDomainTypes=1  nbTotalValues=78125  domainSizes=(625:125)
          =>  wckTime=0.208  cpuTime=0.316  mem=8M752

   loading objectives...

   loading constraints...
        nbConstraints=202  nbSpecificConstraints=1  nbExtensionStructures=(1,shared:200)  nbConflictsStructures=(1,shared:200,unbuilt:1)
        degrees=(2:38)(3:23)(4:18)...(8:8)(9:2)(10:3)  arities=(2:201)(125:1)  types=(AllDifferent:1)(ConstraintHardExtensionV-Bits:201)
          =>  wckTime=0.355  cpuTime=0.455  mem=15M118

   INFO : <!-- Start saving the XML representation -->

   INFO : <!-- Stop saving the XML representation of target.xml -->

   Solver SolverBacktrack being built... 
          =>  wckTime=0.689  cpuTime=0.743  mem=30M990

    instantiation X0=0 X1=5 X2=164 X3=207 X4=432 X5=494 X6=587 X7=20 X8=143 X9=283 X10=463 X11=52 X12=195 X13=274 X14=8 X15=208 X16=246 X17=264 X18=285 X19=121 X20=154 X21=305 X22=506 X23=552 X24=568 X25=118 X26=132 X27=166 X28=490 X29=239 X30=137 X31=163 X32=309 X33=366 X34=534 X35=193 X36=260 X37=271 X38=555 X39=77 X40=139 X41=141 X42=153 X43=187 X44=404 X45=579 X46=253 X47=48 X48=221 X49=331 X50=144 X51=169 X52=326 X53=430 X54=445 X55=476 X56=99 X57=482 X58=98 X59=290 X60=377 X61=418 X62=43 X63=134 X64=200 X65=327 X66=214 X67=369 X68=100 X69=347 X70=376 X71=379 X72=446 X73=30 X74=291 X75=90 X76=108 X77=388 X78=467 X79=530 X80=571 X81=168 X82=315 X83=325 X84=133 X85=202 X86=393 X87=607 X88=479 X89=515 X90=597 X91=86 X92=357 X93=365 X94=481 X95=509 X96=544 X97=301 X98=433 X99=75 X100=243 X101=62 X102=105 X103=182 X104=183 X105=254 X106=349 X107=353 X108=63 X109=18 X110=287 X111=314 X112=334 X113=411 X114=472 X115=297 X116=423 X117=501 X118=146 X119=226 X120=281 X121=337 X122=385 X123=233 X124=272 

    solution X0=0 X1=5 X2=164 X3=207 X4=432 X5=494 X6=587 X7=20 X8=143 X9=283 X10=463 X11=52 X12=195 X13=274 X14=8 X15=208 X16=246 X17=264 X18=285 X19=121 X20=154 X21=305 X22=506 X23=552 X24=568 X25=118 X26=132 X27=166 X28=490 X29=239 X30=137 X31=163 X32=309 X33=366 X34=534 X35=193 X36=260 X37=271 X38=555 X39=77 X40=139 X41=141 X42=153 X43=187 X44=404 X45=579 X46=253 X47=48 X48=221 X49=331 X50=144 X51=169 X52=326 X53=430 X54=445 X55=476 X56=99 X57=482 X58=98 X59=290 X60=377 X61=418 X62=43 X63=134 X64=200 X65=327 X66=214 X67=369 X68=100 X69=347 X70=376 X71=379 X72=446 X73=30 X74=291 X75=90 X76=108 X77=388 X78=467 X79=530 X80=571 X81=168 X82=315 X83=325 X84=133 X85=202 X86=393 X87=607 X88=479 X89=515 X90=597 X91=86 X92=357 X93=365 X94=481 X95=509 X96=544 X97=301 X98=433 X99=75 X100=243 X101=62 X102=105 X103=182 X104=183 X105=254 X106=349 X107=353 X108=63 X109=18 X110=287 X111=314 X112=334 X113=411 X114=472 X115=297 X116=423 X117=501 X118=146 X119=226 X120=281 X121=337 X122=385 X123=233 X124=272 

   
   search
        run=0  nbConstraintChecks=202  depth=(min:0,max:124,avg:1)  nbEffectivePropagations=95  nbRevisions=2322  nbUselessRevisions=2322
        nbAssignments=320  nbFailedAssignments=195  nbBacktracks=0  nbVisitedNodes=516  nbRestartNogoods=0  nbFoundSolutions=1
        upperBound=9223372036854775807
          =>  wckTime=12.918  cpuTime=13.482  mem=96M43

   
   global
        nbConstraintChecks=202  nbEffectivePropagations=95  nbRevisions=2322  nbUselessRevisions=2322  nbRestartNogoods=0  solvingWckTime=12.919
        expiredTime=no  totalExploration=no  nbFoundSolutions=1  firstSolutionCpuTime=13.479  Stop=REACHED_GOAL
          =>  wckTime=13.608  cpuTime=13.483  mem=96M43

s SATISFIABLE
v X0=0 X1=5 X2=164 X3=207 X4=432 X5=494 X6=587 X7=20 X8=143 X9=283 X10=463 X11=52 X12=195 X13=274 X14=8 X15=208 X16=246 X17=264 X18=285 X19=121 X20=154 X21=305 X22=506 X23=552 X24=568 X25=118 X26=132 X27=166 X28=490 X29=239 X30=137 X31=163 X32=309 X33=366 X34=534 X35=193 X36=260 X37=271 X38=555 X39=77 X40=139 X41=141 X42=153 X43=187 X44=404 X45=579 X46=253 X47=48 X48=221 X49=331 X50=144 X51=169 X52=326 X53=430 X54=445 X55=476 X56=99 X57=482 X58=98 X59=290 X60=377 X61=418 X62=43 X63=134 X64=200 X65=327 X66=214 X67=369 X68=100 X69=347 X70=376 X71=379 X72=446 X73=30 X74=291 X75=90 X76=108 X77=388 X78=467 X79=530 X80=571 X81=168 X82=315 X83=325 X84=133 X85=202 X86=393 X87=607 X88=479 X89=515 X90=597 X91=86 X92=357 X93=365 X94=481 X95=509 X96=544 X97=301 X98=433 X99=75 X100=243 X101=62 X102=105 X103=182 X104=183 X105=254 X106=349 X107=353 X108=63 X109=18 X110=287 X111=314 X112=334 X113=411 X114=472 X115=297 X116=423 X117=501 X118=146 X119=226 X120=281 X121=337 X122=385 X123=233 X124=272 
d NODES 320

   totalWckTime=13.51  totalCpuTime=13.483
