
   AbsCon 1.41 (January, 2014) - defaultConfiguration

   
   instance
        framework=CSP  name=Isomorphism-/cluster/gpg/ciaran/sip-benchmarks/benchmarks/si2_m4D_m4D_1296/si2_m4D_m1296.06/pattern-/cluster/gpg/ciaran/sip-benchmarks/benchmarks/si2_m4D_m4D_1296/si2_m4D_m1296.06/target
        parameters=/cluster/gpg/ciaran/sip-benchmarks/benchmarks/si2_m4D_m4D_1296/si2_m4D_m1296.06/pattern,/cluster/gpg/ciaran/sip-benchmarks/benchmarks/si2_m4D_m4D_1296/si2_m4D_m1296.06/target
      

   loading variables...
        nbVariables=259  nbDomainTypes=1  nbTotalValues=335664  domainSizes=(1296:259)
          =>  wckTime=0.247  cpuTime=0.338  mem=24M493

   loading objectives...

   loading constraints...
        nbConstraints=541  nbSpecificConstraints=1  nbExtensionStructures=(1,shared:539)  nbConflictsStructures=(1,shared:539,unbuilt:1)
        degrees=(1:43)(4:8)(5:48)(6:96)(7:64)  arities=(2:540)(259:1)  types=(AllDifferent:1)(ConstraintHardExtensionV-Bits:540)
          =>  wckTime=0.53  cpuTime=0.594  mem=40M773

   INFO : <!-- Start saving the XML representation -->

   INFO : <!-- Stop saving the XML representation of target.xml -->

   Solver SolverBacktrack being built... 
          =>  wckTime=1.09  cpuTime=1.107  mem=122M286

    instantiation X0=497 X1=666 X2=973 X3=837 X4=289 X5=326 X6=861 X7=673 X8=551 X9=1103 X10=777 X11=920 X12=112 X13=670 X14=50 X15=754 X16=891 X17=10 X18=852 X19=263 X20=195 X21=62 X22=1092 X23=1054 X24=106 X25=594 X26=568 X27=1141 X28=12 X29=636 X30=111 X31=1167 X32=1121 X33=55 X34=1018 X35=498 X36=30 X37=28 X38=667 X39=186 X40=1262 X41=1056 X42=887 X43=191 X44=197 X45=166 X46=452 X47=1150 X48=254 X49=1213 X50=659 X51=628 X52=1155 X53=546 X54=443 X55=713 X56=519 X57=416 X58=345 X59=474 X60=212 X61=894 X62=1002 X63=520 X64=875 X65=109 X66=978 X67=163 X68=93 X69=94 X70=1036 X71=176 X72=877 X73=392 X74=1270 X75=927 X76=807 X77=68 X78=853 X79=980 X80=46 X81=423 X82=1023 X83=685 X84=118 X85=997 X86=243 X87=9 X88=405 X89=156 X90=735 X91=426 X92=247 X93=123 X94=1064 X95=553 X96=1178 X97=543 X98=596 X99=1043 X100=90 X101=1223 X102=385 X103=336 X104=874 X105=1187 X106=1190 X107=1038 X108=489 X109=618 X110=403 X111=1226 X112=74 X113=557 X114=715 X115=143 X116=970 X117=1033 X118=1133 X119=769 X120=631 X121=448 X122=1119 X123=1075 X124=573 X125=164 X126=587 X127=898 X128=95 X129=341 X130=761 X131=388 X132=1199 X133=1198 X134=791 X135=900 X136=608 X137=578 X138=864 X139=84 X140=1267 X141=101 X142=76 X143=482 X144=69 X145=1020 X146=1240 X147=206 X148=521 X149=1013 X150=1 X151=633 X152=1222 X153=317 X154=840 X155=194 X156=588 X157=209 X158=83 X159=456 X160=786 X161=465 X162=170 X163=642 X164=1051 X165=567 X166=328 X167=427 X168=603 X169=570 X170=468 X171=199 X172=704 X173=20 X174=453 X175=135 X176=161 X177=1040 X178=710 X179=1032 X180=300 X181=768 X182=33 X183=72 X184=816 X185=330 X186=44 X187=1118 X188=896 X189=757 X190=1196 X191=375 X192=622 X193=1221 X194=66 X195=124 X196=420 X197=797 X198=1286 X199=743 X200=708 X201=262 X202=792 X203=921 X204=895 X205=269 X206=742 X207=96 X208=732 X209=229 X210=623 X211=818 X212=680 X213=826 X214=938 X215=784 X216=0 X217=2 X218=3 X219=4 X220=5 X221=6 X222=7 X223=8 X224=11 X225=13 X226=14 X227=15 X228=16 X229=17 X230=18 X231=19 X232=21 X233=22 X234=23 X235=24 X236=25 X237=26 X238=27 X239=29 X240=31 X241=32 X242=34 X243=35 X244=36 X245=37 X246=38 X247=39 X248=40 X249=41 X250=42 X251=43 X252=45 X253=47 X254=48 X255=49 X256=51 X257=52 X258=53 

    solution X0=497 X1=666 X2=973 X3=837 X4=289 X5=326 X6=861 X7=673 X8=551 X9=1103 X10=777 X11=920 X12=112 X13=670 X14=50 X15=754 X16=891 X17=10 X18=852 X19=263 X20=195 X21=62 X22=1092 X23=1054 X24=106 X25=594 X26=568 X27=1141 X28=12 X29=636 X30=111 X31=1167 X32=1121 X33=55 X34=1018 X35=498 X36=30 X37=28 X38=667 X39=186 X40=1262 X41=1056 X42=887 X43=191 X44=197 X45=166 X46=452 X47=1150 X48=254 X49=1213 X50=659 X51=628 X52=1155 X53=546 X54=443 X55=713 X56=519 X57=416 X58=345 X59=474 X60=212 X61=894 X62=1002 X63=520 X64=875 X65=109 X66=978 X67=163 X68=93 X69=94 X70=1036 X71=176 X72=877 X73=392 X74=1270 X75=927 X76=807 X77=68 X78=853 X79=980 X80=46 X81=423 X82=1023 X83=685 X84=118 X85=997 X86=243 X87=9 X88=405 X89=156 X90=735 X91=426 X92=247 X93=123 X94=1064 X95=553 X96=1178 X97=543 X98=596 X99=1043 X100=90 X101=1223 X102=385 X103=336 X104=874 X105=1187 X106=1190 X107=1038 X108=489 X109=618 X110=403 X111=1226 X112=74 X113=557 X114=715 X115=143 X116=970 X117=1033 X118=1133 X119=769 X120=631 X121=448 X122=1119 X123=1075 X124=573 X125=164 X126=587 X127=898 X128=95 X129=341 X130=761 X131=388 X132=1199 X133=1198 X134=791 X135=900 X136=608 X137=578 X138=864 X139=84 X140=1267 X141=101 X142=76 X143=482 X144=69 X145=1020 X146=1240 X147=206 X148=521 X149=1013 X150=1 X151=633 X152=1222 X153=317 X154=840 X155=194 X156=588 X157=209 X158=83 X159=456 X160=786 X161=465 X162=170 X163=642 X164=1051 X165=567 X166=328 X167=427 X168=603 X169=570 X170=468 X171=199 X172=704 X173=20 X174=453 X175=135 X176=161 X177=1040 X178=710 X179=1032 X180=300 X181=768 X182=33 X183=72 X184=816 X185=330 X186=44 X187=1118 X188=896 X189=757 X190=1196 X191=375 X192=622 X193=1221 X194=66 X195=124 X196=420 X197=797 X198=1286 X199=743 X200=708 X201=262 X202=792 X203=921 X204=895 X205=269 X206=742 X207=96 X208=732 X209=229 X210=623 X211=818 X212=680 X213=826 X214=938 X215=784 X216=0 X217=2 X218=3 X219=4 X220=5 X221=6 X222=7 X223=8 X224=11 X225=13 X226=14 X227=15 X228=16 X229=17 X230=18 X231=19 X232=21 X233=22 X234=23 X235=24 X236=25 X237=26 X238=27 X239=29 X240=31 X241=32 X242=34 X243=35 X244=36 X245=37 X246=38 X247=39 X248=40 X249=41 X250=42 X251=43 X252=45 X253=47 X254=48 X255=49 X256=51 X257=52 X258=53 

   
   search
        run=0  nbConstraintChecks=541  depth=(min:0,max:258,avg:9)  nbEffectivePropagations=67972  nbRevisions=136683  nbUselessRevisions=119254
        nbAssignments=554  nbFailedAssignments=81  nbBacktracks=214  nbVisitedNodes=658  nbRestartNogoods=0  nbFoundSolutions=1
        upperBound=9223372036854775807
          =>  wckTime=235.756  cpuTime=233.957  mem=479M418

   
   global
        nbConstraintChecks=541  nbEffectivePropagations=67972  nbRevisions=136683  nbUselessRevisions=119254  nbRestartNogoods=0
        solvingWckTime=235.757  expiredTime=no  totalExploration=no  nbFoundSolutions=1  firstSolutionCpuTime=233.948  Stop=REACHED_GOAL
          =>  wckTime=236.847  cpuTime=233.957  mem=479M418

s SATISFIABLE
v X0=497 X1=666 X2=973 X3=837 X4=289 X5=326 X6=861 X7=673 X8=551 X9=1103 X10=777 X11=920 X12=112 X13=670 X14=50 X15=754 X16=891 X17=10 X18=852 X19=263 X20=195 X21=62 X22=1092 X23=1054 X24=106 X25=594 X26=568 X27=1141 X28=12 X29=636 X30=111 X31=1167 X32=1121 X33=55 X34=1018 X35=498 X36=30 X37=28 X38=667 X39=186 X40=1262 X41=1056 X42=887 X43=191 X44=197 X45=166 X46=452 X47=1150 X48=254 X49=1213 X50=659 X51=628 X52=1155 X53=546 X54=443 X55=713 X56=519 X57=416 X58=345 X59=474 X60=212 X61=894 X62=1002 X63=520 X64=875 X65=109 X66=978 X67=163 X68=93 X69=94 X70=1036 X71=176 X72=877 X73=392 X74=1270 X75=927 X76=807 X77=68 X78=853 X79=980 X80=46 X81=423 X82=1023 X83=685 X84=118 X85=997 X86=243 X87=9 X88=405 X89=156 X90=735 X91=426 X92=247 X93=123 X94=1064 X95=553 X96=1178 X97=543 X98=596 X99=1043 X100=90 X101=1223 X102=385 X103=336 X104=874 X105=1187 X106=1190 X107=1038 X108=489 X109=618 X110=403 X111=1226 X112=74 X113=557 X114=715 X115=143 X116=970 X117=1033 X118=1133 X119=769 X120=631 X121=448 X122=1119 X123=1075 X124=573 X125=164 X126=587 X127=898 X128=95 X129=341 X130=761 X131=388 X132=1199 X133=1198 X134=791 X135=900 X136=608 X137=578 X138=864 X139=84 X140=1267 X141=101 X142=76 X143=482 X144=69 X145=1020 X146=1240 X147=206 X148=521 X149=1013 X150=1 X151=633 X152=1222 X153=317 X154=840 X155=194 X156=588 X157=209 X158=83 X159=456 X160=786 X161=465 X162=170 X163=642 X164=1051 X165=567 X166=328 X167=427 X168=603 X169=570 X170=468 X171=199 X172=704 X173=20 X174=453 X175=135 X176=161 X177=1040 X178=710 X179=1032 X180=300 X181=768 X182=33 X183=72 X184=816 X185=330 X186=44 X187=1118 X188=896 X189=757 X190=1196 X191=375 X192=622 X193=1221 X194=66 X195=124 X196=420 X197=797 X198=1286 X199=743 X200=708 X201=262 X202=792 X203=921 X204=895 X205=269 X206=742 X207=96 X208=732 X209=229 X210=623 X211=818 X212=680 X213=826 X214=938 X215=784 X216=0 X217=2 X218=3 X219=4 X220=5 X221=6 X222=7 X223=8 X224=11 X225=13 X226=14 X227=15 X228=16 X229=17 X230=18 X231=19 X232=21 X233=22 X234=23 X235=24 X236=25 X237=26 X238=27 X239=29 X240=31 X241=32 X242=34 X243=35 X244=36 X245=37 X246=38 X247=39 X248=40 X249=41 X250=42 X251=43 X252=45 X253=47 X254=48 X255=49 X256=51 X257=52 X258=53 
d NODES 554

   totalWckTime=236.747  totalCpuTime=233.958
