
   AbsCon 1.41 (January, 2014) - defaultConfiguration

   
   instance
        framework=CSP  name=Isomorphism-/cluster/gpg/ciaran/sip-benchmarks/benchmarks/si2_m4D_m4Dr2_625/si2_m4Dr2_m625.01/pattern-/cluster/gpg/ciaran/sip-benchmarks/benchmarks/si2_m4D_m4Dr2_625/si2_m4Dr2_m625.01/target
        parameters=/cluster/gpg/ciaran/sip-benchmarks/benchmarks/si2_m4D_m4Dr2_625/si2_m4Dr2_m625.01/pattern,/cluster/gpg/ciaran/sip-benchmarks/benchmarks/si2_m4D_m4Dr2_625/si2_m4Dr2_m625.01/target
      

   loading variables...
        nbVariables=125  nbDomainTypes=1  nbTotalValues=78125  domainSizes=(625:125)
          =>  wckTime=0.211  cpuTime=0.314  mem=8M715

   loading objectives...

   loading constraints...
        nbConstraints=239  nbSpecificConstraints=1  nbExtensionStructures=(1,shared:237)  nbConflictsStructures=(1,shared:237,unbuilt:1)
        degrees=(2:25)(3:17)(4:24)...(8:15)(9:5)(10:2)  arities=(2:238)(125:1)  types=(AllDifferent:1)(ConstraintHardExtensionV-Bits:238)
          =>  wckTime=0.37  cpuTime=0.464  mem=17M12

   INFO : <!-- Start saving the XML representation -->

   INFO : <!-- Stop saving the XML representation of target.xml -->

   Solver SolverBacktrack being built... 
          =>  wckTime=0.694  cpuTime=0.743  mem=29M738

    instantiation X0=0 X1=37 X2=121 X3=145 X4=545 X5=590 X6=32 X7=57 X8=347 X9=513 X10=580 X11=91 X12=117 X13=190 X14=482 X15=605 X16=418 X17=502 X18=86 X19=413 X20=427 X21=188 X22=227 X23=300 X24=345 X25=346 X26=498 X27=567 X28=65 X29=71 X30=179 X31=577 X32=501 X33=56 X34=181 X35=320 X36=371 X37=158 X38=464 X39=220 X40=280 X41=588 X42=604 X43=291 X44=488 X45=618 X46=9 X47=209 X48=235 X49=285 X50=387 X51=458 X52=252 X53=599 X54=8 X55=171 X56=307 X57=73 X58=41 X59=168 X60=219 X61=355 X62=380 X63=594 X64=64 X65=201 X66=246 X67=262 X68=366 X69=391 X70=337 X71=409 X72=487 X73=548 X74=108 X75=207 X76=522 X77=147 X78=305 X79=503 X80=549 X81=83 X82=151 X83=360 X84=500 X85=530 X86=556 X87=22 X88=352 X89=558 X90=21 X91=587 X92=157 X93=160 X94=470 X95=473 X96=67 X97=165 X98=468 X99=303 X100=161 X101=203 X102=289 X103=338 X104=450 X105=78 X106=93 X107=269 X108=343 X109=553 X110=572 X111=236 X112=286 X113=89 X114=321 X115=611 X116=38 X117=152 X118=214 X119=330 X120=564 X121=586 X122=60 X123=367 X124=507 

    solution X0=0 X1=37 X2=121 X3=145 X4=545 X5=590 X6=32 X7=57 X8=347 X9=513 X10=580 X11=91 X12=117 X13=190 X14=482 X15=605 X16=418 X17=502 X18=86 X19=413 X20=427 X21=188 X22=227 X23=300 X24=345 X25=346 X26=498 X27=567 X28=65 X29=71 X30=179 X31=577 X32=501 X33=56 X34=181 X35=320 X36=371 X37=158 X38=464 X39=220 X40=280 X41=588 X42=604 X43=291 X44=488 X45=618 X46=9 X47=209 X48=235 X49=285 X50=387 X51=458 X52=252 X53=599 X54=8 X55=171 X56=307 X57=73 X58=41 X59=168 X60=219 X61=355 X62=380 X63=594 X64=64 X65=201 X66=246 X67=262 X68=366 X69=391 X70=337 X71=409 X72=487 X73=548 X74=108 X75=207 X76=522 X77=147 X78=305 X79=503 X80=549 X81=83 X82=151 X83=360 X84=500 X85=530 X86=556 X87=22 X88=352 X89=558 X90=21 X91=587 X92=157 X93=160 X94=470 X95=473 X96=67 X97=165 X98=468 X99=303 X100=161 X101=203 X102=289 X103=338 X104=450 X105=78 X106=93 X107=269 X108=343 X109=553 X110=572 X111=236 X112=286 X113=89 X114=321 X115=611 X116=38 X117=152 X118=214 X119=330 X120=564 X121=586 X122=60 X123=367 X124=507 

   
   search
        run=0  nbConstraintChecks=239  depth=(min:0,max:124,avg:1)  nbEffectivePropagations=565  nbRevisions=6844  nbUselessRevisions=6370
        nbAssignments=538  nbFailedAssignments=413  nbBacktracks=0  nbVisitedNodes=952  nbRestartNogoods=0  nbFoundSolutions=1
        upperBound=9223372036854775807
          =>  wckTime=12.981  cpuTime=13.524  mem=156M397

   
   global
        nbConstraintChecks=239  nbEffectivePropagations=565  nbRevisions=6844  nbUselessRevisions=6370  nbRestartNogoods=0  solvingWckTime=12.982
        expiredTime=no  totalExploration=no  nbFoundSolutions=1  firstSolutionCpuTime=13.52  Stop=REACHED_GOAL
          =>  wckTime=13.677  cpuTime=13.524  mem=156M397

s SATISFIABLE
v X0=0 X1=37 X2=121 X3=145 X4=545 X5=590 X6=32 X7=57 X8=347 X9=513 X10=580 X11=91 X12=117 X13=190 X14=482 X15=605 X16=418 X17=502 X18=86 X19=413 X20=427 X21=188 X22=227 X23=300 X24=345 X25=346 X26=498 X27=567 X28=65 X29=71 X30=179 X31=577 X32=501 X33=56 X34=181 X35=320 X36=371 X37=158 X38=464 X39=220 X40=280 X41=588 X42=604 X43=291 X44=488 X45=618 X46=9 X47=209 X48=235 X49=285 X50=387 X51=458 X52=252 X53=599 X54=8 X55=171 X56=307 X57=73 X58=41 X59=168 X60=219 X61=355 X62=380 X63=594 X64=64 X65=201 X66=246 X67=262 X68=366 X69=391 X70=337 X71=409 X72=487 X73=548 X74=108 X75=207 X76=522 X77=147 X78=305 X79=503 X80=549 X81=83 X82=151 X83=360 X84=500 X85=530 X86=556 X87=22 X88=352 X89=558 X90=21 X91=587 X92=157 X93=160 X94=470 X95=473 X96=67 X97=165 X98=468 X99=303 X100=161 X101=203 X102=289 X103=338 X104=450 X105=78 X106=93 X107=269 X108=343 X109=553 X110=572 X111=236 X112=286 X113=89 X114=321 X115=611 X116=38 X117=152 X118=214 X119=330 X120=564 X121=586 X122=60 X123=367 X124=507 
d NODES 538

   totalWckTime=13.567  totalCpuTime=13.525
