
   AbsCon 1.41 (January, 2014) - defaultConfiguration

   
   instance
        framework=CSP  name=Isomorphism-/cluster/gpg/ciaran/sip-benchmarks/benchmarks/si2_m4D_m4Dr2_625/si2_m4Dr2_m625.04/pattern-/cluster/gpg/ciaran/sip-benchmarks/benchmarks/si2_m4D_m4Dr2_625/si2_m4Dr2_m625.04/target
        parameters=/cluster/gpg/ciaran/sip-benchmarks/benchmarks/si2_m4D_m4Dr2_625/si2_m4Dr2_m625.04/pattern,/cluster/gpg/ciaran/sip-benchmarks/benchmarks/si2_m4D_m4Dr2_625/si2_m4Dr2_m625.04/target
      

   loading variables...
        nbVariables=125  nbDomainTypes=1  nbTotalValues=78125  domainSizes=(625:125)
          =>  wckTime=0.205  cpuTime=0.326  mem=9M206

   loading objectives...

   loading constraints...
        nbConstraints=218  nbSpecificConstraints=1  nbExtensionStructures=(1,shared:216)  nbConflictsStructures=(1,shared:216,unbuilt:1)
        degrees=(2:25)(3:25)(4:21)...(7:18)(8:3)(9:5)  arities=(2:217)(125:1)  types=(AllDifferent:1)(ConstraintHardExtensionV-Bits:217)
          =>  wckTime=0.329  cpuTime=0.446  mem=16M59

   INFO : <!-- Start saving the XML representation -->

   INFO : <!-- Stop saving the XML representation of target.xml -->

   Solver SolverBacktrack being built... 
          =>  wckTime=0.669  cpuTime=0.717  mem=30M736

    instantiation X0=0 X1=281 X2=300 X3=541 X4=559 X5=221 X6=293 X7=493 X8=82 X9=141 X10=333 X11=39 X12=233 X13=43 X14=424 X15=469 X16=624 X17=110 X18=160 X19=401 X20=520 X21=63 X22=275 X23=307 X24=567 X25=604 X26=575 X27=180 X28=395 X29=48 X30=87 X31=494 X32=54 X33=70 X34=232 X35=262 X36=417 X37=462 X38=556 X39=198 X40=258 X41=330 X42=65 X43=92 X44=74 X45=101 X46=129 X47=514 X48=574 X49=17 X50=35 X51=252 X52=480 X53=584 X54=118 X55=471 X56=366 X57=618 X58=205 X59=527 X60=598 X61=20 X62=391 X63=423 X64=565 X65=603 X66=95 X67=76 X68=485 X69=53 X70=500 X71=585 X72=271 X73=23 X74=121 X75=191 X76=315 X77=345 X78=436 X79=573 X80=133 X81=174 X82=184 X83=474 X84=491 X85=495 X86=509 X87=131 X88=164 X89=196 X90=272 X91=97 X92=222 X93=484 X94=380 X95=340 X96=412 X97=490 X98=72 X99=207 X100=169 X101=360 X102=100 X103=227 X104=266 X105=443 X106=519 X107=175 X108=280 X109=294 X110=419 X111=592 X112=237 X113=257 X114=301 X115=384 X116=590 X117=158 X118=331 X119=26 X120=334 X121=450 X122=593 X123=19 X124=81 

    solution X0=0 X1=281 X2=300 X3=541 X4=559 X5=221 X6=293 X7=493 X8=82 X9=141 X10=333 X11=39 X12=233 X13=43 X14=424 X15=469 X16=624 X17=110 X18=160 X19=401 X20=520 X21=63 X22=275 X23=307 X24=567 X25=604 X26=575 X27=180 X28=395 X29=48 X30=87 X31=494 X32=54 X33=70 X34=232 X35=262 X36=417 X37=462 X38=556 X39=198 X40=258 X41=330 X42=65 X43=92 X44=74 X45=101 X46=129 X47=514 X48=574 X49=17 X50=35 X51=252 X52=480 X53=584 X54=118 X55=471 X56=366 X57=618 X58=205 X59=527 X60=598 X61=20 X62=391 X63=423 X64=565 X65=603 X66=95 X67=76 X68=485 X69=53 X70=500 X71=585 X72=271 X73=23 X74=121 X75=191 X76=315 X77=345 X78=436 X79=573 X80=133 X81=174 X82=184 X83=474 X84=491 X85=495 X86=509 X87=131 X88=164 X89=196 X90=272 X91=97 X92=222 X93=484 X94=380 X95=340 X96=412 X97=490 X98=72 X99=207 X100=169 X101=360 X102=100 X103=227 X104=266 X105=443 X106=519 X107=175 X108=280 X109=294 X110=419 X111=592 X112=237 X113=257 X114=301 X115=384 X116=590 X117=158 X118=331 X119=26 X120=334 X121=450 X122=593 X123=19 X124=81 

   
   search
        run=0  nbConstraintChecks=218  depth=(min:0,max:124,avg:1)  nbEffectivePropagations=604  nbRevisions=7401  nbUselessRevisions=6883
        nbAssignments=549  nbFailedAssignments=424  nbBacktracks=0  nbVisitedNodes=974  nbRestartNogoods=0  nbFoundSolutions=1
        upperBound=9223372036854775807
          =>  wckTime=16.085  cpuTime=16.624  mem=168M912

   
   global
        nbConstraintChecks=218  nbEffectivePropagations=604  nbRevisions=7401  nbUselessRevisions=6883  nbRestartNogoods=0  solvingWckTime=16.085
        expiredTime=no  totalExploration=no  nbFoundSolutions=1  firstSolutionCpuTime=16.62  Stop=REACHED_GOAL
          =>  wckTime=16.754  cpuTime=16.624  mem=168M912

s SATISFIABLE
v X0=0 X1=281 X2=300 X3=541 X4=559 X5=221 X6=293 X7=493 X8=82 X9=141 X10=333 X11=39 X12=233 X13=43 X14=424 X15=469 X16=624 X17=110 X18=160 X19=401 X20=520 X21=63 X22=275 X23=307 X24=567 X25=604 X26=575 X27=180 X28=395 X29=48 X30=87 X31=494 X32=54 X33=70 X34=232 X35=262 X36=417 X37=462 X38=556 X39=198 X40=258 X41=330 X42=65 X43=92 X44=74 X45=101 X46=129 X47=514 X48=574 X49=17 X50=35 X51=252 X52=480 X53=584 X54=118 X55=471 X56=366 X57=618 X58=205 X59=527 X60=598 X61=20 X62=391 X63=423 X64=565 X65=603 X66=95 X67=76 X68=485 X69=53 X70=500 X71=585 X72=271 X73=23 X74=121 X75=191 X76=315 X77=345 X78=436 X79=573 X80=133 X81=174 X82=184 X83=474 X84=491 X85=495 X86=509 X87=131 X88=164 X89=196 X90=272 X91=97 X92=222 X93=484 X94=380 X95=340 X96=412 X97=490 X98=72 X99=207 X100=169 X101=360 X102=100 X103=227 X104=266 X105=443 X106=519 X107=175 X108=280 X109=294 X110=419 X111=592 X112=237 X113=257 X114=301 X115=384 X116=590 X117=158 X118=331 X119=26 X120=334 X121=450 X122=593 X123=19 X124=81 
d NODES 549

   totalWckTime=16.656  totalCpuTime=16.625
