
   AbsCon 1.41 (January, 2014) - defaultConfiguration

   
   instance
        framework=CSP  name=Isomorphism-/cluster/gpg/ciaran/sip-benchmarks/benchmarks/si2_bvg_b03m_800/si2_b03m_m800.08/pattern-/cluster/gpg/ciaran/sip-benchmarks/benchmarks/si2_bvg_b03m_800/si2_b03m_m800.08/target
        parameters=/cluster/gpg/ciaran/sip-benchmarks/benchmarks/si2_bvg_b03m_800/si2_b03m_m800.08/pattern,/cluster/gpg/ciaran/sip-benchmarks/benchmarks/si2_bvg_b03m_800/si2_b03m_m800.08/target
      

   loading variables...
        nbVariables=160  nbDomainTypes=1  nbTotalValues=128000  domainSizes=(800:160)
          =>  wckTime=0.195  cpuTime=0.312  mem=12M296

   loading objectives...

   loading constraints...
        nbConstraints=182  nbSpecificConstraints=1  nbExtensionStructures=(1,shared:180)  nbConflictsStructures=(1,shared:180,unbuilt:1)
        degrees=(2:69)(3:32)(4:50)...(11:1)(17:1)(21:1)  arities=(2:181)(160:1)  types=(AllDifferent:1)(ConstraintHardExtensionV-Bits:181)
          =>  wckTime=0.309  cpuTime=0.42  mem=18M782

   INFO : <!-- Start saving the XML representation -->

   INFO : <!-- Stop saving the XML representation of target.xml -->

   Solver SolverBacktrack being built... 
          =>  wckTime=0.709  cpuTime=0.749  mem=58M67

    instantiation X0=0 X1=53 X2=99 X3=132 X4=187 X5=230 X6=250 X7=267 X8=300 X9=326 X10=357 X11=405 X12=454 X13=479 X14=542 X15=582 X16=600 X17=602 X18=728 X19=730 X20=772 X21=424 X22=586 X23=409 X24=691 X25=317 X26=537 X27=47 X28=136 X29=24 X30=599 X31=314 X32=517 X33=705 X34=88 X35=709 X36=571 X37=670 X38=176 X39=653 X40=211 X41=476 X42=200 X43=281 X44=418 X45=32 X46=10 X47=429 X48=795 X49=425 X50=673 X51=767 X52=2 X53=550 X54=606 X55=166 X56=22 X57=666 X58=103 X59=289 X60=220 X61=774 X62=20 X63=376 X64=304 X65=365 X66=285 X67=364 X68=588 X69=101 X70=123 X71=125 X72=781 X73=669 X74=265 X75=336 X76=555 X77=546 X78=553 X79=266 X80=609 X81=170 X82=340 X83=15 X84=63 X85=396 X86=55 X87=354 X88=202 X89=268 X90=5 X91=511 X92=84 X93=18 X94=104 X95=192 X96=229 X97=316 X98=411 X99=519 X100=61 X101=182 X102=374 X103=381 X104=387 X105=415 X106=416 X107=516 X108=535 X109=178 X110=786 X111=201 X112=506 X113=233 X114=753 X115=14 X116=41 X117=65 X118=120 X119=238 X120=347 X121=459 X122=467 X123=528 X124=580 X125=629 X126=648 X127=698 X128=701 X129=713 X130=722 X131=366 X132=552 X133=131 X134=269 X135=307 X136=526 X137=658 X138=754 X139=222 X140=743 X141=514 X142=639 X143=50 X144=672 X145=12 X146=360 X147=471 X148=488 X149=554 X150=565 X151=577 X152=776 X153=148 X154=330 X155=783 X156=6 X157=333 X158=152 X159=292 

    solution X0=0 X1=53 X2=99 X3=132 X4=187 X5=230 X6=250 X7=267 X8=300 X9=326 X10=357 X11=405 X12=454 X13=479 X14=542 X15=582 X16=600 X17=602 X18=728 X19=730 X20=772 X21=424 X22=586 X23=409 X24=691 X25=317 X26=537 X27=47 X28=136 X29=24 X30=599 X31=314 X32=517 X33=705 X34=88 X35=709 X36=571 X37=670 X38=176 X39=653 X40=211 X41=476 X42=200 X43=281 X44=418 X45=32 X46=10 X47=429 X48=795 X49=425 X50=673 X51=767 X52=2 X53=550 X54=606 X55=166 X56=22 X57=666 X58=103 X59=289 X60=220 X61=774 X62=20 X63=376 X64=304 X65=365 X66=285 X67=364 X68=588 X69=101 X70=123 X71=125 X72=781 X73=669 X74=265 X75=336 X76=555 X77=546 X78=553 X79=266 X80=609 X81=170 X82=340 X83=15 X84=63 X85=396 X86=55 X87=354 X88=202 X89=268 X90=5 X91=511 X92=84 X93=18 X94=104 X95=192 X96=229 X97=316 X98=411 X99=519 X100=61 X101=182 X102=374 X103=381 X104=387 X105=415 X106=416 X107=516 X108=535 X109=178 X110=786 X111=201 X112=506 X113=233 X114=753 X115=14 X116=41 X117=65 X118=120 X119=238 X120=347 X121=459 X122=467 X123=528 X124=580 X125=629 X126=648 X127=698 X128=701 X129=713 X130=722 X131=366 X132=552 X133=131 X134=269 X135=307 X136=526 X137=658 X138=754 X139=222 X140=743 X141=514 X142=639 X143=50 X144=672 X145=12 X146=360 X147=471 X148=488 X149=554 X150=565 X151=577 X152=776 X153=148 X154=330 X155=783 X156=6 X157=333 X158=152 X159=292 

   
   search
        run=0  nbConstraintChecks=182  depth=(min:161,max:159,avg:0)  nbEffectivePropagations=268  nbRevisions=533  nbUselessRevisions=533
        nbAssignments=160  nbFailedAssignments=0  nbBacktracks=0  nbVisitedNodes=161  nbRestartNogoods=0  nbFoundSolutions=1
        upperBound=9223372036854775807
          =>  wckTime=9.831  cpuTime=10.396  mem=335M455

   
   global
        nbConstraintChecks=182  nbEffectivePropagations=268  nbRevisions=533  nbUselessRevisions=533  nbRestartNogoods=0  solvingWckTime=9.832
        expiredTime=no  totalExploration=no  nbFoundSolutions=1  firstSolutionCpuTime=10.386  Stop=REACHED_GOAL
          =>  wckTime=10.541  cpuTime=10.396  mem=335M455

s SATISFIABLE
v X0=0 X1=53 X2=99 X3=132 X4=187 X5=230 X6=250 X7=267 X8=300 X9=326 X10=357 X11=405 X12=454 X13=479 X14=542 X15=582 X16=600 X17=602 X18=728 X19=730 X20=772 X21=424 X22=586 X23=409 X24=691 X25=317 X26=537 X27=47 X28=136 X29=24 X30=599 X31=314 X32=517 X33=705 X34=88 X35=709 X36=571 X37=670 X38=176 X39=653 X40=211 X41=476 X42=200 X43=281 X44=418 X45=32 X46=10 X47=429 X48=795 X49=425 X50=673 X51=767 X52=2 X53=550 X54=606 X55=166 X56=22 X57=666 X58=103 X59=289 X60=220 X61=774 X62=20 X63=376 X64=304 X65=365 X66=285 X67=364 X68=588 X69=101 X70=123 X71=125 X72=781 X73=669 X74=265 X75=336 X76=555 X77=546 X78=553 X79=266 X80=609 X81=170 X82=340 X83=15 X84=63 X85=396 X86=55 X87=354 X88=202 X89=268 X90=5 X91=511 X92=84 X93=18 X94=104 X95=192 X96=229 X97=316 X98=411 X99=519 X100=61 X101=182 X102=374 X103=381 X104=387 X105=415 X106=416 X107=516 X108=535 X109=178 X110=786 X111=201 X112=506 X113=233 X114=753 X115=14 X116=41 X117=65 X118=120 X119=238 X120=347 X121=459 X122=467 X123=528 X124=580 X125=629 X126=648 X127=698 X128=701 X129=713 X130=722 X131=366 X132=552 X133=131 X134=269 X135=307 X136=526 X137=658 X138=754 X139=222 X140=743 X141=514 X142=639 X143=50 X144=672 X145=12 X146=360 X147=471 X148=488 X149=554 X150=565 X151=577 X152=776 X153=148 X154=330 X155=783 X156=6 X157=333 X158=152 X159=292 
d NODES 160

   totalWckTime=10.447  totalCpuTime=10.396
