
   AbsCon 1.41 (January, 2014) - defaultConfiguration

   
   instance
        framework=CSP  name=Isomorphism-/cluster/gpg/ciaran/sip-benchmarks/benchmarks/si2_m4D_m4Dr6_1296/si2_m4Dr6_m1296.08/pattern-/cluster/gpg/ciaran/sip-benchmarks/benchmarks/si2_m4D_m4Dr6_1296/si2_m4Dr6_m1296.08/target
        parameters=/cluster/gpg/ciaran/sip-benchmarks/benchmarks/si2_m4D_m4Dr6_1296/si2_m4Dr6_m1296.08/pattern,/cluster/gpg/ciaran/sip-benchmarks/benchmarks/si2_m4D_m4Dr6_1296/si2_m4Dr6_m1296.08/target
      

   loading variables...
        nbVariables=259  nbDomainTypes=1  nbTotalValues=335664  domainSizes=(1296:259)
          =>  wckTime=0.227  cpuTime=0.318  mem=24M269

   loading objectives...

   loading constraints...
        nbConstraints=514  nbSpecificConstraints=1  nbExtensionStructures=(1,shared:512)  nbConflictsStructures=(1,shared:512,unbuilt:1)
        degrees=(2:49)(3:43)(4:50)...(10:17)(11:5)(13:1)  arities=(2:513)(259:1)  types=(AllDifferent:1)(ConstraintHardExtensionV-Bits:513)
          =>  wckTime=0.558  cpuTime=0.632  mem=35M205

   INFO : <!-- Start saving the XML representation -->

   INFO : <!-- Stop saving the XML representation of target.xml -->

   Solver SolverBacktrack being built... 
          =>  wckTime=1.161  cpuTime=1.193  mem=136M279

    instantiation X0=0 X1=148 X2=219 X3=383 X4=413 X5=630 X6=813 X7=953 X8=1170 X9=69 X10=339 X11=468 X12=740 X13=894 X14=1007 X15=1112 X16=37 X17=133 X18=161 X19=851 X20=1239 X21=281 X22=904 X23=1109 X24=35 X25=131 X26=385 X27=463 X28=692 X29=1006 X30=177 X31=364 X32=779 X33=1201 X34=3 X35=26 X36=550 X37=1087 X38=1183 X39=412 X40=451 X41=490 X42=525 X43=755 X44=1249 X45=307 X46=370 X47=636 X48=707 X49=724 X50=908 X51=1294 X52=963 X53=995 X54=1114 X55=1138 X56=1206 X57=130 X58=301 X59=726 X60=1243 X61=265 X62=430 X63=865 X64=956 X65=1058 X66=1165 X67=1274 X68=72 X69=268 X70=1091 X71=440 X72=61 X73=231 X74=246 X75=51 X76=276 X77=602 X78=742 X79=824 X80=983 X81=11 X82=116 X83=754 X84=895 X85=214 X86=237 X87=331 X88=416 X89=507 X90=1200 X91=202 X92=611 X93=144 X94=762 X95=1174 X96=1248 X97=391 X98=565 X99=735 X100=1252 X101=122 X102=167 X103=195 X104=1069 X105=680 X106=825 X107=1011 X108=452 X109=941 X110=1155 X111=1230 X112=449 X113=580 X114=19 X115=402 X116=832 X117=1282 X118=462 X119=487 X120=143 X121=376 X122=476 X123=969 X124=1135 X125=1161 X126=1208 X127=160 X128=431 X129=807 X130=1268 X131=553 X132=690 X133=719 X134=874 X135=109 X136=1002 X137=7 X138=417 X139=827 X140=182 X141=447 X142=646 X143=669 X144=720 X145=951 X146=1157 X147=1196 X148=1261 X149=95 X150=107 X151=318 X152=322 X153=464 X154=696 X155=1078 X156=1221 X157=70 X158=627 X159=783 X160=1101 X161=208 X162=1042 X163=641 X164=1144 X165=165 X166=366 X167=584 X168=809 X169=1070 X170=767 X171=950 X172=1025 X173=1178 X174=1236 X175=1245 X176=99 X177=164 X178=446 X179=1038 X180=1104 X181=678 X182=575 X183=663 X184=989 X185=193 X186=128 X187=1293 X188=157 X189=450 X190=839 X191=961 X192=156 X193=867 X194=1229 X195=325 X196=197 X197=631 X198=828 X199=1023 X200=544 X201=684 X202=700 X203=136 X204=149 X205=920 X206=1132 X207=1149 X208=568 X209=591 X210=706 X211=900 X212=134 X213=1278 X214=374 X215=514 X216=578 X217=747 X218=471 X219=62 X220=334 X221=521 X222=686 X223=909 X224=1256 X225=94 X226=97 X227=574 X228=609 X229=693 X230=826 X231=527 X232=973 X233=1127 X234=656 X235=1192 X236=649 X237=277 X238=532 X239=633 X240=753 X241=979 X242=623 X243=795 X244=1107 X245=1204 X246=291 X247=292 X248=815 X249=1216 X250=606 X251=621 X252=209 X253=233 X254=320 X255=1273 X256=312 X257=326 X258=898 

    solution X0=0 X1=148 X2=219 X3=383 X4=413 X5=630 X6=813 X7=953 X8=1170 X9=69 X10=339 X11=468 X12=740 X13=894 X14=1007 X15=1112 X16=37 X17=133 X18=161 X19=851 X20=1239 X21=281 X22=904 X23=1109 X24=35 X25=131 X26=385 X27=463 X28=692 X29=1006 X30=177 X31=364 X32=779 X33=1201 X34=3 X35=26 X36=550 X37=1087 X38=1183 X39=412 X40=451 X41=490 X42=525 X43=755 X44=1249 X45=307 X46=370 X47=636 X48=707 X49=724 X50=908 X51=1294 X52=963 X53=995 X54=1114 X55=1138 X56=1206 X57=130 X58=301 X59=726 X60=1243 X61=265 X62=430 X63=865 X64=956 X65=1058 X66=1165 X67=1274 X68=72 X69=268 X70=1091 X71=440 X72=61 X73=231 X74=246 X75=51 X76=276 X77=602 X78=742 X79=824 X80=983 X81=11 X82=116 X83=754 X84=895 X85=214 X86=237 X87=331 X88=416 X89=507 X90=1200 X91=202 X92=611 X93=144 X94=762 X95=1174 X96=1248 X97=391 X98=565 X99=735 X100=1252 X101=122 X102=167 X103=195 X104=1069 X105=680 X106=825 X107=1011 X108=452 X109=941 X110=1155 X111=1230 X112=449 X113=580 X114=19 X115=402 X116=832 X117=1282 X118=462 X119=487 X120=143 X121=376 X122=476 X123=969 X124=1135 X125=1161 X126=1208 X127=160 X128=431 X129=807 X130=1268 X131=553 X132=690 X133=719 X134=874 X135=109 X136=1002 X137=7 X138=417 X139=827 X140=182 X141=447 X142=646 X143=669 X144=720 X145=951 X146=1157 X147=1196 X148=1261 X149=95 X150=107 X151=318 X152=322 X153=464 X154=696 X155=1078 X156=1221 X157=70 X158=627 X159=783 X160=1101 X161=208 X162=1042 X163=641 X164=1144 X165=165 X166=366 X167=584 X168=809 X169=1070 X170=767 X171=950 X172=1025 X173=1178 X174=1236 X175=1245 X176=99 X177=164 X178=446 X179=1038 X180=1104 X181=678 X182=575 X183=663 X184=989 X185=193 X186=128 X187=1293 X188=157 X189=450 X190=839 X191=961 X192=156 X193=867 X194=1229 X195=325 X196=197 X197=631 X198=828 X199=1023 X200=544 X201=684 X202=700 X203=136 X204=149 X205=920 X206=1132 X207=1149 X208=568 X209=591 X210=706 X211=900 X212=134 X213=1278 X214=374 X215=514 X216=578 X217=747 X218=471 X219=62 X220=334 X221=521 X222=686 X223=909 X224=1256 X225=94 X226=97 X227=574 X228=609 X229=693 X230=826 X231=527 X232=973 X233=1127 X234=656 X235=1192 X236=649 X237=277 X238=532 X239=633 X240=753 X241=979 X242=623 X243=795 X244=1107 X245=1204 X246=291 X247=292 X248=815 X249=1216 X250=606 X251=621 X252=209 X253=233 X254=320 X255=1273 X256=312 X257=326 X258=898 

   
   search
        run=0  nbConstraintChecks=514  depth=(min:0,max:258,avg:1)  nbEffectivePropagations=1002  nbRevisions=15277  nbUselessRevisions=14413
        nbAssignments=1110  nbFailedAssignments=851  nbBacktracks=0  nbVisitedNodes=1962  nbRestartNogoods=0  nbFoundSolutions=1
        upperBound=9223372036854775807
          =>  wckTime=103.903  cpuTime=103.899  mem=730M757

   
   global
        nbConstraintChecks=514  nbEffectivePropagations=1002  nbRevisions=15277  nbUselessRevisions=14413  nbRestartNogoods=0
        solvingWckTime=103.904  expiredTime=no  totalExploration=no  nbFoundSolutions=1  firstSolutionCpuTime=103.891  Stop=REACHED_GOAL
          =>  wckTime=105.066  cpuTime=103.899  mem=730M757

s SATISFIABLE
v X0=0 X1=148 X2=219 X3=383 X4=413 X5=630 X6=813 X7=953 X8=1170 X9=69 X10=339 X11=468 X12=740 X13=894 X14=1007 X15=1112 X16=37 X17=133 X18=161 X19=851 X20=1239 X21=281 X22=904 X23=1109 X24=35 X25=131 X26=385 X27=463 X28=692 X29=1006 X30=177 X31=364 X32=779 X33=1201 X34=3 X35=26 X36=550 X37=1087 X38=1183 X39=412 X40=451 X41=490 X42=525 X43=755 X44=1249 X45=307 X46=370 X47=636 X48=707 X49=724 X50=908 X51=1294 X52=963 X53=995 X54=1114 X55=1138 X56=1206 X57=130 X58=301 X59=726 X60=1243 X61=265 X62=430 X63=865 X64=956 X65=1058 X66=1165 X67=1274 X68=72 X69=268 X70=1091 X71=440 X72=61 X73=231 X74=246 X75=51 X76=276 X77=602 X78=742 X79=824 X80=983 X81=11 X82=116 X83=754 X84=895 X85=214 X86=237 X87=331 X88=416 X89=507 X90=1200 X91=202 X92=611 X93=144 X94=762 X95=1174 X96=1248 X97=391 X98=565 X99=735 X100=1252 X101=122 X102=167 X103=195 X104=1069 X105=680 X106=825 X107=1011 X108=452 X109=941 X110=1155 X111=1230 X112=449 X113=580 X114=19 X115=402 X116=832 X117=1282 X118=462 X119=487 X120=143 X121=376 X122=476 X123=969 X124=1135 X125=1161 X126=1208 X127=160 X128=431 X129=807 X130=1268 X131=553 X132=690 X133=719 X134=874 X135=109 X136=1002 X137=7 X138=417 X139=827 X140=182 X141=447 X142=646 X143=669 X144=720 X145=951 X146=1157 X147=1196 X148=1261 X149=95 X150=107 X151=318 X152=322 X153=464 X154=696 X155=1078 X156=1221 X157=70 X158=627 X159=783 X160=1101 X161=208 X162=1042 X163=641 X164=1144 X165=165 X166=366 X167=584 X168=809 X169=1070 X170=767 X171=950 X172=1025 X173=1178 X174=1236 X175=1245 X176=99 X177=164 X178=446 X179=1038 X180=1104 X181=678 X182=575 X183=663 X184=989 X185=193 X186=128 X187=1293 X188=157 X189=450 X190=839 X191=961 X192=156 X193=867 X194=1229 X195=325 X196=197 X197=631 X198=828 X199=1023 X200=544 X201=684 X202=700 X203=136 X204=149 X205=920 X206=1132 X207=1149 X208=568 X209=591 X210=706 X211=900 X212=134 X213=1278 X214=374 X215=514 X216=578 X217=747 X218=471 X219=62 X220=334 X221=521 X222=686 X223=909 X224=1256 X225=94 X226=97 X227=574 X228=609 X229=693 X230=826 X231=527 X232=973 X233=1127 X234=656 X235=1192 X236=649 X237=277 X238=532 X239=633 X240=753 X241=979 X242=623 X243=795 X244=1107 X245=1204 X246=291 X247=292 X248=815 X249=1216 X250=606 X251=621 X252=209 X253=233 X254=320 X255=1273 X256=312 X257=326 X258=898 
d NODES 1110

   totalWckTime=104.965  totalCpuTime=103.9
