
   AbsCon 1.41 (January, 2014) - defaultConfiguration

   
   instance
        framework=CSP  name=Isomorphism-/cluster/gpg/ciaran/sip-benchmarks/benchmarks/si2_m4D_m4Dr6_1296/si2_m4Dr6_m1296.02/pattern-/cluster/gpg/ciaran/sip-benchmarks/benchmarks/si2_m4D_m4Dr6_1296/si2_m4Dr6_m1296.02/target
        parameters=/cluster/gpg/ciaran/sip-benchmarks/benchmarks/si2_m4D_m4Dr6_1296/si2_m4Dr6_m1296.02/pattern,/cluster/gpg/ciaran/sip-benchmarks/benchmarks/si2_m4D_m4Dr6_1296/si2_m4Dr6_m1296.02/target
      

   loading variables...
        nbVariables=259  nbDomainTypes=1  nbTotalValues=335664  domainSizes=(1296:259)
          =>  wckTime=0.25  cpuTime=0.335  mem=24M624

   loading objectives...

   loading constraints...
        nbConstraints=461  nbSpecificConstraints=1  nbExtensionStructures=(1,shared:459)  nbConflictsStructures=(1,shared:459,unbuilt:1)
        degrees=(2:55)(3:50)(4:59)...(10:8)(11:5)(12:1)  arities=(2:460)(259:1)  types=(AllDifferent:1)(ConstraintHardExtensionV-Bits:460)
          =>  wckTime=0.569  cpuTime=0.639  mem=56M400

   INFO : <!-- Start saving the XML representation -->

   INFO : <!-- Stop saving the XML representation of target.xml -->

   Solver SolverBacktrack being built... 
          =>  wckTime=1.123  cpuTime=1.155  mem=135M170

    instantiation X0=0 X1=53 X2=88 X3=439 X4=559 X5=632 X6=1217 X7=193 X8=279 X9=434 X10=644 X11=752 X12=811 X13=1080 X14=1142 X15=1236 X16=405 X17=431 X18=743 X19=888 X20=104 X21=110 X22=126 X23=1178 X24=3 X25=161 X26=198 X27=625 X28=1147 X29=382 X30=590 X31=507 X32=1249 X33=42 X34=195 X35=281 X36=355 X37=647 X38=844 X39=372 X40=674 X41=54 X42=75 X43=221 X44=227 X45=913 X46=943 X47=1279 X48=411 X49=598 X50=616 X51=779 X52=979 X53=1207 X54=918 X55=43 X56=209 X57=346 X58=471 X59=490 X60=513 X61=657 X62=821 X63=1250 X64=71 X65=111 X66=329 X67=515 X68=668 X69=836 X70=410 X71=470 X72=582 X73=883 X74=939 X75=951 X76=398 X77=696 X78=699 X79=672 X80=985 X81=1093 X82=865 X83=376 X84=645 X85=727 X86=884 X87=927 X88=984 X89=1169 X90=298 X91=1071 X92=1133 X93=256 X94=656 X95=933 X96=381 X97=552 X98=869 X99=501 X100=839 X101=867 X102=964 X103=1120 X104=262 X105=393 X106=1062 X107=1091 X108=1161 X109=46 X110=1056 X111=1219 X112=323 X113=822 X114=1050 X115=716 X116=1015 X117=1041 X118=1230 X119=164 X120=725 X121=987 X122=150 X123=1086 X124=180 X125=291 X126=775 X127=145 X128=248 X129=284 X130=342 X131=757 X132=868 X133=62 X134=186 X135=283 X136=479 X137=612 X138=669 X139=24 X140=188 X141=675 X142=856 X143=1134 X144=182 X145=276 X146=539 X147=290 X148=448 X149=480 X150=36 X151=39 X152=95 X153=204 X154=488 X155=553 X156=637 X157=733 X158=781 X159=791 X160=112 X161=570 X162=852 X163=20 X164=97 X165=190 X166=458 X167=660 X168=870 X169=945 X170=1203 X171=35 X172=108 X173=179 X174=1226 X175=375 X176=463 X177=831 X178=1157 X179=1209 X180=854 X181=896 X182=442 X183=1192 X184=68 X185=742 X186=1172 X187=362 X188=409 X189=615 X190=1115 X191=312 X192=363 X193=618 X194=634 X195=954 X196=1224 X197=58 X198=159 X199=424 X200=1152 X201=1159 X202=189 X203=962 X204=309 X205=345 X206=714 X207=926 X208=952 X209=1233 X210=77 X211=271 X212=1013 X213=531 X214=717 X215=1063 X216=419 X217=425 X218=576 X219=667 X220=677 X221=747 X222=903 X223=219 X224=444 X225=695 X226=782 X227=814 X228=1047 X229=1240 X230=233 X231=472 X232=573 X233=630 X234=848 X235=557 X236=651 X237=768 X238=788 X239=1103 X240=1286 X241=158 X242=181 X243=317 X244=326 X245=646 X246=1096 X247=31 X248=267 X249=755 X250=860 X251=1215 X252=273 X253=1092 X254=447 X255=1151 X256=1269 X257=1254 X258=1257 

    solution X0=0 X1=53 X2=88 X3=439 X4=559 X5=632 X6=1217 X7=193 X8=279 X9=434 X10=644 X11=752 X12=811 X13=1080 X14=1142 X15=1236 X16=405 X17=431 X18=743 X19=888 X20=104 X21=110 X22=126 X23=1178 X24=3 X25=161 X26=198 X27=625 X28=1147 X29=382 X30=590 X31=507 X32=1249 X33=42 X34=195 X35=281 X36=355 X37=647 X38=844 X39=372 X40=674 X41=54 X42=75 X43=221 X44=227 X45=913 X46=943 X47=1279 X48=411 X49=598 X50=616 X51=779 X52=979 X53=1207 X54=918 X55=43 X56=209 X57=346 X58=471 X59=490 X60=513 X61=657 X62=821 X63=1250 X64=71 X65=111 X66=329 X67=515 X68=668 X69=836 X70=410 X71=470 X72=582 X73=883 X74=939 X75=951 X76=398 X77=696 X78=699 X79=672 X80=985 X81=1093 X82=865 X83=376 X84=645 X85=727 X86=884 X87=927 X88=984 X89=1169 X90=298 X91=1071 X92=1133 X93=256 X94=656 X95=933 X96=381 X97=552 X98=869 X99=501 X100=839 X101=867 X102=964 X103=1120 X104=262 X105=393 X106=1062 X107=1091 X108=1161 X109=46 X110=1056 X111=1219 X112=323 X113=822 X114=1050 X115=716 X116=1015 X117=1041 X118=1230 X119=164 X120=725 X121=987 X122=150 X123=1086 X124=180 X125=291 X126=775 X127=145 X128=248 X129=284 X130=342 X131=757 X132=868 X133=62 X134=186 X135=283 X136=479 X137=612 X138=669 X139=24 X140=188 X141=675 X142=856 X143=1134 X144=182 X145=276 X146=539 X147=290 X148=448 X149=480 X150=36 X151=39 X152=95 X153=204 X154=488 X155=553 X156=637 X157=733 X158=781 X159=791 X160=112 X161=570 X162=852 X163=20 X164=97 X165=190 X166=458 X167=660 X168=870 X169=945 X170=1203 X171=35 X172=108 X173=179 X174=1226 X175=375 X176=463 X177=831 X178=1157 X179=1209 X180=854 X181=896 X182=442 X183=1192 X184=68 X185=742 X186=1172 X187=362 X188=409 X189=615 X190=1115 X191=312 X192=363 X193=618 X194=634 X195=954 X196=1224 X197=58 X198=159 X199=424 X200=1152 X201=1159 X202=189 X203=962 X204=309 X205=345 X206=714 X207=926 X208=952 X209=1233 X210=77 X211=271 X212=1013 X213=531 X214=717 X215=1063 X216=419 X217=425 X218=576 X219=667 X220=677 X221=747 X222=903 X223=219 X224=444 X225=695 X226=782 X227=814 X228=1047 X229=1240 X230=233 X231=472 X232=573 X233=630 X234=848 X235=557 X236=651 X237=768 X238=788 X239=1103 X240=1286 X241=158 X242=181 X243=317 X244=326 X245=646 X246=1096 X247=31 X248=267 X249=755 X250=860 X251=1215 X252=273 X253=1092 X254=447 X255=1151 X256=1269 X257=1254 X258=1257 

   
   search
        run=0  nbConstraintChecks=461  depth=(min:0,max:258,avg:1)  nbEffectivePropagations=150  nbRevisions=1930  nbUselessRevisions=1930
        nbAssignments=313  nbFailedAssignments=54  nbBacktracks=0  nbVisitedNodes=368  nbRestartNogoods=0  nbFoundSolutions=1
        upperBound=9223372036854775807
          =>  wckTime=68.752  cpuTime=69.159  mem=610M770

   
   global
        nbConstraintChecks=461  nbEffectivePropagations=150  nbRevisions=1930  nbUselessRevisions=1930  nbRestartNogoods=0  solvingWckTime=68.752
        expiredTime=no  totalExploration=no  nbFoundSolutions=1  firstSolutionCpuTime=69.151  Stop=REACHED_GOAL
          =>  wckTime=69.875  cpuTime=69.159  mem=610M770

s SATISFIABLE
v X0=0 X1=53 X2=88 X3=439 X4=559 X5=632 X6=1217 X7=193 X8=279 X9=434 X10=644 X11=752 X12=811 X13=1080 X14=1142 X15=1236 X16=405 X17=431 X18=743 X19=888 X20=104 X21=110 X22=126 X23=1178 X24=3 X25=161 X26=198 X27=625 X28=1147 X29=382 X30=590 X31=507 X32=1249 X33=42 X34=195 X35=281 X36=355 X37=647 X38=844 X39=372 X40=674 X41=54 X42=75 X43=221 X44=227 X45=913 X46=943 X47=1279 X48=411 X49=598 X50=616 X51=779 X52=979 X53=1207 X54=918 X55=43 X56=209 X57=346 X58=471 X59=490 X60=513 X61=657 X62=821 X63=1250 X64=71 X65=111 X66=329 X67=515 X68=668 X69=836 X70=410 X71=470 X72=582 X73=883 X74=939 X75=951 X76=398 X77=696 X78=699 X79=672 X80=985 X81=1093 X82=865 X83=376 X84=645 X85=727 X86=884 X87=927 X88=984 X89=1169 X90=298 X91=1071 X92=1133 X93=256 X94=656 X95=933 X96=381 X97=552 X98=869 X99=501 X100=839 X101=867 X102=964 X103=1120 X104=262 X105=393 X106=1062 X107=1091 X108=1161 X109=46 X110=1056 X111=1219 X112=323 X113=822 X114=1050 X115=716 X116=1015 X117=1041 X118=1230 X119=164 X120=725 X121=987 X122=150 X123=1086 X124=180 X125=291 X126=775 X127=145 X128=248 X129=284 X130=342 X131=757 X132=868 X133=62 X134=186 X135=283 X136=479 X137=612 X138=669 X139=24 X140=188 X141=675 X142=856 X143=1134 X144=182 X145=276 X146=539 X147=290 X148=448 X149=480 X150=36 X151=39 X152=95 X153=204 X154=488 X155=553 X156=637 X157=733 X158=781 X159=791 X160=112 X161=570 X162=852 X163=20 X164=97 X165=190 X166=458 X167=660 X168=870 X169=945 X170=1203 X171=35 X172=108 X173=179 X174=1226 X175=375 X176=463 X177=831 X178=1157 X179=1209 X180=854 X181=896 X182=442 X183=1192 X184=68 X185=742 X186=1172 X187=362 X188=409 X189=615 X190=1115 X191=312 X192=363 X193=618 X194=634 X195=954 X196=1224 X197=58 X198=159 X199=424 X200=1152 X201=1159 X202=189 X203=962 X204=309 X205=345 X206=714 X207=926 X208=952 X209=1233 X210=77 X211=271 X212=1013 X213=531 X214=717 X215=1063 X216=419 X217=425 X218=576 X219=667 X220=677 X221=747 X222=903 X223=219 X224=444 X225=695 X226=782 X227=814 X228=1047 X229=1240 X230=233 X231=472 X232=573 X233=630 X234=848 X235=557 X236=651 X237=768 X238=788 X239=1103 X240=1286 X241=158 X242=181 X243=317 X244=326 X245=646 X246=1096 X247=31 X248=267 X249=755 X250=860 X251=1215 X252=273 X253=1092 X254=447 X255=1151 X256=1269 X257=1254 X258=1257 
d NODES 313

   totalWckTime=69.766  totalCpuTime=69.16
