
   AbsCon 1.41 (January, 2014) - defaultConfiguration

   
   instance
        framework=CSP  name=Isomorphism-/cluster/gpg/ciaran/sip-benchmarks/benchmarks/si2_bvg_b09m_800/si2_b09m_m800.02/pattern-/cluster/gpg/ciaran/sip-benchmarks/benchmarks/si2_bvg_b09m_800/si2_b09m_m800.02/target
        parameters=/cluster/gpg/ciaran/sip-benchmarks/benchmarks/si2_bvg_b09m_800/si2_b09m_m800.02/pattern,/cluster/gpg/ciaran/sip-benchmarks/benchmarks/si2_bvg_b09m_800/si2_b09m_m800.02/target
      

   loading variables...
        nbVariables=160  nbDomainTypes=1  nbTotalValues=128000  domainSizes=(800:160)
          =>  wckTime=0.204  cpuTime=0.308  mem=11M790

   loading objectives...

   loading constraints...
        nbConstraints=421  nbSpecificConstraints=1  nbExtensionStructures=(1,shared:419)  nbConflictsStructures=(1,shared:419,unbuilt:1)
        degrees=(2:12)(3:16)(4:17)...(19:1)(21:1)(22:1)  arities=(2:420)(160:1)  types=(AllDifferent:1)(ConstraintHardExtensionV-Bits:420)
          =>  wckTime=0.437  cpuTime=0.52  mem=31M975

   INFO : <!-- Start saving the XML representation -->

   INFO : <!-- Stop saving the XML representation of target.xml -->

   Solver SolverBacktrack being built... 
          =>  wckTime=0.824  cpuTime=0.86  mem=59M795

    instantiation X0=0 X1=18 X2=38 X3=98 X4=221 X5=222 X6=235 X7=297 X8=317 X9=336 X10=382 X11=383 X12=387 X13=411 X14=535 X15=543 X16=584 X17=585 X18=603 X19=626 X20=631 X21=751 X22=4 X23=68 X24=73 X25=164 X26=192 X27=376 X28=402 X29=404 X30=417 X31=418 X32=453 X33=530 X34=564 X35=570 X36=614 X37=620 X38=686 X39=706 X40=767 X41=8 X42=69 X43=86 X44=91 X45=107 X46=151 X47=266 X48=328 X49=357 X50=385 X51=493 X52=605 X53=632 X54=722 X55=734 X56=738 X57=778 X58=2 X59=314 X60=354 X61=412 X62=503 X63=85 X64=217 X65=293 X66=348 X67=698 X68=798 X69=119 X70=157 X71=329 X72=421 X73=25 X74=34 X75=46 X76=198 X77=607 X78=670 X79=6 X80=66 X81=425 X82=499 X83=768 X84=60 X85=388 X86=424 X87=638 X88=35 X89=80 X90=135 X91=183 X92=287 X93=372 X94=31 X95=224 X96=229 X97=502 X98=637 X99=639 X100=743 X101=16 X102=26 X103=141 X104=396 X105=146 X106=226 X107=652 X108=160 X109=173 X110=181 X111=220 X112=272 X113=315 X114=710 X115=95 X116=97 X117=521 X118=557 X119=569 X120=90 X121=106 X122=446 X123=482 X124=625 X125=644 X126=52 X127=84 X128=553 X129=589 X130=9 X131=47 X132=316 X133=323 X134=349 X135=363 X136=438 X137=23 X138=72 X139=209 X140=398 X141=420 X142=426 X143=573 X144=41 X145=54 X146=115 X147=162 X148=441 X149=510 X150=764 X151=781 X152=27 X153=196 X154=207 X155=457 X156=619 X157=664 X158=750 X159=199 

    solution X0=0 X1=18 X2=38 X3=98 X4=221 X5=222 X6=235 X7=297 X8=317 X9=336 X10=382 X11=383 X12=387 X13=411 X14=535 X15=543 X16=584 X17=585 X18=603 X19=626 X20=631 X21=751 X22=4 X23=68 X24=73 X25=164 X26=192 X27=376 X28=402 X29=404 X30=417 X31=418 X32=453 X33=530 X34=564 X35=570 X36=614 X37=620 X38=686 X39=706 X40=767 X41=8 X42=69 X43=86 X44=91 X45=107 X46=151 X47=266 X48=328 X49=357 X50=385 X51=493 X52=605 X53=632 X54=722 X55=734 X56=738 X57=778 X58=2 X59=314 X60=354 X61=412 X62=503 X63=85 X64=217 X65=293 X66=348 X67=698 X68=798 X69=119 X70=157 X71=329 X72=421 X73=25 X74=34 X75=46 X76=198 X77=607 X78=670 X79=6 X80=66 X81=425 X82=499 X83=768 X84=60 X85=388 X86=424 X87=638 X88=35 X89=80 X90=135 X91=183 X92=287 X93=372 X94=31 X95=224 X96=229 X97=502 X98=637 X99=639 X100=743 X101=16 X102=26 X103=141 X104=396 X105=146 X106=226 X107=652 X108=160 X109=173 X110=181 X111=220 X112=272 X113=315 X114=710 X115=95 X116=97 X117=521 X118=557 X119=569 X120=90 X121=106 X122=446 X123=482 X124=625 X125=644 X126=52 X127=84 X128=553 X129=589 X130=9 X131=47 X132=316 X133=323 X134=349 X135=363 X136=438 X137=23 X138=72 X139=209 X140=398 X141=420 X142=426 X143=573 X144=41 X145=54 X146=115 X147=162 X148=441 X149=510 X150=764 X151=781 X152=27 X153=196 X154=207 X155=457 X156=619 X157=664 X158=750 X159=199 

   
   search
        run=0  nbConstraintChecks=421  depth=(min:161,max:159,avg:0)  nbEffectivePropagations=45  nbRevisions=1223  nbUselessRevisions=1223
        nbAssignments=160  nbFailedAssignments=0  nbBacktracks=0  nbVisitedNodes=161  nbRestartNogoods=0  nbFoundSolutions=1
        upperBound=9223372036854775807
          =>  wckTime=17.749  cpuTime=18.373  mem=113M548

   
   global
        nbConstraintChecks=421  nbEffectivePropagations=45  nbRevisions=1223  nbUselessRevisions=1223  nbRestartNogoods=0  solvingWckTime=17.75
        expiredTime=no  totalExploration=no  nbFoundSolutions=1  firstSolutionCpuTime=18.362  Stop=REACHED_GOAL
          =>  wckTime=18.574  cpuTime=18.373  mem=113M548

s SATISFIABLE
v X0=0 X1=18 X2=38 X3=98 X4=221 X5=222 X6=235 X7=297 X8=317 X9=336 X10=382 X11=383 X12=387 X13=411 X14=535 X15=543 X16=584 X17=585 X18=603 X19=626 X20=631 X21=751 X22=4 X23=68 X24=73 X25=164 X26=192 X27=376 X28=402 X29=404 X30=417 X31=418 X32=453 X33=530 X34=564 X35=570 X36=614 X37=620 X38=686 X39=706 X40=767 X41=8 X42=69 X43=86 X44=91 X45=107 X46=151 X47=266 X48=328 X49=357 X50=385 X51=493 X52=605 X53=632 X54=722 X55=734 X56=738 X57=778 X58=2 X59=314 X60=354 X61=412 X62=503 X63=85 X64=217 X65=293 X66=348 X67=698 X68=798 X69=119 X70=157 X71=329 X72=421 X73=25 X74=34 X75=46 X76=198 X77=607 X78=670 X79=6 X80=66 X81=425 X82=499 X83=768 X84=60 X85=388 X86=424 X87=638 X88=35 X89=80 X90=135 X91=183 X92=287 X93=372 X94=31 X95=224 X96=229 X97=502 X98=637 X99=639 X100=743 X101=16 X102=26 X103=141 X104=396 X105=146 X106=226 X107=652 X108=160 X109=173 X110=181 X111=220 X112=272 X113=315 X114=710 X115=95 X116=97 X117=521 X118=557 X119=569 X120=90 X121=106 X122=446 X123=482 X124=625 X125=644 X126=52 X127=84 X128=553 X129=589 X130=9 X131=47 X132=316 X133=323 X134=349 X135=363 X136=438 X137=23 X138=72 X139=209 X140=398 X141=420 X142=426 X143=573 X144=41 X145=54 X146=115 X147=162 X148=441 X149=510 X150=764 X151=781 X152=27 X153=196 X154=207 X155=457 X156=619 X157=664 X158=750 X159=199 
d NODES 160

   totalWckTime=18.477  totalCpuTime=18.373
