
   AbsCon 1.41 (January, 2014) - defaultConfiguration

   
   instance
        framework=CSP  name=Isomorphism-/cluster/gpg/ciaran/sip-benchmarks/benchmarks/si2_bvg_b09_800/si2_b09_m800.04/pattern-/cluster/gpg/ciaran/sip-benchmarks/benchmarks/si2_bvg_b09_800/si2_b09_m800.04/target
        parameters=/cluster/gpg/ciaran/sip-benchmarks/benchmarks/si2_bvg_b09_800/si2_b09_m800.04/pattern,/cluster/gpg/ciaran/sip-benchmarks/benchmarks/si2_bvg_b09_800/si2_b09_m800.04/target
      

   loading variables...
        nbVariables=160  nbDomainTypes=1  nbTotalValues=128000  domainSizes=(800:160)
          =>  wckTime=0.2  cpuTime=0.316  mem=12M63

   loading objectives...

   loading constraints...
        nbConstraints=697  nbSpecificConstraints=1  nbExtensionStructures=(1,shared:695)  nbConflictsStructures=(1,shared:695,unbuilt:1)
        degrees=(5:2)(6:4)(7:4)(8:4)(9:2)(10:144)  arities=(2:696)(160:1)  types=(AllDifferent:1)(ConstraintHardExtensionV-Bits:696)
          =>  wckTime=0.532  cpuTime=0.632  mem=47M688

   INFO : <!-- Start saving the XML representation -->

   INFO : <!-- Stop saving the XML representation of target.xml -->

   Solver SolverBacktrack being built... 
          =>  wckTime=1.011  cpuTime=1.069  mem=62M902

    instantiation X0=0 X1=362 X2=287 X3=666 X4=609 X5=586 X6=644 X7=556 X8=787 X9=674 X10=401 X11=235 X12=572 X13=375 X14=546 X15=582 X16=676 X17=509 X18=739 X19=632 X20=358 X21=283 X22=190 X23=561 X24=305 X25=347 X26=377 X27=712 X28=222 X29=512 X30=201 X31=488 X32=623 X33=721 X34=118 X35=179 X36=345 X37=448 X38=520 X39=462 X40=503 X41=642 X42=29 X43=175 X44=688 X45=774 X46=90 X47=526 X48=230 X49=277 X50=799 X51=165 X52=275 X53=304 X54=137 X55=87 X56=147 X57=124 X58=371 X59=589 X60=249 X61=266 X62=261 X63=14 X64=352 X65=154 X66=677 X67=444 X68=35 X69=312 X70=665 X71=652 X72=718 X73=22 X74=525 X75=394 X76=745 X77=602 X78=691 X79=94 X80=596 X81=585 X82=274 X83=633 X84=773 X85=210 X86=772 X87=619 X88=500 X89=36 X90=89 X91=549 X92=622 X93=603 X94=604 X95=471 X96=618 X97=213 X98=719 X99=478 X100=321 X101=473 X102=114 X103=262 X104=198 X105=579 X106=355 X107=461 X108=323 X109=385 X110=374 X111=576 X112=435 X113=703 X114=733 X115=13 X116=51 X117=97 X118=738 X119=524 X120=685 X121=334 X122=199 X123=482 X124=442 X125=7 X126=142 X127=306 X128=149 X129=133 X130=270 X131=75 X132=73 X133=102 X134=542 X135=82 X136=299 X137=569 X138=182 X139=615 X140=655 X141=678 X142=115 X143=236 X144=187 X145=170 X146=121 X147=111 X148=594 X149=725 X150=76 X151=494 X152=445 X153=740 X154=353 X155=763 X156=390 X157=183 X158=617 X159=336 

    solution X0=0 X1=362 X2=287 X3=666 X4=609 X5=586 X6=644 X7=556 X8=787 X9=674 X10=401 X11=235 X12=572 X13=375 X14=546 X15=582 X16=676 X17=509 X18=739 X19=632 X20=358 X21=283 X22=190 X23=561 X24=305 X25=347 X26=377 X27=712 X28=222 X29=512 X30=201 X31=488 X32=623 X33=721 X34=118 X35=179 X36=345 X37=448 X38=520 X39=462 X40=503 X41=642 X42=29 X43=175 X44=688 X45=774 X46=90 X47=526 X48=230 X49=277 X50=799 X51=165 X52=275 X53=304 X54=137 X55=87 X56=147 X57=124 X58=371 X59=589 X60=249 X61=266 X62=261 X63=14 X64=352 X65=154 X66=677 X67=444 X68=35 X69=312 X70=665 X71=652 X72=718 X73=22 X74=525 X75=394 X76=745 X77=602 X78=691 X79=94 X80=596 X81=585 X82=274 X83=633 X84=773 X85=210 X86=772 X87=619 X88=500 X89=36 X90=89 X91=549 X92=622 X93=603 X94=604 X95=471 X96=618 X97=213 X98=719 X99=478 X100=321 X101=473 X102=114 X103=262 X104=198 X105=579 X106=355 X107=461 X108=323 X109=385 X110=374 X111=576 X112=435 X113=703 X114=733 X115=13 X116=51 X117=97 X118=738 X119=524 X120=685 X121=334 X122=199 X123=482 X124=442 X125=7 X126=142 X127=306 X128=149 X129=133 X130=270 X131=75 X132=73 X133=102 X134=542 X135=82 X136=299 X137=569 X138=182 X139=615 X140=655 X141=678 X142=115 X143=236 X144=187 X145=170 X146=121 X147=111 X148=594 X149=725 X150=76 X151=494 X152=445 X153=740 X154=353 X155=763 X156=390 X157=183 X158=617 X159=336 

   
   search
        run=0  nbConstraintChecks=697  depth=(min:161,max:159,avg:0)  nbEffectivePropagations=2  nbRevisions=3410  nbUselessRevisions=3410
        nbAssignments=160  nbFailedAssignments=0  nbBacktracks=0  nbVisitedNodes=161  nbRestartNogoods=0  nbFoundSolutions=1
        upperBound=9223372036854775807
          =>  wckTime=16.703  cpuTime=17.592  mem=243M359

   
   global
        nbConstraintChecks=697  nbEffectivePropagations=2  nbRevisions=3410  nbUselessRevisions=3410  nbRestartNogoods=0  solvingWckTime=16.704
        expiredTime=no  totalExploration=no  nbFoundSolutions=1  firstSolutionCpuTime=17.582  Stop=REACHED_GOAL
          =>  wckTime=17.715  cpuTime=17.592  mem=243M359

s SATISFIABLE
v X0=0 X1=362 X2=287 X3=666 X4=609 X5=586 X6=644 X7=556 X8=787 X9=674 X10=401 X11=235 X12=572 X13=375 X14=546 X15=582 X16=676 X17=509 X18=739 X19=632 X20=358 X21=283 X22=190 X23=561 X24=305 X25=347 X26=377 X27=712 X28=222 X29=512 X30=201 X31=488 X32=623 X33=721 X34=118 X35=179 X36=345 X37=448 X38=520 X39=462 X40=503 X41=642 X42=29 X43=175 X44=688 X45=774 X46=90 X47=526 X48=230 X49=277 X50=799 X51=165 X52=275 X53=304 X54=137 X55=87 X56=147 X57=124 X58=371 X59=589 X60=249 X61=266 X62=261 X63=14 X64=352 X65=154 X66=677 X67=444 X68=35 X69=312 X70=665 X71=652 X72=718 X73=22 X74=525 X75=394 X76=745 X77=602 X78=691 X79=94 X80=596 X81=585 X82=274 X83=633 X84=773 X85=210 X86=772 X87=619 X88=500 X89=36 X90=89 X91=549 X92=622 X93=603 X94=604 X95=471 X96=618 X97=213 X98=719 X99=478 X100=321 X101=473 X102=114 X103=262 X104=198 X105=579 X106=355 X107=461 X108=323 X109=385 X110=374 X111=576 X112=435 X113=703 X114=733 X115=13 X116=51 X117=97 X118=738 X119=524 X120=685 X121=334 X122=199 X123=482 X124=442 X125=7 X126=142 X127=306 X128=149 X129=133 X130=270 X131=75 X132=73 X133=102 X134=542 X135=82 X136=299 X137=569 X138=182 X139=615 X140=655 X141=678 X142=115 X143=236 X144=187 X145=170 X146=121 X147=111 X148=594 X149=725 X150=76 X151=494 X152=445 X153=740 X154=353 X155=763 X156=390 X157=183 X158=617 X159=336 
d NODES 160

   totalWckTime=17.62  totalCpuTime=17.593
