
   AbsCon 1.41 (January, 2014) - defaultConfiguration

   
   instance
        framework=CSP  name=Isomorphism-/cluster/gpg/ciaran/sip-benchmarks/benchmarks/si2_bvg_b09_800/si2_b09_m800.03/pattern-/cluster/gpg/ciaran/sip-benchmarks/benchmarks/si2_bvg_b09_800/si2_b09_m800.03/target
        parameters=/cluster/gpg/ciaran/sip-benchmarks/benchmarks/si2_bvg_b09_800/si2_b09_m800.03/pattern,/cluster/gpg/ciaran/sip-benchmarks/benchmarks/si2_bvg_b09_800/si2_b09_m800.03/target
      

   loading variables...
        nbVariables=160  nbDomainTypes=1  nbTotalValues=128000  domainSizes=(800:160)
          =>  wckTime=0.215  cpuTime=0.336  mem=11M856

   loading objectives...

   loading constraints...
        nbConstraints=697  nbSpecificConstraints=1  nbExtensionStructures=(1,shared:695)  nbConflictsStructures=(1,shared:695,unbuilt:1)
        degrees=(5:2)(6:4)(7:4)(8:4)(9:2)(10:144)  arities=(2:696)(160:1)  types=(AllDifferent:1)(ConstraintHardExtensionV-Bits:696)
          =>  wckTime=0.551  cpuTime=0.653  mem=47M125

   INFO : <!-- Start saving the XML representation -->

   INFO : <!-- Stop saving the XML representation of target.xml -->

   Solver SolverBacktrack being built... 
          =>  wckTime=0.98  cpuTime=1.008  mem=62M665

    instantiation X0=0 X1=8 X2=16 X3=78 X4=135 X5=175 X6=210 X7=225 X8=443 X9=657 X10=267 X11=323 X12=745 X13=798 X14=466 X15=11 X16=705 X17=31 X18=306 X19=476 X20=552 X21=694 X22=105 X23=541 X24=617 X25=725 X26=307 X27=656 X28=603 X29=676 X30=205 X31=782 X32=251 X33=587 X34=4 X35=13 X36=411 X37=479 X38=608 X39=47 X40=143 X41=302 X42=577 X43=348 X44=214 X45=553 X46=174 X47=381 X48=185 X49=619 X50=6 X51=166 X52=340 X53=477 X54=492 X55=357 X56=73 X57=489 X58=624 X59=275 X60=652 X61=613 X62=751 X63=644 X64=499 X65=322 X66=209 X67=415 X68=485 X69=170 X70=490 X71=123 X72=706 X73=202 X74=282 X75=512 X76=788 X77=253 X78=122 X79=548 X80=615 X81=397 X82=556 X83=639 X84=325 X85=463 X86=686 X87=429 X88=291 X89=29 X90=770 X91=93 X92=765 X93=262 X94=292 X95=277 X96=38 X97=734 X98=481 X99=691 X100=536 X101=645 X102=237 X103=468 X104=576 X105=695 X106=75 X107=20 X108=244 X109=146 X110=264 X111=471 X112=385 X113=730 X114=435 X115=454 X116=95 X117=213 X118=61 X119=776 X120=316 X121=42 X122=32 X123=631 X124=150 X125=607 X126=439 X127=365 X128=149 X129=528 X130=310 X131=679 X132=188 X133=155 X134=757 X135=600 X136=434 X137=317 X138=234 X139=89 X140=250 X141=54 X142=753 X143=549 X144=501 X145=182 X146=76 X147=56 X148=493 X149=12 X150=215 X151=233 X152=702 X153=257 X154=790 X155=391 X156=44 X157=375 X158=595 X159=458 

    solution X0=0 X1=8 X2=16 X3=78 X4=135 X5=175 X6=210 X7=225 X8=443 X9=657 X10=267 X11=323 X12=745 X13=798 X14=466 X15=11 X16=705 X17=31 X18=306 X19=476 X20=552 X21=694 X22=105 X23=541 X24=617 X25=725 X26=307 X27=656 X28=603 X29=676 X30=205 X31=782 X32=251 X33=587 X34=4 X35=13 X36=411 X37=479 X38=608 X39=47 X40=143 X41=302 X42=577 X43=348 X44=214 X45=553 X46=174 X47=381 X48=185 X49=619 X50=6 X51=166 X52=340 X53=477 X54=492 X55=357 X56=73 X57=489 X58=624 X59=275 X60=652 X61=613 X62=751 X63=644 X64=499 X65=322 X66=209 X67=415 X68=485 X69=170 X70=490 X71=123 X72=706 X73=202 X74=282 X75=512 X76=788 X77=253 X78=122 X79=548 X80=615 X81=397 X82=556 X83=639 X84=325 X85=463 X86=686 X87=429 X88=291 X89=29 X90=770 X91=93 X92=765 X93=262 X94=292 X95=277 X96=38 X97=734 X98=481 X99=691 X100=536 X101=645 X102=237 X103=468 X104=576 X105=695 X106=75 X107=20 X108=244 X109=146 X110=264 X111=471 X112=385 X113=730 X114=435 X115=454 X116=95 X117=213 X118=61 X119=776 X120=316 X121=42 X122=32 X123=631 X124=150 X125=607 X126=439 X127=365 X128=149 X129=528 X130=310 X131=679 X132=188 X133=155 X134=757 X135=600 X136=434 X137=317 X138=234 X139=89 X140=250 X141=54 X142=753 X143=549 X144=501 X145=182 X146=76 X147=56 X148=493 X149=12 X150=215 X151=233 X152=702 X153=257 X154=790 X155=391 X156=44 X157=375 X158=595 X159=458 

   
   search
        run=0  nbConstraintChecks=697  depth=(min:161,max:159,avg:0)  nbEffectivePropagations=2  nbRevisions=3410  nbUselessRevisions=3410
        nbAssignments=160  nbFailedAssignments=0  nbBacktracks=0  nbVisitedNodes=161  nbRestartNogoods=0  nbFoundSolutions=1
        upperBound=9223372036854775807
          =>  wckTime=18.344  cpuTime=19.126  mem=488M198

   
   global
        nbConstraintChecks=697  nbEffectivePropagations=2  nbRevisions=3410  nbUselessRevisions=3410  nbRestartNogoods=0  solvingWckTime=18.345
        expiredTime=no  totalExploration=no  nbFoundSolutions=1  firstSolutionCpuTime=19.116  Stop=REACHED_GOAL
          =>  wckTime=19.325  cpuTime=19.127  mem=488M198

s SATISFIABLE
v X0=0 X1=8 X2=16 X3=78 X4=135 X5=175 X6=210 X7=225 X8=443 X9=657 X10=267 X11=323 X12=745 X13=798 X14=466 X15=11 X16=705 X17=31 X18=306 X19=476 X20=552 X21=694 X22=105 X23=541 X24=617 X25=725 X26=307 X27=656 X28=603 X29=676 X30=205 X31=782 X32=251 X33=587 X34=4 X35=13 X36=411 X37=479 X38=608 X39=47 X40=143 X41=302 X42=577 X43=348 X44=214 X45=553 X46=174 X47=381 X48=185 X49=619 X50=6 X51=166 X52=340 X53=477 X54=492 X55=357 X56=73 X57=489 X58=624 X59=275 X60=652 X61=613 X62=751 X63=644 X64=499 X65=322 X66=209 X67=415 X68=485 X69=170 X70=490 X71=123 X72=706 X73=202 X74=282 X75=512 X76=788 X77=253 X78=122 X79=548 X80=615 X81=397 X82=556 X83=639 X84=325 X85=463 X86=686 X87=429 X88=291 X89=29 X90=770 X91=93 X92=765 X93=262 X94=292 X95=277 X96=38 X97=734 X98=481 X99=691 X100=536 X101=645 X102=237 X103=468 X104=576 X105=695 X106=75 X107=20 X108=244 X109=146 X110=264 X111=471 X112=385 X113=730 X114=435 X115=454 X116=95 X117=213 X118=61 X119=776 X120=316 X121=42 X122=32 X123=631 X124=150 X125=607 X126=439 X127=365 X128=149 X129=528 X130=310 X131=679 X132=188 X133=155 X134=757 X135=600 X136=434 X137=317 X138=234 X139=89 X140=250 X141=54 X142=753 X143=549 X144=501 X145=182 X146=76 X147=56 X148=493 X149=12 X150=215 X151=233 X152=702 X153=257 X154=790 X155=391 X156=44 X157=375 X158=595 X159=458 
d NODES 160

   totalWckTime=19.219  totalCpuTime=19.127
