
   AbsCon 1.41 (January, 2014) - defaultConfiguration

   
   instance
        framework=CSP  name=Isomorphism-/cluster/gpg/ciaran/sip-benchmarks/benchmarks/si2_rand_r001_600/si2_r001_m600.05/pattern-/cluster/gpg/ciaran/sip-benchmarks/benchmarks/si2_rand_r001_600/si2_r001_m600.05/target
        parameters=/cluster/gpg/ciaran/sip-benchmarks/benchmarks/si2_rand_r001_600/si2_r001_m600.05/pattern,/cluster/gpg/ciaran/sip-benchmarks/benchmarks/si2_rand_r001_600/si2_r001_m600.05/target
      

   loading variables...
        nbVariables=120  nbDomainTypes=1  nbTotalValues=72000  domainSizes=(600:120)
          =>  wckTime=0.246  cpuTime=0.342  mem=8M772

   loading objectives...

   loading constraints...
        nbConstraints=218  nbSpecificConstraints=1  nbExtensionStructures=(1,shared:216)  nbConflictsStructures=(1,shared:216,unbuilt:1)
        degrees=(2:12)(3:23)(4:33)...(8:8)(9:3)(10:1)  arities=(2:217)(120:1)  types=(AllDifferent:1)(ConstraintHardExtensionV-Bits:217)
          =>  wckTime=0.416  cpuTime=0.503  mem=18M48

   INFO : <!-- Start saving the XML representation -->

   INFO : <!-- Stop saving the XML representation of target.xml -->

   Solver SolverBacktrack being built... 
          =>  wckTime=0.733  cpuTime=0.783  mem=37M648

    instantiation X0=270 X1=520 X2=253 X3=30 X4=79 X5=102 X6=70 X7=582 X8=202 X9=135 X10=245 X11=443 X12=112 X13=527 X14=299 X15=433 X16=10 X17=16 X18=317 X19=210 X20=80 X21=218 X22=206 X23=388 X24=289 X25=344 X26=279 X27=148 X28=341 X29=426 X30=230 X31=267 X32=478 X33=511 X34=352 X35=42 X36=120 X37=157 X38=448 X39=108 X40=161 X41=571 X42=261 X43=54 X44=124 X45=385 X46=238 X47=1 X48=280 X49=41 X50=6 X51=28 X52=484 X53=579 X54=297 X55=315 X56=495 X57=374 X58=468 X59=212 X60=228 X61=345 X62=242 X63=130 X64=535 X65=431 X66=251 X67=160 X68=313 X69=173 X70=549 X71=481 X72=542 X73=225 X74=544 X75=435 X76=488 X77=463 X78=369 X79=575 X80=336 X81=237 X82=284 X83=248 X84=39 X85=126 X86=466 X87=226 X88=325 X89=64 X90=272 X91=47 X92=474 X93=40 X94=138 X95=177 X96=152 X97=493 X98=589 X99=217 X100=486 X101=167 X102=123 X103=427 X104=23 X105=290 X106=556 X107=562 X108=269 X109=389 X110=360 X111=416 X112=224 X113=50 X114=0 X115=98 X116=592 X117=247 X118=397 X119=263 

    solution X0=270 X1=520 X2=253 X3=30 X4=79 X5=102 X6=70 X7=582 X8=202 X9=135 X10=245 X11=443 X12=112 X13=527 X14=299 X15=433 X16=10 X17=16 X18=317 X19=210 X20=80 X21=218 X22=206 X23=388 X24=289 X25=344 X26=279 X27=148 X28=341 X29=426 X30=230 X31=267 X32=478 X33=511 X34=352 X35=42 X36=120 X37=157 X38=448 X39=108 X40=161 X41=571 X42=261 X43=54 X44=124 X45=385 X46=238 X47=1 X48=280 X49=41 X50=6 X51=28 X52=484 X53=579 X54=297 X55=315 X56=495 X57=374 X58=468 X59=212 X60=228 X61=345 X62=242 X63=130 X64=535 X65=431 X66=251 X67=160 X68=313 X69=173 X70=549 X71=481 X72=542 X73=225 X74=544 X75=435 X76=488 X77=463 X78=369 X79=575 X80=336 X81=237 X82=284 X83=248 X84=39 X85=126 X86=466 X87=226 X88=325 X89=64 X90=272 X91=47 X92=474 X93=40 X94=138 X95=177 X96=152 X97=493 X98=589 X99=217 X100=486 X101=167 X102=123 X103=427 X104=23 X105=290 X106=556 X107=562 X108=269 X109=389 X110=360 X111=416 X112=224 X113=50 X114=0 X115=98 X116=592 X117=247 X118=397 X119=263 

   
   search
        run=0  nbConstraintChecks=218  depth=(min:0,max:119,avg:1)  nbEffectivePropagations=37769  nbRevisions=84847  nbUselessRevisions=63495
        nbAssignments=935  nbFailedAssignments=761  nbBacktracks=54  nbVisitedNodes=1743  nbRestartNogoods=0  nbFoundSolutions=1
        upperBound=9223372036854775807
          =>  wckTime=95.77  cpuTime=95.755  mem=662M787

   
   global
        nbConstraintChecks=218  nbEffectivePropagations=37769  nbRevisions=84847  nbUselessRevisions=63495  nbRestartNogoods=0
        solvingWckTime=95.771  expiredTime=no  totalExploration=no  nbFoundSolutions=1  firstSolutionCpuTime=95.752  Stop=REACHED_GOAL
          =>  wckTime=96.505  cpuTime=95.756  mem=662M787

s SATISFIABLE
v X0=270 X1=520 X2=253 X3=30 X4=79 X5=102 X6=70 X7=582 X8=202 X9=135 X10=245 X11=443 X12=112 X13=527 X14=299 X15=433 X16=10 X17=16 X18=317 X19=210 X20=80 X21=218 X22=206 X23=388 X24=289 X25=344 X26=279 X27=148 X28=341 X29=426 X30=230 X31=267 X32=478 X33=511 X34=352 X35=42 X36=120 X37=157 X38=448 X39=108 X40=161 X41=571 X42=261 X43=54 X44=124 X45=385 X46=238 X47=1 X48=280 X49=41 X50=6 X51=28 X52=484 X53=579 X54=297 X55=315 X56=495 X57=374 X58=468 X59=212 X60=228 X61=345 X62=242 X63=130 X64=535 X65=431 X66=251 X67=160 X68=313 X69=173 X70=549 X71=481 X72=542 X73=225 X74=544 X75=435 X76=488 X77=463 X78=369 X79=575 X80=336 X81=237 X82=284 X83=248 X84=39 X85=126 X86=466 X87=226 X88=325 X89=64 X90=272 X91=47 X92=474 X93=40 X94=138 X95=177 X96=152 X97=493 X98=589 X99=217 X100=486 X101=167 X102=123 X103=427 X104=23 X105=290 X106=556 X107=562 X108=269 X109=389 X110=360 X111=416 X112=224 X113=50 X114=0 X115=98 X116=592 X117=247 X118=397 X119=263 
d NODES 935

   totalWckTime=96.367  totalCpuTime=95.756
