
   AbsCon 1.41 (January, 2014) - defaultConfiguration

   
   instance
        framework=CSP  name=Isomorphism-/cluster/gpg/ciaran/sip-benchmarks/benchmarks/si2_m4D_m4Dr2_625/si2_m4Dr2_m625.02/pattern-/cluster/gpg/ciaran/sip-benchmarks/benchmarks/si2_m4D_m4Dr2_625/si2_m4Dr2_m625.02/target
        parameters=/cluster/gpg/ciaran/sip-benchmarks/benchmarks/si2_m4D_m4Dr2_625/si2_m4Dr2_m625.02/pattern,/cluster/gpg/ciaran/sip-benchmarks/benchmarks/si2_m4D_m4Dr2_625/si2_m4Dr2_m625.02/target
      

   loading variables...
        nbVariables=125  nbDomainTypes=1  nbTotalValues=78125  domainSizes=(625:125)
          =>  wckTime=0.197  cpuTime=0.309  mem=10M70

   loading objectives...

   loading constraints...
        nbConstraints=212  nbSpecificConstraints=1  nbExtensionStructures=(1,shared:210)  nbConflictsStructures=(1,shared:210,unbuilt:1)
        degrees=(2:30)(3:25)(4:19)...(8:5)(9:3)(10:3)  arities=(2:211)(125:1)  types=(AllDifferent:1)(ConstraintHardExtensionV-Bits:211)
          =>  wckTime=0.32  cpuTime=0.426  mem=19M339

   INFO : <!-- Start saving the XML representation -->

   INFO : <!-- Stop saving the XML representation of target.xml -->

   Solver SolverBacktrack being built... 
          =>  wckTime=0.627  cpuTime=0.701  mem=37M458

    instantiation X0=0 X1=110 X2=309 X3=463 X4=612 X5=73 X6=146 X7=313 X8=39 X9=289 X10=456 X11=288 X12=388 X13=454 X14=182 X15=217 X16=561 X17=4 X18=398 X19=373 X20=576 X21=69 X22=187 X23=261 X24=311 X25=145 X26=339 X27=131 X28=513 X29=201 X30=208 X31=273 X32=359 X33=386 X34=512 X35=543 X36=559 X37=84 X38=279 X39=387 X40=437 X41=241 X42=528 X43=271 X44=553 X45=607 X46=70 X47=220 X48=269 X49=420 X50=68 X51=135 X52=181 X53=270 X54=433 X55=494 X56=571 X57=46 X58=95 X59=266 X60=330 X61=355 X62=361 X63=408 X64=569 X65=25 X66=66 X67=136 X68=502 X69=88 X70=248 X71=425 X72=349 X73=255 X74=310 X75=523 X76=337 X77=567 X78=3 X79=81 X80=96 X81=138 X82=352 X83=462 X84=471 X85=507 X86=85 X87=379 X88=383 X89=505 X90=600 X91=175 X92=397 X93=498 X94=130 X95=280 X96=422 X97=231 X98=557 X99=33 X100=170 X101=327 X102=127 X103=560 X104=588 X105=86 X106=366 X107=64 X108=99 X109=124 X110=191 X111=535 X112=564 X113=593 X114=17 X115=414 X116=2 X117=157 X118=259 X119=382 X120=623 X121=152 X122=244 X123=430 X124=472 

    solution X0=0 X1=110 X2=309 X3=463 X4=612 X5=73 X6=146 X7=313 X8=39 X9=289 X10=456 X11=288 X12=388 X13=454 X14=182 X15=217 X16=561 X17=4 X18=398 X19=373 X20=576 X21=69 X22=187 X23=261 X24=311 X25=145 X26=339 X27=131 X28=513 X29=201 X30=208 X31=273 X32=359 X33=386 X34=512 X35=543 X36=559 X37=84 X38=279 X39=387 X40=437 X41=241 X42=528 X43=271 X44=553 X45=607 X46=70 X47=220 X48=269 X49=420 X50=68 X51=135 X52=181 X53=270 X54=433 X55=494 X56=571 X57=46 X58=95 X59=266 X60=330 X61=355 X62=361 X63=408 X64=569 X65=25 X66=66 X67=136 X68=502 X69=88 X70=248 X71=425 X72=349 X73=255 X74=310 X75=523 X76=337 X77=567 X78=3 X79=81 X80=96 X81=138 X82=352 X83=462 X84=471 X85=507 X86=85 X87=379 X88=383 X89=505 X90=600 X91=175 X92=397 X93=498 X94=130 X95=280 X96=422 X97=231 X98=557 X99=33 X100=170 X101=327 X102=127 X103=560 X104=588 X105=86 X106=366 X107=64 X108=99 X109=124 X110=191 X111=535 X112=564 X113=593 X114=17 X115=414 X116=2 X117=157 X118=259 X119=382 X120=623 X121=152 X122=244 X123=430 X124=472 

   
   search
        run=0  nbConstraintChecks=212  depth=(min:0,max:124,avg:1)  nbEffectivePropagations=881  nbRevisions=9704  nbUselessRevisions=8942
        nbAssignments=579  nbFailedAssignments=454  nbBacktracks=0  nbVisitedNodes=1034  nbRestartNogoods=0  nbFoundSolutions=1
        upperBound=9223372036854775807
          =>  wckTime=17.406  cpuTime=17.865  mem=301M660

   
   global
        nbConstraintChecks=212  nbEffectivePropagations=881  nbRevisions=9704  nbUselessRevisions=8942  nbRestartNogoods=0  solvingWckTime=17.407
        expiredTime=no  totalExploration=no  nbFoundSolutions=1  firstSolutionCpuTime=17.862  Stop=REACHED_GOAL
          =>  wckTime=18.034  cpuTime=17.866  mem=301M660

s SATISFIABLE
v X0=0 X1=110 X2=309 X3=463 X4=612 X5=73 X6=146 X7=313 X8=39 X9=289 X10=456 X11=288 X12=388 X13=454 X14=182 X15=217 X16=561 X17=4 X18=398 X19=373 X20=576 X21=69 X22=187 X23=261 X24=311 X25=145 X26=339 X27=131 X28=513 X29=201 X30=208 X31=273 X32=359 X33=386 X34=512 X35=543 X36=559 X37=84 X38=279 X39=387 X40=437 X41=241 X42=528 X43=271 X44=553 X45=607 X46=70 X47=220 X48=269 X49=420 X50=68 X51=135 X52=181 X53=270 X54=433 X55=494 X56=571 X57=46 X58=95 X59=266 X60=330 X61=355 X62=361 X63=408 X64=569 X65=25 X66=66 X67=136 X68=502 X69=88 X70=248 X71=425 X72=349 X73=255 X74=310 X75=523 X76=337 X77=567 X78=3 X79=81 X80=96 X81=138 X82=352 X83=462 X84=471 X85=507 X86=85 X87=379 X88=383 X89=505 X90=600 X91=175 X92=397 X93=498 X94=130 X95=280 X96=422 X97=231 X98=557 X99=33 X100=170 X101=327 X102=127 X103=560 X104=588 X105=86 X106=366 X107=64 X108=99 X109=124 X110=191 X111=535 X112=564 X113=593 X114=17 X115=414 X116=2 X117=157 X118=259 X119=382 X120=623 X121=152 X122=244 X123=430 X124=472 
d NODES 579

   totalWckTime=17.937  totalCpuTime=17.867
