
   AbsCon 1.41 (January, 2014) - defaultConfiguration

   
   instance
        framework=CSP  name=Isomorphism-/cluster/gpg/ciaran/sip-benchmarks/benchmarks/si2_bvg_b06m_400/si2_b06m_m400.05/pattern-/cluster/gpg/ciaran/sip-benchmarks/benchmarks/si2_bvg_b06m_400/si2_b06m_m400.05/target
        parameters=/cluster/gpg/ciaran/sip-benchmarks/benchmarks/si2_bvg_b06m_400/si2_b06m_m400.05/pattern,/cluster/gpg/ciaran/sip-benchmarks/benchmarks/si2_bvg_b06m_400/si2_b06m_m400.05/target
      

   loading variables...
        nbVariables=80  nbDomainTypes=1  nbTotalValues=32000  domainSizes=(400:80)
          =>  wckTime=0.177  cpuTime=0.293  mem=5M643

   loading objectives...

   loading constraints...
        nbConstraints=161  nbSpecificConstraints=1  nbExtensionStructures=(1,shared:159)  nbConflictsStructures=(1,shared:159,unbuilt:1)
        degrees=(2:8)(3:13)(4:13)...(9:1)(10:1)(15:1)  arities=(2:160)(80:1)  types=(AllDifferent:1)(ConstraintHardExtensionV-Bits:160)
          =>  wckTime=0.27  cpuTime=0.385  mem=13M821

   INFO : <!-- Start saving the XML representation -->

   INFO : <!-- Stop saving the XML representation of target.xml -->

   Solver SolverBacktrack being built... 
          =>  wckTime=0.518  cpuTime=0.587  mem=26M290

    instantiation X0=0 X1=24 X2=51 X3=92 X4=94 X5=98 X6=107 X7=214 X8=217 X9=301 X10=303 X11=306 X12=332 X13=341 X14=372 X15=63 X16=176 X17=195 X18=198 X19=235 X20=295 X21=317 X22=389 X23=7 X24=167 X25=241 X26=396 X27=9 X28=47 X29=152 X30=177 X31=288 X32=173 X33=211 X34=105 X35=296 X36=2 X37=125 X38=142 X39=185 X40=311 X41=71 X42=121 X43=133 X44=346 X45=367 X46=11 X47=14 X48=386 X49=6 X50=15 X51=76 X52=255 X53=224 X54=321 X55=373 X56=398 X57=188 X58=22 X59=215 X60=334 X61=357 X62=62 X63=85 X64=96 X65=113 X66=207 X67=399 X68=69 X69=232 X70=299 X71=304 X72=74 X73=78 X74=136 X75=308 X76=1 X77=196 X78=5 X79=122 

    solution X0=0 X1=24 X2=51 X3=92 X4=94 X5=98 X6=107 X7=214 X8=217 X9=301 X10=303 X11=306 X12=332 X13=341 X14=372 X15=63 X16=176 X17=195 X18=198 X19=235 X20=295 X21=317 X22=389 X23=7 X24=167 X25=241 X26=396 X27=9 X28=47 X29=152 X30=177 X31=288 X32=173 X33=211 X34=105 X35=296 X36=2 X37=125 X38=142 X39=185 X40=311 X41=71 X42=121 X43=133 X44=346 X45=367 X46=11 X47=14 X48=386 X49=6 X50=15 X51=76 X52=255 X53=224 X54=321 X55=373 X56=398 X57=188 X58=22 X59=215 X60=334 X61=357 X62=62 X63=85 X64=96 X65=113 X66=207 X67=399 X68=69 X69=232 X70=299 X71=304 X72=74 X73=78 X74=136 X75=308 X76=1 X77=196 X78=5 X79=122 

   
   search
        run=0  nbConstraintChecks=161  depth=(min:81,max:79,avg:0)  nbEffectivePropagations=40  nbRevisions=456  nbUselessRevisions=456
        nbAssignments=80  nbFailedAssignments=0  nbBacktracks=0  nbVisitedNodes=81  nbRestartNogoods=0  nbFoundSolutions=1  upperBound=9223372036854775807
          =>  wckTime=2.012  cpuTime=2.54  mem=59M81

   
   global
        nbConstraintChecks=161  nbEffectivePropagations=40  nbRevisions=456  nbUselessRevisions=456  nbRestartNogoods=0  solvingWckTime=2.013
        expiredTime=no  totalExploration=no  nbFoundSolutions=1  firstSolutionCpuTime=2.534  Stop=REACHED_GOAL
          =>  wckTime=2.531  cpuTime=2.541  mem=59M81

s SATISFIABLE
v X0=0 X1=24 X2=51 X3=92 X4=94 X5=98 X6=107 X7=214 X8=217 X9=301 X10=303 X11=306 X12=332 X13=341 X14=372 X15=63 X16=176 X17=195 X18=198 X19=235 X20=295 X21=317 X22=389 X23=7 X24=167 X25=241 X26=396 X27=9 X28=47 X29=152 X30=177 X31=288 X32=173 X33=211 X34=105 X35=296 X36=2 X37=125 X38=142 X39=185 X40=311 X41=71 X42=121 X43=133 X44=346 X45=367 X46=11 X47=14 X48=386 X49=6 X50=15 X51=76 X52=255 X53=224 X54=321 X55=373 X56=398 X57=188 X58=22 X59=215 X60=334 X61=357 X62=62 X63=85 X64=96 X65=113 X66=207 X67=399 X68=69 X69=232 X70=299 X71=304 X72=74 X73=78 X74=136 X75=308 X76=1 X77=196 X78=5 X79=122 
d NODES 80

   totalWckTime=2.443  totalCpuTime=2.541
