
   AbsCon 1.41 (January, 2014) - defaultConfiguration

   
   instance
        framework=CSP  name=Isomorphism-/cluster/gpg/ciaran/sip-benchmarks/benchmarks/si2_bvg_b03m_800/si2_b03m_m800.09/pattern-/cluster/gpg/ciaran/sip-benchmarks/benchmarks/si2_bvg_b03m_800/si2_b03m_m800.09/target
        parameters=/cluster/gpg/ciaran/sip-benchmarks/benchmarks/si2_bvg_b03m_800/si2_b03m_m800.09/pattern,/cluster/gpg/ciaran/sip-benchmarks/benchmarks/si2_bvg_b03m_800/si2_b03m_m800.09/target
      

   loading variables...
        nbVariables=160  nbDomainTypes=1  nbTotalValues=128000  domainSizes=(800:160)
          =>  wckTime=0.202  cpuTime=0.308  mem=12M43

   loading objectives...

   loading constraints...
        nbConstraints=181  nbSpecificConstraints=1  nbExtensionStructures=(1,shared:179)  nbConflictsStructures=(1,shared:179,unbuilt:1)
        degrees=(2:75)(3:30)(4:47)...(14:1)(16:1)(23:1)  arities=(2:180)(160:1)  types=(AllDifferent:1)(ConstraintHardExtensionV-Bits:180)
          =>  wckTime=0.331  cpuTime=0.422  mem=18M206

   INFO : <!-- Start saving the XML representation -->

   INFO : <!-- Stop saving the XML representation of target.xml -->

   Solver SolverBacktrack being built... 
          =>  wckTime=0.705  cpuTime=0.739  mem=55M397

    instantiation X0=0 X1=1 X2=2 X3=10 X4=18 X5=43 X6=94 X7=153 X8=171 X9=183 X10=250 X11=292 X12=351 X13=413 X14=499 X15=527 X16=551 X17=573 X18=596 X19=644 X20=663 X21=753 X22=758 X23=86 X24=156 X25=193 X26=287 X27=405 X28=426 X29=474 X30=496 X31=572 X32=590 X33=612 X34=622 X35=772 X36=782 X37=57 X38=144 X39=175 X40=247 X41=304 X42=395 X43=497 X44=575 X45=577 X46=628 X47=731 X48=748 X49=37 X50=149 X51=154 X52=344 X53=404 X54=450 X55=632 X56=722 X57=777 X58=791 X59=52 X60=74 X61=80 X62=131 X63=327 X64=442 X65=600 X66=643 X67=237 X68=263 X69=785 X70=799 X71=367 X72=662 X73=123 X74=336 X75=364 X76=216 X77=381 X78=127 X79=651 X80=120 X81=732 X82=535 X83=291 X84=373 X85=28 X86=779 X87=532 X88=593 X89=19 X90=240 X91=6 X92=11 X93=303 X94=431 X95=438 X96=184 X97=550 X98=35 X99=93 X100=539 X101=112 X102=189 X103=679 X104=602 X105=660 X106=564 X107=380 X108=690 X109=790 X110=794 X111=178 X112=585 X113=504 X114=41 X115=751 X116=3 X117=20 X118=198 X119=623 X120=586 X121=756 X122=694 X123=674 X124=13 X125=108 X126=305 X127=689 X128=21 X129=211 X130=645 X131=69 X132=63 X133=394 X134=199 X135=710 X136=12 X137=301 X138=346 X139=17 X140=400 X141=160 X142=173 X143=125 X144=508 X145=604 X146=206 X147=342 X148=345 X149=32 X150=268 X151=316 X152=388 X153=770 X154=48 X155=136 X156=285 X157=4 X158=261 X159=717 

    solution X0=0 X1=1 X2=2 X3=10 X4=18 X5=43 X6=94 X7=153 X8=171 X9=183 X10=250 X11=292 X12=351 X13=413 X14=499 X15=527 X16=551 X17=573 X18=596 X19=644 X20=663 X21=753 X22=758 X23=86 X24=156 X25=193 X26=287 X27=405 X28=426 X29=474 X30=496 X31=572 X32=590 X33=612 X34=622 X35=772 X36=782 X37=57 X38=144 X39=175 X40=247 X41=304 X42=395 X43=497 X44=575 X45=577 X46=628 X47=731 X48=748 X49=37 X50=149 X51=154 X52=344 X53=404 X54=450 X55=632 X56=722 X57=777 X58=791 X59=52 X60=74 X61=80 X62=131 X63=327 X64=442 X65=600 X66=643 X67=237 X68=263 X69=785 X70=799 X71=367 X72=662 X73=123 X74=336 X75=364 X76=216 X77=381 X78=127 X79=651 X80=120 X81=732 X82=535 X83=291 X84=373 X85=28 X86=779 X87=532 X88=593 X89=19 X90=240 X91=6 X92=11 X93=303 X94=431 X95=438 X96=184 X97=550 X98=35 X99=93 X100=539 X101=112 X102=189 X103=679 X104=602 X105=660 X106=564 X107=380 X108=690 X109=790 X110=794 X111=178 X112=585 X113=504 X114=41 X115=751 X116=3 X117=20 X118=198 X119=623 X120=586 X121=756 X122=694 X123=674 X124=13 X125=108 X126=305 X127=689 X128=21 X129=211 X130=645 X131=69 X132=63 X133=394 X134=199 X135=710 X136=12 X137=301 X138=346 X139=17 X140=400 X141=160 X142=173 X143=125 X144=508 X145=604 X146=206 X147=342 X148=345 X149=32 X150=268 X151=316 X152=388 X153=770 X154=48 X155=136 X156=285 X157=4 X158=261 X159=717 

   
   search
        run=0  nbConstraintChecks=181  depth=(min:161,max:159,avg:0)  nbEffectivePropagations=319  nbRevisions=698  nbUselessRevisions=698
        nbAssignments=160  nbFailedAssignments=0  nbBacktracks=0  nbVisitedNodes=161  nbRestartNogoods=0  nbFoundSolutions=1
        upperBound=9223372036854775807
          =>  wckTime=10.387  cpuTime=10.906  mem=579M746

   
   global
        nbConstraintChecks=181  nbEffectivePropagations=319  nbRevisions=698  nbUselessRevisions=698  nbRestartNogoods=0  solvingWckTime=10.387
        expiredTime=no  totalExploration=no  nbFoundSolutions=1  firstSolutionCpuTime=10.897  Stop=REACHED_GOAL
          =>  wckTime=11.092  cpuTime=10.907  mem=579M746

s SATISFIABLE
v X0=0 X1=1 X2=2 X3=10 X4=18 X5=43 X6=94 X7=153 X8=171 X9=183 X10=250 X11=292 X12=351 X13=413 X14=499 X15=527 X16=551 X17=573 X18=596 X19=644 X20=663 X21=753 X22=758 X23=86 X24=156 X25=193 X26=287 X27=405 X28=426 X29=474 X30=496 X31=572 X32=590 X33=612 X34=622 X35=772 X36=782 X37=57 X38=144 X39=175 X40=247 X41=304 X42=395 X43=497 X44=575 X45=577 X46=628 X47=731 X48=748 X49=37 X50=149 X51=154 X52=344 X53=404 X54=450 X55=632 X56=722 X57=777 X58=791 X59=52 X60=74 X61=80 X62=131 X63=327 X64=442 X65=600 X66=643 X67=237 X68=263 X69=785 X70=799 X71=367 X72=662 X73=123 X74=336 X75=364 X76=216 X77=381 X78=127 X79=651 X80=120 X81=732 X82=535 X83=291 X84=373 X85=28 X86=779 X87=532 X88=593 X89=19 X90=240 X91=6 X92=11 X93=303 X94=431 X95=438 X96=184 X97=550 X98=35 X99=93 X100=539 X101=112 X102=189 X103=679 X104=602 X105=660 X106=564 X107=380 X108=690 X109=790 X110=794 X111=178 X112=585 X113=504 X114=41 X115=751 X116=3 X117=20 X118=198 X119=623 X120=586 X121=756 X122=694 X123=674 X124=13 X125=108 X126=305 X127=689 X128=21 X129=211 X130=645 X131=69 X132=63 X133=394 X134=199 X135=710 X136=12 X137=301 X138=346 X139=17 X140=400 X141=160 X142=173 X143=125 X144=508 X145=604 X146=206 X147=342 X148=345 X149=32 X150=268 X151=316 X152=388 X153=770 X154=48 X155=136 X156=285 X157=4 X158=261 X159=717 
d NODES 160

   totalWckTime=10.991  totalCpuTime=10.907
