
   AbsCon 1.41 (January, 2014) - defaultConfiguration

   
   instance
        framework=CSP  name=Isomorphism-/cluster/gpg/ciaran/sip-benchmarks/benchmarks/si2_m4D_m4Dr6_1296/si2_m4Dr6_m1296.06/pattern-/cluster/gpg/ciaran/sip-benchmarks/benchmarks/si2_m4D_m4Dr6_1296/si2_m4Dr6_m1296.06/target
        parameters=/cluster/gpg/ciaran/sip-benchmarks/benchmarks/si2_m4D_m4Dr6_1296/si2_m4Dr6_m1296.06/pattern,/cluster/gpg/ciaran/sip-benchmarks/benchmarks/si2_m4D_m4Dr6_1296/si2_m4Dr6_m1296.06/target
      

   loading variables...
        nbVariables=259  nbDomainTypes=1  nbTotalValues=335664  domainSizes=(1296:259)
          =>  wckTime=0.335  cpuTime=0.389  mem=24M295

   loading objectives...

   loading constraints...
        nbConstraints=461  nbSpecificConstraints=1  nbExtensionStructures=(1,shared:459)  nbConflictsStructures=(1,shared:459,unbuilt:1)
        degrees=(2:77)(3:57)(4:29)...(10:13)(11:5)(12:1)  arities=(2:460)(259:1)  types=(AllDifferent:1)(ConstraintHardExtensionV-Bits:460)
          =>  wckTime=0.699  cpuTime=0.715  mem=56M78

   INFO : <!-- Start saving the XML representation -->

   INFO : <!-- Stop saving the XML representation of target.xml -->

   Solver SolverBacktrack being built... 
          =>  wckTime=1.322  cpuTime=1.287  mem=135M424

    instantiation X0=0 X1=91 X2=102 X3=151 X4=572 X5=644 X6=746 X7=835 X8=42 X9=124 X10=358 X11=390 X12=586 X13=590 X14=815 X15=1218 X16=239 X17=270 X18=731 X19=1139 X20=129 X21=180 X22=221 X23=892 X24=1045 X25=1121 X26=781 X27=1063 X28=1225 X29=1236 X30=1278 X31=318 X32=323 X33=364 X34=629 X35=866 X36=942 X37=943 X38=1220 X39=1281 X40=214 X41=271 X42=422 X43=738 X44=1076 X45=53 X46=236 X47=844 X48=1271 X49=8 X50=113 X51=234 X52=280 X53=293 X54=944 X55=1132 X56=245 X57=283 X58=783 X59=871 X60=321 X61=822 X62=924 X63=1097 X64=1128 X65=505 X66=733 X67=1138 X68=123 X69=313 X70=583 X71=34 X72=181 X73=575 X74=676 X75=965 X76=1005 X77=26 X78=122 X79=623 X80=1102 X81=98 X82=376 X83=530 X84=174 X85=714 X86=934 X87=1183 X88=30 X89=489 X90=502 X91=202 X92=203 X93=565 X94=970 X95=1107 X96=448 X97=634 X98=707 X99=754 X100=792 X101=990 X102=1044 X103=169 X104=403 X105=983 X106=253 X107=477 X108=974 X109=62 X110=212 X111=521 X112=703 X113=1042 X114=1059 X115=369 X116=165 X117=585 X118=711 X119=837 X120=1177 X121=1197 X122=896 X123=938 X124=1142 X125=1167 X126=732 X127=18 X128=166 X129=331 X130=818 X131=969 X132=50 X133=75 X134=106 X135=661 X136=819 X137=1048 X138=386 X139=515 X140=555 X141=687 X142=780 X143=797 X144=60 X145=173 X146=673 X147=763 X148=808 X149=1015 X150=1137 X151=549 X152=564 X153=841 X154=1157 X155=1187 X156=92 X157=162 X158=351 X159=362 X160=483 X161=497 X162=567 X163=936 X164=103 X165=972 X166=1061 X167=6 X168=195 X169=917 X170=982 X171=1119 X172=1229 X173=1262 X174=97 X175=218 X176=336 X177=926 X178=39 X179=645 X180=76 X181=74 X182=307 X183=615 X184=1003 X185=1265 X186=302 X187=1247 X188=259 X189=267 X190=308 X191=519 X192=662 X193=978 X194=992 X195=1073 X196=1150 X197=1285 X198=38 X199=148 X200=1248 X201=14 X202=286 X203=526 X204=737 X205=1288 X206=243 X207=491 X208=361 X209=1051 X210=194 X211=352 X212=973 X213=1030 X214=1156 X215=373 X216=697 X217=728 X218=1086 X219=1276 X220=164 X221=320 X222=327 X223=450 X224=621 X225=37 X226=57 X227=77 X228=187 X229=891 X230=116 X231=408 X232=442 X233=535 X234=608 X235=1235 X236=914 X237=932 X238=241 X239=319 X240=73 X241=112 X242=139 X243=399 X244=531 X245=923 X246=1066 X247=244 X248=1037 X249=276 X250=993 X251=232 X252=396 X253=803 X254=900 X255=1054 X256=482 X257=16 X258=93 

    solution X0=0 X1=91 X2=102 X3=151 X4=572 X5=644 X6=746 X7=835 X8=42 X9=124 X10=358 X11=390 X12=586 X13=590 X14=815 X15=1218 X16=239 X17=270 X18=731 X19=1139 X20=129 X21=180 X22=221 X23=892 X24=1045 X25=1121 X26=781 X27=1063 X28=1225 X29=1236 X30=1278 X31=318 X32=323 X33=364 X34=629 X35=866 X36=942 X37=943 X38=1220 X39=1281 X40=214 X41=271 X42=422 X43=738 X44=1076 X45=53 X46=236 X47=844 X48=1271 X49=8 X50=113 X51=234 X52=280 X53=293 X54=944 X55=1132 X56=245 X57=283 X58=783 X59=871 X60=321 X61=822 X62=924 X63=1097 X64=1128 X65=505 X66=733 X67=1138 X68=123 X69=313 X70=583 X71=34 X72=181 X73=575 X74=676 X75=965 X76=1005 X77=26 X78=122 X79=623 X80=1102 X81=98 X82=376 X83=530 X84=174 X85=714 X86=934 X87=1183 X88=30 X89=489 X90=502 X91=202 X92=203 X93=565 X94=970 X95=1107 X96=448 X97=634 X98=707 X99=754 X100=792 X101=990 X102=1044 X103=169 X104=403 X105=983 X106=253 X107=477 X108=974 X109=62 X110=212 X111=521 X112=703 X113=1042 X114=1059 X115=369 X116=165 X117=585 X118=711 X119=837 X120=1177 X121=1197 X122=896 X123=938 X124=1142 X125=1167 X126=732 X127=18 X128=166 X129=331 X130=818 X131=969 X132=50 X133=75 X134=106 X135=661 X136=819 X137=1048 X138=386 X139=515 X140=555 X141=687 X142=780 X143=797 X144=60 X145=173 X146=673 X147=763 X148=808 X149=1015 X150=1137 X151=549 X152=564 X153=841 X154=1157 X155=1187 X156=92 X157=162 X158=351 X159=362 X160=483 X161=497 X162=567 X163=936 X164=103 X165=972 X166=1061 X167=6 X168=195 X169=917 X170=982 X171=1119 X172=1229 X173=1262 X174=97 X175=218 X176=336 X177=926 X178=39 X179=645 X180=76 X181=74 X182=307 X183=615 X184=1003 X185=1265 X186=302 X187=1247 X188=259 X189=267 X190=308 X191=519 X192=662 X193=978 X194=992 X195=1073 X196=1150 X197=1285 X198=38 X199=148 X200=1248 X201=14 X202=286 X203=526 X204=737 X205=1288 X206=243 X207=491 X208=361 X209=1051 X210=194 X211=352 X212=973 X213=1030 X214=1156 X215=373 X216=697 X217=728 X218=1086 X219=1276 X220=164 X221=320 X222=327 X223=450 X224=621 X225=37 X226=57 X227=77 X228=187 X229=891 X230=116 X231=408 X232=442 X233=535 X234=608 X235=1235 X236=914 X237=932 X238=241 X239=319 X240=73 X241=112 X242=139 X243=399 X244=531 X245=923 X246=1066 X247=244 X248=1037 X249=276 X250=993 X251=232 X252=396 X253=803 X254=900 X255=1054 X256=482 X257=16 X258=93 

   
   search
        run=0  nbConstraintChecks=461  depth=(min:0,max:258,avg:1)  nbEffectivePropagations=1235  nbRevisions=13996  nbUselessRevisions=12973
        nbAssignments=1125  nbFailedAssignments=866  nbBacktracks=0  nbVisitedNodes=1992  nbRestartNogoods=0  nbFoundSolutions=1
        upperBound=9223372036854775807
          =>  wckTime=149.951  cpuTime=149.327  mem=538M619

   
   global
        nbConstraintChecks=461  nbEffectivePropagations=1235  nbRevisions=13996  nbUselessRevisions=12973  nbRestartNogoods=0
        solvingWckTime=149.951  expiredTime=no  totalExploration=no  nbFoundSolutions=1  firstSolutionCpuTime=149.319  Stop=REACHED_GOAL
          =>  wckTime=151.275  cpuTime=149.327  mem=538M619

s SATISFIABLE
v X0=0 X1=91 X2=102 X3=151 X4=572 X5=644 X6=746 X7=835 X8=42 X9=124 X10=358 X11=390 X12=586 X13=590 X14=815 X15=1218 X16=239 X17=270 X18=731 X19=1139 X20=129 X21=180 X22=221 X23=892 X24=1045 X25=1121 X26=781 X27=1063 X28=1225 X29=1236 X30=1278 X31=318 X32=323 X33=364 X34=629 X35=866 X36=942 X37=943 X38=1220 X39=1281 X40=214 X41=271 X42=422 X43=738 X44=1076 X45=53 X46=236 X47=844 X48=1271 X49=8 X50=113 X51=234 X52=280 X53=293 X54=944 X55=1132 X56=245 X57=283 X58=783 X59=871 X60=321 X61=822 X62=924 X63=1097 X64=1128 X65=505 X66=733 X67=1138 X68=123 X69=313 X70=583 X71=34 X72=181 X73=575 X74=676 X75=965 X76=1005 X77=26 X78=122 X79=623 X80=1102 X81=98 X82=376 X83=530 X84=174 X85=714 X86=934 X87=1183 X88=30 X89=489 X90=502 X91=202 X92=203 X93=565 X94=970 X95=1107 X96=448 X97=634 X98=707 X99=754 X100=792 X101=990 X102=1044 X103=169 X104=403 X105=983 X106=253 X107=477 X108=974 X109=62 X110=212 X111=521 X112=703 X113=1042 X114=1059 X115=369 X116=165 X117=585 X118=711 X119=837 X120=1177 X121=1197 X122=896 X123=938 X124=1142 X125=1167 X126=732 X127=18 X128=166 X129=331 X130=818 X131=969 X132=50 X133=75 X134=106 X135=661 X136=819 X137=1048 X138=386 X139=515 X140=555 X141=687 X142=780 X143=797 X144=60 X145=173 X146=673 X147=763 X148=808 X149=1015 X150=1137 X151=549 X152=564 X153=841 X154=1157 X155=1187 X156=92 X157=162 X158=351 X159=362 X160=483 X161=497 X162=567 X163=936 X164=103 X165=972 X166=1061 X167=6 X168=195 X169=917 X170=982 X171=1119 X172=1229 X173=1262 X174=97 X175=218 X176=336 X177=926 X178=39 X179=645 X180=76 X181=74 X182=307 X183=615 X184=1003 X185=1265 X186=302 X187=1247 X188=259 X189=267 X190=308 X191=519 X192=662 X193=978 X194=992 X195=1073 X196=1150 X197=1285 X198=38 X199=148 X200=1248 X201=14 X202=286 X203=526 X204=737 X205=1288 X206=243 X207=491 X208=361 X209=1051 X210=194 X211=352 X212=973 X213=1030 X214=1156 X215=373 X216=697 X217=728 X218=1086 X219=1276 X220=164 X221=320 X222=327 X223=450 X224=621 X225=37 X226=57 X227=77 X228=187 X229=891 X230=116 X231=408 X232=442 X233=535 X234=608 X235=1235 X236=914 X237=932 X238=241 X239=319 X240=73 X241=112 X242=139 X243=399 X244=531 X245=923 X246=1066 X247=244 X248=1037 X249=276 X250=993 X251=232 X252=396 X253=803 X254=900 X255=1054 X256=482 X257=16 X258=93 
d NODES 1125

   totalWckTime=151.158  totalCpuTime=149.328
