
   AbsCon 1.41 (January, 2014) - defaultConfiguration

   
   instance
        framework=CSP  name=Isomorphism-/cluster/gpg/ciaran/sip-benchmarks/benchmarks/si2_bvg_b06m_400/si2_b06m_m400.02/pattern-/cluster/gpg/ciaran/sip-benchmarks/benchmarks/si2_bvg_b06m_400/si2_b06m_m400.02/target
        parameters=/cluster/gpg/ciaran/sip-benchmarks/benchmarks/si2_bvg_b06m_400/si2_b06m_m400.02/pattern,/cluster/gpg/ciaran/sip-benchmarks/benchmarks/si2_bvg_b06m_400/si2_b06m_m400.02/target
      

   loading variables...
        nbVariables=80  nbDomainTypes=1  nbTotalValues=32000  domainSizes=(400:80)
          =>  wckTime=0.235  cpuTime=0.354  mem=5M70

   loading objectives...

   loading constraints...
        nbConstraints=164  nbSpecificConstraints=1  nbExtensionStructures=(1,shared:162)  nbConflictsStructures=(1,shared:162,unbuilt:1)
        degrees=(2:4)(3:12)(4:19)...(8:1)(10:1)(12:1)  arities=(2:163)(80:1)  types=(AllDifferent:1)(ConstraintHardExtensionV-Bits:163)
          =>  wckTime=0.33  cpuTime=0.445  mem=13M282

   INFO : <!-- Start saving the XML representation -->

   INFO : <!-- Stop saving the XML representation of target.xml -->

   Solver SolverBacktrack being built... 
          =>  wckTime=0.586  cpuTime=0.666  mem=27M315

    instantiation X0=0 X1=11 X2=46 X3=105 X4=169 X5=256 X6=320 X7=354 X8=361 X9=378 X10=66 X11=148 X12=168 X13=173 X14=195 X15=217 X16=311 X17=336 X18=383 X19=113 X20=119 X21=247 X22=258 X23=281 X24=109 X25=183 X26=64 X27=83 X28=131 X29=329 X30=360 X31=4 X32=316 X33=142 X34=180 X35=185 X36=206 X37=287 X38=174 X39=179 X40=233 X41=338 X42=389 X43=42 X44=351 X45=94 X46=99 X47=108 X48=367 X49=16 X50=39 X51=182 X52=266 X53=299 X54=5 X55=296 X56=386 X57=43 X58=128 X59=285 X60=349 X61=192 X62=284 X63=73 X64=116 X65=184 X66=235 X67=384 X68=58 X69=118 X70=176 X71=343 X72=143 X73=294 X74=62 X75=26 X76=250 X77=32 X78=305 X79=362 

    solution X0=0 X1=11 X2=46 X3=105 X4=169 X5=256 X6=320 X7=354 X8=361 X9=378 X10=66 X11=148 X12=168 X13=173 X14=195 X15=217 X16=311 X17=336 X18=383 X19=113 X20=119 X21=247 X22=258 X23=281 X24=109 X25=183 X26=64 X27=83 X28=131 X29=329 X30=360 X31=4 X32=316 X33=142 X34=180 X35=185 X36=206 X37=287 X38=174 X39=179 X40=233 X41=338 X42=389 X43=42 X44=351 X45=94 X46=99 X47=108 X48=367 X49=16 X50=39 X51=182 X52=266 X53=299 X54=5 X55=296 X56=386 X57=43 X58=128 X59=285 X60=349 X61=192 X62=284 X63=73 X64=116 X65=184 X66=235 X67=384 X68=58 X69=118 X70=176 X71=343 X72=143 X73=294 X74=62 X75=26 X76=250 X77=32 X78=305 X79=362 

   
   search
        run=0  nbConstraintChecks=164  depth=(min:0,max:79,avg:1)  nbEffectivePropagations=32  nbRevisions=579  nbUselessRevisions=579
        nbAssignments=91  nbFailedAssignments=11  nbBacktracks=0  nbVisitedNodes=103  nbRestartNogoods=0  nbFoundSolutions=1
        upperBound=9223372036854775807
          =>  wckTime=2.23  cpuTime=2.834  mem=77M315

   
   global
        nbConstraintChecks=164  nbEffectivePropagations=32  nbRevisions=579  nbUselessRevisions=579  nbRestartNogoods=0  solvingWckTime=2.231
        expiredTime=no  totalExploration=no  nbFoundSolutions=1  firstSolutionCpuTime=2.83  Stop=REACHED_GOAL
          =>  wckTime=2.817  cpuTime=2.834  mem=77M315

s SATISFIABLE
v X0=0 X1=11 X2=46 X3=105 X4=169 X5=256 X6=320 X7=354 X8=361 X9=378 X10=66 X11=148 X12=168 X13=173 X14=195 X15=217 X16=311 X17=336 X18=383 X19=113 X20=119 X21=247 X22=258 X23=281 X24=109 X25=183 X26=64 X27=83 X28=131 X29=329 X30=360 X31=4 X32=316 X33=142 X34=180 X35=185 X36=206 X37=287 X38=174 X39=179 X40=233 X41=338 X42=389 X43=42 X44=351 X45=94 X46=99 X47=108 X48=367 X49=16 X50=39 X51=182 X52=266 X53=299 X54=5 X55=296 X56=386 X57=43 X58=128 X59=285 X60=349 X61=192 X62=284 X63=73 X64=116 X65=184 X66=235 X67=384 X68=58 X69=118 X70=176 X71=343 X72=143 X73=294 X74=62 X75=26 X76=250 X77=32 X78=305 X79=362 
d NODES 91

   totalWckTime=2.678  totalCpuTime=2.835
