
   AbsCon 1.41 (January, 2014) - defaultConfiguration

   
   instance
        framework=CSP  name=Isomorphism-/cluster/gpg/ciaran/sip-benchmarks/benchmarks/si2_m4D_m4D_625/si2_m4D_m625.04/pattern-/cluster/gpg/ciaran/sip-benchmarks/benchmarks/si2_m4D_m4D_625/si2_m4D_m625.04/target
        parameters=/cluster/gpg/ciaran/sip-benchmarks/benchmarks/si2_m4D_m4D_625/si2_m4D_m625.04/pattern,/cluster/gpg/ciaran/sip-benchmarks/benchmarks/si2_m4D_m4D_625/si2_m4D_m625.04/target
      

   loading variables...
        nbVariables=125  nbDomainTypes=1  nbTotalValues=78125  domainSizes=(625:125)
          =>  wckTime=0.192  cpuTime=0.304  mem=8M774

   loading objectives...

   loading constraints...
        nbConstraints=297  nbSpecificConstraints=1  nbExtensionStructures=(1,shared:295)  nbConflictsStructures=(1,shared:295,unbuilt:1)
        degrees=(2:1)(3:12)(4:30)...(7:31)(8:17)(9:6)  arities=(2:296)(125:1)  types=(AllDifferent:1)(ConstraintHardExtensionV-Bits:296)
          =>  wckTime=0.349  cpuTime=0.445  mem=20M449

   INFO : <!-- Start saving the XML representation -->

   INFO : <!-- Stop saving the XML representation of target.xml -->

   Solver SolverBacktrack being built... 
          =>  wckTime=0.663  cpuTime=0.719  mem=32M125

    instantiation X0=360 X1=191 X2=256 X3=586 X4=42 X5=254 X6=204 X7=527 X8=431 X9=202 X10=183 X11=513 X12=609 X13=99 X14=29 X15=573 X16=618 X17=92 X18=214 X19=197 X20=439 X21=354 X22=68 X23=463 X24=119 X25=425 X26=329 X27=217 X28=511 X29=16 X30=328 X31=495 X32=443 X33=487 X34=503 X35=38 X36=154 X37=366 X38=624 X39=559 X40=453 X41=4 X42=86 X43=442 X44=535 X45=225 X46=515 X47=148 X48=371 X49=184 X50=378 X51=538 X52=295 X53=59 X54=469 X55=447 X56=291 X57=200 X58=525 X59=65 X60=587 X61=610 X62=580 X63=381 X64=226 X65=570 X66=153 X67=205 X68=303 X69=3 X70=7 X71=322 X72=240 X73=457 X74=275 X75=170 X76=33 X77=62 X78=330 X79=540 X80=472 X81=621 X82=471 X83=168 X84=434 X85=476 X86=41 X87=159 X88=293 X89=212 X90=553 X91=615 X92=54 X93=43 X94=195 X95=90 X96=299 X97=458 X98=45 X99=326 X100=155 X101=30 X102=364 X103=475 X104=318 X105=373 X106=307 X107=234 X108=501 X109=552 X110=391 X111=141 X112=541 X113=101 X114=490 X115=396 X116=160 X117=265 X118=569 X119=595 X120=171 X121=196 X122=73 X123=502 X124=87 

    solution X0=360 X1=191 X2=256 X3=586 X4=42 X5=254 X6=204 X7=527 X8=431 X9=202 X10=183 X11=513 X12=609 X13=99 X14=29 X15=573 X16=618 X17=92 X18=214 X19=197 X20=439 X21=354 X22=68 X23=463 X24=119 X25=425 X26=329 X27=217 X28=511 X29=16 X30=328 X31=495 X32=443 X33=487 X34=503 X35=38 X36=154 X37=366 X38=624 X39=559 X40=453 X41=4 X42=86 X43=442 X44=535 X45=225 X46=515 X47=148 X48=371 X49=184 X50=378 X51=538 X52=295 X53=59 X54=469 X55=447 X56=291 X57=200 X58=525 X59=65 X60=587 X61=610 X62=580 X63=381 X64=226 X65=570 X66=153 X67=205 X68=303 X69=3 X70=7 X71=322 X72=240 X73=457 X74=275 X75=170 X76=33 X77=62 X78=330 X79=540 X80=472 X81=621 X82=471 X83=168 X84=434 X85=476 X86=41 X87=159 X88=293 X89=212 X90=553 X91=615 X92=54 X93=43 X94=195 X95=90 X96=299 X97=458 X98=45 X99=326 X100=155 X101=30 X102=364 X103=475 X104=318 X105=373 X106=307 X107=234 X108=501 X109=552 X110=391 X111=141 X112=541 X113=101 X114=490 X115=396 X116=160 X117=265 X118=569 X119=595 X120=171 X121=196 X122=73 X123=502 X124=87 

   
   search
        run=0  nbConstraintChecks=297  depth=(min:0,max:124,avg:1)  nbEffectivePropagations=277  nbRevisions=2330  nbUselessRevisions=2225
        nbAssignments=217  nbFailedAssignments=92  nbBacktracks=0  nbVisitedNodes=310  nbRestartNogoods=0  nbFoundSolutions=1
        upperBound=9223372036854775807
          =>  wckTime=7.194  cpuTime=7.759  mem=255M779

   
   global
        nbConstraintChecks=297  nbEffectivePropagations=277  nbRevisions=2330  nbUselessRevisions=2225  nbRestartNogoods=0  solvingWckTime=7.195
        expiredTime=no  totalExploration=no  nbFoundSolutions=1  firstSolutionCpuTime=7.755  Stop=REACHED_GOAL
          =>  wckTime=7.858  cpuTime=7.76  mem=255M779

s SATISFIABLE
v X0=360 X1=191 X2=256 X3=586 X4=42 X5=254 X6=204 X7=527 X8=431 X9=202 X10=183 X11=513 X12=609 X13=99 X14=29 X15=573 X16=618 X17=92 X18=214 X19=197 X20=439 X21=354 X22=68 X23=463 X24=119 X25=425 X26=329 X27=217 X28=511 X29=16 X30=328 X31=495 X32=443 X33=487 X34=503 X35=38 X36=154 X37=366 X38=624 X39=559 X40=453 X41=4 X42=86 X43=442 X44=535 X45=225 X46=515 X47=148 X48=371 X49=184 X50=378 X51=538 X52=295 X53=59 X54=469 X55=447 X56=291 X57=200 X58=525 X59=65 X60=587 X61=610 X62=580 X63=381 X64=226 X65=570 X66=153 X67=205 X68=303 X69=3 X70=7 X71=322 X72=240 X73=457 X74=275 X75=170 X76=33 X77=62 X78=330 X79=540 X80=472 X81=621 X82=471 X83=168 X84=434 X85=476 X86=41 X87=159 X88=293 X89=212 X90=553 X91=615 X92=54 X93=43 X94=195 X95=90 X96=299 X97=458 X98=45 X99=326 X100=155 X101=30 X102=364 X103=475 X104=318 X105=373 X106=307 X107=234 X108=501 X109=552 X110=391 X111=141 X112=541 X113=101 X114=490 X115=396 X116=160 X117=265 X118=569 X119=595 X120=171 X121=196 X122=73 X123=502 X124=87 
d NODES 217

   totalWckTime=7.768  totalCpuTime=7.76
