
   AbsCon 1.41 (January, 2014) - defaultConfiguration

   
   instance
        framework=CSP  name=Isomorphism-/cluster/gpg/ciaran/sip-benchmarks/benchmarks/si2_bvg_b09_800/si2_b09_m800.01/pattern-/cluster/gpg/ciaran/sip-benchmarks/benchmarks/si2_bvg_b09_800/si2_b09_m800.01/target
        parameters=/cluster/gpg/ciaran/sip-benchmarks/benchmarks/si2_bvg_b09_800/si2_b09_m800.01/pattern,/cluster/gpg/ciaran/sip-benchmarks/benchmarks/si2_bvg_b09_800/si2_b09_m800.01/target
      

   loading variables...
        nbVariables=160  nbDomainTypes=1  nbTotalValues=128000  domainSizes=(800:160)
          =>  wckTime=0.232  cpuTime=0.328  mem=11M874

   loading objectives...

   loading constraints...
        nbConstraints=698  nbSpecificConstraints=1  nbExtensionStructures=(1,shared:696)  nbConflictsStructures=(1,shared:696,unbuilt:1)
        degrees=(5:2)(6:4)(7:3)(8:4)(9:3)(10:144)  arities=(2:697)(160:1)  types=(AllDifferent:1)(ConstraintHardExtensionV-Bits:697)
          =>  wckTime=0.503  cpuTime=0.582  mem=46M843

   INFO : <!-- Start saving the XML representation -->

   INFO : <!-- Stop saving the XML representation of target.xml -->

   Solver SolverBacktrack being built... 
          =>  wckTime=0.917  cpuTime=0.954  mem=63M26

    instantiation X0=0 X1=446 X2=213 X3=343 X4=31 X5=334 X6=594 X7=190 X8=22 X9=340 X10=9 X11=703 X12=464 X13=564 X14=249 X15=411 X16=769 X17=686 X18=341 X19=538 X20=552 X21=773 X22=46 X23=568 X24=520 X25=211 X26=507 X27=687 X28=389 X29=360 X30=734 X31=65 X32=239 X33=573 X34=20 X35=698 X36=628 X37=369 X38=457 X39=497 X40=182 X41=11 X42=146 X43=648 X44=651 X45=374 X46=175 X47=589 X48=219 X49=631 X50=67 X51=524 X52=102 X53=546 X54=48 X55=595 X56=672 X57=77 X58=689 X59=676 X60=756 X61=450 X62=109 X63=81 X64=4 X65=204 X66=458 X67=737 X68=722 X69=388 X70=210 X71=384 X72=154 X73=702 X74=335 X75=348 X76=521 X77=75 X78=743 X79=13 X80=91 X81=414 X82=532 X83=783 X84=421 X85=40 X86=723 X87=750 X88=484 X89=436 X90=276 X91=92 X92=724 X93=68 X94=112 X95=588 X96=119 X97=12 X98=32 X99=192 X100=173 X101=456 X102=118 X103=675 X104=451 X105=390 X106=485 X107=775 X108=600 X109=624 X110=362 X111=206 X112=583 X113=80 X114=385 X115=746 X116=762 X117=393 X118=420 X119=691 X120=141 X121=798 X122=680 X123=214 X124=597 X125=45 X126=307 X127=383 X128=757 X129=200 X130=197 X131=425 X132=772 X133=609 X134=486 X135=49 X136=140 X137=224 X138=79 X139=433 X140=55 X141=325 X142=426 X143=159 X144=503 X145=574 X146=442 X147=30 X148=514 X149=162 X150=782 X151=792 X152=770 X153=313 X154=424 X155=199 X156=606 X157=269 X158=38 X159=599 

    solution X0=0 X1=446 X2=213 X3=343 X4=31 X5=334 X6=594 X7=190 X8=22 X9=340 X10=9 X11=703 X12=464 X13=564 X14=249 X15=411 X16=769 X17=686 X18=341 X19=538 X20=552 X21=773 X22=46 X23=568 X24=520 X25=211 X26=507 X27=687 X28=389 X29=360 X30=734 X31=65 X32=239 X33=573 X34=20 X35=698 X36=628 X37=369 X38=457 X39=497 X40=182 X41=11 X42=146 X43=648 X44=651 X45=374 X46=175 X47=589 X48=219 X49=631 X50=67 X51=524 X52=102 X53=546 X54=48 X55=595 X56=672 X57=77 X58=689 X59=676 X60=756 X61=450 X62=109 X63=81 X64=4 X65=204 X66=458 X67=737 X68=722 X69=388 X70=210 X71=384 X72=154 X73=702 X74=335 X75=348 X76=521 X77=75 X78=743 X79=13 X80=91 X81=414 X82=532 X83=783 X84=421 X85=40 X86=723 X87=750 X88=484 X89=436 X90=276 X91=92 X92=724 X93=68 X94=112 X95=588 X96=119 X97=12 X98=32 X99=192 X100=173 X101=456 X102=118 X103=675 X104=451 X105=390 X106=485 X107=775 X108=600 X109=624 X110=362 X111=206 X112=583 X113=80 X114=385 X115=746 X116=762 X117=393 X118=420 X119=691 X120=141 X121=798 X122=680 X123=214 X124=597 X125=45 X126=307 X127=383 X128=757 X129=200 X130=197 X131=425 X132=772 X133=609 X134=486 X135=49 X136=140 X137=224 X138=79 X139=433 X140=55 X141=325 X142=426 X143=159 X144=503 X145=574 X146=442 X147=30 X148=514 X149=162 X150=782 X151=792 X152=770 X153=313 X154=424 X155=199 X156=606 X157=269 X158=38 X159=599 

   
   search
        run=0  nbConstraintChecks=698  depth=(min:161,max:159,avg:0)  nbEffectivePropagations=2  nbRevisions=3415  nbUselessRevisions=3415
        nbAssignments=160  nbFailedAssignments=0  nbBacktracks=0  nbVisitedNodes=161  nbRestartNogoods=0  nbFoundSolutions=1
        upperBound=9223372036854775807
          =>  wckTime=15.609  cpuTime=16.362  mem=453M826

   
   global
        nbConstraintChecks=698  nbEffectivePropagations=2  nbRevisions=3415  nbUselessRevisions=3415  nbRestartNogoods=0  solvingWckTime=15.61
        expiredTime=no  totalExploration=no  nbFoundSolutions=1  firstSolutionCpuTime=16.352  Stop=REACHED_GOAL
          =>  wckTime=16.527  cpuTime=16.363  mem=453M826

s SATISFIABLE
v X0=0 X1=446 X2=213 X3=343 X4=31 X5=334 X6=594 X7=190 X8=22 X9=340 X10=9 X11=703 X12=464 X13=564 X14=249 X15=411 X16=769 X17=686 X18=341 X19=538 X20=552 X21=773 X22=46 X23=568 X24=520 X25=211 X26=507 X27=687 X28=389 X29=360 X30=734 X31=65 X32=239 X33=573 X34=20 X35=698 X36=628 X37=369 X38=457 X39=497 X40=182 X41=11 X42=146 X43=648 X44=651 X45=374 X46=175 X47=589 X48=219 X49=631 X50=67 X51=524 X52=102 X53=546 X54=48 X55=595 X56=672 X57=77 X58=689 X59=676 X60=756 X61=450 X62=109 X63=81 X64=4 X65=204 X66=458 X67=737 X68=722 X69=388 X70=210 X71=384 X72=154 X73=702 X74=335 X75=348 X76=521 X77=75 X78=743 X79=13 X80=91 X81=414 X82=532 X83=783 X84=421 X85=40 X86=723 X87=750 X88=484 X89=436 X90=276 X91=92 X92=724 X93=68 X94=112 X95=588 X96=119 X97=12 X98=32 X99=192 X100=173 X101=456 X102=118 X103=675 X104=451 X105=390 X106=485 X107=775 X108=600 X109=624 X110=362 X111=206 X112=583 X113=80 X114=385 X115=746 X116=762 X117=393 X118=420 X119=691 X120=141 X121=798 X122=680 X123=214 X124=597 X125=45 X126=307 X127=383 X128=757 X129=200 X130=197 X131=425 X132=772 X133=609 X134=486 X135=49 X136=140 X137=224 X138=79 X139=433 X140=55 X141=325 X142=426 X143=159 X144=503 X145=574 X146=442 X147=30 X148=514 X149=162 X150=782 X151=792 X152=770 X153=313 X154=424 X155=199 X156=606 X157=269 X158=38 X159=599 
d NODES 160

   totalWckTime=16.419  totalCpuTime=16.363
