
   AbsCon 1.41 (January, 2014) - defaultConfiguration

   
   instance
        framework=CSP  name=Isomorphism-/cluster/gpg/ciaran/sip-benchmarks/benchmarks/si2_rand_r001_600/si2_r001_m600.08/pattern-/cluster/gpg/ciaran/sip-benchmarks/benchmarks/si2_rand_r001_600/si2_r001_m600.08/target
        parameters=/cluster/gpg/ciaran/sip-benchmarks/benchmarks/si2_rand_r001_600/si2_r001_m600.08/pattern,/cluster/gpg/ciaran/sip-benchmarks/benchmarks/si2_rand_r001_600/si2_r001_m600.08/target
      

   loading variables...
        nbVariables=120  nbDomainTypes=1  nbTotalValues=72000  domainSizes=(600:120)
          =>  wckTime=0.196  cpuTime=0.307  mem=8M356

   loading objectives...

   loading constraints...
        nbConstraints=200  nbSpecificConstraints=1  nbExtensionStructures=(1,shared:198)  nbConflictsStructures=(1,shared:198,unbuilt:1)
        degrees=(2:13)(3:33)(4:27)...(8:4)(9:1)(11:1)  arities=(2:199)(120:1)  types=(AllDifferent:1)(ConstraintHardExtensionV-Bits:199)
          =>  wckTime=0.355  cpuTime=0.454  mem=15M618

   INFO : <!-- Start saving the XML representation -->

   INFO : <!-- Stop saving the XML representation of target.xml -->

   Solver SolverBacktrack being built... 
          =>  wckTime=0.661  cpuTime=0.712  mem=36M936

    instantiation X0=90 X1=422 X2=93 X3=108 X4=192 X5=76 X6=297 X7=217 X8=19 X9=427 X10=337 X11=207 X12=505 X13=346 X14=9 X15=105 X16=267 X17=248 X18=524 X19=83 X20=557 X21=275 X22=71 X23=78 X24=28 X25=281 X26=521 X27=318 X28=51 X29=165 X30=451 X31=260 X32=34 X33=418 X34=80 X35=48 X36=160 X37=65 X38=508 X39=511 X40=492 X41=146 X42=13 X43=517 X44=353 X45=514 X46=156 X47=232 X48=37 X49=402 X50=440 X51=46 X52=21 X53=585 X54=133 X55=555 X56=221 X57=261 X58=315 X59=30 X60=103 X61=379 X62=186 X63=6 X64=228 X65=111 X66=43 X67=170 X68=10 X69=233 X70=582 X71=361 X72=359 X73=234 X74=50 X75=148 X76=463 X77=423 X78=279 X79=77 X80=45 X81=18 X82=425 X83=7 X84=276 X85=104 X86=478 X87=122 X88=371 X89=205 X90=325 X91=57 X92=430 X93=421 X94=339 X95=586 X96=549 X97=24 X98=73 X99=75 X100=33 X101=175 X102=320 X103=53 X104=481 X105=61 X106=189 X107=26 X108=272 X109=496 X110=42 X111=219 X112=66 X113=135 X114=36 X115=174 X116=369 X117=125 X118=3 X119=129 

    solution X0=90 X1=422 X2=93 X3=108 X4=192 X5=76 X6=297 X7=217 X8=19 X9=427 X10=337 X11=207 X12=505 X13=346 X14=9 X15=105 X16=267 X17=248 X18=524 X19=83 X20=557 X21=275 X22=71 X23=78 X24=28 X25=281 X26=521 X27=318 X28=51 X29=165 X30=451 X31=260 X32=34 X33=418 X34=80 X35=48 X36=160 X37=65 X38=508 X39=511 X40=492 X41=146 X42=13 X43=517 X44=353 X45=514 X46=156 X47=232 X48=37 X49=402 X50=440 X51=46 X52=21 X53=585 X54=133 X55=555 X56=221 X57=261 X58=315 X59=30 X60=103 X61=379 X62=186 X63=6 X64=228 X65=111 X66=43 X67=170 X68=10 X69=233 X70=582 X71=361 X72=359 X73=234 X74=50 X75=148 X76=463 X77=423 X78=279 X79=77 X80=45 X81=18 X82=425 X83=7 X84=276 X85=104 X86=478 X87=122 X88=371 X89=205 X90=325 X91=57 X92=430 X93=421 X94=339 X95=586 X96=549 X97=24 X98=73 X99=75 X100=33 X101=175 X102=320 X103=53 X104=481 X105=61 X106=189 X107=26 X108=272 X109=496 X110=42 X111=219 X112=66 X113=135 X114=36 X115=174 X116=369 X117=125 X118=3 X119=129 

   
   search
        run=0  nbConstraintChecks=200  depth=(min:0,max:119,avg:5)  nbEffectivePropagations=888922  nbRevisions=1885920  nbUselessRevisions=1331846
        nbAssignments=6566  nbFailedAssignments=4834  nbBacktracks=1612  nbVisitedNodes=12238  nbRestartNogoods=0  nbFoundSolutions=1
        upperBound=9223372036854775807
          =>  wckTime=963.136  cpuTime=954.096  mem=235M541

   
   global
        nbConstraintChecks=200  nbEffectivePropagations=888922  nbRevisions=1885920  nbUselessRevisions=1331846  nbRestartNogoods=0
        solvingWckTime=963.136  expiredTime=no  totalExploration=no  nbFoundSolutions=1  firstSolutionCpuTime=954.093  Stop=REACHED_GOAL
          =>  wckTime=963.797  cpuTime=954.097  mem=235M541

s SATISFIABLE
v X0=90 X1=422 X2=93 X3=108 X4=192 X5=76 X6=297 X7=217 X8=19 X9=427 X10=337 X11=207 X12=505 X13=346 X14=9 X15=105 X16=267 X17=248 X18=524 X19=83 X20=557 X21=275 X22=71 X23=78 X24=28 X25=281 X26=521 X27=318 X28=51 X29=165 X30=451 X31=260 X32=34 X33=418 X34=80 X35=48 X36=160 X37=65 X38=508 X39=511 X40=492 X41=146 X42=13 X43=517 X44=353 X45=514 X46=156 X47=232 X48=37 X49=402 X50=440 X51=46 X52=21 X53=585 X54=133 X55=555 X56=221 X57=261 X58=315 X59=30 X60=103 X61=379 X62=186 X63=6 X64=228 X65=111 X66=43 X67=170 X68=10 X69=233 X70=582 X71=361 X72=359 X73=234 X74=50 X75=148 X76=463 X77=423 X78=279 X79=77 X80=45 X81=18 X82=425 X83=7 X84=276 X85=104 X86=478 X87=122 X88=371 X89=205 X90=325 X91=57 X92=430 X93=421 X94=339 X95=586 X96=549 X97=24 X98=73 X99=75 X100=33 X101=175 X102=320 X103=53 X104=481 X105=61 X106=189 X107=26 X108=272 X109=496 X110=42 X111=219 X112=66 X113=135 X114=36 X115=174 X116=369 X117=125 X118=3 X119=129 
d NODES 6566

   totalWckTime=963.706  totalCpuTime=954.097
