
   AbsCon 1.41 (January, 2014) - defaultConfiguration

   
   instance
        framework=CSP  name=Isomorphism-/cluster/gpg/ciaran/sip-benchmarks/benchmarks/si2_rand_r01_200/si2_r01_m200.02/pattern-/cluster/gpg/ciaran/sip-benchmarks/benchmarks/si2_rand_r01_200/si2_r01_m200.02/target
        parameters=/cluster/gpg/ciaran/sip-benchmarks/benchmarks/si2_rand_r01_200/si2_r01_m200.02/pattern,/cluster/gpg/ciaran/sip-benchmarks/benchmarks/si2_rand_r01_200/si2_r01_m200.02/target
      

   loading variables...
        nbVariables=40  nbDomainTypes=1  nbTotalValues=8000  domainSizes=(200:40)
          =>  wckTime=0.168  cpuTime=0.293  mem=10M292

   loading objectives...

   loading constraints...
        nbConstraints=155  nbSpecificConstraints=1  nbExtensionStructures=(1,shared:153)  nbConflictsStructures=(1,shared:153,unbuilt:1)
        degrees=(4:2)(5:3)(6:2)...(12:3)(13:2)(14:1)  arities=(2:154)(40:1)  types=(AllDifferent:1)(ConstraintHardExtensionV-Bits:154)
          =>  wckTime=0.298  cpuTime=0.412  mem=10M951

   INFO : <!-- Start saving the XML representation -->

   INFO : <!-- Stop saving the XML representation of target.xml -->

   Solver SolverBacktrack being built... 
          =>  wckTime=0.49  cpuTime=0.573  mem=15M524

    instantiation X0=113 X1=191 X2=50 X3=172 X4=43 X5=64 X6=115 X7=138 X8=47 X9=70 X10=184 X11=13 X12=86 X13=79 X14=24 X15=135 X16=149 X17=189 X18=19 X19=36 X20=32 X21=187 X22=105 X23=16 X24=33 X25=192 X26=5 X27=44 X28=107 X29=49 X30=124 X31=56 X32=87 X33=133 X34=81 X35=75 X36=66 X37=57 X38=41 X39=154 

    solution X0=113 X1=191 X2=50 X3=172 X4=43 X5=64 X6=115 X7=138 X8=47 X9=70 X10=184 X11=13 X12=86 X13=79 X14=24 X15=135 X16=149 X17=189 X18=19 X19=36 X20=32 X21=187 X22=105 X23=16 X24=33 X25=192 X26=5 X27=44 X28=107 X29=49 X30=124 X31=56 X32=87 X33=133 X34=81 X35=75 X36=66 X37=57 X38=41 X39=154 

   
   search
        run=0  nbConstraintChecks=155  depth=(min:0,max:39,avg:4)  nbEffectivePropagations=2310166  nbRevisions=9892493  nbUselessRevisions=8326734
        nbAssignments=59575  nbFailedAssignments=47157  nbBacktracks=12378  nbVisitedNodes=113678  nbRestartNogoods=0  nbFoundSolutions=1
        upperBound=9223372036854775807
          =>  wckTime=987.996  cpuTime=976.827  mem=900M669

   
   global
        nbConstraintChecks=155  nbEffectivePropagations=2310166  nbRevisions=9892493  nbUselessRevisions=8326734  nbRestartNogoods=0
        solvingWckTime=987.996  expiredTime=no  totalExploration=no  nbFoundSolutions=1  firstSolutionCpuTime=976.825  Stop=REACHED_GOAL
          =>  wckTime=988.486  cpuTime=976.827  mem=900M669

s SATISFIABLE
v X0=113 X1=191 X2=50 X3=172 X4=43 X5=64 X6=115 X7=138 X8=47 X9=70 X10=184 X11=13 X12=86 X13=79 X14=24 X15=135 X16=149 X17=189 X18=19 X19=36 X20=32 X21=187 X22=105 X23=16 X24=33 X25=192 X26=5 X27=44 X28=107 X29=49 X30=124 X31=56 X32=87 X33=133 X34=81 X35=75 X36=66 X37=57 X38=41 X39=154 
d NODES 59575

   totalWckTime=988.399  totalCpuTime=976.828
