
   AbsCon 1.41 (January, 2014) - defaultConfiguration

   
   instance
        framework=CSP  name=Isomorphism-/cluster/gpg/ciaran/sip-benchmarks/benchmarks/si2_m4D_m4D_625/si2_m4D_m625.02/pattern-/cluster/gpg/ciaran/sip-benchmarks/benchmarks/si2_m4D_m4D_625/si2_m4D_m625.02/target
        parameters=/cluster/gpg/ciaran/sip-benchmarks/benchmarks/si2_m4D_m4D_625/si2_m4D_m625.02/pattern,/cluster/gpg/ciaran/sip-benchmarks/benchmarks/si2_m4D_m4D_625/si2_m4D_m625.02/target
      

   loading variables...
        nbVariables=125  nbDomainTypes=1  nbTotalValues=78125  domainSizes=(625:125)
          =>  wckTime=0.222  cpuTime=0.326  mem=8M949

   loading objectives...

   loading constraints...
        nbConstraints=297  nbSpecificConstraints=1  nbExtensionStructures=(1,shared:295)  nbConflictsStructures=(1,shared:295,unbuilt:1)
        degrees=(2:1)(3:11)(4:25)...(7:30)(8:17)(9:3)  arities=(2:296)(125:1)  types=(AllDifferent:1)(ConstraintHardExtensionV-Bits:296)
          =>  wckTime=0.465  cpuTime=0.56  mem=20M456

   INFO : <!-- Start saving the XML representation -->

   INFO : <!-- Stop saving the XML representation of target.xml -->

   Solver SolverBacktrack being built... 
          =>  wckTime=0.837  cpuTime=0.863  mem=28M687

    instantiation X0=88 X1=24 X2=232 X3=177 X4=338 X5=565 X6=59 X7=515 X8=25 X9=253 X10=432 X11=13 X12=513 X13=230 X14=178 X15=80 X16=439 X17=477 X18=366 X19=612 X20=429 X21=358 X22=402 X23=9 X24=277 X25=522 X26=26 X27=245 X28=308 X29=444 X30=74 X31=536 X32=415 X33=110 X34=203 X35=118 X36=27 X37=619 X38=490 X39=326 X40=99 X41=47 X42=534 X43=435 X44=401 X45=251 X46=314 X47=191 X48=169 X49=120 X50=343 X51=588 X52=500 X53=380 X54=468 X55=212 X56=521 X57=501 X58=425 X59=396 X60=229 X61=409 X62=221 X63=597 X64=60 X65=608 X66=416 X67=421 X68=476 X69=327 X70=86 X71=189 X72=445 X73=257 X74=123 X75=369 X76=33 X77=126 X78=167 X79=15 X80=604 X81=506 X82=121 X83=589 X84=82 X85=204 X86=436 X87=311 X88=472 X89=156 X90=28 X91=106 X92=570 X93=580 X94=282 X95=594 X96=582 X97=48 X98=234 X99=261 X100=323 X101=427 X102=11 X103=405 X104=545 X105=574 X106=1 X107=555 X108=453 X109=40 X110=102 X111=85 X112=93 X113=602 X114=38 X115=200 X116=466 X117=615 X118=165 X119=452 X120=465 X121=546 X122=274 X123=168 X124=620 

    solution X0=88 X1=24 X2=232 X3=177 X4=338 X5=565 X6=59 X7=515 X8=25 X9=253 X10=432 X11=13 X12=513 X13=230 X14=178 X15=80 X16=439 X17=477 X18=366 X19=612 X20=429 X21=358 X22=402 X23=9 X24=277 X25=522 X26=26 X27=245 X28=308 X29=444 X30=74 X31=536 X32=415 X33=110 X34=203 X35=118 X36=27 X37=619 X38=490 X39=326 X40=99 X41=47 X42=534 X43=435 X44=401 X45=251 X46=314 X47=191 X48=169 X49=120 X50=343 X51=588 X52=500 X53=380 X54=468 X55=212 X56=521 X57=501 X58=425 X59=396 X60=229 X61=409 X62=221 X63=597 X64=60 X65=608 X66=416 X67=421 X68=476 X69=327 X70=86 X71=189 X72=445 X73=257 X74=123 X75=369 X76=33 X77=126 X78=167 X79=15 X80=604 X81=506 X82=121 X83=589 X84=82 X85=204 X86=436 X87=311 X88=472 X89=156 X90=28 X91=106 X92=570 X93=580 X94=282 X95=594 X96=582 X97=48 X98=234 X99=261 X100=323 X101=427 X102=11 X103=405 X104=545 X105=574 X106=1 X107=555 X108=453 X109=40 X110=102 X111=85 X112=93 X113=602 X114=38 X115=200 X116=466 X117=615 X118=165 X119=452 X120=465 X121=546 X122=274 X123=168 X124=620 

   
   search
        run=0  nbConstraintChecks=297  depth=(min:0,max:124,avg:1)  nbEffectivePropagations=843  nbRevisions=8676  nbUselessRevisions=7979
        nbAssignments=569  nbFailedAssignments=444  nbBacktracks=0  nbVisitedNodes=1014  nbRestartNogoods=0  nbFoundSolutions=1
        upperBound=9223372036854775807
          =>  wckTime=11.72  cpuTime=12.433  mem=437M369

   
   global
        nbConstraintChecks=297  nbEffectivePropagations=843  nbRevisions=8676  nbUselessRevisions=7979  nbRestartNogoods=0  solvingWckTime=11.72
        expiredTime=no  totalExploration=no  nbFoundSolutions=1  firstSolutionCpuTime=12.429  Stop=REACHED_GOAL
          =>  wckTime=12.558  cpuTime=12.433  mem=437M369

s SATISFIABLE
v X0=88 X1=24 X2=232 X3=177 X4=338 X5=565 X6=59 X7=515 X8=25 X9=253 X10=432 X11=13 X12=513 X13=230 X14=178 X15=80 X16=439 X17=477 X18=366 X19=612 X20=429 X21=358 X22=402 X23=9 X24=277 X25=522 X26=26 X27=245 X28=308 X29=444 X30=74 X31=536 X32=415 X33=110 X34=203 X35=118 X36=27 X37=619 X38=490 X39=326 X40=99 X41=47 X42=534 X43=435 X44=401 X45=251 X46=314 X47=191 X48=169 X49=120 X50=343 X51=588 X52=500 X53=380 X54=468 X55=212 X56=521 X57=501 X58=425 X59=396 X60=229 X61=409 X62=221 X63=597 X64=60 X65=608 X66=416 X67=421 X68=476 X69=327 X70=86 X71=189 X72=445 X73=257 X74=123 X75=369 X76=33 X77=126 X78=167 X79=15 X80=604 X81=506 X82=121 X83=589 X84=82 X85=204 X86=436 X87=311 X88=472 X89=156 X90=28 X91=106 X92=570 X93=580 X94=282 X95=594 X96=582 X97=48 X98=234 X99=261 X100=323 X101=427 X102=11 X103=405 X104=545 X105=574 X106=1 X107=555 X108=453 X109=40 X110=102 X111=85 X112=93 X113=602 X114=38 X115=200 X116=466 X117=615 X118=165 X119=452 X120=465 X121=546 X122=274 X123=168 X124=620 
d NODES 569

   totalWckTime=12.459  totalCpuTime=12.434
