
   AbsCon 1.41 (January, 2014) - defaultConfiguration

   
   instance
        framework=CSP  name=Isomorphism-/cluster/gpg/ciaran/sip-benchmarks/benchmarks/si2_rand_r005_600/si2_r005_m600.07/pattern-/cluster/gpg/ciaran/sip-benchmarks/benchmarks/si2_rand_r005_600/si2_r005_m600.07/target
        parameters=/cluster/gpg/ciaran/sip-benchmarks/benchmarks/si2_rand_r005_600/si2_r005_m600.07/pattern,/cluster/gpg/ciaran/sip-benchmarks/benchmarks/si2_rand_r005_600/si2_r005_m600.07/target
      

   loading variables...
        nbVariables=120  nbDomainTypes=1  nbTotalValues=72000  domainSizes=(600:120)
          =>  wckTime=0.217  cpuTime=0.329  mem=10M562

   loading objectives...

   loading constraints...
        nbConstraints=714  nbSpecificConstraints=1  nbExtensionStructures=(1,shared:712)  nbConflictsStructures=(1,shared:712,unbuilt:1)
        degrees=(6:1)(7:2)(8:2)...(18:2)(19:4)(20:1)  arities=(2:713)(120:1)  types=(AllDifferent:1)(ConstraintHardExtensionV-Bits:713)
          =>  wckTime=0.85  cpuTime=0.932  mem=43M841

   INFO : <!-- Start saving the XML representation -->

   INFO : <!-- Stop saving the XML representation of target.xml -->

   Solver SolverBacktrack being built... 
          =>  wckTime=1.178  cpuTime=1.234  mem=94M971

    instantiation X0=519 X1=34 X2=499 X3=560 X4=303 X5=489 X6=443 X7=100 X8=302 X9=232 X10=291 X11=469 X12=366 X13=424 X14=308 X15=286 X16=513 X17=185 X18=365 X19=104 X20=481 X21=246 X22=187 X23=51 X24=331 X25=473 X26=42 X27=159 X28=484 X29=547 X30=421 X31=130 X32=440 X33=383 X34=436 X35=79 X36=63 X37=449 X38=139 X39=341 X40=142 X41=553 X42=580 X43=222 X44=204 X45=168 X46=500 X47=423 X48=599 X49=259 X50=345 X51=285 X52=520 X53=262 X54=102 X55=477 X56=255 X57=375 X58=394 X59=271 X60=521 X61=467 X62=217 X63=77 X64=494 X65=398 X66=242 X67=364 X68=523 X69=234 X70=252 X71=43 X72=464 X73=183 X74=279 X75=78 X76=254 X77=47 X78=290 X79=174 X80=479 X81=272 X82=390 X83=455 X84=439 X85=140 X86=199 X87=401 X88=153 X89=546 X90=503 X91=245 X92=391 X93=165 X94=297 X95=92 X96=373 X97=209 X98=219 X99=239 X100=575 X101=57 X102=594 X103=343 X104=432 X105=111 X106=253 X107=97 X108=565 X109=264 X110=213 X111=198 X112=456 X113=241 X114=304 X115=458 X116=85 X117=319 X118=269 X119=363 

    solution X0=519 X1=34 X2=499 X3=560 X4=303 X5=489 X6=443 X7=100 X8=302 X9=232 X10=291 X11=469 X12=366 X13=424 X14=308 X15=286 X16=513 X17=185 X18=365 X19=104 X20=481 X21=246 X22=187 X23=51 X24=331 X25=473 X26=42 X27=159 X28=484 X29=547 X30=421 X31=130 X32=440 X33=383 X34=436 X35=79 X36=63 X37=449 X38=139 X39=341 X40=142 X41=553 X42=580 X43=222 X44=204 X45=168 X46=500 X47=423 X48=599 X49=259 X50=345 X51=285 X52=520 X53=262 X54=102 X55=477 X56=255 X57=375 X58=394 X59=271 X60=521 X61=467 X62=217 X63=77 X64=494 X65=398 X66=242 X67=364 X68=523 X69=234 X70=252 X71=43 X72=464 X73=183 X74=279 X75=78 X76=254 X77=47 X78=290 X79=174 X80=479 X81=272 X82=390 X83=455 X84=439 X85=140 X86=199 X87=401 X88=153 X89=546 X90=503 X91=245 X92=391 X93=165 X94=297 X95=92 X96=373 X97=209 X98=219 X99=239 X100=575 X101=57 X102=594 X103=343 X104=432 X105=111 X106=253 X107=97 X108=565 X109=264 X110=213 X111=198 X112=456 X113=241 X114=304 X115=458 X116=85 X117=319 X118=269 X119=363 

   
   search
        run=0  nbConstraintChecks=714  depth=(min:0,max:119,avg:2)  nbEffectivePropagations=4525672  nbRevisions=26243140  nbUselessRevisions=23088110
        nbAssignments=55585  nbFailedAssignments=49913  nbBacktracks=5552  nbVisitedNodes=109399  nbRestartNogoods=0  nbFoundSolutions=1
        upperBound=9223372036854775807
          =>  wckTime=12804.404  cpuTime=12709.86  mem=103M574

   
   global
        nbConstraintChecks=714  nbEffectivePropagations=4525672  nbRevisions=26243140  nbUselessRevisions=23088110  nbRestartNogoods=0
        solvingWckTime=12804.405  expiredTime=no  totalExploration=no  nbFoundSolutions=1  firstSolutionCpuTime=12709.856  Stop=REACHED_GOAL
          =>  wckTime=12805.584  cpuTime=12709.86  mem=103M574

s SATISFIABLE
v X0=519 X1=34 X2=499 X3=560 X4=303 X5=489 X6=443 X7=100 X8=302 X9=232 X10=291 X11=469 X12=366 X13=424 X14=308 X15=286 X16=513 X17=185 X18=365 X19=104 X20=481 X21=246 X22=187 X23=51 X24=331 X25=473 X26=42 X27=159 X28=484 X29=547 X30=421 X31=130 X32=440 X33=383 X34=436 X35=79 X36=63 X37=449 X38=139 X39=341 X40=142 X41=553 X42=580 X43=222 X44=204 X45=168 X46=500 X47=423 X48=599 X49=259 X50=345 X51=285 X52=520 X53=262 X54=102 X55=477 X56=255 X57=375 X58=394 X59=271 X60=521 X61=467 X62=217 X63=77 X64=494 X65=398 X66=242 X67=364 X68=523 X69=234 X70=252 X71=43 X72=464 X73=183 X74=279 X75=78 X76=254 X77=47 X78=290 X79=174 X80=479 X81=272 X82=390 X83=455 X84=439 X85=140 X86=199 X87=401 X88=153 X89=546 X90=503 X91=245 X92=391 X93=165 X94=297 X95=92 X96=373 X97=209 X98=219 X99=239 X100=575 X101=57 X102=594 X103=343 X104=432 X105=111 X106=253 X107=97 X108=565 X109=264 X110=213 X111=198 X112=456 X113=241 X114=304 X115=458 X116=85 X117=319 X118=269 X119=363 
d NODES 55585

   totalWckTime=12805.487  totalCpuTime=12709.861
