
   AbsCon 1.41 (January, 2014) - defaultConfiguration

   
   instance
        framework=CSP  name=Isomorphism-/cluster/gpg/ciaran/sip-benchmarks/benchmarks/si2_m4D_m4Dr2_625/si2_m4Dr2_m625.07/pattern-/cluster/gpg/ciaran/sip-benchmarks/benchmarks/si2_m4D_m4Dr2_625/si2_m4Dr2_m625.07/target
        parameters=/cluster/gpg/ciaran/sip-benchmarks/benchmarks/si2_m4D_m4Dr2_625/si2_m4Dr2_m625.07/pattern,/cluster/gpg/ciaran/sip-benchmarks/benchmarks/si2_m4D_m4Dr2_625/si2_m4Dr2_m625.07/target
      

   loading variables...
        nbVariables=125  nbDomainTypes=1  nbTotalValues=78125  domainSizes=(625:125)
          =>  wckTime=0.21  cpuTime=0.324  mem=8M615

   loading objectives...

   loading constraints...
        nbConstraints=200  nbSpecificConstraints=1  nbExtensionStructures=(1,shared:198)  nbConflictsStructures=(1,shared:198,unbuilt:1)
        degrees=(2:33)(3:23)(4:24)...(9:2)(10:1)(11:1)  arities=(2:199)(125:1)  types=(AllDifferent:1)(ConstraintHardExtensionV-Bits:199)
          =>  wckTime=0.34  cpuTime=0.446  mem=14M510

   INFO : <!-- Start saving the XML representation -->

   INFO : <!-- Stop saving the XML representation of target.xml -->

   Solver SolverBacktrack being built... 
          =>  wckTime=0.67  cpuTime=0.729  mem=30M772

    instantiation X0=0 X1=115 X2=183 X3=216 X4=279 X5=38 X6=295 X7=329 X8=8 X9=99 X10=153 X11=156 X12=349 X13=379 X14=3 X15=387 X16=16 X17=73 X18=190 X19=600 X20=61 X21=262 X22=369 X23=241 X24=246 X25=108 X26=160 X27=275 X28=310 X29=503 X30=539 X31=76 X32=193 X33=556 X34=120 X35=126 X36=206 X37=71 X38=615 X39=466 X40=56 X41=80 X42=135 X43=321 X44=172 X45=254 X46=462 X47=20 X48=27 X49=53 X50=152 X51=194 X52=412 X53=479 X54=517 X55=84 X56=164 X57=269 X58=302 X59=340 X60=378 X61=484 X62=507 X63=562 X64=336 X65=540 X66=610 X67=6 X68=273 X69=337 X70=424 X71=486 X72=595 X73=230 X74=284 X75=618 X76=361 X77=560 X78=13 X79=134 X80=278 X81=131 X82=303 X83=367 X84=404 X85=12 X86=33 X87=138 X88=235 X89=41 X90=202 X91=222 X92=454 X93=11 X94=528 X95=182 X96=208 X97=136 X98=215 X99=441 X100=94 X101=207 X102=480 X103=581 X104=598 X105=95 X106=159 X107=218 X108=400 X109=260 X110=488 X111=289 X112=307 X113=64 X114=372 X115=385 X116=21 X117=225 X118=228 X119=523 X120=233 X121=546 X122=624 X123=501 X124=406 

    solution X0=0 X1=115 X2=183 X3=216 X4=279 X5=38 X6=295 X7=329 X8=8 X9=99 X10=153 X11=156 X12=349 X13=379 X14=3 X15=387 X16=16 X17=73 X18=190 X19=600 X20=61 X21=262 X22=369 X23=241 X24=246 X25=108 X26=160 X27=275 X28=310 X29=503 X30=539 X31=76 X32=193 X33=556 X34=120 X35=126 X36=206 X37=71 X38=615 X39=466 X40=56 X41=80 X42=135 X43=321 X44=172 X45=254 X46=462 X47=20 X48=27 X49=53 X50=152 X51=194 X52=412 X53=479 X54=517 X55=84 X56=164 X57=269 X58=302 X59=340 X60=378 X61=484 X62=507 X63=562 X64=336 X65=540 X66=610 X67=6 X68=273 X69=337 X70=424 X71=486 X72=595 X73=230 X74=284 X75=618 X76=361 X77=560 X78=13 X79=134 X80=278 X81=131 X82=303 X83=367 X84=404 X85=12 X86=33 X87=138 X88=235 X89=41 X90=202 X91=222 X92=454 X93=11 X94=528 X95=182 X96=208 X97=136 X98=215 X99=441 X100=94 X101=207 X102=480 X103=581 X104=598 X105=95 X106=159 X107=218 X108=400 X109=260 X110=488 X111=289 X112=307 X113=64 X114=372 X115=385 X116=21 X117=225 X118=228 X119=523 X120=233 X121=546 X122=624 X123=501 X124=406 

   
   search
        run=0  nbConstraintChecks=200  depth=(min:0,max:124,avg:1)  nbEffectivePropagations=123  nbRevisions=1310  nbUselessRevisions=1310
        nbAssignments=198  nbFailedAssignments=73  nbBacktracks=0  nbVisitedNodes=272  nbRestartNogoods=0  nbFoundSolutions=1
        upperBound=9223372036854775807
          =>  wckTime=7.943  cpuTime=8.505  mem=262M769

   
   global
        nbConstraintChecks=200  nbEffectivePropagations=123  nbRevisions=1310  nbUselessRevisions=1310  nbRestartNogoods=0  solvingWckTime=7.943
        expiredTime=no  totalExploration=no  nbFoundSolutions=1  firstSolutionCpuTime=8.501  Stop=REACHED_GOAL
          =>  wckTime=8.613  cpuTime=8.505  mem=262M769

s SATISFIABLE
v X0=0 X1=115 X2=183 X3=216 X4=279 X5=38 X6=295 X7=329 X8=8 X9=99 X10=153 X11=156 X12=349 X13=379 X14=3 X15=387 X16=16 X17=73 X18=190 X19=600 X20=61 X21=262 X22=369 X23=241 X24=246 X25=108 X26=160 X27=275 X28=310 X29=503 X30=539 X31=76 X32=193 X33=556 X34=120 X35=126 X36=206 X37=71 X38=615 X39=466 X40=56 X41=80 X42=135 X43=321 X44=172 X45=254 X46=462 X47=20 X48=27 X49=53 X50=152 X51=194 X52=412 X53=479 X54=517 X55=84 X56=164 X57=269 X58=302 X59=340 X60=378 X61=484 X62=507 X63=562 X64=336 X65=540 X66=610 X67=6 X68=273 X69=337 X70=424 X71=486 X72=595 X73=230 X74=284 X75=618 X76=361 X77=560 X78=13 X79=134 X80=278 X81=131 X82=303 X83=367 X84=404 X85=12 X86=33 X87=138 X88=235 X89=41 X90=202 X91=222 X92=454 X93=11 X94=528 X95=182 X96=208 X97=136 X98=215 X99=441 X100=94 X101=207 X102=480 X103=581 X104=598 X105=95 X106=159 X107=218 X108=400 X109=260 X110=488 X111=289 X112=307 X113=64 X114=372 X115=385 X116=21 X117=225 X118=228 X119=523 X120=233 X121=546 X122=624 X123=501 X124=406 
d NODES 198

   totalWckTime=8.515  totalCpuTime=8.506
