
   AbsCon 1.41 (January, 2014) - defaultConfiguration

   
   instance
        framework=CSP  name=Isomorphism-/cluster/gpg/ciaran/sip-benchmarks/benchmarks/si2_bvg_b03_800/si2_b03_m800.00/pattern-/cluster/gpg/ciaran/sip-benchmarks/benchmarks/si2_bvg_b03_800/si2_b03_m800.00/target
        parameters=/cluster/gpg/ciaran/sip-benchmarks/benchmarks/si2_bvg_b03_800/si2_b03_m800.00/pattern,/cluster/gpg/ciaran/sip-benchmarks/benchmarks/si2_bvg_b03_800/si2_b03_m800.00/target
      

   loading variables...
        nbVariables=160  nbDomainTypes=1  nbTotalValues=128000  domainSizes=(800:160)
          =>  wckTime=0.223  cpuTime=0.309  mem=11M770

   loading objectives...

   loading constraints...
        nbConstraints=238  nbSpecificConstraints=1  nbExtensionStructures=(1,shared:236)  nbConflictsStructures=(1,shared:236,unbuilt:1)
        degrees=(2:2)(3:2)(4:156)  arities=(2:237)(160:1)  types=(AllDifferent:1)(ConstraintHardExtensionV-Bits:237)
          =>  wckTime=0.362  cpuTime=0.433  mem=20M864

   INFO : <!-- Start saving the XML representation -->

   INFO : <!-- Stop saving the XML representation of target.xml -->

   Solver SolverBacktrack being built... 
          =>  wckTime=0.726  cpuTime=0.757  mem=55M922

    instantiation X0=0 X1=137 X2=260 X3=146 X4=697 X5=592 X6=347 X7=439 X8=634 X9=544 X10=379 X11=448 X12=380 X13=315 X14=293 X15=598 X16=393 X17=128 X18=121 X19=81 X20=743 X21=780 X22=267 X23=22 X24=683 X25=252 X26=789 X27=601 X28=269 X29=719 X30=234 X31=156 X32=26 X33=735 X34=236 X35=114 X36=429 X37=765 X38=744 X39=790 X40=460 X41=748 X42=774 X43=80 X44=257 X45=189 X46=543 X47=66 X48=112 X49=603 X50=627 X51=361 X52=661 X53=211 X54=217 X55=394 X56=395 X57=498 X58=52 X59=198 X60=695 X61=243 X62=74 X63=384 X64=523 X65=686 X66=438 X67=250 X68=135 X69=533 X70=728 X71=513 X72=599 X73=473 X74=33 X75=322 X76=738 X77=225 X78=406 X79=737 X80=740 X81=82 X82=547 X83=223 X84=36 X85=226 X86=557 X87=138 X88=11 X89=484 X90=40 X91=353 X92=200 X93=625 X94=511 X95=609 X96=45 X97=171 X98=400 X99=215 X100=28 X101=298 X102=782 X103=284 X104=763 X105=685 X106=503 X107=387 X108=308 X109=109 X110=741 X111=103 X112=338 X113=376 X114=442 X115=696 X116=163 X117=666 X118=383 X119=251 X120=742 X121=19 X122=323 X123=259 X124=306 X125=355 X126=227 X127=166 X128=582 X129=416 X130=510 X131=177 X132=111 X133=307 X134=31 X135=258 X136=68 X137=784 X138=712 X139=106 X140=124 X141=504 X142=340 X143=333 X144=600 X145=370 X146=318 X147=388 X148=53 X149=165 X150=437 X151=27 X152=458 X153=30 X154=614 X155=289 X156=593 X157=769 X158=656 X159=607 

    solution X0=0 X1=137 X2=260 X3=146 X4=697 X5=592 X6=347 X7=439 X8=634 X9=544 X10=379 X11=448 X12=380 X13=315 X14=293 X15=598 X16=393 X17=128 X18=121 X19=81 X20=743 X21=780 X22=267 X23=22 X24=683 X25=252 X26=789 X27=601 X28=269 X29=719 X30=234 X31=156 X32=26 X33=735 X34=236 X35=114 X36=429 X37=765 X38=744 X39=790 X40=460 X41=748 X42=774 X43=80 X44=257 X45=189 X46=543 X47=66 X48=112 X49=603 X50=627 X51=361 X52=661 X53=211 X54=217 X55=394 X56=395 X57=498 X58=52 X59=198 X60=695 X61=243 X62=74 X63=384 X64=523 X65=686 X66=438 X67=250 X68=135 X69=533 X70=728 X71=513 X72=599 X73=473 X74=33 X75=322 X76=738 X77=225 X78=406 X79=737 X80=740 X81=82 X82=547 X83=223 X84=36 X85=226 X86=557 X87=138 X88=11 X89=484 X90=40 X91=353 X92=200 X93=625 X94=511 X95=609 X96=45 X97=171 X98=400 X99=215 X100=28 X101=298 X102=782 X103=284 X104=763 X105=685 X106=503 X107=387 X108=308 X109=109 X110=741 X111=103 X112=338 X113=376 X114=442 X115=696 X116=163 X117=666 X118=383 X119=251 X120=742 X121=19 X122=323 X123=259 X124=306 X125=355 X126=227 X127=166 X128=582 X129=416 X130=510 X131=177 X132=111 X133=307 X134=31 X135=258 X136=68 X137=784 X138=712 X139=106 X140=124 X141=504 X142=340 X143=333 X144=600 X145=370 X146=318 X147=388 X148=53 X149=165 X150=437 X151=27 X152=458 X153=30 X154=614 X155=289 X156=593 X157=769 X158=656 X159=607 

   
   search
        run=0  nbConstraintChecks=238  depth=(min:161,max:159,avg:0)  nbEffectivePropagations=233  nbRevisions=1163  nbUselessRevisions=1163
        nbAssignments=160  nbFailedAssignments=0  nbBacktracks=0  nbVisitedNodes=161  nbRestartNogoods=0  nbFoundSolutions=1
        upperBound=9223372036854775807
          =>  wckTime=6.945  cpuTime=7.479  mem=440M406

   
   global
        nbConstraintChecks=238  nbEffectivePropagations=233  nbRevisions=1163  nbUselessRevisions=1163  nbRestartNogoods=0  solvingWckTime=6.946
        expiredTime=no  totalExploration=no  nbFoundSolutions=1  firstSolutionCpuTime=7.47  Stop=REACHED_GOAL
          =>  wckTime=7.672  cpuTime=7.48  mem=440M406

s SATISFIABLE
v X0=0 X1=137 X2=260 X3=146 X4=697 X5=592 X6=347 X7=439 X8=634 X9=544 X10=379 X11=448 X12=380 X13=315 X14=293 X15=598 X16=393 X17=128 X18=121 X19=81 X20=743 X21=780 X22=267 X23=22 X24=683 X25=252 X26=789 X27=601 X28=269 X29=719 X30=234 X31=156 X32=26 X33=735 X34=236 X35=114 X36=429 X37=765 X38=744 X39=790 X40=460 X41=748 X42=774 X43=80 X44=257 X45=189 X46=543 X47=66 X48=112 X49=603 X50=627 X51=361 X52=661 X53=211 X54=217 X55=394 X56=395 X57=498 X58=52 X59=198 X60=695 X61=243 X62=74 X63=384 X64=523 X65=686 X66=438 X67=250 X68=135 X69=533 X70=728 X71=513 X72=599 X73=473 X74=33 X75=322 X76=738 X77=225 X78=406 X79=737 X80=740 X81=82 X82=547 X83=223 X84=36 X85=226 X86=557 X87=138 X88=11 X89=484 X90=40 X91=353 X92=200 X93=625 X94=511 X95=609 X96=45 X97=171 X98=400 X99=215 X100=28 X101=298 X102=782 X103=284 X104=763 X105=685 X106=503 X107=387 X108=308 X109=109 X110=741 X111=103 X112=338 X113=376 X114=442 X115=696 X116=163 X117=666 X118=383 X119=251 X120=742 X121=19 X122=323 X123=259 X124=306 X125=355 X126=227 X127=166 X128=582 X129=416 X130=510 X131=177 X132=111 X133=307 X134=31 X135=258 X136=68 X137=784 X138=712 X139=106 X140=124 X141=504 X142=340 X143=333 X144=600 X145=370 X146=318 X147=388 X148=53 X149=165 X150=437 X151=27 X152=458 X153=30 X154=614 X155=289 X156=593 X157=769 X158=656 X159=607 
d NODES 160

   totalWckTime=7.56  totalCpuTime=7.48
