
   AbsCon 1.41 (January, 2014) - defaultConfiguration

   
   instance
        framework=CSP  name=Isomorphism-/cluster/gpg/ciaran/sip-benchmarks/benchmarks/si2_m4D_m4Dr4_625/si2_m4Dr4_m625.07/pattern-/cluster/gpg/ciaran/sip-benchmarks/benchmarks/si2_m4D_m4Dr4_625/si2_m4Dr4_m625.07/target
        parameters=/cluster/gpg/ciaran/sip-benchmarks/benchmarks/si2_m4D_m4Dr4_625/si2_m4Dr4_m625.07/pattern,/cluster/gpg/ciaran/sip-benchmarks/benchmarks/si2_m4D_m4Dr4_625/si2_m4Dr4_m625.07/target
      

   loading variables...
        nbVariables=125  nbDomainTypes=1  nbTotalValues=78125  domainSizes=(625:125)
          =>  wckTime=0.201  cpuTime=0.304  mem=8M770

   loading objectives...

   loading constraints...
        nbConstraints=225  nbSpecificConstraints=1  nbExtensionStructures=(1,shared:223)  nbConflictsStructures=(1,shared:223,unbuilt:1)
        degrees=(2:21)(3:27)(4:22)...(8:8)(9:1)(10:2)  arities=(2:224)(125:1)  types=(AllDifferent:1)(ConstraintHardExtensionV-Bits:224)
          =>  wckTime=0.339  cpuTime=0.437  mem=16M426

   INFO : <!-- Start saving the XML representation -->

   INFO : <!-- Stop saving the XML representation of target.xml -->

   Solver SolverBacktrack being built... 
          =>  wckTime=0.655  cpuTime=0.711  mem=28M594

    instantiation X0=0 X1=127 X2=164 X3=276 X4=361 X5=461 X6=65 X7=123 X8=202 X9=312 X10=481 X11=66 X12=563 X13=141 X14=218 X15=396 X16=595 X17=63 X18=224 X19=228 X20=422 X21=551 X22=155 X23=546 X24=134 X25=314 X26=577 X27=601 X28=21 X29=157 X30=186 X31=468 X32=58 X33=214 X34=250 X35=254 X36=429 X37=130 X38=378 X39=87 X40=89 X41=191 X42=345 X43=313 X44=319 X45=456 X46=599 X47=44 X48=280 X49=503 X50=532 X51=100 X52=453 X53=106 X54=179 X55=217 X56=415 X57=568 X58=578 X59=359 X60=459 X61=600 X62=621 X63=144 X64=309 X65=362 X66=428 X67=608 X68=102 X69=388 X70=539 X71=384 X72=460 X73=504 X74=115 X75=205 X76=292 X77=329 X78=125 X79=264 X80=293 X81=467 X82=49 X83=149 X84=77 X85=340 X86=60 X87=307 X88=487 X89=567 X90=301 X91=25 X92=169 X93=335 X94=615 X95=620 X96=258 X97=152 X98=344 X99=380 X100=455 X101=505 X102=245 X103=270 X104=498 X105=514 X106=39 X107=4 X108=531 X109=544 X110=554 X111=290 X112=166 X113=584 X114=354 X115=38 X116=177 X117=72 X118=99 X119=118 X120=104 X121=110 X122=119 X123=151 X124=208 

    solution X0=0 X1=127 X2=164 X3=276 X4=361 X5=461 X6=65 X7=123 X8=202 X9=312 X10=481 X11=66 X12=563 X13=141 X14=218 X15=396 X16=595 X17=63 X18=224 X19=228 X20=422 X21=551 X22=155 X23=546 X24=134 X25=314 X26=577 X27=601 X28=21 X29=157 X30=186 X31=468 X32=58 X33=214 X34=250 X35=254 X36=429 X37=130 X38=378 X39=87 X40=89 X41=191 X42=345 X43=313 X44=319 X45=456 X46=599 X47=44 X48=280 X49=503 X50=532 X51=100 X52=453 X53=106 X54=179 X55=217 X56=415 X57=568 X58=578 X59=359 X60=459 X61=600 X62=621 X63=144 X64=309 X65=362 X66=428 X67=608 X68=102 X69=388 X70=539 X71=384 X72=460 X73=504 X74=115 X75=205 X76=292 X77=329 X78=125 X79=264 X80=293 X81=467 X82=49 X83=149 X84=77 X85=340 X86=60 X87=307 X88=487 X89=567 X90=301 X91=25 X92=169 X93=335 X94=615 X95=620 X96=258 X97=152 X98=344 X99=380 X100=455 X101=505 X102=245 X103=270 X104=498 X105=514 X106=39 X107=4 X108=531 X109=544 X110=554 X111=290 X112=166 X113=584 X114=354 X115=38 X116=177 X117=72 X118=99 X119=118 X120=104 X121=110 X122=119 X123=151 X124=208 

   
   search
        run=0  nbConstraintChecks=225  depth=(min:0,max:124,avg:1)  nbEffectivePropagations=806  nbRevisions=10063  nbUselessRevisions=9324
        nbAssignments=586  nbFailedAssignments=461  nbBacktracks=0  nbVisitedNodes=1048  nbRestartNogoods=0  nbFoundSolutions=1
        upperBound=9223372036854775807
          =>  wckTime=10.773  cpuTime=11.346  mem=212M768

   
   global
        nbConstraintChecks=225  nbEffectivePropagations=806  nbRevisions=10063  nbUselessRevisions=9324  nbRestartNogoods=0  solvingWckTime=10.774
        expiredTime=no  totalExploration=no  nbFoundSolutions=1  firstSolutionCpuTime=11.343  Stop=REACHED_GOAL
          =>  wckTime=11.43  cpuTime=11.347  mem=212M768

s SATISFIABLE
v X0=0 X1=127 X2=164 X3=276 X4=361 X5=461 X6=65 X7=123 X8=202 X9=312 X10=481 X11=66 X12=563 X13=141 X14=218 X15=396 X16=595 X17=63 X18=224 X19=228 X20=422 X21=551 X22=155 X23=546 X24=134 X25=314 X26=577 X27=601 X28=21 X29=157 X30=186 X31=468 X32=58 X33=214 X34=250 X35=254 X36=429 X37=130 X38=378 X39=87 X40=89 X41=191 X42=345 X43=313 X44=319 X45=456 X46=599 X47=44 X48=280 X49=503 X50=532 X51=100 X52=453 X53=106 X54=179 X55=217 X56=415 X57=568 X58=578 X59=359 X60=459 X61=600 X62=621 X63=144 X64=309 X65=362 X66=428 X67=608 X68=102 X69=388 X70=539 X71=384 X72=460 X73=504 X74=115 X75=205 X76=292 X77=329 X78=125 X79=264 X80=293 X81=467 X82=49 X83=149 X84=77 X85=340 X86=60 X87=307 X88=487 X89=567 X90=301 X91=25 X92=169 X93=335 X94=615 X95=620 X96=258 X97=152 X98=344 X99=380 X100=455 X101=505 X102=245 X103=270 X104=498 X105=514 X106=39 X107=4 X108=531 X109=544 X110=554 X111=290 X112=166 X113=584 X114=354 X115=38 X116=177 X117=72 X118=99 X119=118 X120=104 X121=110 X122=119 X123=151 X124=208 
d NODES 586

   totalWckTime=11.341  totalCpuTime=11.347
