
   AbsCon 1.41 (January, 2014) - defaultConfiguration

   
   instance
        framework=CSP  name=Isomorphism-/cluster/gpg/ciaran/sip-benchmarks/benchmarks/si2_bvg_b06m_800/si2_b06m_m800.07/pattern-/cluster/gpg/ciaran/sip-benchmarks/benchmarks/si2_bvg_b06m_800/si2_b06m_m800.07/target
        parameters=/cluster/gpg/ciaran/sip-benchmarks/benchmarks/si2_bvg_b06m_800/si2_b06m_m800.07/pattern,/cluster/gpg/ciaran/sip-benchmarks/benchmarks/si2_bvg_b06m_800/si2_b06m_m800.07/target
      

   loading variables...
        nbVariables=160  nbDomainTypes=1  nbTotalValues=128000  domainSizes=(800:160)
          =>  wckTime=0.238  cpuTime=0.319  mem=12M113

   loading objectives...

   loading constraints...
        nbConstraints=284  nbSpecificConstraints=1  nbExtensionStructures=(1,shared:282)  nbConflictsStructures=(1,shared:282,unbuilt:1)
        degrees=(2:21)(3:36)(4:41)...(14:2)(19:1)(20:1)  arities=(2:283)(160:1)  types=(AllDifferent:1)(ConstraintHardExtensionV-Bits:283)
          =>  wckTime=0.422  cpuTime=0.488  mem=24M90

   INFO : <!-- Start saving the XML representation -->

   INFO : <!-- Stop saving the XML representation of target.xml -->

   Solver SolverBacktrack being built... 
          =>  wckTime=0.786  cpuTime=0.824  mem=67M433

    instantiation X0=0 X1=15 X2=20 X3=30 X4=57 X5=71 X6=141 X7=261 X8=275 X9=296 X10=308 X11=393 X12=412 X13=443 X14=498 X15=566 X16=663 X17=679 X18=762 X19=7 X20=130 X21=156 X22=157 X23=172 X24=363 X25=472 X26=523 X27=578 X28=667 X29=756 X30=17 X31=25 X32=154 X33=233 X34=297 X35=307 X36=422 X37=428 X38=474 X39=575 X40=700 X41=22 X42=32 X43=55 X44=67 X45=187 X46=260 X47=692 X48=529 X49=557 X50=652 X51=655 X52=64 X53=167 X54=222 X55=355 X56=717 X57=72 X58=442 X59=454 X60=511 X61=585 X62=47 X63=79 X64=497 X65=609 X66=173 X67=175 X68=224 X69=301 X70=46 X71=70 X72=256 X73=431 X74=137 X75=517 X76=562 X77=740 X78=24 X79=365 X80=673 X81=715 X82=100 X83=193 X84=338 X85=612 X86=698 X87=36 X88=138 X89=149 X90=163 X91=662 X92=3 X93=52 X94=131 X95=12 X96=191 X97=285 X98=589 X99=738 X100=5 X101=34 X102=135 X103=361 X104=583 X105=4 X106=73 X107=96 X108=113 X109=119 X110=195 X111=211 X112=234 X113=238 X114=283 X115=331 X116=394 X117=513 X118=551 X119=593 X120=613 X121=767 X122=29 X123=88 X124=327 X125=395 X126=577 X127=48 X128=125 X129=580 X130=38 X131=145 X132=330 X133=528 X134=600 X135=785 X136=229 X137=354 X138=490 X139=789 X140=26 X141=399 X142=408 X143=430 X144=95 X145=541 X146=718 X147=728 X148=773 X149=91 X150=489 X151=625 X152=8 X153=155 X154=353 X155=84 X156=214 X157=351 X158=370 X159=434 

    solution X0=0 X1=15 X2=20 X3=30 X4=57 X5=71 X6=141 X7=261 X8=275 X9=296 X10=308 X11=393 X12=412 X13=443 X14=498 X15=566 X16=663 X17=679 X18=762 X19=7 X20=130 X21=156 X22=157 X23=172 X24=363 X25=472 X26=523 X27=578 X28=667 X29=756 X30=17 X31=25 X32=154 X33=233 X34=297 X35=307 X36=422 X37=428 X38=474 X39=575 X40=700 X41=22 X42=32 X43=55 X44=67 X45=187 X46=260 X47=692 X48=529 X49=557 X50=652 X51=655 X52=64 X53=167 X54=222 X55=355 X56=717 X57=72 X58=442 X59=454 X60=511 X61=585 X62=47 X63=79 X64=497 X65=609 X66=173 X67=175 X68=224 X69=301 X70=46 X71=70 X72=256 X73=431 X74=137 X75=517 X76=562 X77=740 X78=24 X79=365 X80=673 X81=715 X82=100 X83=193 X84=338 X85=612 X86=698 X87=36 X88=138 X89=149 X90=163 X91=662 X92=3 X93=52 X94=131 X95=12 X96=191 X97=285 X98=589 X99=738 X100=5 X101=34 X102=135 X103=361 X104=583 X105=4 X106=73 X107=96 X108=113 X109=119 X110=195 X111=211 X112=234 X113=238 X114=283 X115=331 X116=394 X117=513 X118=551 X119=593 X120=613 X121=767 X122=29 X123=88 X124=327 X125=395 X126=577 X127=48 X128=125 X129=580 X130=38 X131=145 X132=330 X133=528 X134=600 X135=785 X136=229 X137=354 X138=490 X139=789 X140=26 X141=399 X142=408 X143=430 X144=95 X145=541 X146=718 X147=728 X148=773 X149=91 X150=489 X151=625 X152=8 X153=155 X154=353 X155=84 X156=214 X157=351 X158=370 X159=434 

   
   search
        run=0  nbConstraintChecks=284  depth=(min:0,max:159,avg:1)  nbEffectivePropagations=90  nbRevisions=933  nbUselessRevisions=933
        nbAssignments=167  nbFailedAssignments=7  nbBacktracks=0  nbVisitedNodes=175  nbRestartNogoods=0  nbFoundSolutions=1
        upperBound=9223372036854775807
          =>  wckTime=13.982  cpuTime=14.532  mem=381M118

   
   global
        nbConstraintChecks=284  nbEffectivePropagations=90  nbRevisions=933  nbUselessRevisions=933  nbRestartNogoods=0  solvingWckTime=13.982
        expiredTime=no  totalExploration=no  nbFoundSolutions=1  firstSolutionCpuTime=14.527  Stop=REACHED_GOAL
          =>  wckTime=14.768  cpuTime=14.533  mem=381M118

s SATISFIABLE
v X0=0 X1=15 X2=20 X3=30 X4=57 X5=71 X6=141 X7=261 X8=275 X9=296 X10=308 X11=393 X12=412 X13=443 X14=498 X15=566 X16=663 X17=679 X18=762 X19=7 X20=130 X21=156 X22=157 X23=172 X24=363 X25=472 X26=523 X27=578 X28=667 X29=756 X30=17 X31=25 X32=154 X33=233 X34=297 X35=307 X36=422 X37=428 X38=474 X39=575 X40=700 X41=22 X42=32 X43=55 X44=67 X45=187 X46=260 X47=692 X48=529 X49=557 X50=652 X51=655 X52=64 X53=167 X54=222 X55=355 X56=717 X57=72 X58=442 X59=454 X60=511 X61=585 X62=47 X63=79 X64=497 X65=609 X66=173 X67=175 X68=224 X69=301 X70=46 X71=70 X72=256 X73=431 X74=137 X75=517 X76=562 X77=740 X78=24 X79=365 X80=673 X81=715 X82=100 X83=193 X84=338 X85=612 X86=698 X87=36 X88=138 X89=149 X90=163 X91=662 X92=3 X93=52 X94=131 X95=12 X96=191 X97=285 X98=589 X99=738 X100=5 X101=34 X102=135 X103=361 X104=583 X105=4 X106=73 X107=96 X108=113 X109=119 X110=195 X111=211 X112=234 X113=238 X114=283 X115=331 X116=394 X117=513 X118=551 X119=593 X120=613 X121=767 X122=29 X123=88 X124=327 X125=395 X126=577 X127=48 X128=125 X129=580 X130=38 X131=145 X132=330 X133=528 X134=600 X135=785 X136=229 X137=354 X138=490 X139=789 X140=26 X141=399 X142=408 X143=430 X144=95 X145=541 X146=718 X147=728 X148=773 X149=91 X150=489 X151=625 X152=8 X153=155 X154=353 X155=84 X156=214 X157=351 X158=370 X159=434 
d NODES 167

   totalWckTime=14.645  totalCpuTime=14.533
