
   AbsCon 1.41 (January, 2014) - defaultConfiguration

   
   instance
        framework=CSP  name=Isomorphism-/cluster/gpg/ciaran/sip-benchmarks/benchmarks/si2_rand_r005_200/si2_r005_m200.03/pattern-/cluster/gpg/ciaran/sip-benchmarks/benchmarks/si2_rand_r005_200/si2_r005_m200.03/target
        parameters=/cluster/gpg/ciaran/sip-benchmarks/benchmarks/si2_rand_r005_200/si2_r005_m200.03/pattern,/cluster/gpg/ciaran/sip-benchmarks/benchmarks/si2_rand_r005_200/si2_r005_m200.03/target
      

   loading variables...
        nbVariables=40  nbDomainTypes=1  nbTotalValues=8000  domainSizes=(200:40)
          =>  wckTime=0.196  cpuTime=0.308  mem=9M872

   loading objectives...

   loading constraints...
        nbConstraints=81  nbSpecificConstraints=1  nbExtensionStructures=(1,shared:79)  nbConflictsStructures=(1,shared:79,unbuilt:1)
        degrees=(3:11)(4:5)(5:11)...(7:4)(8:2)(9:2)  arities=(2:80)(40:1)  types=(AllDifferent:1)(ConstraintHardExtensionV-Bits:80)
          =>  wckTime=0.266  cpuTime=0.376  mem=9M191

   INFO : <!-- Start saving the XML representation -->

   INFO : <!-- Stop saving the XML representation of target.xml -->

   Solver SolverBacktrack being built... 
          =>  wckTime=0.446  cpuTime=0.533  mem=24M622

    instantiation X0=36 X1=1 X2=94 X3=7 X4=97 X5=23 X6=43 X7=37 X8=5 X9=144 X10=74 X11=4 X12=93 X13=49 X14=149 X15=196 X16=20 X17=148 X18=165 X19=168 X20=81 X21=89 X22=189 X23=106 X24=73 X25=68 X26=152 X27=108 X28=150 X29=175 X30=98 X31=178 X32=171 X33=0 X34=164 X35=136 X36=44 X37=56 X38=27 X39=193 

    solution X0=36 X1=1 X2=94 X3=7 X4=97 X5=23 X6=43 X7=37 X8=5 X9=144 X10=74 X11=4 X12=93 X13=49 X14=149 X15=196 X16=20 X17=148 X18=165 X19=168 X20=81 X21=89 X22=189 X23=106 X24=73 X25=68 X26=152 X27=108 X28=150 X29=175 X30=98 X31=178 X32=171 X33=0 X34=164 X35=136 X36=44 X37=56 X38=27 X39=193 

   
   search
        run=0  nbConstraintChecks=81  depth=(min:0,max:39,avg:4)  nbEffectivePropagations=56838  nbRevisions=151525  nbUselessRevisions=118716
        nbAssignments=1822  nbFailedAssignments=1369  nbBacktracks=413  nbVisitedNodes=3364  nbRestartNogoods=0  nbFoundSolutions=1
        upperBound=9223372036854775807
          =>  wckTime=21.505  cpuTime=21.848  mem=43M895

   
   global
        nbConstraintChecks=81  nbEffectivePropagations=56838  nbRevisions=151525  nbUselessRevisions=118716  nbRestartNogoods=0
        solvingWckTime=21.506  expiredTime=no  totalExploration=no  nbFoundSolutions=1  firstSolutionCpuTime=21.846  Stop=REACHED_GOAL
          =>  wckTime=21.952  cpuTime=21.849  mem=43M895

s SATISFIABLE
v X0=36 X1=1 X2=94 X3=7 X4=97 X5=23 X6=43 X7=37 X8=5 X9=144 X10=74 X11=4 X12=93 X13=49 X14=149 X15=196 X16=20 X17=148 X18=165 X19=168 X20=81 X21=89 X22=189 X23=106 X24=73 X25=68 X26=152 X27=108 X28=150 X29=175 X30=98 X31=178 X32=171 X33=0 X34=164 X35=136 X36=44 X37=56 X38=27 X39=193 
d NODES 1822

   totalWckTime=21.84  totalCpuTime=21.849
