
   AbsCon 1.41 (January, 2014) - defaultConfiguration

   
   instance
        framework=CSP  name=Isomorphism-/cluster/gpg/ciaran/sip-benchmarks/benchmarks/si2_m4D_m4Dr4_1296/si2_m4Dr4_m1296.08/pattern-/cluster/gpg/ciaran/sip-benchmarks/benchmarks/si2_m4D_m4Dr4_1296/si2_m4Dr4_m1296.08/target
        parameters=/cluster/gpg/ciaran/sip-benchmarks/benchmarks/si2_m4D_m4Dr4_1296/si2_m4Dr4_m1296.08/pattern,/cluster/gpg/ciaran/sip-benchmarks/benchmarks/si2_m4D_m4Dr4_1296/si2_m4Dr4_m1296.08/target
      

   loading variables...
        nbVariables=259  nbDomainTypes=1  nbTotalValues=335664  domainSizes=(1296:259)
          =>  wckTime=0.247  cpuTime=0.337  mem=24M627

   loading objectives...

   loading constraints...
        nbConstraints=459  nbSpecificConstraints=1  nbExtensionStructures=(1,shared:457)  nbConflictsStructures=(1,shared:457,unbuilt:1)
        degrees=(2:54)(3:57)(4:43)...(9:15)(10:3)(11:3)  arities=(2:458)(259:1)  types=(AllDifferent:1)(ConstraintHardExtensionV-Bits:458)
          =>  wckTime=0.56  cpuTime=0.617  mem=55M797

   INFO : <!-- Start saving the XML representation -->

   INFO : <!-- Stop saving the XML representation of target.xml -->

   Solver SolverBacktrack being built... 
          =>  wckTime=1.135  cpuTime=1.155  mem=135M65

    instantiation X0=0 X1=13 X2=512 X3=521 X4=564 X5=692 X6=822 X7=34 X8=162 X9=323 X10=387 X11=1123 X12=1243 X13=669 X14=861 X15=926 X16=66 X17=550 X18=608 X19=141 X20=759 X21=481 X22=682 X23=324 X24=504 X25=908 X26=922 X27=1056 X28=1134 X29=548 X30=1213 X31=51 X32=258 X33=471 X34=807 X35=1039 X36=946 X37=1089 X38=679 X39=683 X40=684 X41=709 X42=852 X43=1126 X44=1265 X45=80 X46=186 X47=466 X48=602 X49=688 X50=856 X51=896 X52=105 X53=108 X54=195 X55=516 X56=1192 X57=176 X58=184 X59=984 X60=225 X61=590 X62=620 X63=178 X64=215 X65=454 X66=483 X67=1015 X68=1028 X69=1158 X70=1223 X71=636 X72=270 X73=545 X74=218 X75=525 X76=196 X77=272 X78=577 X79=630 X80=654 X81=376 X82=883 X83=1284 X84=150 X85=726 X86=825 X87=1292 X88=30 X89=234 X90=467 X91=561 X92=710 X93=1227 X94=345 X95=1247 X96=1269 X97=433 X98=474 X99=1264 X100=555 X101=839 X102=855 X103=341 X104=482 X105=733 X106=760 X107=820 X108=1106 X109=56 X110=1225 X111=614 X112=941 X113=354 X114=510 X115=697 X116=766 X117=1121 X118=42 X119=468 X120=1151 X121=207 X122=877 X123=151 X124=152 X125=227 X126=708 X127=757 X128=851 X129=918 X130=1137 X131=1234 X132=686 X133=810 X134=866 X135=1129 X136=437 X137=539 X138=706 X139=838 X140=46 X141=461 X142=718 X143=811 X144=37 X145=731 X146=736 X147=778 X148=203 X149=1130 X150=295 X151=1256 X152=32 X153=367 X154=812 X155=835 X156=1118 X157=1149 X158=1176 X159=72 X160=285 X161=964 X162=1094 X163=1110 X164=1160 X165=1245 X166=19 X167=279 X168=333 X169=432 X170=1108 X171=169 X172=236 X173=418 X174=1070 X175=1120 X176=190 X177=547 X178=640 X179=755 X180=239 X181=785 X182=1229 X183=870 X184=132 X185=140 X186=212 X187=390 X188=565 X189=774 X190=871 X191=993 X192=48 X193=661 X194=312 X195=1220 X196=45 X197=209 X198=395 X199=425 X200=445 X201=603 X202=1114 X203=284 X204=1080 X205=346 X206=494 X207=624 X208=919 X209=1082 X210=1167 X211=1038 X212=353 X213=441 X214=830 X215=435 X216=952 X217=10 X218=833 X219=892 X220=695 X221=867 X222=981 X223=1159 X224=237 X225=314 X226=348 X227=1053 X228=1172 X229=1260 X230=47 X231=410 X232=937 X233=1043 X234=7 X235=94 X236=459 X237=712 X238=978 X239=1197 X240=340 X241=373 X242=890 X243=1104 X244=9 X245=89 X246=746 X247=725 X248=112 X249=497 X250=560 X251=734 X252=1062 X253=1219 X254=670 X255=1237 X256=698 X257=720 X258=804 

    solution X0=0 X1=13 X2=512 X3=521 X4=564 X5=692 X6=822 X7=34 X8=162 X9=323 X10=387 X11=1123 X12=1243 X13=669 X14=861 X15=926 X16=66 X17=550 X18=608 X19=141 X20=759 X21=481 X22=682 X23=324 X24=504 X25=908 X26=922 X27=1056 X28=1134 X29=548 X30=1213 X31=51 X32=258 X33=471 X34=807 X35=1039 X36=946 X37=1089 X38=679 X39=683 X40=684 X41=709 X42=852 X43=1126 X44=1265 X45=80 X46=186 X47=466 X48=602 X49=688 X50=856 X51=896 X52=105 X53=108 X54=195 X55=516 X56=1192 X57=176 X58=184 X59=984 X60=225 X61=590 X62=620 X63=178 X64=215 X65=454 X66=483 X67=1015 X68=1028 X69=1158 X70=1223 X71=636 X72=270 X73=545 X74=218 X75=525 X76=196 X77=272 X78=577 X79=630 X80=654 X81=376 X82=883 X83=1284 X84=150 X85=726 X86=825 X87=1292 X88=30 X89=234 X90=467 X91=561 X92=710 X93=1227 X94=345 X95=1247 X96=1269 X97=433 X98=474 X99=1264 X100=555 X101=839 X102=855 X103=341 X104=482 X105=733 X106=760 X107=820 X108=1106 X109=56 X110=1225 X111=614 X112=941 X113=354 X114=510 X115=697 X116=766 X117=1121 X118=42 X119=468 X120=1151 X121=207 X122=877 X123=151 X124=152 X125=227 X126=708 X127=757 X128=851 X129=918 X130=1137 X131=1234 X132=686 X133=810 X134=866 X135=1129 X136=437 X137=539 X138=706 X139=838 X140=46 X141=461 X142=718 X143=811 X144=37 X145=731 X146=736 X147=778 X148=203 X149=1130 X150=295 X151=1256 X152=32 X153=367 X154=812 X155=835 X156=1118 X157=1149 X158=1176 X159=72 X160=285 X161=964 X162=1094 X163=1110 X164=1160 X165=1245 X166=19 X167=279 X168=333 X169=432 X170=1108 X171=169 X172=236 X173=418 X174=1070 X175=1120 X176=190 X177=547 X178=640 X179=755 X180=239 X181=785 X182=1229 X183=870 X184=132 X185=140 X186=212 X187=390 X188=565 X189=774 X190=871 X191=993 X192=48 X193=661 X194=312 X195=1220 X196=45 X197=209 X198=395 X199=425 X200=445 X201=603 X202=1114 X203=284 X204=1080 X205=346 X206=494 X207=624 X208=919 X209=1082 X210=1167 X211=1038 X212=353 X213=441 X214=830 X215=435 X216=952 X217=10 X218=833 X219=892 X220=695 X221=867 X222=981 X223=1159 X224=237 X225=314 X226=348 X227=1053 X228=1172 X229=1260 X230=47 X231=410 X232=937 X233=1043 X234=7 X235=94 X236=459 X237=712 X238=978 X239=1197 X240=340 X241=373 X242=890 X243=1104 X244=9 X245=89 X246=746 X247=725 X248=112 X249=497 X250=560 X251=734 X252=1062 X253=1219 X254=670 X255=1237 X256=698 X257=720 X258=804 

   
   search
        run=0  nbConstraintChecks=459  depth=(min:0,max:258,avg:1)  nbEffectivePropagations=850  nbRevisions=13490  nbUselessRevisions=12805
        nbAssignments=1066  nbFailedAssignments=807  nbBacktracks=0  nbVisitedNodes=1874  nbRestartNogoods=0  nbFoundSolutions=1
        upperBound=9223372036854775807
          =>  wckTime=220.278  cpuTime=218.936  mem=1390M469

   
   global
        nbConstraintChecks=459  nbEffectivePropagations=850  nbRevisions=13490  nbUselessRevisions=12805  nbRestartNogoods=0
        solvingWckTime=220.278  expiredTime=no  totalExploration=no  nbFoundSolutions=1  firstSolutionCpuTime=218.928  Stop=REACHED_GOAL
          =>  wckTime=221.414  cpuTime=218.936  mem=1390M469

s SATISFIABLE
v X0=0 X1=13 X2=512 X3=521 X4=564 X5=692 X6=822 X7=34 X8=162 X9=323 X10=387 X11=1123 X12=1243 X13=669 X14=861 X15=926 X16=66 X17=550 X18=608 X19=141 X20=759 X21=481 X22=682 X23=324 X24=504 X25=908 X26=922 X27=1056 X28=1134 X29=548 X30=1213 X31=51 X32=258 X33=471 X34=807 X35=1039 X36=946 X37=1089 X38=679 X39=683 X40=684 X41=709 X42=852 X43=1126 X44=1265 X45=80 X46=186 X47=466 X48=602 X49=688 X50=856 X51=896 X52=105 X53=108 X54=195 X55=516 X56=1192 X57=176 X58=184 X59=984 X60=225 X61=590 X62=620 X63=178 X64=215 X65=454 X66=483 X67=1015 X68=1028 X69=1158 X70=1223 X71=636 X72=270 X73=545 X74=218 X75=525 X76=196 X77=272 X78=577 X79=630 X80=654 X81=376 X82=883 X83=1284 X84=150 X85=726 X86=825 X87=1292 X88=30 X89=234 X90=467 X91=561 X92=710 X93=1227 X94=345 X95=1247 X96=1269 X97=433 X98=474 X99=1264 X100=555 X101=839 X102=855 X103=341 X104=482 X105=733 X106=760 X107=820 X108=1106 X109=56 X110=1225 X111=614 X112=941 X113=354 X114=510 X115=697 X116=766 X117=1121 X118=42 X119=468 X120=1151 X121=207 X122=877 X123=151 X124=152 X125=227 X126=708 X127=757 X128=851 X129=918 X130=1137 X131=1234 X132=686 X133=810 X134=866 X135=1129 X136=437 X137=539 X138=706 X139=838 X140=46 X141=461 X142=718 X143=811 X144=37 X145=731 X146=736 X147=778 X148=203 X149=1130 X150=295 X151=1256 X152=32 X153=367 X154=812 X155=835 X156=1118 X157=1149 X158=1176 X159=72 X160=285 X161=964 X162=1094 X163=1110 X164=1160 X165=1245 X166=19 X167=279 X168=333 X169=432 X170=1108 X171=169 X172=236 X173=418 X174=1070 X175=1120 X176=190 X177=547 X178=640 X179=755 X180=239 X181=785 X182=1229 X183=870 X184=132 X185=140 X186=212 X187=390 X188=565 X189=774 X190=871 X191=993 X192=48 X193=661 X194=312 X195=1220 X196=45 X197=209 X198=395 X199=425 X200=445 X201=603 X202=1114 X203=284 X204=1080 X205=346 X206=494 X207=624 X208=919 X209=1082 X210=1167 X211=1038 X212=353 X213=441 X214=830 X215=435 X216=952 X217=10 X218=833 X219=892 X220=695 X221=867 X222=981 X223=1159 X224=237 X225=314 X226=348 X227=1053 X228=1172 X229=1260 X230=47 X231=410 X232=937 X233=1043 X234=7 X235=94 X236=459 X237=712 X238=978 X239=1197 X240=340 X241=373 X242=890 X243=1104 X244=9 X245=89 X246=746 X247=725 X248=112 X249=497 X250=560 X251=734 X252=1062 X253=1219 X254=670 X255=1237 X256=698 X257=720 X258=804 
d NODES 1066

   totalWckTime=221.307  totalCpuTime=218.937
