
   AbsCon 1.41 (January, 2014) - defaultConfiguration

   
   instance
        framework=CSP  name=Isomorphism-/cluster/gpg/ciaran/sip-benchmarks/benchmarks/si2_m4D_m4Dr6_625/si2_m4Dr6_m625.02/pattern-/cluster/gpg/ciaran/sip-benchmarks/benchmarks/si2_m4D_m4Dr6_625/si2_m4Dr6_m625.02/target
        parameters=/cluster/gpg/ciaran/sip-benchmarks/benchmarks/si2_m4D_m4Dr6_625/si2_m4Dr6_m625.02/pattern,/cluster/gpg/ciaran/sip-benchmarks/benchmarks/si2_m4D_m4Dr6_625/si2_m4Dr6_m625.02/target
      

   loading variables...
        nbVariables=125  nbDomainTypes=1  nbTotalValues=78125  domainSizes=(625:125)
          =>  wckTime=0.198  cpuTime=0.301  mem=8M650

   loading objectives...

   loading constraints...
        nbConstraints=211  nbSpecificConstraints=1  nbExtensionStructures=(1,shared:209)  nbConflictsStructures=(1,shared:209,unbuilt:1)
        degrees=(2:32)(3:28)(4:20)...(9:7)(10:1)(12:1)  arities=(2:210)(125:1)  types=(AllDifferent:1)(ConstraintHardExtensionV-Bits:210)
          =>  wckTime=0.344  cpuTime=0.428  mem=15M176

   INFO : <!-- Start saving the XML representation -->

   INFO : <!-- Stop saving the XML representation of target.xml -->

   Solver SolverBacktrack being built... 
          =>  wckTime=0.652  cpuTime=0.698  mem=31M406

    instantiation X0=0 X1=84 X2=187 X3=296 X4=348 X5=474 X6=522 X7=165 X8=316 X9=353 X10=192 X11=257 X12=430 X13=568 X14=137 X15=378 X16=575 X17=36 X18=49 X19=260 X20=301 X21=548 X22=618 X23=293 X24=476 X25=17 X26=57 X27=367 X28=429 X29=529 X30=615 X31=440 X32=599 X33=525 X34=95 X35=176 X36=290 X37=528 X38=216 X39=241 X40=253 X41=606 X42=357 X43=587 X44=25 X45=227 X46=162 X47=406 X48=441 X49=596 X50=89 X51=98 X52=168 X53=514 X54=122 X55=195 X56=300 X57=16 X58=66 X59=226 X60=247 X61=408 X62=183 X63=218 X64=269 X65=383 X66=398 X67=485 X68=494 X69=622 X70=220 X71=317 X72=343 X73=416 X74=70 X75=380 X76=502 X77=602 X78=129 X79=448 X80=410 X81=508 X82=132 X83=155 X84=28 X85=86 X86=116 X87=149 X88=196 X89=453 X90=598 X91=600 X92=361 X93=558 X94=68 X95=282 X96=47 X97=138 X98=287 X99=549 X100=572 X101=616 X102=309 X103=396 X104=439 X105=576 X106=3 X107=302 X108=422 X109=477 X110=624 X111=238 X112=605 X113=359 X114=621 X115=30 X116=50 X117=93 X118=237 X119=510 X120=531 X121=614 X122=136 X123=488 X124=543 

    solution X0=0 X1=84 X2=187 X3=296 X4=348 X5=474 X6=522 X7=165 X8=316 X9=353 X10=192 X11=257 X12=430 X13=568 X14=137 X15=378 X16=575 X17=36 X18=49 X19=260 X20=301 X21=548 X22=618 X23=293 X24=476 X25=17 X26=57 X27=367 X28=429 X29=529 X30=615 X31=440 X32=599 X33=525 X34=95 X35=176 X36=290 X37=528 X38=216 X39=241 X40=253 X41=606 X42=357 X43=587 X44=25 X45=227 X46=162 X47=406 X48=441 X49=596 X50=89 X51=98 X52=168 X53=514 X54=122 X55=195 X56=300 X57=16 X58=66 X59=226 X60=247 X61=408 X62=183 X63=218 X64=269 X65=383 X66=398 X67=485 X68=494 X69=622 X70=220 X71=317 X72=343 X73=416 X74=70 X75=380 X76=502 X77=602 X78=129 X79=448 X80=410 X81=508 X82=132 X83=155 X84=28 X85=86 X86=116 X87=149 X88=196 X89=453 X90=598 X91=600 X92=361 X93=558 X94=68 X95=282 X96=47 X97=138 X98=287 X99=549 X100=572 X101=616 X102=309 X103=396 X104=439 X105=576 X106=3 X107=302 X108=422 X109=477 X110=624 X111=238 X112=605 X113=359 X114=621 X115=30 X116=50 X117=93 X118=237 X119=510 X120=531 X121=614 X122=136 X123=488 X124=543 

   
   search
        run=0  nbConstraintChecks=211  depth=(min:0,max:124,avg:1)  nbEffectivePropagations=998  nbRevisions=9544  nbUselessRevisions=8631
        nbAssignments=601  nbFailedAssignments=476  nbBacktracks=0  nbVisitedNodes=1078  nbRestartNogoods=0  nbFoundSolutions=1
        upperBound=9223372036854775807
          =>  wckTime=32.202  cpuTime=32.535  mem=322M47

   
   global
        nbConstraintChecks=211  nbEffectivePropagations=998  nbRevisions=9544  nbUselessRevisions=8631  nbRestartNogoods=0  solvingWckTime=32.203
        expiredTime=no  totalExploration=no  nbFoundSolutions=1  firstSolutionCpuTime=32.532  Stop=REACHED_GOAL
          =>  wckTime=32.856  cpuTime=32.536  mem=322M47

s SATISFIABLE
v X0=0 X1=84 X2=187 X3=296 X4=348 X5=474 X6=522 X7=165 X8=316 X9=353 X10=192 X11=257 X12=430 X13=568 X14=137 X15=378 X16=575 X17=36 X18=49 X19=260 X20=301 X21=548 X22=618 X23=293 X24=476 X25=17 X26=57 X27=367 X28=429 X29=529 X30=615 X31=440 X32=599 X33=525 X34=95 X35=176 X36=290 X37=528 X38=216 X39=241 X40=253 X41=606 X42=357 X43=587 X44=25 X45=227 X46=162 X47=406 X48=441 X49=596 X50=89 X51=98 X52=168 X53=514 X54=122 X55=195 X56=300 X57=16 X58=66 X59=226 X60=247 X61=408 X62=183 X63=218 X64=269 X65=383 X66=398 X67=485 X68=494 X69=622 X70=220 X71=317 X72=343 X73=416 X74=70 X75=380 X76=502 X77=602 X78=129 X79=448 X80=410 X81=508 X82=132 X83=155 X84=28 X85=86 X86=116 X87=149 X88=196 X89=453 X90=598 X91=600 X92=361 X93=558 X94=68 X95=282 X96=47 X97=138 X98=287 X99=549 X100=572 X101=616 X102=309 X103=396 X104=439 X105=576 X106=3 X107=302 X108=422 X109=477 X110=624 X111=238 X112=605 X113=359 X114=621 X115=30 X116=50 X117=93 X118=237 X119=510 X120=531 X121=614 X122=136 X123=488 X124=543 
d NODES 601

   totalWckTime=32.754  totalCpuTime=32.536
