
   AbsCon 1.41 (January, 2014) - defaultConfiguration

   
   instance
        framework=CSP  name=Isomorphism-/cluster/gpg/ciaran/sip-benchmarks/benchmarks/si2_m4D_m4Dr2_1296/si2_m4Dr2_m1296.08/pattern-/cluster/gpg/ciaran/sip-benchmarks/benchmarks/si2_m4D_m4Dr2_1296/si2_m4Dr2_m1296.08/target
        parameters=/cluster/gpg/ciaran/sip-benchmarks/benchmarks/si2_m4D_m4Dr2_1296/si2_m4Dr2_m1296.08/pattern,/cluster/gpg/ciaran/sip-benchmarks/benchmarks/si2_m4D_m4Dr2_1296/si2_m4Dr2_m1296.08/target
      

   loading variables...
        nbVariables=259  nbDomainTypes=1  nbTotalValues=335664  domainSizes=(1296:259)
          =>  wckTime=0.232  cpuTime=0.326  mem=24M647

   loading objectives...

   loading constraints...
        nbConstraints=453  nbSpecificConstraints=1  nbExtensionStructures=(1,shared:451)  nbConflictsStructures=(1,shared:451,unbuilt:1)
        degrees=(2:53)(3:61)(4:27)...(9:6)(10:2)(11:1)  arities=(2:452)(259:1)  types=(AllDifferent:1)(ConstraintHardExtensionV-Bits:452)
          =>  wckTime=0.547  cpuTime=0.618  mem=55M872

   INFO : <!-- Start saving the XML representation -->

   INFO : <!-- Stop saving the XML representation of target.xml -->

   Solver SolverBacktrack being built... 
          =>  wckTime=1.175  cpuTime=1.209  mem=135M500

    instantiation X0=0 X1=52 X2=146 X3=152 X4=1274 X5=754 X6=961 X7=1091 X8=587 X9=859 X10=1000 X11=67 X12=756 X13=1035 X14=233 X15=298 X16=556 X17=776 X18=956 X19=112 X20=122 X21=1039 X22=35 X23=103 X24=637 X25=786 X26=880 X27=48 X28=847 X29=908 X30=1100 X31=1285 X32=968 X33=1272 X34=183 X35=676 X36=136 X37=217 X38=866 X39=888 X40=1239 X41=674 X42=491 X43=1102 X44=498 X45=627 X46=351 X47=484 X48=525 X49=551 X50=691 X51=794 X52=1144 X53=1149 X54=382 X55=606 X56=851 X57=1037 X58=575 X59=362 X60=495 X61=825 X62=163 X63=324 X64=510 X65=967 X66=81 X67=205 X68=1208 X69=158 X70=272 X71=302 X72=363 X73=483 X74=763 X75=826 X76=842 X77=828 X78=1022 X79=1259 X80=540 X81=21 X82=69 X83=414 X84=1036 X85=1282 X86=175 X87=329 X88=481 X89=517 X90=882 X91=1231 X92=710 X93=1016 X94=588 X95=657 X96=597 X97=1107 X98=499 X99=717 X100=334 X101=19 X102=20 X103=212 X104=573 X105=630 X106=715 X107=1081 X108=191 X109=276 X110=766 X111=867 X112=1288 X113=774 X114=1054 X115=380 X116=796 X117=1211 X118=446 X119=162 X120=202 X121=785 X122=530 X123=473 X124=752 X125=22 X126=82 X127=305 X128=424 X129=1183 X130=227 X131=611 X132=894 X133=1032 X134=1122 X135=168 X136=595 X137=953 X138=1057 X139=49 X140=304 X141=973 X142=1173 X143=1276 X144=266 X145=1005 X146=1214 X147=1237 X148=95 X149=359 X150=1181 X151=89 X152=303 X153=780 X154=892 X155=970 X156=993 X157=259 X158=1164 X159=749 X160=86 X161=387 X162=856 X163=889 X164=729 X165=109 X166=349 X167=485 X168=632 X169=404 X170=454 X171=732 X172=981 X173=656 X174=247 X175=885 X176=983 X177=1024 X178=505 X179=957 X180=976 X181=1180 X182=644 X183=1056 X184=680 X185=238 X186=364 X187=626 X188=1190 X189=331 X190=372 X191=448 X192=602 X193=605 X194=770 X195=783 X196=934 X197=1295 X198=254 X199=1140 X200=590 X201=879 X202=883 X203=929 X204=1086 X205=209 X206=736 X207=855 X208=920 X209=36 X210=471 X211=778 X212=1137 X213=159 X214=614 X215=1227 X216=278 X217=708 X218=1234 X219=27 X220=722 X221=353 X222=600 X223=896 X224=1046 X225=1105 X226=1169 X227=610 X228=230 X229=849 X230=1030 X231=1179 X232=1210 X233=579 X234=171 X235=1171 X236=176 X237=186 X238=267 X239=413 X240=915 X241=924 X242=257 X243=761 X244=281 X245=1189 X246=139 X247=177 X248=608 X249=148 X250=727 X251=863 X252=195 X253=634 X254=649 X255=747 X256=1073 X257=1153 X258=697 

    solution X0=0 X1=52 X2=146 X3=152 X4=1274 X5=754 X6=961 X7=1091 X8=587 X9=859 X10=1000 X11=67 X12=756 X13=1035 X14=233 X15=298 X16=556 X17=776 X18=956 X19=112 X20=122 X21=1039 X22=35 X23=103 X24=637 X25=786 X26=880 X27=48 X28=847 X29=908 X30=1100 X31=1285 X32=968 X33=1272 X34=183 X35=676 X36=136 X37=217 X38=866 X39=888 X40=1239 X41=674 X42=491 X43=1102 X44=498 X45=627 X46=351 X47=484 X48=525 X49=551 X50=691 X51=794 X52=1144 X53=1149 X54=382 X55=606 X56=851 X57=1037 X58=575 X59=362 X60=495 X61=825 X62=163 X63=324 X64=510 X65=967 X66=81 X67=205 X68=1208 X69=158 X70=272 X71=302 X72=363 X73=483 X74=763 X75=826 X76=842 X77=828 X78=1022 X79=1259 X80=540 X81=21 X82=69 X83=414 X84=1036 X85=1282 X86=175 X87=329 X88=481 X89=517 X90=882 X91=1231 X92=710 X93=1016 X94=588 X95=657 X96=597 X97=1107 X98=499 X99=717 X100=334 X101=19 X102=20 X103=212 X104=573 X105=630 X106=715 X107=1081 X108=191 X109=276 X110=766 X111=867 X112=1288 X113=774 X114=1054 X115=380 X116=796 X117=1211 X118=446 X119=162 X120=202 X121=785 X122=530 X123=473 X124=752 X125=22 X126=82 X127=305 X128=424 X129=1183 X130=227 X131=611 X132=894 X133=1032 X134=1122 X135=168 X136=595 X137=953 X138=1057 X139=49 X140=304 X141=973 X142=1173 X143=1276 X144=266 X145=1005 X146=1214 X147=1237 X148=95 X149=359 X150=1181 X151=89 X152=303 X153=780 X154=892 X155=970 X156=993 X157=259 X158=1164 X159=749 X160=86 X161=387 X162=856 X163=889 X164=729 X165=109 X166=349 X167=485 X168=632 X169=404 X170=454 X171=732 X172=981 X173=656 X174=247 X175=885 X176=983 X177=1024 X178=505 X179=957 X180=976 X181=1180 X182=644 X183=1056 X184=680 X185=238 X186=364 X187=626 X188=1190 X189=331 X190=372 X191=448 X192=602 X193=605 X194=770 X195=783 X196=934 X197=1295 X198=254 X199=1140 X200=590 X201=879 X202=883 X203=929 X204=1086 X205=209 X206=736 X207=855 X208=920 X209=36 X210=471 X211=778 X212=1137 X213=159 X214=614 X215=1227 X216=278 X217=708 X218=1234 X219=27 X220=722 X221=353 X222=600 X223=896 X224=1046 X225=1105 X226=1169 X227=610 X228=230 X229=849 X230=1030 X231=1179 X232=1210 X233=579 X234=171 X235=1171 X236=176 X237=186 X238=267 X239=413 X240=915 X241=924 X242=257 X243=761 X244=281 X245=1189 X246=139 X247=177 X248=608 X249=148 X250=727 X251=863 X252=195 X253=634 X254=649 X255=747 X256=1073 X257=1153 X258=697 

   
   search
        run=0  nbConstraintChecks=453  depth=(min:0,max:258,avg:1)  nbEffectivePropagations=181  nbRevisions=3370  nbUselessRevisions=3360
        nbAssignments=464  nbFailedAssignments=205  nbBacktracks=0  nbVisitedNodes=670  nbRestartNogoods=0  nbFoundSolutions=1
        upperBound=9223372036854775807
          =>  wckTime=88.516  cpuTime=88.746  mem=456M586

   
   global
        nbConstraintChecks=453  nbEffectivePropagations=181  nbRevisions=3370  nbUselessRevisions=3360  nbRestartNogoods=0  solvingWckTime=88.517
        expiredTime=no  totalExploration=no  nbFoundSolutions=1  firstSolutionCpuTime=88.738  Stop=REACHED_GOAL
          =>  wckTime=89.692  cpuTime=88.746  mem=456M586

s SATISFIABLE
v X0=0 X1=52 X2=146 X3=152 X4=1274 X5=754 X6=961 X7=1091 X8=587 X9=859 X10=1000 X11=67 X12=756 X13=1035 X14=233 X15=298 X16=556 X17=776 X18=956 X19=112 X20=122 X21=1039 X22=35 X23=103 X24=637 X25=786 X26=880 X27=48 X28=847 X29=908 X30=1100 X31=1285 X32=968 X33=1272 X34=183 X35=676 X36=136 X37=217 X38=866 X39=888 X40=1239 X41=674 X42=491 X43=1102 X44=498 X45=627 X46=351 X47=484 X48=525 X49=551 X50=691 X51=794 X52=1144 X53=1149 X54=382 X55=606 X56=851 X57=1037 X58=575 X59=362 X60=495 X61=825 X62=163 X63=324 X64=510 X65=967 X66=81 X67=205 X68=1208 X69=158 X70=272 X71=302 X72=363 X73=483 X74=763 X75=826 X76=842 X77=828 X78=1022 X79=1259 X80=540 X81=21 X82=69 X83=414 X84=1036 X85=1282 X86=175 X87=329 X88=481 X89=517 X90=882 X91=1231 X92=710 X93=1016 X94=588 X95=657 X96=597 X97=1107 X98=499 X99=717 X100=334 X101=19 X102=20 X103=212 X104=573 X105=630 X106=715 X107=1081 X108=191 X109=276 X110=766 X111=867 X112=1288 X113=774 X114=1054 X115=380 X116=796 X117=1211 X118=446 X119=162 X120=202 X121=785 X122=530 X123=473 X124=752 X125=22 X126=82 X127=305 X128=424 X129=1183 X130=227 X131=611 X132=894 X133=1032 X134=1122 X135=168 X136=595 X137=953 X138=1057 X139=49 X140=304 X141=973 X142=1173 X143=1276 X144=266 X145=1005 X146=1214 X147=1237 X148=95 X149=359 X150=1181 X151=89 X152=303 X153=780 X154=892 X155=970 X156=993 X157=259 X158=1164 X159=749 X160=86 X161=387 X162=856 X163=889 X164=729 X165=109 X166=349 X167=485 X168=632 X169=404 X170=454 X171=732 X172=981 X173=656 X174=247 X175=885 X176=983 X177=1024 X178=505 X179=957 X180=976 X181=1180 X182=644 X183=1056 X184=680 X185=238 X186=364 X187=626 X188=1190 X189=331 X190=372 X191=448 X192=602 X193=605 X194=770 X195=783 X196=934 X197=1295 X198=254 X199=1140 X200=590 X201=879 X202=883 X203=929 X204=1086 X205=209 X206=736 X207=855 X208=920 X209=36 X210=471 X211=778 X212=1137 X213=159 X214=614 X215=1227 X216=278 X217=708 X218=1234 X219=27 X220=722 X221=353 X222=600 X223=896 X224=1046 X225=1105 X226=1169 X227=610 X228=230 X229=849 X230=1030 X231=1179 X232=1210 X233=579 X234=171 X235=1171 X236=176 X237=186 X238=267 X239=413 X240=915 X241=924 X242=257 X243=761 X244=281 X245=1189 X246=139 X247=177 X248=608 X249=148 X250=727 X251=863 X252=195 X253=634 X254=649 X255=747 X256=1073 X257=1153 X258=697 
d NODES 464

   totalWckTime=89.603  totalCpuTime=88.747
