
   AbsCon 1.41 (January, 2014) - defaultConfiguration

   
   instance
        framework=CSP  name=Isomorphism-/cluster/gpg/ciaran/sip-benchmarks/benchmarks/si2_bvg_b03m_800/si2_b03m_m800.03/pattern-/cluster/gpg/ciaran/sip-benchmarks/benchmarks/si2_bvg_b03m_800/si2_b03m_m800.03/target
        parameters=/cluster/gpg/ciaran/sip-benchmarks/benchmarks/si2_bvg_b03m_800/si2_b03m_m800.03/pattern,/cluster/gpg/ciaran/sip-benchmarks/benchmarks/si2_bvg_b03m_800/si2_b03m_m800.03/target
      

   loading variables...
        nbVariables=160  nbDomainTypes=1  nbTotalValues=128000  domainSizes=(800:160)
          =>  wckTime=0.211  cpuTime=0.31  mem=11M690

   loading objectives...

   loading constraints...
        nbConstraints=183  nbSpecificConstraints=1  nbExtensionStructures=(1,shared:181)  nbConflictsStructures=(1,shared:181,unbuilt:1)
        degrees=(2:81)(3:35)(4:33)...(14:1)(19:1)(21:1)  arities=(2:182)(160:1)  types=(AllDifferent:1)(ConstraintHardExtensionV-Bits:182)
          =>  wckTime=0.326  cpuTime=0.417  mem=18M414

   INFO : <!-- Start saving the XML representation -->

   INFO : <!-- Stop saving the XML representation of target.xml -->

   Solver SolverBacktrack being built... 
          =>  wckTime=0.718  cpuTime=0.763  mem=56M354

    instantiation X0=0 X1=16 X2=38 X3=40 X4=125 X5=150 X6=331 X7=352 X8=799 X9=393 X10=458 X11=502 X12=543 X13=590 X14=597 X15=633 X16=690 X17=741 X18=431 X19=33 X20=144 X21=215 X22=224 X23=404 X24=462 X25=524 X26=673 X27=211 X28=354 X29=653 X30=93 X31=486 X32=4 X33=323 X34=317 X35=647 X36=309 X37=9 X38=475 X39=528 X40=389 X41=394 X42=72 X43=19 X44=643 X45=498 X46=544 X47=602 X48=3 X49=6 X50=87 X51=94 X52=7 X53=751 X54=550 X55=61 X56=277 X57=432 X58=341 X59=537 X60=604 X61=661 X62=146 X63=365 X64=198 X65=460 X66=685 X67=22 X68=15 X69=788 X70=105 X71=45 X72=216 X73=210 X74=706 X75=48 X76=137 X77=156 X78=220 X79=287 X80=316 X81=366 X82=369 X83=372 X84=383 X85=385 X86=441 X87=477 X88=514 X89=533 X90=586 X91=714 X92=784 X93=794 X94=554 X95=600 X96=11 X97=631 X98=753 X99=104 X100=91 X101=113 X102=228 X103=587 X104=638 X105=692 X106=772 X107=780 X108=1 X109=102 X110=348 X111=12 X112=43 X113=207 X114=253 X115=273 X116=396 X117=60 X118=71 X119=121 X120=167 X121=188 X122=313 X123=446 X124=538 X125=578 X126=648 X127=779 X128=580 X129=652 X130=719 X131=629 X132=447 X133=30 X134=128 X135=175 X136=209 X137=214 X138=229 X139=258 X140=261 X141=654 X142=689 X143=36 X144=90 X145=116 X146=233 X147=281 X148=375 X149=476 X150=531 X151=635 X152=520 X153=760 X154=429 X155=109 X156=174 X157=349 X158=355 X159=386 

    solution X0=0 X1=16 X2=38 X3=40 X4=125 X5=150 X6=331 X7=352 X8=799 X9=393 X10=458 X11=502 X12=543 X13=590 X14=597 X15=633 X16=690 X17=741 X18=431 X19=33 X20=144 X21=215 X22=224 X23=404 X24=462 X25=524 X26=673 X27=211 X28=354 X29=653 X30=93 X31=486 X32=4 X33=323 X34=317 X35=647 X36=309 X37=9 X38=475 X39=528 X40=389 X41=394 X42=72 X43=19 X44=643 X45=498 X46=544 X47=602 X48=3 X49=6 X50=87 X51=94 X52=7 X53=751 X54=550 X55=61 X56=277 X57=432 X58=341 X59=537 X60=604 X61=661 X62=146 X63=365 X64=198 X65=460 X66=685 X67=22 X68=15 X69=788 X70=105 X71=45 X72=216 X73=210 X74=706 X75=48 X76=137 X77=156 X78=220 X79=287 X80=316 X81=366 X82=369 X83=372 X84=383 X85=385 X86=441 X87=477 X88=514 X89=533 X90=586 X91=714 X92=784 X93=794 X94=554 X95=600 X96=11 X97=631 X98=753 X99=104 X100=91 X101=113 X102=228 X103=587 X104=638 X105=692 X106=772 X107=780 X108=1 X109=102 X110=348 X111=12 X112=43 X113=207 X114=253 X115=273 X116=396 X117=60 X118=71 X119=121 X120=167 X121=188 X122=313 X123=446 X124=538 X125=578 X126=648 X127=779 X128=580 X129=652 X130=719 X131=629 X132=447 X133=30 X134=128 X135=175 X136=209 X137=214 X138=229 X139=258 X140=261 X141=654 X142=689 X143=36 X144=90 X145=116 X146=233 X147=281 X148=375 X149=476 X150=531 X151=635 X152=520 X153=760 X154=429 X155=109 X156=174 X157=349 X158=355 X159=386 

   
   search
        run=0  nbConstraintChecks=183  depth=(min:0,max:159,avg:1)  nbEffectivePropagations=397  nbRevisions=630  nbUselessRevisions=622
        nbAssignments=164  nbFailedAssignments=4  nbBacktracks=0  nbVisitedNodes=169  nbRestartNogoods=0  nbFoundSolutions=1
        upperBound=9223372036854775807
          =>  wckTime=10.553  cpuTime=11.072  mem=787M546

   
   global
        nbConstraintChecks=183  nbEffectivePropagations=397  nbRevisions=630  nbUselessRevisions=622  nbRestartNogoods=0  solvingWckTime=10.554
        expiredTime=no  totalExploration=no  nbFoundSolutions=1  firstSolutionCpuTime=11.066  Stop=REACHED_GOAL
          =>  wckTime=11.272  cpuTime=11.072  mem=787M546

s SATISFIABLE
v X0=0 X1=16 X2=38 X3=40 X4=125 X5=150 X6=331 X7=352 X8=799 X9=393 X10=458 X11=502 X12=543 X13=590 X14=597 X15=633 X16=690 X17=741 X18=431 X19=33 X20=144 X21=215 X22=224 X23=404 X24=462 X25=524 X26=673 X27=211 X28=354 X29=653 X30=93 X31=486 X32=4 X33=323 X34=317 X35=647 X36=309 X37=9 X38=475 X39=528 X40=389 X41=394 X42=72 X43=19 X44=643 X45=498 X46=544 X47=602 X48=3 X49=6 X50=87 X51=94 X52=7 X53=751 X54=550 X55=61 X56=277 X57=432 X58=341 X59=537 X60=604 X61=661 X62=146 X63=365 X64=198 X65=460 X66=685 X67=22 X68=15 X69=788 X70=105 X71=45 X72=216 X73=210 X74=706 X75=48 X76=137 X77=156 X78=220 X79=287 X80=316 X81=366 X82=369 X83=372 X84=383 X85=385 X86=441 X87=477 X88=514 X89=533 X90=586 X91=714 X92=784 X93=794 X94=554 X95=600 X96=11 X97=631 X98=753 X99=104 X100=91 X101=113 X102=228 X103=587 X104=638 X105=692 X106=772 X107=780 X108=1 X109=102 X110=348 X111=12 X112=43 X113=207 X114=253 X115=273 X116=396 X117=60 X118=71 X119=121 X120=167 X121=188 X122=313 X123=446 X124=538 X125=578 X126=648 X127=779 X128=580 X129=652 X130=719 X131=629 X132=447 X133=30 X134=128 X135=175 X136=209 X137=214 X138=229 X139=258 X140=261 X141=654 X142=689 X143=36 X144=90 X145=116 X146=233 X147=281 X148=375 X149=476 X150=531 X151=635 X152=520 X153=760 X154=429 X155=109 X156=174 X157=349 X158=355 X159=386 
d NODES 164

   totalWckTime=11.171  totalCpuTime=11.073
