
   AbsCon 1.41 (January, 2014) - defaultConfiguration

   
   instance
        framework=CSP  name=Isomorphism-/cluster/gpg/ciaran/sip-benchmarks/benchmarks/si2_bvg_b09m_800/si2_b09m_m800.01/pattern-/cluster/gpg/ciaran/sip-benchmarks/benchmarks/si2_bvg_b09m_800/si2_b09m_m800.01/target
        parameters=/cluster/gpg/ciaran/sip-benchmarks/benchmarks/si2_bvg_b09m_800/si2_b09m_m800.01/pattern,/cluster/gpg/ciaran/sip-benchmarks/benchmarks/si2_bvg_b09m_800/si2_b09m_m800.01/target
      

   loading variables...
        nbVariables=160  nbDomainTypes=1  nbTotalValues=128000  domainSizes=(800:160)
          =>  wckTime=0.221  cpuTime=0.32  mem=11M974

   loading objectives...

   loading constraints...
        nbConstraints=413  nbSpecificConstraints=1  nbExtensionStructures=(1,shared:411)  nbConflictsStructures=(1,shared:411,unbuilt:1)
        degrees=(2:11)(3:11)(4:17)...(11:5)(15:1)(22:1)  arities=(2:412)(160:1)  types=(AllDifferent:1)(ConstraintHardExtensionV-Bits:412)
          =>  wckTime=0.449  cpuTime=0.531  mem=31M153

   INFO : <!-- Start saving the XML representation -->

   INFO : <!-- Stop saving the XML representation of target.xml -->

   Solver SolverBacktrack being built... 
          =>  wckTime=0.839  cpuTime=0.872  mem=59M197

    instantiation X0=0 X1=57 X2=76 X3=128 X4=205 X5=228 X6=249 X7=323 X8=341 X9=349 X10=373 X11=376 X12=428 X13=507 X14=550 X15=601 X16=613 X17=619 X18=634 X19=646 X20=752 X21=757 X22=132 X23=145 X24=146 X25=157 X26=182 X27=298 X28=393 X29=639 X30=706 X31=21 X32=38 X33=75 X34=125 X35=356 X36=395 X37=414 X38=667 X39=779 X40=34 X41=39 X42=177 X43=260 X44=379 X45=411 X46=608 X47=711 X48=793 X49=165 X50=253 X51=274 X52=312 X53=600 X54=200 X55=690 X56=318 X57=136 X58=256 X59=421 X60=494 X61=22 X62=63 X63=82 X64=94 X65=273 X66=448 X67=591 X68=675 X69=18 X70=381 X71=440 X72=502 X73=539 X74=659 X75=308 X76=13 X77=66 X78=221 X79=241 X80=242 X81=485 X82=545 X83=551 X84=740 X85=35 X86=114 X87=178 X88=243 X89=279 X90=306 X91=404 X92=721 X93=8 X94=52 X95=158 X96=366 X97=621 X98=768 X99=776 X100=190 X101=258 X102=383 X103=477 X104=536 X105=538 X106=544 X107=775 X108=12 X109=15 X110=68 X111=240 X112=423 X113=549 X114=695 X115=555 X116=579 X117=628 X118=722 X119=742 X120=771 X121=106 X122=569 X123=577 X124=696 X125=761 X126=765 X127=4 X128=6 X129=47 X130=81 X131=153 X132=338 X133=501 X134=23 X135=41 X136=458 X137=566 X138=593 X139=176 X140=334 X141=445 X142=654 X143=766 X144=49 X145=336 X146=470 X147=702 X148=759 X149=408 X150=521 X151=77 X152=467 X153=571 X154=574 X155=1 X156=212 X157=419 X158=270 X159=32 

    solution X0=0 X1=57 X2=76 X3=128 X4=205 X5=228 X6=249 X7=323 X8=341 X9=349 X10=373 X11=376 X12=428 X13=507 X14=550 X15=601 X16=613 X17=619 X18=634 X19=646 X20=752 X21=757 X22=132 X23=145 X24=146 X25=157 X26=182 X27=298 X28=393 X29=639 X30=706 X31=21 X32=38 X33=75 X34=125 X35=356 X36=395 X37=414 X38=667 X39=779 X40=34 X41=39 X42=177 X43=260 X44=379 X45=411 X46=608 X47=711 X48=793 X49=165 X50=253 X51=274 X52=312 X53=600 X54=200 X55=690 X56=318 X57=136 X58=256 X59=421 X60=494 X61=22 X62=63 X63=82 X64=94 X65=273 X66=448 X67=591 X68=675 X69=18 X70=381 X71=440 X72=502 X73=539 X74=659 X75=308 X76=13 X77=66 X78=221 X79=241 X80=242 X81=485 X82=545 X83=551 X84=740 X85=35 X86=114 X87=178 X88=243 X89=279 X90=306 X91=404 X92=721 X93=8 X94=52 X95=158 X96=366 X97=621 X98=768 X99=776 X100=190 X101=258 X102=383 X103=477 X104=536 X105=538 X106=544 X107=775 X108=12 X109=15 X110=68 X111=240 X112=423 X113=549 X114=695 X115=555 X116=579 X117=628 X118=722 X119=742 X120=771 X121=106 X122=569 X123=577 X124=696 X125=761 X126=765 X127=4 X128=6 X129=47 X130=81 X131=153 X132=338 X133=501 X134=23 X135=41 X136=458 X137=566 X138=593 X139=176 X140=334 X141=445 X142=654 X143=766 X144=49 X145=336 X146=470 X147=702 X148=759 X149=408 X150=521 X151=77 X152=467 X153=571 X154=574 X155=1 X156=212 X157=419 X158=270 X159=32 

   
   search
        run=0  nbConstraintChecks=413  depth=(min:161,max:159,avg:0)  nbEffectivePropagations=31  nbRevisions=1196  nbUselessRevisions=1196
        nbAssignments=160  nbFailedAssignments=0  nbBacktracks=0  nbVisitedNodes=161  nbRestartNogoods=0  nbFoundSolutions=1
        upperBound=9223372036854775807
          =>  wckTime=18.88  cpuTime=19.539  mem=180M429

   
   global
        nbConstraintChecks=413  nbEffectivePropagations=31  nbRevisions=1196  nbUselessRevisions=1196  nbRestartNogoods=0  solvingWckTime=18.881
        expiredTime=no  totalExploration=no  nbFoundSolutions=1  firstSolutionCpuTime=19.528  Stop=REACHED_GOAL
          =>  wckTime=19.72  cpuTime=19.54  mem=180M429

s SATISFIABLE
v X0=0 X1=57 X2=76 X3=128 X4=205 X5=228 X6=249 X7=323 X8=341 X9=349 X10=373 X11=376 X12=428 X13=507 X14=550 X15=601 X16=613 X17=619 X18=634 X19=646 X20=752 X21=757 X22=132 X23=145 X24=146 X25=157 X26=182 X27=298 X28=393 X29=639 X30=706 X31=21 X32=38 X33=75 X34=125 X35=356 X36=395 X37=414 X38=667 X39=779 X40=34 X41=39 X42=177 X43=260 X44=379 X45=411 X46=608 X47=711 X48=793 X49=165 X50=253 X51=274 X52=312 X53=600 X54=200 X55=690 X56=318 X57=136 X58=256 X59=421 X60=494 X61=22 X62=63 X63=82 X64=94 X65=273 X66=448 X67=591 X68=675 X69=18 X70=381 X71=440 X72=502 X73=539 X74=659 X75=308 X76=13 X77=66 X78=221 X79=241 X80=242 X81=485 X82=545 X83=551 X84=740 X85=35 X86=114 X87=178 X88=243 X89=279 X90=306 X91=404 X92=721 X93=8 X94=52 X95=158 X96=366 X97=621 X98=768 X99=776 X100=190 X101=258 X102=383 X103=477 X104=536 X105=538 X106=544 X107=775 X108=12 X109=15 X110=68 X111=240 X112=423 X113=549 X114=695 X115=555 X116=579 X117=628 X118=722 X119=742 X120=771 X121=106 X122=569 X123=577 X124=696 X125=761 X126=765 X127=4 X128=6 X129=47 X130=81 X131=153 X132=338 X133=501 X134=23 X135=41 X136=458 X137=566 X138=593 X139=176 X140=334 X141=445 X142=654 X143=766 X144=49 X145=336 X146=470 X147=702 X148=759 X149=408 X150=521 X151=77 X152=467 X153=571 X154=574 X155=1 X156=212 X157=419 X158=270 X159=32 
d NODES 160

   totalWckTime=19.609  totalCpuTime=19.54
