
   AbsCon 1.41 (January, 2014) - defaultConfiguration

   
   instance
        framework=CSP  name=Isomorphism-/cluster/gpg/ciaran/sip-benchmarks/benchmarks/si2_bvg_b06_400/si2_b06_m400.03/pattern-/cluster/gpg/ciaran/sip-benchmarks/benchmarks/si2_bvg_b06_400/si2_b06_m400.03/target
        parameters=/cluster/gpg/ciaran/sip-benchmarks/benchmarks/si2_bvg_b06_400/si2_b06_m400.03/pattern,/cluster/gpg/ciaran/sip-benchmarks/benchmarks/si2_bvg_b06_400/si2_b06_m400.03/target
      

   loading variables...
        nbVariables=80  nbDomainTypes=1  nbTotalValues=32000  domainSizes=(400:80)
          =>  wckTime=0.194  cpuTime=0.297  mem=5M604

   loading objectives...

   loading constraints...
        nbConstraints=235  nbSpecificConstraints=1  nbExtensionStructures=(1,shared:233)  nbConflictsStructures=(1,shared:233,unbuilt:1)
        degrees=(4:2)(5:2)(6:2)(7:74)  arities=(2:234)(80:1)  types=(AllDifferent:1)(ConstraintHardExtensionV-Bits:234)
          =>  wckTime=0.289  cpuTime=0.392  mem=16M445

   INFO : <!-- Start saving the XML representation -->

   INFO : <!-- Stop saving the XML representation of target.xml -->

   Solver SolverBacktrack being built... 
          =>  wckTime=0.527  cpuTime=0.592  mem=19M538

    instantiation X0=0 X1=56 X2=133 X3=281 X4=283 X5=369 X6=388 X7=222 X8=161 X9=110 X10=236 X11=273 X12=272 X13=353 X14=385 X15=12 X16=50 X17=335 X18=347 X19=364 X20=320 X21=38 X22=73 X23=187 X24=338 X25=63 X26=329 X27=298 X28=65 X29=295 X30=266 X31=165 X32=293 X33=367 X34=126 X35=117 X36=276 X37=184 X38=175 X39=152 X40=180 X41=25 X42=183 X43=289 X44=93 X45=302 X46=26 X47=377 X48=153 X49=162 X50=204 X51=132 X52=311 X53=1 X54=137 X55=191 X56=216 X57=197 X58=52 X59=173 X60=345 X61=30 X62=328 X63=396 X64=55 X65=271 X66=313 X67=248 X68=70 X69=147 X70=277 X71=300 X72=174 X73=79 X74=363 X75=195 X76=157 X77=123 X78=58 X79=21 

    solution X0=0 X1=56 X2=133 X3=281 X4=283 X5=369 X6=388 X7=222 X8=161 X9=110 X10=236 X11=273 X12=272 X13=353 X14=385 X15=12 X16=50 X17=335 X18=347 X19=364 X20=320 X21=38 X22=73 X23=187 X24=338 X25=63 X26=329 X27=298 X28=65 X29=295 X30=266 X31=165 X32=293 X33=367 X34=126 X35=117 X36=276 X37=184 X38=175 X39=152 X40=180 X41=25 X42=183 X43=289 X44=93 X45=302 X46=26 X47=377 X48=153 X49=162 X50=204 X51=132 X52=311 X53=1 X54=137 X55=191 X56=216 X57=197 X58=52 X59=173 X60=345 X61=30 X62=328 X63=396 X64=55 X65=271 X66=313 X67=248 X68=70 X69=147 X70=277 X71=300 X72=174 X73=79 X74=363 X75=195 X76=157 X77=123 X78=58 X79=21 

   
   search
        run=0  nbConstraintChecks=235  depth=(min:81,max:79,avg:0)  nbEffectivePropagations=2  nbRevisions=1134  nbUselessRevisions=1134
        nbAssignments=80  nbFailedAssignments=0  nbBacktracks=0  nbVisitedNodes=81  nbRestartNogoods=0  nbFoundSolutions=1  upperBound=9223372036854775807
          =>  wckTime=1.635  cpuTime=2.153  mem=111M118

   
   global
        nbConstraintChecks=235  nbEffectivePropagations=2  nbRevisions=1134  nbUselessRevisions=1134  nbRestartNogoods=0  solvingWckTime=1.636
        expiredTime=no  totalExploration=no  nbFoundSolutions=1  firstSolutionCpuTime=2.148  Stop=REACHED_GOAL
          =>  wckTime=2.164  cpuTime=2.154  mem=111M118

s SATISFIABLE
v X0=0 X1=56 X2=133 X3=281 X4=283 X5=369 X6=388 X7=222 X8=161 X9=110 X10=236 X11=273 X12=272 X13=353 X14=385 X15=12 X16=50 X17=335 X18=347 X19=364 X20=320 X21=38 X22=73 X23=187 X24=338 X25=63 X26=329 X27=298 X28=65 X29=295 X30=266 X31=165 X32=293 X33=367 X34=126 X35=117 X36=276 X37=184 X38=175 X39=152 X40=180 X41=25 X42=183 X43=289 X44=93 X45=302 X46=26 X47=377 X48=153 X49=162 X50=204 X51=132 X52=311 X53=1 X54=137 X55=191 X56=216 X57=197 X58=52 X59=173 X60=345 X61=30 X62=328 X63=396 X64=55 X65=271 X66=313 X67=248 X68=70 X69=147 X70=277 X71=300 X72=174 X73=79 X74=363 X75=195 X76=157 X77=123 X78=58 X79=21 
d NODES 80

   totalWckTime=2.059  totalCpuTime=2.154
