
   AbsCon 1.41 (January, 2014) - defaultConfiguration

   
   instance
        framework=CSP  name=Isomorphism-/cluster/gpg/ciaran/sip-benchmarks/benchmarks/si2_bvg_b06m_800/si2_b06m_m800.09/pattern-/cluster/gpg/ciaran/sip-benchmarks/benchmarks/si2_bvg_b06m_800/si2_b06m_m800.09/target
        parameters=/cluster/gpg/ciaran/sip-benchmarks/benchmarks/si2_bvg_b06m_800/si2_b06m_m800.09/pattern,/cluster/gpg/ciaran/sip-benchmarks/benchmarks/si2_bvg_b06m_800/si2_b06m_m800.09/target
      

   loading variables...
        nbVariables=160  nbDomainTypes=1  nbTotalValues=128000  domainSizes=(800:160)
          =>  wckTime=0.194  cpuTime=0.306  mem=11M649

   loading objectives...

   loading constraints...
        nbConstraints=305  nbSpecificConstraints=1  nbExtensionStructures=(1,shared:303)  nbConflictsStructures=(1,shared:303,unbuilt:1)
        degrees=(2:24)(3:29)(4:29)...(17:1)(20:1)(23:1)  arities=(2:304)(160:1)  types=(AllDifferent:1)(ConstraintHardExtensionV-Bits:304)
          =>  wckTime=0.377  cpuTime=0.48  mem=26M2

   INFO : <!-- Start saving the XML representation -->

   INFO : <!-- Stop saving the XML representation of target.xml -->

   Solver SolverBacktrack being built... 
          =>  wckTime=0.749  cpuTime=0.806  mem=60M567

    instantiation X0=0 X1=14 X2=21 X3=25 X4=26 X5=101 X6=102 X7=147 X8=234 X9=262 X10=400 X11=443 X12=450 X13=595 X14=616 X15=618 X16=662 X17=4 X18=48 X19=82 X20=115 X21=117 X22=178 X23=184 X24=355 X25=449 X26=481 X27=513 X28=516 X29=589 X30=658 X31=670 X32=738 X33=761 X34=765 X35=790 X36=207 X37=239 X38=290 X39=348 X40=420 X41=438 X42=600 X43=635 X44=667 X45=733 X46=795 X47=27 X48=186 X49=191 X50=206 X51=297 X52=328 X53=338 X54=484 X55=489 X56=501 X57=603 X58=688 X59=60 X60=103 X61=257 X62=356 X63=622 X64=631 X65=675 X66=570 X67=41 X68=44 X69=168 X70=170 X71=1 X72=30 X73=333 X74=610 X75=57 X76=69 X77=310 X78=588 X79=11 X80=341 X81=365 X82=660 X83=18 X84=56 X85=79 X86=788 X87=128 X88=154 X89=313 X90=571 X91=674 X92=163 X93=726 X94=63 X95=130 X96=156 X97=391 X98=705 X99=120 X100=137 X101=193 X102=293 X103=312 X104=421 X105=458 X106=508 X107=572 X108=609 X109=719 X110=734 X111=745 X112=757 X113=780 X114=7 X115=72 X116=208 X117=410 X118=502 X119=568 X120=799 X121=106 X122=111 X123=525 X124=586 X125=682 X126=731 X127=93 X128=188 X129=390 X130=482 X131=37 X132=46 X133=195 X134=468 X135=549 X136=775 X137=692 X138=205 X139=503 X140=555 X141=599 X142=78 X143=269 X144=386 X145=409 X146=753 X147=796 X148=39 X149=238 X150=431 X151=529 X152=12 X153=174 X154=9 X155=255 X156=687 X157=32 X158=218 X159=514 

    solution X0=0 X1=14 X2=21 X3=25 X4=26 X5=101 X6=102 X7=147 X8=234 X9=262 X10=400 X11=443 X12=450 X13=595 X14=616 X15=618 X16=662 X17=4 X18=48 X19=82 X20=115 X21=117 X22=178 X23=184 X24=355 X25=449 X26=481 X27=513 X28=516 X29=589 X30=658 X31=670 X32=738 X33=761 X34=765 X35=790 X36=207 X37=239 X38=290 X39=348 X40=420 X41=438 X42=600 X43=635 X44=667 X45=733 X46=795 X47=27 X48=186 X49=191 X50=206 X51=297 X52=328 X53=338 X54=484 X55=489 X56=501 X57=603 X58=688 X59=60 X60=103 X61=257 X62=356 X63=622 X64=631 X65=675 X66=570 X67=41 X68=44 X69=168 X70=170 X71=1 X72=30 X73=333 X74=610 X75=57 X76=69 X77=310 X78=588 X79=11 X80=341 X81=365 X82=660 X83=18 X84=56 X85=79 X86=788 X87=128 X88=154 X89=313 X90=571 X91=674 X92=163 X93=726 X94=63 X95=130 X96=156 X97=391 X98=705 X99=120 X100=137 X101=193 X102=293 X103=312 X104=421 X105=458 X106=508 X107=572 X108=609 X109=719 X110=734 X111=745 X112=757 X113=780 X114=7 X115=72 X116=208 X117=410 X118=502 X119=568 X120=799 X121=106 X122=111 X123=525 X124=586 X125=682 X126=731 X127=93 X128=188 X129=390 X130=482 X131=37 X132=46 X133=195 X134=468 X135=549 X136=775 X137=692 X138=205 X139=503 X140=555 X141=599 X142=78 X143=269 X144=386 X145=409 X146=753 X147=796 X148=39 X149=238 X150=431 X151=529 X152=12 X153=174 X154=9 X155=255 X156=687 X157=32 X158=218 X159=514 

   
   search
        run=0  nbConstraintChecks=305  depth=(min:0,max:159,avg:1)  nbEffectivePropagations=82  nbRevisions=1135  nbUselessRevisions=1135
        nbAssignments=174  nbFailedAssignments=14  nbBacktracks=0  nbVisitedNodes=189  nbRestartNogoods=0  nbFoundSolutions=1
        upperBound=9223372036854775807
          =>  wckTime=13.332  cpuTime=13.934  mem=527M447

   
   global
        nbConstraintChecks=305  nbEffectivePropagations=82  nbRevisions=1135  nbUselessRevisions=1135  nbRestartNogoods=0  solvingWckTime=13.332
        expiredTime=no  totalExploration=no  nbFoundSolutions=1  firstSolutionCpuTime=13.93  Stop=REACHED_GOAL
          =>  wckTime=14.083  cpuTime=13.934  mem=527M447

s SATISFIABLE
v X0=0 X1=14 X2=21 X3=25 X4=26 X5=101 X6=102 X7=147 X8=234 X9=262 X10=400 X11=443 X12=450 X13=595 X14=616 X15=618 X16=662 X17=4 X18=48 X19=82 X20=115 X21=117 X22=178 X23=184 X24=355 X25=449 X26=481 X27=513 X28=516 X29=589 X30=658 X31=670 X32=738 X33=761 X34=765 X35=790 X36=207 X37=239 X38=290 X39=348 X40=420 X41=438 X42=600 X43=635 X44=667 X45=733 X46=795 X47=27 X48=186 X49=191 X50=206 X51=297 X52=328 X53=338 X54=484 X55=489 X56=501 X57=603 X58=688 X59=60 X60=103 X61=257 X62=356 X63=622 X64=631 X65=675 X66=570 X67=41 X68=44 X69=168 X70=170 X71=1 X72=30 X73=333 X74=610 X75=57 X76=69 X77=310 X78=588 X79=11 X80=341 X81=365 X82=660 X83=18 X84=56 X85=79 X86=788 X87=128 X88=154 X89=313 X90=571 X91=674 X92=163 X93=726 X94=63 X95=130 X96=156 X97=391 X98=705 X99=120 X100=137 X101=193 X102=293 X103=312 X104=421 X105=458 X106=508 X107=572 X108=609 X109=719 X110=734 X111=745 X112=757 X113=780 X114=7 X115=72 X116=208 X117=410 X118=502 X119=568 X120=799 X121=106 X122=111 X123=525 X124=586 X125=682 X126=731 X127=93 X128=188 X129=390 X130=482 X131=37 X132=46 X133=195 X134=468 X135=549 X136=775 X137=692 X138=205 X139=503 X140=555 X141=599 X142=78 X143=269 X144=386 X145=409 X146=753 X147=796 X148=39 X149=238 X150=431 X151=529 X152=12 X153=174 X154=9 X155=255 X156=687 X157=32 X158=218 X159=514 
d NODES 174

   totalWckTime=13.99  totalCpuTime=13.935
