
   AbsCon 1.41 (January, 2014) - defaultConfiguration

   
   instance
        framework=CSP  name=Isomorphism-/cluster/gpg/ciaran/sip-benchmarks/benchmarks/si2_m4D_m4Dr2_1296/si2_m4Dr2_m1296.04/pattern-/cluster/gpg/ciaran/sip-benchmarks/benchmarks/si2_m4D_m4Dr2_1296/si2_m4Dr2_m1296.04/target
        parameters=/cluster/gpg/ciaran/sip-benchmarks/benchmarks/si2_m4D_m4Dr2_1296/si2_m4Dr2_m1296.04/pattern,/cluster/gpg/ciaran/sip-benchmarks/benchmarks/si2_m4D_m4Dr2_1296/si2_m4Dr2_m1296.04/target
      

   loading variables...
        nbVariables=259  nbDomainTypes=1  nbTotalValues=335664  domainSizes=(1296:259)
          =>  wckTime=0.312  cpuTime=0.39  mem=23M693

   loading objectives...

   loading constraints...
        nbConstraints=527  nbSpecificConstraints=1  nbExtensionStructures=(1,shared:525)  nbConflictsStructures=(1,shared:525,unbuilt:1)
        degrees=(2:51)(3:32)(4:43)...(9:22)(10:5)(11:2)  arities=(2:526)(259:1)  types=(AllDifferent:1)(ConstraintHardExtensionV-Bits:526)
          =>  wckTime=0.636  cpuTime=0.694  mem=36M328

   INFO : <!-- Start saving the XML representation -->

   INFO : <!-- Stop saving the XML representation of target.xml -->

   Solver SolverBacktrack being built... 
          =>  wckTime=1.295  cpuTime=1.312  mem=135M828

    instantiation X0=0 X1=23 X2=54 X3=78 X4=873 X5=930 X6=398 X7=455 X8=568 X9=577 X10=1099 X11=627 X12=910 X13=780 X14=818 X15=1049 X16=564 X17=812 X18=509 X19=822 X20=180 X21=704 X22=777 X23=940 X24=1160 X25=1200 X26=1216 X27=655 X28=1057 X29=1062 X30=1065 X31=1119 X32=1269 X33=604 X34=1034 X35=382 X36=851 X37=989 X38=995 X39=329 X40=1051 X41=82 X42=503 X43=172 X44=485 X45=566 X46=926 X47=255 X48=1097 X49=640 X50=1045 X51=52 X52=617 X53=883 X54=79 X55=139 X56=90 X57=338 X58=367 X59=391 X60=397 X61=948 X62=1167 X63=44 X64=48 X65=212 X66=590 X67=681 X68=736 X69=1193 X70=1267 X71=81 X72=983 X73=985 X74=1174 X75=823 X76=962 X77=51 X78=756 X79=966 X80=1123 X81=275 X82=325 X83=345 X84=620 X85=789 X86=1014 X87=953 X88=855 X89=13 X90=106 X91=433 X92=920 X93=1286 X94=702 X95=984 X96=1251 X97=579 X98=882 X99=30 X100=159 X101=352 X102=540 X103=769 X104=1159 X105=677 X106=946 X107=1234 X108=396 X109=877 X110=755 X111=93 X112=674 X113=722 X114=733 X115=992 X116=1023 X117=1090 X118=134 X119=697 X120=870 X121=14 X122=147 X123=332 X124=614 X125=866 X126=1176 X127=36 X128=149 X129=333 X130=247 X131=551 X132=915 X133=802 X134=837 X135=976 X136=1274 X137=108 X138=161 X139=510 X140=730 X141=799 X142=684 X143=158 X144=7 X145=244 X146=246 X147=956 X148=1143 X149=760 X150=76 X151=741 X152=917 X153=1024 X154=1210 X155=1250 X156=750 X157=224 X158=225 X159=471 X160=753 X161=294 X162=1134 X163=683 X164=141 X165=441 X166=909 X167=138 X168=552 X169=586 X170=801 X171=894 X172=176 X173=243 X174=269 X175=523 X176=951 X177=1126 X178=1129 X179=194 X180=279 X181=853 X182=749 X183=987 X184=221 X185=263 X186=410 X187=490 X188=1290 X189=37 X190=416 X191=487 X192=660 X193=731 X194=913 X195=974 X196=85 X197=252 X198=658 X199=661 X200=850 X201=934 X202=1246 X203=94 X204=285 X205=349 X206=541 X207=616 X208=671 X209=912 X210=66 X211=75 X212=922 X213=819 X214=831 X215=72 X216=337 X217=388 X218=521 X219=628 X220=814 X221=1278 X222=203 X223=370 X224=1282 X225=1276 X226=845 X227=972 X228=1088 X229=385 X230=857 X231=1175 X232=1180 X233=205 X234=308 X235=787 X236=1149 X237=1245 X238=1262 X239=488 X240=774 X241=198 X242=570 X243=1168 X244=1190 X245=1226 X246=1232 X247=434 X248=740 X249=840 X250=1081 X251=146 X252=249 X253=846 X254=973 X255=1038 X256=1179 X257=1268 X258=1272 

    solution X0=0 X1=23 X2=54 X3=78 X4=873 X5=930 X6=398 X7=455 X8=568 X9=577 X10=1099 X11=627 X12=910 X13=780 X14=818 X15=1049 X16=564 X17=812 X18=509 X19=822 X20=180 X21=704 X22=777 X23=940 X24=1160 X25=1200 X26=1216 X27=655 X28=1057 X29=1062 X30=1065 X31=1119 X32=1269 X33=604 X34=1034 X35=382 X36=851 X37=989 X38=995 X39=329 X40=1051 X41=82 X42=503 X43=172 X44=485 X45=566 X46=926 X47=255 X48=1097 X49=640 X50=1045 X51=52 X52=617 X53=883 X54=79 X55=139 X56=90 X57=338 X58=367 X59=391 X60=397 X61=948 X62=1167 X63=44 X64=48 X65=212 X66=590 X67=681 X68=736 X69=1193 X70=1267 X71=81 X72=983 X73=985 X74=1174 X75=823 X76=962 X77=51 X78=756 X79=966 X80=1123 X81=275 X82=325 X83=345 X84=620 X85=789 X86=1014 X87=953 X88=855 X89=13 X90=106 X91=433 X92=920 X93=1286 X94=702 X95=984 X96=1251 X97=579 X98=882 X99=30 X100=159 X101=352 X102=540 X103=769 X104=1159 X105=677 X106=946 X107=1234 X108=396 X109=877 X110=755 X111=93 X112=674 X113=722 X114=733 X115=992 X116=1023 X117=1090 X118=134 X119=697 X120=870 X121=14 X122=147 X123=332 X124=614 X125=866 X126=1176 X127=36 X128=149 X129=333 X130=247 X131=551 X132=915 X133=802 X134=837 X135=976 X136=1274 X137=108 X138=161 X139=510 X140=730 X141=799 X142=684 X143=158 X144=7 X145=244 X146=246 X147=956 X148=1143 X149=760 X150=76 X151=741 X152=917 X153=1024 X154=1210 X155=1250 X156=750 X157=224 X158=225 X159=471 X160=753 X161=294 X162=1134 X163=683 X164=141 X165=441 X166=909 X167=138 X168=552 X169=586 X170=801 X171=894 X172=176 X173=243 X174=269 X175=523 X176=951 X177=1126 X178=1129 X179=194 X180=279 X181=853 X182=749 X183=987 X184=221 X185=263 X186=410 X187=490 X188=1290 X189=37 X190=416 X191=487 X192=660 X193=731 X194=913 X195=974 X196=85 X197=252 X198=658 X199=661 X200=850 X201=934 X202=1246 X203=94 X204=285 X205=349 X206=541 X207=616 X208=671 X209=912 X210=66 X211=75 X212=922 X213=819 X214=831 X215=72 X216=337 X217=388 X218=521 X219=628 X220=814 X221=1278 X222=203 X223=370 X224=1282 X225=1276 X226=845 X227=972 X228=1088 X229=385 X230=857 X231=1175 X232=1180 X233=205 X234=308 X235=787 X236=1149 X237=1245 X238=1262 X239=488 X240=774 X241=198 X242=570 X243=1168 X244=1190 X245=1226 X246=1232 X247=434 X248=740 X249=840 X250=1081 X251=146 X252=249 X253=846 X254=973 X255=1038 X256=1179 X257=1268 X258=1272 

   
   search
        run=0  nbConstraintChecks=527  depth=(min:0,max:258,avg:1)  nbEffectivePropagations=1743  nbRevisions=16775  nbUselessRevisions=15214
        nbAssignments=1207  nbFailedAssignments=948  nbBacktracks=0  nbVisitedNodes=2156  nbRestartNogoods=0  nbFoundSolutions=1
        upperBound=9223372036854775807
          =>  wckTime=161.252  cpuTime=160.59  mem=1035M906

   
   global
        nbConstraintChecks=527  nbEffectivePropagations=1743  nbRevisions=16775  nbUselessRevisions=15214  nbRestartNogoods=0
        solvingWckTime=161.252  expiredTime=no  totalExploration=no  nbFoundSolutions=1  firstSolutionCpuTime=160.583  Stop=REACHED_GOAL
          =>  wckTime=162.548  cpuTime=160.59  mem=1035M906

s SATISFIABLE
v X0=0 X1=23 X2=54 X3=78 X4=873 X5=930 X6=398 X7=455 X8=568 X9=577 X10=1099 X11=627 X12=910 X13=780 X14=818 X15=1049 X16=564 X17=812 X18=509 X19=822 X20=180 X21=704 X22=777 X23=940 X24=1160 X25=1200 X26=1216 X27=655 X28=1057 X29=1062 X30=1065 X31=1119 X32=1269 X33=604 X34=1034 X35=382 X36=851 X37=989 X38=995 X39=329 X40=1051 X41=82 X42=503 X43=172 X44=485 X45=566 X46=926 X47=255 X48=1097 X49=640 X50=1045 X51=52 X52=617 X53=883 X54=79 X55=139 X56=90 X57=338 X58=367 X59=391 X60=397 X61=948 X62=1167 X63=44 X64=48 X65=212 X66=590 X67=681 X68=736 X69=1193 X70=1267 X71=81 X72=983 X73=985 X74=1174 X75=823 X76=962 X77=51 X78=756 X79=966 X80=1123 X81=275 X82=325 X83=345 X84=620 X85=789 X86=1014 X87=953 X88=855 X89=13 X90=106 X91=433 X92=920 X93=1286 X94=702 X95=984 X96=1251 X97=579 X98=882 X99=30 X100=159 X101=352 X102=540 X103=769 X104=1159 X105=677 X106=946 X107=1234 X108=396 X109=877 X110=755 X111=93 X112=674 X113=722 X114=733 X115=992 X116=1023 X117=1090 X118=134 X119=697 X120=870 X121=14 X122=147 X123=332 X124=614 X125=866 X126=1176 X127=36 X128=149 X129=333 X130=247 X131=551 X132=915 X133=802 X134=837 X135=976 X136=1274 X137=108 X138=161 X139=510 X140=730 X141=799 X142=684 X143=158 X144=7 X145=244 X146=246 X147=956 X148=1143 X149=760 X150=76 X151=741 X152=917 X153=1024 X154=1210 X155=1250 X156=750 X157=224 X158=225 X159=471 X160=753 X161=294 X162=1134 X163=683 X164=141 X165=441 X166=909 X167=138 X168=552 X169=586 X170=801 X171=894 X172=176 X173=243 X174=269 X175=523 X176=951 X177=1126 X178=1129 X179=194 X180=279 X181=853 X182=749 X183=987 X184=221 X185=263 X186=410 X187=490 X188=1290 X189=37 X190=416 X191=487 X192=660 X193=731 X194=913 X195=974 X196=85 X197=252 X198=658 X199=661 X200=850 X201=934 X202=1246 X203=94 X204=285 X205=349 X206=541 X207=616 X208=671 X209=912 X210=66 X211=75 X212=922 X213=819 X214=831 X215=72 X216=337 X217=388 X218=521 X219=628 X220=814 X221=1278 X222=203 X223=370 X224=1282 X225=1276 X226=845 X227=972 X228=1088 X229=385 X230=857 X231=1175 X232=1180 X233=205 X234=308 X235=787 X236=1149 X237=1245 X238=1262 X239=488 X240=774 X241=198 X242=570 X243=1168 X244=1190 X245=1226 X246=1232 X247=434 X248=740 X249=840 X250=1081 X251=146 X252=249 X253=846 X254=973 X255=1038 X256=1179 X257=1268 X258=1272 
d NODES 1207

   totalWckTime=162.401  totalCpuTime=160.591
