
   AbsCon 1.41 (January, 2014) - defaultConfiguration

   
   instance
        framework=CSP  name=Isomorphism-/cluster/gpg/ciaran/sip-benchmarks/benchmarks/si2_rand_r01_600/si2_r01_m600.00/pattern-/cluster/gpg/ciaran/sip-benchmarks/benchmarks/si2_rand_r01_600/si2_r01_m600.00/target
        parameters=/cluster/gpg/ciaran/sip-benchmarks/benchmarks/si2_rand_r01_600/si2_r01_m600.00/pattern,/cluster/gpg/ciaran/sip-benchmarks/benchmarks/si2_rand_r01_600/si2_r01_m600.00/target
      

   loading variables...
        nbVariables=120  nbDomainTypes=1  nbTotalValues=72000  domainSizes=(600:120)
          =>  wckTime=0.277  cpuTime=0.398  mem=13M505

   loading objectives...

   loading constraints...
        nbConstraints=1323  nbSpecificConstraints=1  nbExtensionStructures=(1,shared:1321)  nbConflictsStructures=(1,shared:1321,unbuilt:1)
        degrees=(13:1)(14:3)(15:1)...(33:2)(35:1)(36:1)  arities=(2:1322)(120:1)  types=(AllDifferent:1)(ConstraintHardExtensionV-Bits:1322)
          =>  wckTime=2.079  cpuTime=2.138  mem=63M695

   INFO : <!-- Start saving the XML representation -->

   INFO : <!-- Stop saving the XML representation of target.xml -->

   Solver SolverBacktrack being built... 
          =>  wckTime=2.46  cpuTime=2.483  mem=116M630

   
   search
        run=0  nbConstraintChecks=0  depth=(min:0,max:6,avg:3)  nbEffectivePropagations=39846418  nbRevisions=401258751  nbUselessRevisions=371716954
        nbAssignments=327798  nbFailedAssignments=279536  nbBacktracks=48257  nbVisitedNodes=639279  nbRestartNogoods=0
          =>  wckTime=99998.306  cpuTime=99323.684  mem=100M135

   
   global
        nbConstraintChecks=0  nbEffectivePropagations=39846418  nbRevisions=401258751  nbUselessRevisions=371716954  nbRestartNogoods=0
        solvingWckTime=99998.306  expiredTime=yes  totalExploration=no  nbFoundSolutions=0  Stop=EXCEEDED_TIME
          =>  wckTime=100000.766  cpuTime=99323.684  mem=100M135

s UNKNOWN
d NODES 327798

   totalWckTime=100000.67  totalCpuTime=99323.685
