
   AbsCon 1.41 (January, 2014) - defaultConfiguration

   
   instance
        framework=CSP  name=Isomorphism-/cluster/gpg/ciaran/sip-benchmarks/benchmarks/si2_rand_r001_600/si2_r001_m600.06/pattern-/cluster/gpg/ciaran/sip-benchmarks/benchmarks/si2_rand_r001_600/si2_r001_m600.06/target
        parameters=/cluster/gpg/ciaran/sip-benchmarks/benchmarks/si2_rand_r001_600/si2_r001_m600.06/pattern,/cluster/gpg/ciaran/sip-benchmarks/benchmarks/si2_rand_r001_600/si2_r001_m600.06/target
      

   loading variables...
        nbVariables=120  nbDomainTypes=1  nbTotalValues=72000  domainSizes=(600:120)
          =>  wckTime=0.211  cpuTime=0.345  mem=8M668

   loading objectives...

   loading constraints...
        nbConstraints=186  nbSpecificConstraints=1  nbExtensionStructures=(1,shared:184)  nbConflictsStructures=(1,shared:184,unbuilt:1)
        degrees=(2:17)(3:34)(4:34)...(7:7)(9:2)(11:2)  arities=(2:185)(120:1)  types=(AllDifferent:1)(ConstraintHardExtensionV-Bits:185)
          =>  wckTime=0.369  cpuTime=0.489  mem=13M715

   INFO : <!-- Start saving the XML representation -->

   INFO : <!-- Stop saving the XML representation of target.xml -->

   Solver SolverBacktrack being built... 
          =>  wckTime=0.665  cpuTime=0.746  mem=37M370

    instantiation X0=455 X1=168 X2=467 X3=188 X4=102 X5=589 X6=196 X7=11 X8=361 X9=429 X10=228 X11=64 X12=358 X13=415 X14=367 X15=472 X16=550 X17=227 X18=240 X19=414 X20=372 X21=26 X22=235 X23=366 X24=201 X25=167 X26=402 X27=118 X28=273 X29=214 X30=540 X31=241 X32=497 X33=89 X34=96 X35=190 X36=142 X37=532 X38=9 X39=480 X40=395 X41=15 X42=14 X43=0 X44=385 X45=441 X46=175 X47=401 X48=569 X49=442 X50=538 X51=488 X52=21 X53=47 X54=103 X55=3 X56=388 X57=404 X58=407 X59=7 X60=253 X61=71 X62=85 X63=430 X64=397 X65=80 X66=492 X67=346 X68=68 X69=318 X70=59 X71=65 X72=43 X73=17 X74=44 X75=296 X76=283 X77=134 X78=61 X79=360 X80=32 X81=459 X82=10 X83=333 X84=16 X85=20 X86=161 X87=321 X88=418 X89=383 X90=555 X91=229 X92=194 X93=13 X94=108 X95=23 X96=42 X97=226 X98=206 X99=143 X100=35 X101=112 X102=82 X103=174 X104=373 X105=200 X106=60 X107=176 X108=55 X109=266 X110=436 X111=548 X112=390 X113=528 X114=62 X115=45 X116=246 X117=509 X118=109 X119=117 

    solution X0=455 X1=168 X2=467 X3=188 X4=102 X5=589 X6=196 X7=11 X8=361 X9=429 X10=228 X11=64 X12=358 X13=415 X14=367 X15=472 X16=550 X17=227 X18=240 X19=414 X20=372 X21=26 X22=235 X23=366 X24=201 X25=167 X26=402 X27=118 X28=273 X29=214 X30=540 X31=241 X32=497 X33=89 X34=96 X35=190 X36=142 X37=532 X38=9 X39=480 X40=395 X41=15 X42=14 X43=0 X44=385 X45=441 X46=175 X47=401 X48=569 X49=442 X50=538 X51=488 X52=21 X53=47 X54=103 X55=3 X56=388 X57=404 X58=407 X59=7 X60=253 X61=71 X62=85 X63=430 X64=397 X65=80 X66=492 X67=346 X68=68 X69=318 X70=59 X71=65 X72=43 X73=17 X74=44 X75=296 X76=283 X77=134 X78=61 X79=360 X80=32 X81=459 X82=10 X83=333 X84=16 X85=20 X86=161 X87=321 X88=418 X89=383 X90=555 X91=229 X92=194 X93=13 X94=108 X95=23 X96=42 X97=226 X98=206 X99=143 X100=35 X101=112 X102=82 X103=174 X104=373 X105=200 X106=60 X107=176 X108=55 X109=266 X110=436 X111=548 X112=390 X113=528 X114=62 X115=45 X116=246 X117=509 X118=109 X119=117 

   
   search
        run=0  nbConstraintChecks=186  depth=(min:0,max:119,avg:1)  nbEffectivePropagations=28147  nbRevisions=43294  nbUselessRevisions=31678
        nbAssignments=541  nbFailedAssignments=375  nbBacktracks=46  nbVisitedNodes=950  nbRestartNogoods=0  nbFoundSolutions=1
        upperBound=9223372036854775807
          =>  wckTime=64.389  cpuTime=64.39  mem=351M78

   
   global
        nbConstraintChecks=186  nbEffectivePropagations=28147  nbRevisions=43294  nbUselessRevisions=31678  nbRestartNogoods=0
        solvingWckTime=64.389  expiredTime=no  totalExploration=no  nbFoundSolutions=1  firstSolutionCpuTime=64.387  Stop=REACHED_GOAL
          =>  wckTime=65.055  cpuTime=64.39  mem=351M78

s SATISFIABLE
v X0=455 X1=168 X2=467 X3=188 X4=102 X5=589 X6=196 X7=11 X8=361 X9=429 X10=228 X11=64 X12=358 X13=415 X14=367 X15=472 X16=550 X17=227 X18=240 X19=414 X20=372 X21=26 X22=235 X23=366 X24=201 X25=167 X26=402 X27=118 X28=273 X29=214 X30=540 X31=241 X32=497 X33=89 X34=96 X35=190 X36=142 X37=532 X38=9 X39=480 X40=395 X41=15 X42=14 X43=0 X44=385 X45=441 X46=175 X47=401 X48=569 X49=442 X50=538 X51=488 X52=21 X53=47 X54=103 X55=3 X56=388 X57=404 X58=407 X59=7 X60=253 X61=71 X62=85 X63=430 X64=397 X65=80 X66=492 X67=346 X68=68 X69=318 X70=59 X71=65 X72=43 X73=17 X74=44 X75=296 X76=283 X77=134 X78=61 X79=360 X80=32 X81=459 X82=10 X83=333 X84=16 X85=20 X86=161 X87=321 X88=418 X89=383 X90=555 X91=229 X92=194 X93=13 X94=108 X95=23 X96=42 X97=226 X98=206 X99=143 X100=35 X101=112 X102=82 X103=174 X104=373 X105=200 X106=60 X107=176 X108=55 X109=266 X110=436 X111=548 X112=390 X113=528 X114=62 X115=45 X116=246 X117=509 X118=109 X119=117 
d NODES 541

   totalWckTime=64.947  totalCpuTime=64.391
