
   AbsCon 1.41 (January, 2014) - defaultConfiguration

   
   instance
        framework=CSP  name=Isomorphism-/cluster/gpg/ciaran/sip-benchmarks/benchmarks/si2_bvg_b06m_800/si2_b06m_m800.01/pattern-/cluster/gpg/ciaran/sip-benchmarks/benchmarks/si2_bvg_b06m_800/si2_b06m_m800.01/target
        parameters=/cluster/gpg/ciaran/sip-benchmarks/benchmarks/si2_bvg_b06m_800/si2_b06m_m800.01/pattern,/cluster/gpg/ciaran/sip-benchmarks/benchmarks/si2_bvg_b06m_800/si2_b06m_m800.01/target
      

   loading variables...
        nbVariables=160  nbDomainTypes=1  nbTotalValues=128000  domainSizes=(800:160)
          =>  wckTime=0.229  cpuTime=0.326  mem=11M669

   loading objectives...

   loading constraints...
        nbConstraints=307  nbSpecificConstraints=1  nbExtensionStructures=(1,shared:305)  nbConflictsStructures=(1,shared:305,unbuilt:1)
        degrees=(2:23)(3:32)(4:28)...(16:1)(20:1)(27:1)  arities=(2:306)(160:1)  types=(AllDifferent:1)(ConstraintHardExtensionV-Bits:306)
          =>  wckTime=0.416  cpuTime=0.501  mem=26M35

   INFO : <!-- Start saving the XML representation -->

   INFO : <!-- Stop saving the XML representation of target.xml -->

   Solver SolverBacktrack being built... 
          =>  wckTime=0.787  cpuTime=0.831  mem=60M736

    instantiation X0=0 X1=16 X2=20 X3=69 X4=97 X5=164 X6=184 X7=189 X8=206 X9=278 X10=286 X11=317 X12=329 X13=347 X14=394 X15=419 X16=422 X17=427 X18=434 X19=458 X20=471 X21=512 X22=540 X23=542 X24=546 X25=548 X26=565 X27=5 X28=29 X29=159 X30=247 X31=363 X32=410 X33=411 X34=439 X35=449 X36=505 X37=528 X38=529 X39=573 X40=685 X41=32 X42=175 X43=409 X44=474 X45=524 X46=614 X47=710 X48=782 X49=11 X50=89 X51=301 X52=341 X53=348 X54=569 X55=1 X56=14 X57=199 X58=280 X59=668 X60=791 X61=81 X62=162 X63=493 X64=367 X65=476 X66=481 X67=769 X68=114 X69=235 X70=331 X71=543 X72=768 X73=230 X74=658 X75=22 X76=91 X77=582 X78=790 X79=10 X80=249 X81=509 X82=551 X83=598 X84=205 X85=318 X86=667 X87=7 X88=101 X89=686 X90=725 X91=241 X92=386 X93=502 X94=550 X95=31 X96=138 X97=257 X98=294 X99=378 X100=758 X101=204 X102=359 X103=482 X104=699 X105=776 X106=141 X107=232 X108=343 X109=760 X110=311 X111=63 X112=452 X113=581 X114=796 X115=3 X116=23 X117=77 X118=152 X119=516 X120=60 X121=127 X122=627 X123=641 X124=771 X125=132 X126=168 X127=385 X128=396 X129=560 X130=85 X131=277 X132=360 X133=508 X134=24 X135=26 X136=44 X137=201 X138=285 X139=340 X140=428 X141=442 X142=500 X143=590 X144=623 X145=662 X146=688 X147=746 X148=50 X149=161 X150=281 X151=297 X152=376 X153=547 X154=603 X155=579 X156=613 X157=632 X158=9 X159=118 

    solution X0=0 X1=16 X2=20 X3=69 X4=97 X5=164 X6=184 X7=189 X8=206 X9=278 X10=286 X11=317 X12=329 X13=347 X14=394 X15=419 X16=422 X17=427 X18=434 X19=458 X20=471 X21=512 X22=540 X23=542 X24=546 X25=548 X26=565 X27=5 X28=29 X29=159 X30=247 X31=363 X32=410 X33=411 X34=439 X35=449 X36=505 X37=528 X38=529 X39=573 X40=685 X41=32 X42=175 X43=409 X44=474 X45=524 X46=614 X47=710 X48=782 X49=11 X50=89 X51=301 X52=341 X53=348 X54=569 X55=1 X56=14 X57=199 X58=280 X59=668 X60=791 X61=81 X62=162 X63=493 X64=367 X65=476 X66=481 X67=769 X68=114 X69=235 X70=331 X71=543 X72=768 X73=230 X74=658 X75=22 X76=91 X77=582 X78=790 X79=10 X80=249 X81=509 X82=551 X83=598 X84=205 X85=318 X86=667 X87=7 X88=101 X89=686 X90=725 X91=241 X92=386 X93=502 X94=550 X95=31 X96=138 X97=257 X98=294 X99=378 X100=758 X101=204 X102=359 X103=482 X104=699 X105=776 X106=141 X107=232 X108=343 X109=760 X110=311 X111=63 X112=452 X113=581 X114=796 X115=3 X116=23 X117=77 X118=152 X119=516 X120=60 X121=127 X122=627 X123=641 X124=771 X125=132 X126=168 X127=385 X128=396 X129=560 X130=85 X131=277 X132=360 X133=508 X134=24 X135=26 X136=44 X137=201 X138=285 X139=340 X140=428 X141=442 X142=500 X143=590 X144=623 X145=662 X146=688 X147=746 X148=50 X149=161 X150=281 X151=297 X152=376 X153=547 X154=603 X155=579 X156=613 X157=632 X158=9 X159=118 

   
   search
        run=0  nbConstraintChecks=307  depth=(min:161,max:159,avg:0)  nbEffectivePropagations=121  nbRevisions=875  nbUselessRevisions=872
        nbAssignments=160  nbFailedAssignments=0  nbBacktracks=0  nbVisitedNodes=161  nbRestartNogoods=0  nbFoundSolutions=1
        upperBound=9223372036854775807
          =>  wckTime=14.443  cpuTime=15.041  mem=241M524

   
   global
        nbConstraintChecks=307  nbEffectivePropagations=121  nbRevisions=875  nbUselessRevisions=872  nbRestartNogoods=0  solvingWckTime=14.443
        expiredTime=no  totalExploration=no  nbFoundSolutions=1  firstSolutionCpuTime=15.032  Stop=REACHED_GOAL
          =>  wckTime=15.23  cpuTime=15.042  mem=241M524

s SATISFIABLE
v X0=0 X1=16 X2=20 X3=69 X4=97 X5=164 X6=184 X7=189 X8=206 X9=278 X10=286 X11=317 X12=329 X13=347 X14=394 X15=419 X16=422 X17=427 X18=434 X19=458 X20=471 X21=512 X22=540 X23=542 X24=546 X25=548 X26=565 X27=5 X28=29 X29=159 X30=247 X31=363 X32=410 X33=411 X34=439 X35=449 X36=505 X37=528 X38=529 X39=573 X40=685 X41=32 X42=175 X43=409 X44=474 X45=524 X46=614 X47=710 X48=782 X49=11 X50=89 X51=301 X52=341 X53=348 X54=569 X55=1 X56=14 X57=199 X58=280 X59=668 X60=791 X61=81 X62=162 X63=493 X64=367 X65=476 X66=481 X67=769 X68=114 X69=235 X70=331 X71=543 X72=768 X73=230 X74=658 X75=22 X76=91 X77=582 X78=790 X79=10 X80=249 X81=509 X82=551 X83=598 X84=205 X85=318 X86=667 X87=7 X88=101 X89=686 X90=725 X91=241 X92=386 X93=502 X94=550 X95=31 X96=138 X97=257 X98=294 X99=378 X100=758 X101=204 X102=359 X103=482 X104=699 X105=776 X106=141 X107=232 X108=343 X109=760 X110=311 X111=63 X112=452 X113=581 X114=796 X115=3 X116=23 X117=77 X118=152 X119=516 X120=60 X121=127 X122=627 X123=641 X124=771 X125=132 X126=168 X127=385 X128=396 X129=560 X130=85 X131=277 X132=360 X133=508 X134=24 X135=26 X136=44 X137=201 X138=285 X139=340 X140=428 X141=442 X142=500 X143=590 X144=623 X145=662 X146=688 X147=746 X148=50 X149=161 X150=281 X151=297 X152=376 X153=547 X154=603 X155=579 X156=613 X157=632 X158=9 X159=118 
d NODES 160

   totalWckTime=15.121  totalCpuTime=15.042
