
   AbsCon 1.41 (January, 2014) - defaultConfiguration

   
   instance
        framework=CSP  name=Isomorphism-/cluster/gpg/ciaran/sip-benchmarks/benchmarks/si2_m4D_m4Dr2_625/si2_m4Dr2_m625.06/pattern-/cluster/gpg/ciaran/sip-benchmarks/benchmarks/si2_m4D_m4Dr2_625/si2_m4Dr2_m625.06/target
        parameters=/cluster/gpg/ciaran/sip-benchmarks/benchmarks/si2_m4D_m4Dr2_625/si2_m4Dr2_m625.06/pattern,/cluster/gpg/ciaran/sip-benchmarks/benchmarks/si2_m4D_m4Dr2_625/si2_m4Dr2_m625.06/target
      

   loading variables...
        nbVariables=125  nbDomainTypes=1  nbTotalValues=78125  domainSizes=(625:125)
          =>  wckTime=0.234  cpuTime=0.347  mem=8M717

   loading objectives...

   loading constraints...
        nbConstraints=221  nbSpecificConstraints=1  nbExtensionStructures=(1,shared:219)  nbConflictsStructures=(1,shared:219,unbuilt:1)
        degrees=(2:24)(3:25)(4:20)...(8:9)(9:4)(10:1)  arities=(2:220)(125:1)  types=(AllDifferent:1)(ConstraintHardExtensionV-Bits:220)
          =>  wckTime=0.374  cpuTime=0.481  mem=15M898

   INFO : <!-- Start saving the XML representation -->

   INFO : <!-- Stop saving the XML representation of target.xml -->

   Solver SolverBacktrack being built... 
          =>  wckTime=0.713  cpuTime=0.759  mem=30M652

    instantiation X0=0 X1=58 X2=113 X3=144 X4=274 X5=296 X6=355 X7=13 X8=97 X9=162 X10=163 X11=313 X12=388 X13=42 X14=101 X15=547 X16=589 X17=233 X18=271 X19=55 X20=251 X21=28 X22=73 X23=258 X24=279 X25=338 X26=447 X27=526 X28=605 X29=140 X30=147 X31=208 X32=300 X33=519 X34=376 X35=457 X36=534 X37=154 X38=565 X39=164 X40=232 X41=354 X42=371 X43=426 X44=574 X45=410 X46=139 X47=567 X48=573 X49=88 X50=553 X51=189 X52=289 X53=324 X54=331 X55=351 X56=358 X57=507 X58=18 X59=24 X60=81 X61=256 X62=385 X63=417 X64=508 X65=617 X66=446 X67=488 X68=44 X69=45 X70=301 X71=404 X72=31 X73=56 X74=132 X75=372 X76=452 X77=480 X78=90 X79=242 X80=420 X81=529 X82=204 X83=205 X84=423 X85=19 X86=180 X87=328 X88=427 X89=68 X90=167 X91=192 X92=268 X93=336 X94=586 X95=474 X96=562 X97=249 X98=265 X99=393 X100=444 X101=9 X102=319 X103=581 X104=121 X105=39 X106=60 X107=245 X108=267 X109=322 X110=394 X111=521 X112=176 X113=240 X114=257 X115=219 X116=261 X117=609 X118=207 X119=262 X120=297 X121=337 X122=66 X123=72 X124=310 

    solution X0=0 X1=58 X2=113 X3=144 X4=274 X5=296 X6=355 X7=13 X8=97 X9=162 X10=163 X11=313 X12=388 X13=42 X14=101 X15=547 X16=589 X17=233 X18=271 X19=55 X20=251 X21=28 X22=73 X23=258 X24=279 X25=338 X26=447 X27=526 X28=605 X29=140 X30=147 X31=208 X32=300 X33=519 X34=376 X35=457 X36=534 X37=154 X38=565 X39=164 X40=232 X41=354 X42=371 X43=426 X44=574 X45=410 X46=139 X47=567 X48=573 X49=88 X50=553 X51=189 X52=289 X53=324 X54=331 X55=351 X56=358 X57=507 X58=18 X59=24 X60=81 X61=256 X62=385 X63=417 X64=508 X65=617 X66=446 X67=488 X68=44 X69=45 X70=301 X71=404 X72=31 X73=56 X74=132 X75=372 X76=452 X77=480 X78=90 X79=242 X80=420 X81=529 X82=204 X83=205 X84=423 X85=19 X86=180 X87=328 X88=427 X89=68 X90=167 X91=192 X92=268 X93=336 X94=586 X95=474 X96=562 X97=249 X98=265 X99=393 X100=444 X101=9 X102=319 X103=581 X104=121 X105=39 X106=60 X107=245 X108=267 X109=322 X110=394 X111=521 X112=176 X113=240 X114=257 X115=219 X116=261 X117=609 X118=207 X119=262 X120=297 X121=337 X122=66 X123=72 X124=310 

   
   search
        run=0  nbConstraintChecks=221  depth=(min:0,max:124,avg:1)  nbEffectivePropagations=422  nbRevisions=6316  nbUselessRevisions=6003
        nbAssignments=480  nbFailedAssignments=355  nbBacktracks=0  nbVisitedNodes=836  nbRestartNogoods=0  nbFoundSolutions=1
        upperBound=9223372036854775807
          =>  wckTime=12.161  cpuTime=12.803  mem=325M461

   
   global
        nbConstraintChecks=221  nbEffectivePropagations=422  nbRevisions=6316  nbUselessRevisions=6003  nbRestartNogoods=0  solvingWckTime=12.161
        expiredTime=no  totalExploration=no  nbFoundSolutions=1  firstSolutionCpuTime=12.8  Stop=REACHED_GOAL
          =>  wckTime=12.875  cpuTime=12.804  mem=325M461

s SATISFIABLE
v X0=0 X1=58 X2=113 X3=144 X4=274 X5=296 X6=355 X7=13 X8=97 X9=162 X10=163 X11=313 X12=388 X13=42 X14=101 X15=547 X16=589 X17=233 X18=271 X19=55 X20=251 X21=28 X22=73 X23=258 X24=279 X25=338 X26=447 X27=526 X28=605 X29=140 X30=147 X31=208 X32=300 X33=519 X34=376 X35=457 X36=534 X37=154 X38=565 X39=164 X40=232 X41=354 X42=371 X43=426 X44=574 X45=410 X46=139 X47=567 X48=573 X49=88 X50=553 X51=189 X52=289 X53=324 X54=331 X55=351 X56=358 X57=507 X58=18 X59=24 X60=81 X61=256 X62=385 X63=417 X64=508 X65=617 X66=446 X67=488 X68=44 X69=45 X70=301 X71=404 X72=31 X73=56 X74=132 X75=372 X76=452 X77=480 X78=90 X79=242 X80=420 X81=529 X82=204 X83=205 X84=423 X85=19 X86=180 X87=328 X88=427 X89=68 X90=167 X91=192 X92=268 X93=336 X94=586 X95=474 X96=562 X97=249 X98=265 X99=393 X100=444 X101=9 X102=319 X103=581 X104=121 X105=39 X106=60 X107=245 X108=267 X109=322 X110=394 X111=521 X112=176 X113=240 X114=257 X115=219 X116=261 X117=609 X118=207 X119=262 X120=297 X121=337 X122=66 X123=72 X124=310 
d NODES 480

   totalWckTime=12.747  totalCpuTime=12.804
