
   AbsCon 1.41 (January, 2014) - defaultConfiguration

   
   instance
        framework=CSP  name=Isomorphism-/cluster/gpg/ciaran/sip-benchmarks/benchmarks/si2_m4D_m4Dr6_625/si2_m4Dr6_m625.00/pattern-/cluster/gpg/ciaran/sip-benchmarks/benchmarks/si2_m4D_m4Dr6_625/si2_m4Dr6_m625.00/target
        parameters=/cluster/gpg/ciaran/sip-benchmarks/benchmarks/si2_m4D_m4Dr6_625/si2_m4Dr6_m625.00/pattern,/cluster/gpg/ciaran/sip-benchmarks/benchmarks/si2_m4D_m4Dr6_625/si2_m4Dr6_m625.00/target
      

   loading variables...
        nbVariables=125  nbDomainTypes=1  nbTotalValues=78125  domainSizes=(625:125)
          =>  wckTime=0.205  cpuTime=0.315  mem=9M212

   loading objectives...

   loading constraints...
        nbConstraints=222  nbSpecificConstraints=1  nbExtensionStructures=(1,shared:220)  nbConflictsStructures=(1,shared:220,unbuilt:1)
        degrees=(2:31)(3:26)(4:28)...(9:10)(10:5)(11:6)  arities=(2:221)(125:1)  types=(AllDifferent:1)(ConstraintHardExtensionV-Bits:221)
          =>  wckTime=0.341  cpuTime=0.446  mem=17M531

   INFO : <!-- Start saving the XML representation -->

   INFO : <!-- Stop saving the XML representation of target.xml -->

   Solver SolverBacktrack being built... 
          =>  wckTime=0.655  cpuTime=0.713  mem=28M119

    instantiation X0=0 X1=9 X2=17 X3=18 X4=60 X5=178 X6=181 X7=215 X8=310 X9=558 X10=204 X11=235 X12=256 X13=317 X14=472 X15=511 X16=550 X17=591 X18=616 X19=110 X20=277 X21=294 X22=422 X23=568 X24=576 X25=62 X26=64 X27=88 X28=97 X29=373 X30=407 X31=491 X32=585 X33=63 X34=129 X35=331 X36=378 X37=192 X38=517 X39=560 X40=566 X41=86 X42=245 X43=394 X44=594 X45=154 X46=211 X47=225 X48=356 X49=410 X50=610 X51=439 X52=512 X53=382 X54=49 X55=142 X56=406 X57=411 X58=419 X59=515 X60=540 X61=66 X62=121 X63=190 X64=323 X65=353 X66=393 X67=478 X68=47 X69=58 X70=273 X71=308 X72=349 X73=107 X74=156 X75=251 X76=528 X77=51 X78=157 X79=278 X80=466 X81=481 X82=489 X83=595 X84=614 X85=105 X86=133 X87=267 X88=592 X89=536 X90=184 X91=437 X92=186 X93=292 X94=514 X95=25 X96=312 X97=404 X98=443 X99=35 X100=342 X101=400 X102=412 X103=473 X104=61 X105=174 X106=314 X107=340 X108=34 X109=84 X110=179 X111=228 X112=624 X113=144 X114=283 X115=611 X116=6 X117=183 X118=44 X119=80 X120=161 X121=295 X122=447 X123=460 X124=532 

    solution X0=0 X1=9 X2=17 X3=18 X4=60 X5=178 X6=181 X7=215 X8=310 X9=558 X10=204 X11=235 X12=256 X13=317 X14=472 X15=511 X16=550 X17=591 X18=616 X19=110 X20=277 X21=294 X22=422 X23=568 X24=576 X25=62 X26=64 X27=88 X28=97 X29=373 X30=407 X31=491 X32=585 X33=63 X34=129 X35=331 X36=378 X37=192 X38=517 X39=560 X40=566 X41=86 X42=245 X43=394 X44=594 X45=154 X46=211 X47=225 X48=356 X49=410 X50=610 X51=439 X52=512 X53=382 X54=49 X55=142 X56=406 X57=411 X58=419 X59=515 X60=540 X61=66 X62=121 X63=190 X64=323 X65=353 X66=393 X67=478 X68=47 X69=58 X70=273 X71=308 X72=349 X73=107 X74=156 X75=251 X76=528 X77=51 X78=157 X79=278 X80=466 X81=481 X82=489 X83=595 X84=614 X85=105 X86=133 X87=267 X88=592 X89=536 X90=184 X91=437 X92=186 X93=292 X94=514 X95=25 X96=312 X97=404 X98=443 X99=35 X100=342 X101=400 X102=412 X103=473 X104=61 X105=174 X106=314 X107=340 X108=34 X109=84 X110=179 X111=228 X112=624 X113=144 X114=283 X115=611 X116=6 X117=183 X118=44 X119=80 X120=161 X121=295 X122=447 X123=460 X124=532 

   
   search
        run=0  nbConstraintChecks=222  depth=(min:0,max:124,avg:1)  nbEffectivePropagations=126  nbRevisions=713  nbUselessRevisions=706
        nbAssignments=134  nbFailedAssignments=9  nbBacktracks=0  nbVisitedNodes=144  nbRestartNogoods=0  nbFoundSolutions=1
        upperBound=9223372036854775807
          =>  wckTime=6.913  cpuTime=7.485  mem=133M276

   
   global
        nbConstraintChecks=222  nbEffectivePropagations=126  nbRevisions=713  nbUselessRevisions=706  nbRestartNogoods=0  solvingWckTime=6.914
        expiredTime=no  totalExploration=no  nbFoundSolutions=1  firstSolutionCpuTime=7.48  Stop=REACHED_GOAL
          =>  wckTime=7.57  cpuTime=7.485  mem=133M276

s SATISFIABLE
v X0=0 X1=9 X2=17 X3=18 X4=60 X5=178 X6=181 X7=215 X8=310 X9=558 X10=204 X11=235 X12=256 X13=317 X14=472 X15=511 X16=550 X17=591 X18=616 X19=110 X20=277 X21=294 X22=422 X23=568 X24=576 X25=62 X26=64 X27=88 X28=97 X29=373 X30=407 X31=491 X32=585 X33=63 X34=129 X35=331 X36=378 X37=192 X38=517 X39=560 X40=566 X41=86 X42=245 X43=394 X44=594 X45=154 X46=211 X47=225 X48=356 X49=410 X50=610 X51=439 X52=512 X53=382 X54=49 X55=142 X56=406 X57=411 X58=419 X59=515 X60=540 X61=66 X62=121 X63=190 X64=323 X65=353 X66=393 X67=478 X68=47 X69=58 X70=273 X71=308 X72=349 X73=107 X74=156 X75=251 X76=528 X77=51 X78=157 X79=278 X80=466 X81=481 X82=489 X83=595 X84=614 X85=105 X86=133 X87=267 X88=592 X89=536 X90=184 X91=437 X92=186 X93=292 X94=514 X95=25 X96=312 X97=404 X98=443 X99=35 X100=342 X101=400 X102=412 X103=473 X104=61 X105=174 X106=314 X107=340 X108=34 X109=84 X110=179 X111=228 X112=624 X113=144 X114=283 X115=611 X116=6 X117=183 X118=44 X119=80 X120=161 X121=295 X122=447 X123=460 X124=532 
d NODES 134

   totalWckTime=7.476  totalCpuTime=7.486
