
   AbsCon 1.41 (January, 2014) - defaultConfiguration

   
   instance
        framework=CSP  name=Isomorphism-/cluster/gpg/ciaran/sip-benchmarks/benchmarks/si2_bvg_b06m_800/si2_b06m_m800.02/pattern-/cluster/gpg/ciaran/sip-benchmarks/benchmarks/si2_bvg_b06m_800/si2_b06m_m800.02/target
        parameters=/cluster/gpg/ciaran/sip-benchmarks/benchmarks/si2_bvg_b06m_800/si2_b06m_m800.02/pattern,/cluster/gpg/ciaran/sip-benchmarks/benchmarks/si2_bvg_b06m_800/si2_b06m_m800.02/target
      

   loading variables...
        nbVariables=160  nbDomainTypes=1  nbTotalValues=128000  domainSizes=(800:160)
          =>  wckTime=0.303  cpuTime=0.358  mem=11M974

   loading objectives...

   loading constraints...
        nbConstraints=299  nbSpecificConstraints=1  nbExtensionStructures=(1,shared:297)  nbConflictsStructures=(1,shared:297,unbuilt:1)
        degrees=(2:25)(3:29)(4:37)...(14:1)(15:1)(17:1)  arities=(2:298)(160:1)  types=(AllDifferent:1)(ConstraintHardExtensionV-Bits:298)
          =>  wckTime=0.57  cpuTime=0.612  mem=25M189

   INFO : <!-- Start saving the XML representation -->

   INFO : <!-- Stop saving the XML representation of target.xml -->

   Solver SolverBacktrack being built... 
          =>  wckTime=1.009  cpuTime=1.009  mem=60M579

    instantiation X0=0 X1=40 X2=71 X3=109 X4=156 X5=166 X6=182 X7=246 X8=303 X9=386 X10=424 X11=471 X12=487 X13=583 X14=646 X15=22 X16=90 X17=178 X18=234 X19=248 X20=351 X21=420 X22=533 X23=14 X24=514 X25=696 X26=723 X27=787 X28=39 X29=591 X30=158 X31=181 X32=225 X33=422 X34=459 X35=61 X36=31 X37=59 X38=191 X39=765 X40=245 X41=773 X42=26 X43=278 X44=660 X45=260 X46=262 X47=515 X48=676 X49=92 X50=19 X51=161 X52=463 X53=675 X54=148 X55=307 X56=732 X57=734 X58=81 X59=174 X60=267 X61=715 X62=728 X63=114 X64=233 X65=370 X66=380 X67=522 X68=569 X69=576 X70=611 X71=13 X72=376 X73=450 X74=602 X75=616 X76=53 X77=94 X78=30 X79=67 X80=213 X81=650 X82=786 X83=6 X84=33 X85=145 X86=287 X87=45 X88=142 X89=327 X90=664 X91=710 X92=153 X93=199 X94=322 X95=668 X96=63 X97=240 X98=291 X99=677 X100=708 X101=57 X102=74 X103=138 X104=206 X105=214 X106=290 X107=325 X108=335 X109=350 X110=465 X111=619 X112=681 X113=735 X114=778 X115=3 X116=258 X117=718 X118=767 X119=252 X120=394 X121=10 X122=28 X123=60 X124=497 X125=523 X126=129 X127=157 X128=204 X129=460 X130=29 X131=102 X132=131 X133=169 X134=312 X135=500 X136=638 X137=702 X138=215 X139=154 X140=580 X141=614 X142=795 X143=401 X144=474 X145=758 X146=52 X147=23 X148=27 X149=117 X150=198 X151=331 X152=15 X153=56 X154=86 X155=411 X156=341 X157=353 X158=373 X159=509 

    solution X0=0 X1=40 X2=71 X3=109 X4=156 X5=166 X6=182 X7=246 X8=303 X9=386 X10=424 X11=471 X12=487 X13=583 X14=646 X15=22 X16=90 X17=178 X18=234 X19=248 X20=351 X21=420 X22=533 X23=14 X24=514 X25=696 X26=723 X27=787 X28=39 X29=591 X30=158 X31=181 X32=225 X33=422 X34=459 X35=61 X36=31 X37=59 X38=191 X39=765 X40=245 X41=773 X42=26 X43=278 X44=660 X45=260 X46=262 X47=515 X48=676 X49=92 X50=19 X51=161 X52=463 X53=675 X54=148 X55=307 X56=732 X57=734 X58=81 X59=174 X60=267 X61=715 X62=728 X63=114 X64=233 X65=370 X66=380 X67=522 X68=569 X69=576 X70=611 X71=13 X72=376 X73=450 X74=602 X75=616 X76=53 X77=94 X78=30 X79=67 X80=213 X81=650 X82=786 X83=6 X84=33 X85=145 X86=287 X87=45 X88=142 X89=327 X90=664 X91=710 X92=153 X93=199 X94=322 X95=668 X96=63 X97=240 X98=291 X99=677 X100=708 X101=57 X102=74 X103=138 X104=206 X105=214 X106=290 X107=325 X108=335 X109=350 X110=465 X111=619 X112=681 X113=735 X114=778 X115=3 X116=258 X117=718 X118=767 X119=252 X120=394 X121=10 X122=28 X123=60 X124=497 X125=523 X126=129 X127=157 X128=204 X129=460 X130=29 X131=102 X132=131 X133=169 X134=312 X135=500 X136=638 X137=702 X138=215 X139=154 X140=580 X141=614 X142=795 X143=401 X144=474 X145=758 X146=52 X147=23 X148=27 X149=117 X150=198 X151=331 X152=15 X153=56 X154=86 X155=411 X156=341 X157=353 X158=373 X159=509 

   
   search
        run=0  nbConstraintChecks=299  depth=(min:0,max:159,avg:1)  nbEffectivePropagations=83  nbRevisions=1056  nbUselessRevisions=1056
        nbAssignments=174  nbFailedAssignments=14  nbBacktracks=0  nbVisitedNodes=189  nbRestartNogoods=0  nbFoundSolutions=1
        upperBound=9223372036854775807
          =>  wckTime=17.398  cpuTime=18.193  mem=494M327

   
   global
        nbConstraintChecks=299  nbEffectivePropagations=83  nbRevisions=1056  nbUselessRevisions=1056  nbRestartNogoods=0  solvingWckTime=17.399
        expiredTime=no  totalExploration=no  nbFoundSolutions=1  firstSolutionCpuTime=18.188  Stop=REACHED_GOAL
          =>  wckTime=18.408  cpuTime=18.193  mem=494M327

s SATISFIABLE
v X0=0 X1=40 X2=71 X3=109 X4=156 X5=166 X6=182 X7=246 X8=303 X9=386 X10=424 X11=471 X12=487 X13=583 X14=646 X15=22 X16=90 X17=178 X18=234 X19=248 X20=351 X21=420 X22=533 X23=14 X24=514 X25=696 X26=723 X27=787 X28=39 X29=591 X30=158 X31=181 X32=225 X33=422 X34=459 X35=61 X36=31 X37=59 X38=191 X39=765 X40=245 X41=773 X42=26 X43=278 X44=660 X45=260 X46=262 X47=515 X48=676 X49=92 X50=19 X51=161 X52=463 X53=675 X54=148 X55=307 X56=732 X57=734 X58=81 X59=174 X60=267 X61=715 X62=728 X63=114 X64=233 X65=370 X66=380 X67=522 X68=569 X69=576 X70=611 X71=13 X72=376 X73=450 X74=602 X75=616 X76=53 X77=94 X78=30 X79=67 X80=213 X81=650 X82=786 X83=6 X84=33 X85=145 X86=287 X87=45 X88=142 X89=327 X90=664 X91=710 X92=153 X93=199 X94=322 X95=668 X96=63 X97=240 X98=291 X99=677 X100=708 X101=57 X102=74 X103=138 X104=206 X105=214 X106=290 X107=325 X108=335 X109=350 X110=465 X111=619 X112=681 X113=735 X114=778 X115=3 X116=258 X117=718 X118=767 X119=252 X120=394 X121=10 X122=28 X123=60 X124=497 X125=523 X126=129 X127=157 X128=204 X129=460 X130=29 X131=102 X132=131 X133=169 X134=312 X135=500 X136=638 X137=702 X138=215 X139=154 X140=580 X141=614 X142=795 X143=401 X144=474 X145=758 X146=52 X147=23 X148=27 X149=117 X150=198 X151=331 X152=15 X153=56 X154=86 X155=411 X156=341 X157=353 X158=373 X159=509 
d NODES 174

   totalWckTime=18.262  totalCpuTime=18.194
