
   AbsCon 1.41 (January, 2014) - defaultConfiguration

   
   instance
        framework=CSP  name=Isomorphism-/cluster/gpg/ciaran/sip-benchmarks/benchmarks/si2_m4D_m4Dr4_625/si2_m4Dr4_m625.04/pattern-/cluster/gpg/ciaran/sip-benchmarks/benchmarks/si2_m4D_m4Dr4_625/si2_m4Dr4_m625.04/target
        parameters=/cluster/gpg/ciaran/sip-benchmarks/benchmarks/si2_m4D_m4Dr4_625/si2_m4Dr4_m625.04/pattern,/cluster/gpg/ciaran/sip-benchmarks/benchmarks/si2_m4D_m4Dr4_625/si2_m4Dr4_m625.04/target
      

   loading variables...
        nbVariables=125  nbDomainTypes=1  nbTotalValues=78125  domainSizes=(625:125)
          =>  wckTime=0.218  cpuTime=0.366  mem=8M793

   loading objectives...

   loading constraints...
        nbConstraints=217  nbSpecificConstraints=1  nbExtensionStructures=(1,shared:215)  nbConflictsStructures=(1,shared:215,unbuilt:1)
        degrees=(2:31)(3:22)(4:20)...(8:13)(9:1)(10:1)  arities=(2:216)(125:1)  types=(AllDifferent:1)(ConstraintHardExtensionV-Bits:216)
          =>  wckTime=0.362  cpuTime=0.504  mem=16M33

   INFO : <!-- Start saving the XML representation -->

   INFO : <!-- Stop saving the XML representation of target.xml -->

   Solver SolverBacktrack being built... 
          =>  wckTime=0.684  cpuTime=0.796  mem=30M738

    instantiation X0=0 X1=495 X2=510 X3=514 X4=537 X5=577 X6=195 X7=242 X8=297 X9=512 X10=546 X11=570 X12=163 X13=489 X14=616 X15=174 X16=191 X17=346 X18=237 X19=65 X20=288 X21=108 X22=183 X23=280 X24=319 X25=347 X26=81 X27=128 X28=446 X29=25 X30=160 X31=521 X32=46 X33=44 X34=50 X35=390 X36=393 X37=536 X38=559 X39=623 X40=155 X41=209 X42=34 X43=229 X44=173 X45=450 X46=612 X47=613 X48=615 X49=82 X50=93 X51=145 X52=235 X53=272 X54=316 X55=41 X56=210 X57=398 X58=24 X59=45 X60=273 X61=545 X62=610 X63=49 X64=164 X65=437 X66=480 X67=16 X68=27 X69=282 X70=284 X71=543 X72=578 X73=62 X74=430 X75=2 X76=64 X77=256 X78=333 X79=426 X80=455 X81=98 X82=564 X83=117 X84=281 X85=352 X86=383 X87=459 X88=150 X89=223 X90=345 X91=395 X92=278 X93=404 X94=194 X95=66 X96=113 X97=198 X98=399 X99=505 X100=420 X101=454 X102=555 X103=22 X104=129 X105=193 X106=362 X107=3 X108=59 X109=590 X110=582 X111=111 X112=136 X113=301 X114=440 X115=451 X116=535 X117=602 X118=227 X119=469 X120=330 X121=527 X122=427 X123=18 X124=89 

    solution X0=0 X1=495 X2=510 X3=514 X4=537 X5=577 X6=195 X7=242 X8=297 X9=512 X10=546 X11=570 X12=163 X13=489 X14=616 X15=174 X16=191 X17=346 X18=237 X19=65 X20=288 X21=108 X22=183 X23=280 X24=319 X25=347 X26=81 X27=128 X28=446 X29=25 X30=160 X31=521 X32=46 X33=44 X34=50 X35=390 X36=393 X37=536 X38=559 X39=623 X40=155 X41=209 X42=34 X43=229 X44=173 X45=450 X46=612 X47=613 X48=615 X49=82 X50=93 X51=145 X52=235 X53=272 X54=316 X55=41 X56=210 X57=398 X58=24 X59=45 X60=273 X61=545 X62=610 X63=49 X64=164 X65=437 X66=480 X67=16 X68=27 X69=282 X70=284 X71=543 X72=578 X73=62 X74=430 X75=2 X76=64 X77=256 X78=333 X79=426 X80=455 X81=98 X82=564 X83=117 X84=281 X85=352 X86=383 X87=459 X88=150 X89=223 X90=345 X91=395 X92=278 X93=404 X94=194 X95=66 X96=113 X97=198 X98=399 X99=505 X100=420 X101=454 X102=555 X103=22 X104=129 X105=193 X106=362 X107=3 X108=59 X109=590 X110=582 X111=111 X112=136 X113=301 X114=440 X115=451 X116=535 X117=602 X118=227 X119=469 X120=330 X121=527 X122=427 X123=18 X124=89 

   
   search
        run=0  nbConstraintChecks=217  depth=(min:0,max:124,avg:1)  nbEffectivePropagations=4069  nbRevisions=20138  nbUselessRevisions=16158
        nbAssignments=748  nbFailedAssignments=623  nbBacktracks=0  nbVisitedNodes=1372  nbRestartNogoods=0  nbFoundSolutions=1
        upperBound=9223372036854775807
          =>  wckTime=43.089  cpuTime=43.342  mem=200M62

   
   global
        nbConstraintChecks=217  nbEffectivePropagations=4069  nbRevisions=20138  nbUselessRevisions=16158  nbRestartNogoods=0
        solvingWckTime=43.089  expiredTime=no  totalExploration=no  nbFoundSolutions=1  firstSolutionCpuTime=43.338  Stop=REACHED_GOAL
          =>  wckTime=43.774  cpuTime=43.342  mem=200M62

s SATISFIABLE
v X0=0 X1=495 X2=510 X3=514 X4=537 X5=577 X6=195 X7=242 X8=297 X9=512 X10=546 X11=570 X12=163 X13=489 X14=616 X15=174 X16=191 X17=346 X18=237 X19=65 X20=288 X21=108 X22=183 X23=280 X24=319 X25=347 X26=81 X27=128 X28=446 X29=25 X30=160 X31=521 X32=46 X33=44 X34=50 X35=390 X36=393 X37=536 X38=559 X39=623 X40=155 X41=209 X42=34 X43=229 X44=173 X45=450 X46=612 X47=613 X48=615 X49=82 X50=93 X51=145 X52=235 X53=272 X54=316 X55=41 X56=210 X57=398 X58=24 X59=45 X60=273 X61=545 X62=610 X63=49 X64=164 X65=437 X66=480 X67=16 X68=27 X69=282 X70=284 X71=543 X72=578 X73=62 X74=430 X75=2 X76=64 X77=256 X78=333 X79=426 X80=455 X81=98 X82=564 X83=117 X84=281 X85=352 X86=383 X87=459 X88=150 X89=223 X90=345 X91=395 X92=278 X93=404 X94=194 X95=66 X96=113 X97=198 X98=399 X99=505 X100=420 X101=454 X102=555 X103=22 X104=129 X105=193 X106=362 X107=3 X108=59 X109=590 X110=582 X111=111 X112=136 X113=301 X114=440 X115=451 X116=535 X117=602 X118=227 X119=469 X120=330 X121=527 X122=427 X123=18 X124=89 
d NODES 748

   totalWckTime=43.666  totalCpuTime=43.343
