
   AbsCon 1.41 (January, 2014) - defaultConfiguration

   
   instance
        framework=CSP  name=Isomorphism-/cluster/gpg/ciaran/sip-benchmarks/benchmarks/si2_m4D_m4Dr6_625/si2_m4Dr6_m625.03/pattern-/cluster/gpg/ciaran/sip-benchmarks/benchmarks/si2_m4D_m4Dr6_625/si2_m4Dr6_m625.03/target
        parameters=/cluster/gpg/ciaran/sip-benchmarks/benchmarks/si2_m4D_m4Dr6_625/si2_m4Dr6_m625.03/pattern,/cluster/gpg/ciaran/sip-benchmarks/benchmarks/si2_m4D_m4Dr6_625/si2_m4Dr6_m625.03/target
      

   loading variables...
        nbVariables=125  nbDomainTypes=1  nbTotalValues=78125  domainSizes=(625:125)
          =>  wckTime=0.215  cpuTime=0.316  mem=8M764

   loading objectives...

   loading constraints...
        nbConstraints=219  nbSpecificConstraints=1  nbExtensionStructures=(1,shared:217)  nbConflictsStructures=(1,shared:217,unbuilt:1)
        degrees=(2:33)(3:25)(4:21)...(9:6)(10:3)(11:2)  arities=(2:218)(125:1)  types=(AllDifferent:1)(ConstraintHardExtensionV-Bits:218)
          =>  wckTime=0.364  cpuTime=0.454  mem=16M82

   INFO : <!-- Start saving the XML representation -->

   INFO : <!-- Stop saving the XML representation of target.xml -->

   Solver SolverBacktrack being built... 
          =>  wckTime=0.709  cpuTime=0.735  mem=30M820

    instantiation X0=0 X1=156 X2=271 X3=276 X4=393 X5=429 X6=5 X7=23 X8=76 X9=437 X10=491 X11=529 X12=77 X13=171 X14=293 X15=367 X16=153 X17=365 X18=475 X19=558 X20=466 X21=570 X22=101 X23=208 X24=400 X25=489 X26=538 X27=290 X28=319 X29=322 X30=530 X31=227 X32=240 X33=472 X34=545 X35=54 X36=107 X37=213 X38=248 X39=307 X40=457 X41=504 X42=549 X43=14 X44=461 X45=312 X46=526 X47=624 X48=211 X49=387 X50=12 X51=180 X52=198 X53=371 X54=508 X55=616 X56=19 X57=145 X58=349 X59=465 X60=119 X61=525 X62=239 X63=245 X64=378 X65=402 X66=488 X67=574 X68=46 X69=47 X70=53 X71=115 X72=163 X73=507 X74=398 X75=444 X76=559 X77=41 X78=617 X79=364 X80=462 X81=486 X82=599 X83=15 X84=70 X85=91 X86=154 X87=167 X88=342 X89=31 X90=264 X91=496 X92=580 X93=591 X94=370 X95=441 X96=90 X97=106 X98=294 X99=297 X100=356 X101=452 X102=265 X103=403 X104=623 X105=17 X106=203 X107=13 X108=436 X109=11 X110=142 X111=262 X112=313 X113=328 X114=474 X115=548 X116=592 X117=223 X118=236 X119=487 X120=537 X121=49 X122=292 X123=366 X124=494 

    solution X0=0 X1=156 X2=271 X3=276 X4=393 X5=429 X6=5 X7=23 X8=76 X9=437 X10=491 X11=529 X12=77 X13=171 X14=293 X15=367 X16=153 X17=365 X18=475 X19=558 X20=466 X21=570 X22=101 X23=208 X24=400 X25=489 X26=538 X27=290 X28=319 X29=322 X30=530 X31=227 X32=240 X33=472 X34=545 X35=54 X36=107 X37=213 X38=248 X39=307 X40=457 X41=504 X42=549 X43=14 X44=461 X45=312 X46=526 X47=624 X48=211 X49=387 X50=12 X51=180 X52=198 X53=371 X54=508 X55=616 X56=19 X57=145 X58=349 X59=465 X60=119 X61=525 X62=239 X63=245 X64=378 X65=402 X66=488 X67=574 X68=46 X69=47 X70=53 X71=115 X72=163 X73=507 X74=398 X75=444 X76=559 X77=41 X78=617 X79=364 X80=462 X81=486 X82=599 X83=15 X84=70 X85=91 X86=154 X87=167 X88=342 X89=31 X90=264 X91=496 X92=580 X93=591 X94=370 X95=441 X96=90 X97=106 X98=294 X99=297 X100=356 X101=452 X102=265 X103=403 X104=623 X105=17 X106=203 X107=13 X108=436 X109=11 X110=142 X111=262 X112=313 X113=328 X114=474 X115=548 X116=592 X117=223 X118=236 X119=487 X120=537 X121=49 X122=292 X123=366 X124=494 

   
   search
        run=0  nbConstraintChecks=219  depth=(min:0,max:124,avg:1)  nbEffectivePropagations=121  nbRevisions=2326  nbUselessRevisions=2326
        nbAssignments=296  nbFailedAssignments=171  nbBacktracks=0  nbVisitedNodes=468  nbRestartNogoods=0  nbFoundSolutions=1
        upperBound=9223372036854775807
          =>  wckTime=12.138  cpuTime=12.741  mem=114M476

   
   global
        nbConstraintChecks=219  nbEffectivePropagations=121  nbRevisions=2326  nbUselessRevisions=2326  nbRestartNogoods=0  solvingWckTime=12.139
        expiredTime=no  totalExploration=no  nbFoundSolutions=1  firstSolutionCpuTime=12.736  Stop=REACHED_GOAL
          =>  wckTime=12.848  cpuTime=12.742  mem=114M476

s SATISFIABLE
v X0=0 X1=156 X2=271 X3=276 X4=393 X5=429 X6=5 X7=23 X8=76 X9=437 X10=491 X11=529 X12=77 X13=171 X14=293 X15=367 X16=153 X17=365 X18=475 X19=558 X20=466 X21=570 X22=101 X23=208 X24=400 X25=489 X26=538 X27=290 X28=319 X29=322 X30=530 X31=227 X32=240 X33=472 X34=545 X35=54 X36=107 X37=213 X38=248 X39=307 X40=457 X41=504 X42=549 X43=14 X44=461 X45=312 X46=526 X47=624 X48=211 X49=387 X50=12 X51=180 X52=198 X53=371 X54=508 X55=616 X56=19 X57=145 X58=349 X59=465 X60=119 X61=525 X62=239 X63=245 X64=378 X65=402 X66=488 X67=574 X68=46 X69=47 X70=53 X71=115 X72=163 X73=507 X74=398 X75=444 X76=559 X77=41 X78=617 X79=364 X80=462 X81=486 X82=599 X83=15 X84=70 X85=91 X86=154 X87=167 X88=342 X89=31 X90=264 X91=496 X92=580 X93=591 X94=370 X95=441 X96=90 X97=106 X98=294 X99=297 X100=356 X101=452 X102=265 X103=403 X104=623 X105=17 X106=203 X107=13 X108=436 X109=11 X110=142 X111=262 X112=313 X113=328 X114=474 X115=548 X116=592 X117=223 X118=236 X119=487 X120=537 X121=49 X122=292 X123=366 X124=494 
d NODES 296

   totalWckTime=12.737  totalCpuTime=12.742
