
   AbsCon 1.41 (January, 2014) - defaultConfiguration

   
   instance
        framework=CSP  name=Isomorphism-/cluster/gpg/ciaran/sip-benchmarks/benchmarks/si2_m4D_m4Dr2_1296/si2_m4Dr2_m1296.00/pattern-/cluster/gpg/ciaran/sip-benchmarks/benchmarks/si2_m4D_m4Dr2_1296/si2_m4Dr2_m1296.00/target
        parameters=/cluster/gpg/ciaran/sip-benchmarks/benchmarks/si2_m4D_m4Dr2_1296/si2_m4Dr2_m1296.00/pattern,/cluster/gpg/ciaran/sip-benchmarks/benchmarks/si2_m4D_m4Dr2_1296/si2_m4Dr2_m1296.00/target
      

   loading variables...
        nbVariables=259  nbDomainTypes=1  nbTotalValues=335664  domainSizes=(1296:259)
          =>  wckTime=0.29  cpuTime=0.386  mem=24M327

   loading objectives...

   loading constraints...
        nbConstraints=517  nbSpecificConstraints=1  nbExtensionStructures=(1,shared:515)  nbConflictsStructures=(1,shared:515,unbuilt:1)
        degrees=(2:50)(3:36)(4:44)...(9:8)(10:7)(11:2)  arities=(2:516)(259:1)  types=(AllDifferent:1)(ConstraintHardExtensionV-Bits:516)
          =>  wckTime=0.63  cpuTime=0.703  mem=38M142

   INFO : <!-- Start saving the XML representation -->

   INFO : <!-- Stop saving the XML representation of target.xml -->

   Solver SolverBacktrack being built... 
          =>  wckTime=1.238  cpuTime=1.27  mem=135M988

    instantiation X0=0 X1=198 X2=395 X3=669 X4=890 X5=999 X6=1274 X7=67 X8=207 X9=423 X10=1088 X11=227 X12=677 X13=759 X14=1041 X15=1116 X16=1123 X17=1141 X18=408 X19=670 X20=893 X21=334 X22=552 X23=594 X24=1236 X25=629 X26=1070 X27=1075 X28=461 X29=822 X30=40 X31=135 X32=375 X33=718 X34=894 X35=1066 X36=255 X37=826 X38=974 X39=95 X40=779 X41=797 X42=5 X43=120 X44=127 X45=297 X46=470 X47=905 X48=983 X49=1252 X50=114 X51=117 X52=487 X53=534 X54=750 X55=955 X56=1037 X57=519 X58=1055 X59=175 X60=488 X61=609 X62=15 X63=228 X64=530 X65=992 X66=515 X67=1110 X68=242 X69=624 X70=57 X71=870 X72=980 X73=1099 X74=1251 X75=181 X76=253 X77=361 X78=795 X79=282 X80=437 X81=828 X82=508 X83=575 X84=839 X85=349 X86=279 X87=527 X88=532 X89=551 X90=573 X91=702 X92=815 X93=863 X94=1117 X95=1272 X96=33 X97=80 X98=90 X99=180 X100=1164 X101=1104 X102=588 X103=1278 X104=79 X105=976 X106=1074 X107=37 X108=281 X109=900 X110=1095 X111=1213 X112=190 X113=868 X114=921 X115=977 X116=254 X117=740 X118=751 X119=943 X120=1015 X121=1240 X122=924 X123=780 X124=46 X125=139 X126=991 X127=1253 X128=47 X129=684 X130=1136 X131=431 X132=442 X133=726 X134=735 X135=827 X136=1187 X137=42 X138=64 X139=316 X140=409 X141=936 X142=1047 X143=1087 X144=7 X145=13 X146=14 X147=16 X148=215 X149=1000 X150=1051 X151=1215 X152=1181 X153=1257 X154=206 X155=392 X156=673 X157=769 X158=1234 X159=777 X160=54 X161=247 X162=405 X163=607 X164=934 X165=1077 X166=23 X167=428 X168=756 X169=761 X170=44 X171=58 X172=130 X173=232 X174=339 X175=783 X176=1178 X177=1225 X178=427 X179=1118 X180=167 X181=176 X182=1291 X183=1138 X184=733 X185=808 X186=724 X187=400 X188=646 X189=271 X190=338 X191=217 X192=754 X193=1007 X194=62 X195=355 X196=548 X197=602 X198=1050 X199=152 X200=577 X201=659 X202=888 X203=922 X204=664 X205=1250 X206=235 X207=760 X208=133 X209=335 X210=587 X211=848 X212=35 X213=368 X214=475 X215=978 X216=248 X217=590 X218=626 X219=1019 X220=91 X221=362 X222=794 X223=817 X224=1029 X225=353 X226=472 X227=804 X228=202 X229=564 X230=697 X231=789 X232=1025 X233=1045 X234=1220 X235=482 X236=689 X237=424 X238=275 X239=87 X240=102 X241=211 X242=250 X243=561 X244=600 X245=807 X246=89 X247=214 X248=380 X249=412 X250=788 X251=268 X252=1165 X253=313 X254=1147 X255=312 X256=579 X257=1232 X258=1244 

    solution X0=0 X1=198 X2=395 X3=669 X4=890 X5=999 X6=1274 X7=67 X8=207 X9=423 X10=1088 X11=227 X12=677 X13=759 X14=1041 X15=1116 X16=1123 X17=1141 X18=408 X19=670 X20=893 X21=334 X22=552 X23=594 X24=1236 X25=629 X26=1070 X27=1075 X28=461 X29=822 X30=40 X31=135 X32=375 X33=718 X34=894 X35=1066 X36=255 X37=826 X38=974 X39=95 X40=779 X41=797 X42=5 X43=120 X44=127 X45=297 X46=470 X47=905 X48=983 X49=1252 X50=114 X51=117 X52=487 X53=534 X54=750 X55=955 X56=1037 X57=519 X58=1055 X59=175 X60=488 X61=609 X62=15 X63=228 X64=530 X65=992 X66=515 X67=1110 X68=242 X69=624 X70=57 X71=870 X72=980 X73=1099 X74=1251 X75=181 X76=253 X77=361 X78=795 X79=282 X80=437 X81=828 X82=508 X83=575 X84=839 X85=349 X86=279 X87=527 X88=532 X89=551 X90=573 X91=702 X92=815 X93=863 X94=1117 X95=1272 X96=33 X97=80 X98=90 X99=180 X100=1164 X101=1104 X102=588 X103=1278 X104=79 X105=976 X106=1074 X107=37 X108=281 X109=900 X110=1095 X111=1213 X112=190 X113=868 X114=921 X115=977 X116=254 X117=740 X118=751 X119=943 X120=1015 X121=1240 X122=924 X123=780 X124=46 X125=139 X126=991 X127=1253 X128=47 X129=684 X130=1136 X131=431 X132=442 X133=726 X134=735 X135=827 X136=1187 X137=42 X138=64 X139=316 X140=409 X141=936 X142=1047 X143=1087 X144=7 X145=13 X146=14 X147=16 X148=215 X149=1000 X150=1051 X151=1215 X152=1181 X153=1257 X154=206 X155=392 X156=673 X157=769 X158=1234 X159=777 X160=54 X161=247 X162=405 X163=607 X164=934 X165=1077 X166=23 X167=428 X168=756 X169=761 X170=44 X171=58 X172=130 X173=232 X174=339 X175=783 X176=1178 X177=1225 X178=427 X179=1118 X180=167 X181=176 X182=1291 X183=1138 X184=733 X185=808 X186=724 X187=400 X188=646 X189=271 X190=338 X191=217 X192=754 X193=1007 X194=62 X195=355 X196=548 X197=602 X198=1050 X199=152 X200=577 X201=659 X202=888 X203=922 X204=664 X205=1250 X206=235 X207=760 X208=133 X209=335 X210=587 X211=848 X212=35 X213=368 X214=475 X215=978 X216=248 X217=590 X218=626 X219=1019 X220=91 X221=362 X222=794 X223=817 X224=1029 X225=353 X226=472 X227=804 X228=202 X229=564 X230=697 X231=789 X232=1025 X233=1045 X234=1220 X235=482 X236=689 X237=424 X238=275 X239=87 X240=102 X241=211 X242=250 X243=561 X244=600 X245=807 X246=89 X247=214 X248=380 X249=412 X250=788 X251=268 X252=1165 X253=313 X254=1147 X255=312 X256=579 X257=1232 X258=1244 

   
   search
        run=0  nbConstraintChecks=517  depth=(min:0,max:258,avg:1)  nbEffectivePropagations=141  nbRevisions=2678  nbUselessRevisions=2678
        nbAssignments=376  nbFailedAssignments=117  nbBacktracks=0  nbVisitedNodes=494  nbRestartNogoods=0  nbFoundSolutions=1
        upperBound=9223372036854775807
          =>  wckTime=70.655  cpuTime=71.126  mem=521M945

   
   global
        nbConstraintChecks=517  nbEffectivePropagations=141  nbRevisions=2678  nbUselessRevisions=2678  nbRestartNogoods=0  solvingWckTime=70.656
        expiredTime=no  totalExploration=no  nbFoundSolutions=1  firstSolutionCpuTime=71.118  Stop=REACHED_GOAL
          =>  wckTime=71.894  cpuTime=71.126  mem=521M945

s SATISFIABLE
v X0=0 X1=198 X2=395 X3=669 X4=890 X5=999 X6=1274 X7=67 X8=207 X9=423 X10=1088 X11=227 X12=677 X13=759 X14=1041 X15=1116 X16=1123 X17=1141 X18=408 X19=670 X20=893 X21=334 X22=552 X23=594 X24=1236 X25=629 X26=1070 X27=1075 X28=461 X29=822 X30=40 X31=135 X32=375 X33=718 X34=894 X35=1066 X36=255 X37=826 X38=974 X39=95 X40=779 X41=797 X42=5 X43=120 X44=127 X45=297 X46=470 X47=905 X48=983 X49=1252 X50=114 X51=117 X52=487 X53=534 X54=750 X55=955 X56=1037 X57=519 X58=1055 X59=175 X60=488 X61=609 X62=15 X63=228 X64=530 X65=992 X66=515 X67=1110 X68=242 X69=624 X70=57 X71=870 X72=980 X73=1099 X74=1251 X75=181 X76=253 X77=361 X78=795 X79=282 X80=437 X81=828 X82=508 X83=575 X84=839 X85=349 X86=279 X87=527 X88=532 X89=551 X90=573 X91=702 X92=815 X93=863 X94=1117 X95=1272 X96=33 X97=80 X98=90 X99=180 X100=1164 X101=1104 X102=588 X103=1278 X104=79 X105=976 X106=1074 X107=37 X108=281 X109=900 X110=1095 X111=1213 X112=190 X113=868 X114=921 X115=977 X116=254 X117=740 X118=751 X119=943 X120=1015 X121=1240 X122=924 X123=780 X124=46 X125=139 X126=991 X127=1253 X128=47 X129=684 X130=1136 X131=431 X132=442 X133=726 X134=735 X135=827 X136=1187 X137=42 X138=64 X139=316 X140=409 X141=936 X142=1047 X143=1087 X144=7 X145=13 X146=14 X147=16 X148=215 X149=1000 X150=1051 X151=1215 X152=1181 X153=1257 X154=206 X155=392 X156=673 X157=769 X158=1234 X159=777 X160=54 X161=247 X162=405 X163=607 X164=934 X165=1077 X166=23 X167=428 X168=756 X169=761 X170=44 X171=58 X172=130 X173=232 X174=339 X175=783 X176=1178 X177=1225 X178=427 X179=1118 X180=167 X181=176 X182=1291 X183=1138 X184=733 X185=808 X186=724 X187=400 X188=646 X189=271 X190=338 X191=217 X192=754 X193=1007 X194=62 X195=355 X196=548 X197=602 X198=1050 X199=152 X200=577 X201=659 X202=888 X203=922 X204=664 X205=1250 X206=235 X207=760 X208=133 X209=335 X210=587 X211=848 X212=35 X213=368 X214=475 X215=978 X216=248 X217=590 X218=626 X219=1019 X220=91 X221=362 X222=794 X223=817 X224=1029 X225=353 X226=472 X227=804 X228=202 X229=564 X230=697 X231=789 X232=1025 X233=1045 X234=1220 X235=482 X236=689 X237=424 X238=275 X239=87 X240=102 X241=211 X242=250 X243=561 X244=600 X245=807 X246=89 X247=214 X248=380 X249=412 X250=788 X251=268 X252=1165 X253=313 X254=1147 X255=312 X256=579 X257=1232 X258=1244 
d NODES 376

   totalWckTime=71.759  totalCpuTime=71.127
