
   AbsCon 1.41 (January, 2014) - defaultConfiguration

   
   instance
        framework=CSP  name=Isomorphism-/cluster/gpg/ciaran/sip-benchmarks/benchmarks/si2_bvg_b06_800/si2_b06_m800.01/pattern-/cluster/gpg/ciaran/sip-benchmarks/benchmarks/si2_bvg_b06_800/si2_b06_m800.01/target
        parameters=/cluster/gpg/ciaran/sip-benchmarks/benchmarks/si2_bvg_b06_800/si2_b06_m800.01/pattern,/cluster/gpg/ciaran/sip-benchmarks/benchmarks/si2_bvg_b06_800/si2_b06_m800.01/target
      

   loading variables...
        nbVariables=160  nbDomainTypes=1  nbTotalValues=128000  domainSizes=(800:160)
          =>  wckTime=0.211  cpuTime=0.313  mem=11M711

   loading objectives...

   loading constraints...
        nbConstraints=475  nbSpecificConstraints=1  nbExtensionStructures=(1,shared:473)  nbConflictsStructures=(1,shared:473,unbuilt:1)
        degrees=(4:2)(5:2)(6:2)(7:154)  arities=(2:474)(160:1)  types=(AllDifferent:1)(ConstraintHardExtensionV-Bits:474)
          =>  wckTime=0.452  cpuTime=0.532  mem=21M316

   INFO : <!-- Start saving the XML representation -->

   INFO : <!-- Stop saving the XML representation of target.xml -->

   Solver SolverBacktrack being built... 
          =>  wckTime=0.833  cpuTime=0.877  mem=51M522

    instantiation X0=0 X1=25 X2=59 X3=478 X4=583 X5=764 X6=775 X7=352 X8=567 X9=443 X10=497 X11=136 X12=34 X13=98 X14=770 X15=755 X16=350 X17=645 X18=552 X19=338 X20=164 X21=252 X22=554 X23=347 X24=769 X25=137 X26=440 X27=27 X28=519 X29=752 X30=675 X31=475 X32=677 X33=650 X34=499 X35=444 X36=741 X37=616 X38=498 X39=186 X40=67 X41=798 X42=267 X43=791 X44=135 X45=614 X46=187 X47=366 X48=756 X49=75 X50=624 X51=732 X52=35 X53=651 X54=697 X55=477 X56=115 X57=538 X58=665 X59=32 X60=18 X61=231 X62=316 X63=78 X64=439 X65=143 X66=395 X67=133 X68=100 X69=81 X70=272 X71=403 X72=37 X73=1 X74=753 X75=711 X76=289 X77=83 X78=505 X79=192 X80=122 X81=431 X82=287 X83=79 X84=781 X85=632 X86=290 X87=31 X88=525 X89=167 X90=87 X91=437 X92=163 X93=90 X94=211 X95=7 X96=544 X97=416 X98=701 X99=70 X100=455 X101=29 X102=367 X103=656 X104=470 X105=482 X106=291 X107=284 X108=577 X109=253 X110=523 X111=4 X112=328 X113=56 X114=780 X115=772 X116=245 X117=223 X118=602 X119=396 X120=594 X121=237 X122=202 X123=795 X124=156 X125=436 X126=661 X127=354 X128=734 X129=374 X130=112 X131=372 X132=168 X133=327 X134=196 X135=576 X136=466 X137=612 X138=654 X139=545 X140=483 X141=750 X142=210 X143=390 X144=568 X145=710 X146=259 X147=563 X148=85 X149=106 X150=432 X151=54 X152=564 X153=23 X154=785 X155=582 X156=329 X157=490 X158=361 X159=230 

    solution X0=0 X1=25 X2=59 X3=478 X4=583 X5=764 X6=775 X7=352 X8=567 X9=443 X10=497 X11=136 X12=34 X13=98 X14=770 X15=755 X16=350 X17=645 X18=552 X19=338 X20=164 X21=252 X22=554 X23=347 X24=769 X25=137 X26=440 X27=27 X28=519 X29=752 X30=675 X31=475 X32=677 X33=650 X34=499 X35=444 X36=741 X37=616 X38=498 X39=186 X40=67 X41=798 X42=267 X43=791 X44=135 X45=614 X46=187 X47=366 X48=756 X49=75 X50=624 X51=732 X52=35 X53=651 X54=697 X55=477 X56=115 X57=538 X58=665 X59=32 X60=18 X61=231 X62=316 X63=78 X64=439 X65=143 X66=395 X67=133 X68=100 X69=81 X70=272 X71=403 X72=37 X73=1 X74=753 X75=711 X76=289 X77=83 X78=505 X79=192 X80=122 X81=431 X82=287 X83=79 X84=781 X85=632 X86=290 X87=31 X88=525 X89=167 X90=87 X91=437 X92=163 X93=90 X94=211 X95=7 X96=544 X97=416 X98=701 X99=70 X100=455 X101=29 X102=367 X103=656 X104=470 X105=482 X106=291 X107=284 X108=577 X109=253 X110=523 X111=4 X112=328 X113=56 X114=780 X115=772 X116=245 X117=223 X118=602 X119=396 X120=594 X121=237 X122=202 X123=795 X124=156 X125=436 X126=661 X127=354 X128=734 X129=374 X130=112 X131=372 X132=168 X133=327 X134=196 X135=576 X136=466 X137=612 X138=654 X139=545 X140=483 X141=750 X142=210 X143=390 X144=568 X145=710 X146=259 X147=563 X148=85 X149=106 X150=432 X151=54 X152=564 X153=23 X154=785 X155=582 X156=329 X157=490 X158=361 X159=230 

   
   search
        run=0  nbConstraintChecks=475  depth=(min:161,max:159,avg:0)  nbEffectivePropagations=2  nbRevisions=2334  nbUselessRevisions=2334
        nbAssignments=160  nbFailedAssignments=0  nbBacktracks=0  nbVisitedNodes=161  nbRestartNogoods=0  nbFoundSolutions=1
        upperBound=9223372036854775807
          =>  wckTime=11.65  cpuTime=12.346  mem=352M462

   
   global
        nbConstraintChecks=475  nbEffectivePropagations=2  nbRevisions=2334  nbUselessRevisions=2334  nbRestartNogoods=0  solvingWckTime=11.651
        expiredTime=no  totalExploration=no  nbFoundSolutions=1  firstSolutionCpuTime=12.336  Stop=REACHED_GOAL
          =>  wckTime=12.484  cpuTime=12.346  mem=352M462

s SATISFIABLE
v X0=0 X1=25 X2=59 X3=478 X4=583 X5=764 X6=775 X7=352 X8=567 X9=443 X10=497 X11=136 X12=34 X13=98 X14=770 X15=755 X16=350 X17=645 X18=552 X19=338 X20=164 X21=252 X22=554 X23=347 X24=769 X25=137 X26=440 X27=27 X28=519 X29=752 X30=675 X31=475 X32=677 X33=650 X34=499 X35=444 X36=741 X37=616 X38=498 X39=186 X40=67 X41=798 X42=267 X43=791 X44=135 X45=614 X46=187 X47=366 X48=756 X49=75 X50=624 X51=732 X52=35 X53=651 X54=697 X55=477 X56=115 X57=538 X58=665 X59=32 X60=18 X61=231 X62=316 X63=78 X64=439 X65=143 X66=395 X67=133 X68=100 X69=81 X70=272 X71=403 X72=37 X73=1 X74=753 X75=711 X76=289 X77=83 X78=505 X79=192 X80=122 X81=431 X82=287 X83=79 X84=781 X85=632 X86=290 X87=31 X88=525 X89=167 X90=87 X91=437 X92=163 X93=90 X94=211 X95=7 X96=544 X97=416 X98=701 X99=70 X100=455 X101=29 X102=367 X103=656 X104=470 X105=482 X106=291 X107=284 X108=577 X109=253 X110=523 X111=4 X112=328 X113=56 X114=780 X115=772 X116=245 X117=223 X118=602 X119=396 X120=594 X121=237 X122=202 X123=795 X124=156 X125=436 X126=661 X127=354 X128=734 X129=374 X130=112 X131=372 X132=168 X133=327 X134=196 X135=576 X136=466 X137=612 X138=654 X139=545 X140=483 X141=750 X142=210 X143=390 X144=568 X145=710 X146=259 X147=563 X148=85 X149=106 X150=432 X151=54 X152=564 X153=23 X154=785 X155=582 X156=329 X157=490 X158=361 X159=230 
d NODES 160

   totalWckTime=12.383  totalCpuTime=12.347
