
   AbsCon 1.41 (January, 2014) - defaultConfiguration

   
   instance
        framework=CSP  name=Isomorphism-/cluster/gpg/ciaran/sip-benchmarks/benchmarks/si2_m4D_m4Dr2_1296/si2_m4Dr2_m1296.06/pattern-/cluster/gpg/ciaran/sip-benchmarks/benchmarks/si2_m4D_m4Dr2_1296/si2_m4Dr2_m1296.06/target
        parameters=/cluster/gpg/ciaran/sip-benchmarks/benchmarks/si2_m4D_m4Dr2_1296/si2_m4Dr2_m1296.06/pattern,/cluster/gpg/ciaran/sip-benchmarks/benchmarks/si2_m4D_m4Dr2_1296/si2_m4Dr2_m1296.06/target
      

   loading variables...
        nbVariables=259  nbDomainTypes=1  nbTotalValues=335664  domainSizes=(1296:259)
          =>  wckTime=0.297  cpuTime=0.373  mem=24M321

   loading objectives...

   loading constraints...
        nbConstraints=460  nbSpecificConstraints=1  nbExtensionStructures=(1,shared:458)  nbConflictsStructures=(1,shared:458,unbuilt:1)
        degrees=(2:51)(3:56)(4:46)...(7:35)(8:23)(9:8)  arities=(2:459)(259:1)  types=(AllDifferent:1)(ConstraintHardExtensionV-Bits:459)
          =>  wckTime=0.703  cpuTime=0.76  mem=56M391

   INFO : <!-- Start saving the XML representation -->

   INFO : <!-- Stop saving the XML representation of target.xml -->

   Solver SolverBacktrack being built... 
          =>  wckTime=1.387  cpuTime=1.393  mem=134M577

    instantiation X0=0 X1=322 X2=330 X3=460 X4=479 X5=774 X6=781 X7=212 X8=481 X9=653 X10=1130 X11=4 X12=85 X13=607 X14=621 X15=1065 X16=1135 X17=1231 X18=423 X19=1162 X20=1238 X21=1288 X22=353 X23=465 X24=615 X25=798 X26=229 X27=748 X28=869 X29=391 X30=466 X31=622 X32=563 X33=635 X34=749 X35=224 X36=320 X37=365 X38=429 X39=811 X40=164 X41=283 X42=524 X43=673 X44=1030 X45=1148 X46=826 X47=982 X48=1256 X49=446 X50=989 X51=175 X52=650 X53=722 X54=958 X55=997 X56=91 X57=960 X58=200 X59=813 X60=127 X61=440 X62=637 X63=841 X64=1266 X65=1276 X66=1293 X67=674 X68=199 X69=1202 X70=406 X71=832 X72=1028 X73=957 X74=75 X75=552 X76=1105 X77=82 X78=146 X79=392 X80=931 X81=1092 X82=1121 X83=1125 X84=336 X85=925 X86=316 X87=690 X88=326 X89=588 X90=523 X91=750 X92=999 X93=358 X94=533 X95=1091 X96=658 X97=1099 X98=580 X99=59 X100=377 X101=496 X102=773 X103=1093 X104=129 X105=233 X106=453 X107=809 X108=1264 X109=122 X110=230 X111=691 X112=1237 X113=589 X114=678 X115=833 X116=162 X117=601 X118=791 X119=875 X120=102 X121=851 X122=903 X123=1019 X124=1047 X125=1199 X126=583 X127=1046 X128=1153 X129=309 X130=818 X131=1205 X132=15 X133=444 X134=746 X135=1022 X136=1227 X137=502 X138=1118 X139=827 X140=71 X141=73 X142=612 X143=232 X144=645 X145=715 X146=436 X147=449 X148=643 X149=1170 X150=374 X151=680 X152=1096 X153=1204 X154=113 X155=599 X156=186 X157=450 X158=192 X159=785 X160=181 X161=634 X162=770 X163=877 X164=347 X165=575 X166=661 X167=922 X168=969 X169=1143 X170=14 X171=305 X172=654 X173=952 X174=482 X175=518 X176=620 X177=629 X178=1011 X179=372 X180=419 X181=1049 X182=1177 X183=148 X184=853 X185=1010 X186=1124 X187=1241 X188=1020 X189=1110 X190=618 X191=64 X192=1108 X193=703 X194=1123 X195=1289 X196=666 X197=902 X198=313 X199=766 X200=788 X201=25 X202=531 X203=950 X204=962 X205=3 X206=65 X207=110 X208=763 X209=1128 X210=1200 X211=907 X212=81 X213=260 X214=860 X215=247 X216=632 X217=706 X218=757 X219=831 X220=1043 X221=315 X222=452 X223=638 X224=804 X225=1186 X226=376 X227=526 X228=540 X229=1101 X230=1271 X231=96 X232=112 X233=194 X234=296 X235=702 X236=418 X237=945 X238=1269 X239=161 X240=225 X241=1193 X242=780 X243=1002 X244=1160 X245=344 X246=1229 X247=314 X248=908 X249=101 X250=255 X251=278 X252=328 X253=579 X254=768 X255=1174 X256=1155 X257=16 X258=874 

    solution X0=0 X1=322 X2=330 X3=460 X4=479 X5=774 X6=781 X7=212 X8=481 X9=653 X10=1130 X11=4 X12=85 X13=607 X14=621 X15=1065 X16=1135 X17=1231 X18=423 X19=1162 X20=1238 X21=1288 X22=353 X23=465 X24=615 X25=798 X26=229 X27=748 X28=869 X29=391 X30=466 X31=622 X32=563 X33=635 X34=749 X35=224 X36=320 X37=365 X38=429 X39=811 X40=164 X41=283 X42=524 X43=673 X44=1030 X45=1148 X46=826 X47=982 X48=1256 X49=446 X50=989 X51=175 X52=650 X53=722 X54=958 X55=997 X56=91 X57=960 X58=200 X59=813 X60=127 X61=440 X62=637 X63=841 X64=1266 X65=1276 X66=1293 X67=674 X68=199 X69=1202 X70=406 X71=832 X72=1028 X73=957 X74=75 X75=552 X76=1105 X77=82 X78=146 X79=392 X80=931 X81=1092 X82=1121 X83=1125 X84=336 X85=925 X86=316 X87=690 X88=326 X89=588 X90=523 X91=750 X92=999 X93=358 X94=533 X95=1091 X96=658 X97=1099 X98=580 X99=59 X100=377 X101=496 X102=773 X103=1093 X104=129 X105=233 X106=453 X107=809 X108=1264 X109=122 X110=230 X111=691 X112=1237 X113=589 X114=678 X115=833 X116=162 X117=601 X118=791 X119=875 X120=102 X121=851 X122=903 X123=1019 X124=1047 X125=1199 X126=583 X127=1046 X128=1153 X129=309 X130=818 X131=1205 X132=15 X133=444 X134=746 X135=1022 X136=1227 X137=502 X138=1118 X139=827 X140=71 X141=73 X142=612 X143=232 X144=645 X145=715 X146=436 X147=449 X148=643 X149=1170 X150=374 X151=680 X152=1096 X153=1204 X154=113 X155=599 X156=186 X157=450 X158=192 X159=785 X160=181 X161=634 X162=770 X163=877 X164=347 X165=575 X166=661 X167=922 X168=969 X169=1143 X170=14 X171=305 X172=654 X173=952 X174=482 X175=518 X176=620 X177=629 X178=1011 X179=372 X180=419 X181=1049 X182=1177 X183=148 X184=853 X185=1010 X186=1124 X187=1241 X188=1020 X189=1110 X190=618 X191=64 X192=1108 X193=703 X194=1123 X195=1289 X196=666 X197=902 X198=313 X199=766 X200=788 X201=25 X202=531 X203=950 X204=962 X205=3 X206=65 X207=110 X208=763 X209=1128 X210=1200 X211=907 X212=81 X213=260 X214=860 X215=247 X216=632 X217=706 X218=757 X219=831 X220=1043 X221=315 X222=452 X223=638 X224=804 X225=1186 X226=376 X227=526 X228=540 X229=1101 X230=1271 X231=96 X232=112 X233=194 X234=296 X235=702 X236=418 X237=945 X238=1269 X239=161 X240=225 X241=1193 X242=780 X243=1002 X244=1160 X245=344 X246=1229 X247=314 X248=908 X249=101 X250=255 X251=278 X252=328 X253=579 X254=768 X255=1174 X256=1155 X257=16 X258=874 

   
   search
        run=0  nbConstraintChecks=460  depth=(min:0,max:258,avg:1)  nbEffectivePropagations=186  nbRevisions=4455  nbUselessRevisions=4431
        nbAssignments=589  nbFailedAssignments=330  nbBacktracks=0  nbVisitedNodes=920  nbRestartNogoods=0  nbFoundSolutions=1
        upperBound=9223372036854775807
          =>  wckTime=84.915  cpuTime=85.315  mem=401M653

   
   global
        nbConstraintChecks=460  nbEffectivePropagations=186  nbRevisions=4455  nbUselessRevisions=4431  nbRestartNogoods=0  solvingWckTime=84.916
        expiredTime=no  totalExploration=no  nbFoundSolutions=1  firstSolutionCpuTime=85.308  Stop=REACHED_GOAL
          =>  wckTime=86.303  cpuTime=85.316  mem=401M653

s SATISFIABLE
v X0=0 X1=322 X2=330 X3=460 X4=479 X5=774 X6=781 X7=212 X8=481 X9=653 X10=1130 X11=4 X12=85 X13=607 X14=621 X15=1065 X16=1135 X17=1231 X18=423 X19=1162 X20=1238 X21=1288 X22=353 X23=465 X24=615 X25=798 X26=229 X27=748 X28=869 X29=391 X30=466 X31=622 X32=563 X33=635 X34=749 X35=224 X36=320 X37=365 X38=429 X39=811 X40=164 X41=283 X42=524 X43=673 X44=1030 X45=1148 X46=826 X47=982 X48=1256 X49=446 X50=989 X51=175 X52=650 X53=722 X54=958 X55=997 X56=91 X57=960 X58=200 X59=813 X60=127 X61=440 X62=637 X63=841 X64=1266 X65=1276 X66=1293 X67=674 X68=199 X69=1202 X70=406 X71=832 X72=1028 X73=957 X74=75 X75=552 X76=1105 X77=82 X78=146 X79=392 X80=931 X81=1092 X82=1121 X83=1125 X84=336 X85=925 X86=316 X87=690 X88=326 X89=588 X90=523 X91=750 X92=999 X93=358 X94=533 X95=1091 X96=658 X97=1099 X98=580 X99=59 X100=377 X101=496 X102=773 X103=1093 X104=129 X105=233 X106=453 X107=809 X108=1264 X109=122 X110=230 X111=691 X112=1237 X113=589 X114=678 X115=833 X116=162 X117=601 X118=791 X119=875 X120=102 X121=851 X122=903 X123=1019 X124=1047 X125=1199 X126=583 X127=1046 X128=1153 X129=309 X130=818 X131=1205 X132=15 X133=444 X134=746 X135=1022 X136=1227 X137=502 X138=1118 X139=827 X140=71 X141=73 X142=612 X143=232 X144=645 X145=715 X146=436 X147=449 X148=643 X149=1170 X150=374 X151=680 X152=1096 X153=1204 X154=113 X155=599 X156=186 X157=450 X158=192 X159=785 X160=181 X161=634 X162=770 X163=877 X164=347 X165=575 X166=661 X167=922 X168=969 X169=1143 X170=14 X171=305 X172=654 X173=952 X174=482 X175=518 X176=620 X177=629 X178=1011 X179=372 X180=419 X181=1049 X182=1177 X183=148 X184=853 X185=1010 X186=1124 X187=1241 X188=1020 X189=1110 X190=618 X191=64 X192=1108 X193=703 X194=1123 X195=1289 X196=666 X197=902 X198=313 X199=766 X200=788 X201=25 X202=531 X203=950 X204=962 X205=3 X206=65 X207=110 X208=763 X209=1128 X210=1200 X211=907 X212=81 X213=260 X214=860 X215=247 X216=632 X217=706 X218=757 X219=831 X220=1043 X221=315 X222=452 X223=638 X224=804 X225=1186 X226=376 X227=526 X228=540 X229=1101 X230=1271 X231=96 X232=112 X233=194 X234=296 X235=702 X236=418 X237=945 X238=1269 X239=161 X240=225 X241=1193 X242=780 X243=1002 X244=1160 X245=344 X246=1229 X247=314 X248=908 X249=101 X250=255 X251=278 X252=328 X253=579 X254=768 X255=1174 X256=1155 X257=16 X258=874 
d NODES 589

   totalWckTime=86.158  totalCpuTime=85.316
