
   AbsCon 1.41 (January, 2014) - defaultConfiguration

   
   instance
        framework=CSP  name=Isomorphism-/cluster/gpg/ciaran/sip-benchmarks/benchmarks/si2_bvg_b06m_800/si2_b06m_m800.03/pattern-/cluster/gpg/ciaran/sip-benchmarks/benchmarks/si2_bvg_b06m_800/si2_b06m_m800.03/target
        parameters=/cluster/gpg/ciaran/sip-benchmarks/benchmarks/si2_bvg_b06m_800/si2_b06m_m800.03/pattern,/cluster/gpg/ciaran/sip-benchmarks/benchmarks/si2_bvg_b06m_800/si2_b06m_m800.03/target
      

   loading variables...
        nbVariables=160  nbDomainTypes=1  nbTotalValues=128000  domainSizes=(800:160)
          =>  wckTime=0.2  cpuTime=0.342  mem=12M14

   loading objectives...

   loading constraints...
        nbConstraints=300  nbSpecificConstraints=1  nbExtensionStructures=(1,shared:298)  nbConflictsStructures=(1,shared:298,unbuilt:1)
        degrees=(2:22)(3:33)(4:28)...(14:2)(16:1)(18:1)  arities=(2:299)(160:1)  types=(AllDifferent:1)(ConstraintHardExtensionV-Bits:299)
          =>  wckTime=0.403  cpuTime=0.535  mem=25M875

   INFO : <!-- Start saving the XML representation -->

   INFO : <!-- Stop saving the XML representation of target.xml -->

   Solver SolverBacktrack being built... 
          =>  wckTime=0.778  cpuTime=0.872  mem=58M376

    instantiation X0=0 X1=50 X2=62 X3=195 X4=212 X5=249 X6=426 X7=560 X8=568 X9=579 X10=584 X11=620 X12=627 X13=675 X14=716 X15=735 X16=749 X17=773 X18=24 X19=26 X20=78 X21=642 X22=689 X23=28 X24=65 X25=273 X26=416 X27=493 X28=623 X29=686 X30=18 X31=21 X32=305 X33=432 X34=259 X35=116 X36=332 X37=577 X38=609 X39=54 X40=534 X41=666 X42=668 X43=302 X44=40 X45=45 X46=154 X47=721 X48=587 X49=102 X50=434 X51=591 X52=728 X53=25 X54=339 X55=503 X56=604 X57=288 X58=103 X59=420 X60=658 X61=784 X62=16 X63=43 X64=352 X65=610 X66=486 X67=539 X68=601 X69=680 X70=209 X71=232 X72=398 X73=571 X74=726 X75=740 X76=11 X77=199 X78=307 X79=323 X80=335 X81=372 X82=374 X83=540 X84=570 X85=654 X86=692 X87=694 X88=752 X89=66 X90=76 X91=106 X92=173 X93=271 X94=597 X95=600 X96=653 X97=722 X98=797 X99=162 X100=268 X101=791 X102=67 X103=108 X104=349 X105=465 X106=129 X107=405 X108=674 X109=718 X110=795 X111=61 X112=231 X113=251 X114=387 X115=393 X116=32 X117=110 X118=192 X119=269 X120=557 X121=631 X122=512 X123=632 X124=655 X125=205 X126=299 X127=376 X128=411 X129=507 X130=786 X131=191 X132=292 X133=446 X134=3 X135=101 X136=131 X137=247 X138=384 X139=547 X140=556 X141=586 X142=588 X143=644 X144=747 X145=156 X146=176 X147=278 X148=341 X149=344 X150=427 X151=500 X152=562 X153=617 X154=697 X155=53 X156=166 X157=284 X158=318 X159=84 

    solution X0=0 X1=50 X2=62 X3=195 X4=212 X5=249 X6=426 X7=560 X8=568 X9=579 X10=584 X11=620 X12=627 X13=675 X14=716 X15=735 X16=749 X17=773 X18=24 X19=26 X20=78 X21=642 X22=689 X23=28 X24=65 X25=273 X26=416 X27=493 X28=623 X29=686 X30=18 X31=21 X32=305 X33=432 X34=259 X35=116 X36=332 X37=577 X38=609 X39=54 X40=534 X41=666 X42=668 X43=302 X44=40 X45=45 X46=154 X47=721 X48=587 X49=102 X50=434 X51=591 X52=728 X53=25 X54=339 X55=503 X56=604 X57=288 X58=103 X59=420 X60=658 X61=784 X62=16 X63=43 X64=352 X65=610 X66=486 X67=539 X68=601 X69=680 X70=209 X71=232 X72=398 X73=571 X74=726 X75=740 X76=11 X77=199 X78=307 X79=323 X80=335 X81=372 X82=374 X83=540 X84=570 X85=654 X86=692 X87=694 X88=752 X89=66 X90=76 X91=106 X92=173 X93=271 X94=597 X95=600 X96=653 X97=722 X98=797 X99=162 X100=268 X101=791 X102=67 X103=108 X104=349 X105=465 X106=129 X107=405 X108=674 X109=718 X110=795 X111=61 X112=231 X113=251 X114=387 X115=393 X116=32 X117=110 X118=192 X119=269 X120=557 X121=631 X122=512 X123=632 X124=655 X125=205 X126=299 X127=376 X128=411 X129=507 X130=786 X131=191 X132=292 X133=446 X134=3 X135=101 X136=131 X137=247 X138=384 X139=547 X140=556 X141=586 X142=588 X143=644 X144=747 X145=156 X146=176 X147=278 X148=341 X149=344 X150=427 X151=500 X152=562 X153=617 X154=697 X155=53 X156=166 X157=284 X158=318 X159=84 

   
   search
        run=0  nbConstraintChecks=300  depth=(min:161,max:159,avg:0)  nbEffectivePropagations=100  nbRevisions=863  nbUselessRevisions=863
        nbAssignments=160  nbFailedAssignments=0  nbBacktracks=0  nbVisitedNodes=161  nbRestartNogoods=0  nbFoundSolutions=1
        upperBound=9223372036854775807
          =>  wckTime=14.193  cpuTime=14.855  mem=348M752

   
   global
        nbConstraintChecks=300  nbEffectivePropagations=100  nbRevisions=863  nbUselessRevisions=863  nbRestartNogoods=0  solvingWckTime=14.194
        expiredTime=no  totalExploration=no  nbFoundSolutions=1  firstSolutionCpuTime=14.845  Stop=REACHED_GOAL
          =>  wckTime=14.973  cpuTime=14.856  mem=348M752

s SATISFIABLE
v X0=0 X1=50 X2=62 X3=195 X4=212 X5=249 X6=426 X7=560 X8=568 X9=579 X10=584 X11=620 X12=627 X13=675 X14=716 X15=735 X16=749 X17=773 X18=24 X19=26 X20=78 X21=642 X22=689 X23=28 X24=65 X25=273 X26=416 X27=493 X28=623 X29=686 X30=18 X31=21 X32=305 X33=432 X34=259 X35=116 X36=332 X37=577 X38=609 X39=54 X40=534 X41=666 X42=668 X43=302 X44=40 X45=45 X46=154 X47=721 X48=587 X49=102 X50=434 X51=591 X52=728 X53=25 X54=339 X55=503 X56=604 X57=288 X58=103 X59=420 X60=658 X61=784 X62=16 X63=43 X64=352 X65=610 X66=486 X67=539 X68=601 X69=680 X70=209 X71=232 X72=398 X73=571 X74=726 X75=740 X76=11 X77=199 X78=307 X79=323 X80=335 X81=372 X82=374 X83=540 X84=570 X85=654 X86=692 X87=694 X88=752 X89=66 X90=76 X91=106 X92=173 X93=271 X94=597 X95=600 X96=653 X97=722 X98=797 X99=162 X100=268 X101=791 X102=67 X103=108 X104=349 X105=465 X106=129 X107=405 X108=674 X109=718 X110=795 X111=61 X112=231 X113=251 X114=387 X115=393 X116=32 X117=110 X118=192 X119=269 X120=557 X121=631 X122=512 X123=632 X124=655 X125=205 X126=299 X127=376 X128=411 X129=507 X130=786 X131=191 X132=292 X133=446 X134=3 X135=101 X136=131 X137=247 X138=384 X139=547 X140=556 X141=586 X142=588 X143=644 X144=747 X145=156 X146=176 X147=278 X148=341 X149=344 X150=427 X151=500 X152=562 X153=617 X154=697 X155=53 X156=166 X157=284 X158=318 X159=84 
d NODES 160

   totalWckTime=14.879  totalCpuTime=14.857
