
   AbsCon 1.41 (January, 2014) - defaultConfiguration

   
   instance
        framework=CSP  name=Isomorphism-/cluster/gpg/ciaran/sip-benchmarks/benchmarks/si2_bvg_b06_800/si2_b06_m800.03/pattern-/cluster/gpg/ciaran/sip-benchmarks/benchmarks/si2_bvg_b06_800/si2_b06_m800.03/target
        parameters=/cluster/gpg/ciaran/sip-benchmarks/benchmarks/si2_bvg_b06_800/si2_b06_m800.03/pattern,/cluster/gpg/ciaran/sip-benchmarks/benchmarks/si2_bvg_b06_800/si2_b06_m800.03/target
      

   loading variables...
        nbVariables=160  nbDomainTypes=1  nbTotalValues=128000  domainSizes=(800:160)
          =>  wckTime=0.224  cpuTime=0.363  mem=11M988

   loading objectives...

   loading constraints...
        nbConstraints=475  nbSpecificConstraints=1  nbExtensionStructures=(1,shared:473)  nbConflictsStructures=(1,shared:473,unbuilt:1)
        degrees=(4:2)(5:2)(6:2)(7:154)  arities=(2:474)(160:1)  types=(AllDifferent:1)(ConstraintHardExtensionV-Bits:474)
          =>  wckTime=0.459  cpuTime=0.582  mem=22M270

   INFO : <!-- Start saving the XML representation -->

   INFO : <!-- Stop saving the XML representation of target.xml -->

   Solver SolverBacktrack being built... 
          =>  wckTime=0.828  cpuTime=0.91  mem=51M437

    instantiation X0=0 X1=83 X2=238 X3=406 X4=542 X5=583 X6=776 X7=391 X8=405 X9=434 X10=45 X11=360 X12=122 X13=44 X14=191 X15=659 X16=349 X17=223 X18=205 X19=762 X20=91 X21=334 X22=563 X23=494 X24=787 X25=457 X26=679 X27=517 X28=739 X29=310 X30=298 X31=755 X32=617 X33=548 X34=313 X35=276 X36=475 X37=628 X38=455 X39=192 X40=21 X41=262 X42=785 X43=669 X44=15 X45=281 X46=23 X47=156 X48=474 X49=764 X50=270 X51=473 X52=27 X53=685 X54=515 X55=401 X56=779 X57=241 X58=427 X59=140 X60=52 X61=292 X62=68 X63=149 X64=169 X65=650 X66=458 X67=299 X68=431 X69=20 X70=582 X71=568 X72=40 X73=293 X74=344 X75=407 X76=440 X77=346 X78=579 X79=656 X80=529 X81=90 X82=132 X83=86 X84=116 X85=786 X86=791 X87=78 X88=666 X89=613 X90=795 X91=139 X92=60 X93=453 X94=55 X95=108 X96=573 X97=723 X98=557 X99=274 X100=209 X101=526 X102=707 X103=615 X104=704 X105=409 X106=43 X107=171 X108=742 X109=66 X110=80 X111=302 X112=373 X113=618 X114=598 X115=796 X116=59 X117=561 X118=768 X119=520 X120=523 X121=22 X122=713 X123=771 X124=527 X125=189 X126=430 X127=537 X128=285 X129=701 X130=204 X131=185 X132=389 X133=662 X134=10 X135=155 X136=300 X137=614 X138=546 X139=211 X140=627 X141=46 X142=36 X143=444 X144=232 X145=147 X146=600 X147=773 X148=629 X149=644 X150=445 X151=195 X152=182 X153=421 X154=574 X155=477 X156=511 X157=438 X158=543 X159=483 

    solution X0=0 X1=83 X2=238 X3=406 X4=542 X5=583 X6=776 X7=391 X8=405 X9=434 X10=45 X11=360 X12=122 X13=44 X14=191 X15=659 X16=349 X17=223 X18=205 X19=762 X20=91 X21=334 X22=563 X23=494 X24=787 X25=457 X26=679 X27=517 X28=739 X29=310 X30=298 X31=755 X32=617 X33=548 X34=313 X35=276 X36=475 X37=628 X38=455 X39=192 X40=21 X41=262 X42=785 X43=669 X44=15 X45=281 X46=23 X47=156 X48=474 X49=764 X50=270 X51=473 X52=27 X53=685 X54=515 X55=401 X56=779 X57=241 X58=427 X59=140 X60=52 X61=292 X62=68 X63=149 X64=169 X65=650 X66=458 X67=299 X68=431 X69=20 X70=582 X71=568 X72=40 X73=293 X74=344 X75=407 X76=440 X77=346 X78=579 X79=656 X80=529 X81=90 X82=132 X83=86 X84=116 X85=786 X86=791 X87=78 X88=666 X89=613 X90=795 X91=139 X92=60 X93=453 X94=55 X95=108 X96=573 X97=723 X98=557 X99=274 X100=209 X101=526 X102=707 X103=615 X104=704 X105=409 X106=43 X107=171 X108=742 X109=66 X110=80 X111=302 X112=373 X113=618 X114=598 X115=796 X116=59 X117=561 X118=768 X119=520 X120=523 X121=22 X122=713 X123=771 X124=527 X125=189 X126=430 X127=537 X128=285 X129=701 X130=204 X131=185 X132=389 X133=662 X134=10 X135=155 X136=300 X137=614 X138=546 X139=211 X140=627 X141=46 X142=36 X143=444 X144=232 X145=147 X146=600 X147=773 X148=629 X149=644 X150=445 X151=195 X152=182 X153=421 X154=574 X155=477 X156=511 X157=438 X158=543 X159=483 

   
   search
        run=0  nbConstraintChecks=475  depth=(min:161,max:159,avg:0)  nbEffectivePropagations=2  nbRevisions=2334  nbUselessRevisions=2334
        nbAssignments=160  nbFailedAssignments=0  nbBacktracks=0  nbVisitedNodes=161  nbRestartNogoods=0  nbFoundSolutions=1
        upperBound=9223372036854775807
          =>  wckTime=10.438  cpuTime=11.168  mem=700M619

   
   global
        nbConstraintChecks=475  nbEffectivePropagations=2  nbRevisions=2334  nbUselessRevisions=2334  nbRestartNogoods=0  solvingWckTime=10.438
        expiredTime=no  totalExploration=no  nbFoundSolutions=1  firstSolutionCpuTime=11.159  Stop=REACHED_GOAL
          =>  wckTime=11.266  cpuTime=11.169  mem=700M619

s SATISFIABLE
v X0=0 X1=83 X2=238 X3=406 X4=542 X5=583 X6=776 X7=391 X8=405 X9=434 X10=45 X11=360 X12=122 X13=44 X14=191 X15=659 X16=349 X17=223 X18=205 X19=762 X20=91 X21=334 X22=563 X23=494 X24=787 X25=457 X26=679 X27=517 X28=739 X29=310 X30=298 X31=755 X32=617 X33=548 X34=313 X35=276 X36=475 X37=628 X38=455 X39=192 X40=21 X41=262 X42=785 X43=669 X44=15 X45=281 X46=23 X47=156 X48=474 X49=764 X50=270 X51=473 X52=27 X53=685 X54=515 X55=401 X56=779 X57=241 X58=427 X59=140 X60=52 X61=292 X62=68 X63=149 X64=169 X65=650 X66=458 X67=299 X68=431 X69=20 X70=582 X71=568 X72=40 X73=293 X74=344 X75=407 X76=440 X77=346 X78=579 X79=656 X80=529 X81=90 X82=132 X83=86 X84=116 X85=786 X86=791 X87=78 X88=666 X89=613 X90=795 X91=139 X92=60 X93=453 X94=55 X95=108 X96=573 X97=723 X98=557 X99=274 X100=209 X101=526 X102=707 X103=615 X104=704 X105=409 X106=43 X107=171 X108=742 X109=66 X110=80 X111=302 X112=373 X113=618 X114=598 X115=796 X116=59 X117=561 X118=768 X119=520 X120=523 X121=22 X122=713 X123=771 X124=527 X125=189 X126=430 X127=537 X128=285 X129=701 X130=204 X131=185 X132=389 X133=662 X134=10 X135=155 X136=300 X137=614 X138=546 X139=211 X140=627 X141=46 X142=36 X143=444 X144=232 X145=147 X146=600 X147=773 X148=629 X149=644 X150=445 X151=195 X152=182 X153=421 X154=574 X155=477 X156=511 X157=438 X158=543 X159=483 
d NODES 160

   totalWckTime=11.149  totalCpuTime=11.169
