
   AbsCon 1.41 (January, 2014) - defaultConfiguration

   
   instance
        framework=CSP  name=Isomorphism-/cluster/gpg/ciaran/sip-benchmarks/benchmarks/si2_rand_r005_600/si2_r005_m600.00/pattern-/cluster/gpg/ciaran/sip-benchmarks/benchmarks/si2_rand_r005_600/si2_r005_m600.00/target
        parameters=/cluster/gpg/ciaran/sip-benchmarks/benchmarks/si2_rand_r005_600/si2_r005_m600.00/pattern,/cluster/gpg/ciaran/sip-benchmarks/benchmarks/si2_rand_r005_600/si2_r005_m600.00/target
      

   loading variables...
        nbVariables=120  nbDomainTypes=1  nbTotalValues=72000  domainSizes=(600:120)
          =>  wckTime=0.306  cpuTime=0.456  mem=12M409

   loading objectives...

   loading constraints...
        nbConstraints=726  nbSpecificConstraints=1  nbExtensionStructures=(1,shared:724)  nbConflictsStructures=(1,shared:724,unbuilt:1)
        degrees=(6:1)(7:2)(8:4)...(18:6)(19:1)(20:2)  arities=(2:725)(120:1)  types=(AllDifferent:1)(ConstraintHardExtensionV-Bits:725)
          =>  wckTime=0.943  cpuTime=1.064  mem=78M569

   INFO : <!-- Start saving the XML representation -->

   INFO : <!-- Stop saving the XML representation of target.xml -->

   Solver SolverBacktrack being built... 
          =>  wckTime=1.374  cpuTime=1.46  mem=36M480

    instantiation X0=391 X1=364 X2=501 X3=148 X4=199 X5=440 X6=308 X7=487 X8=204 X9=477 X10=25 X11=286 X12=249 X13=445 X14=4 X15=105 X16=557 X17=53 X18=486 X19=231 X20=293 X21=422 X22=219 X23=52 X24=411 X25=147 X26=109 X27=108 X28=432 X29=435 X30=492 X31=453 X32=174 X33=424 X34=394 X35=313 X36=196 X37=526 X38=262 X39=194 X40=478 X41=415 X42=399 X43=280 X44=16 X45=149 X46=484 X47=247 X48=409 X49=41 X50=372 X51=123 X52=201 X53=35 X54=64 X55=406 X56=206 X57=145 X58=228 X59=444 X60=450 X61=12 X62=466 X63=115 X64=462 X65=161 X66=449 X67=28 X68=45 X69=54 X70=31 X71=212 X72=514 X73=310 X74=157 X75=114 X76=546 X77=59 X78=181 X79=517 X80=537 X81=40 X82=407 X83=352 X84=66 X85=240 X86=387 X87=159 X88=89 X89=14 X90=404 X91=567 X92=395 X93=572 X94=511 X95=68 X96=230 X97=582 X98=558 X99=141 X100=485 X101=125 X102=258 X103=538 X104=481 X105=544 X106=489 X107=333 X108=322 X109=584 X110=515 X111=235 X112=494 X113=527 X114=326 X115=85 X116=437 X117=82 X118=33 X119=242 

    solution X0=391 X1=364 X2=501 X3=148 X4=199 X5=440 X6=308 X7=487 X8=204 X9=477 X10=25 X11=286 X12=249 X13=445 X14=4 X15=105 X16=557 X17=53 X18=486 X19=231 X20=293 X21=422 X22=219 X23=52 X24=411 X25=147 X26=109 X27=108 X28=432 X29=435 X30=492 X31=453 X32=174 X33=424 X34=394 X35=313 X36=196 X37=526 X38=262 X39=194 X40=478 X41=415 X42=399 X43=280 X44=16 X45=149 X46=484 X47=247 X48=409 X49=41 X50=372 X51=123 X52=201 X53=35 X54=64 X55=406 X56=206 X57=145 X58=228 X59=444 X60=450 X61=12 X62=466 X63=115 X64=462 X65=161 X66=449 X67=28 X68=45 X69=54 X70=31 X71=212 X72=514 X73=310 X74=157 X75=114 X76=546 X77=59 X78=181 X79=517 X80=537 X81=40 X82=407 X83=352 X84=66 X85=240 X86=387 X87=159 X88=89 X89=14 X90=404 X91=567 X92=395 X93=572 X94=511 X95=68 X96=230 X97=582 X98=558 X99=141 X100=485 X101=125 X102=258 X103=538 X104=481 X105=544 X106=489 X107=333 X108=322 X109=584 X110=515 X111=235 X112=494 X113=527 X114=326 X115=85 X116=437 X117=82 X118=33 X119=242 

   
   search
        run=0  nbConstraintChecks=726  depth=(min:0,max:119,avg:3)  nbEffectivePropagations=24960306  nbRevisions=132811223  nbUselessRevisions=116019557
        nbAssignments=216047  nbFailedAssignments=184178  nbBacktracks=31749  nbVisitedNodes=421362  nbRestartNogoods=0  nbFoundSolutions=1
        upperBound=9223372036854775807
          =>  wckTime=54110.627  cpuTime=53645.506  mem=112M424

   
   global
        nbConstraintChecks=726  nbEffectivePropagations=24960306  nbRevisions=132811223  nbUselessRevisions=116019557  nbRestartNogoods=0
        solvingWckTime=54110.627  expiredTime=no  totalExploration=no  nbFoundSolutions=1  firstSolutionCpuTime=53645.501  Stop=REACHED_GOAL
          =>  wckTime=54112.001  cpuTime=53645.506  mem=112M424

s SATISFIABLE
v X0=391 X1=364 X2=501 X3=148 X4=199 X5=440 X6=308 X7=487 X8=204 X9=477 X10=25 X11=286 X12=249 X13=445 X14=4 X15=105 X16=557 X17=53 X18=486 X19=231 X20=293 X21=422 X22=219 X23=52 X24=411 X25=147 X26=109 X27=108 X28=432 X29=435 X30=492 X31=453 X32=174 X33=424 X34=394 X35=313 X36=196 X37=526 X38=262 X39=194 X40=478 X41=415 X42=399 X43=280 X44=16 X45=149 X46=484 X47=247 X48=409 X49=41 X50=372 X51=123 X52=201 X53=35 X54=64 X55=406 X56=206 X57=145 X58=228 X59=444 X60=450 X61=12 X62=466 X63=115 X64=462 X65=161 X66=449 X67=28 X68=45 X69=54 X70=31 X71=212 X72=514 X73=310 X74=157 X75=114 X76=546 X77=59 X78=181 X79=517 X80=537 X81=40 X82=407 X83=352 X84=66 X85=240 X86=387 X87=159 X88=89 X89=14 X90=404 X91=567 X92=395 X93=572 X94=511 X95=68 X96=230 X97=582 X98=558 X99=141 X100=485 X101=125 X102=258 X103=538 X104=481 X105=544 X106=489 X107=333 X108=322 X109=584 X110=515 X111=235 X112=494 X113=527 X114=326 X115=85 X116=437 X117=82 X118=33 X119=242 
d NODES 216047

   totalWckTime=54111.857  totalCpuTime=53645.506
