
   AbsCon 1.41 (January, 2014) - defaultConfiguration

   
   instance
        framework=CSP  name=Isomorphism-/cluster/gpg/ciaran/sip-benchmarks/benchmarks/si2_bvg_b06_800/si2_b06_m800.00/pattern-/cluster/gpg/ciaran/sip-benchmarks/benchmarks/si2_bvg_b06_800/si2_b06_m800.00/target
        parameters=/cluster/gpg/ciaran/sip-benchmarks/benchmarks/si2_bvg_b06_800/si2_b06_m800.00/pattern,/cluster/gpg/ciaran/sip-benchmarks/benchmarks/si2_bvg_b06_800/si2_b06_m800.00/target
      

   loading variables...
        nbVariables=160  nbDomainTypes=1  nbTotalValues=128000  domainSizes=(800:160)
          =>  wckTime=0.224  cpuTime=0.334  mem=11M571

   loading objectives...

   loading constraints...
        nbConstraints=475  nbSpecificConstraints=1  nbExtensionStructures=(1,shared:473)  nbConflictsStructures=(1,shared:473,unbuilt:1)
        degrees=(4:2)(5:2)(6:2)(7:154)  arities=(2:474)(160:1)  types=(AllDifferent:1)(ConstraintHardExtensionV-Bits:474)
          =>  wckTime=0.469  cpuTime=0.564  mem=21M232

   INFO : <!-- Start saving the XML representation -->

   INFO : <!-- Stop saving the XML representation of target.xml -->

   Solver SolverBacktrack being built... 
          =>  wckTime=0.896  cpuTime=0.955  mem=51M222

    instantiation X0=0 X1=4 X2=36 X3=104 X4=327 X5=388 X6=775 X7=7 X8=647 X9=256 X10=796 X11=11 X12=272 X13=472 X14=462 X15=750 X16=679 X17=671 X18=463 X19=448 X20=176 X21=394 X22=340 X23=694 X24=574 X25=253 X26=611 X27=317 X28=763 X29=100 X30=389 X31=712 X32=637 X33=736 X34=39 X35=573 X36=779 X37=536 X38=81 X39=739 X40=524 X41=325 X42=346 X43=128 X44=326 X45=508 X46=438 X47=402 X48=214 X49=66 X50=341 X51=786 X52=602 X53=540 X54=633 X55=322 X56=386 X57=544 X58=650 X59=734 X60=125 X61=102 X62=761 X63=295 X64=195 X65=731 X66=655 X67=653 X68=323 X69=138 X70=27 X71=686 X72=368 X73=506 X74=487 X75=784 X76=372 X77=382 X78=604 X79=229 X80=276 X81=198 X82=32 X83=534 X84=564 X85=329 X86=306 X87=612 X88=86 X89=565 X90=280 X91=141 X92=700 X93=646 X94=262 X95=139 X96=243 X97=169 X98=432 X99=672 X100=23 X101=689 X102=391 X103=95 X104=635 X105=10 X106=656 X107=557 X108=661 X109=450 X110=674 X111=541 X112=230 X113=704 X114=320 X115=178 X116=507 X117=521 X118=404 X119=621 X120=553 X121=771 X122=482 X123=16 X124=489 X125=595 X126=114 X127=601 X128=188 X129=724 X130=648 X131=727 X132=651 X133=319 X134=296 X135=51 X136=405 X137=210 X138=415 X139=203 X140=627 X141=209 X142=683 X143=403 X144=52 X145=54 X146=599 X147=619 X148=488 X149=143 X150=547 X151=330 X152=561 X153=251 X154=380 X155=419 X156=608 X157=572 X158=631 X159=89 

    solution X0=0 X1=4 X2=36 X3=104 X4=327 X5=388 X6=775 X7=7 X8=647 X9=256 X10=796 X11=11 X12=272 X13=472 X14=462 X15=750 X16=679 X17=671 X18=463 X19=448 X20=176 X21=394 X22=340 X23=694 X24=574 X25=253 X26=611 X27=317 X28=763 X29=100 X30=389 X31=712 X32=637 X33=736 X34=39 X35=573 X36=779 X37=536 X38=81 X39=739 X40=524 X41=325 X42=346 X43=128 X44=326 X45=508 X46=438 X47=402 X48=214 X49=66 X50=341 X51=786 X52=602 X53=540 X54=633 X55=322 X56=386 X57=544 X58=650 X59=734 X60=125 X61=102 X62=761 X63=295 X64=195 X65=731 X66=655 X67=653 X68=323 X69=138 X70=27 X71=686 X72=368 X73=506 X74=487 X75=784 X76=372 X77=382 X78=604 X79=229 X80=276 X81=198 X82=32 X83=534 X84=564 X85=329 X86=306 X87=612 X88=86 X89=565 X90=280 X91=141 X92=700 X93=646 X94=262 X95=139 X96=243 X97=169 X98=432 X99=672 X100=23 X101=689 X102=391 X103=95 X104=635 X105=10 X106=656 X107=557 X108=661 X109=450 X110=674 X111=541 X112=230 X113=704 X114=320 X115=178 X116=507 X117=521 X118=404 X119=621 X120=553 X121=771 X122=482 X123=16 X124=489 X125=595 X126=114 X127=601 X128=188 X129=724 X130=648 X131=727 X132=651 X133=319 X134=296 X135=51 X136=405 X137=210 X138=415 X139=203 X140=627 X141=209 X142=683 X143=403 X144=52 X145=54 X146=599 X147=619 X148=488 X149=143 X150=547 X151=330 X152=561 X153=251 X154=380 X155=419 X156=608 X157=572 X158=631 X159=89 

   
   search
        run=0  nbConstraintChecks=475  depth=(min:161,max:159,avg:0)  nbEffectivePropagations=2  nbRevisions=2334  nbUselessRevisions=2334
        nbAssignments=160  nbFailedAssignments=0  nbBacktracks=0  nbVisitedNodes=161  nbRestartNogoods=0  nbFoundSolutions=1
        upperBound=9223372036854775807
          =>  wckTime=11.221  cpuTime=11.985  mem=212M500

   
   global
        nbConstraintChecks=475  nbEffectivePropagations=2  nbRevisions=2334  nbUselessRevisions=2334  nbRestartNogoods=0  solvingWckTime=11.222
        expiredTime=no  totalExploration=no  nbFoundSolutions=1  firstSolutionCpuTime=11.974  Stop=REACHED_GOAL
          =>  wckTime=12.119  cpuTime=11.985  mem=212M500

s SATISFIABLE
v X0=0 X1=4 X2=36 X3=104 X4=327 X5=388 X6=775 X7=7 X8=647 X9=256 X10=796 X11=11 X12=272 X13=472 X14=462 X15=750 X16=679 X17=671 X18=463 X19=448 X20=176 X21=394 X22=340 X23=694 X24=574 X25=253 X26=611 X27=317 X28=763 X29=100 X30=389 X31=712 X32=637 X33=736 X34=39 X35=573 X36=779 X37=536 X38=81 X39=739 X40=524 X41=325 X42=346 X43=128 X44=326 X45=508 X46=438 X47=402 X48=214 X49=66 X50=341 X51=786 X52=602 X53=540 X54=633 X55=322 X56=386 X57=544 X58=650 X59=734 X60=125 X61=102 X62=761 X63=295 X64=195 X65=731 X66=655 X67=653 X68=323 X69=138 X70=27 X71=686 X72=368 X73=506 X74=487 X75=784 X76=372 X77=382 X78=604 X79=229 X80=276 X81=198 X82=32 X83=534 X84=564 X85=329 X86=306 X87=612 X88=86 X89=565 X90=280 X91=141 X92=700 X93=646 X94=262 X95=139 X96=243 X97=169 X98=432 X99=672 X100=23 X101=689 X102=391 X103=95 X104=635 X105=10 X106=656 X107=557 X108=661 X109=450 X110=674 X111=541 X112=230 X113=704 X114=320 X115=178 X116=507 X117=521 X118=404 X119=621 X120=553 X121=771 X122=482 X123=16 X124=489 X125=595 X126=114 X127=601 X128=188 X129=724 X130=648 X131=727 X132=651 X133=319 X134=296 X135=51 X136=405 X137=210 X138=415 X139=203 X140=627 X141=209 X142=683 X143=403 X144=52 X145=54 X146=599 X147=619 X148=488 X149=143 X150=547 X151=330 X152=561 X153=251 X154=380 X155=419 X156=608 X157=572 X158=631 X159=89 
d NODES 160

   totalWckTime=12.022  totalCpuTime=11.985
