
   AbsCon 1.41 (January, 2014) - defaultConfiguration

   
   instance
        framework=CSP  name=Isomorphism-/cluster/gpg/ciaran/sip-benchmarks/benchmarks/si2_m4D_m4Dr4_1296/si2_m4Dr4_m1296.04/pattern-/cluster/gpg/ciaran/sip-benchmarks/benchmarks/si2_m4D_m4Dr4_1296/si2_m4Dr4_m1296.04/target
        parameters=/cluster/gpg/ciaran/sip-benchmarks/benchmarks/si2_m4D_m4Dr4_1296/si2_m4Dr4_m1296.04/pattern,/cluster/gpg/ciaran/sip-benchmarks/benchmarks/si2_m4D_m4Dr4_1296/si2_m4Dr4_m1296.04/target
      

   loading variables...
        nbVariables=259  nbDomainTypes=1  nbTotalValues=335664  domainSizes=(1296:259)
          =>  wckTime=0.23  cpuTime=0.324  mem=24M328

   loading objectives...

   loading constraints...
        nbConstraints=535  nbSpecificConstraints=1  nbExtensionStructures=(1,shared:533)  nbConflictsStructures=(1,shared:533,unbuilt:1)
        degrees=(2:62)(3:28)(4:33)...(10:12)(11:6)(12:2)  arities=(2:534)(259:1)  types=(AllDifferent:1)(ConstraintHardExtensionV-Bits:534)
          =>  wckTime=0.537  cpuTime=0.605  mem=40M48

   INFO : <!-- Start saving the XML representation -->

   INFO : <!-- Stop saving the XML representation of target.xml -->

   Solver SolverBacktrack being built... 
          =>  wckTime=1.088  cpuTime=1.112  mem=122M128

    instantiation X0=0 X1=105 X2=184 X3=454 X4=642 X5=692 X6=855 X7=910 X8=913 X9=931 X10=113 X11=241 X12=294 X13=627 X14=802 X15=934 X16=1230 X17=95 X18=213 X19=216 X20=226 X21=602 X22=695 X23=816 X24=1193 X25=48 X26=256 X27=550 X28=948 X29=1150 X30=1152 X31=51 X32=526 X33=657 X34=685 X35=993 X36=141 X37=628 X38=702 X39=1101 X40=63 X41=94 X42=515 X43=630 X44=767 X45=663 X46=230 X47=268 X48=111 X49=635 X50=124 X51=264 X52=297 X53=796 X54=1291 X55=72 X56=120 X57=519 X58=882 X59=903 X60=1231 X61=296 X62=552 X63=862 X64=195 X65=217 X66=783 X67=926 X68=1099 X69=148 X70=221 X71=616 X72=1170 X73=1237 X74=1250 X75=190 X76=309 X77=864 X78=1277 X79=1287 X80=61 X81=341 X82=667 X83=772 X84=886 X85=1088 X86=1213 X87=49 X88=211 X89=481 X90=690 X91=1026 X92=1125 X93=1201 X94=644 X95=1037 X96=1121 X97=59 X98=817 X99=891 X100=909 X101=966 X102=223 X103=633 X104=732 X105=895 X106=1207 X107=37 X108=174 X109=896 X110=239 X111=754 X112=520 X113=1034 X114=6 X115=312 X116=329 X117=1032 X118=1197 X119=333 X120=918 X121=943 X122=1041 X123=1123 X124=1166 X125=521 X126=968 X127=110 X128=212 X129=962 X130=129 X131=709 X132=731 X133=1020 X134=1046 X135=1167 X136=276 X137=359 X138=675 X139=820 X140=1077 X141=688 X142=873 X143=1203 X144=1261 X145=79 X146=880 X147=682 X148=986 X149=691 X150=60 X151=1094 X152=1253 X153=392 X154=912 X155=1241 X156=1294 X157=233 X158=380 X159=423 X160=496 X161=789 X162=234 X163=462 X164=813 X165=1155 X166=503 X167=711 X168=878 X169=133 X170=1040 X171=338 X172=1071 X173=352 X174=696 X175=971 X176=1014 X177=53 X178=1260 X179=9 X180=99 X181=810 X182=867 X183=921 X184=1147 X185=56 X186=456 X187=646 X188=1075 X189=1163 X190=152 X191=320 X192=187 X193=417 X194=830 X195=509 X196=705 X197=1070 X198=494 X199=541 X200=645 X201=735 X202=900 X203=917 X204=964 X205=421 X206=1285 X207=300 X208=362 X209=803 X210=843 X211=866 X212=1109 X213=136 X214=328 X215=426 X216=969 X217=42 X218=326 X219=842 X220=865 X221=940 X222=26 X223=281 X224=974 X225=875 X226=144 X227=615 X228=1204 X229=1052 X230=1104 X231=831 X232=1168 X233=161 X234=263 X235=659 X236=680 X237=684 X238=722 X239=770 X240=1186 X241=365 X242=727 X243=923 X244=999 X245=271 X246=1176 X247=868 X248=305 X249=356 X250=513 X251=881 X252=1085 X253=1144 X254=587 X255=317 X256=321 X257=373 X258=491 

    solution X0=0 X1=105 X2=184 X3=454 X4=642 X5=692 X6=855 X7=910 X8=913 X9=931 X10=113 X11=241 X12=294 X13=627 X14=802 X15=934 X16=1230 X17=95 X18=213 X19=216 X20=226 X21=602 X22=695 X23=816 X24=1193 X25=48 X26=256 X27=550 X28=948 X29=1150 X30=1152 X31=51 X32=526 X33=657 X34=685 X35=993 X36=141 X37=628 X38=702 X39=1101 X40=63 X41=94 X42=515 X43=630 X44=767 X45=663 X46=230 X47=268 X48=111 X49=635 X50=124 X51=264 X52=297 X53=796 X54=1291 X55=72 X56=120 X57=519 X58=882 X59=903 X60=1231 X61=296 X62=552 X63=862 X64=195 X65=217 X66=783 X67=926 X68=1099 X69=148 X70=221 X71=616 X72=1170 X73=1237 X74=1250 X75=190 X76=309 X77=864 X78=1277 X79=1287 X80=61 X81=341 X82=667 X83=772 X84=886 X85=1088 X86=1213 X87=49 X88=211 X89=481 X90=690 X91=1026 X92=1125 X93=1201 X94=644 X95=1037 X96=1121 X97=59 X98=817 X99=891 X100=909 X101=966 X102=223 X103=633 X104=732 X105=895 X106=1207 X107=37 X108=174 X109=896 X110=239 X111=754 X112=520 X113=1034 X114=6 X115=312 X116=329 X117=1032 X118=1197 X119=333 X120=918 X121=943 X122=1041 X123=1123 X124=1166 X125=521 X126=968 X127=110 X128=212 X129=962 X130=129 X131=709 X132=731 X133=1020 X134=1046 X135=1167 X136=276 X137=359 X138=675 X139=820 X140=1077 X141=688 X142=873 X143=1203 X144=1261 X145=79 X146=880 X147=682 X148=986 X149=691 X150=60 X151=1094 X152=1253 X153=392 X154=912 X155=1241 X156=1294 X157=233 X158=380 X159=423 X160=496 X161=789 X162=234 X163=462 X164=813 X165=1155 X166=503 X167=711 X168=878 X169=133 X170=1040 X171=338 X172=1071 X173=352 X174=696 X175=971 X176=1014 X177=53 X178=1260 X179=9 X180=99 X181=810 X182=867 X183=921 X184=1147 X185=56 X186=456 X187=646 X188=1075 X189=1163 X190=152 X191=320 X192=187 X193=417 X194=830 X195=509 X196=705 X197=1070 X198=494 X199=541 X200=645 X201=735 X202=900 X203=917 X204=964 X205=421 X206=1285 X207=300 X208=362 X209=803 X210=843 X211=866 X212=1109 X213=136 X214=328 X215=426 X216=969 X217=42 X218=326 X219=842 X220=865 X221=940 X222=26 X223=281 X224=974 X225=875 X226=144 X227=615 X228=1204 X229=1052 X230=1104 X231=831 X232=1168 X233=161 X234=263 X235=659 X236=680 X237=684 X238=722 X239=770 X240=1186 X241=365 X242=727 X243=923 X244=999 X245=271 X246=1176 X247=868 X248=305 X249=356 X250=513 X251=881 X252=1085 X253=1144 X254=587 X255=317 X256=321 X257=373 X258=491 

   
   search
        run=0  nbConstraintChecks=535  depth=(min:0,max:258,avg:1)  nbEffectivePropagations=358  nbRevisions=9905  nbUselessRevisions=9707
        nbAssignments=886  nbFailedAssignments=627  nbBacktracks=0  nbVisitedNodes=1514  nbRestartNogoods=0  nbFoundSolutions=1
        upperBound=9223372036854775807
          =>  wckTime=86.886  cpuTime=86.963  mem=843M419

   
   global
        nbConstraintChecks=535  nbEffectivePropagations=358  nbRevisions=9905  nbUselessRevisions=9707  nbRestartNogoods=0  solvingWckTime=86.886
        expiredTime=no  totalExploration=no  nbFoundSolutions=1  firstSolutionCpuTime=86.956  Stop=REACHED_GOAL
          =>  wckTime=87.975  cpuTime=86.963  mem=843M419

s SATISFIABLE
v X0=0 X1=105 X2=184 X3=454 X4=642 X5=692 X6=855 X7=910 X8=913 X9=931 X10=113 X11=241 X12=294 X13=627 X14=802 X15=934 X16=1230 X17=95 X18=213 X19=216 X20=226 X21=602 X22=695 X23=816 X24=1193 X25=48 X26=256 X27=550 X28=948 X29=1150 X30=1152 X31=51 X32=526 X33=657 X34=685 X35=993 X36=141 X37=628 X38=702 X39=1101 X40=63 X41=94 X42=515 X43=630 X44=767 X45=663 X46=230 X47=268 X48=111 X49=635 X50=124 X51=264 X52=297 X53=796 X54=1291 X55=72 X56=120 X57=519 X58=882 X59=903 X60=1231 X61=296 X62=552 X63=862 X64=195 X65=217 X66=783 X67=926 X68=1099 X69=148 X70=221 X71=616 X72=1170 X73=1237 X74=1250 X75=190 X76=309 X77=864 X78=1277 X79=1287 X80=61 X81=341 X82=667 X83=772 X84=886 X85=1088 X86=1213 X87=49 X88=211 X89=481 X90=690 X91=1026 X92=1125 X93=1201 X94=644 X95=1037 X96=1121 X97=59 X98=817 X99=891 X100=909 X101=966 X102=223 X103=633 X104=732 X105=895 X106=1207 X107=37 X108=174 X109=896 X110=239 X111=754 X112=520 X113=1034 X114=6 X115=312 X116=329 X117=1032 X118=1197 X119=333 X120=918 X121=943 X122=1041 X123=1123 X124=1166 X125=521 X126=968 X127=110 X128=212 X129=962 X130=129 X131=709 X132=731 X133=1020 X134=1046 X135=1167 X136=276 X137=359 X138=675 X139=820 X140=1077 X141=688 X142=873 X143=1203 X144=1261 X145=79 X146=880 X147=682 X148=986 X149=691 X150=60 X151=1094 X152=1253 X153=392 X154=912 X155=1241 X156=1294 X157=233 X158=380 X159=423 X160=496 X161=789 X162=234 X163=462 X164=813 X165=1155 X166=503 X167=711 X168=878 X169=133 X170=1040 X171=338 X172=1071 X173=352 X174=696 X175=971 X176=1014 X177=53 X178=1260 X179=9 X180=99 X181=810 X182=867 X183=921 X184=1147 X185=56 X186=456 X187=646 X188=1075 X189=1163 X190=152 X191=320 X192=187 X193=417 X194=830 X195=509 X196=705 X197=1070 X198=494 X199=541 X200=645 X201=735 X202=900 X203=917 X204=964 X205=421 X206=1285 X207=300 X208=362 X209=803 X210=843 X211=866 X212=1109 X213=136 X214=328 X215=426 X216=969 X217=42 X218=326 X219=842 X220=865 X221=940 X222=26 X223=281 X224=974 X225=875 X226=144 X227=615 X228=1204 X229=1052 X230=1104 X231=831 X232=1168 X233=161 X234=263 X235=659 X236=680 X237=684 X238=722 X239=770 X240=1186 X241=365 X242=727 X243=923 X244=999 X245=271 X246=1176 X247=868 X248=305 X249=356 X250=513 X251=881 X252=1085 X253=1144 X254=587 X255=317 X256=321 X257=373 X258=491 
d NODES 886

   totalWckTime=87.882  totalCpuTime=86.964
