
   AbsCon 1.41 (January, 2014) - defaultConfiguration

   
   instance
        framework=CSP  name=Isomorphism-/cluster/gpg/ciaran/sip-benchmarks/benchmarks/si2_rand_r005_600/si2_r005_m600.06/pattern-/cluster/gpg/ciaran/sip-benchmarks/benchmarks/si2_rand_r005_600/si2_r005_m600.06/target
        parameters=/cluster/gpg/ciaran/sip-benchmarks/benchmarks/si2_rand_r005_600/si2_r005_m600.06/pattern,/cluster/gpg/ciaran/sip-benchmarks/benchmarks/si2_rand_r005_600/si2_r005_m600.06/target
      

   loading variables...
        nbVariables=120  nbDomainTypes=1  nbTotalValues=72000  domainSizes=(600:120)
          =>  wckTime=0.242  cpuTime=0.35  mem=10M521

   loading objectives...

   loading constraints...
        nbConstraints=708  nbSpecificConstraints=1  nbExtensionStructures=(1,shared:706)  nbConflictsStructures=(1,shared:706,unbuilt:1)
        degrees=(4:1)(5:1)(6:1)...(19:2)(20:2)(21:2)  arities=(2:707)(120:1)  types=(AllDifferent:1)(ConstraintHardExtensionV-Bits:707)
          =>  wckTime=1.203  cpuTime=1.272  mem=38M704

   INFO : <!-- Start saving the XML representation -->

   INFO : <!-- Stop saving the XML representation of target.xml -->

   Solver SolverBacktrack being built... 
          =>  wckTime=1.544  cpuTime=1.584  mem=89M775

    instantiation X0=318 X1=243 X2=513 X3=38 X4=82 X5=37 X6=541 X7=158 X8=174 X9=331 X10=127 X11=230 X12=105 X13=50 X14=332 X15=126 X16=382 X17=467 X18=477 X19=535 X20=153 X21=496 X22=571 X23=136 X24=314 X25=104 X26=432 X27=236 X28=459 X29=227 X30=402 X31=9 X32=453 X33=358 X34=326 X35=508 X36=394 X37=484 X38=469 X39=76 X40=569 X41=341 X42=155 X43=233 X44=509 X45=561 X46=65 X47=40 X48=258 X49=242 X50=302 X51=429 X52=548 X53=147 X54=55 X55=281 X56=327 X57=427 X58=456 X59=563 X60=98 X61=406 X62=113 X63=169 X64=465 X65=414 X66=531 X67=408 X68=300 X69=516 X70=338 X71=323 X72=47 X73=159 X74=355 X75=130 X76=475 X77=325 X78=593 X79=226 X80=122 X81=345 X82=305 X83=31 X84=135 X85=515 X86=69 X87=455 X88=306 X89=248 X90=17 X91=142 X92=544 X93=157 X94=512 X95=184 X96=554 X97=483 X98=430 X99=337 X100=553 X101=460 X102=457 X103=583 X104=426 X105=438 X106=433 X107=330 X108=492 X109=528 X110=279 X111=498 X112=592 X113=448 X114=295 X115=435 X116=204 X117=393 X118=212 X119=249 

    solution X0=318 X1=243 X2=513 X3=38 X4=82 X5=37 X6=541 X7=158 X8=174 X9=331 X10=127 X11=230 X12=105 X13=50 X14=332 X15=126 X16=382 X17=467 X18=477 X19=535 X20=153 X21=496 X22=571 X23=136 X24=314 X25=104 X26=432 X27=236 X28=459 X29=227 X30=402 X31=9 X32=453 X33=358 X34=326 X35=508 X36=394 X37=484 X38=469 X39=76 X40=569 X41=341 X42=155 X43=233 X44=509 X45=561 X46=65 X47=40 X48=258 X49=242 X50=302 X51=429 X52=548 X53=147 X54=55 X55=281 X56=327 X57=427 X58=456 X59=563 X60=98 X61=406 X62=113 X63=169 X64=465 X65=414 X66=531 X67=408 X68=300 X69=516 X70=338 X71=323 X72=47 X73=159 X74=355 X75=130 X76=475 X77=325 X78=593 X79=226 X80=122 X81=345 X82=305 X83=31 X84=135 X85=515 X86=69 X87=455 X88=306 X89=248 X90=17 X91=142 X92=544 X93=157 X94=512 X95=184 X96=554 X97=483 X98=430 X99=337 X100=553 X101=460 X102=457 X103=583 X104=426 X105=438 X106=433 X107=330 X108=492 X109=528 X110=279 X111=498 X112=592 X113=448 X114=295 X115=435 X116=204 X117=393 X118=212 X119=249 

   
   search
        run=0  nbConstraintChecks=708  depth=(min:0,max:119,avg:2)  nbEffectivePropagations=11438900  nbRevisions=58618651  nbUselessRevisions=51133116
        nbAssignments=98047  nbFailedAssignments=83170  nbBacktracks=14757  nbVisitedNodes=192238  nbRestartNogoods=0  nbFoundSolutions=1
        upperBound=9223372036854775807
          =>  wckTime=22510.268  cpuTime=22296.672  mem=142M832

   
   global
        nbConstraintChecks=708  nbEffectivePropagations=11438900  nbRevisions=58618651  nbUselessRevisions=51133116  nbRestartNogoods=0
        solvingWckTime=22510.269  expiredTime=no  totalExploration=no  nbFoundSolutions=1  firstSolutionCpuTime=22296.668  Stop=REACHED_GOAL
          =>  wckTime=22511.814  cpuTime=22296.672  mem=142M832

s SATISFIABLE
v X0=318 X1=243 X2=513 X3=38 X4=82 X5=37 X6=541 X7=158 X8=174 X9=331 X10=127 X11=230 X12=105 X13=50 X14=332 X15=126 X16=382 X17=467 X18=477 X19=535 X20=153 X21=496 X22=571 X23=136 X24=314 X25=104 X26=432 X27=236 X28=459 X29=227 X30=402 X31=9 X32=453 X33=358 X34=326 X35=508 X36=394 X37=484 X38=469 X39=76 X40=569 X41=341 X42=155 X43=233 X44=509 X45=561 X46=65 X47=40 X48=258 X49=242 X50=302 X51=429 X52=548 X53=147 X54=55 X55=281 X56=327 X57=427 X58=456 X59=563 X60=98 X61=406 X62=113 X63=169 X64=465 X65=414 X66=531 X67=408 X68=300 X69=516 X70=338 X71=323 X72=47 X73=159 X74=355 X75=130 X76=475 X77=325 X78=593 X79=226 X80=122 X81=345 X82=305 X83=31 X84=135 X85=515 X86=69 X87=455 X88=306 X89=248 X90=17 X91=142 X92=544 X93=157 X94=512 X95=184 X96=554 X97=483 X98=430 X99=337 X100=553 X101=460 X102=457 X103=583 X104=426 X105=438 X106=433 X107=330 X108=492 X109=528 X110=279 X111=498 X112=592 X113=448 X114=295 X115=435 X116=204 X117=393 X118=212 X119=249 
d NODES 98047

   totalWckTime=22511.697  totalCpuTime=22296.673
