
   AbsCon 1.41 (January, 2014) - defaultConfiguration

   
   instance
        framework=CSP  name=Isomorphism-/cluster/gpg/ciaran/sip-benchmarks/benchmarks/si2_bvg_b06_800/si2_b06_m800.07/pattern-/cluster/gpg/ciaran/sip-benchmarks/benchmarks/si2_bvg_b06_800/si2_b06_m800.07/target
        parameters=/cluster/gpg/ciaran/sip-benchmarks/benchmarks/si2_bvg_b06_800/si2_b06_m800.07/pattern,/cluster/gpg/ciaran/sip-benchmarks/benchmarks/si2_bvg_b06_800/si2_b06_m800.07/target
      

   loading variables...
        nbVariables=160  nbDomainTypes=1  nbTotalValues=128000  domainSizes=(800:160)
          =>  wckTime=0.26  cpuTime=0.365  mem=12M138

   loading objectives...

   loading constraints...
        nbConstraints=475  nbSpecificConstraints=1  nbExtensionStructures=(1,shared:473)  nbConflictsStructures=(1,shared:473,unbuilt:1)
        degrees=(4:2)(5:2)(6:2)(7:154)  arities=(2:474)(160:1)  types=(AllDifferent:1)(ConstraintHardExtensionV-Bits:474)
          =>  wckTime=0.5  cpuTime=0.587  mem=21M724

   INFO : <!-- Start saving the XML representation -->

   INFO : <!-- Stop saving the XML representation of target.xml -->

   Solver SolverBacktrack being built... 
          =>  wckTime=0.875  cpuTime=0.927  mem=51M539

    instantiation X0=0 X1=129 X2=283 X3=393 X4=410 X5=551 X6=665 X7=387 X8=153 X9=433 X10=468 X11=507 X12=515 X13=324 X14=144 X15=411 X16=781 X17=201 X18=131 X19=539 X20=572 X21=647 X22=482 X23=180 X24=547 X25=219 X26=316 X27=364 X28=104 X29=558 X30=514 X31=258 X32=351 X33=676 X34=407 X35=452 X36=195 X37=255 X38=588 X39=622 X40=602 X41=779 X42=44 X43=128 X44=584 X45=447 X46=705 X47=621 X48=246 X49=604 X50=688 X51=680 X52=758 X53=352 X54=361 X55=759 X56=414 X57=382 X58=261 X59=552 X60=303 X61=638 X62=289 X63=362 X64=522 X65=519 X66=241 X67=183 X68=184 X69=445 X70=295 X71=415 X72=74 X73=753 X74=513 X75=563 X76=345 X77=769 X78=664 X79=671 X80=454 X81=419 X82=706 X83=684 X84=592 X85=488 X86=193 X87=114 X88=471 X89=627 X90=340 X91=562 X92=315 X93=641 X94=541 X95=85 X96=200 X97=686 X98=704 X99=477 X100=66 X101=486 X102=785 X103=421 X104=516 X105=370 X106=173 X107=297 X108=136 X109=290 X110=141 X111=626 X112=654 X113=696 X114=566 X115=518 X116=21 X117=249 X118=383 X119=791 X120=25 X121=17 X122=711 X123=493 X124=232 X125=533 X126=308 X127=544 X128=782 X129=463 X130=277 X131=441 X132=479 X133=532 X134=502 X135=645 X136=55 X137=553 X138=33 X139=554 X140=175 X141=716 X142=466 X143=329 X144=196 X145=724 X146=651 X147=536 X148=523 X149=381 X150=110 X151=229 X152=669 X153=606 X154=406 X155=42 X156=135 X157=743 X158=343 X159=390 

    solution X0=0 X1=129 X2=283 X3=393 X4=410 X5=551 X6=665 X7=387 X8=153 X9=433 X10=468 X11=507 X12=515 X13=324 X14=144 X15=411 X16=781 X17=201 X18=131 X19=539 X20=572 X21=647 X22=482 X23=180 X24=547 X25=219 X26=316 X27=364 X28=104 X29=558 X30=514 X31=258 X32=351 X33=676 X34=407 X35=452 X36=195 X37=255 X38=588 X39=622 X40=602 X41=779 X42=44 X43=128 X44=584 X45=447 X46=705 X47=621 X48=246 X49=604 X50=688 X51=680 X52=758 X53=352 X54=361 X55=759 X56=414 X57=382 X58=261 X59=552 X60=303 X61=638 X62=289 X63=362 X64=522 X65=519 X66=241 X67=183 X68=184 X69=445 X70=295 X71=415 X72=74 X73=753 X74=513 X75=563 X76=345 X77=769 X78=664 X79=671 X80=454 X81=419 X82=706 X83=684 X84=592 X85=488 X86=193 X87=114 X88=471 X89=627 X90=340 X91=562 X92=315 X93=641 X94=541 X95=85 X96=200 X97=686 X98=704 X99=477 X100=66 X101=486 X102=785 X103=421 X104=516 X105=370 X106=173 X107=297 X108=136 X109=290 X110=141 X111=626 X112=654 X113=696 X114=566 X115=518 X116=21 X117=249 X118=383 X119=791 X120=25 X121=17 X122=711 X123=493 X124=232 X125=533 X126=308 X127=544 X128=782 X129=463 X130=277 X131=441 X132=479 X133=532 X134=502 X135=645 X136=55 X137=553 X138=33 X139=554 X140=175 X141=716 X142=466 X143=329 X144=196 X145=724 X146=651 X147=536 X148=523 X149=381 X150=110 X151=229 X152=669 X153=606 X154=406 X155=42 X156=135 X157=743 X158=343 X159=390 

   
   search
        run=0  nbConstraintChecks=475  depth=(min:161,max:159,avg:0)  nbEffectivePropagations=2  nbRevisions=2334  nbUselessRevisions=2334
        nbAssignments=160  nbFailedAssignments=0  nbBacktracks=0  nbVisitedNodes=161  nbRestartNogoods=0  nbFoundSolutions=1
        upperBound=9223372036854775807
          =>  wckTime=11.971  cpuTime=12.698  mem=215M75

   
   global
        nbConstraintChecks=475  nbEffectivePropagations=2  nbRevisions=2334  nbUselessRevisions=2334  nbRestartNogoods=0  solvingWckTime=11.971
        expiredTime=no  totalExploration=no  nbFoundSolutions=1  firstSolutionCpuTime=12.688  Stop=REACHED_GOAL
          =>  wckTime=12.848  cpuTime=12.698  mem=215M75

s SATISFIABLE
v X0=0 X1=129 X2=283 X3=393 X4=410 X5=551 X6=665 X7=387 X8=153 X9=433 X10=468 X11=507 X12=515 X13=324 X14=144 X15=411 X16=781 X17=201 X18=131 X19=539 X20=572 X21=647 X22=482 X23=180 X24=547 X25=219 X26=316 X27=364 X28=104 X29=558 X30=514 X31=258 X32=351 X33=676 X34=407 X35=452 X36=195 X37=255 X38=588 X39=622 X40=602 X41=779 X42=44 X43=128 X44=584 X45=447 X46=705 X47=621 X48=246 X49=604 X50=688 X51=680 X52=758 X53=352 X54=361 X55=759 X56=414 X57=382 X58=261 X59=552 X60=303 X61=638 X62=289 X63=362 X64=522 X65=519 X66=241 X67=183 X68=184 X69=445 X70=295 X71=415 X72=74 X73=753 X74=513 X75=563 X76=345 X77=769 X78=664 X79=671 X80=454 X81=419 X82=706 X83=684 X84=592 X85=488 X86=193 X87=114 X88=471 X89=627 X90=340 X91=562 X92=315 X93=641 X94=541 X95=85 X96=200 X97=686 X98=704 X99=477 X100=66 X101=486 X102=785 X103=421 X104=516 X105=370 X106=173 X107=297 X108=136 X109=290 X110=141 X111=626 X112=654 X113=696 X114=566 X115=518 X116=21 X117=249 X118=383 X119=791 X120=25 X121=17 X122=711 X123=493 X124=232 X125=533 X126=308 X127=544 X128=782 X129=463 X130=277 X131=441 X132=479 X133=532 X134=502 X135=645 X136=55 X137=553 X138=33 X139=554 X140=175 X141=716 X142=466 X143=329 X144=196 X145=724 X146=651 X147=536 X148=523 X149=381 X150=110 X151=229 X152=669 X153=606 X154=406 X155=42 X156=135 X157=743 X158=343 X159=390 
d NODES 160

   totalWckTime=12.704  totalCpuTime=12.699
