
   AbsCon 1.41 (January, 2014) - defaultConfiguration

   
   instance
        framework=CSP  name=Isomorphism-/cluster/gpg/ciaran/sip-benchmarks/benchmarks/si2_m4D_m4D_1296/si2_m4D_m1296.09/pattern-/cluster/gpg/ciaran/sip-benchmarks/benchmarks/si2_m4D_m4D_1296/si2_m4D_m1296.09/target
        parameters=/cluster/gpg/ciaran/sip-benchmarks/benchmarks/si2_m4D_m4D_1296/si2_m4D_m1296.09/pattern,/cluster/gpg/ciaran/sip-benchmarks/benchmarks/si2_m4D_m4D_1296/si2_m4D_m1296.09/target
      

   loading variables...
        nbVariables=259  nbDomainTypes=1  nbTotalValues=335664  domainSizes=(1296:259)
          =>  wckTime=0.225  cpuTime=0.332  mem=24M601

   loading objectives...

   loading constraints...
        nbConstraints=673  nbSpecificConstraints=1  nbExtensionStructures=(1,shared:671)  nbConflictsStructures=(1,shared:671,unbuilt:1)
        degrees=(3:21)(4:41)(5:29)...(7:66)(8:50)(9:19)  arities=(2:672)(259:1)  types=(AllDifferent:1)(ConstraintHardExtensionV-Bits:672)
          =>  wckTime=0.581  cpuTime=0.672  mem=57M789

   INFO : <!-- Start saving the XML representation -->

   INFO : <!-- Stop saving the XML representation of target.xml -->

   Solver SolverBacktrack being built... 
          =>  wckTime=1.162  cpuTime=1.219  mem=120M27

    instantiation X0=0 X1=99 X2=257 X3=484 X4=696 X5=855 X6=1022 X7=44 X8=446 X9=1057 X10=1082 X11=466 X12=616 X13=982 X14=1051 X15=1154 X16=455 X17=878 X18=1200 X19=304 X20=354 X21=1220 X22=467 X23=934 X24=67 X25=156 X26=798 X27=564 X28=757 X29=1290 X30=954 X31=1065 X32=633 X33=155 X34=397 X35=614 X36=815 X37=873 X38=325 X39=591 X40=789 X41=83 X42=469 X43=550 X44=817 X45=194 X46=876 X47=1090 X48=404 X49=1229 X50=196 X51=70 X52=1005 X53=362 X54=530 X55=857 X56=200 X57=274 X58=1209 X59=312 X60=746 X61=93 X62=37 X63=51 X64=1144 X65=328 X66=926 X67=1232 X68=175 X69=935 X70=146 X71=33 X72=1017 X73=1119 X74=1279 X75=287 X76=888 X77=978 X78=16 X79=173 X80=185 X81=4 X82=1285 X83=488 X84=229 X85=611 X86=680 X87=897 X88=141 X89=1126 X90=601 X91=1216 X92=993 X93=1242 X94=45 X95=853 X96=1077 X97=103 X98=990 X99=843 X100=809 X101=1282 X102=298 X103=349 X104=86 X105=42 X106=834 X107=423 X108=848 X109=1105 X110=60 X111=1189 X112=880 X113=402 X114=749 X115=858 X116=1221 X117=183 X118=278 X119=210 X120=635 X121=1111 X122=1139 X123=139 X124=398 X125=56 X126=95 X127=96 X128=247 X129=847 X130=203 X131=436 X132=262 X133=1160 X134=1151 X135=170 X136=217 X137=256 X138=890 X139=810 X140=375 X141=871 X142=882 X143=100 X144=1224 X145=991 X146=806 X147=900 X148=477 X149=160 X150=761 X151=791 X152=613 X153=1155 X154=78 X155=242 X156=723 X157=907 X158=563 X159=977 X160=470 X161=505 X162=712 X163=352 X164=793 X165=1007 X166=1085 X167=502 X168=1027 X169=962 X170=50 X171=1247 X172=453 X173=901 X174=918 X175=53 X176=270 X177=1239 X178=499 X179=411 X180=1286 X181=1073 X182=22 X183=333 X184=307 X185=620 X186=1113 X187=251 X188=1042 X189=213 X190=11 X191=511 X192=516 X193=220 X194=297 X195=240 X196=523 X197=801 X198=949 X199=97 X200=463 X201=969 X202=1084 X203=560 X204=665 X205=1187 X206=1264 X207=989 X208=639 X209=1047 X210=891 X211=376 X212=610 X213=1169 X214=417 X215=444 X216=727 X217=905 X218=628 X219=972 X220=551 X221=408 X222=732 X223=840 X224=157 X225=818 X226=311 X227=208 X228=1269 X229=178 X230=1179 X231=955 X232=1094 X233=414 X234=1137 X235=275 X236=1089 X237=579 X238=672 X239=68 X240=437 X241=850 X242=321 X243=644 X244=920 X245=784 X246=1142 X247=975 X248=1272 X249=409 X250=604 X251=1295 X252=1201 X253=331 X254=944 X255=839 X256=1165 X257=1156 X258=1287 

    solution X0=0 X1=99 X2=257 X3=484 X4=696 X5=855 X6=1022 X7=44 X8=446 X9=1057 X10=1082 X11=466 X12=616 X13=982 X14=1051 X15=1154 X16=455 X17=878 X18=1200 X19=304 X20=354 X21=1220 X22=467 X23=934 X24=67 X25=156 X26=798 X27=564 X28=757 X29=1290 X30=954 X31=1065 X32=633 X33=155 X34=397 X35=614 X36=815 X37=873 X38=325 X39=591 X40=789 X41=83 X42=469 X43=550 X44=817 X45=194 X46=876 X47=1090 X48=404 X49=1229 X50=196 X51=70 X52=1005 X53=362 X54=530 X55=857 X56=200 X57=274 X58=1209 X59=312 X60=746 X61=93 X62=37 X63=51 X64=1144 X65=328 X66=926 X67=1232 X68=175 X69=935 X70=146 X71=33 X72=1017 X73=1119 X74=1279 X75=287 X76=888 X77=978 X78=16 X79=173 X80=185 X81=4 X82=1285 X83=488 X84=229 X85=611 X86=680 X87=897 X88=141 X89=1126 X90=601 X91=1216 X92=993 X93=1242 X94=45 X95=853 X96=1077 X97=103 X98=990 X99=843 X100=809 X101=1282 X102=298 X103=349 X104=86 X105=42 X106=834 X107=423 X108=848 X109=1105 X110=60 X111=1189 X112=880 X113=402 X114=749 X115=858 X116=1221 X117=183 X118=278 X119=210 X120=635 X121=1111 X122=1139 X123=139 X124=398 X125=56 X126=95 X127=96 X128=247 X129=847 X130=203 X131=436 X132=262 X133=1160 X134=1151 X135=170 X136=217 X137=256 X138=890 X139=810 X140=375 X141=871 X142=882 X143=100 X144=1224 X145=991 X146=806 X147=900 X148=477 X149=160 X150=761 X151=791 X152=613 X153=1155 X154=78 X155=242 X156=723 X157=907 X158=563 X159=977 X160=470 X161=505 X162=712 X163=352 X164=793 X165=1007 X166=1085 X167=502 X168=1027 X169=962 X170=50 X171=1247 X172=453 X173=901 X174=918 X175=53 X176=270 X177=1239 X178=499 X179=411 X180=1286 X181=1073 X182=22 X183=333 X184=307 X185=620 X186=1113 X187=251 X188=1042 X189=213 X190=11 X191=511 X192=516 X193=220 X194=297 X195=240 X196=523 X197=801 X198=949 X199=97 X200=463 X201=969 X202=1084 X203=560 X204=665 X205=1187 X206=1264 X207=989 X208=639 X209=1047 X210=891 X211=376 X212=610 X213=1169 X214=417 X215=444 X216=727 X217=905 X218=628 X219=972 X220=551 X221=408 X222=732 X223=840 X224=157 X225=818 X226=311 X227=208 X228=1269 X229=178 X230=1179 X231=955 X232=1094 X233=414 X234=1137 X235=275 X236=1089 X237=579 X238=672 X239=68 X240=437 X241=850 X242=321 X243=644 X244=920 X245=784 X246=1142 X247=975 X248=1272 X249=409 X250=604 X251=1295 X252=1201 X253=331 X254=944 X255=839 X256=1165 X257=1156 X258=1287 

   
   search
        run=0  nbConstraintChecks=673  depth=(min:0,max:258,avg:1)  nbEffectivePropagations=560  nbRevisions=7391  nbUselessRevisions=7212
        nbAssignments=725  nbFailedAssignments=466  nbBacktracks=0  nbVisitedNodes=1192  nbRestartNogoods=0  nbFoundSolutions=1
        upperBound=9223372036854775807
          =>  wckTime=80.55  cpuTime=80.991  mem=981M569

   
   global
        nbConstraintChecks=673  nbEffectivePropagations=560  nbRevisions=7391  nbUselessRevisions=7212  nbRestartNogoods=0  solvingWckTime=80.551
        expiredTime=no  totalExploration=no  nbFoundSolutions=1  firstSolutionCpuTime=80.982  Stop=REACHED_GOAL
          =>  wckTime=81.713  cpuTime=80.991  mem=981M569

s SATISFIABLE
v X0=0 X1=99 X2=257 X3=484 X4=696 X5=855 X6=1022 X7=44 X8=446 X9=1057 X10=1082 X11=466 X12=616 X13=982 X14=1051 X15=1154 X16=455 X17=878 X18=1200 X19=304 X20=354 X21=1220 X22=467 X23=934 X24=67 X25=156 X26=798 X27=564 X28=757 X29=1290 X30=954 X31=1065 X32=633 X33=155 X34=397 X35=614 X36=815 X37=873 X38=325 X39=591 X40=789 X41=83 X42=469 X43=550 X44=817 X45=194 X46=876 X47=1090 X48=404 X49=1229 X50=196 X51=70 X52=1005 X53=362 X54=530 X55=857 X56=200 X57=274 X58=1209 X59=312 X60=746 X61=93 X62=37 X63=51 X64=1144 X65=328 X66=926 X67=1232 X68=175 X69=935 X70=146 X71=33 X72=1017 X73=1119 X74=1279 X75=287 X76=888 X77=978 X78=16 X79=173 X80=185 X81=4 X82=1285 X83=488 X84=229 X85=611 X86=680 X87=897 X88=141 X89=1126 X90=601 X91=1216 X92=993 X93=1242 X94=45 X95=853 X96=1077 X97=103 X98=990 X99=843 X100=809 X101=1282 X102=298 X103=349 X104=86 X105=42 X106=834 X107=423 X108=848 X109=1105 X110=60 X111=1189 X112=880 X113=402 X114=749 X115=858 X116=1221 X117=183 X118=278 X119=210 X120=635 X121=1111 X122=1139 X123=139 X124=398 X125=56 X126=95 X127=96 X128=247 X129=847 X130=203 X131=436 X132=262 X133=1160 X134=1151 X135=170 X136=217 X137=256 X138=890 X139=810 X140=375 X141=871 X142=882 X143=100 X144=1224 X145=991 X146=806 X147=900 X148=477 X149=160 X150=761 X151=791 X152=613 X153=1155 X154=78 X155=242 X156=723 X157=907 X158=563 X159=977 X160=470 X161=505 X162=712 X163=352 X164=793 X165=1007 X166=1085 X167=502 X168=1027 X169=962 X170=50 X171=1247 X172=453 X173=901 X174=918 X175=53 X176=270 X177=1239 X178=499 X179=411 X180=1286 X181=1073 X182=22 X183=333 X184=307 X185=620 X186=1113 X187=251 X188=1042 X189=213 X190=11 X191=511 X192=516 X193=220 X194=297 X195=240 X196=523 X197=801 X198=949 X199=97 X200=463 X201=969 X202=1084 X203=560 X204=665 X205=1187 X206=1264 X207=989 X208=639 X209=1047 X210=891 X211=376 X212=610 X213=1169 X214=417 X215=444 X216=727 X217=905 X218=628 X219=972 X220=551 X221=408 X222=732 X223=840 X224=157 X225=818 X226=311 X227=208 X228=1269 X229=178 X230=1179 X231=955 X232=1094 X233=414 X234=1137 X235=275 X236=1089 X237=579 X238=672 X239=68 X240=437 X241=850 X242=321 X243=644 X244=920 X245=784 X246=1142 X247=975 X248=1272 X249=409 X250=604 X251=1295 X252=1201 X253=331 X254=944 X255=839 X256=1165 X257=1156 X258=1287 
d NODES 725

   totalWckTime=81.618  totalCpuTime=80.992
