
   AbsCon 1.41 (January, 2014) - defaultConfiguration

   
   instance
        framework=CSP  name=Isomorphism-/cluster/gpg/ciaran/sip-benchmarks/benchmarks/si2_m4D_m4Dr6_1296/si2_m4Dr6_m1296.03/pattern-/cluster/gpg/ciaran/sip-benchmarks/benchmarks/si2_m4D_m4Dr6_1296/si2_m4Dr6_m1296.03/target
        parameters=/cluster/gpg/ciaran/sip-benchmarks/benchmarks/si2_m4D_m4Dr6_1296/si2_m4Dr6_m1296.03/pattern,/cluster/gpg/ciaran/sip-benchmarks/benchmarks/si2_m4D_m4Dr6_1296/si2_m4Dr6_m1296.03/target
      

   loading variables...
        nbVariables=259  nbDomainTypes=1  nbTotalValues=335664  domainSizes=(1296:259)
          =>  wckTime=0.263  cpuTime=0.353  mem=24M562

   loading objectives...

   loading constraints...
        nbConstraints=538  nbSpecificConstraints=1  nbExtensionStructures=(1,shared:536)  nbConflictsStructures=(1,shared:536,unbuilt:1)
        degrees=(2:38)(3:54)(4:47)...(11:8)(12:2)(13:1)  arities=(2:537)(259:1)  types=(AllDifferent:1)(ConstraintHardExtensionV-Bits:537)
          =>  wckTime=0.617  cpuTime=0.689  mem=40M776

   INFO : <!-- Start saving the XML representation -->

   INFO : <!-- Stop saving the XML representation of target.xml -->

   Solver SolverBacktrack being built... 
          =>  wckTime=1.197  cpuTime=1.233  mem=122M255

    instantiation X0=0 X1=36 X2=179 X3=197 X4=352 X5=638 X6=956 X7=1065 X8=1214 X9=1263 X10=458 X11=512 X12=643 X13=649 X14=863 X15=1041 X16=1110 X17=95 X18=173 X19=417 X20=523 X21=702 X22=1000 X23=182 X24=192 X25=335 X26=786 X27=876 X28=1027 X29=1157 X30=476 X31=850 X32=1054 X33=1075 X34=1158 X35=1227 X36=1234 X37=47 X38=383 X39=525 X40=561 X41=1221 X42=372 X43=576 X44=230 X45=1023 X46=1292 X47=65 X48=292 X49=710 X50=867 X51=819 X52=873 X53=928 X54=983 X55=1136 X56=338 X57=880 X58=1120 X59=1162 X60=35 X61=350 X62=449 X63=754 X64=961 X65=1029 X66=1058 X67=22 X68=111 X69=509 X70=941 X71=1059 X72=1077 X73=1129 X74=1231 X75=190 X76=644 X77=745 X78=465 X79=1056 X80=132 X81=168 X82=436 X83=977 X84=1293 X85=110 X86=199 X87=357 X88=488 X89=1239 X90=7 X91=280 X92=467 X93=1210 X94=251 X95=283 X96=315 X97=594 X98=832 X99=506 X100=836 X101=1047 X102=106 X103=496 X104=623 X105=14 X106=249 X107=686 X108=706 X109=722 X110=987 X111=59 X112=126 X113=255 X114=689 X115=351 X116=543 X117=591 X118=856 X119=653 X120=816 X121=919 X122=361 X123=556 X124=676 X125=1013 X126=490 X127=675 X128=796 X129=690 X130=585 X131=669 X132=837 X133=960 X134=1294 X135=123 X136=293 X137=302 X138=386 X139=1155 X140=1198 X141=38 X142=162 X143=655 X144=670 X145=914 X146=944 X147=1090 X148=135 X149=322 X150=996 X151=1205 X152=11 X153=978 X154=1125 X155=121 X156=210 X157=912 X158=973 X159=235 X160=531 X161=763 X162=1038 X163=1117 X164=196 X165=207 X166=560 X167=607 X168=1010 X169=187 X170=611 X171=508 X172=566 X173=949 X174=1122 X175=78 X176=703 X177=768 X178=634 X179=891 X180=237 X181=403 X182=665 X183=151 X184=263 X185=494 X186=887 X187=1115 X188=563 X189=997 X190=86 X191=211 X192=472 X193=573 X194=846 X195=872 X196=53 X197=647 X198=924 X199=130 X200=1051 X201=1099 X202=1133 X203=1212 X204=1260 X205=959 X206=1106 X207=245 X208=545 X209=596 X210=1191 X211=1287 X212=954 X213=958 X214=522 X215=929 X216=1202 X217=104 X218=1069 X219=374 X220=401 X221=553 X222=871 X223=684 X224=1126 X225=1150 X226=331 X227=419 X228=575 X229=692 X230=169 X231=184 X232=301 X233=1062 X234=429 X235=526 X236=1128 X237=1174 X238=129 X239=256 X240=743 X241=811 X242=1258 X243=598 X244=667 X245=712 X246=44 X247=1149 X248=328 X249=424 X250=610 X251=656 X252=922 X253=1061 X254=48 X255=323 X256=621 X257=662 X258=957 

    solution X0=0 X1=36 X2=179 X3=197 X4=352 X5=638 X6=956 X7=1065 X8=1214 X9=1263 X10=458 X11=512 X12=643 X13=649 X14=863 X15=1041 X16=1110 X17=95 X18=173 X19=417 X20=523 X21=702 X22=1000 X23=182 X24=192 X25=335 X26=786 X27=876 X28=1027 X29=1157 X30=476 X31=850 X32=1054 X33=1075 X34=1158 X35=1227 X36=1234 X37=47 X38=383 X39=525 X40=561 X41=1221 X42=372 X43=576 X44=230 X45=1023 X46=1292 X47=65 X48=292 X49=710 X50=867 X51=819 X52=873 X53=928 X54=983 X55=1136 X56=338 X57=880 X58=1120 X59=1162 X60=35 X61=350 X62=449 X63=754 X64=961 X65=1029 X66=1058 X67=22 X68=111 X69=509 X70=941 X71=1059 X72=1077 X73=1129 X74=1231 X75=190 X76=644 X77=745 X78=465 X79=1056 X80=132 X81=168 X82=436 X83=977 X84=1293 X85=110 X86=199 X87=357 X88=488 X89=1239 X90=7 X91=280 X92=467 X93=1210 X94=251 X95=283 X96=315 X97=594 X98=832 X99=506 X100=836 X101=1047 X102=106 X103=496 X104=623 X105=14 X106=249 X107=686 X108=706 X109=722 X110=987 X111=59 X112=126 X113=255 X114=689 X115=351 X116=543 X117=591 X118=856 X119=653 X120=816 X121=919 X122=361 X123=556 X124=676 X125=1013 X126=490 X127=675 X128=796 X129=690 X130=585 X131=669 X132=837 X133=960 X134=1294 X135=123 X136=293 X137=302 X138=386 X139=1155 X140=1198 X141=38 X142=162 X143=655 X144=670 X145=914 X146=944 X147=1090 X148=135 X149=322 X150=996 X151=1205 X152=11 X153=978 X154=1125 X155=121 X156=210 X157=912 X158=973 X159=235 X160=531 X161=763 X162=1038 X163=1117 X164=196 X165=207 X166=560 X167=607 X168=1010 X169=187 X170=611 X171=508 X172=566 X173=949 X174=1122 X175=78 X176=703 X177=768 X178=634 X179=891 X180=237 X181=403 X182=665 X183=151 X184=263 X185=494 X186=887 X187=1115 X188=563 X189=997 X190=86 X191=211 X192=472 X193=573 X194=846 X195=872 X196=53 X197=647 X198=924 X199=130 X200=1051 X201=1099 X202=1133 X203=1212 X204=1260 X205=959 X206=1106 X207=245 X208=545 X209=596 X210=1191 X211=1287 X212=954 X213=958 X214=522 X215=929 X216=1202 X217=104 X218=1069 X219=374 X220=401 X221=553 X222=871 X223=684 X224=1126 X225=1150 X226=331 X227=419 X228=575 X229=692 X230=169 X231=184 X232=301 X233=1062 X234=429 X235=526 X236=1128 X237=1174 X238=129 X239=256 X240=743 X241=811 X242=1258 X243=598 X244=667 X245=712 X246=44 X247=1149 X248=328 X249=424 X250=610 X251=656 X252=922 X253=1061 X254=48 X255=323 X256=621 X257=662 X258=957 

   
   search
        run=0  nbConstraintChecks=538  depth=(min:0,max:258,avg:1)  nbEffectivePropagations=8398  nbRevisions=56171  nbUselessRevisions=47890
        nbAssignments=1486  nbFailedAssignments=1227  nbBacktracks=0  nbVisitedNodes=2714  nbRestartNogoods=0  nbFoundSolutions=1
        upperBound=9223372036854775807
          =>  wckTime=129.339  cpuTime=129.309  mem=799M919

   
   global
        nbConstraintChecks=538  nbEffectivePropagations=8398  nbRevisions=56171  nbUselessRevisions=47890  nbRestartNogoods=0
        solvingWckTime=129.34  expiredTime=no  totalExploration=no  nbFoundSolutions=1  firstSolutionCpuTime=129.302  Stop=REACHED_GOAL
          =>  wckTime=130.538  cpuTime=129.309  mem=799M919

s SATISFIABLE
v X0=0 X1=36 X2=179 X3=197 X4=352 X5=638 X6=956 X7=1065 X8=1214 X9=1263 X10=458 X11=512 X12=643 X13=649 X14=863 X15=1041 X16=1110 X17=95 X18=173 X19=417 X20=523 X21=702 X22=1000 X23=182 X24=192 X25=335 X26=786 X27=876 X28=1027 X29=1157 X30=476 X31=850 X32=1054 X33=1075 X34=1158 X35=1227 X36=1234 X37=47 X38=383 X39=525 X40=561 X41=1221 X42=372 X43=576 X44=230 X45=1023 X46=1292 X47=65 X48=292 X49=710 X50=867 X51=819 X52=873 X53=928 X54=983 X55=1136 X56=338 X57=880 X58=1120 X59=1162 X60=35 X61=350 X62=449 X63=754 X64=961 X65=1029 X66=1058 X67=22 X68=111 X69=509 X70=941 X71=1059 X72=1077 X73=1129 X74=1231 X75=190 X76=644 X77=745 X78=465 X79=1056 X80=132 X81=168 X82=436 X83=977 X84=1293 X85=110 X86=199 X87=357 X88=488 X89=1239 X90=7 X91=280 X92=467 X93=1210 X94=251 X95=283 X96=315 X97=594 X98=832 X99=506 X100=836 X101=1047 X102=106 X103=496 X104=623 X105=14 X106=249 X107=686 X108=706 X109=722 X110=987 X111=59 X112=126 X113=255 X114=689 X115=351 X116=543 X117=591 X118=856 X119=653 X120=816 X121=919 X122=361 X123=556 X124=676 X125=1013 X126=490 X127=675 X128=796 X129=690 X130=585 X131=669 X132=837 X133=960 X134=1294 X135=123 X136=293 X137=302 X138=386 X139=1155 X140=1198 X141=38 X142=162 X143=655 X144=670 X145=914 X146=944 X147=1090 X148=135 X149=322 X150=996 X151=1205 X152=11 X153=978 X154=1125 X155=121 X156=210 X157=912 X158=973 X159=235 X160=531 X161=763 X162=1038 X163=1117 X164=196 X165=207 X166=560 X167=607 X168=1010 X169=187 X170=611 X171=508 X172=566 X173=949 X174=1122 X175=78 X176=703 X177=768 X178=634 X179=891 X180=237 X181=403 X182=665 X183=151 X184=263 X185=494 X186=887 X187=1115 X188=563 X189=997 X190=86 X191=211 X192=472 X193=573 X194=846 X195=872 X196=53 X197=647 X198=924 X199=130 X200=1051 X201=1099 X202=1133 X203=1212 X204=1260 X205=959 X206=1106 X207=245 X208=545 X209=596 X210=1191 X211=1287 X212=954 X213=958 X214=522 X215=929 X216=1202 X217=104 X218=1069 X219=374 X220=401 X221=553 X222=871 X223=684 X224=1126 X225=1150 X226=331 X227=419 X228=575 X229=692 X230=169 X231=184 X232=301 X233=1062 X234=429 X235=526 X236=1128 X237=1174 X238=129 X239=256 X240=743 X241=811 X242=1258 X243=598 X244=667 X245=712 X246=44 X247=1149 X248=328 X249=424 X250=610 X251=656 X252=922 X253=1061 X254=48 X255=323 X256=621 X257=662 X258=957 
d NODES 1486

   totalWckTime=130.418  totalCpuTime=129.31
