
   AbsCon 1.41 (January, 2014) - defaultConfiguration

   
   instance
        framework=CSP  name=Isomorphism-/cluster/gpg/ciaran/sip-benchmarks/benchmarks/si2_bvg_b03_800/si2_b03_m800.03/pattern-/cluster/gpg/ciaran/sip-benchmarks/benchmarks/si2_bvg_b03_800/si2_b03_m800.03/target
        parameters=/cluster/gpg/ciaran/sip-benchmarks/benchmarks/si2_bvg_b03_800/si2_b03_m800.03/pattern,/cluster/gpg/ciaran/sip-benchmarks/benchmarks/si2_bvg_b03_800/si2_b03_m800.03/target
      

   loading variables...
        nbVariables=160  nbDomainTypes=1  nbTotalValues=128000  domainSizes=(800:160)
          =>  wckTime=0.24  cpuTime=0.333  mem=11M897

   loading objectives...

   loading constraints...
        nbConstraints=238  nbSpecificConstraints=1  nbExtensionStructures=(1,shared:236)  nbConflictsStructures=(1,shared:236,unbuilt:1)
        degrees=(2:2)(3:2)(4:156)  arities=(2:237)(160:1)  types=(AllDifferent:1)(ConstraintHardExtensionV-Bits:237)
          =>  wckTime=0.4  cpuTime=0.485  mem=20M970

   INFO : <!-- Start saving the XML representation -->

   INFO : <!-- Stop saving the XML representation of target.xml -->

   Solver SolverBacktrack being built... 
          =>  wckTime=0.831  cpuTime=0.88  mem=56M403

    instantiation X0=0 X1=7 X2=129 X3=427 X4=52 X5=229 X6=634 X7=792 X8=57 X9=787 X10=6 X11=261 X12=47 X13=756 X14=626 X15=114 X16=188 X17=485 X18=391 X19=309 X20=339 X21=474 X22=167 X23=569 X24=1 X25=482 X26=410 X27=350 X28=65 X29=30 X30=547 X31=99 X32=477 X33=256 X34=572 X35=33 X36=690 X37=624 X38=206 X39=467 X40=566 X41=268 X42=147 X43=245 X44=515 X45=603 X46=302 X47=288 X48=788 X49=103 X50=442 X51=558 X52=131 X53=429 X54=718 X55=462 X56=570 X57=682 X58=794 X59=631 X60=679 X61=196 X62=707 X63=157 X64=459 X65=210 X66=471 X67=507 X68=120 X69=752 X70=116 X71=696 X72=252 X73=370 X74=164 X75=488 X76=215 X77=432 X78=555 X79=726 X80=704 X81=451 X82=378 X83=683 X84=720 X85=253 X86=271 X87=289 X88=358 X89=331 X90=125 X91=443 X92=127 X93=90 X94=650 X95=611 X96=757 X97=134 X98=519 X99=27 X100=597 X101=321 X102=640 X103=609 X104=617 X105=205 X106=49 X107=40 X108=595 X109=204 X110=658 X111=185 X112=46 X113=365 X114=561 X115=159 X116=623 X117=42 X118=490 X119=133 X120=232 X121=234 X122=520 X123=722 X124=509 X125=360 X126=632 X127=165 X128=177 X129=563 X130=750 X131=465 X132=480 X133=50 X134=457 X135=228 X136=661 X137=317 X138=723 X139=66 X140=542 X141=197 X142=583 X143=387 X144=681 X145=301 X146=394 X147=160 X148=712 X149=219 X150=604 X151=183 X152=748 X153=538 X154=161 X155=138 X156=693 X157=497 X158=418 X159=705 

    solution X0=0 X1=7 X2=129 X3=427 X4=52 X5=229 X6=634 X7=792 X8=57 X9=787 X10=6 X11=261 X12=47 X13=756 X14=626 X15=114 X16=188 X17=485 X18=391 X19=309 X20=339 X21=474 X22=167 X23=569 X24=1 X25=482 X26=410 X27=350 X28=65 X29=30 X30=547 X31=99 X32=477 X33=256 X34=572 X35=33 X36=690 X37=624 X38=206 X39=467 X40=566 X41=268 X42=147 X43=245 X44=515 X45=603 X46=302 X47=288 X48=788 X49=103 X50=442 X51=558 X52=131 X53=429 X54=718 X55=462 X56=570 X57=682 X58=794 X59=631 X60=679 X61=196 X62=707 X63=157 X64=459 X65=210 X66=471 X67=507 X68=120 X69=752 X70=116 X71=696 X72=252 X73=370 X74=164 X75=488 X76=215 X77=432 X78=555 X79=726 X80=704 X81=451 X82=378 X83=683 X84=720 X85=253 X86=271 X87=289 X88=358 X89=331 X90=125 X91=443 X92=127 X93=90 X94=650 X95=611 X96=757 X97=134 X98=519 X99=27 X100=597 X101=321 X102=640 X103=609 X104=617 X105=205 X106=49 X107=40 X108=595 X109=204 X110=658 X111=185 X112=46 X113=365 X114=561 X115=159 X116=623 X117=42 X118=490 X119=133 X120=232 X121=234 X122=520 X123=722 X124=509 X125=360 X126=632 X127=165 X128=177 X129=563 X130=750 X131=465 X132=480 X133=50 X134=457 X135=228 X136=661 X137=317 X138=723 X139=66 X140=542 X141=197 X142=583 X143=387 X144=681 X145=301 X146=394 X147=160 X148=712 X149=219 X150=604 X151=183 X152=748 X153=538 X154=161 X155=138 X156=693 X157=497 X158=418 X159=705 

   
   search
        run=0  nbConstraintChecks=238  depth=(min:161,max:159,avg:0)  nbEffectivePropagations=233  nbRevisions=1163  nbUselessRevisions=1163
        nbAssignments=160  nbFailedAssignments=0  nbBacktracks=0  nbVisitedNodes=161  nbRestartNogoods=0  nbFoundSolutions=1
        upperBound=9223372036854775807
          =>  wckTime=9.401  cpuTime=10.066  mem=614M470

   
   global
        nbConstraintChecks=238  nbEffectivePropagations=233  nbRevisions=1163  nbUselessRevisions=1163  nbRestartNogoods=0  solvingWckTime=9.402
        expiredTime=no  totalExploration=no  nbFoundSolutions=1  firstSolutionCpuTime=10.057  Stop=REACHED_GOAL
          =>  wckTime=10.233  cpuTime=10.067  mem=614M470

s SATISFIABLE
v X0=0 X1=7 X2=129 X3=427 X4=52 X5=229 X6=634 X7=792 X8=57 X9=787 X10=6 X11=261 X12=47 X13=756 X14=626 X15=114 X16=188 X17=485 X18=391 X19=309 X20=339 X21=474 X22=167 X23=569 X24=1 X25=482 X26=410 X27=350 X28=65 X29=30 X30=547 X31=99 X32=477 X33=256 X34=572 X35=33 X36=690 X37=624 X38=206 X39=467 X40=566 X41=268 X42=147 X43=245 X44=515 X45=603 X46=302 X47=288 X48=788 X49=103 X50=442 X51=558 X52=131 X53=429 X54=718 X55=462 X56=570 X57=682 X58=794 X59=631 X60=679 X61=196 X62=707 X63=157 X64=459 X65=210 X66=471 X67=507 X68=120 X69=752 X70=116 X71=696 X72=252 X73=370 X74=164 X75=488 X76=215 X77=432 X78=555 X79=726 X80=704 X81=451 X82=378 X83=683 X84=720 X85=253 X86=271 X87=289 X88=358 X89=331 X90=125 X91=443 X92=127 X93=90 X94=650 X95=611 X96=757 X97=134 X98=519 X99=27 X100=597 X101=321 X102=640 X103=609 X104=617 X105=205 X106=49 X107=40 X108=595 X109=204 X110=658 X111=185 X112=46 X113=365 X114=561 X115=159 X116=623 X117=42 X118=490 X119=133 X120=232 X121=234 X122=520 X123=722 X124=509 X125=360 X126=632 X127=165 X128=177 X129=563 X130=750 X131=465 X132=480 X133=50 X134=457 X135=228 X136=661 X137=317 X138=723 X139=66 X140=542 X141=197 X142=583 X143=387 X144=681 X145=301 X146=394 X147=160 X148=712 X149=219 X150=604 X151=183 X152=748 X153=538 X154=161 X155=138 X156=693 X157=497 X158=418 X159=705 
d NODES 160

   totalWckTime=10.128  totalCpuTime=10.067
