
   AbsCon 1.41 (January, 2014) - defaultConfiguration

   
   instance
        framework=CSP  name=Isomorphism-/cluster/gpg/ciaran/sip-benchmarks/benchmarks/si2_m4D_m4Dr4_1296/si2_m4Dr4_m1296.06/pattern-/cluster/gpg/ciaran/sip-benchmarks/benchmarks/si2_m4D_m4Dr4_1296/si2_m4Dr4_m1296.06/target
        parameters=/cluster/gpg/ciaran/sip-benchmarks/benchmarks/si2_m4D_m4Dr4_1296/si2_m4Dr4_m1296.06/pattern,/cluster/gpg/ciaran/sip-benchmarks/benchmarks/si2_m4D_m4Dr4_1296/si2_m4Dr4_m1296.06/target
      

   loading variables...
        nbVariables=259  nbDomainTypes=1  nbTotalValues=335664  domainSizes=(1296:259)
          =>  wckTime=0.216  cpuTime=0.331  mem=24M748

   loading objectives...

   loading constraints...
        nbConstraints=539  nbSpecificConstraints=1  nbExtensionStructures=(1,shared:537)  nbConflictsStructures=(1,shared:537,unbuilt:1)
        degrees=(2:38)(3:45)(4:51)...(9:22)(10:14)(11:3)  arities=(2:538)(259:1)  types=(AllDifferent:1)(ConstraintHardExtensionV-Bits:538)
          =>  wckTime=0.484  cpuTime=0.581  mem=42M932

   INFO : <!-- Start saving the XML representation -->

   INFO : <!-- Stop saving the XML representation of target.xml -->

   Solver SolverBacktrack being built... 
          =>  wckTime=1.074  cpuTime=1.131  mem=122M796

    instantiation X0=0 X1=236 X2=277 X3=418 X4=456 X5=546 X6=656 X7=789 X8=1170 X9=321 X10=390 X11=520 X12=560 X13=706 X14=1030 X15=1110 X16=3 X17=497 X18=727 X19=1242 X20=128 X21=507 X22=720 X23=845 X24=1011 X25=1271 X26=69 X27=81 X28=114 X29=224 X30=492 X31=563 X32=31 X33=65 X34=577 X35=753 X36=255 X37=770 X38=83 X39=1001 X40=1059 X41=566 X42=927 X43=976 X44=991 X45=142 X46=147 X47=243 X48=335 X49=688 X50=708 X51=1010 X52=700 X53=818 X54=180 X55=369 X56=950 X57=26 X58=44 X59=86 X60=274 X61=285 X62=583 X63=772 X64=1268 X65=135 X66=453 X67=722 X68=398 X69=1269 X70=345 X71=545 X72=1126 X73=30 X74=419 X75=1023 X76=1179 X77=971 X78=1028 X79=1233 X80=245 X81=432 X82=1239 X83=19 X84=451 X85=810 X86=1136 X87=1244 X88=67 X89=344 X90=961 X91=799 X92=844 X93=989 X94=1165 X95=27 X96=78 X97=162 X98=721 X99=782 X100=645 X101=296 X102=590 X103=1080 X104=1183 X105=387 X106=393 X107=444 X108=623 X109=952 X110=1230 X111=564 X112=665 X113=875 X114=1277 X115=710 X116=1083 X117=1132 X118=57 X119=428 X120=513 X121=519 X122=1002 X123=540 X124=559 X125=1187 X126=1265 X127=1270 X128=791 X129=1108 X130=183 X131=643 X132=1241 X133=424 X134=603 X135=641 X136=483 X137=897 X138=680 X139=733 X140=881 X141=1263 X142=1290 X143=477 X144=210 X145=402 X146=503 X147=572 X148=640 X149=1012 X150=191 X151=425 X152=457 X153=51 X154=502 X155=622 X156=953 X157=550 X158=1113 X159=1197 X160=599 X161=1123 X162=436 X163=638 X164=891 X165=906 X166=939 X167=1216 X168=70 X169=575 X170=1019 X171=127 X172=259 X173=434 X174=531 X175=1008 X176=1026 X177=1134 X178=415 X179=1061 X180=1106 X181=549 X182=702 X183=807 X184=912 X185=124 X186=223 X187=761 X188=1070 X189=1048 X190=309 X191=512 X192=674 X193=775 X194=841 X195=1287 X196=773 X197=1282 X198=279 X199=416 X200=539 X201=821 X202=113 X203=407 X204=756 X205=903 X206=1212 X207=1255 X208=222 X209=842 X210=948 X211=1163 X212=454 X213=511 X214=890 X215=1024 X216=1065 X217=181 X218=1122 X219=145 X220=195 X221=914 X222=215 X223=805 X224=373 X225=433 X226=498 X227=616 X228=636 X229=1015 X230=1220 X231=555 X232=757 X233=831 X234=1013 X235=121 X236=319 X237=486 X238=647 X239=960 X240=252 X241=872 X242=1168 X243=188 X244=334 X245=699 X246=896 X247=987 X248=207 X249=741 X250=538 X251=685 X252=45 X253=62 X254=1294 X255=38 X256=103 X257=795 X258=157 

    solution X0=0 X1=236 X2=277 X3=418 X4=456 X5=546 X6=656 X7=789 X8=1170 X9=321 X10=390 X11=520 X12=560 X13=706 X14=1030 X15=1110 X16=3 X17=497 X18=727 X19=1242 X20=128 X21=507 X22=720 X23=845 X24=1011 X25=1271 X26=69 X27=81 X28=114 X29=224 X30=492 X31=563 X32=31 X33=65 X34=577 X35=753 X36=255 X37=770 X38=83 X39=1001 X40=1059 X41=566 X42=927 X43=976 X44=991 X45=142 X46=147 X47=243 X48=335 X49=688 X50=708 X51=1010 X52=700 X53=818 X54=180 X55=369 X56=950 X57=26 X58=44 X59=86 X60=274 X61=285 X62=583 X63=772 X64=1268 X65=135 X66=453 X67=722 X68=398 X69=1269 X70=345 X71=545 X72=1126 X73=30 X74=419 X75=1023 X76=1179 X77=971 X78=1028 X79=1233 X80=245 X81=432 X82=1239 X83=19 X84=451 X85=810 X86=1136 X87=1244 X88=67 X89=344 X90=961 X91=799 X92=844 X93=989 X94=1165 X95=27 X96=78 X97=162 X98=721 X99=782 X100=645 X101=296 X102=590 X103=1080 X104=1183 X105=387 X106=393 X107=444 X108=623 X109=952 X110=1230 X111=564 X112=665 X113=875 X114=1277 X115=710 X116=1083 X117=1132 X118=57 X119=428 X120=513 X121=519 X122=1002 X123=540 X124=559 X125=1187 X126=1265 X127=1270 X128=791 X129=1108 X130=183 X131=643 X132=1241 X133=424 X134=603 X135=641 X136=483 X137=897 X138=680 X139=733 X140=881 X141=1263 X142=1290 X143=477 X144=210 X145=402 X146=503 X147=572 X148=640 X149=1012 X150=191 X151=425 X152=457 X153=51 X154=502 X155=622 X156=953 X157=550 X158=1113 X159=1197 X160=599 X161=1123 X162=436 X163=638 X164=891 X165=906 X166=939 X167=1216 X168=70 X169=575 X170=1019 X171=127 X172=259 X173=434 X174=531 X175=1008 X176=1026 X177=1134 X178=415 X179=1061 X180=1106 X181=549 X182=702 X183=807 X184=912 X185=124 X186=223 X187=761 X188=1070 X189=1048 X190=309 X191=512 X192=674 X193=775 X194=841 X195=1287 X196=773 X197=1282 X198=279 X199=416 X200=539 X201=821 X202=113 X203=407 X204=756 X205=903 X206=1212 X207=1255 X208=222 X209=842 X210=948 X211=1163 X212=454 X213=511 X214=890 X215=1024 X216=1065 X217=181 X218=1122 X219=145 X220=195 X221=914 X222=215 X223=805 X224=373 X225=433 X226=498 X227=616 X228=636 X229=1015 X230=1220 X231=555 X232=757 X233=831 X234=1013 X235=121 X236=319 X237=486 X238=647 X239=960 X240=252 X241=872 X242=1168 X243=188 X244=334 X245=699 X246=896 X247=987 X248=207 X249=741 X250=538 X251=685 X252=45 X253=62 X254=1294 X255=38 X256=103 X257=795 X258=157 

   
   search
        run=0  nbConstraintChecks=539  depth=(min:0,max:258,avg:1)  nbEffectivePropagations=102  nbRevisions=1884  nbUselessRevisions=1884
        nbAssignments=290  nbFailedAssignments=31  nbBacktracks=0  nbVisitedNodes=322  nbRestartNogoods=0  nbFoundSolutions=1
        upperBound=9223372036854775807
          =>  wckTime=58.51  cpuTime=58.949  mem=496M6

   
   global
        nbConstraintChecks=539  nbEffectivePropagations=102  nbRevisions=1884  nbUselessRevisions=1884  nbRestartNogoods=0  solvingWckTime=58.51
        expiredTime=no  totalExploration=no  nbFoundSolutions=1  firstSolutionCpuTime=58.941  Stop=REACHED_GOAL
          =>  wckTime=59.584  cpuTime=58.949  mem=496M6

s SATISFIABLE
v X0=0 X1=236 X2=277 X3=418 X4=456 X5=546 X6=656 X7=789 X8=1170 X9=321 X10=390 X11=520 X12=560 X13=706 X14=1030 X15=1110 X16=3 X17=497 X18=727 X19=1242 X20=128 X21=507 X22=720 X23=845 X24=1011 X25=1271 X26=69 X27=81 X28=114 X29=224 X30=492 X31=563 X32=31 X33=65 X34=577 X35=753 X36=255 X37=770 X38=83 X39=1001 X40=1059 X41=566 X42=927 X43=976 X44=991 X45=142 X46=147 X47=243 X48=335 X49=688 X50=708 X51=1010 X52=700 X53=818 X54=180 X55=369 X56=950 X57=26 X58=44 X59=86 X60=274 X61=285 X62=583 X63=772 X64=1268 X65=135 X66=453 X67=722 X68=398 X69=1269 X70=345 X71=545 X72=1126 X73=30 X74=419 X75=1023 X76=1179 X77=971 X78=1028 X79=1233 X80=245 X81=432 X82=1239 X83=19 X84=451 X85=810 X86=1136 X87=1244 X88=67 X89=344 X90=961 X91=799 X92=844 X93=989 X94=1165 X95=27 X96=78 X97=162 X98=721 X99=782 X100=645 X101=296 X102=590 X103=1080 X104=1183 X105=387 X106=393 X107=444 X108=623 X109=952 X110=1230 X111=564 X112=665 X113=875 X114=1277 X115=710 X116=1083 X117=1132 X118=57 X119=428 X120=513 X121=519 X122=1002 X123=540 X124=559 X125=1187 X126=1265 X127=1270 X128=791 X129=1108 X130=183 X131=643 X132=1241 X133=424 X134=603 X135=641 X136=483 X137=897 X138=680 X139=733 X140=881 X141=1263 X142=1290 X143=477 X144=210 X145=402 X146=503 X147=572 X148=640 X149=1012 X150=191 X151=425 X152=457 X153=51 X154=502 X155=622 X156=953 X157=550 X158=1113 X159=1197 X160=599 X161=1123 X162=436 X163=638 X164=891 X165=906 X166=939 X167=1216 X168=70 X169=575 X170=1019 X171=127 X172=259 X173=434 X174=531 X175=1008 X176=1026 X177=1134 X178=415 X179=1061 X180=1106 X181=549 X182=702 X183=807 X184=912 X185=124 X186=223 X187=761 X188=1070 X189=1048 X190=309 X191=512 X192=674 X193=775 X194=841 X195=1287 X196=773 X197=1282 X198=279 X199=416 X200=539 X201=821 X202=113 X203=407 X204=756 X205=903 X206=1212 X207=1255 X208=222 X209=842 X210=948 X211=1163 X212=454 X213=511 X214=890 X215=1024 X216=1065 X217=181 X218=1122 X219=145 X220=195 X221=914 X222=215 X223=805 X224=373 X225=433 X226=498 X227=616 X228=636 X229=1015 X230=1220 X231=555 X232=757 X233=831 X234=1013 X235=121 X236=319 X237=486 X238=647 X239=960 X240=252 X241=872 X242=1168 X243=188 X244=334 X245=699 X246=896 X247=987 X248=207 X249=741 X250=538 X251=685 X252=45 X253=62 X254=1294 X255=38 X256=103 X257=795 X258=157 
d NODES 290

   totalWckTime=59.493  totalCpuTime=58.95
