
   AbsCon 1.41 (January, 2014) - defaultConfiguration

   
   instance
        framework=CSP  name=Isomorphism-/cluster/gpg/ciaran/sip-benchmarks/benchmarks/si2_m4D_m4D_1296/si2_m4D_m1296.08/pattern-/cluster/gpg/ciaran/sip-benchmarks/benchmarks/si2_m4D_m4D_1296/si2_m4D_m1296.08/target
        parameters=/cluster/gpg/ciaran/sip-benchmarks/benchmarks/si2_m4D_m4D_1296/si2_m4D_m1296.08/pattern,/cluster/gpg/ciaran/sip-benchmarks/benchmarks/si2_m4D_m4D_1296/si2_m4D_m1296.08/target
      

   loading variables...
        nbVariables=259  nbDomainTypes=1  nbTotalValues=335664  domainSizes=(1296:259)
          =>  wckTime=0.249  cpuTime=0.341  mem=24M704

   loading objectives...

   loading constraints...
        nbConstraints=665  nbSpecificConstraints=1  nbExtensionStructures=(1,shared:663)  nbConflictsStructures=(1,shared:663,unbuilt:1)
        degrees=(2:1)(3:16)(4:64)...(7:44)(8:74)(9:17)  arities=(2:664)(259:1)  types=(AllDifferent:1)(ConstraintHardExtensionV-Bits:664)
          =>  wckTime=0.615  cpuTime=0.689  mem=58M528

   INFO : <!-- Start saving the XML representation -->

   INFO : <!-- Stop saving the XML representation of target.xml -->

   Solver SolverBacktrack being built... 
          =>  wckTime=1.22  cpuTime=1.228  mem=118M990

    instantiation X0=1214 X1=74 X2=0 X3=728 X4=108 X5=669 X6=84 X7=843 X8=985 X9=1 X10=615 X11=274 X12=178 X13=64 X14=891 X15=705 X16=929 X17=1119 X18=466 X19=419 X20=686 X21=153 X22=1074 X23=418 X24=1114 X25=1275 X26=395 X27=1078 X28=693 X29=1135 X30=371 X31=43 X32=887 X33=78 X34=855 X35=1000 X36=1136 X37=96 X38=1190 X39=1003 X40=1061 X41=204 X42=230 X43=792 X44=846 X45=1164 X46=1109 X47=815 X48=503 X49=1148 X50=411 X51=626 X52=839 X53=540 X54=915 X55=633 X56=507 X57=993 X58=546 X59=641 X60=39 X61=557 X62=805 X63=27 X64=447 X65=194 X66=635 X67=818 X68=278 X69=1024 X70=574 X71=1067 X72=94 X73=280 X74=260 X75=491 X76=618 X77=99 X78=1274 X79=796 X80=169 X81=188 X82=415 X83=162 X84=999 X85=92 X86=427 X87=22 X88=158 X89=1153 X90=1033 X91=73 X92=706 X93=657 X94=106 X95=292 X96=853 X97=713 X98=308 X99=587 X100=956 X101=698 X102=881 X103=867 X104=57 X105=1046 X106=8 X107=842 X108=665 X109=530 X110=386 X111=851 X112=741 X113=1133 X114=980 X115=778 X116=566 X117=735 X118=24 X119=912 X120=523 X121=398 X122=26 X123=695 X124=209 X125=880 X126=464 X127=612 X128=620 X129=900 X130=332 X131=1189 X132=930 X133=838 X134=932 X135=93 X136=816 X137=697 X138=965 X139=817 X140=1039 X141=1018 X142=654 X143=177 X144=642 X145=4 X146=573 X147=716 X148=326 X149=945 X150=295 X151=1226 X152=1285 X153=301 X154=378 X155=193 X156=1262 X157=972 X158=205 X159=450 X160=988 X161=783 X162=428 X163=794 X164=156 X165=262 X166=707 X167=760 X168=876 X169=1183 X170=201 X171=460 X172=909 X173=674 X174=294 X175=1082 X176=807 X177=1292 X178=784 X179=59 X180=356 X181=373 X182=1053 X183=528 X184=1169 X185=498 X186=1139 X187=247 X188=721 X189=117 X190=872 X191=954 X192=901 X193=1144 X194=136 X195=541 X196=128 X197=1167 X198=813 X199=931 X200=282 X201=850 X202=592 X203=41 X204=571 X205=1049 X206=387 X207=904 X208=775 X209=1188 X210=1271 X211=208 X212=668 X213=841 X214=833 X215=475 X216=798 X217=1025 X218=21 X219=176 X220=1055 X221=894 X222=331 X223=1087 X224=315 X225=320 X226=192 X227=533 X228=375 X229=306 X230=1270 X231=212 X232=1054 X233=511 X234=959 X235=242 X236=497 X237=452 X238=1158 X239=656 X240=738 X241=1102 X242=1282 X243=979 X244=762 X245=819 X246=266 X247=580 X248=687 X249=1237 X250=1083 X251=963 X252=773 X253=949 X254=685 X255=1194 X256=939 X257=821 X258=484 

    solution X0=1214 X1=74 X2=0 X3=728 X4=108 X5=669 X6=84 X7=843 X8=985 X9=1 X10=615 X11=274 X12=178 X13=64 X14=891 X15=705 X16=929 X17=1119 X18=466 X19=419 X20=686 X21=153 X22=1074 X23=418 X24=1114 X25=1275 X26=395 X27=1078 X28=693 X29=1135 X30=371 X31=43 X32=887 X33=78 X34=855 X35=1000 X36=1136 X37=96 X38=1190 X39=1003 X40=1061 X41=204 X42=230 X43=792 X44=846 X45=1164 X46=1109 X47=815 X48=503 X49=1148 X50=411 X51=626 X52=839 X53=540 X54=915 X55=633 X56=507 X57=993 X58=546 X59=641 X60=39 X61=557 X62=805 X63=27 X64=447 X65=194 X66=635 X67=818 X68=278 X69=1024 X70=574 X71=1067 X72=94 X73=280 X74=260 X75=491 X76=618 X77=99 X78=1274 X79=796 X80=169 X81=188 X82=415 X83=162 X84=999 X85=92 X86=427 X87=22 X88=158 X89=1153 X90=1033 X91=73 X92=706 X93=657 X94=106 X95=292 X96=853 X97=713 X98=308 X99=587 X100=956 X101=698 X102=881 X103=867 X104=57 X105=1046 X106=8 X107=842 X108=665 X109=530 X110=386 X111=851 X112=741 X113=1133 X114=980 X115=778 X116=566 X117=735 X118=24 X119=912 X120=523 X121=398 X122=26 X123=695 X124=209 X125=880 X126=464 X127=612 X128=620 X129=900 X130=332 X131=1189 X132=930 X133=838 X134=932 X135=93 X136=816 X137=697 X138=965 X139=817 X140=1039 X141=1018 X142=654 X143=177 X144=642 X145=4 X146=573 X147=716 X148=326 X149=945 X150=295 X151=1226 X152=1285 X153=301 X154=378 X155=193 X156=1262 X157=972 X158=205 X159=450 X160=988 X161=783 X162=428 X163=794 X164=156 X165=262 X166=707 X167=760 X168=876 X169=1183 X170=201 X171=460 X172=909 X173=674 X174=294 X175=1082 X176=807 X177=1292 X178=784 X179=59 X180=356 X181=373 X182=1053 X183=528 X184=1169 X185=498 X186=1139 X187=247 X188=721 X189=117 X190=872 X191=954 X192=901 X193=1144 X194=136 X195=541 X196=128 X197=1167 X198=813 X199=931 X200=282 X201=850 X202=592 X203=41 X204=571 X205=1049 X206=387 X207=904 X208=775 X209=1188 X210=1271 X211=208 X212=668 X213=841 X214=833 X215=475 X216=798 X217=1025 X218=21 X219=176 X220=1055 X221=894 X222=331 X223=1087 X224=315 X225=320 X226=192 X227=533 X228=375 X229=306 X230=1270 X231=212 X232=1054 X233=511 X234=959 X235=242 X236=497 X237=452 X238=1158 X239=656 X240=738 X241=1102 X242=1282 X243=979 X244=762 X245=819 X246=266 X247=580 X248=687 X249=1237 X250=1083 X251=963 X252=773 X253=949 X254=685 X255=1194 X256=939 X257=821 X258=484 

   
   search
        run=0  nbConstraintChecks=665  depth=(min:0,max:258,avg:1)  nbEffectivePropagations=706  nbRevisions=2943  nbUselessRevisions=2781
        nbAssignments=260  nbFailedAssignments=1  nbBacktracks=0  nbVisitedNodes=262  nbRestartNogoods=0  nbFoundSolutions=1
        upperBound=9223372036854775807
          =>  wckTime=63.433  cpuTime=63.811  mem=831M742

   
   global
        nbConstraintChecks=665  nbEffectivePropagations=706  nbRevisions=2943  nbUselessRevisions=2781  nbRestartNogoods=0  solvingWckTime=63.434
        expiredTime=no  totalExploration=no  nbFoundSolutions=1  firstSolutionCpuTime=63.795  Stop=REACHED_GOAL
          =>  wckTime=64.654  cpuTime=63.812  mem=831M742

s SATISFIABLE
v X0=1214 X1=74 X2=0 X3=728 X4=108 X5=669 X6=84 X7=843 X8=985 X9=1 X10=615 X11=274 X12=178 X13=64 X14=891 X15=705 X16=929 X17=1119 X18=466 X19=419 X20=686 X21=153 X22=1074 X23=418 X24=1114 X25=1275 X26=395 X27=1078 X28=693 X29=1135 X30=371 X31=43 X32=887 X33=78 X34=855 X35=1000 X36=1136 X37=96 X38=1190 X39=1003 X40=1061 X41=204 X42=230 X43=792 X44=846 X45=1164 X46=1109 X47=815 X48=503 X49=1148 X50=411 X51=626 X52=839 X53=540 X54=915 X55=633 X56=507 X57=993 X58=546 X59=641 X60=39 X61=557 X62=805 X63=27 X64=447 X65=194 X66=635 X67=818 X68=278 X69=1024 X70=574 X71=1067 X72=94 X73=280 X74=260 X75=491 X76=618 X77=99 X78=1274 X79=796 X80=169 X81=188 X82=415 X83=162 X84=999 X85=92 X86=427 X87=22 X88=158 X89=1153 X90=1033 X91=73 X92=706 X93=657 X94=106 X95=292 X96=853 X97=713 X98=308 X99=587 X100=956 X101=698 X102=881 X103=867 X104=57 X105=1046 X106=8 X107=842 X108=665 X109=530 X110=386 X111=851 X112=741 X113=1133 X114=980 X115=778 X116=566 X117=735 X118=24 X119=912 X120=523 X121=398 X122=26 X123=695 X124=209 X125=880 X126=464 X127=612 X128=620 X129=900 X130=332 X131=1189 X132=930 X133=838 X134=932 X135=93 X136=816 X137=697 X138=965 X139=817 X140=1039 X141=1018 X142=654 X143=177 X144=642 X145=4 X146=573 X147=716 X148=326 X149=945 X150=295 X151=1226 X152=1285 X153=301 X154=378 X155=193 X156=1262 X157=972 X158=205 X159=450 X160=988 X161=783 X162=428 X163=794 X164=156 X165=262 X166=707 X167=760 X168=876 X169=1183 X170=201 X171=460 X172=909 X173=674 X174=294 X175=1082 X176=807 X177=1292 X178=784 X179=59 X180=356 X181=373 X182=1053 X183=528 X184=1169 X185=498 X186=1139 X187=247 X188=721 X189=117 X190=872 X191=954 X192=901 X193=1144 X194=136 X195=541 X196=128 X197=1167 X198=813 X199=931 X200=282 X201=850 X202=592 X203=41 X204=571 X205=1049 X206=387 X207=904 X208=775 X209=1188 X210=1271 X211=208 X212=668 X213=841 X214=833 X215=475 X216=798 X217=1025 X218=21 X219=176 X220=1055 X221=894 X222=331 X223=1087 X224=315 X225=320 X226=192 X227=533 X228=375 X229=306 X230=1270 X231=212 X232=1054 X233=511 X234=959 X235=242 X236=497 X237=452 X238=1158 X239=656 X240=738 X241=1102 X242=1282 X243=979 X244=762 X245=819 X246=266 X247=580 X248=687 X249=1237 X250=1083 X251=963 X252=773 X253=949 X254=685 X255=1194 X256=939 X257=821 X258=484 
d NODES 260

   totalWckTime=64.543  totalCpuTime=63.812
