
   AbsCon 1.41 (January, 2014) - defaultConfiguration

   
   instance
        framework=CSP  name=Isomorphism-/cluster/gpg/ciaran/sip-benchmarks/benchmarks/si2_bvg_b09_800/si2_b09_m800.07/pattern-/cluster/gpg/ciaran/sip-benchmarks/benchmarks/si2_bvg_b09_800/si2_b09_m800.07/target
        parameters=/cluster/gpg/ciaran/sip-benchmarks/benchmarks/si2_bvg_b09_800/si2_b09_m800.07/pattern,/cluster/gpg/ciaran/sip-benchmarks/benchmarks/si2_bvg_b09_800/si2_b09_m800.07/target
      

   loading variables...
        nbVariables=160  nbDomainTypes=1  nbTotalValues=128000  domainSizes=(800:160)
          =>  wckTime=0.211  cpuTime=0.327  mem=11M904

   loading objectives...

   loading constraints...
        nbConstraints=697  nbSpecificConstraints=1  nbExtensionStructures=(1,shared:695)  nbConflictsStructures=(1,shared:695,unbuilt:1)
        degrees=(5:2)(6:4)(7:4)(8:4)(9:2)(10:144)  arities=(2:696)(160:1)  types=(AllDifferent:1)(ConstraintHardExtensionV-Bits:696)
          =>  wckTime=0.513  cpuTime=0.614  mem=47M15

   INFO : <!-- Start saving the XML representation -->

   INFO : <!-- Stop saving the XML representation of target.xml -->

   Solver SolverBacktrack being built... 
          =>  wckTime=0.899  cpuTime=0.962  mem=63M123

    instantiation X0=0 X1=662 X2=758 X3=667 X4=451 X5=421 X6=494 X7=209 X8=411 X9=343 X10=192 X11=600 X12=277 X13=205 X14=738 X15=195 X16=507 X17=392 X18=644 X19=628 X20=741 X21=615 X22=621 X23=558 X24=365 X25=525 X26=289 X27=788 X28=39 X29=166 X30=596 X31=109 X32=602 X33=258 X34=795 X35=480 X36=783 X37=791 X38=775 X39=400 X40=101 X41=186 X42=713 X43=188 X44=107 X45=737 X46=127 X47=484 X48=372 X49=754 X50=635 X51=108 X52=286 X53=453 X54=15 X55=113 X56=249 X57=274 X58=718 X59=305 X60=307 X61=470 X62=34 X63=319 X64=529 X65=229 X66=798 X67=368 X68=161 X69=207 X70=226 X71=121 X72=157 X73=797 X74=432 X75=777 X76=257 X77=774 X78=406 X79=691 X80=120 X81=30 X82=790 X83=199 X84=135 X85=37 X86=68 X87=747 X88=262 X89=32 X90=506 X91=779 X92=20 X93=460 X94=622 X95=597 X96=446 X97=490 X98=312 X99=759 X100=355 X101=208 X102=201 X103=85 X104=499 X105=532 X106=634 X107=766 X108=59 X109=515 X110=587 X111=402 X112=171 X113=125 X114=84 X115=318 X116=96 X117=255 X118=767 X119=140 X120=65 X121=593 X122=504 X123=219 X124=459 X125=608 X126=129 X127=28 X128=33 X129=570 X130=467 X131=55 X132=623 X133=694 X134=669 X135=325 X136=734 X137=631 X138=554 X139=224 X140=27 X141=233 X142=302 X143=338 X144=709 X145=123 X146=114 X147=147 X148=582 X149=654 X150=543 X151=309 X152=106 X153=273 X154=703 X155=753 X156=2 X157=456 X158=206 X159=116 

    solution X0=0 X1=662 X2=758 X3=667 X4=451 X5=421 X6=494 X7=209 X8=411 X9=343 X10=192 X11=600 X12=277 X13=205 X14=738 X15=195 X16=507 X17=392 X18=644 X19=628 X20=741 X21=615 X22=621 X23=558 X24=365 X25=525 X26=289 X27=788 X28=39 X29=166 X30=596 X31=109 X32=602 X33=258 X34=795 X35=480 X36=783 X37=791 X38=775 X39=400 X40=101 X41=186 X42=713 X43=188 X44=107 X45=737 X46=127 X47=484 X48=372 X49=754 X50=635 X51=108 X52=286 X53=453 X54=15 X55=113 X56=249 X57=274 X58=718 X59=305 X60=307 X61=470 X62=34 X63=319 X64=529 X65=229 X66=798 X67=368 X68=161 X69=207 X70=226 X71=121 X72=157 X73=797 X74=432 X75=777 X76=257 X77=774 X78=406 X79=691 X80=120 X81=30 X82=790 X83=199 X84=135 X85=37 X86=68 X87=747 X88=262 X89=32 X90=506 X91=779 X92=20 X93=460 X94=622 X95=597 X96=446 X97=490 X98=312 X99=759 X100=355 X101=208 X102=201 X103=85 X104=499 X105=532 X106=634 X107=766 X108=59 X109=515 X110=587 X111=402 X112=171 X113=125 X114=84 X115=318 X116=96 X117=255 X118=767 X119=140 X120=65 X121=593 X122=504 X123=219 X124=459 X125=608 X126=129 X127=28 X128=33 X129=570 X130=467 X131=55 X132=623 X133=694 X134=669 X135=325 X136=734 X137=631 X138=554 X139=224 X140=27 X141=233 X142=302 X143=338 X144=709 X145=123 X146=114 X147=147 X148=582 X149=654 X150=543 X151=309 X152=106 X153=273 X154=703 X155=753 X156=2 X157=456 X158=206 X159=116 

   
   search
        run=0  nbConstraintChecks=697  depth=(min:161,max:159,avg:0)  nbEffectivePropagations=2  nbRevisions=3410  nbUselessRevisions=3410
        nbAssignments=160  nbFailedAssignments=0  nbBacktracks=0  nbVisitedNodes=161  nbRestartNogoods=0  nbFoundSolutions=1
        upperBound=9223372036854775807
          =>  wckTime=16.126  cpuTime=16.877  mem=290M958

   
   global
        nbConstraintChecks=697  nbEffectivePropagations=2  nbRevisions=3410  nbUselessRevisions=3410  nbRestartNogoods=0  solvingWckTime=16.127
        expiredTime=no  totalExploration=no  nbFoundSolutions=1  firstSolutionCpuTime=16.867  Stop=REACHED_GOAL
          =>  wckTime=17.026  cpuTime=16.878  mem=290M958

s SATISFIABLE
v X0=0 X1=662 X2=758 X3=667 X4=451 X5=421 X6=494 X7=209 X8=411 X9=343 X10=192 X11=600 X12=277 X13=205 X14=738 X15=195 X16=507 X17=392 X18=644 X19=628 X20=741 X21=615 X22=621 X23=558 X24=365 X25=525 X26=289 X27=788 X28=39 X29=166 X30=596 X31=109 X32=602 X33=258 X34=795 X35=480 X36=783 X37=791 X38=775 X39=400 X40=101 X41=186 X42=713 X43=188 X44=107 X45=737 X46=127 X47=484 X48=372 X49=754 X50=635 X51=108 X52=286 X53=453 X54=15 X55=113 X56=249 X57=274 X58=718 X59=305 X60=307 X61=470 X62=34 X63=319 X64=529 X65=229 X66=798 X67=368 X68=161 X69=207 X70=226 X71=121 X72=157 X73=797 X74=432 X75=777 X76=257 X77=774 X78=406 X79=691 X80=120 X81=30 X82=790 X83=199 X84=135 X85=37 X86=68 X87=747 X88=262 X89=32 X90=506 X91=779 X92=20 X93=460 X94=622 X95=597 X96=446 X97=490 X98=312 X99=759 X100=355 X101=208 X102=201 X103=85 X104=499 X105=532 X106=634 X107=766 X108=59 X109=515 X110=587 X111=402 X112=171 X113=125 X114=84 X115=318 X116=96 X117=255 X118=767 X119=140 X120=65 X121=593 X122=504 X123=219 X124=459 X125=608 X126=129 X127=28 X128=33 X129=570 X130=467 X131=55 X132=623 X133=694 X134=669 X135=325 X136=734 X137=631 X138=554 X139=224 X140=27 X141=233 X142=302 X143=338 X144=709 X145=123 X146=114 X147=147 X148=582 X149=654 X150=543 X151=309 X152=106 X153=273 X154=703 X155=753 X156=2 X157=456 X158=206 X159=116 
d NODES 160

   totalWckTime=16.931  totalCpuTime=16.878
