
   AbsCon 1.41 (January, 2014) - defaultConfiguration

   
   instance
        framework=CSP  name=Isomorphism-/cluster/gpg/ciaran/sip-benchmarks/benchmarks/si2_m4D_m4D_625/si2_m4D_m625.00/pattern-/cluster/gpg/ciaran/sip-benchmarks/benchmarks/si2_m4D_m4D_625/si2_m4D_m625.00/target
        parameters=/cluster/gpg/ciaran/sip-benchmarks/benchmarks/si2_m4D_m4D_625/si2_m4D_m625.00/pattern,/cluster/gpg/ciaran/sip-benchmarks/benchmarks/si2_m4D_m4D_625/si2_m4D_m625.00/target
      

   loading variables...
        nbVariables=125  nbDomainTypes=1  nbTotalValues=78125  domainSizes=(625:125)
          =>  wckTime=0.2  cpuTime=0.324  mem=8M747

   loading objectives...

   loading constraints...
        nbConstraints=296  nbSpecificConstraints=1  nbExtensionStructures=(1,shared:294)  nbConflictsStructures=(1,shared:294,unbuilt:1)
        degrees=(2:1)(3:16)(4:23)...(7:25)(8:22)(9:4)  arities=(2:295)(125:1)  types=(AllDifferent:1)(ConstraintHardExtensionV-Bits:295)
          =>  wckTime=0.383  cpuTime=0.499  mem=20M258

   INFO : <!-- Start saving the XML representation -->

   INFO : <!-- Stop saving the XML representation of target.xml -->

   Solver SolverBacktrack being built... 
          =>  wckTime=0.725  cpuTime=0.785  mem=28M781

    instantiation X0=602 X1=139 X2=493 X3=45 X4=331 X5=552 X6=299 X7=49 X8=133 X9=326 X10=278 X11=197 X12=0 X13=13 X14=34 X15=69 X16=280 X17=109 X18=321 X19=401 X20=175 X21=579 X22=87 X23=554 X24=510 X25=205 X26=219 X27=577 X28=460 X29=285 X30=217 X31=202 X32=339 X33=563 X34=605 X35=132 X36=65 X37=581 X38=547 X39=301 X40=521 X41=257 X42=149 X43=555 X44=234 X45=422 X46=140 X47=447 X48=61 X49=75 X50=345 X51=418 X52=37 X53=35 X54=457 X55=143 X56=58 X57=623 X58=375 X59=178 X60=544 X61=464 X62=269 X63=397 X64=542 X65=66 X66=51 X67=313 X68=135 X69=359 X70=225 X71=71 X72=303 X73=593 X74=190 X75=614 X76=237 X77=318 X78=374 X79=496 X80=127 X81=276 X82=588 X83=173 X84=431 X85=72 X86=156 X87=105 X88=79 X89=1 X90=157 X91=21 X92=206 X93=402 X94=398 X95=456 X96=527 X97=112 X98=23 X99=413 X100=549 X101=508 X102=354 X103=290 X104=108 X105=344 X106=89 X107=559 X108=256 X109=322 X110=482 X111=621 X112=524 X113=214 X114=492 X115=312 X116=543 X117=379 X118=434 X119=616 X120=122 X121=505 X122=358 X123=483 X124=351 

    solution X0=602 X1=139 X2=493 X3=45 X4=331 X5=552 X6=299 X7=49 X8=133 X9=326 X10=278 X11=197 X12=0 X13=13 X14=34 X15=69 X16=280 X17=109 X18=321 X19=401 X20=175 X21=579 X22=87 X23=554 X24=510 X25=205 X26=219 X27=577 X28=460 X29=285 X30=217 X31=202 X32=339 X33=563 X34=605 X35=132 X36=65 X37=581 X38=547 X39=301 X40=521 X41=257 X42=149 X43=555 X44=234 X45=422 X46=140 X47=447 X48=61 X49=75 X50=345 X51=418 X52=37 X53=35 X54=457 X55=143 X56=58 X57=623 X58=375 X59=178 X60=544 X61=464 X62=269 X63=397 X64=542 X65=66 X66=51 X67=313 X68=135 X69=359 X70=225 X71=71 X72=303 X73=593 X74=190 X75=614 X76=237 X77=318 X78=374 X79=496 X80=127 X81=276 X82=588 X83=173 X84=431 X85=72 X86=156 X87=105 X88=79 X89=1 X90=157 X91=21 X92=206 X93=402 X94=398 X95=456 X96=527 X97=112 X98=23 X99=413 X100=549 X101=508 X102=354 X103=290 X104=108 X105=344 X106=89 X107=559 X108=256 X109=322 X110=482 X111=621 X112=524 X113=214 X114=492 X115=312 X116=543 X117=379 X118=434 X119=616 X120=122 X121=505 X122=358 X123=483 X124=351 

   
   search
        run=0  nbConstraintChecks=296  depth=(min:0,max:124,avg:1)  nbEffectivePropagations=196  nbRevisions=2266  nbUselessRevisions=2212
        nbAssignments=258  nbFailedAssignments=133  nbBacktracks=0  nbVisitedNodes=392  nbRestartNogoods=0  nbFoundSolutions=1
        upperBound=9223372036854775807
          =>  wckTime=7.588  cpuTime=8.264  mem=71M473

   
   global
        nbConstraintChecks=296  nbEffectivePropagations=196  nbRevisions=2266  nbUselessRevisions=2212  nbRestartNogoods=0  solvingWckTime=7.589
        expiredTime=no  totalExploration=no  nbFoundSolutions=1  firstSolutionCpuTime=8.26  Stop=REACHED_GOAL
          =>  wckTime=8.314  cpuTime=8.265  mem=71M473

s SATISFIABLE
v X0=602 X1=139 X2=493 X3=45 X4=331 X5=552 X6=299 X7=49 X8=133 X9=326 X10=278 X11=197 X12=0 X13=13 X14=34 X15=69 X16=280 X17=109 X18=321 X19=401 X20=175 X21=579 X22=87 X23=554 X24=510 X25=205 X26=219 X27=577 X28=460 X29=285 X30=217 X31=202 X32=339 X33=563 X34=605 X35=132 X36=65 X37=581 X38=547 X39=301 X40=521 X41=257 X42=149 X43=555 X44=234 X45=422 X46=140 X47=447 X48=61 X49=75 X50=345 X51=418 X52=37 X53=35 X54=457 X55=143 X56=58 X57=623 X58=375 X59=178 X60=544 X61=464 X62=269 X63=397 X64=542 X65=66 X66=51 X67=313 X68=135 X69=359 X70=225 X71=71 X72=303 X73=593 X74=190 X75=614 X76=237 X77=318 X78=374 X79=496 X80=127 X81=276 X82=588 X83=173 X84=431 X85=72 X86=156 X87=105 X88=79 X89=1 X90=157 X91=21 X92=206 X93=402 X94=398 X95=456 X96=527 X97=112 X98=23 X99=413 X100=549 X101=508 X102=354 X103=290 X104=108 X105=344 X106=89 X107=559 X108=256 X109=322 X110=482 X111=621 X112=524 X113=214 X114=492 X115=312 X116=543 X117=379 X118=434 X119=616 X120=122 X121=505 X122=358 X123=483 X124=351 
d NODES 258

   totalWckTime=8.217  totalCpuTime=8.265
