
   AbsCon 1.41 (January, 2014) - defaultConfiguration

   
   instance
        framework=CSP  name=Isomorphism-/cluster/gpg/ciaran/sip-benchmarks/benchmarks/si2_bvg_b06_800/si2_b06_m800.04/pattern-/cluster/gpg/ciaran/sip-benchmarks/benchmarks/si2_bvg_b06_800/si2_b06_m800.04/target
        parameters=/cluster/gpg/ciaran/sip-benchmarks/benchmarks/si2_bvg_b06_800/si2_b06_m800.04/pattern,/cluster/gpg/ciaran/sip-benchmarks/benchmarks/si2_bvg_b06_800/si2_b06_m800.04/target
      

   loading variables...
        nbVariables=160  nbDomainTypes=1  nbTotalValues=128000  domainSizes=(800:160)
          =>  wckTime=0.24  cpuTime=0.35  mem=11M743

   loading objectives...

   loading constraints...
        nbConstraints=475  nbSpecificConstraints=1  nbExtensionStructures=(1,shared:473)  nbConflictsStructures=(1,shared:473,unbuilt:1)
        degrees=(4:2)(5:2)(6:2)(7:154)  arities=(2:474)(160:1)  types=(AllDifferent:1)(ConstraintHardExtensionV-Bits:474)
          =>  wckTime=0.618  cpuTime=0.704  mem=20M922

   INFO : <!-- Start saving the XML representation -->

   INFO : <!-- Stop saving the XML representation of target.xml -->

   Solver SolverBacktrack being built... 
          =>  wckTime=1.112  cpuTime=1.157  mem=51M401

    instantiation X0=0 X1=76 X2=142 X3=37 X4=70 X5=643 X6=153 X7=314 X8=184 X9=715 X10=38 X11=300 X12=28 X13=702 X14=78 X15=419 X16=31 X17=139 X18=471 X19=26 X20=286 X21=497 X22=626 X23=148 X24=772 X25=621 X26=238 X27=177 X28=352 X29=370 X30=356 X31=230 X32=266 X33=128 X34=380 X35=119 X36=93 X37=741 X38=645 X39=214 X40=112 X41=103 X42=504 X43=131 X44=319 X45=299 X46=588 X47=16 X48=774 X49=724 X50=164 X51=113 X52=100 X53=570 X54=653 X55=579 X56=73 X57=285 X58=534 X59=19 X60=141 X61=766 X62=443 X63=500 X64=634 X65=336 X66=748 X67=698 X68=399 X69=367 X70=49 X71=487 X72=304 X73=228 X74=397 X75=759 X76=18 X77=241 X78=523 X79=514 X80=51 X81=561 X82=366 X83=412 X84=307 X85=761 X86=484 X87=758 X88=610 X89=349 X90=428 X91=581 X92=788 X93=649 X94=209 X95=268 X96=22 X97=466 X98=491 X99=778 X100=65 X101=118 X102=168 X103=14 X104=598 X105=339 X106=657 X107=506 X108=251 X109=797 X110=149 X111=410 X112=798 X113=708 X114=528 X115=250 X116=436 X117=40 X118=459 X119=60 X120=94 X121=109 X122=413 X123=446 X124=132 X125=91 X126=426 X127=332 X128=418 X129=95 X130=468 X131=273 X132=773 X133=101 X134=155 X135=572 X136=114 X137=795 X138=7 X139=157 X140=196 X141=248 X142=738 X143=556 X144=171 X145=568 X146=327 X147=791 X148=435 X149=32 X150=233 X151=216 X152=221 X153=555 X154=350 X155=198 X156=256 X157=532 X158=732 X159=303 

    solution X0=0 X1=76 X2=142 X3=37 X4=70 X5=643 X6=153 X7=314 X8=184 X9=715 X10=38 X11=300 X12=28 X13=702 X14=78 X15=419 X16=31 X17=139 X18=471 X19=26 X20=286 X21=497 X22=626 X23=148 X24=772 X25=621 X26=238 X27=177 X28=352 X29=370 X30=356 X31=230 X32=266 X33=128 X34=380 X35=119 X36=93 X37=741 X38=645 X39=214 X40=112 X41=103 X42=504 X43=131 X44=319 X45=299 X46=588 X47=16 X48=774 X49=724 X50=164 X51=113 X52=100 X53=570 X54=653 X55=579 X56=73 X57=285 X58=534 X59=19 X60=141 X61=766 X62=443 X63=500 X64=634 X65=336 X66=748 X67=698 X68=399 X69=367 X70=49 X71=487 X72=304 X73=228 X74=397 X75=759 X76=18 X77=241 X78=523 X79=514 X80=51 X81=561 X82=366 X83=412 X84=307 X85=761 X86=484 X87=758 X88=610 X89=349 X90=428 X91=581 X92=788 X93=649 X94=209 X95=268 X96=22 X97=466 X98=491 X99=778 X100=65 X101=118 X102=168 X103=14 X104=598 X105=339 X106=657 X107=506 X108=251 X109=797 X110=149 X111=410 X112=798 X113=708 X114=528 X115=250 X116=436 X117=40 X118=459 X119=60 X120=94 X121=109 X122=413 X123=446 X124=132 X125=91 X126=426 X127=332 X128=418 X129=95 X130=468 X131=273 X132=773 X133=101 X134=155 X135=572 X136=114 X137=795 X138=7 X139=157 X140=196 X141=248 X142=738 X143=556 X144=171 X145=568 X146=327 X147=791 X148=435 X149=32 X150=233 X151=216 X152=221 X153=555 X154=350 X155=198 X156=256 X157=532 X158=732 X159=303 

   
   search
        run=0  nbConstraintChecks=475  depth=(min:161,max:159,avg:0)  nbEffectivePropagations=2  nbRevisions=2334  nbUselessRevisions=2334
        nbAssignments=160  nbFailedAssignments=0  nbBacktracks=0  nbVisitedNodes=161  nbRestartNogoods=0  nbFoundSolutions=1
        upperBound=9223372036854775807
          =>  wckTime=14.32  cpuTime=15.226  mem=250M282

   
   global
        nbConstraintChecks=475  nbEffectivePropagations=2  nbRevisions=2334  nbUselessRevisions=2334  nbRestartNogoods=0  solvingWckTime=14.321
        expiredTime=no  totalExploration=no  nbFoundSolutions=1  firstSolutionCpuTime=15.216  Stop=REACHED_GOAL
          =>  wckTime=15.434  cpuTime=15.227  mem=250M282

s SATISFIABLE
v X0=0 X1=76 X2=142 X3=37 X4=70 X5=643 X6=153 X7=314 X8=184 X9=715 X10=38 X11=300 X12=28 X13=702 X14=78 X15=419 X16=31 X17=139 X18=471 X19=26 X20=286 X21=497 X22=626 X23=148 X24=772 X25=621 X26=238 X27=177 X28=352 X29=370 X30=356 X31=230 X32=266 X33=128 X34=380 X35=119 X36=93 X37=741 X38=645 X39=214 X40=112 X41=103 X42=504 X43=131 X44=319 X45=299 X46=588 X47=16 X48=774 X49=724 X50=164 X51=113 X52=100 X53=570 X54=653 X55=579 X56=73 X57=285 X58=534 X59=19 X60=141 X61=766 X62=443 X63=500 X64=634 X65=336 X66=748 X67=698 X68=399 X69=367 X70=49 X71=487 X72=304 X73=228 X74=397 X75=759 X76=18 X77=241 X78=523 X79=514 X80=51 X81=561 X82=366 X83=412 X84=307 X85=761 X86=484 X87=758 X88=610 X89=349 X90=428 X91=581 X92=788 X93=649 X94=209 X95=268 X96=22 X97=466 X98=491 X99=778 X100=65 X101=118 X102=168 X103=14 X104=598 X105=339 X106=657 X107=506 X108=251 X109=797 X110=149 X111=410 X112=798 X113=708 X114=528 X115=250 X116=436 X117=40 X118=459 X119=60 X120=94 X121=109 X122=413 X123=446 X124=132 X125=91 X126=426 X127=332 X128=418 X129=95 X130=468 X131=273 X132=773 X133=101 X134=155 X135=572 X136=114 X137=795 X138=7 X139=157 X140=196 X141=248 X142=738 X143=556 X144=171 X145=568 X146=327 X147=791 X148=435 X149=32 X150=233 X151=216 X152=221 X153=555 X154=350 X155=198 X156=256 X157=532 X158=732 X159=303 
d NODES 160

   totalWckTime=15.32  totalCpuTime=15.227
