
   AbsCon 1.41 (January, 2014) - defaultConfiguration

   
   instance
        framework=CSP  name=Isomorphism-/cluster/gpg/ciaran/sip-benchmarks/benchmarks/si2_m4D_m4Dr4_625/si2_m4Dr4_m625.01/pattern-/cluster/gpg/ciaran/sip-benchmarks/benchmarks/si2_m4D_m4Dr4_625/si2_m4Dr4_m625.01/target
        parameters=/cluster/gpg/ciaran/sip-benchmarks/benchmarks/si2_m4D_m4Dr4_625/si2_m4Dr4_m625.01/pattern,/cluster/gpg/ciaran/sip-benchmarks/benchmarks/si2_m4D_m4Dr4_625/si2_m4Dr4_m625.01/target
      

   loading variables...
        nbVariables=125  nbDomainTypes=1  nbTotalValues=78125  domainSizes=(625:125)
          =>  wckTime=0.211  cpuTime=0.301  mem=8M818

   loading objectives...

   loading constraints...
        nbConstraints=209  nbSpecificConstraints=1  nbExtensionStructures=(1,shared:207)  nbConflictsStructures=(1,shared:207,unbuilt:1)
        degrees=(2:34)(3:23)(4:14)...(8:9)(9:2)(11:1)  arities=(2:208)(125:1)  types=(AllDifferent:1)(ConstraintHardExtensionV-Bits:208)
          =>  wckTime=0.344  cpuTime=0.427  mem=15M607

   INFO : <!-- Start saving the XML representation -->

   INFO : <!-- Stop saving the XML representation of target.xml -->

   Solver SolverBacktrack being built... 
          =>  wckTime=0.664  cpuTime=0.712  mem=28M562

    instantiation X0=0 X1=318 X2=359 X3=498 X4=533 X5=556 X6=34 X7=48 X8=122 X9=577 X10=110 X11=207 X12=143 X13=221 X14=238 X15=367 X16=24 X17=172 X18=570 X19=573 X20=410 X21=3 X22=105 X23=536 X24=8 X25=228 X26=372 X27=383 X28=523 X29=49 X30=287 X31=234 X32=424 X33=369 X34=418 X35=550 X36=553 X37=151 X38=301 X39=312 X40=370 X41=395 X42=574 X43=428 X44=429 X45=530 X46=59 X47=195 X48=597 X49=332 X50=562 X51=599 X52=555 X53=96 X54=169 X55=244 X56=382 X57=113 X58=165 X59=204 X60=588 X61=107 X62=258 X63=432 X64=585 X65=620 X66=37 X67=613 X68=489 X69=493 X70=288 X71=540 X72=83 X73=168 X74=279 X75=438 X76=532 X77=537 X78=119 X79=167 X80=582 X81=249 X82=290 X83=384 X84=390 X85=462 X86=601 X87=415 X88=522 X89=46 X90=180 X91=183 X92=307 X93=311 X94=315 X95=451 X96=465 X97=476 X98=348 X99=65 X100=396 X101=492 X102=587 X103=63 X104=225 X105=226 X106=271 X107=333 X108=455 X109=546 X110=178 X111=341 X112=440 X113=316 X114=340 X115=517 X116=15 X117=319 X118=324 X119=463 X120=36 X121=120 X122=132 X123=441 X124=607 

    solution X0=0 X1=318 X2=359 X3=498 X4=533 X5=556 X6=34 X7=48 X8=122 X9=577 X10=110 X11=207 X12=143 X13=221 X14=238 X15=367 X16=24 X17=172 X18=570 X19=573 X20=410 X21=3 X22=105 X23=536 X24=8 X25=228 X26=372 X27=383 X28=523 X29=49 X30=287 X31=234 X32=424 X33=369 X34=418 X35=550 X36=553 X37=151 X38=301 X39=312 X40=370 X41=395 X42=574 X43=428 X44=429 X45=530 X46=59 X47=195 X48=597 X49=332 X50=562 X51=599 X52=555 X53=96 X54=169 X55=244 X56=382 X57=113 X58=165 X59=204 X60=588 X61=107 X62=258 X63=432 X64=585 X65=620 X66=37 X67=613 X68=489 X69=493 X70=288 X71=540 X72=83 X73=168 X74=279 X75=438 X76=532 X77=537 X78=119 X79=167 X80=582 X81=249 X82=290 X83=384 X84=390 X85=462 X86=601 X87=415 X88=522 X89=46 X90=180 X91=183 X92=307 X93=311 X94=315 X95=451 X96=465 X97=476 X98=348 X99=65 X100=396 X101=492 X102=587 X103=63 X104=225 X105=226 X106=271 X107=333 X108=455 X109=546 X110=178 X111=341 X112=440 X113=316 X114=340 X115=517 X116=15 X117=319 X118=324 X119=463 X120=36 X121=120 X122=132 X123=441 X124=607 

   
   search
        run=0  nbConstraintChecks=209  depth=(min:0,max:124,avg:1)  nbEffectivePropagations=555  nbRevisions=5637  nbUselessRevisions=5167
        nbAssignments=508  nbFailedAssignments=383  nbBacktracks=0  nbVisitedNodes=892  nbRestartNogoods=0  nbFoundSolutions=1
        upperBound=9223372036854775807
          =>  wckTime=17.551  cpuTime=18.044  mem=159M157

   
   global
        nbConstraintChecks=209  nbEffectivePropagations=555  nbRevisions=5637  nbUselessRevisions=5167  nbRestartNogoods=0  solvingWckTime=17.551
        expiredTime=no  totalExploration=no  nbFoundSolutions=1  firstSolutionCpuTime=18.04  Stop=REACHED_GOAL
          =>  wckTime=18.216  cpuTime=18.044  mem=159M157

s SATISFIABLE
v X0=0 X1=318 X2=359 X3=498 X4=533 X5=556 X6=34 X7=48 X8=122 X9=577 X10=110 X11=207 X12=143 X13=221 X14=238 X15=367 X16=24 X17=172 X18=570 X19=573 X20=410 X21=3 X22=105 X23=536 X24=8 X25=228 X26=372 X27=383 X28=523 X29=49 X30=287 X31=234 X32=424 X33=369 X34=418 X35=550 X36=553 X37=151 X38=301 X39=312 X40=370 X41=395 X42=574 X43=428 X44=429 X45=530 X46=59 X47=195 X48=597 X49=332 X50=562 X51=599 X52=555 X53=96 X54=169 X55=244 X56=382 X57=113 X58=165 X59=204 X60=588 X61=107 X62=258 X63=432 X64=585 X65=620 X66=37 X67=613 X68=489 X69=493 X70=288 X71=540 X72=83 X73=168 X74=279 X75=438 X76=532 X77=537 X78=119 X79=167 X80=582 X81=249 X82=290 X83=384 X84=390 X85=462 X86=601 X87=415 X88=522 X89=46 X90=180 X91=183 X92=307 X93=311 X94=315 X95=451 X96=465 X97=476 X98=348 X99=65 X100=396 X101=492 X102=587 X103=63 X104=225 X105=226 X106=271 X107=333 X108=455 X109=546 X110=178 X111=341 X112=440 X113=316 X114=340 X115=517 X116=15 X117=319 X118=324 X119=463 X120=36 X121=120 X122=132 X123=441 X124=607 
d NODES 508

   totalWckTime=18.102  totalCpuTime=18.045
