
   AbsCon 1.41 (January, 2014) - defaultConfiguration

   
   instance
        framework=CSP  name=Isomorphism-/cluster/gpg/ciaran/sip-benchmarks/benchmarks/si2_bvg_b09_800/si2_b09_m800.00/pattern-/cluster/gpg/ciaran/sip-benchmarks/benchmarks/si2_bvg_b09_800/si2_b09_m800.00/target
        parameters=/cluster/gpg/ciaran/sip-benchmarks/benchmarks/si2_bvg_b09_800/si2_b09_m800.00/pattern,/cluster/gpg/ciaran/sip-benchmarks/benchmarks/si2_bvg_b09_800/si2_b09_m800.00/target
      

   loading variables...
        nbVariables=160  nbDomainTypes=1  nbTotalValues=128000  domainSizes=(800:160)
          =>  wckTime=0.242  cpuTime=0.32  mem=11M937

   loading objectives...

   loading constraints...
        nbConstraints=698  nbSpecificConstraints=1  nbExtensionStructures=(1,shared:696)  nbConflictsStructures=(1,shared:696,unbuilt:1)
        degrees=(5:2)(6:4)(7:3)(8:4)(9:3)(10:144)  arities=(2:697)(160:1)  types=(AllDifferent:1)(ConstraintHardExtensionV-Bits:697)
          =>  wckTime=0.594  cpuTime=0.65  mem=46M973

   INFO : <!-- Start saving the XML representation -->

   INFO : <!-- Stop saving the XML representation of target.xml -->

   Solver SolverBacktrack being built... 
          =>  wckTime=1.001  cpuTime=1.013  mem=62M884

    instantiation X0=0 X1=151 X2=178 X3=264 X4=299 X5=359 X6=465 X7=530 X8=629 X9=695 X10=96 X11=227 X12=797 X13=408 X14=555 X15=579 X16=602 X17=684 X18=756 X19=792 X20=304 X21=478 X22=525 X23=514 X24=98 X25=587 X26=104 X27=362 X28=464 X29=282 X30=149 X31=155 X32=190 X33=468 X34=13 X35=37 X36=307 X37=226 X38=636 X39=193 X40=249 X41=522 X42=101 X43=315 X44=672 X45=367 X46=346 X47=768 X48=54 X49=191 X50=132 X51=529 X52=675 X53=576 X54=428 X55=739 X56=625 X57=103 X58=610 X59=235 X60=78 X61=218 X62=456 X63=783 X64=35 X65=509 X66=163 X67=680 X68=536 X69=662 X70=277 X71=669 X72=212 X73=321 X74=147 X75=721 X76=200 X77=302 X78=459 X79=481 X80=242 X81=626 X82=375 X83=694 X84=175 X85=220 X86=661 X87=643 X88=548 X89=55 X90=274 X91=243 X92=531 X93=519 X94=633 X95=708 X96=207 X97=99 X98=263 X99=357 X100=421 X101=232 X102=723 X103=497 X104=608 X105=676 X106=734 X107=260 X108=91 X109=179 X110=245 X111=363 X112=496 X113=438 X114=416 X115=614 X116=348 X117=62 X118=384 X119=397 X120=165 X121=140 X122=135 X123=327 X124=368 X125=645 X126=556 X127=729 X128=502 X129=41 X130=185 X131=393 X132=167 X133=742 X134=412 X135=757 X136=640 X137=338 X138=486 X139=402 X140=653 X141=136 X142=174 X143=500 X144=311 X145=64 X146=447 X147=329 X148=21 X149=615 X150=709 X151=3 X152=198 X153=655 X154=413 X155=225 X156=258 X157=454 X158=575 X159=730 

    solution X0=0 X1=151 X2=178 X3=264 X4=299 X5=359 X6=465 X7=530 X8=629 X9=695 X10=96 X11=227 X12=797 X13=408 X14=555 X15=579 X16=602 X17=684 X18=756 X19=792 X20=304 X21=478 X22=525 X23=514 X24=98 X25=587 X26=104 X27=362 X28=464 X29=282 X30=149 X31=155 X32=190 X33=468 X34=13 X35=37 X36=307 X37=226 X38=636 X39=193 X40=249 X41=522 X42=101 X43=315 X44=672 X45=367 X46=346 X47=768 X48=54 X49=191 X50=132 X51=529 X52=675 X53=576 X54=428 X55=739 X56=625 X57=103 X58=610 X59=235 X60=78 X61=218 X62=456 X63=783 X64=35 X65=509 X66=163 X67=680 X68=536 X69=662 X70=277 X71=669 X72=212 X73=321 X74=147 X75=721 X76=200 X77=302 X78=459 X79=481 X80=242 X81=626 X82=375 X83=694 X84=175 X85=220 X86=661 X87=643 X88=548 X89=55 X90=274 X91=243 X92=531 X93=519 X94=633 X95=708 X96=207 X97=99 X98=263 X99=357 X100=421 X101=232 X102=723 X103=497 X104=608 X105=676 X106=734 X107=260 X108=91 X109=179 X110=245 X111=363 X112=496 X113=438 X114=416 X115=614 X116=348 X117=62 X118=384 X119=397 X120=165 X121=140 X122=135 X123=327 X124=368 X125=645 X126=556 X127=729 X128=502 X129=41 X130=185 X131=393 X132=167 X133=742 X134=412 X135=757 X136=640 X137=338 X138=486 X139=402 X140=653 X141=136 X142=174 X143=500 X144=311 X145=64 X146=447 X147=329 X148=21 X149=615 X150=709 X151=3 X152=198 X153=655 X154=413 X155=225 X156=258 X157=454 X158=575 X159=730 

   
   search
        run=0  nbConstraintChecks=698  depth=(min:161,max:159,avg:0)  nbEffectivePropagations=2  nbRevisions=3415  nbUselessRevisions=3415
        nbAssignments=160  nbFailedAssignments=0  nbBacktracks=0  nbVisitedNodes=161  nbRestartNogoods=0  nbFoundSolutions=1
        upperBound=9223372036854775807
          =>  wckTime=18.329  cpuTime=19.107  mem=154M926

   
   global
        nbConstraintChecks=698  nbEffectivePropagations=2  nbRevisions=3415  nbUselessRevisions=3415  nbRestartNogoods=0  solvingWckTime=18.33
        expiredTime=no  totalExploration=no  nbFoundSolutions=1  firstSolutionCpuTime=19.097  Stop=REACHED_GOAL
          =>  wckTime=19.332  cpuTime=19.107  mem=154M926

s SATISFIABLE
v X0=0 X1=151 X2=178 X3=264 X4=299 X5=359 X6=465 X7=530 X8=629 X9=695 X10=96 X11=227 X12=797 X13=408 X14=555 X15=579 X16=602 X17=684 X18=756 X19=792 X20=304 X21=478 X22=525 X23=514 X24=98 X25=587 X26=104 X27=362 X28=464 X29=282 X30=149 X31=155 X32=190 X33=468 X34=13 X35=37 X36=307 X37=226 X38=636 X39=193 X40=249 X41=522 X42=101 X43=315 X44=672 X45=367 X46=346 X47=768 X48=54 X49=191 X50=132 X51=529 X52=675 X53=576 X54=428 X55=739 X56=625 X57=103 X58=610 X59=235 X60=78 X61=218 X62=456 X63=783 X64=35 X65=509 X66=163 X67=680 X68=536 X69=662 X70=277 X71=669 X72=212 X73=321 X74=147 X75=721 X76=200 X77=302 X78=459 X79=481 X80=242 X81=626 X82=375 X83=694 X84=175 X85=220 X86=661 X87=643 X88=548 X89=55 X90=274 X91=243 X92=531 X93=519 X94=633 X95=708 X96=207 X97=99 X98=263 X99=357 X100=421 X101=232 X102=723 X103=497 X104=608 X105=676 X106=734 X107=260 X108=91 X109=179 X110=245 X111=363 X112=496 X113=438 X114=416 X115=614 X116=348 X117=62 X118=384 X119=397 X120=165 X121=140 X122=135 X123=327 X124=368 X125=645 X126=556 X127=729 X128=502 X129=41 X130=185 X131=393 X132=167 X133=742 X134=412 X135=757 X136=640 X137=338 X138=486 X139=402 X140=653 X141=136 X142=174 X143=500 X144=311 X145=64 X146=447 X147=329 X148=21 X149=615 X150=709 X151=3 X152=198 X153=655 X154=413 X155=225 X156=258 X157=454 X158=575 X159=730 
d NODES 160

   totalWckTime=19.235  totalCpuTime=19.108
