
   AbsCon 1.41 (January, 2014) - defaultConfiguration

   
   instance
        framework=CSP  name=Isomorphism-/cluster/gpg/ciaran/sip-benchmarks/benchmarks/si2_bvg_b06_200/si2_b06_m200.07/pattern-/cluster/gpg/ciaran/sip-benchmarks/benchmarks/si2_bvg_b06_200/si2_b06_m200.07/target
        parameters=/cluster/gpg/ciaran/sip-benchmarks/benchmarks/si2_bvg_b06_200/si2_b06_m200.07/pattern,/cluster/gpg/ciaran/sip-benchmarks/benchmarks/si2_bvg_b06_200/si2_b06_m200.07/target
      

   loading variables...
        nbVariables=40  nbDomainTypes=1  nbTotalValues=8000  domainSizes=(200:40)
          =>  wckTime=0.179  cpuTime=0.287  mem=9M568

   loading objectives...

   loading constraints...
        nbConstraints=115  nbSpecificConstraints=1  nbExtensionStructures=(1,shared:113)  nbConflictsStructures=(1,shared:113,unbuilt:1)
        degrees=(4:2)(5:2)(6:2)(7:34)  arities=(2:114)(40:1)  types=(AllDifferent:1)(ConstraintHardExtensionV-Bits:114)
          =>  wckTime=0.247  cpuTime=0.349  mem=5M933

   INFO : <!-- Start saving the XML representation -->

   INFO : <!-- Stop saving the XML representation of target.xml -->

   Solver SolverBacktrack being built... 
          =>  wckTime=0.434  cpuTime=0.514  mem=20M838

    instantiation X0=0 X1=2 X2=15 X3=60 X4=155 X5=177 X6=196 X7=12 X8=37 X9=194 X10=5 X11=130 X12=76 X13=160 X14=93 X15=104 X16=47 X17=134 X18=63 X19=123 X20=133 X21=199 X22=45 X23=131 X24=127 X25=192 X26=121 X27=55 X28=99 X29=120 X30=140 X31=161 X32=53 X33=44 X34=95 X35=97 X36=132 X37=135 X38=195 X39=163 

    solution X0=0 X1=2 X2=15 X3=60 X4=155 X5=177 X6=196 X7=12 X8=37 X9=194 X10=5 X11=130 X12=76 X13=160 X14=93 X15=104 X16=47 X17=134 X18=63 X19=123 X20=133 X21=199 X22=45 X23=131 X24=127 X25=192 X26=121 X27=55 X28=99 X29=120 X30=140 X31=161 X32=53 X33=44 X34=95 X35=97 X36=132 X37=135 X38=195 X39=163 

   
   search
        run=0  nbConstraintChecks=115  depth=(min:41,max:39,avg:0)  nbEffectivePropagations=2  nbRevisions=534  nbUselessRevisions=534
        nbAssignments=40  nbFailedAssignments=0  nbBacktracks=0  nbVisitedNodes=41  nbRestartNogoods=0  nbFoundSolutions=1  upperBound=9223372036854775807
          =>  wckTime=0.279  cpuTime=0.782  mem=32M910

   
   global
        nbConstraintChecks=115  nbEffectivePropagations=2  nbRevisions=534  nbUselessRevisions=534  nbRestartNogoods=0  solvingWckTime=0.28
        expiredTime=no  totalExploration=no  nbFoundSolutions=1  firstSolutionCpuTime=0.778  Stop=REACHED_GOAL
          =>  wckTime=0.715  cpuTime=0.782  mem=32M910

s SATISFIABLE
v X0=0 X1=2 X2=15 X3=60 X4=155 X5=177 X6=196 X7=12 X8=37 X9=194 X10=5 X11=130 X12=76 X13=160 X14=93 X15=104 X16=47 X17=134 X18=63 X19=123 X20=133 X21=199 X22=45 X23=131 X24=127 X25=192 X26=121 X27=55 X28=99 X29=120 X30=140 X31=161 X32=53 X33=44 X34=95 X35=97 X36=132 X37=135 X38=195 X39=163 
d NODES 40

   totalWckTime=0.614  totalCpuTime=0.782
