
   AbsCon 1.41 (January, 2014) - defaultConfiguration

   
   instance
        framework=CSP  name=Isomorphism-/cluster/gpg/ciaran/sip-benchmarks/benchmarks/si2_bvg_b06m_800/si2_b06m_m800.00/pattern-/cluster/gpg/ciaran/sip-benchmarks/benchmarks/si2_bvg_b06m_800/si2_b06m_m800.00/target
        parameters=/cluster/gpg/ciaran/sip-benchmarks/benchmarks/si2_bvg_b06m_800/si2_b06m_m800.00/pattern,/cluster/gpg/ciaran/sip-benchmarks/benchmarks/si2_bvg_b06m_800/si2_b06m_m800.00/target
      

   loading variables...
        nbVariables=160  nbDomainTypes=1  nbTotalValues=128000  domainSizes=(800:160)
          =>  wckTime=0.228  cpuTime=0.325  mem=11M845

   loading objectives...

   loading constraints...
        nbConstraints=317  nbSpecificConstraints=1  nbExtensionStructures=(1,shared:315)  nbConflictsStructures=(1,shared:315,unbuilt:1)
        degrees=(2:16)(3:24)(4:39)...(11:2)(17:1)(23:1)  arities=(2:316)(160:1)  types=(AllDifferent:1)(ConstraintHardExtensionV-Bits:316)
          =>  wckTime=0.459  cpuTime=0.544  mem=26M947

   INFO : <!-- Start saving the XML representation -->

   INFO : <!-- Stop saving the XML representation of target.xml -->

   Solver SolverBacktrack being built... 
          =>  wckTime=0.861  cpuTime=0.903  mem=58M597

    instantiation X0=0 X1=78 X2=109 X3=205 X4=230 X5=264 X6=291 X7=328 X8=353 X9=446 X10=450 X11=476 X12=516 X13=560 X14=573 X15=613 X16=650 X17=661 X18=664 X19=667 X20=711 X21=754 X22=765 X23=100 X24=142 X25=360 X26=590 X27=44 X28=82 X29=271 X30=658 X31=792 X32=60 X33=413 X34=471 X35=31 X36=354 X37=505 X38=517 X39=687 X40=25 X41=536 X42=83 X43=238 X44=427 X45=783 X46=799 X47=145 X48=166 X49=458 X50=480 X51=715 X52=38 X53=102 X54=521 X55=16 X56=141 X57=158 X58=283 X59=399 X60=62 X61=208 X62=674 X63=730 X64=791 X65=14 X66=111 X67=568 X68=737 X69=12 X70=681 X71=260 X72=375 X73=432 X74=599 X75=617 X76=757 X77=7 X78=19 X79=554 X80=5 X81=368 X82=429 X83=431 X84=37 X85=309 X86=314 X87=563 X88=648 X89=56 X90=442 X91=620 X92=497 X93=615 X94=619 X95=773 X96=278 X97=300 X98=468 X99=474 X100=524 X101=9 X102=310 X103=345 X104=540 X105=751 X106=1 X107=39 X108=320 X109=347 X110=379 X111=506 X112=565 X113=600 X114=610 X115=241 X116=400 X117=487 X118=8 X119=178 X120=642 X121=707 X122=749 X123=29 X124=478 X125=511 X126=699 X127=671 X128=72 X129=689 X130=18 X131=69 X132=71 X133=242 X134=594 X135=705 X136=732 X137=776 X138=101 X139=288 X140=380 X141=338 X142=770 X143=331 X144=219 X145=357 X146=392 X147=481 X148=629 X149=677 X150=709 X151=719 X152=756 X153=30 X154=215 X155=272 X156=330 X157=621 X158=712 X159=723 

    solution X0=0 X1=78 X2=109 X3=205 X4=230 X5=264 X6=291 X7=328 X8=353 X9=446 X10=450 X11=476 X12=516 X13=560 X14=573 X15=613 X16=650 X17=661 X18=664 X19=667 X20=711 X21=754 X22=765 X23=100 X24=142 X25=360 X26=590 X27=44 X28=82 X29=271 X30=658 X31=792 X32=60 X33=413 X34=471 X35=31 X36=354 X37=505 X38=517 X39=687 X40=25 X41=536 X42=83 X43=238 X44=427 X45=783 X46=799 X47=145 X48=166 X49=458 X50=480 X51=715 X52=38 X53=102 X54=521 X55=16 X56=141 X57=158 X58=283 X59=399 X60=62 X61=208 X62=674 X63=730 X64=791 X65=14 X66=111 X67=568 X68=737 X69=12 X70=681 X71=260 X72=375 X73=432 X74=599 X75=617 X76=757 X77=7 X78=19 X79=554 X80=5 X81=368 X82=429 X83=431 X84=37 X85=309 X86=314 X87=563 X88=648 X89=56 X90=442 X91=620 X92=497 X93=615 X94=619 X95=773 X96=278 X97=300 X98=468 X99=474 X100=524 X101=9 X102=310 X103=345 X104=540 X105=751 X106=1 X107=39 X108=320 X109=347 X110=379 X111=506 X112=565 X113=600 X114=610 X115=241 X116=400 X117=487 X118=8 X119=178 X120=642 X121=707 X122=749 X123=29 X124=478 X125=511 X126=699 X127=671 X128=72 X129=689 X130=18 X131=69 X132=71 X133=242 X134=594 X135=705 X136=732 X137=776 X138=101 X139=288 X140=380 X141=338 X142=770 X143=331 X144=219 X145=357 X146=392 X147=481 X148=629 X149=677 X150=709 X151=719 X152=756 X153=30 X154=215 X155=272 X156=330 X157=621 X158=712 X159=723 

   
   search
        run=0  nbConstraintChecks=317  depth=(min:161,max:159,avg:0)  nbEffectivePropagations=71  nbRevisions=908  nbUselessRevisions=908
        nbAssignments=160  nbFailedAssignments=0  nbBacktracks=0  nbVisitedNodes=161  nbRestartNogoods=0  nbFoundSolutions=1
        upperBound=9223372036854775807
          =>  wckTime=13.964  cpuTime=14.645  mem=287M948

   
   global
        nbConstraintChecks=317  nbEffectivePropagations=71  nbRevisions=908  nbUselessRevisions=908  nbRestartNogoods=0  solvingWckTime=13.964
        expiredTime=no  totalExploration=no  nbFoundSolutions=1  firstSolutionCpuTime=14.633  Stop=REACHED_GOAL
          =>  wckTime=14.826  cpuTime=14.645  mem=287M948

s SATISFIABLE
v X0=0 X1=78 X2=109 X3=205 X4=230 X5=264 X6=291 X7=328 X8=353 X9=446 X10=450 X11=476 X12=516 X13=560 X14=573 X15=613 X16=650 X17=661 X18=664 X19=667 X20=711 X21=754 X22=765 X23=100 X24=142 X25=360 X26=590 X27=44 X28=82 X29=271 X30=658 X31=792 X32=60 X33=413 X34=471 X35=31 X36=354 X37=505 X38=517 X39=687 X40=25 X41=536 X42=83 X43=238 X44=427 X45=783 X46=799 X47=145 X48=166 X49=458 X50=480 X51=715 X52=38 X53=102 X54=521 X55=16 X56=141 X57=158 X58=283 X59=399 X60=62 X61=208 X62=674 X63=730 X64=791 X65=14 X66=111 X67=568 X68=737 X69=12 X70=681 X71=260 X72=375 X73=432 X74=599 X75=617 X76=757 X77=7 X78=19 X79=554 X80=5 X81=368 X82=429 X83=431 X84=37 X85=309 X86=314 X87=563 X88=648 X89=56 X90=442 X91=620 X92=497 X93=615 X94=619 X95=773 X96=278 X97=300 X98=468 X99=474 X100=524 X101=9 X102=310 X103=345 X104=540 X105=751 X106=1 X107=39 X108=320 X109=347 X110=379 X111=506 X112=565 X113=600 X114=610 X115=241 X116=400 X117=487 X118=8 X119=178 X120=642 X121=707 X122=749 X123=29 X124=478 X125=511 X126=699 X127=671 X128=72 X129=689 X130=18 X131=69 X132=71 X133=242 X134=594 X135=705 X136=732 X137=776 X138=101 X139=288 X140=380 X141=338 X142=770 X143=331 X144=219 X145=357 X146=392 X147=481 X148=629 X149=677 X150=709 X151=719 X152=756 X153=30 X154=215 X155=272 X156=330 X157=621 X158=712 X159=723 
d NODES 160

   totalWckTime=14.723  totalCpuTime=14.646
