
   AbsCon 1.41 (January, 2014) - defaultConfiguration

   
   instance
        framework=CSP  name=Isomorphism-/cluster/gpg/ciaran/sip-benchmarks/benchmarks/si2_bvg_b03_800/si2_b03_m800.02/pattern-/cluster/gpg/ciaran/sip-benchmarks/benchmarks/si2_bvg_b03_800/si2_b03_m800.02/target
        parameters=/cluster/gpg/ciaran/sip-benchmarks/benchmarks/si2_bvg_b03_800/si2_b03_m800.02/pattern,/cluster/gpg/ciaran/sip-benchmarks/benchmarks/si2_bvg_b03_800/si2_b03_m800.02/target
      

   loading variables...
        nbVariables=160  nbDomainTypes=1  nbTotalValues=128000  domainSizes=(800:160)
          =>  wckTime=0.199  cpuTime=0.309  mem=11M529

   loading objectives...

   loading constraints...
        nbConstraints=238  nbSpecificConstraints=1  nbExtensionStructures=(1,shared:236)  nbConflictsStructures=(1,shared:236,unbuilt:1)
        degrees=(2:2)(3:2)(4:156)  arities=(2:237)(160:1)  types=(AllDifferent:1)(ConstraintHardExtensionV-Bits:237)
          =>  wckTime=0.327  cpuTime=0.429  mem=20M525

   INFO : <!-- Start saving the XML representation -->

   INFO : <!-- Stop saving the XML representation of target.xml -->

   Solver SolverBacktrack being built... 
          =>  wckTime=0.709  cpuTime=0.76  mem=56M70

    instantiation X0=0 X1=89 X2=226 X3=489 X4=328 X5=451 X6=534 X7=716 X8=167 X9=393 X10=448 X11=199 X12=343 X13=765 X14=288 X15=434 X16=143 X17=685 X18=606 X19=6 X20=179 X21=505 X22=567 X23=272 X24=319 X25=196 X26=297 X27=621 X28=61 X29=693 X30=104 X31=256 X32=361 X33=498 X34=776 X35=52 X36=306 X37=312 X38=24 X39=387 X40=590 X41=524 X42=138 X43=294 X44=493 X45=682 X46=39 X47=787 X48=657 X49=322 X50=290 X51=600 X52=84 X53=424 X54=732 X55=648 X56=142 X57=230 X58=222 X59=365 X60=580 X61=210 X62=260 X63=628 X64=147 X65=192 X66=182 X67=384 X68=331 X69=377 X70=407 X71=339 X72=790 X73=551 X74=668 X75=105 X76=149 X77=799 X78=676 X79=663 X80=532 X81=421 X82=768 X83=165 X84=34 X85=349 X86=467 X87=661 X88=99 X89=526 X90=385 X91=637 X92=623 X93=21 X94=609 X95=492 X96=122 X97=2 X98=240 X99=709 X100=415 X101=659 X102=376 X103=107 X104=212 X105=247 X106=131 X107=544 X108=386 X109=63 X110=409 X111=554 X112=797 X113=468 X114=94 X115=350 X116=42 X117=91 X118=106 X119=793 X120=8 X121=520 X122=480 X123=80 X124=239 X125=265 X126=724 X127=626 X128=268 X129=484 X130=237 X131=49 X132=508 X133=184 X134=144 X135=680 X136=207 X137=538 X138=622 X139=129 X140=398 X141=283 X142=153 X143=14 X144=671 X145=423 X146=751 X147=259 X148=629 X149=783 X150=601 X151=758 X152=460 X153=33 X154=109 X155=419 X156=320 X157=234 X158=302 X159=27 

    solution X0=0 X1=89 X2=226 X3=489 X4=328 X5=451 X6=534 X7=716 X8=167 X9=393 X10=448 X11=199 X12=343 X13=765 X14=288 X15=434 X16=143 X17=685 X18=606 X19=6 X20=179 X21=505 X22=567 X23=272 X24=319 X25=196 X26=297 X27=621 X28=61 X29=693 X30=104 X31=256 X32=361 X33=498 X34=776 X35=52 X36=306 X37=312 X38=24 X39=387 X40=590 X41=524 X42=138 X43=294 X44=493 X45=682 X46=39 X47=787 X48=657 X49=322 X50=290 X51=600 X52=84 X53=424 X54=732 X55=648 X56=142 X57=230 X58=222 X59=365 X60=580 X61=210 X62=260 X63=628 X64=147 X65=192 X66=182 X67=384 X68=331 X69=377 X70=407 X71=339 X72=790 X73=551 X74=668 X75=105 X76=149 X77=799 X78=676 X79=663 X80=532 X81=421 X82=768 X83=165 X84=34 X85=349 X86=467 X87=661 X88=99 X89=526 X90=385 X91=637 X92=623 X93=21 X94=609 X95=492 X96=122 X97=2 X98=240 X99=709 X100=415 X101=659 X102=376 X103=107 X104=212 X105=247 X106=131 X107=544 X108=386 X109=63 X110=409 X111=554 X112=797 X113=468 X114=94 X115=350 X116=42 X117=91 X118=106 X119=793 X120=8 X121=520 X122=480 X123=80 X124=239 X125=265 X126=724 X127=626 X128=268 X129=484 X130=237 X131=49 X132=508 X133=184 X134=144 X135=680 X136=207 X137=538 X138=622 X139=129 X140=398 X141=283 X142=153 X143=14 X144=671 X145=423 X146=751 X147=259 X148=629 X149=783 X150=601 X151=758 X152=460 X153=33 X154=109 X155=419 X156=320 X157=234 X158=302 X159=27 

   
   search
        run=0  nbConstraintChecks=238  depth=(min:161,max:159,avg:0)  nbEffectivePropagations=233  nbRevisions=1163  nbUselessRevisions=1163
        nbAssignments=160  nbFailedAssignments=0  nbBacktracks=0  nbVisitedNodes=161  nbRestartNogoods=0  nbFoundSolutions=1
        upperBound=9223372036854775807
          =>  wckTime=6.818  cpuTime=7.396  mem=373M57

   
   global
        nbConstraintChecks=238  nbEffectivePropagations=233  nbRevisions=1163  nbUselessRevisions=1163  nbRestartNogoods=0  solvingWckTime=6.819
        expiredTime=no  totalExploration=no  nbFoundSolutions=1  firstSolutionCpuTime=7.387  Stop=REACHED_GOAL
          =>  wckTime=7.528  cpuTime=7.396  mem=373M57

s SATISFIABLE
v X0=0 X1=89 X2=226 X3=489 X4=328 X5=451 X6=534 X7=716 X8=167 X9=393 X10=448 X11=199 X12=343 X13=765 X14=288 X15=434 X16=143 X17=685 X18=606 X19=6 X20=179 X21=505 X22=567 X23=272 X24=319 X25=196 X26=297 X27=621 X28=61 X29=693 X30=104 X31=256 X32=361 X33=498 X34=776 X35=52 X36=306 X37=312 X38=24 X39=387 X40=590 X41=524 X42=138 X43=294 X44=493 X45=682 X46=39 X47=787 X48=657 X49=322 X50=290 X51=600 X52=84 X53=424 X54=732 X55=648 X56=142 X57=230 X58=222 X59=365 X60=580 X61=210 X62=260 X63=628 X64=147 X65=192 X66=182 X67=384 X68=331 X69=377 X70=407 X71=339 X72=790 X73=551 X74=668 X75=105 X76=149 X77=799 X78=676 X79=663 X80=532 X81=421 X82=768 X83=165 X84=34 X85=349 X86=467 X87=661 X88=99 X89=526 X90=385 X91=637 X92=623 X93=21 X94=609 X95=492 X96=122 X97=2 X98=240 X99=709 X100=415 X101=659 X102=376 X103=107 X104=212 X105=247 X106=131 X107=544 X108=386 X109=63 X110=409 X111=554 X112=797 X113=468 X114=94 X115=350 X116=42 X117=91 X118=106 X119=793 X120=8 X121=520 X122=480 X123=80 X124=239 X125=265 X126=724 X127=626 X128=268 X129=484 X130=237 X131=49 X132=508 X133=184 X134=144 X135=680 X136=207 X137=538 X138=622 X139=129 X140=398 X141=283 X142=153 X143=14 X144=671 X145=423 X146=751 X147=259 X148=629 X149=783 X150=601 X151=758 X152=460 X153=33 X154=109 X155=419 X156=320 X157=234 X158=302 X159=27 
d NODES 160

   totalWckTime=7.431  totalCpuTime=7.397
