
   AbsCon 1.41 (January, 2014) - defaultConfiguration

   
   instance
        framework=CSP  name=Isomorphism-/cluster/gpg/ciaran/sip-benchmarks/benchmarks/si2_bvg_b06_800/si2_b06_m800.02/pattern-/cluster/gpg/ciaran/sip-benchmarks/benchmarks/si2_bvg_b06_800/si2_b06_m800.02/target
        parameters=/cluster/gpg/ciaran/sip-benchmarks/benchmarks/si2_bvg_b06_800/si2_b06_m800.02/pattern,/cluster/gpg/ciaran/sip-benchmarks/benchmarks/si2_bvg_b06_800/si2_b06_m800.02/target
      

   loading variables...
        nbVariables=160  nbDomainTypes=1  nbTotalValues=128000  domainSizes=(800:160)
          =>  wckTime=0.214  cpuTime=0.319  mem=11M694

   loading objectives...

   loading constraints...
        nbConstraints=475  nbSpecificConstraints=1  nbExtensionStructures=(1,shared:473)  nbConflictsStructures=(1,shared:473,unbuilt:1)
        degrees=(4:2)(5:2)(6:2)(7:154)  arities=(2:474)(160:1)  types=(AllDifferent:1)(ConstraintHardExtensionV-Bits:474)
          =>  wckTime=0.464  cpuTime=0.554  mem=20M993

   INFO : <!-- Start saving the XML representation -->

   INFO : <!-- Stop saving the XML representation of target.xml -->

   Solver SolverBacktrack being built... 
          =>  wckTime=0.855  cpuTime=0.898  mem=51M270

    instantiation X0=0 X1=373 X2=209 X3=776 X4=738 X5=431 X6=402 X7=430 X8=602 X9=36 X10=590 X11=223 X12=217 X13=765 X14=401 X15=467 X16=611 X17=333 X18=690 X19=691 X20=98 X21=479 X22=263 X23=204 X24=392 X25=383 X26=432 X27=8 X28=587 X29=626 X30=125 X31=476 X32=324 X33=214 X34=598 X35=319 X36=523 X37=14 X38=55 X39=338 X40=321 X41=343 X42=72 X43=24 X44=306 X45=148 X46=78 X47=354 X48=120 X49=723 X50=361 X51=533 X52=756 X53=390 X54=777 X55=341 X56=577 X57=271 X58=767 X59=660 X60=94 X61=635 X62=557 X63=567 X64=190 X65=62 X66=682 X67=108 X68=32 X69=379 X70=787 X71=12 X72=63 X73=118 X74=27 X75=546 X76=154 X77=766 X78=254 X79=268 X80=487 X81=213 X82=218 X83=359 X84=362 X85=458 X86=119 X87=240 X88=561 X89=615 X90=356 X91=144 X92=498 X93=116 X94=368 X95=71 X96=103 X97=603 X98=461 X99=25 X100=377 X101=127 X102=23 X103=197 X104=718 X105=102 X106=625 X107=434 X108=605 X109=322 X110=721 X111=545 X112=342 X113=111 X114=79 X115=703 X116=245 X117=259 X118=231 X119=227 X120=526 X121=592 X122=422 X123=96 X124=547 X125=474 X126=707 X127=26 X128=115 X129=84 X130=437 X131=779 X132=594 X133=511 X134=513 X135=428 X136=147 X137=488 X138=733 X139=208 X140=327 X141=177 X142=130 X143=654 X144=284 X145=460 X146=653 X147=161 X148=722 X149=551 X150=627 X151=681 X152=109 X153=47 X154=502 X155=449 X156=308 X157=337 X158=698 X159=315 

    solution X0=0 X1=373 X2=209 X3=776 X4=738 X5=431 X6=402 X7=430 X8=602 X9=36 X10=590 X11=223 X12=217 X13=765 X14=401 X15=467 X16=611 X17=333 X18=690 X19=691 X20=98 X21=479 X22=263 X23=204 X24=392 X25=383 X26=432 X27=8 X28=587 X29=626 X30=125 X31=476 X32=324 X33=214 X34=598 X35=319 X36=523 X37=14 X38=55 X39=338 X40=321 X41=343 X42=72 X43=24 X44=306 X45=148 X46=78 X47=354 X48=120 X49=723 X50=361 X51=533 X52=756 X53=390 X54=777 X55=341 X56=577 X57=271 X58=767 X59=660 X60=94 X61=635 X62=557 X63=567 X64=190 X65=62 X66=682 X67=108 X68=32 X69=379 X70=787 X71=12 X72=63 X73=118 X74=27 X75=546 X76=154 X77=766 X78=254 X79=268 X80=487 X81=213 X82=218 X83=359 X84=362 X85=458 X86=119 X87=240 X88=561 X89=615 X90=356 X91=144 X92=498 X93=116 X94=368 X95=71 X96=103 X97=603 X98=461 X99=25 X100=377 X101=127 X102=23 X103=197 X104=718 X105=102 X106=625 X107=434 X108=605 X109=322 X110=721 X111=545 X112=342 X113=111 X114=79 X115=703 X116=245 X117=259 X118=231 X119=227 X120=526 X121=592 X122=422 X123=96 X124=547 X125=474 X126=707 X127=26 X128=115 X129=84 X130=437 X131=779 X132=594 X133=511 X134=513 X135=428 X136=147 X137=488 X138=733 X139=208 X140=327 X141=177 X142=130 X143=654 X144=284 X145=460 X146=653 X147=161 X148=722 X149=551 X150=627 X151=681 X152=109 X153=47 X154=502 X155=449 X156=308 X157=337 X158=698 X159=315 

   
   search
        run=0  nbConstraintChecks=475  depth=(min:161,max:159,avg:0)  nbEffectivePropagations=2  nbRevisions=2334  nbUselessRevisions=2334
        nbAssignments=160  nbFailedAssignments=0  nbBacktracks=0  nbVisitedNodes=161  nbRestartNogoods=0  nbFoundSolutions=1
        upperBound=9223372036854775807
          =>  wckTime=10.796  cpuTime=11.497  mem=328M421

   
   global
        nbConstraintChecks=475  nbEffectivePropagations=2  nbRevisions=2334  nbUselessRevisions=2334  nbRestartNogoods=0  solvingWckTime=10.796
        expiredTime=no  totalExploration=no  nbFoundSolutions=1  firstSolutionCpuTime=11.487  Stop=REACHED_GOAL
          =>  wckTime=11.651  cpuTime=11.497  mem=328M421

s SATISFIABLE
v X0=0 X1=373 X2=209 X3=776 X4=738 X5=431 X6=402 X7=430 X8=602 X9=36 X10=590 X11=223 X12=217 X13=765 X14=401 X15=467 X16=611 X17=333 X18=690 X19=691 X20=98 X21=479 X22=263 X23=204 X24=392 X25=383 X26=432 X27=8 X28=587 X29=626 X30=125 X31=476 X32=324 X33=214 X34=598 X35=319 X36=523 X37=14 X38=55 X39=338 X40=321 X41=343 X42=72 X43=24 X44=306 X45=148 X46=78 X47=354 X48=120 X49=723 X50=361 X51=533 X52=756 X53=390 X54=777 X55=341 X56=577 X57=271 X58=767 X59=660 X60=94 X61=635 X62=557 X63=567 X64=190 X65=62 X66=682 X67=108 X68=32 X69=379 X70=787 X71=12 X72=63 X73=118 X74=27 X75=546 X76=154 X77=766 X78=254 X79=268 X80=487 X81=213 X82=218 X83=359 X84=362 X85=458 X86=119 X87=240 X88=561 X89=615 X90=356 X91=144 X92=498 X93=116 X94=368 X95=71 X96=103 X97=603 X98=461 X99=25 X100=377 X101=127 X102=23 X103=197 X104=718 X105=102 X106=625 X107=434 X108=605 X109=322 X110=721 X111=545 X112=342 X113=111 X114=79 X115=703 X116=245 X117=259 X118=231 X119=227 X120=526 X121=592 X122=422 X123=96 X124=547 X125=474 X126=707 X127=26 X128=115 X129=84 X130=437 X131=779 X132=594 X133=511 X134=513 X135=428 X136=147 X137=488 X138=733 X139=208 X140=327 X141=177 X142=130 X143=654 X144=284 X145=460 X146=653 X147=161 X148=722 X149=551 X150=627 X151=681 X152=109 X153=47 X154=502 X155=449 X156=308 X157=337 X158=698 X159=315 
d NODES 160

   totalWckTime=11.553  totalCpuTime=11.498
