
   AbsCon 1.41 (January, 2014) - defaultConfiguration

   
   instance
        framework=CSP  name=Isomorphism-/cluster/gpg/ciaran/sip-benchmarks/benchmarks/si2_rand_r001_600/si2_r001_m600.07/pattern-/cluster/gpg/ciaran/sip-benchmarks/benchmarks/si2_rand_r001_600/si2_r001_m600.07/target
        parameters=/cluster/gpg/ciaran/sip-benchmarks/benchmarks/si2_rand_r001_600/si2_r001_m600.07/pattern,/cluster/gpg/ciaran/sip-benchmarks/benchmarks/si2_rand_r001_600/si2_r001_m600.07/target
      

   loading variables...
        nbVariables=120  nbDomainTypes=1  nbTotalValues=72000  domainSizes=(600:120)
          =>  wckTime=0.205  cpuTime=0.305  mem=8M655

   loading objectives...

   loading constraints...
        nbConstraints=211  nbSpecificConstraints=1  nbExtensionStructures=(1,shared:209)  nbConflictsStructures=(1,shared:209,unbuilt:1)
        degrees=(2:13)(3:27)(4:25)...(9:3)(10:1)(12:1)  arities=(2:210)(120:1)  types=(AllDifferent:1)(ConstraintHardExtensionV-Bits:210)
          =>  wckTime=0.372  cpuTime=0.457  mem=17M169

   INFO : <!-- Start saving the XML representation -->

   INFO : <!-- Stop saving the XML representation of target.xml -->

   Solver SolverBacktrack being built... 
          =>  wckTime=0.679  cpuTime=0.716  mem=37M140

    instantiation X0=408 X1=109 X2=365 X3=312 X4=388 X5=367 X6=145 X7=331 X8=130 X9=593 X10=135 X11=10 X12=320 X13=41 X14=532 X15=77 X16=329 X17=531 X18=18 X19=209 X20=571 X21=596 X22=353 X23=336 X24=358 X25=491 X26=324 X27=227 X28=557 X29=117 X30=313 X31=262 X32=434 X33=24 X34=198 X35=297 X36=46 X37=404 X38=326 X39=123 X40=64 X41=253 X42=30 X43=207 X44=31 X45=212 X46=62 X47=33 X48=85 X49=252 X50=452 X51=39 X52=423 X53=14 X54=247 X55=194 X56=2 X57=543 X58=375 X59=314 X60=7 X61=118 X62=524 X63=460 X64=87 X65=473 X66=26 X67=242 X68=451 X69=396 X70=47 X71=93 X72=401 X73=42 X74=17 X75=228 X76=195 X77=40 X78=159 X79=505 X80=275 X81=8 X82=55 X83=71 X84=490 X85=110 X86=238 X87=397 X88=338 X89=88 X90=270 X91=97 X92=72 X93=370 X94=189 X95=283 X96=28 X97=436 X98=4 X99=335 X100=291 X101=13 X102=59 X103=78 X104=94 X105=127 X106=142 X107=119 X108=174 X109=299 X110=258 X111=129 X112=284 X113=301 X114=141 X115=36 X116=11 X117=432 X118=421 X119=5 

    solution X0=408 X1=109 X2=365 X3=312 X4=388 X5=367 X6=145 X7=331 X8=130 X9=593 X10=135 X11=10 X12=320 X13=41 X14=532 X15=77 X16=329 X17=531 X18=18 X19=209 X20=571 X21=596 X22=353 X23=336 X24=358 X25=491 X26=324 X27=227 X28=557 X29=117 X30=313 X31=262 X32=434 X33=24 X34=198 X35=297 X36=46 X37=404 X38=326 X39=123 X40=64 X41=253 X42=30 X43=207 X44=31 X45=212 X46=62 X47=33 X48=85 X49=252 X50=452 X51=39 X52=423 X53=14 X54=247 X55=194 X56=2 X57=543 X58=375 X59=314 X60=7 X61=118 X62=524 X63=460 X64=87 X65=473 X66=26 X67=242 X68=451 X69=396 X70=47 X71=93 X72=401 X73=42 X74=17 X75=228 X76=195 X77=40 X78=159 X79=505 X80=275 X81=8 X82=55 X83=71 X84=490 X85=110 X86=238 X87=397 X88=338 X89=88 X90=270 X91=97 X92=72 X93=370 X94=189 X95=283 X96=28 X97=436 X98=4 X99=335 X100=291 X101=13 X102=59 X103=78 X104=94 X105=127 X106=142 X107=119 X108=174 X109=299 X110=258 X111=129 X112=284 X113=301 X114=141 X115=36 X116=11 X117=432 X118=421 X119=5 

   
   search
        run=0  nbConstraintChecks=211  depth=(min:0,max:119,avg:1)  nbEffectivePropagations=125641  nbRevisions=255751  nbUselessRevisions=186104
        nbAssignments=1444  nbFailedAssignments=1139  nbBacktracks=185  nbVisitedNodes=2684  nbRestartNogoods=0  nbFoundSolutions=1
        upperBound=9223372036854775807
          =>  wckTime=204.27  cpuTime=203.221  mem=193M837

   
   global
        nbConstraintChecks=211  nbEffectivePropagations=125641  nbRevisions=255751  nbUselessRevisions=186104  nbRestartNogoods=0
        solvingWckTime=204.271  expiredTime=no  totalExploration=no  nbFoundSolutions=1  firstSolutionCpuTime=203.217  Stop=REACHED_GOAL
          =>  wckTime=204.95  cpuTime=203.221  mem=193M837

s SATISFIABLE
v X0=408 X1=109 X2=365 X3=312 X4=388 X5=367 X6=145 X7=331 X8=130 X9=593 X10=135 X11=10 X12=320 X13=41 X14=532 X15=77 X16=329 X17=531 X18=18 X19=209 X20=571 X21=596 X22=353 X23=336 X24=358 X25=491 X26=324 X27=227 X28=557 X29=117 X30=313 X31=262 X32=434 X33=24 X34=198 X35=297 X36=46 X37=404 X38=326 X39=123 X40=64 X41=253 X42=30 X43=207 X44=31 X45=212 X46=62 X47=33 X48=85 X49=252 X50=452 X51=39 X52=423 X53=14 X54=247 X55=194 X56=2 X57=543 X58=375 X59=314 X60=7 X61=118 X62=524 X63=460 X64=87 X65=473 X66=26 X67=242 X68=451 X69=396 X70=47 X71=93 X72=401 X73=42 X74=17 X75=228 X76=195 X77=40 X78=159 X79=505 X80=275 X81=8 X82=55 X83=71 X84=490 X85=110 X86=238 X87=397 X88=338 X89=88 X90=270 X91=97 X92=72 X93=370 X94=189 X95=283 X96=28 X97=436 X98=4 X99=335 X100=291 X101=13 X102=59 X103=78 X104=94 X105=127 X106=142 X107=119 X108=174 X109=299 X110=258 X111=129 X112=284 X113=301 X114=141 X115=36 X116=11 X117=432 X118=421 X119=5 
d NODES 1444

   totalWckTime=204.846  totalCpuTime=203.222
