
   AbsCon 1.41 (January, 2014) - defaultConfiguration

   
   instance
        framework=CSP  name=Isomorphism-/cluster/gpg/ciaran/sip-benchmarks/benchmarks/si2_rand_r005_600/si2_r005_m600.05/pattern-/cluster/gpg/ciaran/sip-benchmarks/benchmarks/si2_rand_r005_600/si2_r005_m600.05/target
        parameters=/cluster/gpg/ciaran/sip-benchmarks/benchmarks/si2_rand_r005_600/si2_r005_m600.05/pattern,/cluster/gpg/ciaran/sip-benchmarks/benchmarks/si2_rand_r005_600/si2_r005_m600.05/target
      

   loading variables...
        nbVariables=120  nbDomainTypes=1  nbTotalValues=72000  domainSizes=(600:120)
          =>  wckTime=0.263  cpuTime=0.35  mem=10M609

   loading objectives...

   loading constraints...
        nbConstraints=709  nbSpecificConstraints=1  nbExtensionStructures=(1,shared:707)  nbConflictsStructures=(1,shared:707,unbuilt:1)
        degrees=(6:1)(7:5)(8:1)...(18:2)(20:2)(21:1)  arities=(2:708)(120:1)  types=(AllDifferent:1)(ConstraintHardExtensionV-Bits:708)
          =>  wckTime=1.222  cpuTime=1.257  mem=41M194

   INFO : <!-- Start saving the XML representation -->

   INFO : <!-- Stop saving the XML representation of target.xml -->

   Solver SolverBacktrack being built... 
          =>  wckTime=1.574  cpuTime=1.572  mem=92M145

    instantiation X0=488 X1=535 X2=8 X3=318 X4=525 X5=146 X6=50 X7=557 X8=337 X9=503 X10=502 X11=384 X12=338 X13=125 X14=120 X15=279 X16=417 X17=322 X18=408 X19=324 X20=537 X21=195 X22=432 X23=140 X24=235 X25=172 X26=173 X27=499 X28=274 X29=546 X30=319 X31=208 X32=64 X33=66 X34=220 X35=421 X36=490 X37=534 X38=271 X39=69 X40=104 X41=457 X42=440 X43=100 X44=354 X45=313 X46=270 X47=174 X48=128 X49=405 X50=211 X51=94 X52=171 X53=412 X54=342 X55=597 X56=513 X57=562 X58=228 X59=574 X60=327 X61=461 X62=101 X63=293 X64=570 X65=376 X66=566 X67=147 X68=0 X69=45 X70=99 X71=541 X72=411 X73=162 X74=230 X75=477 X76=282 X77=22 X78=111 X79=539 X80=400 X81=31 X82=139 X83=304 X84=261 X85=443 X86=569 X87=107 X88=226 X89=493 X90=273 X91=96 X92=433 X93=441 X94=355 X95=205 X96=44 X97=153 X98=276 X99=487 X100=213 X101=532 X102=585 X103=554 X104=386 X105=533 X106=86 X107=581 X108=177 X109=185 X110=138 X111=527 X112=265 X113=67 X114=105 X115=531 X116=115 X117=559 X118=370 X119=303 

    solution X0=488 X1=535 X2=8 X3=318 X4=525 X5=146 X6=50 X7=557 X8=337 X9=503 X10=502 X11=384 X12=338 X13=125 X14=120 X15=279 X16=417 X17=322 X18=408 X19=324 X20=537 X21=195 X22=432 X23=140 X24=235 X25=172 X26=173 X27=499 X28=274 X29=546 X30=319 X31=208 X32=64 X33=66 X34=220 X35=421 X36=490 X37=534 X38=271 X39=69 X40=104 X41=457 X42=440 X43=100 X44=354 X45=313 X46=270 X47=174 X48=128 X49=405 X50=211 X51=94 X52=171 X53=412 X54=342 X55=597 X56=513 X57=562 X58=228 X59=574 X60=327 X61=461 X62=101 X63=293 X64=570 X65=376 X66=566 X67=147 X68=0 X69=45 X70=99 X71=541 X72=411 X73=162 X74=230 X75=477 X76=282 X77=22 X78=111 X79=539 X80=400 X81=31 X82=139 X83=304 X84=261 X85=443 X86=569 X87=107 X88=226 X89=493 X90=273 X91=96 X92=433 X93=441 X94=355 X95=205 X96=44 X97=153 X98=276 X99=487 X100=213 X101=532 X102=585 X103=554 X104=386 X105=533 X106=86 X107=581 X108=177 X109=185 X110=138 X111=527 X112=265 X113=67 X114=105 X115=531 X116=115 X117=559 X118=370 X119=303 

   
   search
        run=0  nbConstraintChecks=709  depth=(min:0,max:119,avg:2)  nbEffectivePropagations=15811660  nbRevisions=83796767  nbUselessRevisions=73230963
        nbAssignments=133046  nbFailedAssignments=112833  nbBacktracks=20093  nbVisitedNodes=259411  nbRestartNogoods=0  nbFoundSolutions=1
        upperBound=9223372036854775807
          =>  wckTime=33985.151  cpuTime=33642.312  mem=96M781

   
   global
        nbConstraintChecks=709  nbEffectivePropagations=15811660  nbRevisions=83796767  nbUselessRevisions=73230963  nbRestartNogoods=0
        solvingWckTime=33985.152  expiredTime=no  totalExploration=no  nbFoundSolutions=1  firstSolutionCpuTime=33642.307  Stop=REACHED_GOAL
          =>  wckTime=33986.726  cpuTime=33642.313  mem=96M781

s SATISFIABLE
v X0=488 X1=535 X2=8 X3=318 X4=525 X5=146 X6=50 X7=557 X8=337 X9=503 X10=502 X11=384 X12=338 X13=125 X14=120 X15=279 X16=417 X17=322 X18=408 X19=324 X20=537 X21=195 X22=432 X23=140 X24=235 X25=172 X26=173 X27=499 X28=274 X29=546 X30=319 X31=208 X32=64 X33=66 X34=220 X35=421 X36=490 X37=534 X38=271 X39=69 X40=104 X41=457 X42=440 X43=100 X44=354 X45=313 X46=270 X47=174 X48=128 X49=405 X50=211 X51=94 X52=171 X53=412 X54=342 X55=597 X56=513 X57=562 X58=228 X59=574 X60=327 X61=461 X62=101 X63=293 X64=570 X65=376 X66=566 X67=147 X68=0 X69=45 X70=99 X71=541 X72=411 X73=162 X74=230 X75=477 X76=282 X77=22 X78=111 X79=539 X80=400 X81=31 X82=139 X83=304 X84=261 X85=443 X86=569 X87=107 X88=226 X89=493 X90=273 X91=96 X92=433 X93=441 X94=355 X95=205 X96=44 X97=153 X98=276 X99=487 X100=213 X101=532 X102=585 X103=554 X104=386 X105=533 X106=86 X107=581 X108=177 X109=185 X110=138 X111=527 X112=265 X113=67 X114=105 X115=531 X116=115 X117=559 X118=370 X119=303 
d NODES 133046

   totalWckTime=33986.595  totalCpuTime=33642.314
