
   AbsCon 1.41 (January, 2014) - defaultConfiguration

   
   instance
        framework=CSP  name=Isomorphism-/cluster/gpg/ciaran/sip-benchmarks/benchmarks/si2_bvg_b03m_800/si2_b03m_m800.01/pattern-/cluster/gpg/ciaran/sip-benchmarks/benchmarks/si2_bvg_b03m_800/si2_b03m_m800.01/target
        parameters=/cluster/gpg/ciaran/sip-benchmarks/benchmarks/si2_bvg_b03m_800/si2_b03m_m800.01/pattern,/cluster/gpg/ciaran/sip-benchmarks/benchmarks/si2_bvg_b03m_800/si2_b03m_m800.01/target
      

   loading variables...
        nbVariables=160  nbDomainTypes=1  nbTotalValues=128000  domainSizes=(800:160)
          =>  wckTime=0.204  cpuTime=0.337  mem=11M950

   loading objectives...

   loading constraints...
        nbConstraints=188  nbSpecificConstraints=1  nbExtensionStructures=(1,shared:186)  nbConflictsStructures=(1,shared:186,unbuilt:1)
        degrees=(2:64)(3:36)(4:46)...(10:2)(11:2)(21:1)  arities=(2:187)(160:1)  types=(AllDifferent:1)(ConstraintHardExtensionV-Bits:187)
          =>  wckTime=0.33  cpuTime=0.45  mem=18M986

   INFO : <!-- Start saving the XML representation -->

   INFO : <!-- Stop saving the XML representation of target.xml -->

   Solver SolverBacktrack being built... 
          =>  wckTime=0.745  cpuTime=0.794  mem=58M15

    instantiation X0=0 X1=5 X2=47 X3=59 X4=70 X5=86 X6=129 X7=130 X8=208 X9=286 X10=312 X11=797 X12=428 X13=582 X14=645 X15=658 X16=663 X17=722 X18=748 X19=763 X20=378 X21=25 X22=34 X23=182 X24=215 X25=377 X26=417 X27=512 X28=744 X29=557 X30=798 X31=310 X32=432 X33=227 X34=84 X35=166 X36=569 X37=202 X38=728 X39=35 X40=33 X41=42 X42=262 X43=62 X44=564 X45=72 X46=601 X47=16 X48=357 X49=695 X50=217 X51=368 X52=9 X53=472 X54=423 X55=739 X56=389 X57=585 X58=37 X59=306 X60=392 X61=656 X62=709 X63=711 X64=4 X65=12 X66=723 X67=147 X68=439 X69=28 X70=560 X71=615 X72=514 X73=8 X74=408 X75=231 X76=556 X77=393 X78=291 X79=511 X80=577 X81=581 X82=606 X83=683 X84=599 X85=600 X86=762 X87=23 X88=379 X89=108 X90=298 X91=361 X92=479 X93=222 X94=567 X95=80 X96=371 X97=128 X98=305 X99=31 X100=483 X101=197 X102=11 X103=90 X104=243 X105=98 X106=105 X107=121 X108=213 X109=296 X110=576 X111=740 X112=124 X113=407 X114=148 X115=224 X116=622 X117=418 X118=40 X119=69 X120=293 X121=429 X122=548 X123=29 X124=19 X125=21 X126=364 X127=552 X128=353 X129=354 X130=445 X131=680 X132=120 X133=431 X134=433 X135=681 X136=3 X137=490 X138=137 X139=170 X140=330 X141=461 X142=467 X143=568 X144=773 X145=776 X146=221 X147=271 X148=594 X149=646 X150=674 X151=747 X152=179 X153=597 X154=735 X155=785 X156=436 X157=489 X158=401 X159=591 

    solution X0=0 X1=5 X2=47 X3=59 X4=70 X5=86 X6=129 X7=130 X8=208 X9=286 X10=312 X11=797 X12=428 X13=582 X14=645 X15=658 X16=663 X17=722 X18=748 X19=763 X20=378 X21=25 X22=34 X23=182 X24=215 X25=377 X26=417 X27=512 X28=744 X29=557 X30=798 X31=310 X32=432 X33=227 X34=84 X35=166 X36=569 X37=202 X38=728 X39=35 X40=33 X41=42 X42=262 X43=62 X44=564 X45=72 X46=601 X47=16 X48=357 X49=695 X50=217 X51=368 X52=9 X53=472 X54=423 X55=739 X56=389 X57=585 X58=37 X59=306 X60=392 X61=656 X62=709 X63=711 X64=4 X65=12 X66=723 X67=147 X68=439 X69=28 X70=560 X71=615 X72=514 X73=8 X74=408 X75=231 X76=556 X77=393 X78=291 X79=511 X80=577 X81=581 X82=606 X83=683 X84=599 X85=600 X86=762 X87=23 X88=379 X89=108 X90=298 X91=361 X92=479 X93=222 X94=567 X95=80 X96=371 X97=128 X98=305 X99=31 X100=483 X101=197 X102=11 X103=90 X104=243 X105=98 X106=105 X107=121 X108=213 X109=296 X110=576 X111=740 X112=124 X113=407 X114=148 X115=224 X116=622 X117=418 X118=40 X119=69 X120=293 X121=429 X122=548 X123=29 X124=19 X125=21 X126=364 X127=552 X128=353 X129=354 X130=445 X131=680 X132=120 X133=431 X134=433 X135=681 X136=3 X137=490 X138=137 X139=170 X140=330 X141=461 X142=467 X143=568 X144=773 X145=776 X146=221 X147=271 X148=594 X149=646 X150=674 X151=747 X152=179 X153=597 X154=735 X155=785 X156=436 X157=489 X158=401 X159=591 

   
   search
        run=0  nbConstraintChecks=188  depth=(min:161,max:159,avg:0)  nbEffectivePropagations=211  nbRevisions=574  nbUselessRevisions=570
        nbAssignments=160  nbFailedAssignments=0  nbBacktracks=0  nbVisitedNodes=161  nbRestartNogoods=0  nbFoundSolutions=1
        upperBound=9223372036854775807
          =>  wckTime=10.708  cpuTime=11.309  mem=458M302

   
   global
        nbConstraintChecks=188  nbEffectivePropagations=211  nbRevisions=574  nbUselessRevisions=570  nbRestartNogoods=0  solvingWckTime=10.709
        expiredTime=no  totalExploration=no  nbFoundSolutions=1  firstSolutionCpuTime=11.299  Stop=REACHED_GOAL
          =>  wckTime=11.455  cpuTime=11.309  mem=458M302

s SATISFIABLE
v X0=0 X1=5 X2=47 X3=59 X4=70 X5=86 X6=129 X7=130 X8=208 X9=286 X10=312 X11=797 X12=428 X13=582 X14=645 X15=658 X16=663 X17=722 X18=748 X19=763 X20=378 X21=25 X22=34 X23=182 X24=215 X25=377 X26=417 X27=512 X28=744 X29=557 X30=798 X31=310 X32=432 X33=227 X34=84 X35=166 X36=569 X37=202 X38=728 X39=35 X40=33 X41=42 X42=262 X43=62 X44=564 X45=72 X46=601 X47=16 X48=357 X49=695 X50=217 X51=368 X52=9 X53=472 X54=423 X55=739 X56=389 X57=585 X58=37 X59=306 X60=392 X61=656 X62=709 X63=711 X64=4 X65=12 X66=723 X67=147 X68=439 X69=28 X70=560 X71=615 X72=514 X73=8 X74=408 X75=231 X76=556 X77=393 X78=291 X79=511 X80=577 X81=581 X82=606 X83=683 X84=599 X85=600 X86=762 X87=23 X88=379 X89=108 X90=298 X91=361 X92=479 X93=222 X94=567 X95=80 X96=371 X97=128 X98=305 X99=31 X100=483 X101=197 X102=11 X103=90 X104=243 X105=98 X106=105 X107=121 X108=213 X109=296 X110=576 X111=740 X112=124 X113=407 X114=148 X115=224 X116=622 X117=418 X118=40 X119=69 X120=293 X121=429 X122=548 X123=29 X124=19 X125=21 X126=364 X127=552 X128=353 X129=354 X130=445 X131=680 X132=120 X133=431 X134=433 X135=681 X136=3 X137=490 X138=137 X139=170 X140=330 X141=461 X142=467 X143=568 X144=773 X145=776 X146=221 X147=271 X148=594 X149=646 X150=674 X151=747 X152=179 X153=597 X154=735 X155=785 X156=436 X157=489 X158=401 X159=591 
d NODES 160

   totalWckTime=11.357  totalCpuTime=11.31
