
   AbsCon 1.41 (January, 2014) - defaultConfiguration

   
   instance
        framework=CSP  name=Isomorphism-/cluster/gpg/ciaran/sip-benchmarks/benchmarks/si2_bvg_b09_800/si2_b09_m800.02/pattern-/cluster/gpg/ciaran/sip-benchmarks/benchmarks/si2_bvg_b09_800/si2_b09_m800.02/target
        parameters=/cluster/gpg/ciaran/sip-benchmarks/benchmarks/si2_bvg_b09_800/si2_b09_m800.02/pattern,/cluster/gpg/ciaran/sip-benchmarks/benchmarks/si2_bvg_b09_800/si2_b09_m800.02/target
      

   loading variables...
        nbVariables=160  nbDomainTypes=1  nbTotalValues=128000  domainSizes=(800:160)
          =>  wckTime=0.221  cpuTime=0.344  mem=11M784

   loading objectives...

   loading constraints...
        nbConstraints=697  nbSpecificConstraints=1  nbExtensionStructures=(1,shared:695)  nbConflictsStructures=(1,shared:695,unbuilt:1)
        degrees=(5:2)(6:4)(7:4)(8:4)(9:2)(10:144)  arities=(2:696)(160:1)  types=(AllDifferent:1)(ConstraintHardExtensionV-Bits:696)
          =>  wckTime=0.511  cpuTime=0.62  mem=46M684

   INFO : <!-- Start saving the XML representation -->

   INFO : <!-- Stop saving the XML representation of target.xml -->

   Solver SolverBacktrack being built... 
          =>  wckTime=1.006  cpuTime=1.075  mem=63M32

    instantiation X0=0 X1=623 X2=789 X3=564 X4=793 X5=462 X6=361 X7=305 X8=329 X9=380 X10=22 X11=163 X12=97 X13=82 X14=495 X15=156 X16=285 X17=403 X18=550 X19=139 X20=319 X21=347 X22=616 X23=220 X24=679 X25=69 X26=122 X27=484 X28=648 X29=45 X30=568 X31=312 X32=432 X33=330 X34=431 X35=583 X36=535 X37=452 X38=100 X39=475 X40=348 X41=149 X42=539 X43=269 X44=79 X45=17 X46=433 X47=124 X48=160 X49=594 X50=445 X51=223 X52=216 X53=395 X54=101 X55=579 X56=798 X57=656 X58=458 X59=584 X60=413 X61=383 X62=295 X63=1 X64=311 X65=363 X66=399 X67=91 X68=67 X69=56 X70=681 X71=767 X72=533 X73=618 X74=63 X75=116 X76=261 X77=358 X78=632 X79=631 X80=164 X81=75 X82=451 X83=675 X84=685 X85=439 X86=328 X87=350 X88=346 X89=362 X90=400 X91=43 X92=402 X93=234 X94=532 X95=27 X96=172 X97=496 X98=394 X99=695 X100=726 X101=227 X102=422 X103=713 X104=744 X105=635 X106=368 X107=127 X108=534 X109=24 X110=130 X111=316 X112=516 X113=472 X114=463 X115=643 X116=428 X117=279 X118=410 X119=224 X120=297 X121=783 X122=109 X123=367 X124=292 X125=455 X126=706 X127=414 X128=700 X129=194 X130=143 X131=469 X132=570 X133=126 X134=349 X135=344 X136=617 X137=262 X138=737 X139=47 X140=551 X141=356 X142=524 X143=732 X144=115 X145=182 X146=693 X147=14 X148=35 X149=777 X150=520 X151=758 X152=49 X153=766 X154=530 X155=494 X156=538 X157=797 X158=294 X159=108 

    solution X0=0 X1=623 X2=789 X3=564 X4=793 X5=462 X6=361 X7=305 X8=329 X9=380 X10=22 X11=163 X12=97 X13=82 X14=495 X15=156 X16=285 X17=403 X18=550 X19=139 X20=319 X21=347 X22=616 X23=220 X24=679 X25=69 X26=122 X27=484 X28=648 X29=45 X30=568 X31=312 X32=432 X33=330 X34=431 X35=583 X36=535 X37=452 X38=100 X39=475 X40=348 X41=149 X42=539 X43=269 X44=79 X45=17 X46=433 X47=124 X48=160 X49=594 X50=445 X51=223 X52=216 X53=395 X54=101 X55=579 X56=798 X57=656 X58=458 X59=584 X60=413 X61=383 X62=295 X63=1 X64=311 X65=363 X66=399 X67=91 X68=67 X69=56 X70=681 X71=767 X72=533 X73=618 X74=63 X75=116 X76=261 X77=358 X78=632 X79=631 X80=164 X81=75 X82=451 X83=675 X84=685 X85=439 X86=328 X87=350 X88=346 X89=362 X90=400 X91=43 X92=402 X93=234 X94=532 X95=27 X96=172 X97=496 X98=394 X99=695 X100=726 X101=227 X102=422 X103=713 X104=744 X105=635 X106=368 X107=127 X108=534 X109=24 X110=130 X111=316 X112=516 X113=472 X114=463 X115=643 X116=428 X117=279 X118=410 X119=224 X120=297 X121=783 X122=109 X123=367 X124=292 X125=455 X126=706 X127=414 X128=700 X129=194 X130=143 X131=469 X132=570 X133=126 X134=349 X135=344 X136=617 X137=262 X138=737 X139=47 X140=551 X141=356 X142=524 X143=732 X144=115 X145=182 X146=693 X147=14 X148=35 X149=777 X150=520 X151=758 X152=49 X153=766 X154=530 X155=494 X156=538 X157=797 X158=294 X159=108 

   
   search
        run=0  nbConstraintChecks=697  depth=(min:161,max:159,avg:0)  nbEffectivePropagations=2  nbRevisions=3410  nbUselessRevisions=3410
        nbAssignments=160  nbFailedAssignments=0  nbBacktracks=0  nbVisitedNodes=161  nbRestartNogoods=0  nbFoundSolutions=1
        upperBound=9223372036854775807
          =>  wckTime=20.004  cpuTime=20.829  mem=356M919

   
   global
        nbConstraintChecks=697  nbEffectivePropagations=2  nbRevisions=3410  nbUselessRevisions=3410  nbRestartNogoods=0  solvingWckTime=20.005
        expiredTime=no  totalExploration=no  nbFoundSolutions=1  firstSolutionCpuTime=20.819  Stop=REACHED_GOAL
          =>  wckTime=21.011  cpuTime=20.829  mem=356M919

s SATISFIABLE
v X0=0 X1=623 X2=789 X3=564 X4=793 X5=462 X6=361 X7=305 X8=329 X9=380 X10=22 X11=163 X12=97 X13=82 X14=495 X15=156 X16=285 X17=403 X18=550 X19=139 X20=319 X21=347 X22=616 X23=220 X24=679 X25=69 X26=122 X27=484 X28=648 X29=45 X30=568 X31=312 X32=432 X33=330 X34=431 X35=583 X36=535 X37=452 X38=100 X39=475 X40=348 X41=149 X42=539 X43=269 X44=79 X45=17 X46=433 X47=124 X48=160 X49=594 X50=445 X51=223 X52=216 X53=395 X54=101 X55=579 X56=798 X57=656 X58=458 X59=584 X60=413 X61=383 X62=295 X63=1 X64=311 X65=363 X66=399 X67=91 X68=67 X69=56 X70=681 X71=767 X72=533 X73=618 X74=63 X75=116 X76=261 X77=358 X78=632 X79=631 X80=164 X81=75 X82=451 X83=675 X84=685 X85=439 X86=328 X87=350 X88=346 X89=362 X90=400 X91=43 X92=402 X93=234 X94=532 X95=27 X96=172 X97=496 X98=394 X99=695 X100=726 X101=227 X102=422 X103=713 X104=744 X105=635 X106=368 X107=127 X108=534 X109=24 X110=130 X111=316 X112=516 X113=472 X114=463 X115=643 X116=428 X117=279 X118=410 X119=224 X120=297 X121=783 X122=109 X123=367 X124=292 X125=455 X126=706 X127=414 X128=700 X129=194 X130=143 X131=469 X132=570 X133=126 X134=349 X135=344 X136=617 X137=262 X138=737 X139=47 X140=551 X141=356 X142=524 X143=732 X144=115 X145=182 X146=693 X147=14 X148=35 X149=777 X150=520 X151=758 X152=49 X153=766 X154=530 X155=494 X156=538 X157=797 X158=294 X159=108 
d NODES 160

   totalWckTime=20.911  totalCpuTime=20.83
