
   AbsCon 1.41 (January, 2014) - defaultConfiguration

   
   instance
        framework=CSP  name=Isomorphism-/cluster/gpg/ciaran/sip-benchmarks/benchmarks/si2_m4D_m4D_625/si2_m4D_m625.01/pattern-/cluster/gpg/ciaran/sip-benchmarks/benchmarks/si2_m4D_m4D_625/si2_m4D_m625.01/target
        parameters=/cluster/gpg/ciaran/sip-benchmarks/benchmarks/si2_m4D_m4D_625/si2_m4D_m625.01/pattern,/cluster/gpg/ciaran/sip-benchmarks/benchmarks/si2_m4D_m4D_625/si2_m4D_m625.01/target
      

   loading variables...
        nbVariables=125  nbDomainTypes=1  nbTotalValues=78125  domainSizes=(625:125)
          =>  wckTime=0.221  cpuTime=0.334  mem=8M649

   loading objectives...

   loading constraints...
        nbConstraints=301  nbSpecificConstraints=1  nbExtensionStructures=(1,shared:299)  nbConflictsStructures=(1,shared:299,unbuilt:1)
        degrees=(4:8)(5:36)(6:54)(7:27)  arities=(2:300)(125:1)  types=(AllDifferent:1)(ConstraintHardExtensionV-Bits:300)
          =>  wckTime=0.408  cpuTime=0.514  mem=20M751

   INFO : <!-- Start saving the XML representation -->

   INFO : <!-- Stop saving the XML representation of target.xml -->

   Solver SolverBacktrack being built... 
          =>  wckTime=0.773  cpuTime=0.813  mem=28M932

    instantiation X0=363 X1=390 X2=122 X3=476 X4=76 X5=597 X6=54 X7=80 X8=182 X9=189 X10=473 X11=12 X12=371 X13=34 X14=183 X15=531 X16=2 X17=53 X18=545 X19=489 X20=293 X21=113 X22=47 X23=397 X24=406 X25=69 X26=328 X27=39 X28=3 X29=508 X30=108 X31=84 X32=472 X33=193 X34=426 X35=78 X36=320 X37=298 X38=372 X39=48 X40=174 X41=89 X42=326 X43=421 X44=62 X45=552 X46=544 X47=399 X48=42 X49=445 X50=559 X51=376 X52=561 X53=319 X54=498 X55=137 X56=477 X57=592 X58=609 X59=480 X60=25 X61=85 X62=23 X63=123 X64=373 X65=581 X66=88 X67=58 X68=286 X69=587 X70=325 X71=351 X72=505 X73=483 X74=442 X75=7 X76=134 X77=135 X78=279 X79=49 X80=601 X81=550 X82=214 X83=274 X84=160 X85=605 X86=589 X87=500 X88=260 X89=361 X90=100 X91=555 X92=35 X93=429 X94=521 X95=219 X96=485 X97=269 X98=90 X99=610 X100=509 X101=608 X102=125 X103=526 X104=9 X105=74 X106=311 X107=563 X108=228 X109=148 X110=280 X111=67 X112=237 X113=243 X114=459 X115=488 X116=110 X117=139 X118=425 X119=194 X120=291 X121=103 X122=366 X123=612 X124=436 

    solution X0=363 X1=390 X2=122 X3=476 X4=76 X5=597 X6=54 X7=80 X8=182 X9=189 X10=473 X11=12 X12=371 X13=34 X14=183 X15=531 X16=2 X17=53 X18=545 X19=489 X20=293 X21=113 X22=47 X23=397 X24=406 X25=69 X26=328 X27=39 X28=3 X29=508 X30=108 X31=84 X32=472 X33=193 X34=426 X35=78 X36=320 X37=298 X38=372 X39=48 X40=174 X41=89 X42=326 X43=421 X44=62 X45=552 X46=544 X47=399 X48=42 X49=445 X50=559 X51=376 X52=561 X53=319 X54=498 X55=137 X56=477 X57=592 X58=609 X59=480 X60=25 X61=85 X62=23 X63=123 X64=373 X65=581 X66=88 X67=58 X68=286 X69=587 X70=325 X71=351 X72=505 X73=483 X74=442 X75=7 X76=134 X77=135 X78=279 X79=49 X80=601 X81=550 X82=214 X83=274 X84=160 X85=605 X86=589 X87=500 X88=260 X89=361 X90=100 X91=555 X92=35 X93=429 X94=521 X95=219 X96=485 X97=269 X98=90 X99=610 X100=509 X101=608 X102=125 X103=526 X104=9 X105=74 X106=311 X107=563 X108=228 X109=148 X110=280 X111=67 X112=237 X113=243 X114=459 X115=488 X116=110 X117=139 X118=425 X119=194 X120=291 X121=103 X122=366 X123=612 X124=436 

   
   search
        run=0  nbConstraintChecks=301  depth=(min:0,max:124,avg:4)  nbEffectivePropagations=12117  nbRevisions=44278  nbUselessRevisions=37587
        nbAssignments=229  nbFailedAssignments=55  nbBacktracks=49  nbVisitedNodes=291  nbRestartNogoods=0  nbFoundSolutions=1
        upperBound=9223372036854775807
          =>  wckTime=16.807  cpuTime=17.345  mem=223M120

   
   global
        nbConstraintChecks=301  nbEffectivePropagations=12117  nbRevisions=44278  nbUselessRevisions=37587  nbRestartNogoods=0
        solvingWckTime=16.808  expiredTime=no  totalExploration=no  nbFoundSolutions=1  firstSolutionCpuTime=17.341  Stop=REACHED_GOAL
          =>  wckTime=17.581  cpuTime=17.346  mem=223M120

s SATISFIABLE
v X0=363 X1=390 X2=122 X3=476 X4=76 X5=597 X6=54 X7=80 X8=182 X9=189 X10=473 X11=12 X12=371 X13=34 X14=183 X15=531 X16=2 X17=53 X18=545 X19=489 X20=293 X21=113 X22=47 X23=397 X24=406 X25=69 X26=328 X27=39 X28=3 X29=508 X30=108 X31=84 X32=472 X33=193 X34=426 X35=78 X36=320 X37=298 X38=372 X39=48 X40=174 X41=89 X42=326 X43=421 X44=62 X45=552 X46=544 X47=399 X48=42 X49=445 X50=559 X51=376 X52=561 X53=319 X54=498 X55=137 X56=477 X57=592 X58=609 X59=480 X60=25 X61=85 X62=23 X63=123 X64=373 X65=581 X66=88 X67=58 X68=286 X69=587 X70=325 X71=351 X72=505 X73=483 X74=442 X75=7 X76=134 X77=135 X78=279 X79=49 X80=601 X81=550 X82=214 X83=274 X84=160 X85=605 X86=589 X87=500 X88=260 X89=361 X90=100 X91=555 X92=35 X93=429 X94=521 X95=219 X96=485 X97=269 X98=90 X99=610 X100=509 X101=608 X102=125 X103=526 X104=9 X105=74 X106=311 X107=563 X108=228 X109=148 X110=280 X111=67 X112=237 X113=243 X114=459 X115=488 X116=110 X117=139 X118=425 X119=194 X120=291 X121=103 X122=366 X123=612 X124=436 
d NODES 229

   totalWckTime=17.474  totalCpuTime=17.346
