
   AbsCon 1.41 (January, 2014) - defaultConfiguration

   
   instance
        framework=CSP  name=Isomorphism-/cluster/gpg/ciaran/sip-benchmarks/benchmarks/si2_m4D_m4Dr4_625/si2_m4Dr4_m625.02/pattern-/cluster/gpg/ciaran/sip-benchmarks/benchmarks/si2_m4D_m4Dr4_625/si2_m4Dr4_m625.02/target
        parameters=/cluster/gpg/ciaran/sip-benchmarks/benchmarks/si2_m4D_m4Dr4_625/si2_m4Dr4_m625.02/pattern,/cluster/gpg/ciaran/sip-benchmarks/benchmarks/si2_m4D_m4Dr4_625/si2_m4Dr4_m625.02/target
      

   loading variables...
        nbVariables=125  nbDomainTypes=1  nbTotalValues=78125  domainSizes=(625:125)
          =>  wckTime=0.197  cpuTime=0.3  mem=9M103

   loading objectives...

   loading constraints...
        nbConstraints=209  nbSpecificConstraints=1  nbExtensionStructures=(1,shared:207)  nbConflictsStructures=(1,shared:207,unbuilt:1)
        degrees=(2:41)(3:22)(4:12)...(9:5)(11:1)(12:1)  arities=(2:208)(125:1)  types=(AllDifferent:1)(ConstraintHardExtensionV-Bits:208)
          =>  wckTime=0.327  cpuTime=0.419  mem=15M371

   INFO : <!-- Start saving the XML representation -->

   INFO : <!-- Stop saving the XML representation of target.xml -->

   Solver SolverBacktrack being built... 
          =>  wckTime=0.627  cpuTime=0.677  mem=30M871

    instantiation X0=0 X1=25 X2=190 X3=352 X4=522 X5=551 X6=371 X7=457 X8=502 X9=512 X10=534 X11=535 X12=178 X13=188 X14=230 X15=297 X16=377 X17=405 X18=116 X19=275 X20=160 X21=174 X22=343 X23=455 X24=456 X25=492 X26=608 X27=209 X28=348 X29=415 X30=453 X31=552 X32=114 X33=166 X34=375 X35=571 X36=90 X37=286 X38=349 X39=312 X40=389 X41=194 X42=110 X43=289 X44=365 X45=505 X46=560 X47=596 X48=33 X49=58 X50=129 X51=404 X52=524 X53=593 X54=6 X55=236 X56=350 X57=562 X58=558 X59=84 X60=128 X61=145 X62=583 X63=47 X64=126 X65=328 X66=372 X67=520 X68=1 X69=42 X70=139 X71=346 X72=384 X73=616 X74=618 X75=366 X76=612 X77=250 X78=158 X79=268 X80=468 X81=490 X82=156 X83=201 X84=246 X85=316 X86=528 X87=256 X88=497 X89=532 X90=199 X91=414 X92=498 X93=504 X94=152 X95=272 X96=309 X97=511 X98=93 X99=127 X100=203 X101=221 X102=333 X103=521 X104=530 X105=34 X106=59 X107=274 X108=406 X109=413 X110=283 X111=546 X112=556 X113=566 X114=329 X115=418 X116=144 X117=600 X118=8 X119=89 X120=355 X121=109 X122=269 X123=617 X124=150 

    solution X0=0 X1=25 X2=190 X3=352 X4=522 X5=551 X6=371 X7=457 X8=502 X9=512 X10=534 X11=535 X12=178 X13=188 X14=230 X15=297 X16=377 X17=405 X18=116 X19=275 X20=160 X21=174 X22=343 X23=455 X24=456 X25=492 X26=608 X27=209 X28=348 X29=415 X30=453 X31=552 X32=114 X33=166 X34=375 X35=571 X36=90 X37=286 X38=349 X39=312 X40=389 X41=194 X42=110 X43=289 X44=365 X45=505 X46=560 X47=596 X48=33 X49=58 X50=129 X51=404 X52=524 X53=593 X54=6 X55=236 X56=350 X57=562 X58=558 X59=84 X60=128 X61=145 X62=583 X63=47 X64=126 X65=328 X66=372 X67=520 X68=1 X69=42 X70=139 X71=346 X72=384 X73=616 X74=618 X75=366 X76=612 X77=250 X78=158 X79=268 X80=468 X81=490 X82=156 X83=201 X84=246 X85=316 X86=528 X87=256 X88=497 X89=532 X90=199 X91=414 X92=498 X93=504 X94=152 X95=272 X96=309 X97=511 X98=93 X99=127 X100=203 X101=221 X102=333 X103=521 X104=530 X105=34 X106=59 X107=274 X108=406 X109=413 X110=283 X111=546 X112=556 X113=566 X114=329 X115=418 X116=144 X117=600 X118=8 X119=89 X120=355 X121=109 X122=269 X123=617 X124=150 

   
   search
        run=0  nbConstraintChecks=209  depth=(min:0,max:124,avg:1)  nbEffectivePropagations=633  nbRevisions=7172  nbUselessRevisions=6666
        nbAssignments=530  nbFailedAssignments=405  nbBacktracks=0  nbVisitedNodes=936  nbRestartNogoods=0  nbFoundSolutions=1
        upperBound=9223372036854775807
          =>  wckTime=10.888  cpuTime=11.412  mem=141M249

   
   global
        nbConstraintChecks=209  nbEffectivePropagations=633  nbRevisions=7172  nbUselessRevisions=6666  nbRestartNogoods=0  solvingWckTime=10.889
        expiredTime=no  totalExploration=no  nbFoundSolutions=1  firstSolutionCpuTime=11.408  Stop=REACHED_GOAL
          =>  wckTime=11.517  cpuTime=11.412  mem=141M249

s SATISFIABLE
v X0=0 X1=25 X2=190 X3=352 X4=522 X5=551 X6=371 X7=457 X8=502 X9=512 X10=534 X11=535 X12=178 X13=188 X14=230 X15=297 X16=377 X17=405 X18=116 X19=275 X20=160 X21=174 X22=343 X23=455 X24=456 X25=492 X26=608 X27=209 X28=348 X29=415 X30=453 X31=552 X32=114 X33=166 X34=375 X35=571 X36=90 X37=286 X38=349 X39=312 X40=389 X41=194 X42=110 X43=289 X44=365 X45=505 X46=560 X47=596 X48=33 X49=58 X50=129 X51=404 X52=524 X53=593 X54=6 X55=236 X56=350 X57=562 X58=558 X59=84 X60=128 X61=145 X62=583 X63=47 X64=126 X65=328 X66=372 X67=520 X68=1 X69=42 X70=139 X71=346 X72=384 X73=616 X74=618 X75=366 X76=612 X77=250 X78=158 X79=268 X80=468 X81=490 X82=156 X83=201 X84=246 X85=316 X86=528 X87=256 X88=497 X89=532 X90=199 X91=414 X92=498 X93=504 X94=152 X95=272 X96=309 X97=511 X98=93 X99=127 X100=203 X101=221 X102=333 X103=521 X104=530 X105=34 X106=59 X107=274 X108=406 X109=413 X110=283 X111=546 X112=556 X113=566 X114=329 X115=418 X116=144 X117=600 X118=8 X119=89 X120=355 X121=109 X122=269 X123=617 X124=150 
d NODES 530

   totalWckTime=11.416  totalCpuTime=11.413
