
   AbsCon 1.41 (January, 2014) - defaultConfiguration

   
   instance
        framework=CSP  name=Isomorphism-/cluster/gpg/ciaran/sip-benchmarks/benchmarks/si2_rand_r01_600/si2_r01_m600.04/pattern-/cluster/gpg/ciaran/sip-benchmarks/benchmarks/si2_rand_r01_600/si2_r01_m600.04/target
        parameters=/cluster/gpg/ciaran/sip-benchmarks/benchmarks/si2_rand_r01_600/si2_r01_m600.04/pattern,/cluster/gpg/ciaran/sip-benchmarks/benchmarks/si2_rand_r01_600/si2_r01_m600.04/target
      

   loading variables...
        nbVariables=120  nbDomainTypes=1  nbTotalValues=72000  domainSizes=(600:120)
          =>  wckTime=0.246  cpuTime=0.367  mem=13M654

   loading objectives...

   loading constraints...
        nbConstraints=1390  nbSpecificConstraints=1  nbExtensionStructures=(1,shared:1388)  nbConflictsStructures=(1,shared:1388,unbuilt:1)
        degrees=(11:1)(13:1)(14:2)...(33:1)(34:1)(36:1)  arities=(2:1389)(120:1)  types=(AllDifferent:1)(ConstraintHardExtensionV-Bits:1389)
          =>  wckTime=2.185  cpuTime=2.249  mem=117M777

   INFO : <!-- Start saving the XML representation -->

   INFO : <!-- Stop saving the XML representation of target.xml -->

   Solver SolverBacktrack being built... 
          =>  wckTime=2.56  cpuTime=2.587  mem=176M400

   
   search
        run=0  nbConstraintChecks=0  depth=(min:0,max:6,avg:4)  nbEffectivePropagations=45716460  nbRevisions=481365854  nbUselessRevisions=447024848
        nbAssignments=346839  nbFailedAssignments=292873  nbBacktracks=53963  nbVisitedNodes=675354  nbRestartNogoods=0
          =>  wckTime=99998.083  cpuTime=99156.702  mem=105M97

   
   global
        nbConstraintChecks=0  nbEffectivePropagations=45716460  nbRevisions=481365854  nbUselessRevisions=447024848  nbRestartNogoods=0
        solvingWckTime=99998.084  expiredTime=yes  totalExploration=no  nbFoundSolutions=0  Stop=EXCEEDED_TIME
          =>  wckTime=100000.645  cpuTime=99156.703  mem=105M97

s UNKNOWN
d NODES 346839

   totalWckTime=100000.549  totalCpuTime=99156.703
