
   AbsCon 1.41 (January, 2014) - defaultConfiguration

   
   instance
        framework=CSP  name=Isomorphism-/cluster/gpg/ciaran/sip-benchmarks/benchmarks/si2_bvg_b06_200/si2_b06_m200.02/pattern-/cluster/gpg/ciaran/sip-benchmarks/benchmarks/si2_bvg_b06_200/si2_b06_m200.02/target
        parameters=/cluster/gpg/ciaran/sip-benchmarks/benchmarks/si2_bvg_b06_200/si2_b06_m200.02/pattern,/cluster/gpg/ciaran/sip-benchmarks/benchmarks/si2_bvg_b06_200/si2_b06_m200.02/target
      

   loading variables...
        nbVariables=40  nbDomainTypes=1  nbTotalValues=8000  domainSizes=(200:40)
          =>  wckTime=0.188  cpuTime=0.313  mem=10M11

   loading objectives...

   loading constraints...
        nbConstraints=115  nbSpecificConstraints=1  nbExtensionStructures=(1,shared:113)  nbConflictsStructures=(1,shared:113,unbuilt:1)
        degrees=(4:2)(5:2)(6:2)(7:34)  arities=(2:114)(40:1)  types=(AllDifferent:1)(ConstraintHardExtensionV-Bits:114)
          =>  wckTime=0.26  cpuTime=0.374  mem=6M482

   INFO : <!-- Start saving the XML representation -->

   INFO : <!-- Stop saving the XML representation of target.xml -->

   Solver SolverBacktrack being built... 
          =>  wckTime=0.458  cpuTime=0.55  mem=21M631

    instantiation X0=0 X1=40 X2=79 X3=97 X4=140 X5=142 X6=181 X7=159 X8=179 X9=183 X10=92 X11=174 X12=186 X13=55 X14=94 X15=71 X16=126 X17=73 X18=134 X19=74 X20=115 X21=78 X22=20 X23=116 X24=82 X25=163 X26=199 X27=65 X28=148 X29=172 X30=100 X31=36 X32=34 X33=99 X34=153 X35=54 X36=21 X37=86 X38=49 X39=122 

    solution X0=0 X1=40 X2=79 X3=97 X4=140 X5=142 X6=181 X7=159 X8=179 X9=183 X10=92 X11=174 X12=186 X13=55 X14=94 X15=71 X16=126 X17=73 X18=134 X19=74 X20=115 X21=78 X22=20 X23=116 X24=82 X25=163 X26=199 X27=65 X28=148 X29=172 X30=100 X31=36 X32=34 X33=99 X34=153 X35=54 X36=21 X37=86 X38=49 X39=122 

   
   search
        run=0  nbConstraintChecks=115  depth=(min:41,max:39,avg:0)  nbEffectivePropagations=2  nbRevisions=534  nbUselessRevisions=534
        nbAssignments=40  nbFailedAssignments=0  nbBacktracks=0  nbVisitedNodes=41  nbRestartNogoods=0  nbFoundSolutions=1  upperBound=9223372036854775807
          =>  wckTime=0.261  cpuTime=0.801  mem=33M515

   
   global
        nbConstraintChecks=115  nbEffectivePropagations=2  nbRevisions=534  nbUselessRevisions=534  nbRestartNogoods=0  solvingWckTime=0.262
        expiredTime=no  totalExploration=no  nbFoundSolutions=1  firstSolutionCpuTime=0.797  Stop=REACHED_GOAL
          =>  wckTime=0.72  cpuTime=0.801  mem=33M515

s SATISFIABLE
v X0=0 X1=40 X2=79 X3=97 X4=140 X5=142 X6=181 X7=159 X8=179 X9=183 X10=92 X11=174 X12=186 X13=55 X14=94 X15=71 X16=126 X17=73 X18=134 X19=74 X20=115 X21=78 X22=20 X23=116 X24=82 X25=163 X26=199 X27=65 X28=148 X29=172 X30=100 X31=36 X32=34 X33=99 X34=153 X35=54 X36=21 X37=86 X38=49 X39=122 
d NODES 40

   totalWckTime=0.61  totalCpuTime=0.802
