
   AbsCon 1.41 (January, 2014) - defaultConfiguration

   
   instance
        framework=CSP  name=Isomorphism-/cluster/gpg/ciaran/sip-benchmarks/benchmarks/si2_m4D_m4Dr6_625/si2_m4Dr6_m625.01/pattern-/cluster/gpg/ciaran/sip-benchmarks/benchmarks/si2_m4D_m4Dr6_625/si2_m4Dr6_m625.01/target
        parameters=/cluster/gpg/ciaran/sip-benchmarks/benchmarks/si2_m4D_m4Dr6_625/si2_m4Dr6_m625.01/pattern,/cluster/gpg/ciaran/sip-benchmarks/benchmarks/si2_m4D_m4Dr6_625/si2_m4Dr6_m625.01/target
      

   loading variables...
        nbVariables=125  nbDomainTypes=1  nbTotalValues=78125  domainSizes=(625:125)
          =>  wckTime=0.19  cpuTime=0.303  mem=9M132

   loading objectives...

   loading constraints...
        nbConstraints=216  nbSpecificConstraints=1  nbExtensionStructures=(1,shared:214)  nbConflictsStructures=(1,shared:214,unbuilt:1)
        degrees=(2:30)(3:31)(4:20)...(9:6)(10:5)(11:1)  arities=(2:215)(125:1)  types=(AllDifferent:1)(ConstraintHardExtensionV-Bits:215)
          =>  wckTime=0.321  cpuTime=0.43  mem=16M115

   INFO : <!-- Start saving the XML representation -->

   INFO : <!-- Stop saving the XML representation of target.xml -->

   Solver SolverBacktrack being built... 
          =>  wckTime=0.612  cpuTime=0.689  mem=31M530

    instantiation X0=0 X1=16 X2=75 X3=88 X4=335 X5=346 X6=528 X7=545 X8=614 X9=194 X10=267 X11=332 X12=521 X13=552 X14=553 X15=247 X16=338 X17=463 X18=603 X19=70 X20=131 X21=230 X22=296 X23=420 X24=435 X25=445 X26=174 X27=191 X28=253 X29=301 X30=339 X31=401 X32=375 X33=398 X34=544 X35=575 X36=53 X37=116 X38=225 X39=344 X40=385 X41=561 X42=354 X43=573 X44=119 X45=208 X46=145 X47=207 X48=612 X49=38 X50=147 X51=444 X52=524 X53=613 X54=139 X55=179 X56=421 X57=441 X58=32 X59=121 X60=219 X61=358 X62=556 X63=67 X64=11 X65=105 X66=170 X67=428 X68=469 X69=604 X70=100 X71=236 X72=414 X73=458 X74=497 X75=537 X76=18 X77=47 X78=255 X79=312 X80=583 X81=598 X82=198 X83=345 X84=360 X85=94 X86=120 X87=324 X88=437 X89=526 X90=361 X91=461 X92=579 X93=13 X94=15 X95=148 X96=153 X97=251 X98=399 X99=438 X100=56 X101=103 X102=123 X103=491 X104=162 X105=279 X106=283 X107=367 X108=206 X109=504 X110=412 X111=78 X112=171 X113=329 X114=450 X115=52 X116=77 X117=102 X118=402 X119=581 X120=195 X121=471 X122=616 X123=284 X124=351 

    solution X0=0 X1=16 X2=75 X3=88 X4=335 X5=346 X6=528 X7=545 X8=614 X9=194 X10=267 X11=332 X12=521 X13=552 X14=553 X15=247 X16=338 X17=463 X18=603 X19=70 X20=131 X21=230 X22=296 X23=420 X24=435 X25=445 X26=174 X27=191 X28=253 X29=301 X30=339 X31=401 X32=375 X33=398 X34=544 X35=575 X36=53 X37=116 X38=225 X39=344 X40=385 X41=561 X42=354 X43=573 X44=119 X45=208 X46=145 X47=207 X48=612 X49=38 X50=147 X51=444 X52=524 X53=613 X54=139 X55=179 X56=421 X57=441 X58=32 X59=121 X60=219 X61=358 X62=556 X63=67 X64=11 X65=105 X66=170 X67=428 X68=469 X69=604 X70=100 X71=236 X72=414 X73=458 X74=497 X75=537 X76=18 X77=47 X78=255 X79=312 X80=583 X81=598 X82=198 X83=345 X84=360 X85=94 X86=120 X87=324 X88=437 X89=526 X90=361 X91=461 X92=579 X93=13 X94=15 X95=148 X96=153 X97=251 X98=399 X99=438 X100=56 X101=103 X102=123 X103=491 X104=162 X105=279 X106=283 X107=367 X108=206 X109=504 X110=412 X111=78 X112=171 X113=329 X114=450 X115=52 X116=77 X117=102 X118=402 X119=581 X120=195 X121=471 X122=616 X123=284 X124=351 

   
   search
        run=0  nbConstraintChecks=216  depth=(min:0,max:124,avg:1)  nbEffectivePropagations=1413  nbRevisions=12447  nbUselessRevisions=11101
        nbAssignments=646  nbFailedAssignments=521  nbBacktracks=0  nbVisitedNodes=1168  nbRestartNogoods=0  nbFoundSolutions=1
        upperBound=9223372036854775807
          =>  wckTime=14.428  cpuTime=14.955  mem=124M711

   
   global
        nbConstraintChecks=216  nbEffectivePropagations=1413  nbRevisions=12447  nbUselessRevisions=11101  nbRestartNogoods=0
        solvingWckTime=14.429  expiredTime=no  totalExploration=no  nbFoundSolutions=1  firstSolutionCpuTime=14.952  Stop=REACHED_GOAL
          =>  wckTime=15.042  cpuTime=14.955  mem=124M711

s SATISFIABLE
v X0=0 X1=16 X2=75 X3=88 X4=335 X5=346 X6=528 X7=545 X8=614 X9=194 X10=267 X11=332 X12=521 X13=552 X14=553 X15=247 X16=338 X17=463 X18=603 X19=70 X20=131 X21=230 X22=296 X23=420 X24=435 X25=445 X26=174 X27=191 X28=253 X29=301 X30=339 X31=401 X32=375 X33=398 X34=544 X35=575 X36=53 X37=116 X38=225 X39=344 X40=385 X41=561 X42=354 X43=573 X44=119 X45=208 X46=145 X47=207 X48=612 X49=38 X50=147 X51=444 X52=524 X53=613 X54=139 X55=179 X56=421 X57=441 X58=32 X59=121 X60=219 X61=358 X62=556 X63=67 X64=11 X65=105 X66=170 X67=428 X68=469 X69=604 X70=100 X71=236 X72=414 X73=458 X74=497 X75=537 X76=18 X77=47 X78=255 X79=312 X80=583 X81=598 X82=198 X83=345 X84=360 X85=94 X86=120 X87=324 X88=437 X89=526 X90=361 X91=461 X92=579 X93=13 X94=15 X95=148 X96=153 X97=251 X98=399 X99=438 X100=56 X101=103 X102=123 X103=491 X104=162 X105=279 X106=283 X107=367 X108=206 X109=504 X110=412 X111=78 X112=171 X113=329 X114=450 X115=52 X116=77 X117=102 X118=402 X119=581 X120=195 X121=471 X122=616 X123=284 X124=351 
d NODES 646

   totalWckTime=14.948  totalCpuTime=14.956
