
   AbsCon 1.41 (January, 2014) - defaultConfiguration

   
   instance
        framework=CSP  name=Isomorphism-/cluster/gpg/ciaran/sip-benchmarks/benchmarks/si2_m4D_m4Dr4_625/si2_m4Dr4_m625.00/pattern-/cluster/gpg/ciaran/sip-benchmarks/benchmarks/si2_m4D_m4Dr4_625/si2_m4Dr4_m625.00/target
        parameters=/cluster/gpg/ciaran/sip-benchmarks/benchmarks/si2_m4D_m4Dr4_625/si2_m4Dr4_m625.00/pattern,/cluster/gpg/ciaran/sip-benchmarks/benchmarks/si2_m4D_m4Dr4_625/si2_m4Dr4_m625.00/target
      

   loading variables...
        nbVariables=125  nbDomainTypes=1  nbTotalValues=78125  domainSizes=(625:125)
          =>  wckTime=0.269  cpuTime=0.391  mem=8M750

   loading objectives...

   loading constraints...
        nbConstraints=242  nbSpecificConstraints=1  nbExtensionStructures=(1,shared:240)  nbConflictsStructures=(1,shared:240,unbuilt:1)
        degrees=(2:21)(3:23)(4:32)...(9:7)(10:7)(12:1)  arities=(2:241)(125:1)  types=(AllDifferent:1)(ConstraintHardExtensionV-Bits:241)
          =>  wckTime=0.457  cpuTime=0.575  mem=17M452

   INFO : <!-- Start saving the XML representation -->

   INFO : <!-- Stop saving the XML representation of target.xml -->

   Solver SolverBacktrack being built... 
          =>  wckTime=0.798  cpuTime=0.863  mem=28M699

    instantiation X0=0 X1=8 X2=150 X3=198 X4=301 X5=368 X6=374 X7=503 X8=60 X9=213 X10=226 X11=405 X12=425 X13=484 X14=50 X15=109 X16=148 X17=268 X18=463 X19=492 X20=584 X21=110 X22=191 X23=214 X24=375 X25=184 X26=414 X27=469 X28=604 X29=61 X30=104 X31=294 X32=314 X33=278 X34=496 X35=545 X36=86 X37=239 X38=412 X39=422 X40=472 X41=546 X42=567 X43=21 X44=39 X45=228 X46=599 X47=7 X48=66 X49=229 X50=24 X51=111 X52=388 X53=423 X54=459 X55=176 X56=88 X57=156 X58=328 X59=359 X60=506 X61=96 X62=117 X63=197 X64=593 X65=616 X66=41 X67=341 X68=377 X69=535 X70=62 X71=231 X72=576 X73=608 X74=108 X75=335 X76=358 X77=400 X78=447 X79=558 X80=54 X81=237 X82=321 X83=247 X84=512 X85=140 X86=462 X87=579 X88=177 X89=279 X90=483 X91=489 X92=568 X93=85 X94=449 X95=71 X96=527 X97=532 X98=607 X99=413 X100=552 X101=565 X102=165 X103=262 X104=420 X105=615 X106=623 X107=289 X108=306 X109=597 X110=29 X111=234 X112=382 X113=540 X114=55 X115=126 X116=138 X117=163 X118=243 X119=526 X120=144 X121=240 X122=252 X123=385 X124=421 

    solution X0=0 X1=8 X2=150 X3=198 X4=301 X5=368 X6=374 X7=503 X8=60 X9=213 X10=226 X11=405 X12=425 X13=484 X14=50 X15=109 X16=148 X17=268 X18=463 X19=492 X20=584 X21=110 X22=191 X23=214 X24=375 X25=184 X26=414 X27=469 X28=604 X29=61 X30=104 X31=294 X32=314 X33=278 X34=496 X35=545 X36=86 X37=239 X38=412 X39=422 X40=472 X41=546 X42=567 X43=21 X44=39 X45=228 X46=599 X47=7 X48=66 X49=229 X50=24 X51=111 X52=388 X53=423 X54=459 X55=176 X56=88 X57=156 X58=328 X59=359 X60=506 X61=96 X62=117 X63=197 X64=593 X65=616 X66=41 X67=341 X68=377 X69=535 X70=62 X71=231 X72=576 X73=608 X74=108 X75=335 X76=358 X77=400 X78=447 X79=558 X80=54 X81=237 X82=321 X83=247 X84=512 X85=140 X86=462 X87=579 X88=177 X89=279 X90=483 X91=489 X92=568 X93=85 X94=449 X95=71 X96=527 X97=532 X98=607 X99=413 X100=552 X101=565 X102=165 X103=262 X104=420 X105=615 X106=623 X107=289 X108=306 X109=597 X110=29 X111=234 X112=382 X113=540 X114=55 X115=126 X116=138 X117=163 X118=243 X119=526 X120=144 X121=240 X122=252 X123=385 X124=421 

   
   search
        run=0  nbConstraintChecks=242  depth=(min:0,max:124,avg:1)  nbEffectivePropagations=68  nbRevisions=1350  nbUselessRevisions=1350
        nbAssignments=186  nbFailedAssignments=61  nbBacktracks=0  nbVisitedNodes=248  nbRestartNogoods=0  nbFoundSolutions=1
        upperBound=9223372036854775807
          =>  wckTime=7.84  cpuTime=8.55  mem=235M568

   
   global
        nbConstraintChecks=242  nbEffectivePropagations=68  nbRevisions=1350  nbUselessRevisions=1350  nbRestartNogoods=0  solvingWckTime=7.841
        expiredTime=no  totalExploration=no  nbFoundSolutions=1  firstSolutionCpuTime=8.546  Stop=REACHED_GOAL
          =>  wckTime=8.639  cpuTime=8.55  mem=235M568

s SATISFIABLE
v X0=0 X1=8 X2=150 X3=198 X4=301 X5=368 X6=374 X7=503 X8=60 X9=213 X10=226 X11=405 X12=425 X13=484 X14=50 X15=109 X16=148 X17=268 X18=463 X19=492 X20=584 X21=110 X22=191 X23=214 X24=375 X25=184 X26=414 X27=469 X28=604 X29=61 X30=104 X31=294 X32=314 X33=278 X34=496 X35=545 X36=86 X37=239 X38=412 X39=422 X40=472 X41=546 X42=567 X43=21 X44=39 X45=228 X46=599 X47=7 X48=66 X49=229 X50=24 X51=111 X52=388 X53=423 X54=459 X55=176 X56=88 X57=156 X58=328 X59=359 X60=506 X61=96 X62=117 X63=197 X64=593 X65=616 X66=41 X67=341 X68=377 X69=535 X70=62 X71=231 X72=576 X73=608 X74=108 X75=335 X76=358 X77=400 X78=447 X79=558 X80=54 X81=237 X82=321 X83=247 X84=512 X85=140 X86=462 X87=579 X88=177 X89=279 X90=483 X91=489 X92=568 X93=85 X94=449 X95=71 X96=527 X97=532 X98=607 X99=413 X100=552 X101=565 X102=165 X103=262 X104=420 X105=615 X106=623 X107=289 X108=306 X109=597 X110=29 X111=234 X112=382 X113=540 X114=55 X115=126 X116=138 X117=163 X118=243 X119=526 X120=144 X121=240 X122=252 X123=385 X124=421 
d NODES 186

   totalWckTime=8.505  totalCpuTime=8.551
