
   AbsCon 1.41 (January, 2014) - defaultConfiguration

   
   instance
        framework=CSP  name=Isomorphism-/cluster/gpg/ciaran/sip-benchmarks/benchmarks/si2_bvg_b06_400/si2_b06_m400.02/pattern-/cluster/gpg/ciaran/sip-benchmarks/benchmarks/si2_bvg_b06_400/si2_b06_m400.02/target
        parameters=/cluster/gpg/ciaran/sip-benchmarks/benchmarks/si2_bvg_b06_400/si2_b06_m400.02/pattern,/cluster/gpg/ciaran/sip-benchmarks/benchmarks/si2_bvg_b06_400/si2_b06_m400.02/target
      

   loading variables...
        nbVariables=80  nbDomainTypes=1  nbTotalValues=32000  domainSizes=(400:80)
          =>  wckTime=0.183  cpuTime=0.293  mem=5M145

   loading objectives...

   loading constraints...
        nbConstraints=235  nbSpecificConstraints=1  nbExtensionStructures=(1,shared:233)  nbConflictsStructures=(1,shared:233,unbuilt:1)
        degrees=(4:2)(5:2)(6:2)(7:74)  arities=(2:234)(80:1)  types=(AllDifferent:1)(ConstraintHardExtensionV-Bits:234)
          =>  wckTime=0.281  cpuTime=0.39  mem=16M177

   INFO : <!-- Start saving the XML representation -->

   INFO : <!-- Stop saving the XML representation of target.xml -->

   Solver SolverBacktrack being built... 
          =>  wckTime=0.516  cpuTime=0.591  mem=27M681

    instantiation X0=0 X1=38 X2=47 X3=206 X4=293 X5=343 X6=361 X7=154 X8=324 X9=370 X10=79 X11=305 X12=251 X13=344 X14=43 X15=395 X16=182 X17=268 X18=355 X19=68 X20=106 X21=363 X22=11 X23=72 X24=152 X25=225 X26=216 X27=104 X28=208 X29=380 X30=107 X31=81 X32=120 X33=175 X34=321 X35=99 X36=163 X37=362 X38=101 X39=167 X40=393 X41=71 X42=140 X43=122 X44=307 X45=245 X46=281 X47=164 X48=130 X49=183 X50=121 X51=112 X52=296 X53=360 X54=141 X55=143 X56=97 X57=289 X58=331 X59=310 X60=84 X61=271 X62=149 X63=348 X64=15 X65=202 X66=160 X67=12 X68=118 X69=385 X70=23 X71=74 X72=373 X73=109 X74=124 X75=255 X76=63 X77=30 X78=9 X79=46 

    solution X0=0 X1=38 X2=47 X3=206 X4=293 X5=343 X6=361 X7=154 X8=324 X9=370 X10=79 X11=305 X12=251 X13=344 X14=43 X15=395 X16=182 X17=268 X18=355 X19=68 X20=106 X21=363 X22=11 X23=72 X24=152 X25=225 X26=216 X27=104 X28=208 X29=380 X30=107 X31=81 X32=120 X33=175 X34=321 X35=99 X36=163 X37=362 X38=101 X39=167 X40=393 X41=71 X42=140 X43=122 X44=307 X45=245 X46=281 X47=164 X48=130 X49=183 X50=121 X51=112 X52=296 X53=360 X54=141 X55=143 X56=97 X57=289 X58=331 X59=310 X60=84 X61=271 X62=149 X63=348 X64=15 X65=202 X66=160 X67=12 X68=118 X69=385 X70=23 X71=74 X72=373 X73=109 X74=124 X75=255 X76=63 X77=30 X78=9 X79=46 

   
   search
        run=0  nbConstraintChecks=235  depth=(min:81,max:79,avg:0)  nbEffectivePropagations=2  nbRevisions=1134  nbUselessRevisions=1134
        nbAssignments=80  nbFailedAssignments=0  nbBacktracks=0  nbVisitedNodes=81  nbRestartNogoods=0  nbFoundSolutions=1  upperBound=9223372036854775807
          =>  wckTime=1.634  cpuTime=2.165  mem=91M762

   
   global
        nbConstraintChecks=235  nbEffectivePropagations=2  nbRevisions=1134  nbUselessRevisions=1134  nbRestartNogoods=0  solvingWckTime=1.634
        expiredTime=no  totalExploration=no  nbFoundSolutions=1  firstSolutionCpuTime=2.16  Stop=REACHED_GOAL
          =>  wckTime=2.151  cpuTime=2.165  mem=91M762

s SATISFIABLE
v X0=0 X1=38 X2=47 X3=206 X4=293 X5=343 X6=361 X7=154 X8=324 X9=370 X10=79 X11=305 X12=251 X13=344 X14=43 X15=395 X16=182 X17=268 X18=355 X19=68 X20=106 X21=363 X22=11 X23=72 X24=152 X25=225 X26=216 X27=104 X28=208 X29=380 X30=107 X31=81 X32=120 X33=175 X34=321 X35=99 X36=163 X37=362 X38=101 X39=167 X40=393 X41=71 X42=140 X43=122 X44=307 X45=245 X46=281 X47=164 X48=130 X49=183 X50=121 X51=112 X52=296 X53=360 X54=141 X55=143 X56=97 X57=289 X58=331 X59=310 X60=84 X61=271 X62=149 X63=348 X64=15 X65=202 X66=160 X67=12 X68=118 X69=385 X70=23 X71=74 X72=373 X73=109 X74=124 X75=255 X76=63 X77=30 X78=9 X79=46 
d NODES 80

   totalWckTime=2.062  totalCpuTime=2.166
