
   AbsCon 1.41 (January, 2014) - defaultConfiguration

   
   instance
        framework=CSP  name=Isomorphism-/cluster/gpg/ciaran/sip-benchmarks/benchmarks/si2_rand_r01_600/si2_r01_m600.02/pattern-/cluster/gpg/ciaran/sip-benchmarks/benchmarks/si2_rand_r01_600/si2_r01_m600.02/target
        parameters=/cluster/gpg/ciaran/sip-benchmarks/benchmarks/si2_rand_r01_600/si2_r01_m600.02/pattern,/cluster/gpg/ciaran/sip-benchmarks/benchmarks/si2_rand_r01_600/si2_r01_m600.02/target
      

   loading variables...
        nbVariables=120  nbDomainTypes=1  nbTotalValues=72000  domainSizes=(600:120)
          =>  wckTime=0.292  cpuTime=0.401  mem=13M42

   loading objectives...

   loading constraints...
        nbConstraints=1294  nbSpecificConstraints=1  nbExtensionStructures=(1,shared:1292)  nbConflictsStructures=(1,shared:1292,unbuilt:1)
        degrees=(14:1)(15:6)(16:4)...(31:1)(32:1)(33:1)  arities=(2:1293)(120:1)  types=(AllDifferent:1)(ConstraintHardExtensionV-Bits:1293)
          =>  wckTime=1.983  cpuTime=2.037  mem=37M41

   INFO : <!-- Start saving the XML representation -->

   INFO : <!-- Stop saving the XML representation of target.xml -->

   Solver SolverBacktrack being built... 
          =>  wckTime=2.336  cpuTime=2.354  mem=95M458

   
   search
        run=0  nbConstraintChecks=0  depth=(min:0,max:6,avg:4)  nbEffectivePropagations=46268579  nbRevisions=421569287  nbUselessRevisions=386560526
        nbAssignments=294783  nbFailedAssignments=239093  nbBacktracks=55687  nbVisitedNodes=568716  nbRestartNogoods=0
          =>  wckTime=99997.747  cpuTime=99713.353  mem=102M305

   
   global
        nbConstraintChecks=0  nbEffectivePropagations=46268579  nbRevisions=421569287  nbUselessRevisions=386560526  nbRestartNogoods=0
        solvingWckTime=99997.748  expiredTime=yes  totalExploration=no  nbFoundSolutions=0  Stop=EXCEEDED_TIME
          =>  wckTime=100000.085  cpuTime=99713.354  mem=102M305

s UNKNOWN
d NODES 294783

   totalWckTime=99999.974  totalCpuTime=99713.354
