
   AbsCon 1.41 (January, 2014) - defaultConfiguration

   
   instance
        framework=CSP  name=Isomorphism-/cluster/gpg/ciaran/sip-benchmarks/benchmarks/si2_m4D_m4D_1296/si2_m4D_m1296.00/pattern-/cluster/gpg/ciaran/sip-benchmarks/benchmarks/si2_m4D_m4D_1296/si2_m4D_m1296.00/target
        parameters=/cluster/gpg/ciaran/sip-benchmarks/benchmarks/si2_m4D_m4D_1296/si2_m4D_m1296.00/pattern,/cluster/gpg/ciaran/sip-benchmarks/benchmarks/si2_m4D_m4D_1296/si2_m4D_m1296.00/target
      

   loading variables...
        nbVariables=259  nbDomainTypes=1  nbTotalValues=335664  domainSizes=(1296:259)
          =>  wckTime=0.21  cpuTime=0.319  mem=24M439

   loading objectives...

   loading constraints...
        nbConstraints=688  nbSpecificConstraints=1  nbExtensionStructures=(1,shared:686)  nbConflictsStructures=(1,shared:686,unbuilt:1)
        degrees=(2:1)(3:9)(4:55)...(7:39)(8:75)(9:24)  arities=(2:687)(259:1)  types=(AllDifferent:1)(ConstraintHardExtensionV-Bits:687)
          =>  wckTime=0.535  cpuTime=0.622  mem=55M828

   INFO : <!-- Start saving the XML representation -->

   INFO : <!-- Stop saving the XML representation of target.xml -->

   Solver SolverBacktrack being built... 
          =>  wckTime=1.078  cpuTime=1.13  mem=119M842

    instantiation X0=83 X1=968 X2=851 X3=0 X4=487 X5=21 X6=1011 X7=175 X8=1183 X9=1008 X10=1122 X11=32 X12=268 X13=741 X14=776 X15=482 X16=128 X17=389 X18=293 X19=256 X20=992 X21=203 X22=64 X23=785 X24=908 X25=335 X26=627 X27=53 X28=243 X29=1016 X30=364 X31=524 X32=209 X33=656 X34=205 X35=1092 X36=67 X37=1195 X38=918 X39=207 X40=1136 X41=1285 X42=453 X43=518 X44=330 X45=1064 X46=1234 X47=1173 X48=639 X49=1238 X50=429 X51=523 X52=155 X53=193 X54=284 X55=874 X56=552 X57=933 X58=976 X59=3 X60=683 X61=956 X62=61 X63=97 X64=483 X65=1147 X66=51 X67=898 X68=24 X69=44 X70=714 X71=126 X72=447 X73=94 X74=344 X75=787 X76=1151 X77=16 X78=574 X79=48 X80=228 X81=343 X82=697 X83=1088 X84=841 X85=858 X86=146 X87=88 X88=742 X89=1066 X90=468 X91=195 X92=1091 X93=446 X94=444 X95=501 X96=840 X97=832 X98=594 X99=506 X100=460 X101=87 X102=1021 X103=533 X104=564 X105=1053 X106=839 X107=1137 X108=22 X109=1162 X110=855 X111=62 X112=435 X113=105 X114=222 X115=546 X116=938 X117=147 X118=635 X119=502 X120=1035 X121=302 X122=231 X123=827 X124=204 X125=864 X126=39 X127=1040 X128=225 X129=587 X130=247 X131=90 X132=1115 X133=443 X134=1219 X135=224 X136=950 X137=720 X138=365 X139=1180 X140=442 X141=626 X142=1262 X143=29 X144=836 X145=1129 X146=172 X147=618 X148=1087 X149=264 X150=326 X151=1058 X152=202 X153=213 X154=788 X155=794 X156=600 X157=507 X158=1127 X159=746 X160=686 X161=390 X162=89 X163=1236 X164=932 X165=687 X166=121 X167=320 X168=286 X169=1126 X170=313 X171=306 X172=361 X173=18 X174=1007 X175=71 X176=423 X177=241 X178=1028 X179=766 X180=865 X181=816 X182=891 X183=352 X184=1218 X185=763 X186=642 X187=893 X188=811 X189=700 X190=675 X191=681 X192=528 X193=1102 X194=761 X195=543 X196=475 X197=6 X198=584 X199=1232 X200=50 X201=13 X202=54 X203=271 X204=136 X205=1181 X206=261 X207=473 X208=1228 X209=1148 X210=615 X211=17 X212=234 X213=1140 X214=1013 X215=526 X216=85 X217=903 X218=957 X219=257 X220=568 X221=38 X222=151 X223=571 X224=80 X225=1109 X226=480 X227=1203 X228=260 X229=1207 X230=288 X231=689 X232=508 X233=450 X234=641 X235=135 X236=676 X237=1244 X238=1051 X239=1110 X240=386 X241=111 X242=1090 X243=607 X244=636 X245=410 X246=70 X247=1067 X248=769 X249=1152 X250=433 X251=301 X252=1089 X253=156 X254=1114 X255=165 X256=978 X257=103 X258=36 

    solution X0=83 X1=968 X2=851 X3=0 X4=487 X5=21 X6=1011 X7=175 X8=1183 X9=1008 X10=1122 X11=32 X12=268 X13=741 X14=776 X15=482 X16=128 X17=389 X18=293 X19=256 X20=992 X21=203 X22=64 X23=785 X24=908 X25=335 X26=627 X27=53 X28=243 X29=1016 X30=364 X31=524 X32=209 X33=656 X34=205 X35=1092 X36=67 X37=1195 X38=918 X39=207 X40=1136 X41=1285 X42=453 X43=518 X44=330 X45=1064 X46=1234 X47=1173 X48=639 X49=1238 X50=429 X51=523 X52=155 X53=193 X54=284 X55=874 X56=552 X57=933 X58=976 X59=3 X60=683 X61=956 X62=61 X63=97 X64=483 X65=1147 X66=51 X67=898 X68=24 X69=44 X70=714 X71=126 X72=447 X73=94 X74=344 X75=787 X76=1151 X77=16 X78=574 X79=48 X80=228 X81=343 X82=697 X83=1088 X84=841 X85=858 X86=146 X87=88 X88=742 X89=1066 X90=468 X91=195 X92=1091 X93=446 X94=444 X95=501 X96=840 X97=832 X98=594 X99=506 X100=460 X101=87 X102=1021 X103=533 X104=564 X105=1053 X106=839 X107=1137 X108=22 X109=1162 X110=855 X111=62 X112=435 X113=105 X114=222 X115=546 X116=938 X117=147 X118=635 X119=502 X120=1035 X121=302 X122=231 X123=827 X124=204 X125=864 X126=39 X127=1040 X128=225 X129=587 X130=247 X131=90 X132=1115 X133=443 X134=1219 X135=224 X136=950 X137=720 X138=365 X139=1180 X140=442 X141=626 X142=1262 X143=29 X144=836 X145=1129 X146=172 X147=618 X148=1087 X149=264 X150=326 X151=1058 X152=202 X153=213 X154=788 X155=794 X156=600 X157=507 X158=1127 X159=746 X160=686 X161=390 X162=89 X163=1236 X164=932 X165=687 X166=121 X167=320 X168=286 X169=1126 X170=313 X171=306 X172=361 X173=18 X174=1007 X175=71 X176=423 X177=241 X178=1028 X179=766 X180=865 X181=816 X182=891 X183=352 X184=1218 X185=763 X186=642 X187=893 X188=811 X189=700 X190=675 X191=681 X192=528 X193=1102 X194=761 X195=543 X196=475 X197=6 X198=584 X199=1232 X200=50 X201=13 X202=54 X203=271 X204=136 X205=1181 X206=261 X207=473 X208=1228 X209=1148 X210=615 X211=17 X212=234 X213=1140 X214=1013 X215=526 X216=85 X217=903 X218=957 X219=257 X220=568 X221=38 X222=151 X223=571 X224=80 X225=1109 X226=480 X227=1203 X228=260 X229=1207 X230=288 X231=689 X232=508 X233=450 X234=641 X235=135 X236=676 X237=1244 X238=1051 X239=1110 X240=386 X241=111 X242=1090 X243=607 X244=636 X245=410 X246=70 X247=1067 X248=769 X249=1152 X250=433 X251=301 X252=1089 X253=156 X254=1114 X255=165 X256=978 X257=103 X258=36 

   
   search
        run=0  nbConstraintChecks=688  depth=(min:0,max:258,avg:1)  nbEffectivePropagations=268  nbRevisions=2213  nbUselessRevisions=2183
        nbAssignments=280  nbFailedAssignments=21  nbBacktracks=0  nbVisitedNodes=302  nbRestartNogoods=0  nbFoundSolutions=1
        upperBound=9223372036854775807
          =>  wckTime=51.567  cpuTime=51.966  mem=647M446

   
   global
        nbConstraintChecks=688  nbEffectivePropagations=268  nbRevisions=2213  nbUselessRevisions=2183  nbRestartNogoods=0  solvingWckTime=51.568
        expiredTime=no  totalExploration=no  nbFoundSolutions=1  firstSolutionCpuTime=51.958  Stop=REACHED_GOAL
          =>  wckTime=52.647  cpuTime=51.967  mem=647M446

s SATISFIABLE
v X0=83 X1=968 X2=851 X3=0 X4=487 X5=21 X6=1011 X7=175 X8=1183 X9=1008 X10=1122 X11=32 X12=268 X13=741 X14=776 X15=482 X16=128 X17=389 X18=293 X19=256 X20=992 X21=203 X22=64 X23=785 X24=908 X25=335 X26=627 X27=53 X28=243 X29=1016 X30=364 X31=524 X32=209 X33=656 X34=205 X35=1092 X36=67 X37=1195 X38=918 X39=207 X40=1136 X41=1285 X42=453 X43=518 X44=330 X45=1064 X46=1234 X47=1173 X48=639 X49=1238 X50=429 X51=523 X52=155 X53=193 X54=284 X55=874 X56=552 X57=933 X58=976 X59=3 X60=683 X61=956 X62=61 X63=97 X64=483 X65=1147 X66=51 X67=898 X68=24 X69=44 X70=714 X71=126 X72=447 X73=94 X74=344 X75=787 X76=1151 X77=16 X78=574 X79=48 X80=228 X81=343 X82=697 X83=1088 X84=841 X85=858 X86=146 X87=88 X88=742 X89=1066 X90=468 X91=195 X92=1091 X93=446 X94=444 X95=501 X96=840 X97=832 X98=594 X99=506 X100=460 X101=87 X102=1021 X103=533 X104=564 X105=1053 X106=839 X107=1137 X108=22 X109=1162 X110=855 X111=62 X112=435 X113=105 X114=222 X115=546 X116=938 X117=147 X118=635 X119=502 X120=1035 X121=302 X122=231 X123=827 X124=204 X125=864 X126=39 X127=1040 X128=225 X129=587 X130=247 X131=90 X132=1115 X133=443 X134=1219 X135=224 X136=950 X137=720 X138=365 X139=1180 X140=442 X141=626 X142=1262 X143=29 X144=836 X145=1129 X146=172 X147=618 X148=1087 X149=264 X150=326 X151=1058 X152=202 X153=213 X154=788 X155=794 X156=600 X157=507 X158=1127 X159=746 X160=686 X161=390 X162=89 X163=1236 X164=932 X165=687 X166=121 X167=320 X168=286 X169=1126 X170=313 X171=306 X172=361 X173=18 X174=1007 X175=71 X176=423 X177=241 X178=1028 X179=766 X180=865 X181=816 X182=891 X183=352 X184=1218 X185=763 X186=642 X187=893 X188=811 X189=700 X190=675 X191=681 X192=528 X193=1102 X194=761 X195=543 X196=475 X197=6 X198=584 X199=1232 X200=50 X201=13 X202=54 X203=271 X204=136 X205=1181 X206=261 X207=473 X208=1228 X209=1148 X210=615 X211=17 X212=234 X213=1140 X214=1013 X215=526 X216=85 X217=903 X218=957 X219=257 X220=568 X221=38 X222=151 X223=571 X224=80 X225=1109 X226=480 X227=1203 X228=260 X229=1207 X230=288 X231=689 X232=508 X233=450 X234=641 X235=135 X236=676 X237=1244 X238=1051 X239=1110 X240=386 X241=111 X242=1090 X243=607 X244=636 X245=410 X246=70 X247=1067 X248=769 X249=1152 X250=433 X251=301 X252=1089 X253=156 X254=1114 X255=165 X256=978 X257=103 X258=36 
d NODES 280

   totalWckTime=52.559  totalCpuTime=51.967
