
   AbsCon 1.41 (January, 2014) - defaultConfiguration

   
   instance
        framework=CSP  name=Isomorphism-/cluster/gpg/ciaran/sip-benchmarks/benchmarks/si2_bvg_b09m_800/si2_b09m_m800.06/pattern-/cluster/gpg/ciaran/sip-benchmarks/benchmarks/si2_bvg_b09m_800/si2_b09m_m800.06/target
        parameters=/cluster/gpg/ciaran/sip-benchmarks/benchmarks/si2_bvg_b09m_800/si2_b09m_m800.06/pattern,/cluster/gpg/ciaran/sip-benchmarks/benchmarks/si2_bvg_b09m_800/si2_b09m_m800.06/target
      

   loading variables...
        nbVariables=160  nbDomainTypes=1  nbTotalValues=128000  domainSizes=(800:160)
          =>  wckTime=0.207  cpuTime=0.318  mem=11M984

   loading objectives...

   loading constraints...
        nbConstraints=405  nbSpecificConstraints=1  nbExtensionStructures=(1,shared:403)  nbConflictsStructures=(1,shared:403,unbuilt:1)
        degrees=(2:10)(3:19)(4:22)...(14:1)(18:1)(19:1)  arities=(2:404)(160:1)  types=(AllDifferent:1)(ConstraintHardExtensionV-Bits:404)
          =>  wckTime=0.469  cpuTime=0.566  mem=30M365

   INFO : <!-- Start saving the XML representation -->

   INFO : <!-- Stop saving the XML representation of target.xml -->

   Solver SolverBacktrack being built... 
          =>  wckTime=0.849  cpuTime=0.901  mem=59M144

    instantiation X0=0 X1=11 X2=72 X3=131 X4=209 X5=264 X6=350 X7=447 X8=509 X9=511 X10=550 X11=597 X12=600 X13=667 X14=697 X15=702 X16=705 X17=731 X18=60 X19=71 X20=93 X21=94 X22=106 X23=122 X24=261 X25=310 X26=357 X27=439 X28=503 X29=506 X30=564 X31=565 X32=610 X33=644 X34=732 X35=48 X36=299 X37=541 X38=568 X39=587 X40=616 X41=619 X42=620 X43=41 X44=112 X45=165 X46=388 X47=444 X48=524 X49=533 X50=548 X51=576 X52=785 X53=2 X54=66 X55=246 X56=316 X57=514 X58=736 X59=790 X60=36 X61=294 X62=367 X63=487 X64=562 X65=663 X66=664 X67=97 X68=127 X69=163 X70=272 X71=384 X72=605 X73=666 X74=789 X75=6 X76=397 X77=545 X78=608 X79=63 X80=240 X81=601 X82=614 X83=685 X84=45 X85=296 X86=466 X87=510 X88=559 X89=566 X90=748 X91=20 X92=75 X93=142 X94=556 X95=84 X96=174 X97=293 X98=662 X99=16 X100=25 X101=38 X102=56 X103=89 X104=216 X105=364 X106=560 X107=629 X108=783 X109=70 X110=305 X111=589 X112=769 X113=13 X114=73 X115=50 X116=230 X117=250 X118=390 X119=428 X120=505 X121=728 X122=786 X123=86 X124=557 X125=686 X126=693 X127=29 X128=69 X129=123 X130=210 X131=323 X132=446 X133=449 X134=18 X135=74 X136=168 X137=257 X138=378 X139=498 X140=572 X141=635 X142=35 X143=118 X144=284 X145=414 X146=418 X147=421 X148=723 X149=49 X150=179 X151=232 X152=280 X153=368 X154=592 X155=677 X156=158 X157=177 X158=191 X159=196 

    solution X0=0 X1=11 X2=72 X3=131 X4=209 X5=264 X6=350 X7=447 X8=509 X9=511 X10=550 X11=597 X12=600 X13=667 X14=697 X15=702 X16=705 X17=731 X18=60 X19=71 X20=93 X21=94 X22=106 X23=122 X24=261 X25=310 X26=357 X27=439 X28=503 X29=506 X30=564 X31=565 X32=610 X33=644 X34=732 X35=48 X36=299 X37=541 X38=568 X39=587 X40=616 X41=619 X42=620 X43=41 X44=112 X45=165 X46=388 X47=444 X48=524 X49=533 X50=548 X51=576 X52=785 X53=2 X54=66 X55=246 X56=316 X57=514 X58=736 X59=790 X60=36 X61=294 X62=367 X63=487 X64=562 X65=663 X66=664 X67=97 X68=127 X69=163 X70=272 X71=384 X72=605 X73=666 X74=789 X75=6 X76=397 X77=545 X78=608 X79=63 X80=240 X81=601 X82=614 X83=685 X84=45 X85=296 X86=466 X87=510 X88=559 X89=566 X90=748 X91=20 X92=75 X93=142 X94=556 X95=84 X96=174 X97=293 X98=662 X99=16 X100=25 X101=38 X102=56 X103=89 X104=216 X105=364 X106=560 X107=629 X108=783 X109=70 X110=305 X111=589 X112=769 X113=13 X114=73 X115=50 X116=230 X117=250 X118=390 X119=428 X120=505 X121=728 X122=786 X123=86 X124=557 X125=686 X126=693 X127=29 X128=69 X129=123 X130=210 X131=323 X132=446 X133=449 X134=18 X135=74 X136=168 X137=257 X138=378 X139=498 X140=572 X141=635 X142=35 X143=118 X144=284 X145=414 X146=418 X147=421 X148=723 X149=49 X150=179 X151=232 X152=280 X153=368 X154=592 X155=677 X156=158 X157=177 X158=191 X159=196 

   
   search
        run=0  nbConstraintChecks=405  depth=(min:0,max:159,avg:1)  nbEffectivePropagations=42  nbRevisions=1320  nbUselessRevisions=1320
        nbAssignments=171  nbFailedAssignments=11  nbBacktracks=0  nbVisitedNodes=183  nbRestartNogoods=0  nbFoundSolutions=1
        upperBound=9223372036854775807
          =>  wckTime=17.816  cpuTime=18.504  mem=222M413

   
   global
        nbConstraintChecks=405  nbEffectivePropagations=42  nbRevisions=1320  nbUselessRevisions=1320  nbRestartNogoods=0  solvingWckTime=17.817
        expiredTime=no  totalExploration=no  nbFoundSolutions=1  firstSolutionCpuTime=18.499  Stop=REACHED_GOAL
          =>  wckTime=18.667  cpuTime=18.504  mem=222M413

s SATISFIABLE
v X0=0 X1=11 X2=72 X3=131 X4=209 X5=264 X6=350 X7=447 X8=509 X9=511 X10=550 X11=597 X12=600 X13=667 X14=697 X15=702 X16=705 X17=731 X18=60 X19=71 X20=93 X21=94 X22=106 X23=122 X24=261 X25=310 X26=357 X27=439 X28=503 X29=506 X30=564 X31=565 X32=610 X33=644 X34=732 X35=48 X36=299 X37=541 X38=568 X39=587 X40=616 X41=619 X42=620 X43=41 X44=112 X45=165 X46=388 X47=444 X48=524 X49=533 X50=548 X51=576 X52=785 X53=2 X54=66 X55=246 X56=316 X57=514 X58=736 X59=790 X60=36 X61=294 X62=367 X63=487 X64=562 X65=663 X66=664 X67=97 X68=127 X69=163 X70=272 X71=384 X72=605 X73=666 X74=789 X75=6 X76=397 X77=545 X78=608 X79=63 X80=240 X81=601 X82=614 X83=685 X84=45 X85=296 X86=466 X87=510 X88=559 X89=566 X90=748 X91=20 X92=75 X93=142 X94=556 X95=84 X96=174 X97=293 X98=662 X99=16 X100=25 X101=38 X102=56 X103=89 X104=216 X105=364 X106=560 X107=629 X108=783 X109=70 X110=305 X111=589 X112=769 X113=13 X114=73 X115=50 X116=230 X117=250 X118=390 X119=428 X120=505 X121=728 X122=786 X123=86 X124=557 X125=686 X126=693 X127=29 X128=69 X129=123 X130=210 X131=323 X132=446 X133=449 X134=18 X135=74 X136=168 X137=257 X138=378 X139=498 X140=572 X141=635 X142=35 X143=118 X144=284 X145=414 X146=418 X147=421 X148=723 X149=49 X150=179 X151=232 X152=280 X153=368 X154=592 X155=677 X156=158 X157=177 X158=191 X159=196 
d NODES 171

   totalWckTime=18.572  totalCpuTime=18.505
