
   AbsCon 1.41 (January, 2014) - defaultConfiguration

   
   instance
        framework=CSP  name=Isomorphism-/cluster/gpg/ciaran/sip-benchmarks/benchmarks/si2_m4D_m4Dr2_1296/si2_m4Dr2_m1296.01/pattern-/cluster/gpg/ciaran/sip-benchmarks/benchmarks/si2_m4D_m4Dr2_1296/si2_m4Dr2_m1296.01/target
        parameters=/cluster/gpg/ciaran/sip-benchmarks/benchmarks/si2_m4D_m4Dr2_1296/si2_m4Dr2_m1296.01/pattern,/cluster/gpg/ciaran/sip-benchmarks/benchmarks/si2_m4D_m4Dr2_1296/si2_m4Dr2_m1296.01/target
      

   loading variables...
        nbVariables=259  nbDomainTypes=1  nbTotalValues=335664  domainSizes=(1296:259)
          =>  wckTime=0.239  cpuTime=0.347  mem=24M250

   loading objectives...

   loading constraints...
        nbConstraints=478  nbSpecificConstraints=1  nbExtensionStructures=(1,shared:476)  nbConflictsStructures=(1,shared:476,unbuilt:1)
        degrees=(2:40)(3:52)(4:45)...(7:43)(8:18)(9:3)  arities=(2:477)(259:1)  types=(AllDifferent:1)(ConstraintHardExtensionV-Bits:477)
          =>  wckTime=0.548  cpuTime=0.637  mem=55M628

   INFO : <!-- Start saving the XML representation -->

   INFO : <!-- Stop saving the XML representation of target.xml -->

   Solver SolverBacktrack being built... 
          =>  wckTime=1.098  cpuTime=1.149  mem=135M735

    instantiation X0=0 X1=118 X2=578 X3=627 X4=925 X5=1274 X6=2 X7=269 X8=530 X9=1245 X10=37 X11=397 X12=47 X13=228 X14=325 X15=258 X16=791 X17=1052 X18=1071 X19=1284 X20=461 X21=39 X22=145 X23=245 X24=622 X25=693 X26=1144 X27=56 X28=231 X29=71 X30=226 X31=1181 X32=1295 X33=1262 X34=281 X35=872 X36=53 X37=63 X38=163 X39=974 X40=1136 X41=1148 X42=434 X43=98 X44=204 X45=477 X46=577 X47=482 X48=729 X49=1054 X50=134 X51=1040 X52=769 X53=1248 X54=124 X55=796 X56=132 X57=993 X58=1113 X59=849 X60=935 X61=483 X62=1195 X63=244 X64=1023 X65=1058 X66=361 X67=980 X68=645 X69=655 X70=1112 X71=504 X72=139 X73=146 X74=1189 X75=103 X76=186 X77=883 X78=1013 X79=1199 X80=435 X81=950 X82=202 X83=82 X84=725 X85=1209 X86=391 X87=1105 X88=225 X89=552 X90=776 X91=837 X92=1108 X93=1205 X94=960 X95=1202 X96=73 X97=121 X98=452 X99=1062 X100=1069 X101=415 X102=1056 X103=1 X104=230 X105=297 X106=528 X107=566 X108=1271 X109=300 X110=481 X111=1074 X112=172 X113=877 X114=199 X115=706 X116=156 X117=981 X118=1038 X119=1172 X120=116 X121=1287 X122=1060 X123=170 X124=743 X125=586 X126=658 X127=251 X128=661 X129=165 X130=1142 X131=474 X132=962 X133=243 X134=634 X135=718 X136=787 X137=1293 X138=462 X139=1029 X140=1177 X141=347 X142=1097 X143=380 X144=593 X145=1093 X146=40 X147=189 X148=219 X149=266 X150=422 X151=738 X152=1276 X153=5 X154=224 X155=508 X156=97 X157=356 X158=943 X159=545 X160=576 X161=633 X162=253 X163=58 X164=276 X165=1102 X166=1285 X167=154 X168=639 X169=16 X170=255 X171=691 X172=828 X173=1043 X174=83 X175=620 X176=854 X177=955 X178=450 X179=240 X180=364 X181=703 X182=789 X183=87 X184=410 X185=903 X186=498 X187=786 X188=1003 X189=1053 X190=112 X191=372 X192=223 X193=846 X194=1034 X195=689 X196=394 X197=1020 X198=589 X199=32 X200=401 X201=784 X202=96 X203=794 X204=687 X205=383 X206=682 X207=720 X208=792 X209=805 X210=1291 X211=517 X212=644 X213=355 X214=777 X215=870 X216=1044 X217=1145 X218=259 X219=341 X220=424 X221=951 X222=1090 X223=913 X224=1229 X225=1267 X226=404 X227=1137 X228=11 X229=446 X230=86 X231=565 X232=1076 X233=445 X234=1045 X235=1104 X236=316 X237=354 X238=358 X239=985 X240=1133 X241=564 X242=875 X243=916 X244=1055 X245=1243 X246=765 X247=987 X248=133 X249=271 X250=1087 X251=99 X252=713 X253=790 X254=541 X255=1132 X256=1226 X257=1280 X258=15 

    solution X0=0 X1=118 X2=578 X3=627 X4=925 X5=1274 X6=2 X7=269 X8=530 X9=1245 X10=37 X11=397 X12=47 X13=228 X14=325 X15=258 X16=791 X17=1052 X18=1071 X19=1284 X20=461 X21=39 X22=145 X23=245 X24=622 X25=693 X26=1144 X27=56 X28=231 X29=71 X30=226 X31=1181 X32=1295 X33=1262 X34=281 X35=872 X36=53 X37=63 X38=163 X39=974 X40=1136 X41=1148 X42=434 X43=98 X44=204 X45=477 X46=577 X47=482 X48=729 X49=1054 X50=134 X51=1040 X52=769 X53=1248 X54=124 X55=796 X56=132 X57=993 X58=1113 X59=849 X60=935 X61=483 X62=1195 X63=244 X64=1023 X65=1058 X66=361 X67=980 X68=645 X69=655 X70=1112 X71=504 X72=139 X73=146 X74=1189 X75=103 X76=186 X77=883 X78=1013 X79=1199 X80=435 X81=950 X82=202 X83=82 X84=725 X85=1209 X86=391 X87=1105 X88=225 X89=552 X90=776 X91=837 X92=1108 X93=1205 X94=960 X95=1202 X96=73 X97=121 X98=452 X99=1062 X100=1069 X101=415 X102=1056 X103=1 X104=230 X105=297 X106=528 X107=566 X108=1271 X109=300 X110=481 X111=1074 X112=172 X113=877 X114=199 X115=706 X116=156 X117=981 X118=1038 X119=1172 X120=116 X121=1287 X122=1060 X123=170 X124=743 X125=586 X126=658 X127=251 X128=661 X129=165 X130=1142 X131=474 X132=962 X133=243 X134=634 X135=718 X136=787 X137=1293 X138=462 X139=1029 X140=1177 X141=347 X142=1097 X143=380 X144=593 X145=1093 X146=40 X147=189 X148=219 X149=266 X150=422 X151=738 X152=1276 X153=5 X154=224 X155=508 X156=97 X157=356 X158=943 X159=545 X160=576 X161=633 X162=253 X163=58 X164=276 X165=1102 X166=1285 X167=154 X168=639 X169=16 X170=255 X171=691 X172=828 X173=1043 X174=83 X175=620 X176=854 X177=955 X178=450 X179=240 X180=364 X181=703 X182=789 X183=87 X184=410 X185=903 X186=498 X187=786 X188=1003 X189=1053 X190=112 X191=372 X192=223 X193=846 X194=1034 X195=689 X196=394 X197=1020 X198=589 X199=32 X200=401 X201=784 X202=96 X203=794 X204=687 X205=383 X206=682 X207=720 X208=792 X209=805 X210=1291 X211=517 X212=644 X213=355 X214=777 X215=870 X216=1044 X217=1145 X218=259 X219=341 X220=424 X221=951 X222=1090 X223=913 X224=1229 X225=1267 X226=404 X227=1137 X228=11 X229=446 X230=86 X231=565 X232=1076 X233=445 X234=1045 X235=1104 X236=316 X237=354 X238=358 X239=985 X240=1133 X241=564 X242=875 X243=916 X244=1055 X245=1243 X246=765 X247=987 X248=133 X249=271 X250=1087 X251=99 X252=713 X253=790 X254=541 X255=1132 X256=1226 X257=1280 X258=15 

   
   search
        run=0  nbConstraintChecks=478  depth=(min:0,max:258,avg:1)  nbEffectivePropagations=141  nbRevisions=1967  nbUselessRevisions=1966
        nbAssignments=330  nbFailedAssignments=71  nbBacktracks=0  nbVisitedNodes=402  nbRestartNogoods=0  nbFoundSolutions=1
        upperBound=9223372036854775807
          =>  wckTime=67.987  cpuTime=68.516  mem=620M573

   
   global
        nbConstraintChecks=478  nbEffectivePropagations=141  nbRevisions=1967  nbUselessRevisions=1966  nbRestartNogoods=0  solvingWckTime=67.988
        expiredTime=no  totalExploration=no  nbFoundSolutions=1  firstSolutionCpuTime=68.509  Stop=REACHED_GOAL
          =>  wckTime=69.087  cpuTime=68.517  mem=620M573

s SATISFIABLE
v X0=0 X1=118 X2=578 X3=627 X4=925 X5=1274 X6=2 X7=269 X8=530 X9=1245 X10=37 X11=397 X12=47 X13=228 X14=325 X15=258 X16=791 X17=1052 X18=1071 X19=1284 X20=461 X21=39 X22=145 X23=245 X24=622 X25=693 X26=1144 X27=56 X28=231 X29=71 X30=226 X31=1181 X32=1295 X33=1262 X34=281 X35=872 X36=53 X37=63 X38=163 X39=974 X40=1136 X41=1148 X42=434 X43=98 X44=204 X45=477 X46=577 X47=482 X48=729 X49=1054 X50=134 X51=1040 X52=769 X53=1248 X54=124 X55=796 X56=132 X57=993 X58=1113 X59=849 X60=935 X61=483 X62=1195 X63=244 X64=1023 X65=1058 X66=361 X67=980 X68=645 X69=655 X70=1112 X71=504 X72=139 X73=146 X74=1189 X75=103 X76=186 X77=883 X78=1013 X79=1199 X80=435 X81=950 X82=202 X83=82 X84=725 X85=1209 X86=391 X87=1105 X88=225 X89=552 X90=776 X91=837 X92=1108 X93=1205 X94=960 X95=1202 X96=73 X97=121 X98=452 X99=1062 X100=1069 X101=415 X102=1056 X103=1 X104=230 X105=297 X106=528 X107=566 X108=1271 X109=300 X110=481 X111=1074 X112=172 X113=877 X114=199 X115=706 X116=156 X117=981 X118=1038 X119=1172 X120=116 X121=1287 X122=1060 X123=170 X124=743 X125=586 X126=658 X127=251 X128=661 X129=165 X130=1142 X131=474 X132=962 X133=243 X134=634 X135=718 X136=787 X137=1293 X138=462 X139=1029 X140=1177 X141=347 X142=1097 X143=380 X144=593 X145=1093 X146=40 X147=189 X148=219 X149=266 X150=422 X151=738 X152=1276 X153=5 X154=224 X155=508 X156=97 X157=356 X158=943 X159=545 X160=576 X161=633 X162=253 X163=58 X164=276 X165=1102 X166=1285 X167=154 X168=639 X169=16 X170=255 X171=691 X172=828 X173=1043 X174=83 X175=620 X176=854 X177=955 X178=450 X179=240 X180=364 X181=703 X182=789 X183=87 X184=410 X185=903 X186=498 X187=786 X188=1003 X189=1053 X190=112 X191=372 X192=223 X193=846 X194=1034 X195=689 X196=394 X197=1020 X198=589 X199=32 X200=401 X201=784 X202=96 X203=794 X204=687 X205=383 X206=682 X207=720 X208=792 X209=805 X210=1291 X211=517 X212=644 X213=355 X214=777 X215=870 X216=1044 X217=1145 X218=259 X219=341 X220=424 X221=951 X222=1090 X223=913 X224=1229 X225=1267 X226=404 X227=1137 X228=11 X229=446 X230=86 X231=565 X232=1076 X233=445 X234=1045 X235=1104 X236=316 X237=354 X238=358 X239=985 X240=1133 X241=564 X242=875 X243=916 X244=1055 X245=1243 X246=765 X247=987 X248=133 X249=271 X250=1087 X251=99 X252=713 X253=790 X254=541 X255=1132 X256=1226 X257=1280 X258=15 
d NODES 330

   totalWckTime=68.981  totalCpuTime=68.517
