
   AbsCon 1.41 (January, 2014) - defaultConfiguration

   
   instance
        framework=CSP  name=Isomorphism-/cluster/gpg/ciaran/sip-benchmarks/benchmarks/si2_bvg_b03_800/si2_b03_m800.07/pattern-/cluster/gpg/ciaran/sip-benchmarks/benchmarks/si2_bvg_b03_800/si2_b03_m800.07/target
        parameters=/cluster/gpg/ciaran/sip-benchmarks/benchmarks/si2_bvg_b03_800/si2_b03_m800.07/pattern,/cluster/gpg/ciaran/sip-benchmarks/benchmarks/si2_bvg_b03_800/si2_b03_m800.07/target
      

   loading variables...
        nbVariables=160  nbDomainTypes=1  nbTotalValues=128000  domainSizes=(800:160)
          =>  wckTime=0.221  cpuTime=0.359  mem=11M815

   loading objectives...

   loading constraints...
        nbConstraints=238  nbSpecificConstraints=1  nbExtensionStructures=(1,shared:236)  nbConflictsStructures=(1,shared:236,unbuilt:1)
        degrees=(2:2)(3:2)(4:156)  arities=(2:237)(160:1)  types=(AllDifferent:1)(ConstraintHardExtensionV-Bits:237)
          =>  wckTime=0.349  cpuTime=0.481  mem=20M841

   INFO : <!-- Start saving the XML representation -->

   INFO : <!-- Stop saving the XML representation of target.xml -->

   Solver SolverBacktrack being built... 
          =>  wckTime=0.738  cpuTime=0.834  mem=56M43

    instantiation X0=0 X1=177 X2=292 X3=522 X4=335 X5=421 X6=446 X7=655 X8=122 X9=19 X10=688 X11=59 X12=640 X13=119 X14=216 X15=116 X16=17 X17=506 X18=186 X19=89 X20=261 X21=638 X22=224 X23=182 X24=661 X25=568 X26=364 X27=110 X28=756 X29=604 X30=799 X31=268 X32=2 X33=514 X34=178 X35=574 X36=383 X37=755 X38=286 X39=564 X40=548 X41=451 X42=505 X43=744 X44=674 X45=301 X46=463 X47=743 X48=491 X49=536 X50=622 X51=345 X52=365 X53=343 X54=472 X55=348 X56=786 X57=385 X58=208 X59=366 X60=711 X61=107 X62=780 X63=169 X64=93 X65=512 X66=356 X67=144 X68=94 X69=681 X70=24 X71=685 X72=250 X73=776 X74=727 X75=172 X76=668 X77=187 X78=120 X79=240 X80=443 X81=40 X82=538 X83=700 X84=797 X85=308 X86=771 X87=92 X88=518 X89=577 X90=529 X91=295 X92=328 X93=333 X94=377 X95=82 X96=556 X97=719 X98=692 X99=344 X100=781 X101=453 X102=765 X103=578 X104=181 X105=510 X106=253 X107=757 X108=485 X109=327 X110=303 X111=331 X112=531 X113=493 X114=334 X115=670 X116=413 X117=95 X118=142 X119=76 X120=612 X121=657 X122=402 X123=112 X124=361 X125=551 X126=164 X127=524 X128=721 X129=682 X130=614 X131=696 X132=125 X133=191 X134=131 X135=558 X136=238 X137=424 X138=673 X139=140 X140=481 X141=275 X142=198 X143=60 X144=521 X145=659 X146=663 X147=414 X148=706 X149=432 X150=409 X151=679 X152=705 X153=585 X154=288 X155=430 X156=423 X157=633 X158=83 X159=66 

    solution X0=0 X1=177 X2=292 X3=522 X4=335 X5=421 X6=446 X7=655 X8=122 X9=19 X10=688 X11=59 X12=640 X13=119 X14=216 X15=116 X16=17 X17=506 X18=186 X19=89 X20=261 X21=638 X22=224 X23=182 X24=661 X25=568 X26=364 X27=110 X28=756 X29=604 X30=799 X31=268 X32=2 X33=514 X34=178 X35=574 X36=383 X37=755 X38=286 X39=564 X40=548 X41=451 X42=505 X43=744 X44=674 X45=301 X46=463 X47=743 X48=491 X49=536 X50=622 X51=345 X52=365 X53=343 X54=472 X55=348 X56=786 X57=385 X58=208 X59=366 X60=711 X61=107 X62=780 X63=169 X64=93 X65=512 X66=356 X67=144 X68=94 X69=681 X70=24 X71=685 X72=250 X73=776 X74=727 X75=172 X76=668 X77=187 X78=120 X79=240 X80=443 X81=40 X82=538 X83=700 X84=797 X85=308 X86=771 X87=92 X88=518 X89=577 X90=529 X91=295 X92=328 X93=333 X94=377 X95=82 X96=556 X97=719 X98=692 X99=344 X100=781 X101=453 X102=765 X103=578 X104=181 X105=510 X106=253 X107=757 X108=485 X109=327 X110=303 X111=331 X112=531 X113=493 X114=334 X115=670 X116=413 X117=95 X118=142 X119=76 X120=612 X121=657 X122=402 X123=112 X124=361 X125=551 X126=164 X127=524 X128=721 X129=682 X130=614 X131=696 X132=125 X133=191 X134=131 X135=558 X136=238 X137=424 X138=673 X139=140 X140=481 X141=275 X142=198 X143=60 X144=521 X145=659 X146=663 X147=414 X148=706 X149=432 X150=409 X151=679 X152=705 X153=585 X154=288 X155=430 X156=423 X157=633 X158=83 X159=66 

   
   search
        run=0  nbConstraintChecks=238  depth=(min:161,max:159,avg:0)  nbEffectivePropagations=233  nbRevisions=1163  nbUselessRevisions=1163
        nbAssignments=160  nbFailedAssignments=0  nbBacktracks=0  nbVisitedNodes=161  nbRestartNogoods=0  nbFoundSolutions=1
        upperBound=9223372036854775807
          =>  wckTime=8.913  cpuTime=9.55  mem=440M774

   
   global
        nbConstraintChecks=238  nbEffectivePropagations=233  nbRevisions=1163  nbUselessRevisions=1163  nbRestartNogoods=0  solvingWckTime=8.914
        expiredTime=no  totalExploration=no  nbFoundSolutions=1  firstSolutionCpuTime=9.54  Stop=REACHED_GOAL
          =>  wckTime=9.652  cpuTime=9.551  mem=440M774

s SATISFIABLE
v X0=0 X1=177 X2=292 X3=522 X4=335 X5=421 X6=446 X7=655 X8=122 X9=19 X10=688 X11=59 X12=640 X13=119 X14=216 X15=116 X16=17 X17=506 X18=186 X19=89 X20=261 X21=638 X22=224 X23=182 X24=661 X25=568 X26=364 X27=110 X28=756 X29=604 X30=799 X31=268 X32=2 X33=514 X34=178 X35=574 X36=383 X37=755 X38=286 X39=564 X40=548 X41=451 X42=505 X43=744 X44=674 X45=301 X46=463 X47=743 X48=491 X49=536 X50=622 X51=345 X52=365 X53=343 X54=472 X55=348 X56=786 X57=385 X58=208 X59=366 X60=711 X61=107 X62=780 X63=169 X64=93 X65=512 X66=356 X67=144 X68=94 X69=681 X70=24 X71=685 X72=250 X73=776 X74=727 X75=172 X76=668 X77=187 X78=120 X79=240 X80=443 X81=40 X82=538 X83=700 X84=797 X85=308 X86=771 X87=92 X88=518 X89=577 X90=529 X91=295 X92=328 X93=333 X94=377 X95=82 X96=556 X97=719 X98=692 X99=344 X100=781 X101=453 X102=765 X103=578 X104=181 X105=510 X106=253 X107=757 X108=485 X109=327 X110=303 X111=331 X112=531 X113=493 X114=334 X115=670 X116=413 X117=95 X118=142 X119=76 X120=612 X121=657 X122=402 X123=112 X124=361 X125=551 X126=164 X127=524 X128=721 X129=682 X130=614 X131=696 X132=125 X133=191 X134=131 X135=558 X136=238 X137=424 X138=673 X139=140 X140=481 X141=275 X142=198 X143=60 X144=521 X145=659 X146=663 X147=414 X148=706 X149=432 X150=409 X151=679 X152=705 X153=585 X154=288 X155=430 X156=423 X157=633 X158=83 X159=66 
d NODES 160

   totalWckTime=9.553  totalCpuTime=9.551
