
   AbsCon 1.41 (January, 2014) - defaultConfiguration

   
   instance
        framework=CSP  name=Isomorphism-/cluster/gpg/ciaran/sip-benchmarks/benchmarks/si2_m4D_m4Dr2_625/si2_m4Dr2_m625.00/pattern-/cluster/gpg/ciaran/sip-benchmarks/benchmarks/si2_m4D_m4Dr2_625/si2_m4Dr2_m625.00/target
        parameters=/cluster/gpg/ciaran/sip-benchmarks/benchmarks/si2_m4D_m4Dr2_625/si2_m4Dr2_m625.00/pattern,/cluster/gpg/ciaran/sip-benchmarks/benchmarks/si2_m4D_m4Dr2_625/si2_m4Dr2_m625.00/target
      

   loading variables...
        nbVariables=125  nbDomainTypes=1  nbTotalValues=78125  domainSizes=(625:125)
          =>  wckTime=0.184  cpuTime=0.305  mem=9M287

   loading objectives...

   loading constraints...
        nbConstraints=201  nbSpecificConstraints=1  nbExtensionStructures=(1,shared:199)  nbConflictsStructures=(1,shared:199,unbuilt:1)
        degrees=(2:35)(3:30)(4:15)...(8:7)(9:1)(10:2)  arities=(2:200)(125:1)  types=(AllDifferent:1)(ConstraintHardExtensionV-Bits:200)
          =>  wckTime=0.311  cpuTime=0.429  mem=14M973

   INFO : <!-- Start saving the XML representation -->

   INFO : <!-- Stop saving the XML representation of target.xml -->

   Solver SolverBacktrack being built... 
          =>  wckTime=0.656  cpuTime=0.737  mem=29M10

    instantiation X0=0 X1=107 X2=192 X3=305 X4=360 X5=548 X6=567 X7=316 X8=429 X9=616 X10=221 X11=226 X12=236 X13=564 X14=389 X15=427 X16=611 X17=146 X18=415 X19=263 X20=342 X21=413 X22=554 X23=574 X24=595 X25=219 X26=36 X27=321 X28=333 X29=380 X30=597 X31=25 X32=78 X33=81 X34=320 X35=398 X36=111 X37=128 X38=331 X39=308 X40=478 X41=41 X42=108 X43=306 X44=445 X45=405 X46=176 X47=23 X48=173 X49=182 X50=196 X51=230 X52=583 X53=588 X54=73 X55=159 X56=481 X57=555 X58=560 X59=52 X60=126 X61=149 X62=298 X63=304 X64=337 X65=381 X66=383 X67=607 X68=437 X69=449 X70=82 X71=229 X72=29 X73=110 X74=186 X75=195 X76=247 X77=249 X78=347 X79=368 X80=193 X81=240 X82=271 X83=430 X84=571 X85=154 X86=254 X87=267 X88=619 X89=216 X90=6 X91=39 X92=272 X93=288 X94=391 X95=200 X96=181 X97=373 X98=422 X99=137 X100=376 X101=278 X102=301 X103=433 X104=624 X105=71 X106=281 X107=584 X108=604 X109=569 X110=295 X111=531 X112=136 X113=211 X114=350 X115=374 X116=384 X117=406 X118=421 X119=440 X120=165 X121=330 X122=220 X123=403 X124=84 

    solution X0=0 X1=107 X2=192 X3=305 X4=360 X5=548 X6=567 X7=316 X8=429 X9=616 X10=221 X11=226 X12=236 X13=564 X14=389 X15=427 X16=611 X17=146 X18=415 X19=263 X20=342 X21=413 X22=554 X23=574 X24=595 X25=219 X26=36 X27=321 X28=333 X29=380 X30=597 X31=25 X32=78 X33=81 X34=320 X35=398 X36=111 X37=128 X38=331 X39=308 X40=478 X41=41 X42=108 X43=306 X44=445 X45=405 X46=176 X47=23 X48=173 X49=182 X50=196 X51=230 X52=583 X53=588 X54=73 X55=159 X56=481 X57=555 X58=560 X59=52 X60=126 X61=149 X62=298 X63=304 X64=337 X65=381 X66=383 X67=607 X68=437 X69=449 X70=82 X71=229 X72=29 X73=110 X74=186 X75=195 X76=247 X77=249 X78=347 X79=368 X80=193 X81=240 X82=271 X83=430 X84=571 X85=154 X86=254 X87=267 X88=619 X89=216 X90=6 X91=39 X92=272 X93=288 X94=391 X95=200 X96=181 X97=373 X98=422 X99=137 X100=376 X101=278 X102=301 X103=433 X104=624 X105=71 X106=281 X107=584 X108=604 X109=569 X110=295 X111=531 X112=136 X113=211 X114=350 X115=374 X116=384 X117=406 X118=421 X119=440 X120=165 X121=330 X122=220 X123=403 X124=84 

   
   search
        run=0  nbConstraintChecks=201  depth=(min:0,max:124,avg:1)  nbEffectivePropagations=135  nbRevisions=888  nbUselessRevisions=888
        nbAssignments=161  nbFailedAssignments=36  nbBacktracks=0  nbVisitedNodes=198  nbRestartNogoods=0  nbFoundSolutions=1
        upperBound=9223372036854775807
          =>  wckTime=7.69  cpuTime=8.259  mem=210M8

   
   global
        nbConstraintChecks=201  nbEffectivePropagations=135  nbRevisions=888  nbUselessRevisions=888  nbRestartNogoods=0  solvingWckTime=7.69
        expiredTime=no  totalExploration=no  nbFoundSolutions=1  firstSolutionCpuTime=8.255  Stop=REACHED_GOAL
          =>  wckTime=8.347  cpuTime=8.259  mem=210M8

s SATISFIABLE
v X0=0 X1=107 X2=192 X3=305 X4=360 X5=548 X6=567 X7=316 X8=429 X9=616 X10=221 X11=226 X12=236 X13=564 X14=389 X15=427 X16=611 X17=146 X18=415 X19=263 X20=342 X21=413 X22=554 X23=574 X24=595 X25=219 X26=36 X27=321 X28=333 X29=380 X30=597 X31=25 X32=78 X33=81 X34=320 X35=398 X36=111 X37=128 X38=331 X39=308 X40=478 X41=41 X42=108 X43=306 X44=445 X45=405 X46=176 X47=23 X48=173 X49=182 X50=196 X51=230 X52=583 X53=588 X54=73 X55=159 X56=481 X57=555 X58=560 X59=52 X60=126 X61=149 X62=298 X63=304 X64=337 X65=381 X66=383 X67=607 X68=437 X69=449 X70=82 X71=229 X72=29 X73=110 X74=186 X75=195 X76=247 X77=249 X78=347 X79=368 X80=193 X81=240 X82=271 X83=430 X84=571 X85=154 X86=254 X87=267 X88=619 X89=216 X90=6 X91=39 X92=272 X93=288 X94=391 X95=200 X96=181 X97=373 X98=422 X99=137 X100=376 X101=278 X102=301 X103=433 X104=624 X105=71 X106=281 X107=584 X108=604 X109=569 X110=295 X111=531 X112=136 X113=211 X114=350 X115=374 X116=384 X117=406 X118=421 X119=440 X120=165 X121=330 X122=220 X123=403 X124=84 
d NODES 161

   totalWckTime=8.259  totalCpuTime=8.26
