
   AbsCon 1.41 (January, 2014) - defaultConfiguration

   
   instance
        framework=CSP  name=Isomorphism-/cluster/gpg/ciaran/sip-benchmarks/benchmarks/si2_m4D_m4Dr6_625/si2_m4Dr6_m625.09/pattern-/cluster/gpg/ciaran/sip-benchmarks/benchmarks/si2_m4D_m4Dr6_625/si2_m4Dr6_m625.09/target
        parameters=/cluster/gpg/ciaran/sip-benchmarks/benchmarks/si2_m4D_m4Dr6_625/si2_m4Dr6_m625.09/pattern,/cluster/gpg/ciaran/sip-benchmarks/benchmarks/si2_m4D_m4Dr6_625/si2_m4Dr6_m625.09/target
      

   loading variables...
        nbVariables=125  nbDomainTypes=1  nbTotalValues=78125  domainSizes=(625:125)
          =>  wckTime=0.194  cpuTime=0.305  mem=8M870

   loading objectives...

   loading constraints...
        nbConstraints=210  nbSpecificConstraints=1  nbExtensionStructures=(1,shared:208)  nbConflictsStructures=(1,shared:208,unbuilt:1)
        degrees=(2:25)(3:39)(4:18)...(9:4)(10:2)(12:1)  arities=(2:209)(125:1)  types=(AllDifferent:1)(ConstraintHardExtensionV-Bits:209)
          =>  wckTime=0.335  cpuTime=0.438  mem=15M649

   INFO : <!-- Start saving the XML representation -->

   INFO : <!-- Stop saving the XML representation of target.xml -->

   Solver SolverBacktrack being built... 
          =>  wckTime=0.635  cpuTime=0.702  mem=31M336

    instantiation X0=0 X1=15 X2=84 X3=114 X4=120 X5=224 X6=296 X7=438 X8=604 X9=614 X10=30 X11=281 X12=427 X13=618 X14=136 X15=286 X16=455 X17=493 X18=509 X19=400 X20=404 X21=522 X22=534 X23=594 X24=266 X25=340 X26=444 X27=563 X28=116 X29=173 X30=177 X31=179 X32=352 X33=462 X34=619 X35=43 X36=209 X37=165 X38=273 X39=322 X40=421 X41=445 X42=510 X43=511 X44=520 X45=550 X46=602 X47=348 X48=410 X49=417 X50=431 X51=488 X52=100 X53=96 X54=125 X55=143 X56=200 X57=611 X58=124 X59=555 X60=171 X61=288 X62=336 X63=538 X64=580 X65=308 X66=216 X67=258 X68=362 X69=119 X70=203 X71=264 X72=295 X73=491 X74=149 X75=277 X76=424 X77=126 X78=598 X79=622 X80=263 X81=318 X82=29 X83=70 X84=379 X85=570 X86=617 X87=138 X88=261 X89=429 X90=543 X91=497 X92=554 X93=127 X94=181 X95=302 X96=489 X97=565 X98=207 X99=28 X100=498 X101=92 X102=152 X103=219 X104=274 X105=361 X106=553 X107=566 X108=56 X109=342 X110=402 X111=309 X112=537 X113=48 X114=158 X115=384 X116=466 X117=545 X118=33 X119=59 X120=166 X121=532 X122=168 X123=589 X124=390 

    solution X0=0 X1=15 X2=84 X3=114 X4=120 X5=224 X6=296 X7=438 X8=604 X9=614 X10=30 X11=281 X12=427 X13=618 X14=136 X15=286 X16=455 X17=493 X18=509 X19=400 X20=404 X21=522 X22=534 X23=594 X24=266 X25=340 X26=444 X27=563 X28=116 X29=173 X30=177 X31=179 X32=352 X33=462 X34=619 X35=43 X36=209 X37=165 X38=273 X39=322 X40=421 X41=445 X42=510 X43=511 X44=520 X45=550 X46=602 X47=348 X48=410 X49=417 X50=431 X51=488 X52=100 X53=96 X54=125 X55=143 X56=200 X57=611 X58=124 X59=555 X60=171 X61=288 X62=336 X63=538 X64=580 X65=308 X66=216 X67=258 X68=362 X69=119 X70=203 X71=264 X72=295 X73=491 X74=149 X75=277 X76=424 X77=126 X78=598 X79=622 X80=263 X81=318 X82=29 X83=70 X84=379 X85=570 X86=617 X87=138 X88=261 X89=429 X90=543 X91=497 X92=554 X93=127 X94=181 X95=302 X96=489 X97=565 X98=207 X99=28 X100=498 X101=92 X102=152 X103=219 X104=274 X105=361 X106=553 X107=566 X108=56 X109=342 X110=402 X111=309 X112=537 X113=48 X114=158 X115=384 X116=466 X117=545 X118=33 X119=59 X120=166 X121=532 X122=168 X123=589 X124=390 

   
   search
        run=0  nbConstraintChecks=210  depth=(min:0,max:124,avg:1)  nbEffectivePropagations=746  nbRevisions=7097  nbUselessRevisions=6445
        nbAssignments=563  nbFailedAssignments=438  nbBacktracks=0  nbVisitedNodes=1002  nbRestartNogoods=0  nbFoundSolutions=1
        upperBound=9223372036854775807
          =>  wckTime=13.254  cpuTime=13.785  mem=230M813

   
   global
        nbConstraintChecks=210  nbEffectivePropagations=746  nbRevisions=7097  nbUselessRevisions=6445  nbRestartNogoods=0  solvingWckTime=13.254
        expiredTime=no  totalExploration=no  nbFoundSolutions=1  firstSolutionCpuTime=13.781  Stop=REACHED_GOAL
          =>  wckTime=13.891  cpuTime=13.785  mem=230M813

s SATISFIABLE
v X0=0 X1=15 X2=84 X3=114 X4=120 X5=224 X6=296 X7=438 X8=604 X9=614 X10=30 X11=281 X12=427 X13=618 X14=136 X15=286 X16=455 X17=493 X18=509 X19=400 X20=404 X21=522 X22=534 X23=594 X24=266 X25=340 X26=444 X27=563 X28=116 X29=173 X30=177 X31=179 X32=352 X33=462 X34=619 X35=43 X36=209 X37=165 X38=273 X39=322 X40=421 X41=445 X42=510 X43=511 X44=520 X45=550 X46=602 X47=348 X48=410 X49=417 X50=431 X51=488 X52=100 X53=96 X54=125 X55=143 X56=200 X57=611 X58=124 X59=555 X60=171 X61=288 X62=336 X63=538 X64=580 X65=308 X66=216 X67=258 X68=362 X69=119 X70=203 X71=264 X72=295 X73=491 X74=149 X75=277 X76=424 X77=126 X78=598 X79=622 X80=263 X81=318 X82=29 X83=70 X84=379 X85=570 X86=617 X87=138 X88=261 X89=429 X90=543 X91=497 X92=554 X93=127 X94=181 X95=302 X96=489 X97=565 X98=207 X99=28 X100=498 X101=92 X102=152 X103=219 X104=274 X105=361 X106=553 X107=566 X108=56 X109=342 X110=402 X111=309 X112=537 X113=48 X114=158 X115=384 X116=466 X117=545 X118=33 X119=59 X120=166 X121=532 X122=168 X123=589 X124=390 
d NODES 563

   totalWckTime=13.799  totalCpuTime=13.786
