
   AbsCon 1.41 (January, 2014) - defaultConfiguration

   
   instance
        framework=CSP  name=Isomorphism-/cluster/gpg/ciaran/sip-benchmarks/benchmarks/si2_bvg_b03_800/si2_b03_m800.09/pattern-/cluster/gpg/ciaran/sip-benchmarks/benchmarks/si2_bvg_b03_800/si2_b03_m800.09/target
        parameters=/cluster/gpg/ciaran/sip-benchmarks/benchmarks/si2_bvg_b03_800/si2_b03_m800.09/pattern,/cluster/gpg/ciaran/sip-benchmarks/benchmarks/si2_bvg_b03_800/si2_b03_m800.09/target
      

   loading variables...
        nbVariables=160  nbDomainTypes=1  nbTotalValues=128000  domainSizes=(800:160)
          =>  wckTime=0.194  cpuTime=0.314  mem=12M123

   loading objectives...

   loading constraints...
        nbConstraints=238  nbSpecificConstraints=1  nbExtensionStructures=(1,shared:236)  nbConflictsStructures=(1,shared:236,unbuilt:1)
        degrees=(2:2)(3:2)(4:156)  arities=(2:237)(160:1)  types=(AllDifferent:1)(ConstraintHardExtensionV-Bits:237)
          =>  wckTime=0.324  cpuTime=0.438  mem=21M57

   INFO : <!-- Start saving the XML representation -->

   INFO : <!-- Stop saving the XML representation of target.xml -->

   Solver SolverBacktrack being built... 
          =>  wckTime=0.721  cpuTime=0.782  mem=56M191

    instantiation X0=0 X1=325 X2=130 X3=434 X4=623 X5=392 X6=431 X7=107 X8=483 X9=393 X10=5 X11=72 X12=552 X13=328 X14=196 X15=648 X16=75 X17=229 X18=595 X19=192 X20=151 X21=472 X22=633 X23=290 X24=32 X25=21 X26=660 X27=573 X28=339 X29=176 X30=418 X31=359 X32=761 X33=503 X34=11 X35=596 X36=466 X37=713 X38=272 X39=726 X40=352 X41=34 X42=36 X43=358 X44=78 X45=444 X46=27 X47=142 X48=68 X49=484 X50=394 X51=574 X52=266 X53=42 X54=80 X55=89 X56=9 X57=279 X58=356 X59=580 X60=367 X61=513 X62=555 X63=350 X64=731 X65=622 X66=240 X67=440 X68=686 X69=657 X70=188 X71=492 X72=452 X73=401 X74=546 X75=585 X76=103 X77=178 X78=447 X79=268 X80=723 X81=786 X82=239 X83=69 X84=300 X85=93 X86=114 X87=423 X88=549 X89=288 X90=123 X91=678 X92=582 X93=351 X94=479 X95=382 X96=736 X97=569 X98=334 X99=576 X100=194 X101=717 X102=143 X103=715 X104=469 X105=314 X106=683 X107=419 X108=792 X109=672 X110=258 X111=414 X112=226 X113=277 X114=12 X115=533 X116=146 X117=727 X118=621 X119=144 X120=491 X121=113 X122=158 X123=600 X124=311 X125=463 X126=732 X127=565 X128=445 X129=493 X130=345 X131=459 X132=649 X133=342 X134=679 X135=626 X136=274 X137=468 X138=588 X139=57 X140=99 X141=223 X142=1 X143=413 X144=53 X145=14 X146=757 X147=228 X148=282 X149=159 X150=667 X151=208 X152=7 X153=586 X154=505 X155=609 X156=718 X157=604 X158=281 X159=496 

    solution X0=0 X1=325 X2=130 X3=434 X4=623 X5=392 X6=431 X7=107 X8=483 X9=393 X10=5 X11=72 X12=552 X13=328 X14=196 X15=648 X16=75 X17=229 X18=595 X19=192 X20=151 X21=472 X22=633 X23=290 X24=32 X25=21 X26=660 X27=573 X28=339 X29=176 X30=418 X31=359 X32=761 X33=503 X34=11 X35=596 X36=466 X37=713 X38=272 X39=726 X40=352 X41=34 X42=36 X43=358 X44=78 X45=444 X46=27 X47=142 X48=68 X49=484 X50=394 X51=574 X52=266 X53=42 X54=80 X55=89 X56=9 X57=279 X58=356 X59=580 X60=367 X61=513 X62=555 X63=350 X64=731 X65=622 X66=240 X67=440 X68=686 X69=657 X70=188 X71=492 X72=452 X73=401 X74=546 X75=585 X76=103 X77=178 X78=447 X79=268 X80=723 X81=786 X82=239 X83=69 X84=300 X85=93 X86=114 X87=423 X88=549 X89=288 X90=123 X91=678 X92=582 X93=351 X94=479 X95=382 X96=736 X97=569 X98=334 X99=576 X100=194 X101=717 X102=143 X103=715 X104=469 X105=314 X106=683 X107=419 X108=792 X109=672 X110=258 X111=414 X112=226 X113=277 X114=12 X115=533 X116=146 X117=727 X118=621 X119=144 X120=491 X121=113 X122=158 X123=600 X124=311 X125=463 X126=732 X127=565 X128=445 X129=493 X130=345 X131=459 X132=649 X133=342 X134=679 X135=626 X136=274 X137=468 X138=588 X139=57 X140=99 X141=223 X142=1 X143=413 X144=53 X145=14 X146=757 X147=228 X148=282 X149=159 X150=667 X151=208 X152=7 X153=586 X154=505 X155=609 X156=718 X157=604 X158=281 X159=496 

   
   search
        run=0  nbConstraintChecks=238  depth=(min:161,max:159,avg:0)  nbEffectivePropagations=233  nbRevisions=1163  nbUselessRevisions=1163
        nbAssignments=160  nbFailedAssignments=0  nbBacktracks=0  nbVisitedNodes=161  nbRestartNogoods=0  nbFoundSolutions=1
        upperBound=9223372036854775807
          =>  wckTime=9.284  cpuTime=9.811  mem=393M460

   
   global
        nbConstraintChecks=238  nbEffectivePropagations=233  nbRevisions=1163  nbUselessRevisions=1163  nbRestartNogoods=0  solvingWckTime=9.284
        expiredTime=no  totalExploration=no  nbFoundSolutions=1  firstSolutionCpuTime=9.801  Stop=REACHED_GOAL
          =>  wckTime=10.005  cpuTime=9.812  mem=393M460

s SATISFIABLE
v X0=0 X1=325 X2=130 X3=434 X4=623 X5=392 X6=431 X7=107 X8=483 X9=393 X10=5 X11=72 X12=552 X13=328 X14=196 X15=648 X16=75 X17=229 X18=595 X19=192 X20=151 X21=472 X22=633 X23=290 X24=32 X25=21 X26=660 X27=573 X28=339 X29=176 X30=418 X31=359 X32=761 X33=503 X34=11 X35=596 X36=466 X37=713 X38=272 X39=726 X40=352 X41=34 X42=36 X43=358 X44=78 X45=444 X46=27 X47=142 X48=68 X49=484 X50=394 X51=574 X52=266 X53=42 X54=80 X55=89 X56=9 X57=279 X58=356 X59=580 X60=367 X61=513 X62=555 X63=350 X64=731 X65=622 X66=240 X67=440 X68=686 X69=657 X70=188 X71=492 X72=452 X73=401 X74=546 X75=585 X76=103 X77=178 X78=447 X79=268 X80=723 X81=786 X82=239 X83=69 X84=300 X85=93 X86=114 X87=423 X88=549 X89=288 X90=123 X91=678 X92=582 X93=351 X94=479 X95=382 X96=736 X97=569 X98=334 X99=576 X100=194 X101=717 X102=143 X103=715 X104=469 X105=314 X106=683 X107=419 X108=792 X109=672 X110=258 X111=414 X112=226 X113=277 X114=12 X115=533 X116=146 X117=727 X118=621 X119=144 X120=491 X121=113 X122=158 X123=600 X124=311 X125=463 X126=732 X127=565 X128=445 X129=493 X130=345 X131=459 X132=649 X133=342 X134=679 X135=626 X136=274 X137=468 X138=588 X139=57 X140=99 X141=223 X142=1 X143=413 X144=53 X145=14 X146=757 X147=228 X148=282 X149=159 X150=667 X151=208 X152=7 X153=586 X154=505 X155=609 X156=718 X157=604 X158=281 X159=496 
d NODES 160

   totalWckTime=9.91  totalCpuTime=9.812
