
   AbsCon 1.41 (January, 2014) - defaultConfiguration

   
   instance
        framework=CSP  name=Isomorphism-/cluster/gpg/ciaran/sip-benchmarks/benchmarks/si2_bvg_b06_200/si2_b06_m200.00/pattern-/cluster/gpg/ciaran/sip-benchmarks/benchmarks/si2_bvg_b06_200/si2_b06_m200.00/target
        parameters=/cluster/gpg/ciaran/sip-benchmarks/benchmarks/si2_bvg_b06_200/si2_b06_m200.00/pattern,/cluster/gpg/ciaran/sip-benchmarks/benchmarks/si2_bvg_b06_200/si2_b06_m200.00/target
      

   loading variables...
        nbVariables=40  nbDomainTypes=1  nbTotalValues=8000  domainSizes=(200:40)
          =>  wckTime=0.184  cpuTime=0.292  mem=9M301

   loading objectives...

   loading constraints...
        nbConstraints=115  nbSpecificConstraints=1  nbExtensionStructures=(1,shared:113)  nbConflictsStructures=(1,shared:113,unbuilt:1)
        degrees=(4:2)(5:2)(6:2)(7:34)  arities=(2:114)(40:1)  types=(AllDifferent:1)(ConstraintHardExtensionV-Bits:114)
          =>  wckTime=0.249  cpuTime=0.35  mem=5M914

   INFO : <!-- Start saving the XML representation -->

   INFO : <!-- Stop saving the XML representation of target.xml -->

   Solver SolverBacktrack being built... 
          =>  wckTime=0.413  cpuTime=0.496  mem=21M189

    instantiation X0=0 X1=131 X2=114 X3=161 X4=187 X5=136 X6=140 X7=30 X8=123 X9=75 X10=70 X11=95 X12=77 X13=71 X14=178 X15=63 X16=128 X17=133 X18=18 X19=54 X20=169 X21=66 X22=151 X23=67 X24=87 X25=166 X26=106 X27=144 X28=28 X29=112 X30=121 X31=24 X32=155 X33=60 X34=180 X35=41 X36=105 X37=53 X38=31 X39=25 

    solution X0=0 X1=131 X2=114 X3=161 X4=187 X5=136 X6=140 X7=30 X8=123 X9=75 X10=70 X11=95 X12=77 X13=71 X14=178 X15=63 X16=128 X17=133 X18=18 X19=54 X20=169 X21=66 X22=151 X23=67 X24=87 X25=166 X26=106 X27=144 X28=28 X29=112 X30=121 X31=24 X32=155 X33=60 X34=180 X35=41 X36=105 X37=53 X38=31 X39=25 

   
   search
        run=0  nbConstraintChecks=115  depth=(min:41,max:39,avg:0)  nbEffectivePropagations=2  nbRevisions=534  nbUselessRevisions=534
        nbAssignments=40  nbFailedAssignments=0  nbBacktracks=0  nbVisitedNodes=41  nbRestartNogoods=0  nbFoundSolutions=1  upperBound=9223372036854775807
          =>  wckTime=0.242  cpuTime=0.717  mem=33M852

   
   global
        nbConstraintChecks=115  nbEffectivePropagations=2  nbRevisions=534  nbUselessRevisions=534  nbRestartNogoods=0  solvingWckTime=0.242
        expiredTime=no  totalExploration=no  nbFoundSolutions=1  firstSolutionCpuTime=0.713  Stop=REACHED_GOAL
          =>  wckTime=0.655  cpuTime=0.717  mem=33M852

s SATISFIABLE
v X0=0 X1=131 X2=114 X3=161 X4=187 X5=136 X6=140 X7=30 X8=123 X9=75 X10=70 X11=95 X12=77 X13=71 X14=178 X15=63 X16=128 X17=133 X18=18 X19=54 X20=169 X21=66 X22=151 X23=67 X24=87 X25=166 X26=106 X27=144 X28=28 X29=112 X30=121 X31=24 X32=155 X33=60 X34=180 X35=41 X36=105 X37=53 X38=31 X39=25 
d NODES 40

   totalWckTime=0.552  totalCpuTime=0.717
