
   AbsCon 1.41 (January, 2014) - defaultConfiguration

   
   instance
        framework=CSP  name=Isomorphism-/cluster/gpg/ciaran/sip-benchmarks/benchmarks/si2_bvg_b03_800/si2_b03_m800.04/pattern-/cluster/gpg/ciaran/sip-benchmarks/benchmarks/si2_bvg_b03_800/si2_b03_m800.04/target
        parameters=/cluster/gpg/ciaran/sip-benchmarks/benchmarks/si2_bvg_b03_800/si2_b03_m800.04/pattern,/cluster/gpg/ciaran/sip-benchmarks/benchmarks/si2_bvg_b03_800/si2_b03_m800.04/target
      

   loading variables...
        nbVariables=160  nbDomainTypes=1  nbTotalValues=128000  domainSizes=(800:160)
          =>  wckTime=0.206  cpuTime=0.317  mem=11M663

   loading objectives...

   loading constraints...
        nbConstraints=238  nbSpecificConstraints=1  nbExtensionStructures=(1,shared:236)  nbConflictsStructures=(1,shared:236,unbuilt:1)
        degrees=(2:2)(3:2)(4:156)  arities=(2:237)(160:1)  types=(AllDifferent:1)(ConstraintHardExtensionV-Bits:237)
          =>  wckTime=0.333  cpuTime=0.436  mem=20M854

   INFO : <!-- Start saving the XML representation -->

   INFO : <!-- Stop saving the XML representation of target.xml -->

   Solver SolverBacktrack being built... 
          =>  wckTime=0.735  cpuTime=0.793  mem=55M793

    instantiation X0=0 X1=50 X2=768 X3=183 X4=489 X5=384 X6=265 X7=785 X8=21 X9=69 X10=472 X11=193 X12=642 X13=158 X14=773 X15=764 X16=500 X17=447 X18=226 X19=164 X20=264 X21=248 X22=578 X23=586 X24=377 X25=119 X26=592 X27=285 X28=772 X29=216 X30=278 X31=205 X32=5 X33=475 X34=293 X35=121 X36=479 X37=783 X38=583 X39=534 X40=63 X41=127 X42=439 X43=501 X44=174 X45=547 X46=599 X47=539 X48=363 X49=213 X50=518 X51=149 X52=354 X53=606 X54=80 X55=346 X56=689 X57=68 X58=732 X59=45 X60=34 X61=12 X62=621 X63=91 X64=483 X65=222 X66=600 X67=243 X68=721 X69=244 X70=388 X71=260 X72=594 X73=31 X74=273 X75=194 X76=85 X77=163 X78=195 X79=576 X80=414 X81=247 X82=53 X83=13 X84=107 X85=781 X86=736 X87=493 X88=391 X89=705 X90=375 X91=161 X92=7 X93=406 X94=95 X95=395 X96=775 X97=298 X98=62 X99=445 X100=787 X101=23 X102=281 X103=668 X104=457 X105=645 X106=667 X107=551 X108=368 X109=314 X110=88 X111=521 X112=83 X113=460 X114=17 X115=435 X116=636 X117=663 X118=458 X119=132 X120=67 X121=692 X122=626 X123=487 X124=134 X125=739 X126=236 X127=603 X128=794 X129=246 X130=507 X131=369 X132=188 X133=40 X134=345 X135=470 X136=299 X137=792 X138=506 X139=593 X140=542 X141=425 X142=403 X143=789 X144=532 X145=560 X146=347 X147=480 X148=471 X149=429 X150=342 X151=217 X152=322 X153=328 X154=137 X155=208 X156=61 X157=173 X158=156 X159=335 

    solution X0=0 X1=50 X2=768 X3=183 X4=489 X5=384 X6=265 X7=785 X8=21 X9=69 X10=472 X11=193 X12=642 X13=158 X14=773 X15=764 X16=500 X17=447 X18=226 X19=164 X20=264 X21=248 X22=578 X23=586 X24=377 X25=119 X26=592 X27=285 X28=772 X29=216 X30=278 X31=205 X32=5 X33=475 X34=293 X35=121 X36=479 X37=783 X38=583 X39=534 X40=63 X41=127 X42=439 X43=501 X44=174 X45=547 X46=599 X47=539 X48=363 X49=213 X50=518 X51=149 X52=354 X53=606 X54=80 X55=346 X56=689 X57=68 X58=732 X59=45 X60=34 X61=12 X62=621 X63=91 X64=483 X65=222 X66=600 X67=243 X68=721 X69=244 X70=388 X71=260 X72=594 X73=31 X74=273 X75=194 X76=85 X77=163 X78=195 X79=576 X80=414 X81=247 X82=53 X83=13 X84=107 X85=781 X86=736 X87=493 X88=391 X89=705 X90=375 X91=161 X92=7 X93=406 X94=95 X95=395 X96=775 X97=298 X98=62 X99=445 X100=787 X101=23 X102=281 X103=668 X104=457 X105=645 X106=667 X107=551 X108=368 X109=314 X110=88 X111=521 X112=83 X113=460 X114=17 X115=435 X116=636 X117=663 X118=458 X119=132 X120=67 X121=692 X122=626 X123=487 X124=134 X125=739 X126=236 X127=603 X128=794 X129=246 X130=507 X131=369 X132=188 X133=40 X134=345 X135=470 X136=299 X137=792 X138=506 X139=593 X140=542 X141=425 X142=403 X143=789 X144=532 X145=560 X146=347 X147=480 X148=471 X149=429 X150=342 X151=217 X152=322 X153=328 X154=137 X155=208 X156=61 X157=173 X158=156 X159=335 

   
   search
        run=0  nbConstraintChecks=238  depth=(min:161,max:159,avg:0)  nbEffectivePropagations=233  nbRevisions=1163  nbUselessRevisions=1163
        nbAssignments=160  nbFailedAssignments=0  nbBacktracks=0  nbVisitedNodes=161  nbRestartNogoods=0  nbFoundSolutions=1
        upperBound=9223372036854775807
          =>  wckTime=8.538  cpuTime=9.093  mem=636M182

   
   global
        nbConstraintChecks=238  nbEffectivePropagations=233  nbRevisions=1163  nbUselessRevisions=1163  nbRestartNogoods=0  solvingWckTime=8.539
        expiredTime=no  totalExploration=no  nbFoundSolutions=1  firstSolutionCpuTime=9.083  Stop=REACHED_GOAL
          =>  wckTime=9.274  cpuTime=9.094  mem=636M182

s SATISFIABLE
v X0=0 X1=50 X2=768 X3=183 X4=489 X5=384 X6=265 X7=785 X8=21 X9=69 X10=472 X11=193 X12=642 X13=158 X14=773 X15=764 X16=500 X17=447 X18=226 X19=164 X20=264 X21=248 X22=578 X23=586 X24=377 X25=119 X26=592 X27=285 X28=772 X29=216 X30=278 X31=205 X32=5 X33=475 X34=293 X35=121 X36=479 X37=783 X38=583 X39=534 X40=63 X41=127 X42=439 X43=501 X44=174 X45=547 X46=599 X47=539 X48=363 X49=213 X50=518 X51=149 X52=354 X53=606 X54=80 X55=346 X56=689 X57=68 X58=732 X59=45 X60=34 X61=12 X62=621 X63=91 X64=483 X65=222 X66=600 X67=243 X68=721 X69=244 X70=388 X71=260 X72=594 X73=31 X74=273 X75=194 X76=85 X77=163 X78=195 X79=576 X80=414 X81=247 X82=53 X83=13 X84=107 X85=781 X86=736 X87=493 X88=391 X89=705 X90=375 X91=161 X92=7 X93=406 X94=95 X95=395 X96=775 X97=298 X98=62 X99=445 X100=787 X101=23 X102=281 X103=668 X104=457 X105=645 X106=667 X107=551 X108=368 X109=314 X110=88 X111=521 X112=83 X113=460 X114=17 X115=435 X116=636 X117=663 X118=458 X119=132 X120=67 X121=692 X122=626 X123=487 X124=134 X125=739 X126=236 X127=603 X128=794 X129=246 X130=507 X131=369 X132=188 X133=40 X134=345 X135=470 X136=299 X137=792 X138=506 X139=593 X140=542 X141=425 X142=403 X143=789 X144=532 X145=560 X146=347 X147=480 X148=471 X149=429 X150=342 X151=217 X152=322 X153=328 X154=137 X155=208 X156=61 X157=173 X158=156 X159=335 
d NODES 160

   totalWckTime=9.173  totalCpuTime=9.094
