
   AbsCon 1.41 (January, 2014) - defaultConfiguration

   
   instance
        framework=CSP  name=Isomorphism-/cluster/gpg/ciaran/sip-benchmarks/benchmarks/si2_m4D_m4Dr6_1296/si2_m4Dr6_m1296.09/pattern-/cluster/gpg/ciaran/sip-benchmarks/benchmarks/si2_m4D_m4Dr6_1296/si2_m4Dr6_m1296.09/target
        parameters=/cluster/gpg/ciaran/sip-benchmarks/benchmarks/si2_m4D_m4Dr6_1296/si2_m4Dr6_m1296.09/pattern,/cluster/gpg/ciaran/sip-benchmarks/benchmarks/si2_m4D_m4Dr6_1296/si2_m4Dr6_m1296.09/target
      

   loading variables...
        nbVariables=259  nbDomainTypes=1  nbTotalValues=335664  domainSizes=(1296:259)
          =>  wckTime=0.296  cpuTime=0.427  mem=24M623

   loading objectives...

   loading constraints...
        nbConstraints=487  nbSpecificConstraints=1  nbExtensionStructures=(1,shared:485)  nbConflictsStructures=(1,shared:485,unbuilt:1)
        degrees=(2:64)(3:38)(4:52)...(10:10)(11:6)(12:1)  arities=(2:486)(259:1)  types=(AllDifferent:1)(ConstraintHardExtensionV-Bits:486)
          =>  wckTime=0.706  cpuTime=0.812  mem=34M671

   INFO : <!-- Start saving the XML representation -->

   INFO : <!-- Stop saving the XML representation of target.xml -->

   Solver SolverBacktrack being built... 
          =>  wckTime=1.446  cpuTime=1.504  mem=135M32
    instantiation X0=0 X1=262 X2=532 X3=763 X4=775 X5=788 X6=999 X7=1278 X8=50 X9=753 X10=870 X11=1018 X12=1057 X13=451 X14=610 X15=638 X16=737 X17=761 X18=1076 X19=1228 X20=40 X21=211 X22=486 X23=693 X24=1034 X25=1261 X26=403 X27=707 X28=435 X29=964 X30=87 X31=122 X32=182 X33=236 X34=782 X35=928 X36=95 X37=139 X38=246 X39=303 X40=344 X41=19 X42=544 X43=687 X44=717 X45=743 X46=781 X47=805 X48=1135 X49=1185 X50=103 X51=453 X52=528 X53=700 X54=818 X55=899 X56=31 X57=1029 X58=1125 X59=490 X60=512 X61=1288 X62=869 X63=187 X64=251 X65=332 X66=632 X67=1010 X68=1217 X69=58 X70=174 X71=800 X72=1233 X73=282 X74=291 X75=633 X76=681 X77=795 X78=824 X79=934 X80=1106 X81=1197 X82=496 X83=661 X84=1036 X85=1275 X86=570 X87=573 X88=1119 X89=306 X90=375 X91=407 X92=664 X93=810 X94=951 X95=1116 X96=466 X97=471 X98=612 X99=616 X100=723 X101=750 X102=1096 X103=1170 X104=1221 X105=175 X106=302 X107=325 X108=630 X109=906 X110=164 X111=263 X112=480 X113=692 X114=844 X115=1118 X116=492 X117=55 X118=923 X119=925 X120=1049 X121=1043 X122=1061 X123=601 X124=963 X125=126 X126=441 X127=599 X128=962 X129=1007 X130=600 X131=112 X132=181 X133=517 X134=527 X135=995 X136=183 X137=351 X138=379 X139=726 X140=762 X141=1082 X142=136 X143=172 X144=215 X145=248 X146=331 X147=495 X148=111 X149=897 X150=1148 X151=442 X152=502 X153=522 X154=635 X155=718 X156=1078 X157=649 X158=1066 X159=993 X160=1064 X161=1128 X162=1259 X163=77 X164=110 X165=169 X166=764 X167=787 X168=1016 X169=1253 X170=106 X171=222 X172=255 X173=812 X174=953 X175=1023 X176=1108 X177=1279 X178=283 X179=631 X180=690 X181=829 X182=842 X183=997 X184=555 X185=559 X186=832 X187=1292 X188=974 X189=1088 X190=35 X191=872 X192=1180 X193=308 X194=448 X195=15 X196=158 X197=186 X198=582 X199=783 X200=1134 X201=230 X202=399 X203=669 X204=1167 X205=204 X206=384 X207=465 X208=468 X209=606 X210=627 X211=754 X212=865 X213=932 X214=143 X215=885 X216=189 X217=514 X218=680 X219=113 X220=733 X221=1027 X222=1093 X223=1121 X224=881 X225=1039 X226=1100 X227=592 X228=811 X229=1004 X230=412 X231=608 X232=959 X233=978 X234=983 X235=1070 X236=1142 X237=1285 X238=686 X239=1098 X240=1236 X241=128 X242=153 X243=1013 X244=1026 X245=1115 X246=1268 X247=16 X248=836 X249=801 X250=117 X251=343 X252=614 X253=967 X254=1048 X255=42 X256=51 X257=1110 X258=469 

    solution X0=0 X1=262 X2=532 X3=763 X4=775 X5=788 X6=999 X7=1278 X8=50 X9=753 X10=870 X11=1018 X12=1057 X13=451 X14=610 X15=638 X16=737 X17=761 X18=1076 X19=1228 X20=40 X21=211 X22=486 X23=693 X24=1034 X25=1261 X26=403 X27=707 X28=435 X29=964 X30=87 X31=122 X32=182 X33=236 X34=782 X35=928 X36=95 X37=139 X38=246 X39=303 X40=344 X41=19 X42=544 X43=687 X44=717 X45=743 X46=781 X47=805 X48=1135 X49=1185 X50=103 X51=453 X52=528 X53=700 X54=818 X55=899 X56=31 X57=1029 X58=1125 X59=490 X60=512 X61=1288 X62=869 X63=187 X64=251 X65=332 X66=632 X67=1010 X68=1217 X69=58 X70=174 X71=800 X72=1233 X73=282 X74=291 X75=633 X76=681 X77=795 X78=824 X79=934 X80=1106 X81=1197 X82=496 X83=661 X84=1036 X85=1275 X86=570 X87=573 X88=1119 X89=306 X90=375 X91=407 X92=664 X93=810 X94=951 X95=1116 X96=466 X97=471 X98=612 X99=616 X100=723 X101=750 X102=1096 X103=1170 X104=1221 X105=175 X106=302 X107=325 X108=630 X109=906 X110=164 X111=263 X112=480 X113=692 X114=844 X115=1118 X116=492 X117=55 X118=923 X119=925 X120=1049 X121=1043 X122=1061 X123=601 X124=963 X125=126 X126=441 X127=599 X128=962 X129=1007 X130=600 X131=112 X132=181 X133=517 X134=527 X135=995 X136=183 X137=351 X138=379 X139=726 X140=762 X141=1082 X142=136 X143=172 X144=215 X145=248 X146=331 X147=495 X148=111 X149=897 X150=1148 X151=442 X152=502 X153=522 X154=635 X155=718 X156=1078 X157=649 X158=1066 X159=993 X160=1064 X161=1128 X162=1259 X163=77 X164=110 X165=169 X166=764 X167=787 X168=1016 X169=1253 X170=106 X171=222 X172=255 X173=812 X174=953 X175=1023 X176=1108 X177=1279 X178=283 X179=631 X180=690 X181=829 X182=842 X183=997 X184=555 X185=559 X186=832 X187=1292 X188=974 X189=1088 X190=35 X191=872 X192=1180 X193=308 X194=448 X195=15 X196=158 X197=186 X198=582 X199=783 X200=1134 X201=230 X202=399 X203=669 X204=1167 X205=204 X206=384 X207=465 X208=468 X209=606 X210=627 X211=754 X212=865 X213=932 X214=143 X215=885 X216=189 X217=514 X218=680 X219=113 X220=733 X221=1027 X222=1093 X223=1121 X224=881 X225=1039 X226=1100 X227=592 X228=811 X229=1004 X230=412 X231=608 X232=959 X233=978 X234=983 X235=1070 X236=1142 X237=1285 X238=686 X239=1098 X240=1236 X241=128 X242=153 X243=1013 X244=1026 X245=1115 X246=1268 X247=16 X248=836 X249=801 X250=117 X251=343 X252=614 X253=967 X254=1048 X255=42 X256=51 X257=1110 X258=469 

   
   search
        run=0  nbConstraintChecks=487  depth=(min:0,max:258,avg:1)  nbEffectivePropagations=17010  nbRevisions=89659  nbUselessRevisions=72809
        nbAssignments=1537  nbFailedAssignments=1278  nbBacktracks=0  nbVisitedNodes=2816  nbRestartNogoods=0  nbFoundSolutions=1
        upperBound=9223372036854775807
          =>  wckTime=139.283  cpuTime=138.909  mem=564M96

   
   global
        nbConstraintChecks=487  nbEffectivePropagations=17010  nbRevisions=89659  nbUselessRevisions=72809  nbRestartNogoods=0
        solvingWckTime=139.284  expiredTime=no  totalExploration=no  nbFoundSolutions=1  firstSolutionCpuTime=138.903  Stop=REACHED_GOAL
          =>  wckTime=140.416  cpuTime=138.91  mem=564M96

s SATISFIABLE
v X0=0 X1=262 X2=532 X3=763 X4=775 X5=788 X6=999 X7=1278 X8=50 X9=753 X10=870 X11=1018 X12=1057 X13=451 X14=610 X15=638 X16=737 X17=761 X18=1076 X19=1228 X20=40 X21=211 X22=486 X23=693 X24=1034 X25=1261 X26=403 X27=707 X28=435 X29=964 X30=87 X31=122 X32=182 X33=236 X34=782 X35=928 X36=95 X37=139 X38=246 X39=303 X40=344 X41=19 X42=544 X43=687 X44=717 X45=743 X46=781 X47=805 X48=1135 X49=1185 X50=103 X51=453 X52=528 X53=700 X54=818 X55=899 X56=31 X57=1029 X58=1125 X59=490 X60=512 X61=1288 X62=869 X63=187 X64=251 X65=332 X66=632 X67=1010 X68=1217 X69=58 X70=174 X71=800 X72=1233 X73=282 X74=291 X75=633 X76=681 X77=795 X78=824 X79=934 X80=1106 X81=1197 X82=496 X83=661 X84=1036 X85=1275 X86=570 X87=573 X88=1119 X89=306 X90=375 X91=407 X92=664 X93=810 X94=951 X95=1116 X96=466 X97=471 X98=612 X99=616 X100=723 X101=750 X102=1096 X103=1170 X104=1221 X105=175 X106=302 X107=325 X108=630 X109=906 X110=164 X111=263 X112=480 X113=692 X114=844 X115=1118 X116=492 X117=55 X118=923 X119=925 X120=1049 X121=1043 X122=1061 X123=601 X124=963 X125=126 X126=441 X127=599 X128=962 X129=1007 X130=600 X131=112 X132=181 X133=517 X134=527 X135=995 X136=183 X137=351 X138=379 X139=726 X140=762 X141=1082 X142=136 X143=172 X144=215 X145=248 X146=331 X147=495 X148=111 X149=897 X150=1148 X151=442 X152=502 X153=522 X154=635 X155=718 X156=1078 X157=649 X158=1066 X159=993 X160=1064 X161=1128 X162=1259 X163=77 X164=110 X165=169 X166=764 X167=787 X168=1016 X169=1253 X170=106 X171=222 X172=255 X173=812 X174=953 X175=1023 X176=1108 X177=1279 X178=283 X179=631 X180=690 X181=829 X182=842 X183=997 X184=555 X185=559 X186=832 X187=1292 X188=974 X189=1088 X190=35 X191=872 X192=1180 X193=308 X194=448 X195=15 X196=158 X197=186 X198=582 X199=783 X200=1134 X201=230 X202=399 X203=669 X204=1167 X205=204 X206=384 X207=465 X208=468 X209=606 X210=627 X211=754 X212=865 X213=932 X214=143 X215=885 X216=189 X217=514 X218=680 X219=113 X220=733 X221=1027 X222=1093 X223=1121 X224=881 X225=1039 X226=1100 X227=592 X228=811 X229=1004 X230=412 X231=608 X232=959 X233=978 X234=983 X235=1070 X236=1142 X237=1285 X238=686 X239=1098 X240=1236 X241=128 X242=153 X243=1013 X244=1026 X245=1115 X246=1268 X247=16 X248=836 X249=801 X250=117 X251=343 X252=614 X253=967 X254=1048 X255=42 X256=51 X257=1110 X258=469 
d NODES 1537

   totalWckTime=140.326  totalCpuTime=138.912
04
