
   AbsCon 1.41 (January, 2014) - defaultConfiguration

   
   instance
        framework=CSP  name=Isomorphism-/cluster/gpg/ciaran/sip-benchmarks/benchmarks/si2_m4D_m4D_1296/si2_m4D_m1296.05/pattern-/cluster/gpg/ciaran/sip-benchmarks/benchmarks/si2_m4D_m4D_1296/si2_m4D_m1296.05/target
        parameters=/cluster/gpg/ciaran/sip-benchmarks/benchmarks/si2_m4D_m4D_1296/si2_m4D_m1296.05/pattern,/cluster/gpg/ciaran/sip-benchmarks/benchmarks/si2_m4D_m4D_1296/si2_m4D_m1296.05/target
      

   loading variables...
        nbVariables=259  nbDomainTypes=1  nbTotalValues=335664  domainSizes=(1296:259)
          =>  wckTime=0.225  cpuTime=0.332  mem=24M484

   loading objectives...

   loading constraints...
        nbConstraints=695  nbSpecificConstraints=1  nbExtensionStructures=(1,shared:693)  nbConflictsStructures=(1,shared:693,unbuilt:1)
        degrees=(2:1)(3:11)(4:29)...(7:46)(8:67)(9:21)  arities=(2:694)(259:1)  types=(AllDifferent:1)(ConstraintHardExtensionV-Bits:694)
          =>  wckTime=0.555  cpuTime=0.636  mem=37M293

   INFO : <!-- Start saving the XML representation -->

   INFO : <!-- Stop saving the XML representation of target.xml -->

   Solver SolverBacktrack being built... 
          =>  wckTime=1.137  cpuTime=1.177  mem=119M771

    instantiation X0=842 X1=334 X2=426 X3=0 X4=724 X5=626 X6=1087 X7=137 X8=260 X9=822 X10=131 X11=85 X12=879 X13=452 X14=971 X15=111 X16=508 X17=951 X18=944 X19=969 X20=312 X21=998 X22=274 X23=909 X24=232 X25=159 X26=117 X27=1237 X28=34 X29=864 X30=440 X31=1130 X32=492 X33=71 X34=389 X35=1212 X36=690 X37=883 X38=608 X39=45 X40=72 X41=310 X42=789 X43=693 X44=1150 X45=674 X46=1250 X47=151 X48=480 X49=1236 X50=954 X51=1164 X52=150 X53=231 X54=513 X55=181 X56=1287 X57=207 X58=91 X59=488 X60=222 X61=32 X62=403 X63=26 X64=5 X65=1184 X66=1137 X67=86 X68=316 X69=874 X70=722 X71=61 X72=1205 X73=17 X74=251 X75=152 X76=414 X77=985 X78=804 X79=1224 X80=776 X81=1052 X82=495 X83=717 X84=624 X85=1178 X86=581 X87=1156 X88=676 X89=691 X90=1264 X91=443 X92=778 X93=570 X94=423 X95=592 X96=1119 X97=529 X98=267 X99=171 X100=1167 X101=314 X102=409 X103=510 X104=433 X105=1019 X106=496 X107=939 X108=938 X109=399 X110=945 X111=1044 X112=283 X113=106 X114=1064 X115=64 X116=967 X117=250 X118=481 X119=685 X120=397 X121=1018 X122=198 X123=321 X124=583 X125=880 X126=1226 X127=382 X128=1093 X129=647 X130=378 X131=1240 X132=1039 X133=702 X134=582 X135=444 X136=187 X137=940 X138=1241 X139=628 X140=68 X141=782 X142=373 X143=968 X144=781 X145=625 X146=589 X147=1207 X148=1122 X149=1033 X150=497 X151=1053 X152=802 X153=1136 X154=1155 X155=436 X156=522 X157=405 X158=1163 X159=826 X160=205 X161=634 X162=949 X163=595 X164=863 X165=892 X166=1247 X167=1073 X168=60 X169=559 X170=901 X171=556 X172=204 X173=178 X174=67 X175=1094 X176=95 X177=586 X178=512 X179=521 X180=127 X181=866 X182=857 X183=818 X184=128 X185=524 X186=377 X187=291 X188=946 X189=859 X190=348 X191=637 X192=1199 X193=915 X194=1147 X195=535 X196=1121 X197=1190 X198=846 X199=716 X200=320 X201=82 X202=664 X203=223 X204=587 X205=315 X206=1139 X207=793 X208=847 X209=211 X210=328 X211=486 X212=1007 X213=83 X214=654 X215=1223 X216=745 X217=360 X218=421 X219=20 X220=1045 X221=337 X222=743 X223=1161 X224=179 X225=695 X226=225 X227=681 X228=760 X229=832 X230=407 X231=1168 X232=233 X233=342 X234=934 X235=38 X236=1011 X237=413 X238=1016 X239=1145 X240=1165 X241=1269 X242=618 X243=1216 X244=526 X245=482 X246=284 X247=438 X248=959 X249=1283 X250=107 X251=28 X252=1022 X253=246 X254=25 X255=1285 X256=1246 X257=335 X258=1054 

    solution X0=842 X1=334 X2=426 X3=0 X4=724 X5=626 X6=1087 X7=137 X8=260 X9=822 X10=131 X11=85 X12=879 X13=452 X14=971 X15=111 X16=508 X17=951 X18=944 X19=969 X20=312 X21=998 X22=274 X23=909 X24=232 X25=159 X26=117 X27=1237 X28=34 X29=864 X30=440 X31=1130 X32=492 X33=71 X34=389 X35=1212 X36=690 X37=883 X38=608 X39=45 X40=72 X41=310 X42=789 X43=693 X44=1150 X45=674 X46=1250 X47=151 X48=480 X49=1236 X50=954 X51=1164 X52=150 X53=231 X54=513 X55=181 X56=1287 X57=207 X58=91 X59=488 X60=222 X61=32 X62=403 X63=26 X64=5 X65=1184 X66=1137 X67=86 X68=316 X69=874 X70=722 X71=61 X72=1205 X73=17 X74=251 X75=152 X76=414 X77=985 X78=804 X79=1224 X80=776 X81=1052 X82=495 X83=717 X84=624 X85=1178 X86=581 X87=1156 X88=676 X89=691 X90=1264 X91=443 X92=778 X93=570 X94=423 X95=592 X96=1119 X97=529 X98=267 X99=171 X100=1167 X101=314 X102=409 X103=510 X104=433 X105=1019 X106=496 X107=939 X108=938 X109=399 X110=945 X111=1044 X112=283 X113=106 X114=1064 X115=64 X116=967 X117=250 X118=481 X119=685 X120=397 X121=1018 X122=198 X123=321 X124=583 X125=880 X126=1226 X127=382 X128=1093 X129=647 X130=378 X131=1240 X132=1039 X133=702 X134=582 X135=444 X136=187 X137=940 X138=1241 X139=628 X140=68 X141=782 X142=373 X143=968 X144=781 X145=625 X146=589 X147=1207 X148=1122 X149=1033 X150=497 X151=1053 X152=802 X153=1136 X154=1155 X155=436 X156=522 X157=405 X158=1163 X159=826 X160=205 X161=634 X162=949 X163=595 X164=863 X165=892 X166=1247 X167=1073 X168=60 X169=559 X170=901 X171=556 X172=204 X173=178 X174=67 X175=1094 X176=95 X177=586 X178=512 X179=521 X180=127 X181=866 X182=857 X183=818 X184=128 X185=524 X186=377 X187=291 X188=946 X189=859 X190=348 X191=637 X192=1199 X193=915 X194=1147 X195=535 X196=1121 X197=1190 X198=846 X199=716 X200=320 X201=82 X202=664 X203=223 X204=587 X205=315 X206=1139 X207=793 X208=847 X209=211 X210=328 X211=486 X212=1007 X213=83 X214=654 X215=1223 X216=745 X217=360 X218=421 X219=20 X220=1045 X221=337 X222=743 X223=1161 X224=179 X225=695 X226=225 X227=681 X228=760 X229=832 X230=407 X231=1168 X232=233 X233=342 X234=934 X235=38 X236=1011 X237=413 X238=1016 X239=1145 X240=1165 X241=1269 X242=618 X243=1216 X244=526 X245=482 X246=284 X247=438 X248=959 X249=1283 X250=107 X251=28 X252=1022 X253=246 X254=25 X255=1285 X256=1246 X257=335 X258=1054 

   
   search
        run=0  nbConstraintChecks=695  depth=(min:0,max:258,avg:1)  nbEffectivePropagations=395  nbRevisions=2769  nbUselessRevisions=2684
        nbAssignments=344  nbFailedAssignments=85  nbBacktracks=0  nbVisitedNodes=430  nbRestartNogoods=0  nbFoundSolutions=1
        upperBound=9223372036854775807
          =>  wckTime=69.623  cpuTime=69.94  mem=755M197

   
   global
        nbConstraintChecks=695  nbEffectivePropagations=395  nbRevisions=2769  nbUselessRevisions=2684  nbRestartNogoods=0  solvingWckTime=69.624
        expiredTime=no  totalExploration=no  nbFoundSolutions=1  firstSolutionCpuTime=69.931  Stop=REACHED_GOAL
          =>  wckTime=70.761  cpuTime=69.94  mem=755M197

s SATISFIABLE
v X0=842 X1=334 X2=426 X3=0 X4=724 X5=626 X6=1087 X7=137 X8=260 X9=822 X10=131 X11=85 X12=879 X13=452 X14=971 X15=111 X16=508 X17=951 X18=944 X19=969 X20=312 X21=998 X22=274 X23=909 X24=232 X25=159 X26=117 X27=1237 X28=34 X29=864 X30=440 X31=1130 X32=492 X33=71 X34=389 X35=1212 X36=690 X37=883 X38=608 X39=45 X40=72 X41=310 X42=789 X43=693 X44=1150 X45=674 X46=1250 X47=151 X48=480 X49=1236 X50=954 X51=1164 X52=150 X53=231 X54=513 X55=181 X56=1287 X57=207 X58=91 X59=488 X60=222 X61=32 X62=403 X63=26 X64=5 X65=1184 X66=1137 X67=86 X68=316 X69=874 X70=722 X71=61 X72=1205 X73=17 X74=251 X75=152 X76=414 X77=985 X78=804 X79=1224 X80=776 X81=1052 X82=495 X83=717 X84=624 X85=1178 X86=581 X87=1156 X88=676 X89=691 X90=1264 X91=443 X92=778 X93=570 X94=423 X95=592 X96=1119 X97=529 X98=267 X99=171 X100=1167 X101=314 X102=409 X103=510 X104=433 X105=1019 X106=496 X107=939 X108=938 X109=399 X110=945 X111=1044 X112=283 X113=106 X114=1064 X115=64 X116=967 X117=250 X118=481 X119=685 X120=397 X121=1018 X122=198 X123=321 X124=583 X125=880 X126=1226 X127=382 X128=1093 X129=647 X130=378 X131=1240 X132=1039 X133=702 X134=582 X135=444 X136=187 X137=940 X138=1241 X139=628 X140=68 X141=782 X142=373 X143=968 X144=781 X145=625 X146=589 X147=1207 X148=1122 X149=1033 X150=497 X151=1053 X152=802 X153=1136 X154=1155 X155=436 X156=522 X157=405 X158=1163 X159=826 X160=205 X161=634 X162=949 X163=595 X164=863 X165=892 X166=1247 X167=1073 X168=60 X169=559 X170=901 X171=556 X172=204 X173=178 X174=67 X175=1094 X176=95 X177=586 X178=512 X179=521 X180=127 X181=866 X182=857 X183=818 X184=128 X185=524 X186=377 X187=291 X188=946 X189=859 X190=348 X191=637 X192=1199 X193=915 X194=1147 X195=535 X196=1121 X197=1190 X198=846 X199=716 X200=320 X201=82 X202=664 X203=223 X204=587 X205=315 X206=1139 X207=793 X208=847 X209=211 X210=328 X211=486 X212=1007 X213=83 X214=654 X215=1223 X216=745 X217=360 X218=421 X219=20 X220=1045 X221=337 X222=743 X223=1161 X224=179 X225=695 X226=225 X227=681 X228=760 X229=832 X230=407 X231=1168 X232=233 X233=342 X234=934 X235=38 X236=1011 X237=413 X238=1016 X239=1145 X240=1165 X241=1269 X242=618 X243=1216 X244=526 X245=482 X246=284 X247=438 X248=959 X249=1283 X250=107 X251=28 X252=1022 X253=246 X254=25 X255=1285 X256=1246 X257=335 X258=1054 
d NODES 344

   totalWckTime=70.664  totalCpuTime=69.941
