
   AbsCon 1.41 (January, 2014) - defaultConfiguration

   
   instance
        framework=CSP  name=Isomorphism-/cluster/gpg/ciaran/sip-benchmarks/benchmarks/si2_m4D_m4Dr6_625/si2_m4Dr6_m625.04/pattern-/cluster/gpg/ciaran/sip-benchmarks/benchmarks/si2_m4D_m4Dr6_625/si2_m4Dr6_m625.04/target
        parameters=/cluster/gpg/ciaran/sip-benchmarks/benchmarks/si2_m4D_m4Dr6_625/si2_m4Dr6_m625.04/pattern,/cluster/gpg/ciaran/sip-benchmarks/benchmarks/si2_m4D_m4Dr6_625/si2_m4Dr6_m625.04/target
      

   loading variables...
        nbVariables=125  nbDomainTypes=1  nbTotalValues=78125  domainSizes=(625:125)
          =>  wckTime=0.204  cpuTime=0.306  mem=8M792

   loading objectives...

   loading constraints...
        nbConstraints=240  nbSpecificConstraints=1  nbExtensionStructures=(1,shared:238)  nbConflictsStructures=(1,shared:238,unbuilt:1)
        degrees=(2:21)(3:30)(4:25)...(9:13)(10:4)(11:2)  arities=(2:239)(125:1)  types=(AllDifferent:1)(ConstraintHardExtensionV-Bits:239)
          =>  wckTime=0.341  cpuTime=0.438  mem=17M118

   INFO : <!-- Start saving the XML representation -->

   INFO : <!-- Stop saving the XML representation of target.xml -->

   Solver SolverBacktrack being built... 
          =>  wckTime=0.653  cpuTime=0.713  mem=30M111

    instantiation X0=0 X1=7 X2=46 X3=53 X4=181 X5=221 X6=468 X7=521 X8=581 X9=624 X10=153 X11=198 X12=283 X13=335 X14=342 X15=496 X16=322 X17=362 X18=369 X19=376 X20=418 X21=559 X22=605 X23=37 X24=271 X25=503 X26=586 X27=606 X28=235 X29=309 X30=475 X31=531 X32=173 X33=261 X34=567 X35=62 X36=328 X37=515 X38=141 X39=47 X40=182 X41=222 X42=351 X43=526 X44=542 X45=583 X46=91 X47=167 X48=249 X49=360 X50=372 X51=387 X52=51 X53=149 X54=253 X55=327 X56=406 X57=520 X58=84 X59=120 X60=472 X61=494 X62=599 X63=169 X64=395 X65=438 X66=346 X67=551 X68=324 X69=341 X70=367 X71=560 X72=12 X73=264 X74=300 X75=204 X76=277 X77=465 X78=479 X79=500 X80=509 X81=510 X82=540 X83=14 X84=129 X85=180 X86=259 X87=385 X88=562 X89=22 X90=114 X91=298 X92=348 X93=467 X94=38 X95=157 X96=280 X97=344 X98=471 X99=544 X100=609 X101=621 X102=11 X103=134 X104=610 X105=311 X106=493 X107=102 X108=407 X109=69 X110=99 X111=416 X112=596 X113=71 X114=380 X115=582 X116=312 X117=448 X118=604 X119=29 X120=64 X121=358 X122=504 X123=122 X124=401 

    solution X0=0 X1=7 X2=46 X3=53 X4=181 X5=221 X6=468 X7=521 X8=581 X9=624 X10=153 X11=198 X12=283 X13=335 X14=342 X15=496 X16=322 X17=362 X18=369 X19=376 X20=418 X21=559 X22=605 X23=37 X24=271 X25=503 X26=586 X27=606 X28=235 X29=309 X30=475 X31=531 X32=173 X33=261 X34=567 X35=62 X36=328 X37=515 X38=141 X39=47 X40=182 X41=222 X42=351 X43=526 X44=542 X45=583 X46=91 X47=167 X48=249 X49=360 X50=372 X51=387 X52=51 X53=149 X54=253 X55=327 X56=406 X57=520 X58=84 X59=120 X60=472 X61=494 X62=599 X63=169 X64=395 X65=438 X66=346 X67=551 X68=324 X69=341 X70=367 X71=560 X72=12 X73=264 X74=300 X75=204 X76=277 X77=465 X78=479 X79=500 X80=509 X81=510 X82=540 X83=14 X84=129 X85=180 X86=259 X87=385 X88=562 X89=22 X90=114 X91=298 X92=348 X93=467 X94=38 X95=157 X96=280 X97=344 X98=471 X99=544 X100=609 X101=621 X102=11 X103=134 X104=610 X105=311 X106=493 X107=102 X108=407 X109=69 X110=99 X111=416 X112=596 X113=71 X114=380 X115=582 X116=312 X117=448 X118=604 X119=29 X120=64 X121=358 X122=504 X123=122 X124=401 

   
   search
        run=0  nbConstraintChecks=240  depth=(min:0,max:124,avg:1)  nbEffectivePropagations=139  nbRevisions=4475  nbUselessRevisions=4395
        nbAssignments=447  nbFailedAssignments=322  nbBacktracks=0  nbVisitedNodes=770  nbRestartNogoods=0  nbFoundSolutions=1
        upperBound=9223372036854775807
          =>  wckTime=15.34  cpuTime=15.824  mem=336M469

   
   global
        nbConstraintChecks=240  nbEffectivePropagations=139  nbRevisions=4475  nbUselessRevisions=4395  nbRestartNogoods=0  solvingWckTime=15.34
        expiredTime=no  totalExploration=no  nbFoundSolutions=1  firstSolutionCpuTime=15.82  Stop=REACHED_GOAL
          =>  wckTime=15.995  cpuTime=15.824  mem=336M469

s SATISFIABLE
v X0=0 X1=7 X2=46 X3=53 X4=181 X5=221 X6=468 X7=521 X8=581 X9=624 X10=153 X11=198 X12=283 X13=335 X14=342 X15=496 X16=322 X17=362 X18=369 X19=376 X20=418 X21=559 X22=605 X23=37 X24=271 X25=503 X26=586 X27=606 X28=235 X29=309 X30=475 X31=531 X32=173 X33=261 X34=567 X35=62 X36=328 X37=515 X38=141 X39=47 X40=182 X41=222 X42=351 X43=526 X44=542 X45=583 X46=91 X47=167 X48=249 X49=360 X50=372 X51=387 X52=51 X53=149 X54=253 X55=327 X56=406 X57=520 X58=84 X59=120 X60=472 X61=494 X62=599 X63=169 X64=395 X65=438 X66=346 X67=551 X68=324 X69=341 X70=367 X71=560 X72=12 X73=264 X74=300 X75=204 X76=277 X77=465 X78=479 X79=500 X80=509 X81=510 X82=540 X83=14 X84=129 X85=180 X86=259 X87=385 X88=562 X89=22 X90=114 X91=298 X92=348 X93=467 X94=38 X95=157 X96=280 X97=344 X98=471 X99=544 X100=609 X101=621 X102=11 X103=134 X104=610 X105=311 X106=493 X107=102 X108=407 X109=69 X110=99 X111=416 X112=596 X113=71 X114=380 X115=582 X116=312 X117=448 X118=604 X119=29 X120=64 X121=358 X122=504 X123=122 X124=401 
d NODES 447

   totalWckTime=15.89  totalCpuTime=15.825
