
   AbsCon 1.41 (January, 2014) - defaultConfiguration

   
   instance
        framework=CSP  name=Isomorphism-/cluster/gpg/ciaran/sip-benchmarks/benchmarks/si4_bvg_b06m_400/si4_b06m_m400.07/pattern-/cluster/gpg/ciaran/sip-benchmarks/benchmarks/si4_bvg_b06m_400/si4_b06m_m400.07/target
        parameters=/cluster/gpg/ciaran/sip-benchmarks/benchmarks/si4_bvg_b06m_400/si4_b06m_m400.07/pattern,/cluster/gpg/ciaran/sip-benchmarks/benchmarks/si4_bvg_b06m_400/si4_b06m_m400.07/target
      

   loading variables...
        nbVariables=160  nbDomainTypes=1  nbTotalValues=64000  domainSizes=(400:160)
          =>  wckTime=0.212  cpuTime=0.365  mem=6M121

   loading objectives...

   loading constraints...
        nbConstraints=354  nbSpecificConstraints=1  nbExtensionStructures=(1,shared:352)  nbConflictsStructures=(1,shared:352,unbuilt:1)
        degrees=(2:6)(3:20)(4:29)...(13:1)(15:1)(16:1)  arities=(2:353)(160:1)  types=(AllDifferent:1)(ConstraintHardExtensionV-Bits:353)
          =>  wckTime=0.364  cpuTime=0.511  mem=13M330

   INFO : <!-- Start saving the XML representation -->

   INFO : <!-- Stop saving the XML representation of target.xml -->

   Solver SolverBacktrack being built... 
          =>  wckTime=0.632  cpuTime=0.737  mem=25M790

    instantiation X0=0 X1=50 X2=53 X3=96 X4=116 X5=120 X6=220 X7=226 X8=246 X9=258 X10=284 X11=295 X12=321 X13=356 X14=389 X15=393 X16=12 X17=37 X18=162 X19=178 X20=373 X21=36 X22=204 X23=292 X24=342 X25=166 X26=209 X27=232 X28=245 X29=62 X30=165 X31=167 X32=341 X33=132 X34=237 X35=380 X36=31 X37=228 X38=287 X39=64 X40=202 X41=215 X42=270 X43=38 X44=67 X45=191 X46=280 X47=345 X48=20 X49=111 X50=268 X51=6 X52=15 X53=27 X54=118 X55=392 X56=19 X57=95 X58=129 X59=315 X60=21 X61=82 X62=122 X63=330 X64=4 X65=43 X66=63 X67=76 X68=225 X69=267 X70=310 X71=329 X72=355 X73=370 X74=398 X75=174 X76=28 X77=97 X78=223 X79=230 X80=320 X81=91 X82=172 X83=265 X84=11 X85=18 X86=24 X87=47 X88=154 X89=251 X90=301 X91=397 X92=140 X93=149 X94=299 X95=334 X96=396 X97=208 X98=302 X99=319 X100=108 X101=144 X102=190 X103=387 X104=29 X105=272 X106=395 X107=72 X108=214 X109=324 X110=139 X111=233 X112=391 X113=1 X114=3 X115=25 X116=152 X117=2 X118=8 X119=369 X120=368 X121=201 X122=9 X123=7 X124=104 X125=217 X126=57 X127=271 X128=78 X129=259 X130=343 X131=55 X132=361 X133=46 X134=16 X135=182 X136=69 X137=256 X138=346 X139=365 X140=372 X141=54 X142=83 X143=175 X144=242 X145=344 X146=348 X147=13 X148=56 X149=59 X150=74 X151=75 X152=81 X153=86 X154=186 X155=210 X156=229 X157=328 X158=207 X159=252 

    solution X0=0 X1=50 X2=53 X3=96 X4=116 X5=120 X6=220 X7=226 X8=246 X9=258 X10=284 X11=295 X12=321 X13=356 X14=389 X15=393 X16=12 X17=37 X18=162 X19=178 X20=373 X21=36 X22=204 X23=292 X24=342 X25=166 X26=209 X27=232 X28=245 X29=62 X30=165 X31=167 X32=341 X33=132 X34=237 X35=380 X36=31 X37=228 X38=287 X39=64 X40=202 X41=215 X42=270 X43=38 X44=67 X45=191 X46=280 X47=345 X48=20 X49=111 X50=268 X51=6 X52=15 X53=27 X54=118 X55=392 X56=19 X57=95 X58=129 X59=315 X60=21 X61=82 X62=122 X63=330 X64=4 X65=43 X66=63 X67=76 X68=225 X69=267 X70=310 X71=329 X72=355 X73=370 X74=398 X75=174 X76=28 X77=97 X78=223 X79=230 X80=320 X81=91 X82=172 X83=265 X84=11 X85=18 X86=24 X87=47 X88=154 X89=251 X90=301 X91=397 X92=140 X93=149 X94=299 X95=334 X96=396 X97=208 X98=302 X99=319 X100=108 X101=144 X102=190 X103=387 X104=29 X105=272 X106=395 X107=72 X108=214 X109=324 X110=139 X111=233 X112=391 X113=1 X114=3 X115=25 X116=152 X117=2 X118=8 X119=369 X120=368 X121=201 X122=9 X123=7 X124=104 X125=217 X126=57 X127=271 X128=78 X129=259 X130=343 X131=55 X132=361 X133=46 X134=16 X135=182 X136=69 X137=256 X138=346 X139=365 X140=372 X141=54 X142=83 X143=175 X144=242 X145=344 X146=348 X147=13 X148=56 X149=59 X150=74 X151=75 X152=81 X153=86 X154=186 X155=210 X156=229 X157=328 X158=207 X159=252 

   
   search
        run=0  nbConstraintChecks=354  depth=(min:161,max:159,avg:0)  nbEffectivePropagations=28  nbRevisions=1029  nbUselessRevisions=1027
        nbAssignments=160  nbFailedAssignments=0  nbBacktracks=0  nbVisitedNodes=161  nbRestartNogoods=0  nbFoundSolutions=1
        upperBound=9223372036854775807
          =>  wckTime=4.416  cpuTime=5.008  mem=272M526

   
   global
        nbConstraintChecks=354  nbEffectivePropagations=28  nbRevisions=1029  nbUselessRevisions=1027  nbRestartNogoods=0  solvingWckTime=4.416
        expiredTime=no  totalExploration=no  nbFoundSolutions=1  firstSolutionCpuTime=4.999  Stop=REACHED_GOAL
          =>  wckTime=5.049  cpuTime=5.008  mem=272M526

s SATISFIABLE
v X0=0 X1=50 X2=53 X3=96 X4=116 X5=120 X6=220 X7=226 X8=246 X9=258 X10=284 X11=295 X12=321 X13=356 X14=389 X15=393 X16=12 X17=37 X18=162 X19=178 X20=373 X21=36 X22=204 X23=292 X24=342 X25=166 X26=209 X27=232 X28=245 X29=62 X30=165 X31=167 X32=341 X33=132 X34=237 X35=380 X36=31 X37=228 X38=287 X39=64 X40=202 X41=215 X42=270 X43=38 X44=67 X45=191 X46=280 X47=345 X48=20 X49=111 X50=268 X51=6 X52=15 X53=27 X54=118 X55=392 X56=19 X57=95 X58=129 X59=315 X60=21 X61=82 X62=122 X63=330 X64=4 X65=43 X66=63 X67=76 X68=225 X69=267 X70=310 X71=329 X72=355 X73=370 X74=398 X75=174 X76=28 X77=97 X78=223 X79=230 X80=320 X81=91 X82=172 X83=265 X84=11 X85=18 X86=24 X87=47 X88=154 X89=251 X90=301 X91=397 X92=140 X93=149 X94=299 X95=334 X96=396 X97=208 X98=302 X99=319 X100=108 X101=144 X102=190 X103=387 X104=29 X105=272 X106=395 X107=72 X108=214 X109=324 X110=139 X111=233 X112=391 X113=1 X114=3 X115=25 X116=152 X117=2 X118=8 X119=369 X120=368 X121=201 X122=9 X123=7 X124=104 X125=217 X126=57 X127=271 X128=78 X129=259 X130=343 X131=55 X132=361 X133=46 X134=16 X135=182 X136=69 X137=256 X138=346 X139=365 X140=372 X141=54 X142=83 X143=175 X144=242 X145=344 X146=348 X147=13 X148=56 X149=59 X150=74 X151=75 X152=81 X153=86 X154=186 X155=210 X156=229 X157=328 X158=207 X159=252 
d NODES 160

   totalWckTime=4.93  totalCpuTime=5.009
