
   AbsCon 1.41 (January, 2014) - defaultConfiguration

   
   instance
        framework=CSP  name=Isomorphism-/cluster/gpg/ciaran/sip-benchmarks/benchmarks/si4_rand_r005_400/si4_r005_m400.08/pattern-/cluster/gpg/ciaran/sip-benchmarks/benchmarks/si4_rand_r005_400/si4_r005_m400.08/target
        parameters=/cluster/gpg/ciaran/sip-benchmarks/benchmarks/si4_rand_r005_400/si4_r005_m400.08/pattern,/cluster/gpg/ciaran/sip-benchmarks/benchmarks/si4_rand_r005_400/si4_r005_m400.08/target
      

   loading variables...
        nbVariables=160  nbDomainTypes=1  nbTotalValues=64000  domainSizes=(400:160)
          =>  wckTime=0.245  cpuTime=0.319  mem=7M825

   loading objectives...

   loading constraints...
        nbConstraints=1231  nbSpecificConstraints=1  nbExtensionStructures=(1,shared:1229)  nbConflictsStructures=(1,shared:1229,unbuilt:1)
        degrees=(6:1)(7:1)(10:2)...(25:1)(26:1)(27:1)  arities=(2:1230)(160:1)  types=(AllDifferent:1)(ConstraintHardExtensionV-Bits:1230)
          =>  wckTime=0.747  cpuTime=0.777  mem=28M942

   INFO : <!-- Start saving the XML representation -->

   INFO : <!-- Stop saving the XML representation of target.xml -->

   Solver SolverBacktrack being built... 
          =>  wckTime=1.019  cpuTime=1.02  mem=55M864

    instantiation X0=67 X1=118 X2=323 X3=303 X4=159 X5=171 X6=325 X7=392 X8=78 X9=74 X10=227 X11=132 X12=307 X13=282 X14=326 X15=362 X16=375 X17=135 X18=359 X19=316 X20=54 X21=89 X22=374 X23=317 X24=389 X25=158 X26=235 X27=299 X28=17 X29=46 X30=286 X31=109 X32=104 X33=328 X34=8 X35=361 X36=212 X37=49 X38=55 X39=30 X40=127 X41=225 X42=343 X43=390 X44=183 X45=34 X46=91 X47=275 X48=137 X49=39 X50=102 X51=340 X52=324 X53=321 X54=384 X55=100 X56=172 X57=305 X58=164 X59=257 X60=284 X61=229 X62=38 X63=254 X64=122 X65=97 X66=268 X67=304 X68=346 X69=287 X70=26 X71=98 X72=385 X73=27 X74=31 X75=372 X76=94 X77=114 X78=3 X79=82 X80=311 X81=0 X82=144 X83=170 X84=106 X85=344 X86=16 X87=65 X88=197 X89=129 X90=119 X91=221 X92=285 X93=358 X94=64 X95=281 X96=260 X97=22 X98=192 X99=143 X100=162 X101=319 X102=371 X103=314 X104=42 X105=23 X106=330 X107=63 X108=353 X109=226 X110=387 X111=391 X112=298 X113=151 X114=368 X115=168 X116=1 X117=56 X118=93 X119=367 X120=341 X121=146 X122=95 X123=249 X124=250 X125=50 X126=191 X127=147 X128=115 X129=208 X130=379 X131=277 X132=177 X133=381 X134=296 X135=248 X136=302 X137=194 X138=207 X139=180 X140=220 X141=322 X142=396 X143=245 X144=237 X145=294 X146=215 X147=258 X148=265 X149=211 X150=378 X151=14 X152=138 X153=18 X154=218 X155=123 X156=377 X157=253 X158=108 X159=394 

    solution X0=67 X1=118 X2=323 X3=303 X4=159 X5=171 X6=325 X7=392 X8=78 X9=74 X10=227 X11=132 X12=307 X13=282 X14=326 X15=362 X16=375 X17=135 X18=359 X19=316 X20=54 X21=89 X22=374 X23=317 X24=389 X25=158 X26=235 X27=299 X28=17 X29=46 X30=286 X31=109 X32=104 X33=328 X34=8 X35=361 X36=212 X37=49 X38=55 X39=30 X40=127 X41=225 X42=343 X43=390 X44=183 X45=34 X46=91 X47=275 X48=137 X49=39 X50=102 X51=340 X52=324 X53=321 X54=384 X55=100 X56=172 X57=305 X58=164 X59=257 X60=284 X61=229 X62=38 X63=254 X64=122 X65=97 X66=268 X67=304 X68=346 X69=287 X70=26 X71=98 X72=385 X73=27 X74=31 X75=372 X76=94 X77=114 X78=3 X79=82 X80=311 X81=0 X82=144 X83=170 X84=106 X85=344 X86=16 X87=65 X88=197 X89=129 X90=119 X91=221 X92=285 X93=358 X94=64 X95=281 X96=260 X97=22 X98=192 X99=143 X100=162 X101=319 X102=371 X103=314 X104=42 X105=23 X106=330 X107=63 X108=353 X109=226 X110=387 X111=391 X112=298 X113=151 X114=368 X115=168 X116=1 X117=56 X118=93 X119=367 X120=341 X121=146 X122=95 X123=249 X124=250 X125=50 X126=191 X127=147 X128=115 X129=208 X130=379 X131=277 X132=177 X133=381 X134=296 X135=248 X136=302 X137=194 X138=207 X139=180 X140=220 X141=322 X142=396 X143=245 X144=237 X145=294 X146=215 X147=258 X148=265 X149=211 X150=378 X151=14 X152=138 X153=18 X154=218 X155=123 X156=377 X157=253 X158=108 X159=394 

   
   search
        run=0  nbConstraintChecks=1231  depth=(min:0,max:159,avg:1)  nbEffectivePropagations=415059  nbRevisions=4785501  nbUselessRevisions=4492490
        nbAssignments=4626  nbFailedAssignments=4101  nbBacktracks=365  nbVisitedNodes=9012  nbRestartNogoods=0  nbFoundSolutions=1
        upperBound=9223372036854775807
          =>  wckTime=605.554  cpuTime=603.982  mem=133M976

   
   global
        nbConstraintChecks=1231  nbEffectivePropagations=415059  nbRevisions=4785501  nbUselessRevisions=4492490  nbRestartNogoods=0
        solvingWckTime=605.555  expiredTime=no  totalExploration=no  nbFoundSolutions=1  firstSolutionCpuTime=603.975  Stop=REACHED_GOAL
          =>  wckTime=606.574  cpuTime=603.982  mem=133M976

s SATISFIABLE
v X0=67 X1=118 X2=323 X3=303 X4=159 X5=171 X6=325 X7=392 X8=78 X9=74 X10=227 X11=132 X12=307 X13=282 X14=326 X15=362 X16=375 X17=135 X18=359 X19=316 X20=54 X21=89 X22=374 X23=317 X24=389 X25=158 X26=235 X27=299 X28=17 X29=46 X30=286 X31=109 X32=104 X33=328 X34=8 X35=361 X36=212 X37=49 X38=55 X39=30 X40=127 X41=225 X42=343 X43=390 X44=183 X45=34 X46=91 X47=275 X48=137 X49=39 X50=102 X51=340 X52=324 X53=321 X54=384 X55=100 X56=172 X57=305 X58=164 X59=257 X60=284 X61=229 X62=38 X63=254 X64=122 X65=97 X66=268 X67=304 X68=346 X69=287 X70=26 X71=98 X72=385 X73=27 X74=31 X75=372 X76=94 X77=114 X78=3 X79=82 X80=311 X81=0 X82=144 X83=170 X84=106 X85=344 X86=16 X87=65 X88=197 X89=129 X90=119 X91=221 X92=285 X93=358 X94=64 X95=281 X96=260 X97=22 X98=192 X99=143 X100=162 X101=319 X102=371 X103=314 X104=42 X105=23 X106=330 X107=63 X108=353 X109=226 X110=387 X111=391 X112=298 X113=151 X114=368 X115=168 X116=1 X117=56 X118=93 X119=367 X120=341 X121=146 X122=95 X123=249 X124=250 X125=50 X126=191 X127=147 X128=115 X129=208 X130=379 X131=277 X132=177 X133=381 X134=296 X135=248 X136=302 X137=194 X138=207 X139=180 X140=220 X141=322 X142=396 X143=245 X144=237 X145=294 X146=215 X147=258 X148=265 X149=211 X150=378 X151=14 X152=138 X153=18 X154=218 X155=123 X156=377 X157=253 X158=108 X159=394 
d NODES 4626

   totalWckTime=606.458  totalCpuTime=603.983
