
   AbsCon 1.41 (January, 2014) - defaultConfiguration

   
   instance
        framework=CSP  name=Isomorphism-/cluster/gpg/ciaran/sip-benchmarks/benchmarks/si4_rand_r001_400/si4_r001_m400.01/pattern-/cluster/gpg/ciaran/sip-benchmarks/benchmarks/si4_rand_r001_400/si4_r001_m400.01/target
        parameters=/cluster/gpg/ciaran/sip-benchmarks/benchmarks/si4_rand_r001_400/si4_r001_m400.01/pattern,/cluster/gpg/ciaran/sip-benchmarks/benchmarks/si4_rand_r001_400/si4_r001_m400.01/target
      

   loading variables...
        nbVariables=160  nbDomainTypes=1  nbTotalValues=64000  domainSizes=(400:160)
          =>  wckTime=0.223  cpuTime=0.372  mem=6M540

   loading objectives...

   loading constraints...
        nbConstraints=295  nbSpecificConstraints=1  nbExtensionStructures=(1,shared:293)  nbConflictsStructures=(1,shared:293,unbuilt:1)
        degrees=(2:15)(3:32)(4:36)...(9:2)(10:2)(12:1)  arities=(2:294)(160:1)  types=(AllDifferent:1)(ConstraintHardExtensionV-Bits:294)
          =>  wckTime=0.363  cpuTime=0.503  mem=15M678

   INFO : <!-- Start saving the XML representation -->

   INFO : <!-- Stop saving the XML representation of target.xml -->

   Solver SolverBacktrack being built... 
          =>  wckTime=0.657  cpuTime=0.745  mem=29M797

    instantiation X0=376 X1=80 X2=199 X3=141 X4=234 X5=90 X6=4 X7=39 X8=233 X9=312 X10=42 X11=274 X12=181 X13=285 X14=329 X15=266 X16=170 X17=353 X18=243 X19=102 X20=161 X21=188 X22=179 X23=153 X24=393 X25=209 X26=230 X27=387 X28=185 X29=280 X30=116 X31=340 X32=106 X33=324 X34=89 X35=79 X36=122 X37=380 X38=12 X39=358 X40=332 X41=158 X42=76 X43=34 X44=54 X45=315 X46=13 X47=369 X48=45 X49=292 X50=378 X51=127 X52=250 X53=205 X54=62 X55=31 X56=169 X57=162 X58=204 X59=314 X60=248 X61=212 X62=142 X63=386 X64=259 X65=51 X66=49 X67=99 X68=349 X69=255 X70=135 X71=191 X72=282 X73=33 X74=215 X75=251 X76=289 X77=84 X78=374 X79=310 X80=225 X81=216 X82=196 X83=276 X84=19 X85=359 X86=182 X87=69 X88=232 X89=17 X90=133 X91=399 X92=92 X93=110 X94=165 X95=187 X96=236 X97=36 X98=214 X99=46 X100=325 X101=11 X102=115 X103=18 X104=279 X105=111 X106=41 X107=159 X108=138 X109=94 X110=307 X111=25 X112=371 X113=367 X114=8 X115=296 X116=75 X117=105 X118=65 X119=160 X120=220 X121=88 X122=52 X123=337 X124=221 X125=23 X126=118 X127=38 X128=331 X129=395 X130=166 X131=28 X132=109 X133=139 X134=263 X135=197 X136=319 X137=57 X138=130 X139=22 X140=362 X141=104 X142=60 X143=256 X144=389 X145=9 X146=355 X147=198 X148=119 X149=2 X150=125 X151=334 X152=147 X153=227 X154=1 X155=26 X156=224 X157=154 X158=391 X159=295 

    solution X0=376 X1=80 X2=199 X3=141 X4=234 X5=90 X6=4 X7=39 X8=233 X9=312 X10=42 X11=274 X12=181 X13=285 X14=329 X15=266 X16=170 X17=353 X18=243 X19=102 X20=161 X21=188 X22=179 X23=153 X24=393 X25=209 X26=230 X27=387 X28=185 X29=280 X30=116 X31=340 X32=106 X33=324 X34=89 X35=79 X36=122 X37=380 X38=12 X39=358 X40=332 X41=158 X42=76 X43=34 X44=54 X45=315 X46=13 X47=369 X48=45 X49=292 X50=378 X51=127 X52=250 X53=205 X54=62 X55=31 X56=169 X57=162 X58=204 X59=314 X60=248 X61=212 X62=142 X63=386 X64=259 X65=51 X66=49 X67=99 X68=349 X69=255 X70=135 X71=191 X72=282 X73=33 X74=215 X75=251 X76=289 X77=84 X78=374 X79=310 X80=225 X81=216 X82=196 X83=276 X84=19 X85=359 X86=182 X87=69 X88=232 X89=17 X90=133 X91=399 X92=92 X93=110 X94=165 X95=187 X96=236 X97=36 X98=214 X99=46 X100=325 X101=11 X102=115 X103=18 X104=279 X105=111 X106=41 X107=159 X108=138 X109=94 X110=307 X111=25 X112=371 X113=367 X114=8 X115=296 X116=75 X117=105 X118=65 X119=160 X120=220 X121=88 X122=52 X123=337 X124=221 X125=23 X126=118 X127=38 X128=331 X129=395 X130=166 X131=28 X132=109 X133=139 X134=263 X135=197 X136=319 X137=57 X138=130 X139=22 X140=362 X141=104 X142=60 X143=256 X144=389 X145=9 X146=355 X147=198 X148=119 X149=2 X150=125 X151=334 X152=147 X153=227 X154=1 X155=26 X156=224 X157=154 X158=391 X159=295 

   
   search
        run=0  nbConstraintChecks=295  depth=(min:0,max:159,avg:1)  nbEffectivePropagations=157  nbRevisions=4373  nbUselessRevisions=4255
        nbAssignments=393  nbFailedAssignments=233  nbBacktracks=0  nbVisitedNodes=627  nbRestartNogoods=0  nbFoundSolutions=1
        upperBound=9223372036854775807
          =>  wckTime=10.829  cpuTime=11.462  mem=182M343

   
   global
        nbConstraintChecks=295  nbEffectivePropagations=157  nbRevisions=4373  nbUselessRevisions=4255  nbRestartNogoods=0  solvingWckTime=10.829
        expiredTime=no  totalExploration=no  nbFoundSolutions=1  firstSolutionCpuTime=11.458  Stop=REACHED_GOAL
          =>  wckTime=11.487  cpuTime=11.462  mem=182M343

s SATISFIABLE
v X0=376 X1=80 X2=199 X3=141 X4=234 X5=90 X6=4 X7=39 X8=233 X9=312 X10=42 X11=274 X12=181 X13=285 X14=329 X15=266 X16=170 X17=353 X18=243 X19=102 X20=161 X21=188 X22=179 X23=153 X24=393 X25=209 X26=230 X27=387 X28=185 X29=280 X30=116 X31=340 X32=106 X33=324 X34=89 X35=79 X36=122 X37=380 X38=12 X39=358 X40=332 X41=158 X42=76 X43=34 X44=54 X45=315 X46=13 X47=369 X48=45 X49=292 X50=378 X51=127 X52=250 X53=205 X54=62 X55=31 X56=169 X57=162 X58=204 X59=314 X60=248 X61=212 X62=142 X63=386 X64=259 X65=51 X66=49 X67=99 X68=349 X69=255 X70=135 X71=191 X72=282 X73=33 X74=215 X75=251 X76=289 X77=84 X78=374 X79=310 X80=225 X81=216 X82=196 X83=276 X84=19 X85=359 X86=182 X87=69 X88=232 X89=17 X90=133 X91=399 X92=92 X93=110 X94=165 X95=187 X96=236 X97=36 X98=214 X99=46 X100=325 X101=11 X102=115 X103=18 X104=279 X105=111 X106=41 X107=159 X108=138 X109=94 X110=307 X111=25 X112=371 X113=367 X114=8 X115=296 X116=75 X117=105 X118=65 X119=160 X120=220 X121=88 X122=52 X123=337 X124=221 X125=23 X126=118 X127=38 X128=331 X129=395 X130=166 X131=28 X132=109 X133=139 X134=263 X135=197 X136=319 X137=57 X138=130 X139=22 X140=362 X141=104 X142=60 X143=256 X144=389 X145=9 X146=355 X147=198 X148=119 X149=2 X150=125 X151=334 X152=147 X153=227 X154=1 X155=26 X156=224 X157=154 X158=391 X159=295 
d NODES 393

   totalWckTime=11.375  totalCpuTime=11.463
