
   AbsCon 1.41 (January, 2014) - defaultConfiguration

   
   instance
        framework=CSP  name=Isomorphism-/cluster/gpg/ciaran/sip-benchmarks/benchmarks/si4_bvg_b09_400/si4_b09_m400.06/pattern-/cluster/gpg/ciaran/sip-benchmarks/benchmarks/si4_bvg_b09_400/si4_b09_m400.06/target
        parameters=/cluster/gpg/ciaran/sip-benchmarks/benchmarks/si4_bvg_b09_400/si4_b09_m400.06/pattern,/cluster/gpg/ciaran/sip-benchmarks/benchmarks/si4_bvg_b09_400/si4_b09_m400.06/target
      

   loading variables...
        nbVariables=160  nbDomainTypes=1  nbTotalValues=64000  domainSizes=(400:160)
          =>  wckTime=0.204  cpuTime=0.303  mem=6M441

   loading objectives...

   loading constraints...
        nbConstraints=697  nbSpecificConstraints=1  nbExtensionStructures=(1,shared:695)  nbConflictsStructures=(1,shared:695,unbuilt:1)
        degrees=(5:2)(6:4)(7:4)(8:4)(9:2)(10:144)  arities=(2:696)(160:1)  types=(AllDifferent:1)(ConstraintHardExtensionV-Bits:696)
          =>  wckTime=0.475  cpuTime=0.553  mem=27M549

   INFO : <!-- Start saving the XML representation -->

   INFO : <!-- Stop saving the XML representation of target.xml -->

   Solver SolverBacktrack being built... 
          =>  wckTime=0.763  cpuTime=0.796  mem=23M672

    instantiation X0=0 X1=15 X2=40 X3=79 X4=105 X5=240 X6=252 X7=298 X8=299 X9=393 X10=12 X11=288 X12=361 X13=392 X14=167 X15=171 X16=172 X17=318 X18=312 X19=338 X20=336 X21=93 X22=234 X23=80 X24=36 X25=382 X26=19 X27=161 X28=186 X29=394 X30=366 X31=116 X32=99 X33=279 X34=375 X35=33 X36=331 X37=1 X38=335 X39=4 X40=63 X41=182 X42=37 X43=57 X44=193 X45=66 X46=140 X47=395 X48=237 X49=261 X50=139 X51=289 X52=160 X53=103 X54=96 X55=18 X56=158 X57=128 X58=305 X59=315 X60=385 X61=50 X62=255 X63=7 X64=232 X65=228 X66=210 X67=102 X68=216 X69=117 X70=224 X71=249 X72=370 X73=120 X74=87 X75=326 X76=60 X77=168 X78=204 X79=282 X80=134 X81=76 X82=342 X83=365 X84=55 X85=159 X86=77 X87=257 X88=192 X89=141 X90=247 X91=83 X92=59 X93=242 X94=91 X95=259 X96=292 X97=26 X98=372 X99=22 X100=272 X101=88 X102=110 X103=373 X104=97 X105=200 X106=294 X107=306 X108=321 X109=98 X110=364 X111=389 X112=277 X113=360 X114=398 X115=62 X116=23 X117=149 X118=290 X119=72 X120=231 X121=75 X122=267 X123=390 X124=89 X125=230 X126=187 X127=5 X128=330 X129=220 X130=268 X131=275 X132=339 X133=353 X134=386 X135=236 X136=177 X137=51 X138=44 X139=349 X140=317 X141=350 X142=118 X143=368 X144=190 X145=311 X146=130 X147=113 X148=214 X149=169 X150=85 X151=135 X152=359 X153=78 X154=108 X155=133 X156=165 X157=2 X158=325 X159=341 

    solution X0=0 X1=15 X2=40 X3=79 X4=105 X5=240 X6=252 X7=298 X8=299 X9=393 X10=12 X11=288 X12=361 X13=392 X14=167 X15=171 X16=172 X17=318 X18=312 X19=338 X20=336 X21=93 X22=234 X23=80 X24=36 X25=382 X26=19 X27=161 X28=186 X29=394 X30=366 X31=116 X32=99 X33=279 X34=375 X35=33 X36=331 X37=1 X38=335 X39=4 X40=63 X41=182 X42=37 X43=57 X44=193 X45=66 X46=140 X47=395 X48=237 X49=261 X50=139 X51=289 X52=160 X53=103 X54=96 X55=18 X56=158 X57=128 X58=305 X59=315 X60=385 X61=50 X62=255 X63=7 X64=232 X65=228 X66=210 X67=102 X68=216 X69=117 X70=224 X71=249 X72=370 X73=120 X74=87 X75=326 X76=60 X77=168 X78=204 X79=282 X80=134 X81=76 X82=342 X83=365 X84=55 X85=159 X86=77 X87=257 X88=192 X89=141 X90=247 X91=83 X92=59 X93=242 X94=91 X95=259 X96=292 X97=26 X98=372 X99=22 X100=272 X101=88 X102=110 X103=373 X104=97 X105=200 X106=294 X107=306 X108=321 X109=98 X110=364 X111=389 X112=277 X113=360 X114=398 X115=62 X116=23 X117=149 X118=290 X119=72 X120=231 X121=75 X122=267 X123=390 X124=89 X125=230 X126=187 X127=5 X128=330 X129=220 X130=268 X131=275 X132=339 X133=353 X134=386 X135=236 X136=177 X137=51 X138=44 X139=349 X140=317 X141=350 X142=118 X143=368 X144=190 X145=311 X146=130 X147=113 X148=214 X149=169 X150=85 X151=135 X152=359 X153=78 X154=108 X155=133 X156=165 X157=2 X158=325 X159=341 

   
   search
        run=0  nbConstraintChecks=697  depth=(min:161,max:159,avg:0)  nbEffectivePropagations=2  nbRevisions=3410  nbUselessRevisions=3410
        nbAssignments=160  nbFailedAssignments=0  nbBacktracks=0  nbVisitedNodes=161  nbRestartNogoods=0  nbFoundSolutions=1
        upperBound=9223372036854775807
          =>  wckTime=5.21  cpuTime=5.903  mem=96M648

   
   global
        nbConstraintChecks=697  nbEffectivePropagations=2  nbRevisions=3410  nbUselessRevisions=3410  nbRestartNogoods=0  solvingWckTime=5.211
        expiredTime=no  totalExploration=no  nbFoundSolutions=1  firstSolutionCpuTime=5.894  Stop=REACHED_GOAL
          =>  wckTime=5.974  cpuTime=5.904  mem=96M648

s SATISFIABLE
v X0=0 X1=15 X2=40 X3=79 X4=105 X5=240 X6=252 X7=298 X8=299 X9=393 X10=12 X11=288 X12=361 X13=392 X14=167 X15=171 X16=172 X17=318 X18=312 X19=338 X20=336 X21=93 X22=234 X23=80 X24=36 X25=382 X26=19 X27=161 X28=186 X29=394 X30=366 X31=116 X32=99 X33=279 X34=375 X35=33 X36=331 X37=1 X38=335 X39=4 X40=63 X41=182 X42=37 X43=57 X44=193 X45=66 X46=140 X47=395 X48=237 X49=261 X50=139 X51=289 X52=160 X53=103 X54=96 X55=18 X56=158 X57=128 X58=305 X59=315 X60=385 X61=50 X62=255 X63=7 X64=232 X65=228 X66=210 X67=102 X68=216 X69=117 X70=224 X71=249 X72=370 X73=120 X74=87 X75=326 X76=60 X77=168 X78=204 X79=282 X80=134 X81=76 X82=342 X83=365 X84=55 X85=159 X86=77 X87=257 X88=192 X89=141 X90=247 X91=83 X92=59 X93=242 X94=91 X95=259 X96=292 X97=26 X98=372 X99=22 X100=272 X101=88 X102=110 X103=373 X104=97 X105=200 X106=294 X107=306 X108=321 X109=98 X110=364 X111=389 X112=277 X113=360 X114=398 X115=62 X116=23 X117=149 X118=290 X119=72 X120=231 X121=75 X122=267 X123=390 X124=89 X125=230 X126=187 X127=5 X128=330 X129=220 X130=268 X131=275 X132=339 X133=353 X134=386 X135=236 X136=177 X137=51 X138=44 X139=349 X140=317 X141=350 X142=118 X143=368 X144=190 X145=311 X146=130 X147=113 X148=214 X149=169 X150=85 X151=135 X152=359 X153=78 X154=108 X155=133 X156=165 X157=2 X158=325 X159=341 
d NODES 160

   totalWckTime=5.874  totalCpuTime=5.904
