
   AbsCon 1.41 (January, 2014) - defaultConfiguration

   
   instance
        framework=CSP  name=Isomorphism-/cluster/gpg/ciaran/sip-benchmarks/benchmarks/si4_rand_r005_600/si4_r005_m600.00/pattern-/cluster/gpg/ciaran/sip-benchmarks/benchmarks/si4_rand_r005_600/si4_r005_m600.00/target
        parameters=/cluster/gpg/ciaran/sip-benchmarks/benchmarks/si4_rand_r005_600/si4_r005_m600.00/pattern,/cluster/gpg/ciaran/sip-benchmarks/benchmarks/si4_rand_r005_600/si4_r005_m600.00/target
      

   loading variables...
        nbVariables=240  nbDomainTypes=1  nbTotalValues=144000  domainSizes=(600:240)
          =>  wckTime=0.251  cpuTime=0.35  mem=12M825

   loading objectives...

   loading constraints...
        nbConstraints=2852  nbSpecificConstraints=1  nbExtensionStructures=(1,shared:2850)  nbConflictsStructures=(1,shared:2850,unbuilt:1)
        degrees=(11:1)(13:2)(14:1)...(37:1)(38:2)(39:1)  arities=(2:2851)(240:1)  types=(AllDifferent:1)(ConstraintHardExtensionV-Bits:2851)
          =>  wckTime=2.308  cpuTime=2.335  mem=100M896

   INFO : <!-- Start saving the XML representation -->

   INFO : <!-- Stop saving the XML representation of target.xml -->

   Solver SolverBacktrack being built... 
          =>  wckTime=2.692  cpuTime=2.684  mem=164M811

    instantiation X0=44 X1=226 X2=583 X3=191 X4=14 X5=151 X6=267 X7=279 X8=480 X9=116 X10=494 X11=94 X12=574 X13=336 X14=128 X15=58 X16=521 X17=456 X18=584 X19=553 X20=418 X21=101 X22=127 X23=290 X24=427 X25=442 X26=142 X27=118 X28=589 X29=286 X30=7 X31=469 X32=422 X33=406 X34=549 X35=409 X36=587 X37=405 X38=156 X39=50 X40=527 X41=43 X42=26 X43=594 X44=55 X45=499 X46=289 X47=580 X48=588 X49=578 X50=423 X51=590 X52=368 X53=16 X54=341 X55=507 X56=13 X57=283 X58=543 X59=421 X60=95 X61=565 X62=209 X63=194 X64=321 X65=446 X66=133 X67=129 X68=496 X69=176 X70=503 X71=274 X72=228 X73=581 X74=80 X75=189 X76=233 X77=520 X78=471 X79=501 X80=212 X81=153 X82=339 X83=180 X84=413 X85=393 X86=515 X87=358 X88=186 X89=294 X90=83 X91=281 X92=84 X93=2 X94=348 X95=244 X96=123 X97=64 X98=457 X99=30 X100=184 X101=400 X102=397 X103=562 X104=148 X105=326 X106=124 X107=264 X108=477 X109=27 X110=449 X111=230 X112=271 X113=33 X114=435 X115=246 X116=591 X117=45 X118=333 X119=434 X120=403 X121=9 X122=455 X123=202 X124=346 X125=511 X126=592 X127=288 X128=542 X129=270 X130=452 X131=52 X132=551 X133=419 X134=4 X135=308 X136=396 X137=87 X138=575 X139=454 X140=257 X141=340 X142=402 X143=210 X144=249 X145=245 X146=222 X147=5 X148=467 X149=241 X150=593 X151=351 X152=28 X153=439 X154=489 X155=502 X156=518 X157=65 X158=287 X159=66 X160=150 X161=447 X162=310 X163=96 X164=187 X165=498 X166=89 X167=531 X168=312 X169=220 X170=301 X171=19 X172=526 X173=399 X174=104 X175=71 X176=238 X177=193 X178=227 X179=460 X180=426 X181=582 X182=23 X183=35 X184=109 X185=327 X186=265 X187=72 X188=372 X189=197 X190=572 X191=424 X192=54 X193=105 X194=275 X195=161 X196=38 X197=302 X198=155 X199=110 X200=167 X201=335 X202=386 X203=576 X204=225 X205=483 X206=112 X207=68 X208=168 X209=299 X210=479 X211=415 X212=258 X213=473 X214=444 X215=324 X216=554 X217=154 X218=360 X219=366 X220=219 X221=41 X222=141 X223=119 X224=505 X225=113 X226=461 X227=46 X228=3 X229=381 X230=106 X231=273 X232=278 X233=298 X234=568 X235=107 X236=401 X237=86 X238=162 X239=599 

    solution X0=44 X1=226 X2=583 X3=191 X4=14 X5=151 X6=267 X7=279 X8=480 X9=116 X10=494 X11=94 X12=574 X13=336 X14=128 X15=58 X16=521 X17=456 X18=584 X19=553 X20=418 X21=101 X22=127 X23=290 X24=427 X25=442 X26=142 X27=118 X28=589 X29=286 X30=7 X31=469 X32=422 X33=406 X34=549 X35=409 X36=587 X37=405 X38=156 X39=50 X40=527 X41=43 X42=26 X43=594 X44=55 X45=499 X46=289 X47=580 X48=588 X49=578 X50=423 X51=590 X52=368 X53=16 X54=341 X55=507 X56=13 X57=283 X58=543 X59=421 X60=95 X61=565 X62=209 X63=194 X64=321 X65=446 X66=133 X67=129 X68=496 X69=176 X70=503 X71=274 X72=228 X73=581 X74=80 X75=189 X76=233 X77=520 X78=471 X79=501 X80=212 X81=153 X82=339 X83=180 X84=413 X85=393 X86=515 X87=358 X88=186 X89=294 X90=83 X91=281 X92=84 X93=2 X94=348 X95=244 X96=123 X97=64 X98=457 X99=30 X100=184 X101=400 X102=397 X103=562 X104=148 X105=326 X106=124 X107=264 X108=477 X109=27 X110=449 X111=230 X112=271 X113=33 X114=435 X115=246 X116=591 X117=45 X118=333 X119=434 X120=403 X121=9 X122=455 X123=202 X124=346 X125=511 X126=592 X127=288 X128=542 X129=270 X130=452 X131=52 X132=551 X133=419 X134=4 X135=308 X136=396 X137=87 X138=575 X139=454 X140=257 X141=340 X142=402 X143=210 X144=249 X145=245 X146=222 X147=5 X148=467 X149=241 X150=593 X151=351 X152=28 X153=439 X154=489 X155=502 X156=518 X157=65 X158=287 X159=66 X160=150 X161=447 X162=310 X163=96 X164=187 X165=498 X166=89 X167=531 X168=312 X169=220 X170=301 X171=19 X172=526 X173=399 X174=104 X175=71 X176=238 X177=193 X178=227 X179=460 X180=426 X181=582 X182=23 X183=35 X184=109 X185=327 X186=265 X187=72 X188=372 X189=197 X190=572 X191=424 X192=54 X193=105 X194=275 X195=161 X196=38 X197=302 X198=155 X199=110 X200=167 X201=335 X202=386 X203=576 X204=225 X205=483 X206=112 X207=68 X208=168 X209=299 X210=479 X211=415 X212=258 X213=473 X214=444 X215=324 X216=554 X217=154 X218=360 X219=366 X220=219 X221=41 X222=141 X223=119 X224=505 X225=113 X226=461 X227=46 X228=3 X229=381 X230=106 X231=273 X232=278 X233=298 X234=568 X235=107 X236=401 X237=86 X238=162 X239=599 

   
   search
        run=0  nbConstraintChecks=2852  depth=(min:0,max:239,avg:1)  nbEffectivePropagations=24300  nbRevisions=432481  nbUselessRevisions=413603
        nbAssignments=419  nbFailedAssignments=167  nbBacktracks=12  nbVisitedNodes=596  nbRestartNogoods=0  nbFoundSolutions=1
        upperBound=9223372036854775807
          =>  wckTime=129.966  cpuTime=132.279  mem=252M741

   
   global
        nbConstraintChecks=2852  nbEffectivePropagations=24300  nbRevisions=432481  nbUselessRevisions=413603  nbRestartNogoods=0
        solvingWckTime=129.967  expiredTime=no  totalExploration=no  nbFoundSolutions=1  firstSolutionCpuTime=132.271  Stop=REACHED_GOAL
          =>  wckTime=132.659  cpuTime=132.28  mem=252M741

s SATISFIABLE
v X0=44 X1=226 X2=583 X3=191 X4=14 X5=151 X6=267 X7=279 X8=480 X9=116 X10=494 X11=94 X12=574 X13=336 X14=128 X15=58 X16=521 X17=456 X18=584 X19=553 X20=418 X21=101 X22=127 X23=290 X24=427 X25=442 X26=142 X27=118 X28=589 X29=286 X30=7 X31=469 X32=422 X33=406 X34=549 X35=409 X36=587 X37=405 X38=156 X39=50 X40=527 X41=43 X42=26 X43=594 X44=55 X45=499 X46=289 X47=580 X48=588 X49=578 X50=423 X51=590 X52=368 X53=16 X54=341 X55=507 X56=13 X57=283 X58=543 X59=421 X60=95 X61=565 X62=209 X63=194 X64=321 X65=446 X66=133 X67=129 X68=496 X69=176 X70=503 X71=274 X72=228 X73=581 X74=80 X75=189 X76=233 X77=520 X78=471 X79=501 X80=212 X81=153 X82=339 X83=180 X84=413 X85=393 X86=515 X87=358 X88=186 X89=294 X90=83 X91=281 X92=84 X93=2 X94=348 X95=244 X96=123 X97=64 X98=457 X99=30 X100=184 X101=400 X102=397 X103=562 X104=148 X105=326 X106=124 X107=264 X108=477 X109=27 X110=449 X111=230 X112=271 X113=33 X114=435 X115=246 X116=591 X117=45 X118=333 X119=434 X120=403 X121=9 X122=455 X123=202 X124=346 X125=511 X126=592 X127=288 X128=542 X129=270 X130=452 X131=52 X132=551 X133=419 X134=4 X135=308 X136=396 X137=87 X138=575 X139=454 X140=257 X141=340 X142=402 X143=210 X144=249 X145=245 X146=222 X147=5 X148=467 X149=241 X150=593 X151=351 X152=28 X153=439 X154=489 X155=502 X156=518 X157=65 X158=287 X159=66 X160=150 X161=447 X162=310 X163=96 X164=187 X165=498 X166=89 X167=531 X168=312 X169=220 X170=301 X171=19 X172=526 X173=399 X174=104 X175=71 X176=238 X177=193 X178=227 X179=460 X180=426 X181=582 X182=23 X183=35 X184=109 X185=327 X186=265 X187=72 X188=372 X189=197 X190=572 X191=424 X192=54 X193=105 X194=275 X195=161 X196=38 X197=302 X198=155 X199=110 X200=167 X201=335 X202=386 X203=576 X204=225 X205=483 X206=112 X207=68 X208=168 X209=299 X210=479 X211=415 X212=258 X213=473 X214=444 X215=324 X216=554 X217=154 X218=360 X219=366 X220=219 X221=41 X222=141 X223=119 X224=505 X225=113 X226=461 X227=46 X228=3 X229=381 X230=106 X231=273 X232=278 X233=298 X234=568 X235=107 X236=401 X237=86 X238=162 X239=599 
d NODES 419

   totalWckTime=132.539  totalCpuTime=132.28
