
   AbsCon 1.41 (January, 2014) - defaultConfiguration

   
   instance
        framework=CSP  name=Isomorphism-/cluster/gpg/ciaran/sip-benchmarks/benchmarks/si4_m4D_m4Dr2_256/si4_m4Dr2_m256.03/pattern-/cluster/gpg/ciaran/sip-benchmarks/benchmarks/si4_m4D_m4Dr2_256/si4_m4Dr2_m256.03/target
        parameters=/cluster/gpg/ciaran/sip-benchmarks/benchmarks/si4_m4D_m4Dr2_256/si4_m4Dr2_m256.03/pattern,/cluster/gpg/ciaran/sip-benchmarks/benchmarks/si4_m4D_m4Dr2_256/si4_m4Dr2_m256.03/target
      

   loading variables...
        nbVariables=102  nbDomainTypes=1  nbTotalValues=26112  domainSizes=(256:102)
          =>  wckTime=0.233  cpuTime=0.391  mem=4M364

   loading objectives...

   loading constraints...
        nbConstraints=199  nbSpecificConstraints=1  nbExtensionStructures=(1,shared:197)  nbConflictsStructures=(1,shared:197,unbuilt:1)
        degrees=(2:14)(3:25)(4:9)...(8:6)(9:5)(10:2)  arities=(2:198)(102:1)  types=(AllDifferent:1)(ConstraintHardExtensionV-Bits:198)
          =>  wckTime=0.315  cpuTime=0.472  mem=11M384

   INFO : <!-- Start saving the XML representation -->

   INFO : <!-- Stop saving the XML representation of target.xml -->

   Solver SolverBacktrack being built... 
          =>  wckTime=0.562  cpuTime=0.695  mem=17M796

    instantiation X0=0 X1=60 X2=68 X3=169 X4=170 X5=27 X6=89 X7=95 X8=144 X9=235 X10=19 X11=113 X12=147 X13=150 X14=189 X15=22 X16=38 X17=40 X18=157 X19=214 X20=28 X21=32 X22=87 X23=112 X24=132 X25=153 X26=31 X27=58 X28=63 X29=172 X30=130 X31=160 X32=140 X33=149 X34=72 X35=134 X36=16 X37=85 X38=111 X39=124 X40=166 X41=39 X42=53 X43=105 X44=23 X45=103 X46=181 X47=238 X48=248 X49=55 X50=219 X51=7 X52=122 X53=201 X54=48 X55=81 X56=141 X57=52 X58=61 X59=121 X60=156 X61=168 X62=179 X63=30 X64=37 X65=64 X66=92 X67=215 X68=42 X69=107 X70=165 X71=240 X72=62 X73=125 X74=173 X75=178 X76=115 X77=231 X78=243 X79=204 X80=9 X81=109 X82=145 X83=232 X84=175 X85=242 X86=194 X87=59 X88=198 X89=79 X90=83 X91=229 X92=2 X93=29 X94=151 X95=193 X96=69 X97=212 X98=50 X99=84 X100=136 X101=148 

    solution X0=0 X1=60 X2=68 X3=169 X4=170 X5=27 X6=89 X7=95 X8=144 X9=235 X10=19 X11=113 X12=147 X13=150 X14=189 X15=22 X16=38 X17=40 X18=157 X19=214 X20=28 X21=32 X22=87 X23=112 X24=132 X25=153 X26=31 X27=58 X28=63 X29=172 X30=130 X31=160 X32=140 X33=149 X34=72 X35=134 X36=16 X37=85 X38=111 X39=124 X40=166 X41=39 X42=53 X43=105 X44=23 X45=103 X46=181 X47=238 X48=248 X49=55 X50=219 X51=7 X52=122 X53=201 X54=48 X55=81 X56=141 X57=52 X58=61 X59=121 X60=156 X61=168 X62=179 X63=30 X64=37 X65=64 X66=92 X67=215 X68=42 X69=107 X70=165 X71=240 X72=62 X73=125 X74=173 X75=178 X76=115 X77=231 X78=243 X79=204 X80=9 X81=109 X82=145 X83=232 X84=175 X85=242 X86=194 X87=59 X88=198 X89=79 X90=83 X91=229 X92=2 X93=29 X94=151 X95=193 X96=69 X97=212 X98=50 X99=84 X100=136 X101=148 

   
   search
        run=0  nbConstraintChecks=199  depth=(min:0,max:101,avg:1)  nbEffectivePropagations=139  nbRevisions=2500  nbUselessRevisions=2410
        nbAssignments=252  nbFailedAssignments=150  nbBacktracks=0  nbVisitedNodes=403  nbRestartNogoods=0  nbFoundSolutions=1
        upperBound=9223372036854775807
          =>  wckTime=1.48  cpuTime=2.11  mem=95M451

   
   global
        nbConstraintChecks=199  nbEffectivePropagations=139  nbRevisions=2500  nbUselessRevisions=2410  nbRestartNogoods=0  solvingWckTime=1.48
        expiredTime=no  totalExploration=no  nbFoundSolutions=1  firstSolutionCpuTime=2.107  Stop=REACHED_GOAL
          =>  wckTime=2.043  cpuTime=2.11  mem=95M451

s SATISFIABLE
v X0=0 X1=60 X2=68 X3=169 X4=170 X5=27 X6=89 X7=95 X8=144 X9=235 X10=19 X11=113 X12=147 X13=150 X14=189 X15=22 X16=38 X17=40 X18=157 X19=214 X20=28 X21=32 X22=87 X23=112 X24=132 X25=153 X26=31 X27=58 X28=63 X29=172 X30=130 X31=160 X32=140 X33=149 X34=72 X35=134 X36=16 X37=85 X38=111 X39=124 X40=166 X41=39 X42=53 X43=105 X44=23 X45=103 X46=181 X47=238 X48=248 X49=55 X50=219 X51=7 X52=122 X53=201 X54=48 X55=81 X56=141 X57=52 X58=61 X59=121 X60=156 X61=168 X62=179 X63=30 X64=37 X65=64 X66=92 X67=215 X68=42 X69=107 X70=165 X71=240 X72=62 X73=125 X74=173 X75=178 X76=115 X77=231 X78=243 X79=204 X80=9 X81=109 X82=145 X83=232 X84=175 X85=242 X86=194 X87=59 X88=198 X89=79 X90=83 X91=229 X92=2 X93=29 X94=151 X95=193 X96=69 X97=212 X98=50 X99=84 X100=136 X101=148 
d NODES 252

   totalWckTime=1.932  totalCpuTime=2.111
