
   AbsCon 1.41 (January, 2014) - defaultConfiguration

   
   instance
        framework=CSP  name=Isomorphism-/cluster/gpg/ciaran/sip-benchmarks/benchmarks/si4_bvg_b06_400/si4_b06_m400.00/pattern-/cluster/gpg/ciaran/sip-benchmarks/benchmarks/si4_bvg_b06_400/si4_b06_m400.00/target
        parameters=/cluster/gpg/ciaran/sip-benchmarks/benchmarks/si4_bvg_b06_400/si4_b06_m400.00/pattern,/cluster/gpg/ciaran/sip-benchmarks/benchmarks/si4_bvg_b06_400/si4_b06_m400.00/target
      

   loading variables...
        nbVariables=160  nbDomainTypes=1  nbTotalValues=64000  domainSizes=(400:160)
          =>  wckTime=0.243  cpuTime=0.396  mem=6M394

   loading objectives...

   loading constraints...
        nbConstraints=475  nbSpecificConstraints=1  nbExtensionStructures=(1,shared:473)  nbConflictsStructures=(1,shared:473,unbuilt:1)
        degrees=(4:2)(5:2)(6:2)(7:154)  arities=(2:474)(160:1)  types=(AllDifferent:1)(ConstraintHardExtensionV-Bits:474)
          =>  wckTime=0.414  cpuTime=0.552  mem=18M297

   INFO : <!-- Start saving the XML representation -->

   INFO : <!-- Stop saving the XML representation of target.xml -->

   Solver SolverBacktrack being built... 
          =>  wckTime=0.682  cpuTime=0.788  mem=22M216

    instantiation X0=0 X1=50 X2=64 X3=120 X4=234 X5=321 X6=330 X7=23 X8=133 X9=237 X10=268 X11=323 X12=96 X13=318 X14=249 X15=253 X16=386 X17=252 X18=30 X19=94 X20=255 X21=231 X22=247 X23=157 X24=293 X25=266 X26=71 X27=111 X28=141 X29=147 X30=277 X31=8 X32=349 X33=375 X34=343 X35=145 X36=332 X37=363 X38=86 X39=216 X40=131 X41=201 X42=243 X43=108 X44=152 X45=261 X46=164 X47=307 X48=182 X49=324 X50=168 X51=378 X52=364 X53=366 X54=333 X55=135 X56=144 X57=311 X58=187 X59=344 X60=26 X61=235 X62=69 X63=143 X64=24 X65=77 X66=281 X67=312 X68=272 X69=117 X70=385 X71=97 X72=82 X73=61 X74=320 X75=34 X76=188 X77=106 X78=206 X79=194 X80=327 X81=134 X82=381 X83=399 X84=380 X85=373 X86=275 X87=274 X88=189 X89=250 X90=297 X91=123 X92=179 X93=146 X94=29 X95=254 X96=130 X97=215 X98=326 X99=200 X100=303 X101=257 X102=54 X103=103 X104=6 X105=163 X106=351 X107=115 X108=248 X109=365 X110=161 X111=221 X112=53 X113=371 X114=159 X115=397 X116=13 X117=36 X118=89 X119=359 X120=98 X121=58 X122=395 X123=302 X124=398 X125=81 X126=370 X127=154 X128=286 X129=361 X130=31 X131=51 X132=226 X133=198 X134=28 X135=236 X136=91 X137=390 X138=224 X139=21 X140=292 X141=158 X142=296 X143=238 X144=65 X145=113 X146=283 X147=67 X148=33 X149=190 X150=15 X151=137 X152=104 X153=218 X154=119 X155=315 X156=102 X157=62 X158=285 X159=294 

    solution X0=0 X1=50 X2=64 X3=120 X4=234 X5=321 X6=330 X7=23 X8=133 X9=237 X10=268 X11=323 X12=96 X13=318 X14=249 X15=253 X16=386 X17=252 X18=30 X19=94 X20=255 X21=231 X22=247 X23=157 X24=293 X25=266 X26=71 X27=111 X28=141 X29=147 X30=277 X31=8 X32=349 X33=375 X34=343 X35=145 X36=332 X37=363 X38=86 X39=216 X40=131 X41=201 X42=243 X43=108 X44=152 X45=261 X46=164 X47=307 X48=182 X49=324 X50=168 X51=378 X52=364 X53=366 X54=333 X55=135 X56=144 X57=311 X58=187 X59=344 X60=26 X61=235 X62=69 X63=143 X64=24 X65=77 X66=281 X67=312 X68=272 X69=117 X70=385 X71=97 X72=82 X73=61 X74=320 X75=34 X76=188 X77=106 X78=206 X79=194 X80=327 X81=134 X82=381 X83=399 X84=380 X85=373 X86=275 X87=274 X88=189 X89=250 X90=297 X91=123 X92=179 X93=146 X94=29 X95=254 X96=130 X97=215 X98=326 X99=200 X100=303 X101=257 X102=54 X103=103 X104=6 X105=163 X106=351 X107=115 X108=248 X109=365 X110=161 X111=221 X112=53 X113=371 X114=159 X115=397 X116=13 X117=36 X118=89 X119=359 X120=98 X121=58 X122=395 X123=302 X124=398 X125=81 X126=370 X127=154 X128=286 X129=361 X130=31 X131=51 X132=226 X133=198 X134=28 X135=236 X136=91 X137=390 X138=224 X139=21 X140=292 X141=158 X142=296 X143=238 X144=65 X145=113 X146=283 X147=67 X148=33 X149=190 X150=15 X151=137 X152=104 X153=218 X154=119 X155=315 X156=102 X157=62 X158=285 X159=294 

   
   search
        run=0  nbConstraintChecks=475  depth=(min:161,max:159,avg:0)  nbEffectivePropagations=2  nbRevisions=2334  nbUselessRevisions=2334
        nbAssignments=160  nbFailedAssignments=0  nbBacktracks=0  nbVisitedNodes=161  nbRestartNogoods=0  nbFoundSolutions=1
        upperBound=9223372036854775807
          =>  wckTime=3.933  cpuTime=4.603  mem=140M828

   
   global
        nbConstraintChecks=475  nbEffectivePropagations=2  nbRevisions=2334  nbUselessRevisions=2334  nbRestartNogoods=0  solvingWckTime=3.934
        expiredTime=no  totalExploration=no  nbFoundSolutions=1  firstSolutionCpuTime=4.595  Stop=REACHED_GOAL
          =>  wckTime=4.617  cpuTime=4.604  mem=140M828

s SATISFIABLE
v X0=0 X1=50 X2=64 X3=120 X4=234 X5=321 X6=330 X7=23 X8=133 X9=237 X10=268 X11=323 X12=96 X13=318 X14=249 X15=253 X16=386 X17=252 X18=30 X19=94 X20=255 X21=231 X22=247 X23=157 X24=293 X25=266 X26=71 X27=111 X28=141 X29=147 X30=277 X31=8 X32=349 X33=375 X34=343 X35=145 X36=332 X37=363 X38=86 X39=216 X40=131 X41=201 X42=243 X43=108 X44=152 X45=261 X46=164 X47=307 X48=182 X49=324 X50=168 X51=378 X52=364 X53=366 X54=333 X55=135 X56=144 X57=311 X58=187 X59=344 X60=26 X61=235 X62=69 X63=143 X64=24 X65=77 X66=281 X67=312 X68=272 X69=117 X70=385 X71=97 X72=82 X73=61 X74=320 X75=34 X76=188 X77=106 X78=206 X79=194 X80=327 X81=134 X82=381 X83=399 X84=380 X85=373 X86=275 X87=274 X88=189 X89=250 X90=297 X91=123 X92=179 X93=146 X94=29 X95=254 X96=130 X97=215 X98=326 X99=200 X100=303 X101=257 X102=54 X103=103 X104=6 X105=163 X106=351 X107=115 X108=248 X109=365 X110=161 X111=221 X112=53 X113=371 X114=159 X115=397 X116=13 X117=36 X118=89 X119=359 X120=98 X121=58 X122=395 X123=302 X124=398 X125=81 X126=370 X127=154 X128=286 X129=361 X130=31 X131=51 X132=226 X133=198 X134=28 X135=236 X136=91 X137=390 X138=224 X139=21 X140=292 X141=158 X142=296 X143=238 X144=65 X145=113 X146=283 X147=67 X148=33 X149=190 X150=15 X151=137 X152=104 X153=218 X154=119 X155=315 X156=102 X157=62 X158=285 X159=294 
d NODES 160

   totalWckTime=4.497  totalCpuTime=4.604
