
   AbsCon 1.41 (January, 2014) - defaultConfiguration

   
   instance
        framework=CSP  name=Isomorphism-/cluster/gpg/ciaran/sip-benchmarks/benchmarks/si4_bvg_b06m_400/si4_b06m_m400.01/pattern-/cluster/gpg/ciaran/sip-benchmarks/benchmarks/si4_bvg_b06m_400/si4_b06m_m400.01/target
        parameters=/cluster/gpg/ciaran/sip-benchmarks/benchmarks/si4_bvg_b06m_400/si4_b06m_m400.01/pattern,/cluster/gpg/ciaran/sip-benchmarks/benchmarks/si4_bvg_b06m_400/si4_b06m_m400.01/target
      

   loading variables...
        nbVariables=160  nbDomainTypes=1  nbTotalValues=64000  domainSizes=(400:160)
          =>  wckTime=0.205  cpuTime=0.305  mem=6M586

   loading objectives...

   loading constraints...
        nbConstraints=357  nbSpecificConstraints=1  nbExtensionStructures=(1,shared:355)  nbConflictsStructures=(1,shared:355,unbuilt:1)
        degrees=(2:6)(3:16)(4:32)...(12:1)(14:1)(16:1)  arities=(2:356)(160:1)  types=(AllDifferent:1)(ConstraintHardExtensionV-Bits:356)
          =>  wckTime=0.362  cpuTime=0.452  mem=13M563

   INFO : <!-- Start saving the XML representation -->

   INFO : <!-- Stop saving the XML representation of target.xml -->

   Solver SolverBacktrack being built... 
          =>  wckTime=0.623  cpuTime=0.677  mem=25M263

    instantiation X0=0 X1=39 X2=48 X3=61 X4=64 X5=66 X6=68 X7=112 X8=115 X9=159 X10=181 X11=271 X12=273 X13=312 X14=349 X15=385 X16=8 X17=284 X18=289 X19=302 X20=321 X21=365 X22=37 X23=88 X24=91 X25=161 X26=286 X27=293 X28=326 X29=386 X30=100 X31=234 X32=381 X33=17 X34=18 X35=127 X36=228 X37=232 X38=316 X39=78 X40=86 X41=214 X42=262 X43=347 X44=374 X45=399 X46=104 X47=5 X48=352 X49=372 X50=14 X51=38 X52=275 X53=332 X54=65 X55=95 X56=269 X57=291 X58=145 X59=120 X60=213 X61=285 X62=30 X63=9 X64=125 X65=3 X66=206 X67=212 X68=73 X69=105 X70=182 X71=201 X72=235 X73=311 X74=390 X75=205 X76=219 X77=121 X78=176 X79=69 X80=185 X81=324 X82=27 X83=231 X84=195 X85=282 X86=300 X87=329 X88=6 X89=290 X90=119 X91=345 X92=369 X93=13 X94=259 X95=19 X96=151 X97=165 X98=187 X99=224 X100=391 X101=2 X102=24 X103=320 X104=71 X105=162 X106=42 X107=53 X108=74 X109=87 X110=128 X111=131 X112=46 X113=138 X114=166 X115=207 X116=303 X117=366 X118=34 X119=239 X120=266 X121=116 X122=204 X123=333 X124=396 X125=144 X126=40 X127=67 X128=308 X129=130 X130=169 X131=297 X132=47 X133=110 X134=257 X135=1 X136=248 X137=188 X138=102 X139=178 X140=272 X141=278 X142=23 X143=60 X144=387 X145=7 X146=191 X147=237 X148=317 X149=335 X150=149 X151=238 X152=148 X153=156 X154=12 X155=172 X156=75 X157=10 X158=21 X159=164 

    solution X0=0 X1=39 X2=48 X3=61 X4=64 X5=66 X6=68 X7=112 X8=115 X9=159 X10=181 X11=271 X12=273 X13=312 X14=349 X15=385 X16=8 X17=284 X18=289 X19=302 X20=321 X21=365 X22=37 X23=88 X24=91 X25=161 X26=286 X27=293 X28=326 X29=386 X30=100 X31=234 X32=381 X33=17 X34=18 X35=127 X36=228 X37=232 X38=316 X39=78 X40=86 X41=214 X42=262 X43=347 X44=374 X45=399 X46=104 X47=5 X48=352 X49=372 X50=14 X51=38 X52=275 X53=332 X54=65 X55=95 X56=269 X57=291 X58=145 X59=120 X60=213 X61=285 X62=30 X63=9 X64=125 X65=3 X66=206 X67=212 X68=73 X69=105 X70=182 X71=201 X72=235 X73=311 X74=390 X75=205 X76=219 X77=121 X78=176 X79=69 X80=185 X81=324 X82=27 X83=231 X84=195 X85=282 X86=300 X87=329 X88=6 X89=290 X90=119 X91=345 X92=369 X93=13 X94=259 X95=19 X96=151 X97=165 X98=187 X99=224 X100=391 X101=2 X102=24 X103=320 X104=71 X105=162 X106=42 X107=53 X108=74 X109=87 X110=128 X111=131 X112=46 X113=138 X114=166 X115=207 X116=303 X117=366 X118=34 X119=239 X120=266 X121=116 X122=204 X123=333 X124=396 X125=144 X126=40 X127=67 X128=308 X129=130 X130=169 X131=297 X132=47 X133=110 X134=257 X135=1 X136=248 X137=188 X138=102 X139=178 X140=272 X141=278 X142=23 X143=60 X144=387 X145=7 X146=191 X147=237 X148=317 X149=335 X150=149 X151=238 X152=148 X153=156 X154=12 X155=172 X156=75 X157=10 X158=21 X159=164 

   
   search
        run=0  nbConstraintChecks=357  depth=(min:161,max:159,avg:0)  nbEffectivePropagations=24  nbRevisions=1038  nbUselessRevisions=1038
        nbAssignments=160  nbFailedAssignments=0  nbBacktracks=0  nbVisitedNodes=161  nbRestartNogoods=0  nbFoundSolutions=1
        upperBound=9223372036854775807
          =>  wckTime=3.915  cpuTime=4.482  mem=189M205

   
   global
        nbConstraintChecks=357  nbEffectivePropagations=24  nbRevisions=1038  nbUselessRevisions=1038  nbRestartNogoods=0  solvingWckTime=3.915
        expiredTime=no  totalExploration=no  nbFoundSolutions=1  firstSolutionCpuTime=4.474  Stop=REACHED_GOAL
          =>  wckTime=4.539  cpuTime=4.483  mem=189M205

s SATISFIABLE
v X0=0 X1=39 X2=48 X3=61 X4=64 X5=66 X6=68 X7=112 X8=115 X9=159 X10=181 X11=271 X12=273 X13=312 X14=349 X15=385 X16=8 X17=284 X18=289 X19=302 X20=321 X21=365 X22=37 X23=88 X24=91 X25=161 X26=286 X27=293 X28=326 X29=386 X30=100 X31=234 X32=381 X33=17 X34=18 X35=127 X36=228 X37=232 X38=316 X39=78 X40=86 X41=214 X42=262 X43=347 X44=374 X45=399 X46=104 X47=5 X48=352 X49=372 X50=14 X51=38 X52=275 X53=332 X54=65 X55=95 X56=269 X57=291 X58=145 X59=120 X60=213 X61=285 X62=30 X63=9 X64=125 X65=3 X66=206 X67=212 X68=73 X69=105 X70=182 X71=201 X72=235 X73=311 X74=390 X75=205 X76=219 X77=121 X78=176 X79=69 X80=185 X81=324 X82=27 X83=231 X84=195 X85=282 X86=300 X87=329 X88=6 X89=290 X90=119 X91=345 X92=369 X93=13 X94=259 X95=19 X96=151 X97=165 X98=187 X99=224 X100=391 X101=2 X102=24 X103=320 X104=71 X105=162 X106=42 X107=53 X108=74 X109=87 X110=128 X111=131 X112=46 X113=138 X114=166 X115=207 X116=303 X117=366 X118=34 X119=239 X120=266 X121=116 X122=204 X123=333 X124=396 X125=144 X126=40 X127=67 X128=308 X129=130 X130=169 X131=297 X132=47 X133=110 X134=257 X135=1 X136=248 X137=188 X138=102 X139=178 X140=272 X141=278 X142=23 X143=60 X144=387 X145=7 X146=191 X147=237 X148=317 X149=335 X150=149 X151=238 X152=148 X153=156 X154=12 X155=172 X156=75 X157=10 X158=21 X159=164 
d NODES 160

   totalWckTime=4.432  totalCpuTime=4.483
