
   AbsCon 1.41 (January, 2014) - defaultConfiguration

   
   instance
        framework=CSP  name=Isomorphism-/cluster/gpg/ciaran/sip-benchmarks/benchmarks/si4_bvg_b09_400/si4_b09_m400.09/pattern-/cluster/gpg/ciaran/sip-benchmarks/benchmarks/si4_bvg_b09_400/si4_b09_m400.09/target
        parameters=/cluster/gpg/ciaran/sip-benchmarks/benchmarks/si4_bvg_b09_400/si4_b09_m400.09/pattern,/cluster/gpg/ciaran/sip-benchmarks/benchmarks/si4_bvg_b09_400/si4_b09_m400.09/target
      

   loading variables...
        nbVariables=160  nbDomainTypes=1  nbTotalValues=64000  domainSizes=(400:160)
          =>  wckTime=0.195  cpuTime=0.313  mem=6M234

   loading objectives...

   loading constraints...
        nbConstraints=697  nbSpecificConstraints=1  nbExtensionStructures=(1,shared:695)  nbConflictsStructures=(1,shared:695,unbuilt:1)
        degrees=(5:2)(6:4)(7:4)(8:4)(9:2)(10:144)  arities=(2:696)(160:1)  types=(AllDifferent:1)(ConstraintHardExtensionV-Bits:696)
          =>  wckTime=0.431  cpuTime=0.541  mem=27M459

   INFO : <!-- Start saving the XML representation -->

   INFO : <!-- Stop saving the XML representation of target.xml -->

   Solver SolverBacktrack being built... 
          =>  wckTime=0.713  cpuTime=0.772  mem=23M880

    instantiation X0=0 X1=11 X2=67 X3=84 X4=108 X5=132 X6=178 X7=255 X8=320 X9=358 X10=236 X11=335 X12=343 X13=300 X14=268 X15=398 X16=80 X17=195 X18=370 X19=20 X20=262 X21=336 X22=352 X23=42 X24=152 X25=386 X26=133 X27=187 X28=254 X29=311 X30=172 X31=54 X32=118 X33=350 X34=226 X35=305 X36=312 X37=13 X38=23 X39=107 X40=16 X41=146 X42=379 X43=14 X44=41 X45=106 X46=275 X47=192 X48=153 X49=351 X50=272 X51=371 X52=180 X53=289 X54=190 X55=62 X56=2 X57=357 X58=265 X59=321 X60=382 X61=136 X62=285 X63=276 X64=348 X65=307 X66=47 X67=347 X68=181 X69=209 X70=191 X71=286 X72=239 X73=48 X74=197 X75=150 X76=354 X77=45 X78=158 X79=399 X80=170 X81=50 X82=315 X83=361 X84=349 X85=225 X86=163 X87=391 X88=128 X89=115 X90=310 X91=299 X92=306 X93=242 X94=27 X95=245 X96=110 X97=51 X98=189 X99=151 X100=77 X101=345 X102=330 X103=304 X104=233 X105=274 X106=142 X107=353 X108=154 X109=389 X110=219 X111=208 X112=102 X113=79 X114=218 X115=165 X116=302 X117=388 X118=71 X119=291 X120=359 X121=334 X122=143 X123=198 X124=251 X125=228 X126=111 X127=53 X128=324 X129=58 X130=157 X131=100 X132=145 X133=26 X134=220 X135=164 X136=317 X137=160 X138=243 X139=3 X140=99 X141=281 X142=179 X143=283 X144=342 X145=344 X146=253 X147=364 X148=259 X149=64 X150=376 X151=44 X152=123 X153=83 X154=186 X155=199 X156=78 X157=313 X158=374 X159=36 

    solution X0=0 X1=11 X2=67 X3=84 X4=108 X5=132 X6=178 X7=255 X8=320 X9=358 X10=236 X11=335 X12=343 X13=300 X14=268 X15=398 X16=80 X17=195 X18=370 X19=20 X20=262 X21=336 X22=352 X23=42 X24=152 X25=386 X26=133 X27=187 X28=254 X29=311 X30=172 X31=54 X32=118 X33=350 X34=226 X35=305 X36=312 X37=13 X38=23 X39=107 X40=16 X41=146 X42=379 X43=14 X44=41 X45=106 X46=275 X47=192 X48=153 X49=351 X50=272 X51=371 X52=180 X53=289 X54=190 X55=62 X56=2 X57=357 X58=265 X59=321 X60=382 X61=136 X62=285 X63=276 X64=348 X65=307 X66=47 X67=347 X68=181 X69=209 X70=191 X71=286 X72=239 X73=48 X74=197 X75=150 X76=354 X77=45 X78=158 X79=399 X80=170 X81=50 X82=315 X83=361 X84=349 X85=225 X86=163 X87=391 X88=128 X89=115 X90=310 X91=299 X92=306 X93=242 X94=27 X95=245 X96=110 X97=51 X98=189 X99=151 X100=77 X101=345 X102=330 X103=304 X104=233 X105=274 X106=142 X107=353 X108=154 X109=389 X110=219 X111=208 X112=102 X113=79 X114=218 X115=165 X116=302 X117=388 X118=71 X119=291 X120=359 X121=334 X122=143 X123=198 X124=251 X125=228 X126=111 X127=53 X128=324 X129=58 X130=157 X131=100 X132=145 X133=26 X134=220 X135=164 X136=317 X137=160 X138=243 X139=3 X140=99 X141=281 X142=179 X143=283 X144=342 X145=344 X146=253 X147=364 X148=259 X149=64 X150=376 X151=44 X152=123 X153=83 X154=186 X155=199 X156=78 X157=313 X158=374 X159=36 

   
   search
        run=0  nbConstraintChecks=697  depth=(min:161,max:159,avg:0)  nbEffectivePropagations=2  nbRevisions=3410  nbUselessRevisions=3410
        nbAssignments=160  nbFailedAssignments=0  nbBacktracks=0  nbVisitedNodes=161  nbRestartNogoods=0  nbFoundSolutions=1
        upperBound=9223372036854775807
          =>  wckTime=4.828  cpuTime=5.514  mem=52M29

   
   global
        nbConstraintChecks=697  nbEffectivePropagations=2  nbRevisions=3410  nbUselessRevisions=3410  nbRestartNogoods=0  solvingWckTime=4.828
        expiredTime=no  totalExploration=no  nbFoundSolutions=1  firstSolutionCpuTime=5.506  Stop=REACHED_GOAL
          =>  wckTime=5.541  cpuTime=5.514  mem=52M29

s SATISFIABLE
v X0=0 X1=11 X2=67 X3=84 X4=108 X5=132 X6=178 X7=255 X8=320 X9=358 X10=236 X11=335 X12=343 X13=300 X14=268 X15=398 X16=80 X17=195 X18=370 X19=20 X20=262 X21=336 X22=352 X23=42 X24=152 X25=386 X26=133 X27=187 X28=254 X29=311 X30=172 X31=54 X32=118 X33=350 X34=226 X35=305 X36=312 X37=13 X38=23 X39=107 X40=16 X41=146 X42=379 X43=14 X44=41 X45=106 X46=275 X47=192 X48=153 X49=351 X50=272 X51=371 X52=180 X53=289 X54=190 X55=62 X56=2 X57=357 X58=265 X59=321 X60=382 X61=136 X62=285 X63=276 X64=348 X65=307 X66=47 X67=347 X68=181 X69=209 X70=191 X71=286 X72=239 X73=48 X74=197 X75=150 X76=354 X77=45 X78=158 X79=399 X80=170 X81=50 X82=315 X83=361 X84=349 X85=225 X86=163 X87=391 X88=128 X89=115 X90=310 X91=299 X92=306 X93=242 X94=27 X95=245 X96=110 X97=51 X98=189 X99=151 X100=77 X101=345 X102=330 X103=304 X104=233 X105=274 X106=142 X107=353 X108=154 X109=389 X110=219 X111=208 X112=102 X113=79 X114=218 X115=165 X116=302 X117=388 X118=71 X119=291 X120=359 X121=334 X122=143 X123=198 X124=251 X125=228 X126=111 X127=53 X128=324 X129=58 X130=157 X131=100 X132=145 X133=26 X134=220 X135=164 X136=317 X137=160 X138=243 X139=3 X140=99 X141=281 X142=179 X143=283 X144=342 X145=344 X146=253 X147=364 X148=259 X149=64 X150=376 X151=44 X152=123 X153=83 X154=186 X155=199 X156=78 X157=313 X158=374 X159=36 
d NODES 160

   totalWckTime=5.446  totalCpuTime=5.515
