
   AbsCon 1.41 (January, 2014) - defaultConfiguration

   
   instance
        framework=CSP  name=Isomorphism-/cluster/gpg/ciaran/sip-benchmarks/benchmarks/si4_m4D_m4D_625/si4_m4D_m625.06/pattern-/cluster/gpg/ciaran/sip-benchmarks/benchmarks/si4_m4D_m4D_625/si4_m4D_m625.06/target
        parameters=/cluster/gpg/ciaran/sip-benchmarks/benchmarks/si4_m4D_m4D_625/si4_m4D_m625.06/pattern,/cluster/gpg/ciaran/sip-benchmarks/benchmarks/si4_m4D_m4D_625/si4_m4D_m625.06/target
      

   loading variables...
        nbVariables=250  nbDomainTypes=1  nbTotalValues=156250  domainSizes=(625:250)
          =>  wckTime=0.207  cpuTime=0.322  mem=11M33

   loading objectives...

   loading constraints...
        nbConstraints=677  nbSpecificConstraints=1  nbExtensionStructures=(1,shared:675)  nbConflictsStructures=(1,shared:675,unbuilt:1)
        degrees=(3:9)(4:29)(5:33)...(7:66)(8:56)(9:14)  arities=(2:676)(250:1)  types=(AllDifferent:1)(ConstraintHardExtensionV-Bits:676)
          =>  wckTime=0.487  cpuTime=0.576  mem=20M435

   INFO : <!-- Start saving the XML representation -->

   INFO : <!-- Stop saving the XML representation of target.xml -->

   Solver SolverBacktrack being built... 
          =>  wckTime=0.815  cpuTime=0.863  mem=42M108

    instantiation X0=0 X1=121 X2=44 X3=241 X4=553 X5=448 X6=332 X7=278 X8=485 X9=376 X10=612 X11=34 X12=408 X13=268 X14=114 X15=240 X16=181 X17=566 X18=622 X19=81 X20=200 X21=93 X22=317 X23=2 X24=285 X25=65 X26=618 X27=131 X28=573 X29=140 X30=590 X31=532 X32=326 X33=40 X34=465 X35=117 X36=506 X37=186 X38=87 X39=338 X40=404 X41=366 X42=513 X43=621 X44=339 X45=492 X46=436 X47=198 X48=288 X49=564 X50=368 X51=80 X52=255 X53=215 X54=238 X55=244 X56=249 X57=35 X58=38 X59=411 X60=220 X61=296 X62=76 X63=380 X64=162 X65=211 X66=90 X67=126 X68=232 X69=267 X70=43 X71=210 X72=539 X73=613 X74=322 X75=137 X76=159 X77=490 X78=507 X79=521 X80=70 X81=103 X82=501 X83=141 X84=534 X85=425 X86=346 X87=577 X88=31 X89=164 X90=309 X91=157 X92=602 X93=143 X94=433 X95=437 X96=329 X97=10 X98=99 X99=321 X100=569 X101=79 X102=94 X103=400 X104=441 X105=14 X106=537 X107=69 X108=293 X109=351 X110=595 X111=49 X112=482 X113=229 X114=24 X115=406 X116=417 X117=334 X118=384 X119=443 X120=258 X121=112 X122=195 X123=543 X124=3 X125=170 X126=243 X127=294 X128=352 X129=438 X130=581 X131=364 X132=488 X133=39 X134=379 X135=315 X136=74 X137=467 X138=431 X139=250 X140=499 X141=77 X142=487 X143=559 X144=558 X145=275 X146=494 X147=150 X148=528 X149=311 X150=53 X151=287 X152=269 X153=161 X154=231 X155=498 X156=606 X157=584 X158=264 X159=320 X160=254 X161=420 X162=228 X163=206 X164=395 X165=12 X166=579 X167=201 X168=22 X169=110 X170=358 X171=616 X172=484 X173=517 X174=63 X175=496 X176=454 X177=92 X178=95 X179=291 X180=303 X181=184 X182=486 X183=567 X184=55 X185=58 X186=179 X187=13 X188=545 X189=301 X190=479 X191=107 X192=216 X193=586 X194=524 X195=542 X196=236 X197=299 X198=538 X199=192 X200=414 X201=520 X202=459 X203=194 X204=97 X205=30 X206=105 X207=5 X208=1 X209=193 X210=469 X211=444 X212=578 X213=154 X214=601 X215=33 X216=415 X217=50 X218=98 X219=516 X220=541 X221=500 X222=71 X223=188 X224=167 X225=533 X226=252 X227=85 X228=491 X229=245 X230=199 X231=190 X232=386 X233=277 X234=28 X235=451 X236=383 X237=603 X238=453 X239=525 X240=349 X241=375 X242=261 X243=263 X244=187 X245=128 X246=302 X247=390 X248=462 X249=42 

    solution X0=0 X1=121 X2=44 X3=241 X4=553 X5=448 X6=332 X7=278 X8=485 X9=376 X10=612 X11=34 X12=408 X13=268 X14=114 X15=240 X16=181 X17=566 X18=622 X19=81 X20=200 X21=93 X22=317 X23=2 X24=285 X25=65 X26=618 X27=131 X28=573 X29=140 X30=590 X31=532 X32=326 X33=40 X34=465 X35=117 X36=506 X37=186 X38=87 X39=338 X40=404 X41=366 X42=513 X43=621 X44=339 X45=492 X46=436 X47=198 X48=288 X49=564 X50=368 X51=80 X52=255 X53=215 X54=238 X55=244 X56=249 X57=35 X58=38 X59=411 X60=220 X61=296 X62=76 X63=380 X64=162 X65=211 X66=90 X67=126 X68=232 X69=267 X70=43 X71=210 X72=539 X73=613 X74=322 X75=137 X76=159 X77=490 X78=507 X79=521 X80=70 X81=103 X82=501 X83=141 X84=534 X85=425 X86=346 X87=577 X88=31 X89=164 X90=309 X91=157 X92=602 X93=143 X94=433 X95=437 X96=329 X97=10 X98=99 X99=321 X100=569 X101=79 X102=94 X103=400 X104=441 X105=14 X106=537 X107=69 X108=293 X109=351 X110=595 X111=49 X112=482 X113=229 X114=24 X115=406 X116=417 X117=334 X118=384 X119=443 X120=258 X121=112 X122=195 X123=543 X124=3 X125=170 X126=243 X127=294 X128=352 X129=438 X130=581 X131=364 X132=488 X133=39 X134=379 X135=315 X136=74 X137=467 X138=431 X139=250 X140=499 X141=77 X142=487 X143=559 X144=558 X145=275 X146=494 X147=150 X148=528 X149=311 X150=53 X151=287 X152=269 X153=161 X154=231 X155=498 X156=606 X157=584 X158=264 X159=320 X160=254 X161=420 X162=228 X163=206 X164=395 X165=12 X166=579 X167=201 X168=22 X169=110 X170=358 X171=616 X172=484 X173=517 X174=63 X175=496 X176=454 X177=92 X178=95 X179=291 X180=303 X181=184 X182=486 X183=567 X184=55 X185=58 X186=179 X187=13 X188=545 X189=301 X190=479 X191=107 X192=216 X193=586 X194=524 X195=542 X196=236 X197=299 X198=538 X199=192 X200=414 X201=520 X202=459 X203=194 X204=97 X205=30 X206=105 X207=5 X208=1 X209=193 X210=469 X211=444 X212=578 X213=154 X214=601 X215=33 X216=415 X217=50 X218=98 X219=516 X220=541 X221=500 X222=71 X223=188 X224=167 X225=533 X226=252 X227=85 X228=491 X229=245 X230=199 X231=190 X232=386 X233=277 X234=28 X235=451 X236=383 X237=603 X238=453 X239=525 X240=349 X241=375 X242=261 X243=263 X244=187 X245=128 X246=302 X247=390 X248=462 X249=42 

   
   search
        run=0  nbConstraintChecks=677  depth=(min:0,max:249,avg:1)  nbEffectivePropagations=318  nbRevisions=3821  nbUselessRevisions=3812
        nbAssignments=364  nbFailedAssignments=114  nbBacktracks=0  nbVisitedNodes=479  nbRestartNogoods=0  nbFoundSolutions=1
        upperBound=9223372036854775807
          =>  wckTime=18.403  cpuTime=19.064  mem=193M259

   
   global
        nbConstraintChecks=677  nbEffectivePropagations=318  nbRevisions=3821  nbUselessRevisions=3812  nbRestartNogoods=0  solvingWckTime=18.404
        expiredTime=no  totalExploration=no  nbFoundSolutions=1  firstSolutionCpuTime=19.056  Stop=REACHED_GOAL
          =>  wckTime=19.219  cpuTime=19.064  mem=193M259

s SATISFIABLE
v X0=0 X1=121 X2=44 X3=241 X4=553 X5=448 X6=332 X7=278 X8=485 X9=376 X10=612 X11=34 X12=408 X13=268 X14=114 X15=240 X16=181 X17=566 X18=622 X19=81 X20=200 X21=93 X22=317 X23=2 X24=285 X25=65 X26=618 X27=131 X28=573 X29=140 X30=590 X31=532 X32=326 X33=40 X34=465 X35=117 X36=506 X37=186 X38=87 X39=338 X40=404 X41=366 X42=513 X43=621 X44=339 X45=492 X46=436 X47=198 X48=288 X49=564 X50=368 X51=80 X52=255 X53=215 X54=238 X55=244 X56=249 X57=35 X58=38 X59=411 X60=220 X61=296 X62=76 X63=380 X64=162 X65=211 X66=90 X67=126 X68=232 X69=267 X70=43 X71=210 X72=539 X73=613 X74=322 X75=137 X76=159 X77=490 X78=507 X79=521 X80=70 X81=103 X82=501 X83=141 X84=534 X85=425 X86=346 X87=577 X88=31 X89=164 X90=309 X91=157 X92=602 X93=143 X94=433 X95=437 X96=329 X97=10 X98=99 X99=321 X100=569 X101=79 X102=94 X103=400 X104=441 X105=14 X106=537 X107=69 X108=293 X109=351 X110=595 X111=49 X112=482 X113=229 X114=24 X115=406 X116=417 X117=334 X118=384 X119=443 X120=258 X121=112 X122=195 X123=543 X124=3 X125=170 X126=243 X127=294 X128=352 X129=438 X130=581 X131=364 X132=488 X133=39 X134=379 X135=315 X136=74 X137=467 X138=431 X139=250 X140=499 X141=77 X142=487 X143=559 X144=558 X145=275 X146=494 X147=150 X148=528 X149=311 X150=53 X151=287 X152=269 X153=161 X154=231 X155=498 X156=606 X157=584 X158=264 X159=320 X160=254 X161=420 X162=228 X163=206 X164=395 X165=12 X166=579 X167=201 X168=22 X169=110 X170=358 X171=616 X172=484 X173=517 X174=63 X175=496 X176=454 X177=92 X178=95 X179=291 X180=303 X181=184 X182=486 X183=567 X184=55 X185=58 X186=179 X187=13 X188=545 X189=301 X190=479 X191=107 X192=216 X193=586 X194=524 X195=542 X196=236 X197=299 X198=538 X199=192 X200=414 X201=520 X202=459 X203=194 X204=97 X205=30 X206=105 X207=5 X208=1 X209=193 X210=469 X211=444 X212=578 X213=154 X214=601 X215=33 X216=415 X217=50 X218=98 X219=516 X220=541 X221=500 X222=71 X223=188 X224=167 X225=533 X226=252 X227=85 X228=491 X229=245 X230=199 X231=190 X232=386 X233=277 X234=28 X235=451 X236=383 X237=603 X238=453 X239=525 X240=349 X241=375 X242=261 X243=263 X244=187 X245=128 X246=302 X247=390 X248=462 X249=42 
d NODES 364

   totalWckTime=19.125  totalCpuTime=19.065
