
   AbsCon 1.41 (January, 2014) - defaultConfiguration

   
   instance
        framework=CSP  name=Isomorphism-/cluster/gpg/ciaran/sip-benchmarks/benchmarks/si4_bvg_b06m_400/si4_b06m_m400.08/pattern-/cluster/gpg/ciaran/sip-benchmarks/benchmarks/si4_bvg_b06m_400/si4_b06m_m400.08/target
        parameters=/cluster/gpg/ciaran/sip-benchmarks/benchmarks/si4_bvg_b06m_400/si4_b06m_m400.08/pattern,/cluster/gpg/ciaran/sip-benchmarks/benchmarks/si4_bvg_b06m_400/si4_b06m_m400.08/target
      

   loading variables...
        nbVariables=160  nbDomainTypes=1  nbTotalValues=64000  domainSizes=(400:160)
          =>  wckTime=0.192  cpuTime=0.308  mem=6M296

   loading objectives...

   loading constraints...
        nbConstraints=350  nbSpecificConstraints=1  nbExtensionStructures=(1,shared:348)  nbConflictsStructures=(1,shared:348,unbuilt:1)
        degrees=(2:6)(3:21)(4:34)...(14:1)(15:2)(18:1)  arities=(2:349)(160:1)  types=(AllDifferent:1)(ConstraintHardExtensionV-Bits:349)
          =>  wckTime=0.322  cpuTime=0.434  mem=13M523

   INFO : <!-- Start saving the XML representation -->

   INFO : <!-- Stop saving the XML representation of target.xml -->

   Solver SolverBacktrack being built... 
          =>  wckTime=0.557  cpuTime=0.643  mem=25M403

    instantiation X0=0 X1=17 X2=51 X3=81 X4=88 X5=135 X6=151 X7=163 X8=172 X9=229 X10=249 X11=282 X12=313 X13=369 X14=373 X15=377 X16=378 X17=382 X18=20 X19=42 X20=73 X21=100 X22=159 X23=175 X24=179 X25=208 X26=250 X27=252 X28=360 X29=389 X30=113 X31=158 X32=169 X33=177 X34=185 X35=36 X36=121 X37=231 X38=300 X39=361 X40=2 X41=3 X42=52 X43=268 X44=348 X45=5 X46=39 X47=67 X48=202 X49=69 X50=95 X51=224 X52=272 X53=381 X54=14 X55=65 X56=101 X57=227 X58=262 X59=15 X60=325 X61=365 X62=368 X63=189 X64=223 X65=225 X66=304 X67=344 X68=18 X69=48 X70=138 X71=317 X72=363 X73=7 X74=181 X75=198 X76=199 X77=366 X78=61 X79=182 X80=187 X81=316 X82=53 X83=234 X84=239 X85=302 X86=38 X87=66 X88=133 X89=290 X90=336 X91=390 X92=393 X93=9 X94=99 X95=115 X96=130 X97=156 X98=243 X99=266 X100=388 X101=89 X102=164 X103=376 X104=24 X105=58 X106=248 X107=83 X108=105 X109=235 X110=74 X111=111 X112=261 X113=312 X114=1 X115=28 X116=200 X117=228 X118=46 X119=154 X120=237 X121=279 X122=386 X123=213 X124=277 X125=16 X126=43 X127=45 X128=148 X129=371 X130=392 X131=64 X132=59 X133=25 X134=55 X135=108 X136=204 X137=270 X138=323 X139=254 X140=11 X141=152 X142=280 X143=13 X144=22 X145=137 X146=149 X147=210 X148=297 X149=305 X150=343 X151=364 X152=21 X153=49 X154=57 X155=87 X156=144 X157=186 X158=242 X159=294 

    solution X0=0 X1=17 X2=51 X3=81 X4=88 X5=135 X6=151 X7=163 X8=172 X9=229 X10=249 X11=282 X12=313 X13=369 X14=373 X15=377 X16=378 X17=382 X18=20 X19=42 X20=73 X21=100 X22=159 X23=175 X24=179 X25=208 X26=250 X27=252 X28=360 X29=389 X30=113 X31=158 X32=169 X33=177 X34=185 X35=36 X36=121 X37=231 X38=300 X39=361 X40=2 X41=3 X42=52 X43=268 X44=348 X45=5 X46=39 X47=67 X48=202 X49=69 X50=95 X51=224 X52=272 X53=381 X54=14 X55=65 X56=101 X57=227 X58=262 X59=15 X60=325 X61=365 X62=368 X63=189 X64=223 X65=225 X66=304 X67=344 X68=18 X69=48 X70=138 X71=317 X72=363 X73=7 X74=181 X75=198 X76=199 X77=366 X78=61 X79=182 X80=187 X81=316 X82=53 X83=234 X84=239 X85=302 X86=38 X87=66 X88=133 X89=290 X90=336 X91=390 X92=393 X93=9 X94=99 X95=115 X96=130 X97=156 X98=243 X99=266 X100=388 X101=89 X102=164 X103=376 X104=24 X105=58 X106=248 X107=83 X108=105 X109=235 X110=74 X111=111 X112=261 X113=312 X114=1 X115=28 X116=200 X117=228 X118=46 X119=154 X120=237 X121=279 X122=386 X123=213 X124=277 X125=16 X126=43 X127=45 X128=148 X129=371 X130=392 X131=64 X132=59 X133=25 X134=55 X135=108 X136=204 X137=270 X138=323 X139=254 X140=11 X141=152 X142=280 X143=13 X144=22 X145=137 X146=149 X147=210 X148=297 X149=305 X150=343 X151=364 X152=21 X153=49 X154=57 X155=87 X156=144 X157=186 X158=242 X159=294 

   
   search
        run=0  nbConstraintChecks=350  depth=(min:161,max:159,avg:0)  nbEffectivePropagations=27  nbRevisions=1015  nbUselessRevisions=1015
        nbAssignments=160  nbFailedAssignments=0  nbBacktracks=0  nbVisitedNodes=161  nbRestartNogoods=0  nbFoundSolutions=1
        upperBound=9223372036854775807
          =>  wckTime=3.963  cpuTime=4.506  mem=52M680

   
   global
        nbConstraintChecks=350  nbEffectivePropagations=27  nbRevisions=1015  nbUselessRevisions=1015  nbRestartNogoods=0  solvingWckTime=3.964
        expiredTime=no  totalExploration=no  nbFoundSolutions=1  firstSolutionCpuTime=4.497  Stop=REACHED_GOAL
          =>  wckTime=4.522  cpuTime=4.507  mem=52M680

s SATISFIABLE
v X0=0 X1=17 X2=51 X3=81 X4=88 X5=135 X6=151 X7=163 X8=172 X9=229 X10=249 X11=282 X12=313 X13=369 X14=373 X15=377 X16=378 X17=382 X18=20 X19=42 X20=73 X21=100 X22=159 X23=175 X24=179 X25=208 X26=250 X27=252 X28=360 X29=389 X30=113 X31=158 X32=169 X33=177 X34=185 X35=36 X36=121 X37=231 X38=300 X39=361 X40=2 X41=3 X42=52 X43=268 X44=348 X45=5 X46=39 X47=67 X48=202 X49=69 X50=95 X51=224 X52=272 X53=381 X54=14 X55=65 X56=101 X57=227 X58=262 X59=15 X60=325 X61=365 X62=368 X63=189 X64=223 X65=225 X66=304 X67=344 X68=18 X69=48 X70=138 X71=317 X72=363 X73=7 X74=181 X75=198 X76=199 X77=366 X78=61 X79=182 X80=187 X81=316 X82=53 X83=234 X84=239 X85=302 X86=38 X87=66 X88=133 X89=290 X90=336 X91=390 X92=393 X93=9 X94=99 X95=115 X96=130 X97=156 X98=243 X99=266 X100=388 X101=89 X102=164 X103=376 X104=24 X105=58 X106=248 X107=83 X108=105 X109=235 X110=74 X111=111 X112=261 X113=312 X114=1 X115=28 X116=200 X117=228 X118=46 X119=154 X120=237 X121=279 X122=386 X123=213 X124=277 X125=16 X126=43 X127=45 X128=148 X129=371 X130=392 X131=64 X132=59 X133=25 X134=55 X135=108 X136=204 X137=270 X138=323 X139=254 X140=11 X141=152 X142=280 X143=13 X144=22 X145=137 X146=149 X147=210 X148=297 X149=305 X150=343 X151=364 X152=21 X153=49 X154=57 X155=87 X156=144 X157=186 X158=242 X159=294 
d NODES 160

   totalWckTime=4.427  totalCpuTime=4.507
