
   AbsCon 1.41 (January, 2014) - defaultConfiguration

   
   instance
        framework=CSP  name=Isomorphism-/cluster/gpg/ciaran/sip-benchmarks/benchmarks/si4_bvg_b09m_400/si4_b09m_m400.03/pattern-/cluster/gpg/ciaran/sip-benchmarks/benchmarks/si4_bvg_b09m_400/si4_b09m_m400.03/target
        parameters=/cluster/gpg/ciaran/sip-benchmarks/benchmarks/si4_bvg_b09m_400/si4_b09m_m400.03/pattern,/cluster/gpg/ciaran/sip-benchmarks/benchmarks/si4_bvg_b09m_400/si4_b09m_m400.03/target
      

   loading variables...
        nbVariables=160  nbDomainTypes=1  nbTotalValues=64000  domainSizes=(400:160)
          =>  wckTime=0.186  cpuTime=0.301  mem=6M637

   loading objectives...

   loading constraints...
        nbConstraints=464  nbSpecificConstraints=1  nbExtensionStructures=(1,shared:462)  nbConflictsStructures=(1,shared:462,unbuilt:1)
        degrees=(2:5)(3:12)(4:11)...(16:1)(17:1)(18:1)  arities=(2:463)(160:1)  types=(AllDifferent:1)(ConstraintHardExtensionV-Bits:463)
          =>  wckTime=0.371  cpuTime=0.479  mem=14M374

   INFO : <!-- Start saving the XML representation -->

   INFO : <!-- Stop saving the XML representation of target.xml -->

   Solver SolverBacktrack being built... 
          =>  wckTime=0.633  cpuTime=0.698  mem=22M725

    instantiation X0=0 X1=18 X2=62 X3=70 X4=73 X5=111 X6=121 X7=153 X8=212 X9=229 X10=252 X11=346 X12=352 X13=368 X14=386 X15=12 X16=36 X17=39 X18=146 X19=221 X20=224 X21=326 X22=383 X23=4 X24=19 X25=92 X26=96 X27=312 X28=377 X29=206 X30=279 X31=351 X32=362 X33=74 X34=338 X35=378 X36=3 X37=7 X38=387 X39=26 X40=38 X41=43 X42=286 X43=42 X44=85 X45=175 X46=196 X47=218 X48=237 X49=264 X50=6 X51=44 X52=68 X53=100 X54=307 X55=365 X56=23 X57=29 X58=13 X59=72 X60=157 X61=190 X62=398 X63=22 X64=126 X65=313 X66=31 X67=49 X68=141 X69=184 X70=363 X71=371 X72=8 X73=110 X74=135 X75=192 X76=228 X77=243 X78=289 X79=345 X80=65 X81=177 X82=200 X83=225 X84=235 X85=272 X86=294 X87=364 X88=373 X89=9 X90=46 X91=51 X92=127 X93=163 X94=165 X95=197 X96=248 X97=259 X98=262 X99=350 X100=379 X101=41 X102=66 X103=159 X104=180 X105=188 X106=203 X107=254 X108=284 X109=33 X110=34 X111=158 X112=176 X113=230 X114=370 X115=37 X116=52 X117=89 X118=107 X119=112 X120=270 X121=310 X122=388 X123=5 X124=25 X125=122 X126=154 X127=258 X128=296 X129=311 X130=323 X131=347 X132=11 X133=45 X134=57 X135=147 X136=148 X137=149 X138=169 X139=211 X140=231 X141=239 X142=249 X143=301 X144=353 X145=17 X146=140 X147=151 X148=24 X149=79 X150=185 X151=209 X152=247 X153=316 X154=156 X155=339 X156=389 X157=81 X158=282 X159=295 

    solution X0=0 X1=18 X2=62 X3=70 X4=73 X5=111 X6=121 X7=153 X8=212 X9=229 X10=252 X11=346 X12=352 X13=368 X14=386 X15=12 X16=36 X17=39 X18=146 X19=221 X20=224 X21=326 X22=383 X23=4 X24=19 X25=92 X26=96 X27=312 X28=377 X29=206 X30=279 X31=351 X32=362 X33=74 X34=338 X35=378 X36=3 X37=7 X38=387 X39=26 X40=38 X41=43 X42=286 X43=42 X44=85 X45=175 X46=196 X47=218 X48=237 X49=264 X50=6 X51=44 X52=68 X53=100 X54=307 X55=365 X56=23 X57=29 X58=13 X59=72 X60=157 X61=190 X62=398 X63=22 X64=126 X65=313 X66=31 X67=49 X68=141 X69=184 X70=363 X71=371 X72=8 X73=110 X74=135 X75=192 X76=228 X77=243 X78=289 X79=345 X80=65 X81=177 X82=200 X83=225 X84=235 X85=272 X86=294 X87=364 X88=373 X89=9 X90=46 X91=51 X92=127 X93=163 X94=165 X95=197 X96=248 X97=259 X98=262 X99=350 X100=379 X101=41 X102=66 X103=159 X104=180 X105=188 X106=203 X107=254 X108=284 X109=33 X110=34 X111=158 X112=176 X113=230 X114=370 X115=37 X116=52 X117=89 X118=107 X119=112 X120=270 X121=310 X122=388 X123=5 X124=25 X125=122 X126=154 X127=258 X128=296 X129=311 X130=323 X131=347 X132=11 X133=45 X134=57 X135=147 X136=148 X137=149 X138=169 X139=211 X140=231 X141=239 X142=249 X143=301 X144=353 X145=17 X146=140 X147=151 X148=24 X149=79 X150=185 X151=209 X152=247 X153=316 X154=156 X155=339 X156=389 X157=81 X158=282 X159=295 

   
   search
        run=0  nbConstraintChecks=464  depth=(min:0,max:159,avg:1)  nbEffectivePropagations=12  nbRevisions=1491  nbUselessRevisions=1491
        nbAssignments=172  nbFailedAssignments=12  nbBacktracks=0  nbVisitedNodes=185  nbRestartNogoods=0  nbFoundSolutions=1
        upperBound=9223372036854775807
          =>  wckTime=5.15  cpuTime=5.749  mem=234M477

   
   global
        nbConstraintChecks=464  nbEffectivePropagations=12  nbRevisions=1491  nbUselessRevisions=1491  nbRestartNogoods=0  solvingWckTime=5.15
        expiredTime=no  totalExploration=no  nbFoundSolutions=1  firstSolutionCpuTime=5.745  Stop=REACHED_GOAL
          =>  wckTime=5.783  cpuTime=5.75  mem=234M477

s SATISFIABLE
v X0=0 X1=18 X2=62 X3=70 X4=73 X5=111 X6=121 X7=153 X8=212 X9=229 X10=252 X11=346 X12=352 X13=368 X14=386 X15=12 X16=36 X17=39 X18=146 X19=221 X20=224 X21=326 X22=383 X23=4 X24=19 X25=92 X26=96 X27=312 X28=377 X29=206 X30=279 X31=351 X32=362 X33=74 X34=338 X35=378 X36=3 X37=7 X38=387 X39=26 X40=38 X41=43 X42=286 X43=42 X44=85 X45=175 X46=196 X47=218 X48=237 X49=264 X50=6 X51=44 X52=68 X53=100 X54=307 X55=365 X56=23 X57=29 X58=13 X59=72 X60=157 X61=190 X62=398 X63=22 X64=126 X65=313 X66=31 X67=49 X68=141 X69=184 X70=363 X71=371 X72=8 X73=110 X74=135 X75=192 X76=228 X77=243 X78=289 X79=345 X80=65 X81=177 X82=200 X83=225 X84=235 X85=272 X86=294 X87=364 X88=373 X89=9 X90=46 X91=51 X92=127 X93=163 X94=165 X95=197 X96=248 X97=259 X98=262 X99=350 X100=379 X101=41 X102=66 X103=159 X104=180 X105=188 X106=203 X107=254 X108=284 X109=33 X110=34 X111=158 X112=176 X113=230 X114=370 X115=37 X116=52 X117=89 X118=107 X119=112 X120=270 X121=310 X122=388 X123=5 X124=25 X125=122 X126=154 X127=258 X128=296 X129=311 X130=323 X131=347 X132=11 X133=45 X134=57 X135=147 X136=148 X137=149 X138=169 X139=211 X140=231 X141=239 X142=249 X143=301 X144=353 X145=17 X146=140 X147=151 X148=24 X149=79 X150=185 X151=209 X152=247 X153=316 X154=156 X155=339 X156=389 X157=81 X158=282 X159=295 
d NODES 172

   totalWckTime=5.695  totalCpuTime=5.75
