
   AbsCon 1.41 (January, 2014) - defaultConfiguration

   
   instance
        framework=CSP  name=Isomorphism-/cluster/gpg/ciaran/sip-benchmarks/benchmarks/si4_m4D_m4Dr6_625/si4_m4Dr6_m625.06/pattern-/cluster/gpg/ciaran/sip-benchmarks/benchmarks/si4_m4D_m4Dr6_625/si4_m4Dr6_m625.06/target
        parameters=/cluster/gpg/ciaran/sip-benchmarks/benchmarks/si4_m4D_m4Dr6_625/si4_m4Dr6_m625.06/pattern,/cluster/gpg/ciaran/sip-benchmarks/benchmarks/si4_m4D_m4Dr6_625/si4_m4Dr6_m625.06/target
      

   loading variables...
        nbVariables=250  nbDomainTypes=1  nbTotalValues=156250  domainSizes=(625:250)
          =>  wckTime=0.24  cpuTime=0.364  mem=10M942

   loading objectives...

   loading constraints...
        nbConstraints=546  nbSpecificConstraints=1  nbExtensionStructures=(1,shared:544)  nbConflictsStructures=(1,shared:544,unbuilt:1)
        degrees=(2:12)(3:40)(4:53)...(9:13)(10:8)(11:5)  arities=(2:545)(250:1)  types=(AllDifferent:1)(ConstraintHardExtensionV-Bits:545)
          =>  wckTime=0.512  cpuTime=0.627  mem=31M66

   INFO : <!-- Start saving the XML representation -->

   INFO : <!-- Stop saving the XML representation of target.xml -->

   Solver SolverBacktrack being built... 
          =>  wckTime=0.878  cpuTime=0.957  mem=38M507

    instantiation X0=0 X1=112 X2=307 X3=364 X4=454 X5=539 X6=84 X7=104 X8=144 X9=249 X10=351 X11=476 X12=492 X13=152 X14=428 X15=463 X16=79 X17=189 X18=304 X19=421 X20=228 X21=389 X22=208 X23=226 X24=296 X25=383 X26=470 X27=505 X28=88 X29=499 X30=570 X31=618 X32=103 X33=58 X34=62 X35=134 X36=281 X37=361 X38=435 X39=547 X40=571 X41=36 X42=93 X43=218 X44=309 X45=376 X46=559 X47=608 X48=82 X49=305 X50=331 X51=360 X52=471 X53=511 X54=540 X55=593 X56=246 X57=14 X58=31 X59=18 X60=231 X61=19 X62=29 X63=206 X64=264 X65=285 X66=446 X67=458 X68=493 X69=587 X70=195 X71=497 X72=95 X73=294 X74=501 X75=514 X76=530 X77=22 X78=327 X79=17 X80=199 X81=213 X82=301 X83=508 X84=377 X85=521 X86=567 X87=59 X88=550 X89=89 X90=107 X91=142 X92=315 X93=525 X94=586 X95=137 X96=183 X97=235 X98=133 X99=259 X100=366 X101=449 X102=522 X103=562 X104=11 X105=192 X106=266 X107=215 X108=324 X109=481 X110=599 X111=180 X112=318 X113=444 X114=322 X115=94 X116=110 X117=117 X118=283 X119=575 X120=579 X121=607 X122=616 X123=80 X124=121 X125=139 X126=326 X127=363 X128=416 X129=445 X130=524 X131=12 X132=178 X133=337 X134=414 X135=500 X136=25 X137=69 X138=182 X139=245 X140=297 X141=321 X142=56 X143=191 X144=295 X145=461 X146=591 X147=50 X148=174 X149=200 X150=310 X151=473 X152=130 X153=225 X154=397 X155=443 X156=214 X157=420 X158=123 X159=278 X160=127 X161=194 X162=268 X163=451 X164=489 X165=494 X166=496 X167=207 X168=303 X169=357 X170=386 X171=450 X172=597 X173=236 X174=237 X175=384 X176=111 X177=350 X178=406 X179=483 X180=583 X181=590 X182=87 X183=203 X184=172 X185=429 X186=316 X187=34 X188=39 X189=175 X190=329 X191=431 X192=37 X193=156 X194=241 X195=465 X196=48 X197=333 X198=349 X199=437 X200=466 X201=35 X202=169 X203=250 X204=362 X205=479 X206=478 X207=543 X208=42 X209=538 X210=462 X211=77 X212=507 X213=136 X214=330 X215=390 X216=467 X217=453 X218=32 X219=410 X220=433 X221=480 X222=549 X223=613 X224=615 X225=6 X226=171 X227=219 X228=255 X229=495 X230=30 X231=66 X232=202 X233=70 X234=254 X235=359 X236=424 X237=158 X238=168 X239=352 X240=392 X241=565 X242=99 X243=187 X244=227 X245=252 X246=528 X247=563 X248=582 X249=312 

    solution X0=0 X1=112 X2=307 X3=364 X4=454 X5=539 X6=84 X7=104 X8=144 X9=249 X10=351 X11=476 X12=492 X13=152 X14=428 X15=463 X16=79 X17=189 X18=304 X19=421 X20=228 X21=389 X22=208 X23=226 X24=296 X25=383 X26=470 X27=505 X28=88 X29=499 X30=570 X31=618 X32=103 X33=58 X34=62 X35=134 X36=281 X37=361 X38=435 X39=547 X40=571 X41=36 X42=93 X43=218 X44=309 X45=376 X46=559 X47=608 X48=82 X49=305 X50=331 X51=360 X52=471 X53=511 X54=540 X55=593 X56=246 X57=14 X58=31 X59=18 X60=231 X61=19 X62=29 X63=206 X64=264 X65=285 X66=446 X67=458 X68=493 X69=587 X70=195 X71=497 X72=95 X73=294 X74=501 X75=514 X76=530 X77=22 X78=327 X79=17 X80=199 X81=213 X82=301 X83=508 X84=377 X85=521 X86=567 X87=59 X88=550 X89=89 X90=107 X91=142 X92=315 X93=525 X94=586 X95=137 X96=183 X97=235 X98=133 X99=259 X100=366 X101=449 X102=522 X103=562 X104=11 X105=192 X106=266 X107=215 X108=324 X109=481 X110=599 X111=180 X112=318 X113=444 X114=322 X115=94 X116=110 X117=117 X118=283 X119=575 X120=579 X121=607 X122=616 X123=80 X124=121 X125=139 X126=326 X127=363 X128=416 X129=445 X130=524 X131=12 X132=178 X133=337 X134=414 X135=500 X136=25 X137=69 X138=182 X139=245 X140=297 X141=321 X142=56 X143=191 X144=295 X145=461 X146=591 X147=50 X148=174 X149=200 X150=310 X151=473 X152=130 X153=225 X154=397 X155=443 X156=214 X157=420 X158=123 X159=278 X160=127 X161=194 X162=268 X163=451 X164=489 X165=494 X166=496 X167=207 X168=303 X169=357 X170=386 X171=450 X172=597 X173=236 X174=237 X175=384 X176=111 X177=350 X178=406 X179=483 X180=583 X181=590 X182=87 X183=203 X184=172 X185=429 X186=316 X187=34 X188=39 X189=175 X190=329 X191=431 X192=37 X193=156 X194=241 X195=465 X196=48 X197=333 X198=349 X199=437 X200=466 X201=35 X202=169 X203=250 X204=362 X205=479 X206=478 X207=543 X208=42 X209=538 X210=462 X211=77 X212=507 X213=136 X214=330 X215=390 X216=467 X217=453 X218=32 X219=410 X220=433 X221=480 X222=549 X223=613 X224=615 X225=6 X226=171 X227=219 X228=255 X229=495 X230=30 X231=66 X232=202 X233=70 X234=254 X235=359 X236=424 X237=158 X238=168 X239=352 X240=392 X241=565 X242=99 X243=187 X244=227 X245=252 X246=528 X247=563 X248=582 X249=312 

   
   search
        run=0  nbConstraintChecks=546  depth=(min:0,max:249,avg:1)  nbEffectivePropagations=825  nbRevisions=12436  nbUselessRevisions=11656
        nbAssignments=726  nbFailedAssignments=476  nbBacktracks=0  nbVisitedNodes=1203  nbRestartNogoods=0  nbFoundSolutions=1
        upperBound=9223372036854775807
          =>  wckTime=26.026  cpuTime=26.701  mem=143M340

   
   global
        nbConstraintChecks=546  nbEffectivePropagations=825  nbRevisions=12436  nbUselessRevisions=11656  nbRestartNogoods=0
        solvingWckTime=26.026  expiredTime=no  totalExploration=no  nbFoundSolutions=1  firstSolutionCpuTime=26.695  Stop=REACHED_GOAL
          =>  wckTime=26.904  cpuTime=26.701  mem=143M340

s SATISFIABLE
v X0=0 X1=112 X2=307 X3=364 X4=454 X5=539 X6=84 X7=104 X8=144 X9=249 X10=351 X11=476 X12=492 X13=152 X14=428 X15=463 X16=79 X17=189 X18=304 X19=421 X20=228 X21=389 X22=208 X23=226 X24=296 X25=383 X26=470 X27=505 X28=88 X29=499 X30=570 X31=618 X32=103 X33=58 X34=62 X35=134 X36=281 X37=361 X38=435 X39=547 X40=571 X41=36 X42=93 X43=218 X44=309 X45=376 X46=559 X47=608 X48=82 X49=305 X50=331 X51=360 X52=471 X53=511 X54=540 X55=593 X56=246 X57=14 X58=31 X59=18 X60=231 X61=19 X62=29 X63=206 X64=264 X65=285 X66=446 X67=458 X68=493 X69=587 X70=195 X71=497 X72=95 X73=294 X74=501 X75=514 X76=530 X77=22 X78=327 X79=17 X80=199 X81=213 X82=301 X83=508 X84=377 X85=521 X86=567 X87=59 X88=550 X89=89 X90=107 X91=142 X92=315 X93=525 X94=586 X95=137 X96=183 X97=235 X98=133 X99=259 X100=366 X101=449 X102=522 X103=562 X104=11 X105=192 X106=266 X107=215 X108=324 X109=481 X110=599 X111=180 X112=318 X113=444 X114=322 X115=94 X116=110 X117=117 X118=283 X119=575 X120=579 X121=607 X122=616 X123=80 X124=121 X125=139 X126=326 X127=363 X128=416 X129=445 X130=524 X131=12 X132=178 X133=337 X134=414 X135=500 X136=25 X137=69 X138=182 X139=245 X140=297 X141=321 X142=56 X143=191 X144=295 X145=461 X146=591 X147=50 X148=174 X149=200 X150=310 X151=473 X152=130 X153=225 X154=397 X155=443 X156=214 X157=420 X158=123 X159=278 X160=127 X161=194 X162=268 X163=451 X164=489 X165=494 X166=496 X167=207 X168=303 X169=357 X170=386 X171=450 X172=597 X173=236 X174=237 X175=384 X176=111 X177=350 X178=406 X179=483 X180=583 X181=590 X182=87 X183=203 X184=172 X185=429 X186=316 X187=34 X188=39 X189=175 X190=329 X191=431 X192=37 X193=156 X194=241 X195=465 X196=48 X197=333 X198=349 X199=437 X200=466 X201=35 X202=169 X203=250 X204=362 X205=479 X206=478 X207=543 X208=42 X209=538 X210=462 X211=77 X212=507 X213=136 X214=330 X215=390 X216=467 X217=453 X218=32 X219=410 X220=433 X221=480 X222=549 X223=613 X224=615 X225=6 X226=171 X227=219 X228=255 X229=495 X230=30 X231=66 X232=202 X233=70 X234=254 X235=359 X236=424 X237=158 X238=168 X239=352 X240=392 X241=565 X242=99 X243=187 X244=227 X245=252 X246=528 X247=563 X248=582 X249=312 
d NODES 726

   totalWckTime=26.785  totalCpuTime=26.702
