
   AbsCon 1.41 (January, 2014) - defaultConfiguration

   
   instance
        framework=CSP  name=Isomorphism-/cluster/gpg/ciaran/sip-benchmarks/benchmarks/si4_bvg_b09_400/si4_b09_m400.01/pattern-/cluster/gpg/ciaran/sip-benchmarks/benchmarks/si4_bvg_b09_400/si4_b09_m400.01/target
        parameters=/cluster/gpg/ciaran/sip-benchmarks/benchmarks/si4_bvg_b09_400/si4_b09_m400.01/pattern,/cluster/gpg/ciaran/sip-benchmarks/benchmarks/si4_bvg_b09_400/si4_b09_m400.01/target
      

   loading variables...
        nbVariables=160  nbDomainTypes=1  nbTotalValues=64000  domainSizes=(400:160)
          =>  wckTime=0.193  cpuTime=0.304  mem=6M683

   loading objectives...

   loading constraints...
        nbConstraints=698  nbSpecificConstraints=1  nbExtensionStructures=(1,shared:696)  nbConflictsStructures=(1,shared:696,unbuilt:1)
        degrees=(5:2)(6:4)(7:3)(8:4)(9:3)(10:144)  arities=(2:697)(160:1)  types=(AllDifferent:1)(ConstraintHardExtensionV-Bits:697)
          =>  wckTime=0.417  cpuTime=0.515  mem=26M832

   INFO : <!-- Start saving the XML representation -->

   INFO : <!-- Stop saving the XML representation of target.xml -->

   Solver SolverBacktrack being built... 
          =>  wckTime=0.696  cpuTime=0.75  mem=23M679

    instantiation X0=0 X1=2 X2=10 X3=130 X4=163 X5=179 X6=212 X7=222 X8=317 X9=399 X10=9 X11=94 X12=258 X13=259 X14=388 X15=29 X16=72 X17=151 X18=227 X19=237 X20=271 X21=345 X22=297 X23=96 X24=112 X25=397 X26=40 X27=180 X28=361 X29=374 X30=62 X31=264 X32=319 X33=380 X34=292 X35=360 X36=359 X37=230 X38=398 X39=12 X40=191 X41=111 X42=37 X43=164 X44=311 X45=392 X46=290 X47=61 X48=196 X49=385 X50=310 X51=366 X52=169 X53=248 X54=100 X55=307 X56=369 X57=339 X58=220 X59=68 X60=276 X61=284 X62=313 X63=166 X64=221 X65=268 X66=39 X67=334 X68=134 X69=329 X70=41 X71=236 X72=383 X73=171 X74=45 X75=354 X76=356 X77=113 X78=208 X79=370 X80=25 X81=55 X82=63 X83=226 X84=5 X85=126 X86=279 X87=390 X88=393 X89=149 X90=382 X91=174 X92=316 X93=35 X94=199 X95=294 X96=115 X97=142 X98=13 X99=107 X100=56 X101=6 X102=128 X103=293 X104=102 X105=46 X106=188 X107=125 X108=327 X109=213 X110=30 X111=267 X112=274 X113=332 X114=326 X115=367 X116=132 X117=51 X118=234 X119=318 X120=304 X121=231 X122=90 X123=301 X124=138 X125=375 X126=104 X127=178 X128=15 X129=386 X130=287 X131=75 X132=141 X133=254 X134=381 X135=198 X136=281 X137=394 X138=80 X139=315 X140=114 X141=157 X142=103 X143=19 X144=288 X145=323 X146=280 X147=98 X148=265 X149=131 X150=176 X151=105 X152=302 X153=70 X154=194 X155=320 X156=184 X157=136 X158=85 X159=26 

    solution X0=0 X1=2 X2=10 X3=130 X4=163 X5=179 X6=212 X7=222 X8=317 X9=399 X10=9 X11=94 X12=258 X13=259 X14=388 X15=29 X16=72 X17=151 X18=227 X19=237 X20=271 X21=345 X22=297 X23=96 X24=112 X25=397 X26=40 X27=180 X28=361 X29=374 X30=62 X31=264 X32=319 X33=380 X34=292 X35=360 X36=359 X37=230 X38=398 X39=12 X40=191 X41=111 X42=37 X43=164 X44=311 X45=392 X46=290 X47=61 X48=196 X49=385 X50=310 X51=366 X52=169 X53=248 X54=100 X55=307 X56=369 X57=339 X58=220 X59=68 X60=276 X61=284 X62=313 X63=166 X64=221 X65=268 X66=39 X67=334 X68=134 X69=329 X70=41 X71=236 X72=383 X73=171 X74=45 X75=354 X76=356 X77=113 X78=208 X79=370 X80=25 X81=55 X82=63 X83=226 X84=5 X85=126 X86=279 X87=390 X88=393 X89=149 X90=382 X91=174 X92=316 X93=35 X94=199 X95=294 X96=115 X97=142 X98=13 X99=107 X100=56 X101=6 X102=128 X103=293 X104=102 X105=46 X106=188 X107=125 X108=327 X109=213 X110=30 X111=267 X112=274 X113=332 X114=326 X115=367 X116=132 X117=51 X118=234 X119=318 X120=304 X121=231 X122=90 X123=301 X124=138 X125=375 X126=104 X127=178 X128=15 X129=386 X130=287 X131=75 X132=141 X133=254 X134=381 X135=198 X136=281 X137=394 X138=80 X139=315 X140=114 X141=157 X142=103 X143=19 X144=288 X145=323 X146=280 X147=98 X148=265 X149=131 X150=176 X151=105 X152=302 X153=70 X154=194 X155=320 X156=184 X157=136 X158=85 X159=26 

   
   search
        run=0  nbConstraintChecks=698  depth=(min:161,max:159,avg:0)  nbEffectivePropagations=2  nbRevisions=3415  nbUselessRevisions=3415
        nbAssignments=160  nbFailedAssignments=0  nbBacktracks=0  nbVisitedNodes=161  nbRestartNogoods=0  nbFoundSolutions=1
        upperBound=9223372036854775807
          =>  wckTime=4.972  cpuTime=5.624  mem=44M911

   
   global
        nbConstraintChecks=698  nbEffectivePropagations=2  nbRevisions=3415  nbUselessRevisions=3415  nbRestartNogoods=0  solvingWckTime=4.972
        expiredTime=no  totalExploration=no  nbFoundSolutions=1  firstSolutionCpuTime=5.616  Stop=REACHED_GOAL
          =>  wckTime=5.669  cpuTime=5.625  mem=44M911

s SATISFIABLE
v X0=0 X1=2 X2=10 X3=130 X4=163 X5=179 X6=212 X7=222 X8=317 X9=399 X10=9 X11=94 X12=258 X13=259 X14=388 X15=29 X16=72 X17=151 X18=227 X19=237 X20=271 X21=345 X22=297 X23=96 X24=112 X25=397 X26=40 X27=180 X28=361 X29=374 X30=62 X31=264 X32=319 X33=380 X34=292 X35=360 X36=359 X37=230 X38=398 X39=12 X40=191 X41=111 X42=37 X43=164 X44=311 X45=392 X46=290 X47=61 X48=196 X49=385 X50=310 X51=366 X52=169 X53=248 X54=100 X55=307 X56=369 X57=339 X58=220 X59=68 X60=276 X61=284 X62=313 X63=166 X64=221 X65=268 X66=39 X67=334 X68=134 X69=329 X70=41 X71=236 X72=383 X73=171 X74=45 X75=354 X76=356 X77=113 X78=208 X79=370 X80=25 X81=55 X82=63 X83=226 X84=5 X85=126 X86=279 X87=390 X88=393 X89=149 X90=382 X91=174 X92=316 X93=35 X94=199 X95=294 X96=115 X97=142 X98=13 X99=107 X100=56 X101=6 X102=128 X103=293 X104=102 X105=46 X106=188 X107=125 X108=327 X109=213 X110=30 X111=267 X112=274 X113=332 X114=326 X115=367 X116=132 X117=51 X118=234 X119=318 X120=304 X121=231 X122=90 X123=301 X124=138 X125=375 X126=104 X127=178 X128=15 X129=386 X130=287 X131=75 X132=141 X133=254 X134=381 X135=198 X136=281 X137=394 X138=80 X139=315 X140=114 X141=157 X142=103 X143=19 X144=288 X145=323 X146=280 X147=98 X148=265 X149=131 X150=176 X151=105 X152=302 X153=70 X154=194 X155=320 X156=184 X157=136 X158=85 X159=26 
d NODES 160

   totalWckTime=5.572  totalCpuTime=5.625
