
   AbsCon 1.41 (January, 2014) - defaultConfiguration

   
   instance
        framework=CSP  name=Isomorphism-/cluster/gpg/ciaran/sip-benchmarks/benchmarks/si4_m4D_m4Dr6_256/si4_m4Dr6_m256.05/pattern-/cluster/gpg/ciaran/sip-benchmarks/benchmarks/si4_m4D_m4Dr6_256/si4_m4Dr6_m256.05/target
        parameters=/cluster/gpg/ciaran/sip-benchmarks/benchmarks/si4_m4D_m4Dr6_256/si4_m4Dr6_m256.05/pattern,/cluster/gpg/ciaran/sip-benchmarks/benchmarks/si4_m4D_m4Dr6_256/si4_m4Dr6_m256.05/target
      

   loading variables...
        nbVariables=102  nbDomainTypes=1  nbTotalValues=26112  domainSizes=(256:102)
          =>  wckTime=0.186  cpuTime=0.309  mem=10M176

   loading objectives...

   loading constraints...
        nbConstraints=206  nbSpecificConstraints=1  nbExtensionStructures=(1,shared:204)  nbConflictsStructures=(1,shared:204,unbuilt:1)
        degrees=(2:9)(3:16)(4:23)...(8:6)(9:6)(10:1)  arities=(2:205)(102:1)  types=(AllDifferent:1)(ConstraintHardExtensionV-Bits:205)
          =>  wckTime=0.292  cpuTime=0.412  mem=11M173

   INFO : <!-- Start saving the XML representation -->

   INFO : <!-- Stop saving the XML representation of target.xml -->

   Solver SolverBacktrack being built... 
          =>  wckTime=0.527  cpuTime=0.615  mem=17M766

    instantiation X0=0 X1=22 X2=40 X3=126 X4=163 X5=229 X6=14 X7=44 X8=99 X9=5 X10=21 X11=47 X12=94 X13=28 X14=38 X15=160 X16=195 X17=20 X18=27 X19=119 X20=19 X21=52 X22=63 X23=203 X24=217 X25=60 X26=113 X27=150 X28=178 X29=215 X30=23 X31=130 X32=156 X33=241 X34=84 X35=204 X36=68 X37=76 X38=214 X39=4 X40=87 X41=193 X42=207 X43=48 X44=114 X45=122 X46=181 X47=198 X48=209 X49=212 X50=185 X51=231 X52=41 X53=49 X54=138 X55=239 X56=93 X57=131 X58=149 X59=155 X60=7 X61=56 X62=109 X63=9 X64=116 X65=174 X66=107 X67=136 X68=175 X69=180 X70=182 X71=18 X72=31 X73=33 X74=58 X75=64 X76=141 X77=167 X78=161 X79=137 X80=222 X81=255 X82=157 X83=162 X84=26 X85=34 X86=57 X87=143 X88=147 X89=12 X90=102 X91=120 X92=10 X93=144 X94=223 X95=235 X96=90 X97=234 X98=205 X99=240 X100=213 X101=246 

    solution X0=0 X1=22 X2=40 X3=126 X4=163 X5=229 X6=14 X7=44 X8=99 X9=5 X10=21 X11=47 X12=94 X13=28 X14=38 X15=160 X16=195 X17=20 X18=27 X19=119 X20=19 X21=52 X22=63 X23=203 X24=217 X25=60 X26=113 X27=150 X28=178 X29=215 X30=23 X31=130 X32=156 X33=241 X34=84 X35=204 X36=68 X37=76 X38=214 X39=4 X40=87 X41=193 X42=207 X43=48 X44=114 X45=122 X46=181 X47=198 X48=209 X49=212 X50=185 X51=231 X52=41 X53=49 X54=138 X55=239 X56=93 X57=131 X58=149 X59=155 X60=7 X61=56 X62=109 X63=9 X64=116 X65=174 X66=107 X67=136 X68=175 X69=180 X70=182 X71=18 X72=31 X73=33 X74=58 X75=64 X76=141 X77=167 X78=161 X79=137 X80=222 X81=255 X82=157 X83=162 X84=26 X85=34 X86=57 X87=143 X88=147 X89=12 X90=102 X91=120 X92=10 X93=144 X94=223 X95=235 X96=90 X97=234 X98=205 X99=240 X100=213 X101=246 

   
   search
        run=0  nbConstraintChecks=206  depth=(min:0,max:101,avg:1)  nbEffectivePropagations=139  nbRevisions=2678  nbUselessRevisions=2570
        nbAssignments=262  nbFailedAssignments=160  nbBacktracks=0  nbVisitedNodes=423  nbRestartNogoods=0  nbFoundSolutions=1
        upperBound=9223372036854775807
          =>  wckTime=2.236  cpuTime=2.791  mem=93M868

   
   global
        nbConstraintChecks=206  nbEffectivePropagations=139  nbRevisions=2678  nbUselessRevisions=2570  nbRestartNogoods=0  solvingWckTime=2.237
        expiredTime=no  totalExploration=no  nbFoundSolutions=1  firstSolutionCpuTime=2.788  Stop=REACHED_GOAL
          =>  wckTime=2.764  cpuTime=2.792  mem=95M609

s SATISFIABLE
v X0=0 X1=22 X2=40 X3=126 X4=163 X5=229 X6=14 X7=44 X8=99 X9=5 X10=21 X11=47 X12=94 X13=28 X14=38 X15=160 X16=195 X17=20 X18=27 X19=119 X20=19 X21=52 X22=63 X23=203 X24=217 X25=60 X26=113 X27=150 X28=178 X29=215 X30=23 X31=130 X32=156 X33=241 X34=84 X35=204 X36=68 X37=76 X38=214 X39=4 X40=87 X41=193 X42=207 X43=48 X44=114 X45=122 X46=181 X47=198 X48=209 X49=212 X50=185 X51=231 X52=41 X53=49 X54=138 X55=239 X56=93 X57=131 X58=149 X59=155 X60=7 X61=56 X62=109 X63=9 X64=116 X65=174 X66=107 X67=136 X68=175 X69=180 X70=182 X71=18 X72=31 X73=33 X74=58 X75=64 X76=141 X77=167 X78=161 X79=137 X80=222 X81=255 X82=157 X83=162 X84=26 X85=34 X86=57 X87=143 X88=147 X89=12 X90=102 X91=120 X92=10 X93=144 X94=223 X95=235 X96=90 X97=234 X98=205 X99=240 X100=213 X101=246 
d NODES 262

   totalWckTime=2.667  totalCpuTime=2.792
