
   AbsCon 1.41 (January, 2014) - defaultConfiguration

   
   instance
        framework=CSP  name=Isomorphism-/cluster/gpg/ciaran/sip-benchmarks/benchmarks/si4_bvg_b09_400/si4_b09_m400.02/pattern-/cluster/gpg/ciaran/sip-benchmarks/benchmarks/si4_bvg_b09_400/si4_b09_m400.02/target
        parameters=/cluster/gpg/ciaran/sip-benchmarks/benchmarks/si4_bvg_b09_400/si4_b09_m400.02/pattern,/cluster/gpg/ciaran/sip-benchmarks/benchmarks/si4_bvg_b09_400/si4_b09_m400.02/target
      

   loading variables...
        nbVariables=160  nbDomainTypes=1  nbTotalValues=64000  domainSizes=(400:160)
          =>  wckTime=0.201  cpuTime=0.303  mem=6M496

   loading objectives...

   loading constraints...
        nbConstraints=697  nbSpecificConstraints=1  nbExtensionStructures=(1,shared:695)  nbConflictsStructures=(1,shared:695,unbuilt:1)
        degrees=(5:2)(6:4)(7:4)(8:4)(9:2)(10:144)  arities=(2:696)(160:1)  types=(AllDifferent:1)(ConstraintHardExtensionV-Bits:696)
          =>  wckTime=0.521  cpuTime=0.609  mem=26M179

   INFO : <!-- Start saving the XML representation -->

   INFO : <!-- Stop saving the XML representation of target.xml -->

   Solver SolverBacktrack being built... 
          =>  wckTime=0.864  cpuTime=0.888  mem=23M735

    instantiation X0=0 X1=252 X2=198 X3=189 X4=188 X5=130 X6=213 X7=36 X8=311 X9=301 X10=101 X11=109 X12=259 X13=208 X14=283 X15=343 X16=315 X17=296 X18=15 X19=203 X20=348 X21=382 X22=369 X23=364 X24=280 X25=32 X26=398 X27=69 X28=77 X29=339 X30=245 X31=28 X32=207 X33=234 X34=102 X35=65 X36=50 X37=335 X38=321 X39=383 X40=222 X41=153 X42=277 X43=289 X44=318 X45=349 X46=265 X47=263 X48=228 X49=360 X50=72 X51=319 X52=375 X53=141 X54=167 X55=25 X56=199 X57=59 X58=114 X59=193 X60=88 X61=79 X62=368 X63=135 X64=58 X65=396 X66=129 X67=271 X68=14 X69=166 X70=144 X71=118 X72=162 X73=86 X74=393 X75=288 X76=366 X77=273 X78=185 X79=154 X80=151 X81=80 X82=255 X83=371 X84=117 X85=105 X86=18 X87=16 X88=242 X89=182 X90=147 X91=286 X92=161 X93=317 X94=93 X95=262 X96=334 X97=146 X98=380 X99=120 X100=243 X101=115 X102=30 X103=331 X104=155 X105=96 X106=307 X107=217 X108=227 X109=20 X110=347 X111=274 X112=338 X113=125 X114=306 X115=2 X116=221 X117=4 X118=320 X119=152 X120=60 X121=138 X122=300 X123=342 X124=387 X125=328 X126=170 X127=6 X128=98 X129=54 X130=3 X131=10 X132=106 X133=333 X134=163 X135=386 X136=38 X137=137 X138=97 X139=373 X140=285 X141=104 X142=358 X143=362 X144=372 X145=148 X146=363 X147=23 X148=22 X149=164 X150=179 X151=196 X152=218 X153=200 X154=19 X155=231 X156=64 X157=351 X158=13 X159=392 

    solution X0=0 X1=252 X2=198 X3=189 X4=188 X5=130 X6=213 X7=36 X8=311 X9=301 X10=101 X11=109 X12=259 X13=208 X14=283 X15=343 X16=315 X17=296 X18=15 X19=203 X20=348 X21=382 X22=369 X23=364 X24=280 X25=32 X26=398 X27=69 X28=77 X29=339 X30=245 X31=28 X32=207 X33=234 X34=102 X35=65 X36=50 X37=335 X38=321 X39=383 X40=222 X41=153 X42=277 X43=289 X44=318 X45=349 X46=265 X47=263 X48=228 X49=360 X50=72 X51=319 X52=375 X53=141 X54=167 X55=25 X56=199 X57=59 X58=114 X59=193 X60=88 X61=79 X62=368 X63=135 X64=58 X65=396 X66=129 X67=271 X68=14 X69=166 X70=144 X71=118 X72=162 X73=86 X74=393 X75=288 X76=366 X77=273 X78=185 X79=154 X80=151 X81=80 X82=255 X83=371 X84=117 X85=105 X86=18 X87=16 X88=242 X89=182 X90=147 X91=286 X92=161 X93=317 X94=93 X95=262 X96=334 X97=146 X98=380 X99=120 X100=243 X101=115 X102=30 X103=331 X104=155 X105=96 X106=307 X107=217 X108=227 X109=20 X110=347 X111=274 X112=338 X113=125 X114=306 X115=2 X116=221 X117=4 X118=320 X119=152 X120=60 X121=138 X122=300 X123=342 X124=387 X125=328 X126=170 X127=6 X128=98 X129=54 X130=3 X131=10 X132=106 X133=333 X134=163 X135=386 X136=38 X137=137 X138=97 X139=373 X140=285 X141=104 X142=358 X143=362 X144=372 X145=148 X146=363 X147=23 X148=22 X149=164 X150=179 X151=196 X152=218 X153=200 X154=19 X155=231 X156=64 X157=351 X158=13 X159=392 

   
   search
        run=0  nbConstraintChecks=697  depth=(min:161,max:159,avg:0)  nbEffectivePropagations=2  nbRevisions=3410  nbUselessRevisions=3410
        nbAssignments=160  nbFailedAssignments=0  nbBacktracks=0  nbVisitedNodes=161  nbRestartNogoods=0  nbFoundSolutions=1
        upperBound=9223372036854775807
          =>  wckTime=4.772  cpuTime=5.581  mem=284M125

   
   global
        nbConstraintChecks=697  nbEffectivePropagations=2  nbRevisions=3410  nbUselessRevisions=3410  nbRestartNogoods=0  solvingWckTime=4.772
        expiredTime=no  totalExploration=no  nbFoundSolutions=1  firstSolutionCpuTime=5.573  Stop=REACHED_GOAL
          =>  wckTime=5.636  cpuTime=5.581  mem=284M125

s SATISFIABLE
v X0=0 X1=252 X2=198 X3=189 X4=188 X5=130 X6=213 X7=36 X8=311 X9=301 X10=101 X11=109 X12=259 X13=208 X14=283 X15=343 X16=315 X17=296 X18=15 X19=203 X20=348 X21=382 X22=369 X23=364 X24=280 X25=32 X26=398 X27=69 X28=77 X29=339 X30=245 X31=28 X32=207 X33=234 X34=102 X35=65 X36=50 X37=335 X38=321 X39=383 X40=222 X41=153 X42=277 X43=289 X44=318 X45=349 X46=265 X47=263 X48=228 X49=360 X50=72 X51=319 X52=375 X53=141 X54=167 X55=25 X56=199 X57=59 X58=114 X59=193 X60=88 X61=79 X62=368 X63=135 X64=58 X65=396 X66=129 X67=271 X68=14 X69=166 X70=144 X71=118 X72=162 X73=86 X74=393 X75=288 X76=366 X77=273 X78=185 X79=154 X80=151 X81=80 X82=255 X83=371 X84=117 X85=105 X86=18 X87=16 X88=242 X89=182 X90=147 X91=286 X92=161 X93=317 X94=93 X95=262 X96=334 X97=146 X98=380 X99=120 X100=243 X101=115 X102=30 X103=331 X104=155 X105=96 X106=307 X107=217 X108=227 X109=20 X110=347 X111=274 X112=338 X113=125 X114=306 X115=2 X116=221 X117=4 X118=320 X119=152 X120=60 X121=138 X122=300 X123=342 X124=387 X125=328 X126=170 X127=6 X128=98 X129=54 X130=3 X131=10 X132=106 X133=333 X134=163 X135=386 X136=38 X137=137 X138=97 X139=373 X140=285 X141=104 X142=358 X143=362 X144=372 X145=148 X146=363 X147=23 X148=22 X149=164 X150=179 X151=196 X152=218 X153=200 X154=19 X155=231 X156=64 X157=351 X158=13 X159=392 
d NODES 160

   totalWckTime=5.533  totalCpuTime=5.582
