
   AbsCon 1.41 (January, 2014) - defaultConfiguration

   
   instance
        framework=CSP  name=Isomorphism-/cluster/gpg/ciaran/sip-benchmarks/benchmarks/si4_rand_r001_600/si4_r001_m600.03/pattern-/cluster/gpg/ciaran/sip-benchmarks/benchmarks/si4_rand_r001_600/si4_r001_m600.03/target
        parameters=/cluster/gpg/ciaran/sip-benchmarks/benchmarks/si4_rand_r001_600/si4_r001_m600.03/pattern,/cluster/gpg/ciaran/sip-benchmarks/benchmarks/si4_rand_r001_600/si4_r001_m600.03/target
      

   loading variables...
        nbVariables=240  nbDomainTypes=1  nbTotalValues=144000  domainSizes=(600:240)
          =>  wckTime=0.214  cpuTime=0.309  mem=10M626

   loading objectives...

   loading constraints...
        nbConstraints=630  nbSpecificConstraints=1  nbExtensionStructures=(1,shared:628)  nbConflictsStructures=(1,shared:628,unbuilt:1)
        degrees=(2:7)(3:17)(4:33)...(12:3)(13:2)(14:1)  arities=(2:629)(240:1)  types=(AllDifferent:1)(ConstraintHardExtensionV-Bits:629)
          =>  wckTime=0.519  cpuTime=0.583  mem=34M332

   INFO : <!-- Start saving the XML representation -->

   INFO : <!-- Stop saving the XML representation of target.xml -->

   Solver SolverBacktrack being built... 
          =>  wckTime=0.866  cpuTime=0.879  mem=44M793

    instantiation X0=243 X1=163 X2=140 X3=248 X4=598 X5=342 X6=357 X7=315 X8=31 X9=48 X10=208 X11=486 X12=346 X13=549 X14=451 X15=344 X16=594 X17=56 X18=589 X19=322 X20=328 X21=441 X22=180 X23=578 X24=534 X25=324 X26=375 X27=458 X28=94 X29=326 X30=472 X31=42 X32=397 X33=230 X34=283 X35=184 X36=599 X37=343 X38=270 X39=100 X40=524 X41=298 X42=459 X43=499 X44=293 X45=211 X46=485 X47=247 X48=153 X49=471 X50=333 X51=225 X52=460 X53=496 X54=241 X55=15 X56=255 X57=532 X58=237 X59=544 X60=80 X61=319 X62=523 X63=24 X64=103 X65=87 X66=32 X67=134 X68=99 X69=67 X70=194 X71=461 X72=181 X73=271 X74=433 X75=114 X76=166 X77=340 X78=527 X79=220 X80=16 X81=85 X82=564 X83=57 X84=195 X85=141 X86=583 X87=73 X88=542 X89=595 X90=414 X91=427 X92=452 X93=160 X94=176 X95=65 X96=592 X97=567 X98=274 X99=295 X100=236 X101=404 X102=92 X103=262 X104=273 X105=539 X106=171 X107=106 X108=22 X109=185 X110=561 X111=330 X112=174 X113=317 X114=304 X115=341 X116=560 X117=327 X118=364 X119=501 X120=212 X121=551 X122=297 X123=30 X124=290 X125=275 X126=257 X127=537 X128=511 X129=463 X130=266 X131=473 X132=418 X133=321 X134=173 X135=386 X136=97 X137=207 X138=165 X139=338 X140=164 X141=337 X142=222 X143=242 X144=493 X145=491 X146=49 X147=361 X148=81 X149=582 X150=277 X151=124 X152=282 X153=278 X154=576 X155=518 X156=366 X157=331 X158=162 X159=383 X160=118 X161=439 X162=557 X163=345 X164=400 X165=586 X166=562 X167=351 X168=61 X169=268 X170=125 X171=482 X172=253 X173=199 X174=358 X175=384 X176=347 X177=475 X178=356 X179=183 X180=467 X181=213 X182=464 X183=33 X184=311 X185=69 X186=17 X187=2 X188=413 X189=541 X190=547 X191=406 X192=46 X193=132 X194=96 X195=504 X196=420 X197=500 X198=391 X199=249 X200=58 X201=520 X202=436 X203=28 X204=256 X205=261 X206=91 X207=244 X208=89 X209=110 X210=113 X211=554 X212=300 X213=50 X214=509 X215=193 X216=415 X217=505 X218=7 X219=286 X220=5 X221=133 X222=536 X223=55 X224=14 X225=148 X226=377 X227=54 X228=585 X229=62 X230=245 X231=167 X232=52 X233=182 X234=396 X235=154 X236=412 X237=74 X238=60 X239=136 

    solution X0=243 X1=163 X2=140 X3=248 X4=598 X5=342 X6=357 X7=315 X8=31 X9=48 X10=208 X11=486 X12=346 X13=549 X14=451 X15=344 X16=594 X17=56 X18=589 X19=322 X20=328 X21=441 X22=180 X23=578 X24=534 X25=324 X26=375 X27=458 X28=94 X29=326 X30=472 X31=42 X32=397 X33=230 X34=283 X35=184 X36=599 X37=343 X38=270 X39=100 X40=524 X41=298 X42=459 X43=499 X44=293 X45=211 X46=485 X47=247 X48=153 X49=471 X50=333 X51=225 X52=460 X53=496 X54=241 X55=15 X56=255 X57=532 X58=237 X59=544 X60=80 X61=319 X62=523 X63=24 X64=103 X65=87 X66=32 X67=134 X68=99 X69=67 X70=194 X71=461 X72=181 X73=271 X74=433 X75=114 X76=166 X77=340 X78=527 X79=220 X80=16 X81=85 X82=564 X83=57 X84=195 X85=141 X86=583 X87=73 X88=542 X89=595 X90=414 X91=427 X92=452 X93=160 X94=176 X95=65 X96=592 X97=567 X98=274 X99=295 X100=236 X101=404 X102=92 X103=262 X104=273 X105=539 X106=171 X107=106 X108=22 X109=185 X110=561 X111=330 X112=174 X113=317 X114=304 X115=341 X116=560 X117=327 X118=364 X119=501 X120=212 X121=551 X122=297 X123=30 X124=290 X125=275 X126=257 X127=537 X128=511 X129=463 X130=266 X131=473 X132=418 X133=321 X134=173 X135=386 X136=97 X137=207 X138=165 X139=338 X140=164 X141=337 X142=222 X143=242 X144=493 X145=491 X146=49 X147=361 X148=81 X149=582 X150=277 X151=124 X152=282 X153=278 X154=576 X155=518 X156=366 X157=331 X158=162 X159=383 X160=118 X161=439 X162=557 X163=345 X164=400 X165=586 X166=562 X167=351 X168=61 X169=268 X170=125 X171=482 X172=253 X173=199 X174=358 X175=384 X176=347 X177=475 X178=356 X179=183 X180=467 X181=213 X182=464 X183=33 X184=311 X185=69 X186=17 X187=2 X188=413 X189=541 X190=547 X191=406 X192=46 X193=132 X194=96 X195=504 X196=420 X197=500 X198=391 X199=249 X200=58 X201=520 X202=436 X203=28 X204=256 X205=261 X206=91 X207=244 X208=89 X209=110 X210=113 X211=554 X212=300 X213=50 X214=509 X215=193 X216=415 X217=505 X218=7 X219=286 X220=5 X221=133 X222=536 X223=55 X224=14 X225=148 X226=377 X227=54 X228=585 X229=62 X230=245 X231=167 X232=52 X233=182 X234=396 X235=154 X236=412 X237=74 X238=60 X239=136 

   
   search
        run=0  nbConstraintChecks=630  depth=(min:0,max:239,avg:1)  nbEffectivePropagations=700  nbRevisions=13154  nbUselessRevisions=12465
        nbAssignments=736  nbFailedAssignments=496  nbBacktracks=0  nbVisitedNodes=1233  nbRestartNogoods=0  nbFoundSolutions=1
        upperBound=9223372036854775807
          =>  wckTime=94.545  cpuTime=94.583  mem=286M595

   
   global
        nbConstraintChecks=630  nbEffectivePropagations=700  nbRevisions=13154  nbUselessRevisions=12465  nbRestartNogoods=0
        solvingWckTime=94.545  expiredTime=no  totalExploration=no  nbFoundSolutions=1  firstSolutionCpuTime=94.577  Stop=REACHED_GOAL
          =>  wckTime=95.412  cpuTime=94.583  mem=286M595

s SATISFIABLE
v X0=243 X1=163 X2=140 X3=248 X4=598 X5=342 X6=357 X7=315 X8=31 X9=48 X10=208 X11=486 X12=346 X13=549 X14=451 X15=344 X16=594 X17=56 X18=589 X19=322 X20=328 X21=441 X22=180 X23=578 X24=534 X25=324 X26=375 X27=458 X28=94 X29=326 X30=472 X31=42 X32=397 X33=230 X34=283 X35=184 X36=599 X37=343 X38=270 X39=100 X40=524 X41=298 X42=459 X43=499 X44=293 X45=211 X46=485 X47=247 X48=153 X49=471 X50=333 X51=225 X52=460 X53=496 X54=241 X55=15 X56=255 X57=532 X58=237 X59=544 X60=80 X61=319 X62=523 X63=24 X64=103 X65=87 X66=32 X67=134 X68=99 X69=67 X70=194 X71=461 X72=181 X73=271 X74=433 X75=114 X76=166 X77=340 X78=527 X79=220 X80=16 X81=85 X82=564 X83=57 X84=195 X85=141 X86=583 X87=73 X88=542 X89=595 X90=414 X91=427 X92=452 X93=160 X94=176 X95=65 X96=592 X97=567 X98=274 X99=295 X100=236 X101=404 X102=92 X103=262 X104=273 X105=539 X106=171 X107=106 X108=22 X109=185 X110=561 X111=330 X112=174 X113=317 X114=304 X115=341 X116=560 X117=327 X118=364 X119=501 X120=212 X121=551 X122=297 X123=30 X124=290 X125=275 X126=257 X127=537 X128=511 X129=463 X130=266 X131=473 X132=418 X133=321 X134=173 X135=386 X136=97 X137=207 X138=165 X139=338 X140=164 X141=337 X142=222 X143=242 X144=493 X145=491 X146=49 X147=361 X148=81 X149=582 X150=277 X151=124 X152=282 X153=278 X154=576 X155=518 X156=366 X157=331 X158=162 X159=383 X160=118 X161=439 X162=557 X163=345 X164=400 X165=586 X166=562 X167=351 X168=61 X169=268 X170=125 X171=482 X172=253 X173=199 X174=358 X175=384 X176=347 X177=475 X178=356 X179=183 X180=467 X181=213 X182=464 X183=33 X184=311 X185=69 X186=17 X187=2 X188=413 X189=541 X190=547 X191=406 X192=46 X193=132 X194=96 X195=504 X196=420 X197=500 X198=391 X199=249 X200=58 X201=520 X202=436 X203=28 X204=256 X205=261 X206=91 X207=244 X208=89 X209=110 X210=113 X211=554 X212=300 X213=50 X214=509 X215=193 X216=415 X217=505 X218=7 X219=286 X220=5 X221=133 X222=536 X223=55 X224=14 X225=148 X226=377 X227=54 X228=585 X229=62 X230=245 X231=167 X232=52 X233=182 X234=396 X235=154 X236=412 X237=74 X238=60 X239=136 
d NODES 736

   totalWckTime=95.311  totalCpuTime=94.584
