
   AbsCon 1.41 (January, 2014) - defaultConfiguration

   
   instance
        framework=CSP  name=Isomorphism-/cluster/gpg/ciaran/sip-benchmarks/benchmarks/si4_bvg_b06_400/si4_b06_m400.02/pattern-/cluster/gpg/ciaran/sip-benchmarks/benchmarks/si4_bvg_b06_400/si4_b06_m400.02/target
        parameters=/cluster/gpg/ciaran/sip-benchmarks/benchmarks/si4_bvg_b06_400/si4_b06_m400.02/pattern,/cluster/gpg/ciaran/sip-benchmarks/benchmarks/si4_bvg_b06_400/si4_b06_m400.02/target
      

   loading variables...
        nbVariables=160  nbDomainTypes=1  nbTotalValues=64000  domainSizes=(400:160)
          =>  wckTime=0.197  cpuTime=0.307  mem=6M639

   loading objectives...

   loading constraints...
        nbConstraints=475  nbSpecificConstraints=1  nbExtensionStructures=(1,shared:473)  nbConflictsStructures=(1,shared:473,unbuilt:1)
        degrees=(4:2)(5:2)(6:2)(7:154)  arities=(2:474)(160:1)  types=(AllDifferent:1)(ConstraintHardExtensionV-Bits:474)
          =>  wckTime=0.367  cpuTime=0.468  mem=18M400

   INFO : <!-- Start saving the XML representation -->

   INFO : <!-- Stop saving the XML representation of target.xml -->

   Solver SolverBacktrack being built... 
          =>  wckTime=0.708  cpuTime=0.716  mem=22M336

    instantiation X0=0 X1=73 X2=161 X3=263 X4=268 X5=281 X6=354 X7=5 X8=146 X9=372 X10=292 X11=267 X12=295 X13=269 X14=305 X15=317 X16=42 X17=6 X18=127 X19=30 X20=179 X21=314 X22=10 X23=322 X24=89 X25=96 X26=346 X27=132 X28=250 X29=190 X30=245 X31=47 X32=358 X33=287 X34=13 X35=102 X36=243 X37=219 X38=257 X39=236 X40=4 X41=339 X42=92 X43=138 X44=11 X45=63 X46=301 X47=200 X48=390 X49=282 X50=45 X51=3 X52=355 X53=41 X54=105 X55=2 X56=85 X57=109 X58=172 X59=347 X60=185 X61=193 X62=313 X63=316 X64=203 X65=335 X66=343 X67=199 X68=265 X69=323 X70=382 X71=158 X72=330 X73=264 X74=22 X75=259 X76=328 X77=75 X78=351 X79=97 X80=345 X81=233 X82=95 X83=353 X84=261 X85=315 X86=12 X87=29 X88=139 X89=348 X90=186 X91=23 X92=210 X93=119 X94=49 X95=163 X96=107 X97=137 X98=38 X99=273 X100=237 X101=33 X102=115 X103=51 X104=136 X105=300 X106=101 X107=140 X108=306 X109=350 X110=78 X111=134 X112=286 X113=296 X114=307 X115=16 X116=147 X117=252 X118=130 X119=364 X120=337 X121=36 X122=276 X123=182 X124=255 X125=159 X126=380 X127=175 X128=153 X129=321 X130=231 X131=58 X132=171 X133=166 X134=291 X135=124 X136=374 X137=62 X138=244 X139=19 X140=88 X141=289 X142=242 X143=24 X144=378 X145=342 X146=279 X147=84 X148=206 X149=375 X150=214 X151=183 X152=168 X153=383 X154=284 X155=373 X156=388 X157=290 X158=69 X159=56 

    solution X0=0 X1=73 X2=161 X3=263 X4=268 X5=281 X6=354 X7=5 X8=146 X9=372 X10=292 X11=267 X12=295 X13=269 X14=305 X15=317 X16=42 X17=6 X18=127 X19=30 X20=179 X21=314 X22=10 X23=322 X24=89 X25=96 X26=346 X27=132 X28=250 X29=190 X30=245 X31=47 X32=358 X33=287 X34=13 X35=102 X36=243 X37=219 X38=257 X39=236 X40=4 X41=339 X42=92 X43=138 X44=11 X45=63 X46=301 X47=200 X48=390 X49=282 X50=45 X51=3 X52=355 X53=41 X54=105 X55=2 X56=85 X57=109 X58=172 X59=347 X60=185 X61=193 X62=313 X63=316 X64=203 X65=335 X66=343 X67=199 X68=265 X69=323 X70=382 X71=158 X72=330 X73=264 X74=22 X75=259 X76=328 X77=75 X78=351 X79=97 X80=345 X81=233 X82=95 X83=353 X84=261 X85=315 X86=12 X87=29 X88=139 X89=348 X90=186 X91=23 X92=210 X93=119 X94=49 X95=163 X96=107 X97=137 X98=38 X99=273 X100=237 X101=33 X102=115 X103=51 X104=136 X105=300 X106=101 X107=140 X108=306 X109=350 X110=78 X111=134 X112=286 X113=296 X114=307 X115=16 X116=147 X117=252 X118=130 X119=364 X120=337 X121=36 X122=276 X123=182 X124=255 X125=159 X126=380 X127=175 X128=153 X129=321 X130=231 X131=58 X132=171 X133=166 X134=291 X135=124 X136=374 X137=62 X138=244 X139=19 X140=88 X141=289 X142=242 X143=24 X144=378 X145=342 X146=279 X147=84 X148=206 X149=375 X150=214 X151=183 X152=168 X153=383 X154=284 X155=373 X156=388 X157=290 X158=69 X159=56 

   
   search
        run=0  nbConstraintChecks=475  depth=(min:161,max:159,avg:0)  nbEffectivePropagations=2  nbRevisions=2334  nbUselessRevisions=2334
        nbAssignments=160  nbFailedAssignments=0  nbBacktracks=0  nbVisitedNodes=161  nbRestartNogoods=0  nbFoundSolutions=1
        upperBound=9223372036854775807
          =>  wckTime=4.024  cpuTime=4.639  mem=95M612

   
   global
        nbConstraintChecks=475  nbEffectivePropagations=2  nbRevisions=2334  nbUselessRevisions=2334  nbRestartNogoods=0  solvingWckTime=4.024
        expiredTime=no  totalExploration=no  nbFoundSolutions=1  firstSolutionCpuTime=4.63  Stop=REACHED_GOAL
          =>  wckTime=4.733  cpuTime=4.64  mem=95M612

s SATISFIABLE
v X0=0 X1=73 X2=161 X3=263 X4=268 X5=281 X6=354 X7=5 X8=146 X9=372 X10=292 X11=267 X12=295 X13=269 X14=305 X15=317 X16=42 X17=6 X18=127 X19=30 X20=179 X21=314 X22=10 X23=322 X24=89 X25=96 X26=346 X27=132 X28=250 X29=190 X30=245 X31=47 X32=358 X33=287 X34=13 X35=102 X36=243 X37=219 X38=257 X39=236 X40=4 X41=339 X42=92 X43=138 X44=11 X45=63 X46=301 X47=200 X48=390 X49=282 X50=45 X51=3 X52=355 X53=41 X54=105 X55=2 X56=85 X57=109 X58=172 X59=347 X60=185 X61=193 X62=313 X63=316 X64=203 X65=335 X66=343 X67=199 X68=265 X69=323 X70=382 X71=158 X72=330 X73=264 X74=22 X75=259 X76=328 X77=75 X78=351 X79=97 X80=345 X81=233 X82=95 X83=353 X84=261 X85=315 X86=12 X87=29 X88=139 X89=348 X90=186 X91=23 X92=210 X93=119 X94=49 X95=163 X96=107 X97=137 X98=38 X99=273 X100=237 X101=33 X102=115 X103=51 X104=136 X105=300 X106=101 X107=140 X108=306 X109=350 X110=78 X111=134 X112=286 X113=296 X114=307 X115=16 X116=147 X117=252 X118=130 X119=364 X120=337 X121=36 X122=276 X123=182 X124=255 X125=159 X126=380 X127=175 X128=153 X129=321 X130=231 X131=58 X132=171 X133=166 X134=291 X135=124 X136=374 X137=62 X138=244 X139=19 X140=88 X141=289 X142=242 X143=24 X144=378 X145=342 X146=279 X147=84 X148=206 X149=375 X150=214 X151=183 X152=168 X153=383 X154=284 X155=373 X156=388 X157=290 X158=69 X159=56 
d NODES 160

   totalWckTime=4.635  totalCpuTime=4.64
