
   AbsCon 1.41 (January, 2014) - defaultConfiguration

   
   instance
        framework=CSP  name=Isomorphism-/cluster/gpg/ciaran/sip-benchmarks/benchmarks/si4_m4D_m4Dr2_625/si4_m4Dr2_m625.07/pattern-/cluster/gpg/ciaran/sip-benchmarks/benchmarks/si4_m4D_m4Dr2_625/si4_m4Dr2_m625.07/target
        parameters=/cluster/gpg/ciaran/sip-benchmarks/benchmarks/si4_m4D_m4Dr2_625/si4_m4Dr2_m625.07/pattern,/cluster/gpg/ciaran/sip-benchmarks/benchmarks/si4_m4D_m4Dr2_625/si4_m4Dr2_m625.07/target
      

   loading variables...
        nbVariables=250  nbDomainTypes=1  nbTotalValues=156250  domainSizes=(625:250)
          =>  wckTime=0.203  cpuTime=0.329  mem=10M993

   loading objectives...

   loading constraints...
        nbConstraints=588  nbSpecificConstraints=1  nbExtensionStructures=(1,shared:586)  nbConflictsStructures=(1,shared:586,unbuilt:1)
        degrees=(2:35)(3:17)(4:27)...(9:17)(10:4)(11:2)  arities=(2:587)(250:1)  types=(AllDifferent:1)(ConstraintHardExtensionV-Bits:587)
          =>  wckTime=0.514  cpuTime=0.609  mem=15M827

   INFO : <!-- Start saving the XML representation -->

   INFO : <!-- Stop saving the XML representation of target.xml -->

   Solver SolverBacktrack being built... 
          =>  wckTime=0.891  cpuTime=0.953  mem=41M85

    instantiation X0=0 X1=218 X2=335 X3=376 X4=447 X5=482 X6=570 X7=584 X8=39 X9=88 X10=181 X11=429 X12=552 X13=107 X14=531 X15=568 X16=596 X17=34 X18=401 X19=532 X20=598 X21=81 X22=135 X23=255 X24=585 X25=262 X26=298 X27=379 X28=413 X29=307 X30=542 X31=154 X32=203 X33=297 X34=305 X35=227 X36=228 X37=402 X38=564 X39=204 X40=479 X41=156 X42=416 X43=344 X44=42 X45=132 X46=241 X47=592 X48=624 X49=173 X50=405 X51=456 X52=497 X53=16 X54=317 X55=548 X56=593 X57=210 X58=246 X59=588 X60=622 X61=234 X62=444 X63=414 X64=463 X65=481 X66=549 X67=140 X68=326 X69=563 X70=334 X71=80 X72=225 X73=292 X74=477 X75=316 X76=55 X77=95 X78=206 X79=224 X80=332 X81=441 X82=417 X83=13 X84=57 X85=277 X86=427 X87=311 X88=323 X89=328 X90=148 X91=599 X92=68 X93=440 X94=493 X95=587 X96=201 X97=343 X98=349 X99=474 X100=5 X101=168 X102=170 X103=620 X104=409 X105=199 X106=200 X107=1 X108=452 X109=530 X110=314 X111=197 X112=412 X113=10 X114=215 X115=252 X116=279 X117=392 X118=87 X119=524 X120=152 X121=160 X122=377 X123=507 X124=141 X125=205 X126=353 X127=118 X128=162 X129=453 X130=158 X131=589 X132=22 X133=27 X134=389 X135=523 X136=108 X137=153 X138=362 X139=208 X140=36 X141=119 X142=217 X143=331 X144=619 X145=17 X146=43 X147=64 X148=189 X149=221 X150=226 X151=595 X152=45 X153=142 X154=104 X155=492 X156=515 X157=529 X158=554 X159=100 X160=139 X161=26 X162=555 X163=183 X164=236 X165=557 X166=59 X167=268 X168=442 X169=67 X170=284 X171=32 X172=179 X173=239 X174=207 X175=375 X176=329 X177=550 X178=602 X179=52 X180=230 X181=232 X182=18 X183=223 X184=177 X185=4 X186=250 X187=30 X188=194 X189=433 X190=487 X191=182 X192=216 X193=263 X194=285 X195=309 X196=462 X197=54 X198=112 X199=138 X200=438 X201=533 X202=211 X203=397 X204=504 X205=468 X206=503 X207=576 X208=258 X209=131 X210=271 X211=318 X212=520 X213=370 X214=420 X215=491 X216=618 X217=251 X218=136 X219=167 X220=400 X221=282 X222=62 X223=336 X224=354 X225=347 X226=601 X227=166 X228=184 X229=37 X230=40 X231=15 X232=164 X233=301 X234=310 X235=499 X236=35 X237=185 X238=270 X239=306 X240=486 X241=614 X242=124 X243=484 X244=553 X245=521 X246=612 X247=97 X248=338 X249=247 

    solution X0=0 X1=218 X2=335 X3=376 X4=447 X5=482 X6=570 X7=584 X8=39 X9=88 X10=181 X11=429 X12=552 X13=107 X14=531 X15=568 X16=596 X17=34 X18=401 X19=532 X20=598 X21=81 X22=135 X23=255 X24=585 X25=262 X26=298 X27=379 X28=413 X29=307 X30=542 X31=154 X32=203 X33=297 X34=305 X35=227 X36=228 X37=402 X38=564 X39=204 X40=479 X41=156 X42=416 X43=344 X44=42 X45=132 X46=241 X47=592 X48=624 X49=173 X50=405 X51=456 X52=497 X53=16 X54=317 X55=548 X56=593 X57=210 X58=246 X59=588 X60=622 X61=234 X62=444 X63=414 X64=463 X65=481 X66=549 X67=140 X68=326 X69=563 X70=334 X71=80 X72=225 X73=292 X74=477 X75=316 X76=55 X77=95 X78=206 X79=224 X80=332 X81=441 X82=417 X83=13 X84=57 X85=277 X86=427 X87=311 X88=323 X89=328 X90=148 X91=599 X92=68 X93=440 X94=493 X95=587 X96=201 X97=343 X98=349 X99=474 X100=5 X101=168 X102=170 X103=620 X104=409 X105=199 X106=200 X107=1 X108=452 X109=530 X110=314 X111=197 X112=412 X113=10 X114=215 X115=252 X116=279 X117=392 X118=87 X119=524 X120=152 X121=160 X122=377 X123=507 X124=141 X125=205 X126=353 X127=118 X128=162 X129=453 X130=158 X131=589 X132=22 X133=27 X134=389 X135=523 X136=108 X137=153 X138=362 X139=208 X140=36 X141=119 X142=217 X143=331 X144=619 X145=17 X146=43 X147=64 X148=189 X149=221 X150=226 X151=595 X152=45 X153=142 X154=104 X155=492 X156=515 X157=529 X158=554 X159=100 X160=139 X161=26 X162=555 X163=183 X164=236 X165=557 X166=59 X167=268 X168=442 X169=67 X170=284 X171=32 X172=179 X173=239 X174=207 X175=375 X176=329 X177=550 X178=602 X179=52 X180=230 X181=232 X182=18 X183=223 X184=177 X185=4 X186=250 X187=30 X188=194 X189=433 X190=487 X191=182 X192=216 X193=263 X194=285 X195=309 X196=462 X197=54 X198=112 X199=138 X200=438 X201=533 X202=211 X203=397 X204=504 X205=468 X206=503 X207=576 X208=258 X209=131 X210=271 X211=318 X212=520 X213=370 X214=420 X215=491 X216=618 X217=251 X218=136 X219=167 X220=400 X221=282 X222=62 X223=336 X224=354 X225=347 X226=601 X227=166 X228=184 X229=37 X230=40 X231=15 X232=164 X233=301 X234=310 X235=499 X236=35 X237=185 X238=270 X239=306 X240=486 X241=614 X242=124 X243=484 X244=553 X245=521 X246=612 X247=97 X248=338 X249=247 

   
   search
        run=0  nbConstraintChecks=588  depth=(min:0,max:249,avg:1)  nbEffectivePropagations=15154  nbRevisions=60298  nbUselessRevisions=48792
        nbAssignments=871  nbFailedAssignments=621  nbBacktracks=0  nbVisitedNodes=1493  nbRestartNogoods=0  nbFoundSolutions=1
        upperBound=9223372036854775807
          =>  wckTime=27.529  cpuTime=28.135  mem=232M524

   
   global
        nbConstraintChecks=588  nbEffectivePropagations=15154  nbRevisions=60298  nbUselessRevisions=48792  nbRestartNogoods=0
        solvingWckTime=27.53  expiredTime=no  totalExploration=no  nbFoundSolutions=1  firstSolutionCpuTime=28.131  Stop=REACHED_GOAL
          =>  wckTime=28.421  cpuTime=28.136  mem=232M524

s SATISFIABLE
v X0=0 X1=218 X2=335 X3=376 X4=447 X5=482 X6=570 X7=584 X8=39 X9=88 X10=181 X11=429 X12=552 X13=107 X14=531 X15=568 X16=596 X17=34 X18=401 X19=532 X20=598 X21=81 X22=135 X23=255 X24=585 X25=262 X26=298 X27=379 X28=413 X29=307 X30=542 X31=154 X32=203 X33=297 X34=305 X35=227 X36=228 X37=402 X38=564 X39=204 X40=479 X41=156 X42=416 X43=344 X44=42 X45=132 X46=241 X47=592 X48=624 X49=173 X50=405 X51=456 X52=497 X53=16 X54=317 X55=548 X56=593 X57=210 X58=246 X59=588 X60=622 X61=234 X62=444 X63=414 X64=463 X65=481 X66=549 X67=140 X68=326 X69=563 X70=334 X71=80 X72=225 X73=292 X74=477 X75=316 X76=55 X77=95 X78=206 X79=224 X80=332 X81=441 X82=417 X83=13 X84=57 X85=277 X86=427 X87=311 X88=323 X89=328 X90=148 X91=599 X92=68 X93=440 X94=493 X95=587 X96=201 X97=343 X98=349 X99=474 X100=5 X101=168 X102=170 X103=620 X104=409 X105=199 X106=200 X107=1 X108=452 X109=530 X110=314 X111=197 X112=412 X113=10 X114=215 X115=252 X116=279 X117=392 X118=87 X119=524 X120=152 X121=160 X122=377 X123=507 X124=141 X125=205 X126=353 X127=118 X128=162 X129=453 X130=158 X131=589 X132=22 X133=27 X134=389 X135=523 X136=108 X137=153 X138=362 X139=208 X140=36 X141=119 X142=217 X143=331 X144=619 X145=17 X146=43 X147=64 X148=189 X149=221 X150=226 X151=595 X152=45 X153=142 X154=104 X155=492 X156=515 X157=529 X158=554 X159=100 X160=139 X161=26 X162=555 X163=183 X164=236 X165=557 X166=59 X167=268 X168=442 X169=67 X170=284 X171=32 X172=179 X173=239 X174=207 X175=375 X176=329 X177=550 X178=602 X179=52 X180=230 X181=232 X182=18 X183=223 X184=177 X185=4 X186=250 X187=30 X188=194 X189=433 X190=487 X191=182 X192=216 X193=263 X194=285 X195=309 X196=462 X197=54 X198=112 X199=138 X200=438 X201=533 X202=211 X203=397 X204=504 X205=468 X206=503 X207=576 X208=258 X209=131 X210=271 X211=318 X212=520 X213=370 X214=420 X215=491 X216=618 X217=251 X218=136 X219=167 X220=400 X221=282 X222=62 X223=336 X224=354 X225=347 X226=601 X227=166 X228=184 X229=37 X230=40 X231=15 X232=164 X233=301 X234=310 X235=499 X236=35 X237=185 X238=270 X239=306 X240=486 X241=614 X242=124 X243=484 X244=553 X245=521 X246=612 X247=97 X248=338 X249=247 
d NODES 871

   totalWckTime=28.331  totalCpuTime=28.138
