
   AbsCon 1.41 (January, 2014) - defaultConfiguration

   
   instance
        framework=CSP  name=Isomorphism-/cluster/gpg/ciaran/sip-benchmarks/benchmarks/si4_m4D_m4Dr4_625/si4_m4Dr4_m625.00/pattern-/cluster/gpg/ciaran/sip-benchmarks/benchmarks/si4_m4D_m4Dr4_625/si4_m4Dr4_m625.00/target
        parameters=/cluster/gpg/ciaran/sip-benchmarks/benchmarks/si4_m4D_m4Dr4_625/si4_m4Dr4_m625.00/pattern,/cluster/gpg/ciaran/sip-benchmarks/benchmarks/si4_m4D_m4Dr4_625/si4_m4Dr4_m625.00/target
      

   loading variables...
        nbVariables=250  nbDomainTypes=1  nbTotalValues=156250  domainSizes=(625:250)
          =>  wckTime=0.209  cpuTime=0.329  mem=10M868

   loading objectives...

   loading constraints...
        nbConstraints=497  nbSpecificConstraints=1  nbExtensionStructures=(1,shared:495)  nbConflictsStructures=(1,shared:495,unbuilt:1)
        degrees=(2:25)(3:43)(4:54)...(8:26)(9:10)(10:3)  arities=(2:496)(250:1)  types=(AllDifferent:1)(ConstraintHardExtensionV-Bits:496)
          =>  wckTime=0.442  cpuTime=0.554  mem=27M667

   INFO : <!-- Start saving the XML representation -->

   INFO : <!-- Stop saving the XML representation of target.xml -->

   Solver SolverBacktrack being built... 
          =>  wckTime=0.767  cpuTime=0.841  mem=36M663

    instantiation X0=0 X1=66 X2=347 X3=392 X4=541 X5=598 X6=177 X7=187 X8=242 X9=315 X10=368 X11=376 X12=220 X13=221 X14=266 X15=269 X16=375 X17=333 X18=462 X19=345 X20=493 X21=519 X22=132 X23=250 X24=336 X25=439 X26=515 X27=595 X28=79 X29=140 X30=200 X31=382 X32=596 X33=611 X34=387 X35=412 X36=38 X37=103 X38=379 X39=523 X40=28 X41=264 X42=87 X43=284 X44=71 X45=77 X46=89 X47=116 X48=153 X49=551 X50=19 X51=84 X52=234 X53=395 X54=618 X55=466 X56=545 X57=593 X58=299 X59=27 X60=43 X61=209 X62=316 X63=524 X64=528 X65=583 X66=301 X67=190 X68=292 X69=400 X70=134 X71=210 X72=212 X73=217 X74=228 X75=231 X76=518 X77=11 X78=57 X79=193 X80=280 X81=384 X82=517 X83=582 X84=8 X85=48 X86=165 X87=535 X88=85 X89=150 X90=167 X91=404 X92=120 X93=434 X94=15 X95=489 X96=59 X97=170 X98=206 X99=460 X100=17 X101=63 X102=373 X103=374 X104=10 X105=257 X106=599 X107=241 X108=346 X109=348 X110=536 X111=196 X112=271 X113=450 X114=459 X115=238 X116=539 X117=341 X118=343 X119=386 X120=16 X121=40 X122=93 X123=211 X124=409 X125=297 X126=335 X127=479 X128=591 X129=337 X130=585 X131=46 X132=62 X133=224 X134=232 X135=616 X136=133 X137=168 X138=263 X139=265 X140=440 X141=76 X142=94 X143=237 X144=249 X145=364 X146=437 X147=229 X148=327 X149=361 X150=486 X151=561 X152=246 X153=328 X154=413 X155=473 X156=563 X157=34 X158=454 X159=465 X160=155 X161=178 X162=475 X163=274 X164=405 X165=586 X166=26 X167=288 X168=617 X169=201 X170=294 X171=290 X172=503 X173=181 X174=164 X175=1 X176=130 X177=410 X178=533 X179=546 X180=557 X181=604 X182=61 X183=160 X184=423 X185=442 X186=502 X187=506 X188=538 X189=58 X190=182 X191=199 X192=334 X193=483 X194=562 X195=142 X196=236 X197=472 X198=262 X199=397 X200=559 X201=403 X202=438 X203=464 X204=357 X205=436 X206=584 X207=24 X208=83 X209=143 X210=159 X211=243 X212=420 X213=56 X214=339 X215=344 X216=388 X217=467 X218=340 X219=129 X220=306 X221=381 X222=406 X223=407 X224=411 X225=480 X226=495 X227=122 X228=227 X229=233 X230=251 X231=277 X232=362 X233=432 X234=527 X235=21 X236=162 X237=504 X238=258 X239=358 X240=367 X241=620 X242=355 X243=415 X244=579 X245=338 X246=569 X247=74 X248=128 X249=312 

    solution X0=0 X1=66 X2=347 X3=392 X4=541 X5=598 X6=177 X7=187 X8=242 X9=315 X10=368 X11=376 X12=220 X13=221 X14=266 X15=269 X16=375 X17=333 X18=462 X19=345 X20=493 X21=519 X22=132 X23=250 X24=336 X25=439 X26=515 X27=595 X28=79 X29=140 X30=200 X31=382 X32=596 X33=611 X34=387 X35=412 X36=38 X37=103 X38=379 X39=523 X40=28 X41=264 X42=87 X43=284 X44=71 X45=77 X46=89 X47=116 X48=153 X49=551 X50=19 X51=84 X52=234 X53=395 X54=618 X55=466 X56=545 X57=593 X58=299 X59=27 X60=43 X61=209 X62=316 X63=524 X64=528 X65=583 X66=301 X67=190 X68=292 X69=400 X70=134 X71=210 X72=212 X73=217 X74=228 X75=231 X76=518 X77=11 X78=57 X79=193 X80=280 X81=384 X82=517 X83=582 X84=8 X85=48 X86=165 X87=535 X88=85 X89=150 X90=167 X91=404 X92=120 X93=434 X94=15 X95=489 X96=59 X97=170 X98=206 X99=460 X100=17 X101=63 X102=373 X103=374 X104=10 X105=257 X106=599 X107=241 X108=346 X109=348 X110=536 X111=196 X112=271 X113=450 X114=459 X115=238 X116=539 X117=341 X118=343 X119=386 X120=16 X121=40 X122=93 X123=211 X124=409 X125=297 X126=335 X127=479 X128=591 X129=337 X130=585 X131=46 X132=62 X133=224 X134=232 X135=616 X136=133 X137=168 X138=263 X139=265 X140=440 X141=76 X142=94 X143=237 X144=249 X145=364 X146=437 X147=229 X148=327 X149=361 X150=486 X151=561 X152=246 X153=328 X154=413 X155=473 X156=563 X157=34 X158=454 X159=465 X160=155 X161=178 X162=475 X163=274 X164=405 X165=586 X166=26 X167=288 X168=617 X169=201 X170=294 X171=290 X172=503 X173=181 X174=164 X175=1 X176=130 X177=410 X178=533 X179=546 X180=557 X181=604 X182=61 X183=160 X184=423 X185=442 X186=502 X187=506 X188=538 X189=58 X190=182 X191=199 X192=334 X193=483 X194=562 X195=142 X196=236 X197=472 X198=262 X199=397 X200=559 X201=403 X202=438 X203=464 X204=357 X205=436 X206=584 X207=24 X208=83 X209=143 X210=159 X211=243 X212=420 X213=56 X214=339 X215=344 X216=388 X217=467 X218=340 X219=129 X220=306 X221=381 X222=406 X223=407 X224=411 X225=480 X226=495 X227=122 X228=227 X229=233 X230=251 X231=277 X232=362 X233=432 X234=527 X235=21 X236=162 X237=504 X238=258 X239=358 X240=367 X241=620 X242=355 X243=415 X244=579 X245=338 X246=569 X247=74 X248=128 X249=312 

   
   search
        run=0  nbConstraintChecks=497  depth=(min:0,max:249,avg:1)  nbEffectivePropagations=81  nbRevisions=1695  nbUselessRevisions=1695
        nbAssignments=277  nbFailedAssignments=27  nbBacktracks=0  nbVisitedNodes=305  nbRestartNogoods=0  nbFoundSolutions=1
        upperBound=9223372036854775807
          =>  wckTime=15.188  cpuTime=15.862  mem=339M632

   
   global
        nbConstraintChecks=497  nbEffectivePropagations=81  nbRevisions=1695  nbUselessRevisions=1695  nbRestartNogoods=0  solvingWckTime=15.188
        expiredTime=no  totalExploration=no  nbFoundSolutions=1  firstSolutionCpuTime=15.856  Stop=REACHED_GOAL
          =>  wckTime=15.955  cpuTime=15.863  mem=339M632

s SATISFIABLE
v X0=0 X1=66 X2=347 X3=392 X4=541 X5=598 X6=177 X7=187 X8=242 X9=315 X10=368 X11=376 X12=220 X13=221 X14=266 X15=269 X16=375 X17=333 X18=462 X19=345 X20=493 X21=519 X22=132 X23=250 X24=336 X25=439 X26=515 X27=595 X28=79 X29=140 X30=200 X31=382 X32=596 X33=611 X34=387 X35=412 X36=38 X37=103 X38=379 X39=523 X40=28 X41=264 X42=87 X43=284 X44=71 X45=77 X46=89 X47=116 X48=153 X49=551 X50=19 X51=84 X52=234 X53=395 X54=618 X55=466 X56=545 X57=593 X58=299 X59=27 X60=43 X61=209 X62=316 X63=524 X64=528 X65=583 X66=301 X67=190 X68=292 X69=400 X70=134 X71=210 X72=212 X73=217 X74=228 X75=231 X76=518 X77=11 X78=57 X79=193 X80=280 X81=384 X82=517 X83=582 X84=8 X85=48 X86=165 X87=535 X88=85 X89=150 X90=167 X91=404 X92=120 X93=434 X94=15 X95=489 X96=59 X97=170 X98=206 X99=460 X100=17 X101=63 X102=373 X103=374 X104=10 X105=257 X106=599 X107=241 X108=346 X109=348 X110=536 X111=196 X112=271 X113=450 X114=459 X115=238 X116=539 X117=341 X118=343 X119=386 X120=16 X121=40 X122=93 X123=211 X124=409 X125=297 X126=335 X127=479 X128=591 X129=337 X130=585 X131=46 X132=62 X133=224 X134=232 X135=616 X136=133 X137=168 X138=263 X139=265 X140=440 X141=76 X142=94 X143=237 X144=249 X145=364 X146=437 X147=229 X148=327 X149=361 X150=486 X151=561 X152=246 X153=328 X154=413 X155=473 X156=563 X157=34 X158=454 X159=465 X160=155 X161=178 X162=475 X163=274 X164=405 X165=586 X166=26 X167=288 X168=617 X169=201 X170=294 X171=290 X172=503 X173=181 X174=164 X175=1 X176=130 X177=410 X178=533 X179=546 X180=557 X181=604 X182=61 X183=160 X184=423 X185=442 X186=502 X187=506 X188=538 X189=58 X190=182 X191=199 X192=334 X193=483 X194=562 X195=142 X196=236 X197=472 X198=262 X199=397 X200=559 X201=403 X202=438 X203=464 X204=357 X205=436 X206=584 X207=24 X208=83 X209=143 X210=159 X211=243 X212=420 X213=56 X214=339 X215=344 X216=388 X217=467 X218=340 X219=129 X220=306 X221=381 X222=406 X223=407 X224=411 X225=480 X226=495 X227=122 X228=227 X229=233 X230=251 X231=277 X232=362 X233=432 X234=527 X235=21 X236=162 X237=504 X238=258 X239=358 X240=367 X241=620 X242=355 X243=415 X244=579 X245=338 X246=569 X247=74 X248=128 X249=312 
d NODES 277

   totalWckTime=15.86  totalCpuTime=15.863
