
   AbsCon 1.41 (January, 2014) - defaultConfiguration

   
   instance
        framework=CSP  name=Isomorphism-/cluster/gpg/ciaran/sip-benchmarks/benchmarks/si4_rand_r01_400/si4_r01_m400.01/pattern-/cluster/gpg/ciaran/sip-benchmarks/benchmarks/si4_rand_r01_400/si4_r01_m400.01/target
        parameters=/cluster/gpg/ciaran/sip-benchmarks/benchmarks/si4_rand_r01_400/si4_r01_m400.01/pattern,/cluster/gpg/ciaran/sip-benchmarks/benchmarks/si4_rand_r01_400/si4_r01_m400.01/target
      

   loading variables...
        nbVariables=160  nbDomainTypes=1  nbTotalValues=64000  domainSizes=(400:160)
          =>  wckTime=0.282  cpuTime=0.425  mem=7M892

   loading objectives...

   loading constraints...
        nbConstraints=2434  nbSpecificConstraints=1  nbExtensionStructures=(1,shared:2432)  nbConflictsStructures=(1,shared:2432,unbuilt:1)
        degrees=(18:1)(20:1)(21:1)...(42:2)(44:2)(46:1)  arities=(2:2433)(160:1)  types=(AllDifferent:1)(ConstraintHardExtensionV-Bits:2433)
          =>  wckTime=2.012  cpuTime=2.094  mem=61M35

   INFO : <!-- Start saving the XML representation -->

   INFO : <!-- Stop saving the XML representation of target.xml -->

   Solver SolverBacktrack being built... 
          =>  wckTime=2.402  cpuTime=2.452  mem=99M538

    instantiation X0=254 X1=18 X2=185 X3=398 X4=143 X5=287 X6=215 X7=25 X8=282 X9=196 X10=105 X11=393 X12=203 X13=91 X14=123 X15=50 X16=199 X17=363 X18=249 X19=97 X20=83 X21=183 X22=357 X23=332 X24=168 X25=321 X26=21 X27=179 X28=124 X29=241 X30=330 X31=245 X32=367 X33=86 X34=69 X35=298 X36=117 X37=47 X38=272 X39=222 X40=250 X41=93 X42=277 X43=26 X44=323 X45=233 X46=81 X47=319 X48=315 X49=46 X50=80 X51=317 X52=152 X53=10 X54=66 X55=295 X56=48 X57=322 X58=285 X59=111 X60=180 X61=29 X62=138 X63=58 X64=286 X65=61 X66=206 X67=201 X68=243 X69=6 X70=262 X71=237 X72=27 X73=84 X74=238 X75=289 X76=340 X77=293 X78=112 X79=127 X80=339 X81=98 X82=110 X83=118 X84=34 X85=236 X86=140 X87=192 X88=300 X89=78 X90=325 X91=211 X92=182 X93=160 X94=399 X95=268 X96=205 X97=239 X98=361 X99=94 X100=388 X101=134 X102=187 X103=278 X104=348 X105=284 X106=198 X107=258 X108=44 X109=386 X110=292 X111=346 X112=188 X113=327 X114=302 X115=316 X116=219 X117=281 X118=75 X119=267 X120=328 X121=42 X122=171 X123=261 X124=130 X125=9 X126=20 X127=40 X128=16 X129=373 X130=194 X131=62 X132=334 X133=175 X134=375 X135=14 X136=109 X137=41 X138=139 X139=65 X140=170 X141=380 X142=126 X143=129 X144=259 X145=337 X146=308 X147=230 X148=181 X149=200 X150=64 X151=279 X152=234 X153=220 X154=377 X155=331 X156=17 X157=174 X158=266 X159=379 

    solution X0=254 X1=18 X2=185 X3=398 X4=143 X5=287 X6=215 X7=25 X8=282 X9=196 X10=105 X11=393 X12=203 X13=91 X14=123 X15=50 X16=199 X17=363 X18=249 X19=97 X20=83 X21=183 X22=357 X23=332 X24=168 X25=321 X26=21 X27=179 X28=124 X29=241 X30=330 X31=245 X32=367 X33=86 X34=69 X35=298 X36=117 X37=47 X38=272 X39=222 X40=250 X41=93 X42=277 X43=26 X44=323 X45=233 X46=81 X47=319 X48=315 X49=46 X50=80 X51=317 X52=152 X53=10 X54=66 X55=295 X56=48 X57=322 X58=285 X59=111 X60=180 X61=29 X62=138 X63=58 X64=286 X65=61 X66=206 X67=201 X68=243 X69=6 X70=262 X71=237 X72=27 X73=84 X74=238 X75=289 X76=340 X77=293 X78=112 X79=127 X80=339 X81=98 X82=110 X83=118 X84=34 X85=236 X86=140 X87=192 X88=300 X89=78 X90=325 X91=211 X92=182 X93=160 X94=399 X95=268 X96=205 X97=239 X98=361 X99=94 X100=388 X101=134 X102=187 X103=278 X104=348 X105=284 X106=198 X107=258 X108=44 X109=386 X110=292 X111=346 X112=188 X113=327 X114=302 X115=316 X116=219 X117=281 X118=75 X119=267 X120=328 X121=42 X122=171 X123=261 X124=130 X125=9 X126=20 X127=40 X128=16 X129=373 X130=194 X131=62 X132=334 X133=175 X134=375 X135=14 X136=109 X137=41 X138=139 X139=65 X140=170 X141=380 X142=126 X143=129 X144=259 X145=337 X146=308 X147=230 X148=181 X149=200 X150=64 X151=279 X152=234 X153=220 X154=377 X155=331 X156=17 X157=174 X158=266 X159=379 

   
   search
        run=0  nbConstraintChecks=2434  depth=(min:0,max:159,avg:3)  nbEffectivePropagations=41987356  nbRevisions=706874444
        nbUselessRevisions=675532769  nbAssignments=337906  nbFailedAssignments=299614  nbBacktracks=38132  nbVisitedNodes=664712
        nbRestartNogoods=0  nbFoundSolutions=1  upperBound=9223372036854775807
          =>  wckTime=77443.665  cpuTime=77026.871  mem=57M745

   
   global
        nbConstraintChecks=2434  nbEffectivePropagations=41987356  nbRevisions=706874444  nbUselessRevisions=675532769  nbRestartNogoods=0
        solvingWckTime=77443.665  expiredTime=no  totalExploration=no  nbFoundSolutions=1  firstSolutionCpuTime=77026.865  Stop=REACHED_GOAL
          =>  wckTime=77446.067  cpuTime=77026.871  mem=57M745

s SATISFIABLE
v X0=254 X1=18 X2=185 X3=398 X4=143 X5=287 X6=215 X7=25 X8=282 X9=196 X10=105 X11=393 X12=203 X13=91 X14=123 X15=50 X16=199 X17=363 X18=249 X19=97 X20=83 X21=183 X22=357 X23=332 X24=168 X25=321 X26=21 X27=179 X28=124 X29=241 X30=330 X31=245 X32=367 X33=86 X34=69 X35=298 X36=117 X37=47 X38=272 X39=222 X40=250 X41=93 X42=277 X43=26 X44=323 X45=233 X46=81 X47=319 X48=315 X49=46 X50=80 X51=317 X52=152 X53=10 X54=66 X55=295 X56=48 X57=322 X58=285 X59=111 X60=180 X61=29 X62=138 X63=58 X64=286 X65=61 X66=206 X67=201 X68=243 X69=6 X70=262 X71=237 X72=27 X73=84 X74=238 X75=289 X76=340 X77=293 X78=112 X79=127 X80=339 X81=98 X82=110 X83=118 X84=34 X85=236 X86=140 X87=192 X88=300 X89=78 X90=325 X91=211 X92=182 X93=160 X94=399 X95=268 X96=205 X97=239 X98=361 X99=94 X100=388 X101=134 X102=187 X103=278 X104=348 X105=284 X106=198 X107=258 X108=44 X109=386 X110=292 X111=346 X112=188 X113=327 X114=302 X115=316 X116=219 X117=281 X118=75 X119=267 X120=328 X121=42 X122=171 X123=261 X124=130 X125=9 X126=20 X127=40 X128=16 X129=373 X130=194 X131=62 X132=334 X133=175 X134=375 X135=14 X136=109 X137=41 X138=139 X139=65 X140=170 X141=380 X142=126 X143=129 X144=259 X145=337 X146=308 X147=230 X148=181 X149=200 X150=64 X151=279 X152=234 X153=220 X154=377 X155=331 X156=17 X157=174 X158=266 X159=379 
d NODES 337906

   totalWckTime=77445.946  totalCpuTime=77026.872
