
   AbsCon 1.41 (January, 2014) - defaultConfiguration

   
   instance
        framework=CSP  name=Isomorphism-/cluster/gpg/ciaran/sip-benchmarks/benchmarks/si4_m4D_m4Dr4_625/si4_m4Dr4_m625.06/pattern-/cluster/gpg/ciaran/sip-benchmarks/benchmarks/si4_m4D_m4Dr4_625/si4_m4Dr4_m625.06/target
        parameters=/cluster/gpg/ciaran/sip-benchmarks/benchmarks/si4_m4D_m4Dr4_625/si4_m4Dr4_m625.06/pattern,/cluster/gpg/ciaran/sip-benchmarks/benchmarks/si4_m4D_m4Dr4_625/si4_m4Dr4_m625.06/target
      

   loading variables...
        nbVariables=250  nbDomainTypes=1  nbTotalValues=156250  domainSizes=(625:250)
          =>  wckTime=0.238  cpuTime=0.357  mem=10M658

   loading objectives...

   loading constraints...
        nbConstraints=524  nbSpecificConstraints=1  nbExtensionStructures=(1,shared:522)  nbConflictsStructures=(1,shared:522,unbuilt:1)
        degrees=(2:20)(3:52)(4:32)...(9:12)(10:6)(11:2)  arities=(2:523)(250:1)  types=(AllDifferent:1)(ConstraintHardExtensionV-Bits:523)
          =>  wckTime=0.514  cpuTime=0.619  mem=30M12

   INFO : <!-- Start saving the XML representation -->

   INFO : <!-- Stop saving the XML representation of target.xml -->

   Solver SolverBacktrack being built... 
          =>  wckTime=0.85  cpuTime=0.925  mem=38M74

    instantiation X0=0 X1=77 X2=84 X3=200 X4=400 X5=565 X6=19 X7=138 X8=189 X9=332 X10=271 X11=445 X12=557 X13=558 X14=136 X15=405 X16=345 X17=413 X18=288 X19=34 X20=74 X21=175 X22=279 X23=366 X24=576 X25=261 X26=457 X27=55 X28=419 X29=198 X30=409 X31=171 X32=358 X33=469 X34=495 X35=240 X36=573 X37=108 X38=367 X39=518 X40=5 X41=294 X42=516 X43=488 X44=500 X45=83 X46=257 X47=309 X48=2 X49=89 X50=193 X51=408 X52=519 X53=575 X54=115 X55=121 X56=235 X57=27 X58=61 X59=102 X60=122 X61=204 X62=221 X63=324 X64=547 X65=44 X66=510 X67=475 X68=587 X69=540 X70=527 X71=47 X72=149 X73=285 X74=360 X75=435 X76=539 X77=590 X78=291 X79=32 X80=185 X81=190 X82=232 X83=269 X84=426 X85=605 X86=86 X87=196 X88=306 X89=10 X90=81 X91=541 X92=192 X93=218 X94=498 X95=359 X96=604 X97=170 X98=334 X99=349 X100=477 X101=502 X102=418 X103=464 X104=146 X105=350 X106=353 X107=597 X108=165 X109=299 X110=496 X111=103 X112=156 X113=339 X114=571 X115=621 X116=225 X117=111 X118=124 X119=194 X120=326 X121=455 X122=459 X123=1 X124=36 X125=57 X126=247 X127=252 X128=338 X129=371 X130=181 X131=239 X132=596 X133=43 X134=203 X135=403 X136=11 X137=12 X138=94 X139=335 X140=376 X141=142 X142=340 X143=450 X144=39 X145=69 X146=78 X147=535 X148=548 X149=572 X150=30 X151=253 X152=314 X153=404 X154=425 X155=523 X156=499 X157=505 X158=37 X159=18 X160=110 X161=112 X162=296 X163=362 X164=465 X165=513 X166=562 X167=563 X168=87 X169=327 X170=351 X171=549 X172=25 X173=270 X174=476 X175=105 X176=184 X177=578 X178=588 X179=444 X180=504 X181=432 X182=609 X183=600 X184=330 X185=363 X186=458 X187=460 X188=607 X189=99 X190=265 X191=8 X192=238 X193=467 X194=586 X195=40 X196=120 X197=177 X198=278 X199=364 X200=433 X201=45 X202=479 X203=399 X204=9 X205=219 X206=331 X207=357 X208=528 X209=17 X210=387 X211=503 X212=521 X213=612 X214=619 X215=258 X216=448 X217=453 X218=461 X219=481 X220=589 X221=140 X222=201 X223=248 X224=267 X225=369 X226=434 X227=73 X228=76 X229=92 X230=398 X231=478 X232=564 X233=608 X234=168 X235=394 X236=150 X237=482 X238=483 X239=20 X240=536 X241=550 X242=312 X243=373 X244=166 X245=126 X246=255 X247=420 X248=114 X249=428 

    solution X0=0 X1=77 X2=84 X3=200 X4=400 X5=565 X6=19 X7=138 X8=189 X9=332 X10=271 X11=445 X12=557 X13=558 X14=136 X15=405 X16=345 X17=413 X18=288 X19=34 X20=74 X21=175 X22=279 X23=366 X24=576 X25=261 X26=457 X27=55 X28=419 X29=198 X30=409 X31=171 X32=358 X33=469 X34=495 X35=240 X36=573 X37=108 X38=367 X39=518 X40=5 X41=294 X42=516 X43=488 X44=500 X45=83 X46=257 X47=309 X48=2 X49=89 X50=193 X51=408 X52=519 X53=575 X54=115 X55=121 X56=235 X57=27 X58=61 X59=102 X60=122 X61=204 X62=221 X63=324 X64=547 X65=44 X66=510 X67=475 X68=587 X69=540 X70=527 X71=47 X72=149 X73=285 X74=360 X75=435 X76=539 X77=590 X78=291 X79=32 X80=185 X81=190 X82=232 X83=269 X84=426 X85=605 X86=86 X87=196 X88=306 X89=10 X90=81 X91=541 X92=192 X93=218 X94=498 X95=359 X96=604 X97=170 X98=334 X99=349 X100=477 X101=502 X102=418 X103=464 X104=146 X105=350 X106=353 X107=597 X108=165 X109=299 X110=496 X111=103 X112=156 X113=339 X114=571 X115=621 X116=225 X117=111 X118=124 X119=194 X120=326 X121=455 X122=459 X123=1 X124=36 X125=57 X126=247 X127=252 X128=338 X129=371 X130=181 X131=239 X132=596 X133=43 X134=203 X135=403 X136=11 X137=12 X138=94 X139=335 X140=376 X141=142 X142=340 X143=450 X144=39 X145=69 X146=78 X147=535 X148=548 X149=572 X150=30 X151=253 X152=314 X153=404 X154=425 X155=523 X156=499 X157=505 X158=37 X159=18 X160=110 X161=112 X162=296 X163=362 X164=465 X165=513 X166=562 X167=563 X168=87 X169=327 X170=351 X171=549 X172=25 X173=270 X174=476 X175=105 X176=184 X177=578 X178=588 X179=444 X180=504 X181=432 X182=609 X183=600 X184=330 X185=363 X186=458 X187=460 X188=607 X189=99 X190=265 X191=8 X192=238 X193=467 X194=586 X195=40 X196=120 X197=177 X198=278 X199=364 X200=433 X201=45 X202=479 X203=399 X204=9 X205=219 X206=331 X207=357 X208=528 X209=17 X210=387 X211=503 X212=521 X213=612 X214=619 X215=258 X216=448 X217=453 X218=461 X219=481 X220=589 X221=140 X222=201 X223=248 X224=267 X225=369 X226=434 X227=73 X228=76 X229=92 X230=398 X231=478 X232=564 X233=608 X234=168 X235=394 X236=150 X237=482 X238=483 X239=20 X240=536 X241=550 X242=312 X243=373 X244=166 X245=126 X246=255 X247=420 X248=114 X249=428 

   
   search
        run=0  nbConstraintChecks=524  depth=(min:0,max:249,avg:1)  nbEffectivePropagations=79  nbRevisions=3279  nbUselessRevisions=3269
        nbAssignments=425  nbFailedAssignments=175  nbBacktracks=0  nbVisitedNodes=601  nbRestartNogoods=0  nbFoundSolutions=1
        upperBound=9223372036854775807
          =>  wckTime=18.938  cpuTime=19.666  mem=194M976

   
   global
        nbConstraintChecks=524  nbEffectivePropagations=79  nbRevisions=3279  nbUselessRevisions=3269  nbRestartNogoods=0  solvingWckTime=18.939
        expiredTime=no  totalExploration=no  nbFoundSolutions=1  firstSolutionCpuTime=19.66  Stop=REACHED_GOAL
          =>  wckTime=19.79  cpuTime=19.667  mem=194M976

s SATISFIABLE
v X0=0 X1=77 X2=84 X3=200 X4=400 X5=565 X6=19 X7=138 X8=189 X9=332 X10=271 X11=445 X12=557 X13=558 X14=136 X15=405 X16=345 X17=413 X18=288 X19=34 X20=74 X21=175 X22=279 X23=366 X24=576 X25=261 X26=457 X27=55 X28=419 X29=198 X30=409 X31=171 X32=358 X33=469 X34=495 X35=240 X36=573 X37=108 X38=367 X39=518 X40=5 X41=294 X42=516 X43=488 X44=500 X45=83 X46=257 X47=309 X48=2 X49=89 X50=193 X51=408 X52=519 X53=575 X54=115 X55=121 X56=235 X57=27 X58=61 X59=102 X60=122 X61=204 X62=221 X63=324 X64=547 X65=44 X66=510 X67=475 X68=587 X69=540 X70=527 X71=47 X72=149 X73=285 X74=360 X75=435 X76=539 X77=590 X78=291 X79=32 X80=185 X81=190 X82=232 X83=269 X84=426 X85=605 X86=86 X87=196 X88=306 X89=10 X90=81 X91=541 X92=192 X93=218 X94=498 X95=359 X96=604 X97=170 X98=334 X99=349 X100=477 X101=502 X102=418 X103=464 X104=146 X105=350 X106=353 X107=597 X108=165 X109=299 X110=496 X111=103 X112=156 X113=339 X114=571 X115=621 X116=225 X117=111 X118=124 X119=194 X120=326 X121=455 X122=459 X123=1 X124=36 X125=57 X126=247 X127=252 X128=338 X129=371 X130=181 X131=239 X132=596 X133=43 X134=203 X135=403 X136=11 X137=12 X138=94 X139=335 X140=376 X141=142 X142=340 X143=450 X144=39 X145=69 X146=78 X147=535 X148=548 X149=572 X150=30 X151=253 X152=314 X153=404 X154=425 X155=523 X156=499 X157=505 X158=37 X159=18 X160=110 X161=112 X162=296 X163=362 X164=465 X165=513 X166=562 X167=563 X168=87 X169=327 X170=351 X171=549 X172=25 X173=270 X174=476 X175=105 X176=184 X177=578 X178=588 X179=444 X180=504 X181=432 X182=609 X183=600 X184=330 X185=363 X186=458 X187=460 X188=607 X189=99 X190=265 X191=8 X192=238 X193=467 X194=586 X195=40 X196=120 X197=177 X198=278 X199=364 X200=433 X201=45 X202=479 X203=399 X204=9 X205=219 X206=331 X207=357 X208=528 X209=17 X210=387 X211=503 X212=521 X213=612 X214=619 X215=258 X216=448 X217=453 X218=461 X219=481 X220=589 X221=140 X222=201 X223=248 X224=267 X225=369 X226=434 X227=73 X228=76 X229=92 X230=398 X231=478 X232=564 X233=608 X234=168 X235=394 X236=150 X237=482 X238=483 X239=20 X240=536 X241=550 X242=312 X243=373 X244=166 X245=126 X246=255 X247=420 X248=114 X249=428 
d NODES 425

   totalWckTime=19.666  totalCpuTime=19.667
