
   AbsCon 1.41 (January, 2014) - defaultConfiguration

   
   instance
        framework=CSP  name=Isomorphism-/cluster/gpg/ciaran/sip-benchmarks/benchmarks/si4_rand_r005_600/si4_r005_m600.01/pattern-/cluster/gpg/ciaran/sip-benchmarks/benchmarks/si4_rand_r005_600/si4_r005_m600.01/target
        parameters=/cluster/gpg/ciaran/sip-benchmarks/benchmarks/si4_rand_r005_600/si4_r005_m600.01/pattern,/cluster/gpg/ciaran/sip-benchmarks/benchmarks/si4_rand_r005_600/si4_r005_m600.01/target
      

   loading variables...
        nbVariables=240  nbDomainTypes=1  nbTotalValues=144000  domainSizes=(600:240)
          =>  wckTime=0.233  cpuTime=0.343  mem=12M678

   loading objectives...

   loading constraints...
        nbConstraints=2807  nbSpecificConstraints=1  nbExtensionStructures=(1,shared:2805)  nbConflictsStructures=(1,shared:2805,unbuilt:1)
        degrees=(13:1)(14:4)(15:3)...(35:1)(36:3)(39:1)  arities=(2:2806)(240:1)  types=(AllDifferent:1)(ConstraintHardExtensionV-Bits:2806)
          =>  wckTime=3.604  cpuTime=3.646  mem=75M163

   INFO : <!-- Start saving the XML representation -->

   INFO : <!-- Stop saving the XML representation of target.xml -->

   Solver SolverBacktrack being built... 
          =>  wckTime=3.99  cpuTime=3.999  mem=139M340

    instantiation X0=123 X1=502 X2=428 X3=553 X4=8 X5=218 X6=417 X7=168 X8=464 X9=134 X10=105 X11=315 X12=302 X13=117 X14=493 X15=374 X16=414 X17=456 X18=401 X19=184 X20=501 X21=46 X22=523 X23=579 X24=408 X25=345 X26=65 X27=180 X28=497 X29=522 X30=576 X31=165 X32=469 X33=331 X34=547 X35=202 X36=431 X37=587 X38=580 X39=57 X40=505 X41=343 X42=182 X43=379 X44=245 X45=449 X46=557 X47=573 X48=545 X49=438 X50=158 X51=481 X52=242 X53=351 X54=555 X55=467 X56=527 X57=416 X58=482 X59=358 X60=571 X61=288 X62=506 X63=360 X64=79 X65=211 X66=88 X67=210 X68=564 X69=380 X70=325 X71=19 X72=248 X73=430 X74=244 X75=100 X76=9 X77=191 X78=50 X79=301 X80=154 X81=38 X82=28 X83=432 X84=589 X85=313 X86=566 X87=340 X88=398 X89=41 X90=274 X91=328 X92=254 X93=153 X94=577 X95=229 X96=151 X97=324 X98=194 X99=378 X100=294 X101=404 X102=75 X103=352 X104=592 X105=235 X106=337 X107=196 X108=372 X109=297 X110=487 X111=334 X112=454 X113=386 X114=387 X115=43 X116=74 X117=149 X118=349 X119=442 X120=543 X121=439 X122=78 X123=264 X124=354 X125=177 X126=488 X127=31 X128=304 X129=128 X130=494 X131=306 X132=1 X133=199 X134=470 X135=310 X136=583 X137=559 X138=240 X139=284 X140=176 X141=52 X142=528 X143=99 X144=110 X145=394 X146=232 X147=570 X148=423 X149=309 X150=51 X151=111 X152=567 X153=322 X154=551 X155=135 X156=346 X157=329 X158=585 X159=118 X160=460 X161=124 X162=144 X163=155 X164=534 X165=24 X166=422 X167=338 X168=529 X169=92 X170=443 X171=188 X172=189 X173=433 X174=295 X175=353 X176=300 X177=150 X178=253 X179=348 X180=542 X181=598 X182=532 X183=562 X184=327 X185=366 X186=64 X187=317 X188=40 X189=594 X190=25 X191=156 X192=400 X193=584 X194=290 X195=225 X196=152 X197=262 X198=27 X199=409 X200=29 X201=0 X202=47 X203=385 X204=399 X205=383 X206=474 X207=113 X208=276 X209=67 X210=59 X211=509 X212=143 X213=93 X214=550 X215=255 X216=208 X217=148 X218=492 X219=81 X220=554 X221=121 X222=458 X223=299 X224=546 X225=71 X226=69 X227=296 X228=84 X229=285 X230=18 X231=425 X232=339 X233=434 X234=95 X235=535 X236=596 X237=305 X238=181 X239=238 

    solution X0=123 X1=502 X2=428 X3=553 X4=8 X5=218 X6=417 X7=168 X8=464 X9=134 X10=105 X11=315 X12=302 X13=117 X14=493 X15=374 X16=414 X17=456 X18=401 X19=184 X20=501 X21=46 X22=523 X23=579 X24=408 X25=345 X26=65 X27=180 X28=497 X29=522 X30=576 X31=165 X32=469 X33=331 X34=547 X35=202 X36=431 X37=587 X38=580 X39=57 X40=505 X41=343 X42=182 X43=379 X44=245 X45=449 X46=557 X47=573 X48=545 X49=438 X50=158 X51=481 X52=242 X53=351 X54=555 X55=467 X56=527 X57=416 X58=482 X59=358 X60=571 X61=288 X62=506 X63=360 X64=79 X65=211 X66=88 X67=210 X68=564 X69=380 X70=325 X71=19 X72=248 X73=430 X74=244 X75=100 X76=9 X77=191 X78=50 X79=301 X80=154 X81=38 X82=28 X83=432 X84=589 X85=313 X86=566 X87=340 X88=398 X89=41 X90=274 X91=328 X92=254 X93=153 X94=577 X95=229 X96=151 X97=324 X98=194 X99=378 X100=294 X101=404 X102=75 X103=352 X104=592 X105=235 X106=337 X107=196 X108=372 X109=297 X110=487 X111=334 X112=454 X113=386 X114=387 X115=43 X116=74 X117=149 X118=349 X119=442 X120=543 X121=439 X122=78 X123=264 X124=354 X125=177 X126=488 X127=31 X128=304 X129=128 X130=494 X131=306 X132=1 X133=199 X134=470 X135=310 X136=583 X137=559 X138=240 X139=284 X140=176 X141=52 X142=528 X143=99 X144=110 X145=394 X146=232 X147=570 X148=423 X149=309 X150=51 X151=111 X152=567 X153=322 X154=551 X155=135 X156=346 X157=329 X158=585 X159=118 X160=460 X161=124 X162=144 X163=155 X164=534 X165=24 X166=422 X167=338 X168=529 X169=92 X170=443 X171=188 X172=189 X173=433 X174=295 X175=353 X176=300 X177=150 X178=253 X179=348 X180=542 X181=598 X182=532 X183=562 X184=327 X185=366 X186=64 X187=317 X188=40 X189=594 X190=25 X191=156 X192=400 X193=584 X194=290 X195=225 X196=152 X197=262 X198=27 X199=409 X200=29 X201=0 X202=47 X203=385 X204=399 X205=383 X206=474 X207=113 X208=276 X209=67 X210=59 X211=509 X212=143 X213=93 X214=550 X215=255 X216=208 X217=148 X218=492 X219=81 X220=554 X221=121 X222=458 X223=299 X224=546 X225=71 X226=69 X227=296 X228=84 X229=285 X230=18 X231=425 X232=339 X233=434 X234=95 X235=535 X236=596 X237=305 X238=181 X239=238 

   
   search
        run=0  nbConstraintChecks=2807  depth=(min:0,max:239,avg:2)  nbEffectivePropagations=415957  nbRevisions=6526638  nbUselessRevisions=6207540
        nbAssignments=2990  nbFailedAssignments=2538  nbBacktracks=212  nbVisitedNodes=5671  nbRestartNogoods=0  nbFoundSolutions=1
        upperBound=9223372036854775807
          =>  wckTime=1216.628  cpuTime=1213.802  mem=156M503

   
   global
        nbConstraintChecks=2807  nbEffectivePropagations=415957  nbRevisions=6526638  nbUselessRevisions=6207540  nbRestartNogoods=0
        solvingWckTime=1216.629  expiredTime=no  totalExploration=no  nbFoundSolutions=1  firstSolutionCpuTime=1213.795  Stop=REACHED_GOAL
          =>  wckTime=1220.62  cpuTime=1213.802  mem=156M503

s SATISFIABLE
v X0=123 X1=502 X2=428 X3=553 X4=8 X5=218 X6=417 X7=168 X8=464 X9=134 X10=105 X11=315 X12=302 X13=117 X14=493 X15=374 X16=414 X17=456 X18=401 X19=184 X20=501 X21=46 X22=523 X23=579 X24=408 X25=345 X26=65 X27=180 X28=497 X29=522 X30=576 X31=165 X32=469 X33=331 X34=547 X35=202 X36=431 X37=587 X38=580 X39=57 X40=505 X41=343 X42=182 X43=379 X44=245 X45=449 X46=557 X47=573 X48=545 X49=438 X50=158 X51=481 X52=242 X53=351 X54=555 X55=467 X56=527 X57=416 X58=482 X59=358 X60=571 X61=288 X62=506 X63=360 X64=79 X65=211 X66=88 X67=210 X68=564 X69=380 X70=325 X71=19 X72=248 X73=430 X74=244 X75=100 X76=9 X77=191 X78=50 X79=301 X80=154 X81=38 X82=28 X83=432 X84=589 X85=313 X86=566 X87=340 X88=398 X89=41 X90=274 X91=328 X92=254 X93=153 X94=577 X95=229 X96=151 X97=324 X98=194 X99=378 X100=294 X101=404 X102=75 X103=352 X104=592 X105=235 X106=337 X107=196 X108=372 X109=297 X110=487 X111=334 X112=454 X113=386 X114=387 X115=43 X116=74 X117=149 X118=349 X119=442 X120=543 X121=439 X122=78 X123=264 X124=354 X125=177 X126=488 X127=31 X128=304 X129=128 X130=494 X131=306 X132=1 X133=199 X134=470 X135=310 X136=583 X137=559 X138=240 X139=284 X140=176 X141=52 X142=528 X143=99 X144=110 X145=394 X146=232 X147=570 X148=423 X149=309 X150=51 X151=111 X152=567 X153=322 X154=551 X155=135 X156=346 X157=329 X158=585 X159=118 X160=460 X161=124 X162=144 X163=155 X164=534 X165=24 X166=422 X167=338 X168=529 X169=92 X170=443 X171=188 X172=189 X173=433 X174=295 X175=353 X176=300 X177=150 X178=253 X179=348 X180=542 X181=598 X182=532 X183=562 X184=327 X185=366 X186=64 X187=317 X188=40 X189=594 X190=25 X191=156 X192=400 X193=584 X194=290 X195=225 X196=152 X197=262 X198=27 X199=409 X200=29 X201=0 X202=47 X203=385 X204=399 X205=383 X206=474 X207=113 X208=276 X209=67 X210=59 X211=509 X212=143 X213=93 X214=550 X215=255 X216=208 X217=148 X218=492 X219=81 X220=554 X221=121 X222=458 X223=299 X224=546 X225=71 X226=69 X227=296 X228=84 X229=285 X230=18 X231=425 X232=339 X233=434 X234=95 X235=535 X236=596 X237=305 X238=181 X239=238 
d NODES 2990

   totalWckTime=1220.521  totalCpuTime=1213.803
