
   AbsCon 1.41 (January, 2014) - defaultConfiguration

   
   instance
        framework=CSP  name=Isomorphism-/cluster/gpg/ciaran/sip-benchmarks/benchmarks/si4_bvg_b06_400/si4_b06_m400.06/pattern-/cluster/gpg/ciaran/sip-benchmarks/benchmarks/si4_bvg_b06_400/si4_b06_m400.06/target
        parameters=/cluster/gpg/ciaran/sip-benchmarks/benchmarks/si4_bvg_b06_400/si4_b06_m400.06/pattern,/cluster/gpg/ciaran/sip-benchmarks/benchmarks/si4_bvg_b06_400/si4_b06_m400.06/target
      

   loading variables...
        nbVariables=160  nbDomainTypes=1  nbTotalValues=64000  domainSizes=(400:160)
          =>  wckTime=0.208  cpuTime=0.322  mem=6M541

   loading objectives...

   loading constraints...
        nbConstraints=475  nbSpecificConstraints=1  nbExtensionStructures=(1,shared:473)  nbConflictsStructures=(1,shared:473,unbuilt:1)
        degrees=(4:2)(5:2)(6:2)(7:154)  arities=(2:474)(160:1)  types=(AllDifferent:1)(ConstraintHardExtensionV-Bits:474)
          =>  wckTime=0.435  cpuTime=0.54  mem=18M190

   INFO : <!-- Start saving the XML representation -->

   INFO : <!-- Stop saving the XML representation of target.xml -->

   Solver SolverBacktrack being built... 
          =>  wckTime=0.708  cpuTime=0.769  mem=22M497

    instantiation X0=0 X1=33 X2=171 X3=178 X4=284 X5=309 X6=375 X7=131 X8=213 X9=88 X10=189 X11=281 X12=376 X13=98 X14=360 X15=210 X16=59 X17=388 X18=110 X19=154 X20=97 X21=387 X22=354 X23=350 X24=159 X25=351 X26=75 X27=346 X28=96 X29=273 X30=267 X31=14 X32=105 X33=43 X34=379 X35=359 X36=18 X37=76 X38=220 X39=71 X40=24 X41=21 X42=193 X43=236 X44=385 X45=32 X46=50 X47=384 X48=53 X49=153 X50=118 X51=79 X52=147 X53=246 X54=318 X55=322 X56=106 X57=165 X58=378 X59=69 X60=251 X61=51 X62=192 X63=150 X64=137 X65=158 X66=238 X67=162 X68=386 X69=232 X70=115 X71=327 X72=237 X73=22 X74=81 X75=10 X76=247 X77=174 X78=126 X79=342 X80=275 X81=157 X82=15 X83=325 X84=377 X85=333 X86=103 X87=92 X88=274 X89=250 X90=60 X91=99 X92=125 X93=107 X94=31 X95=48 X96=149 X97=19 X98=394 X99=239 X100=8 X101=295 X102=371 X103=248 X104=262 X105=301 X106=47 X107=173 X108=389 X109=36 X110=91 X111=341 X112=221 X113=282 X114=249 X115=139 X116=229 X117=203 X118=369 X119=202 X120=40 X121=345 X122=310 X123=225 X124=317 X125=102 X126=30 X127=235 X128=124 X129=116 X130=143 X131=285 X132=302 X133=62 X134=383 X135=211 X136=73 X137=127 X138=215 X139=245 X140=368 X141=398 X142=114 X143=85 X144=396 X145=207 X146=142 X147=242 X148=41 X149=112 X150=170 X151=94 X152=151 X153=324 X154=111 X155=361 X156=144 X157=277 X158=291 X159=128 

    solution X0=0 X1=33 X2=171 X3=178 X4=284 X5=309 X6=375 X7=131 X8=213 X9=88 X10=189 X11=281 X12=376 X13=98 X14=360 X15=210 X16=59 X17=388 X18=110 X19=154 X20=97 X21=387 X22=354 X23=350 X24=159 X25=351 X26=75 X27=346 X28=96 X29=273 X30=267 X31=14 X32=105 X33=43 X34=379 X35=359 X36=18 X37=76 X38=220 X39=71 X40=24 X41=21 X42=193 X43=236 X44=385 X45=32 X46=50 X47=384 X48=53 X49=153 X50=118 X51=79 X52=147 X53=246 X54=318 X55=322 X56=106 X57=165 X58=378 X59=69 X60=251 X61=51 X62=192 X63=150 X64=137 X65=158 X66=238 X67=162 X68=386 X69=232 X70=115 X71=327 X72=237 X73=22 X74=81 X75=10 X76=247 X77=174 X78=126 X79=342 X80=275 X81=157 X82=15 X83=325 X84=377 X85=333 X86=103 X87=92 X88=274 X89=250 X90=60 X91=99 X92=125 X93=107 X94=31 X95=48 X96=149 X97=19 X98=394 X99=239 X100=8 X101=295 X102=371 X103=248 X104=262 X105=301 X106=47 X107=173 X108=389 X109=36 X110=91 X111=341 X112=221 X113=282 X114=249 X115=139 X116=229 X117=203 X118=369 X119=202 X120=40 X121=345 X122=310 X123=225 X124=317 X125=102 X126=30 X127=235 X128=124 X129=116 X130=143 X131=285 X132=302 X133=62 X134=383 X135=211 X136=73 X137=127 X138=215 X139=245 X140=368 X141=398 X142=114 X143=85 X144=396 X145=207 X146=142 X147=242 X148=41 X149=112 X150=170 X151=94 X152=151 X153=324 X154=111 X155=361 X156=144 X157=277 X158=291 X159=128 

   
   search
        run=0  nbConstraintChecks=475  depth=(min:161,max:159,avg:0)  nbEffectivePropagations=2  nbRevisions=2334  nbUselessRevisions=2334
        nbAssignments=160  nbFailedAssignments=0  nbBacktracks=0  nbVisitedNodes=161  nbRestartNogoods=0  nbFoundSolutions=1
        upperBound=9223372036854775807
          =>  wckTime=3.668  cpuTime=4.339  mem=128M954

   
   global
        nbConstraintChecks=475  nbEffectivePropagations=2  nbRevisions=2334  nbUselessRevisions=2334  nbRestartNogoods=0  solvingWckTime=3.669
        expiredTime=no  totalExploration=no  nbFoundSolutions=1  firstSolutionCpuTime=4.331  Stop=REACHED_GOAL
          =>  wckTime=4.378  cpuTime=4.34  mem=128M954

s SATISFIABLE
v X0=0 X1=33 X2=171 X3=178 X4=284 X5=309 X6=375 X7=131 X8=213 X9=88 X10=189 X11=281 X12=376 X13=98 X14=360 X15=210 X16=59 X17=388 X18=110 X19=154 X20=97 X21=387 X22=354 X23=350 X24=159 X25=351 X26=75 X27=346 X28=96 X29=273 X30=267 X31=14 X32=105 X33=43 X34=379 X35=359 X36=18 X37=76 X38=220 X39=71 X40=24 X41=21 X42=193 X43=236 X44=385 X45=32 X46=50 X47=384 X48=53 X49=153 X50=118 X51=79 X52=147 X53=246 X54=318 X55=322 X56=106 X57=165 X58=378 X59=69 X60=251 X61=51 X62=192 X63=150 X64=137 X65=158 X66=238 X67=162 X68=386 X69=232 X70=115 X71=327 X72=237 X73=22 X74=81 X75=10 X76=247 X77=174 X78=126 X79=342 X80=275 X81=157 X82=15 X83=325 X84=377 X85=333 X86=103 X87=92 X88=274 X89=250 X90=60 X91=99 X92=125 X93=107 X94=31 X95=48 X96=149 X97=19 X98=394 X99=239 X100=8 X101=295 X102=371 X103=248 X104=262 X105=301 X106=47 X107=173 X108=389 X109=36 X110=91 X111=341 X112=221 X113=282 X114=249 X115=139 X116=229 X117=203 X118=369 X119=202 X120=40 X121=345 X122=310 X123=225 X124=317 X125=102 X126=30 X127=235 X128=124 X129=116 X130=143 X131=285 X132=302 X133=62 X134=383 X135=211 X136=73 X137=127 X138=215 X139=245 X140=368 X141=398 X142=114 X143=85 X144=396 X145=207 X146=142 X147=242 X148=41 X149=112 X150=170 X151=94 X152=151 X153=324 X154=111 X155=361 X156=144 X157=277 X158=291 X159=128 
d NODES 160

   totalWckTime=4.272  totalCpuTime=4.34
