
   AbsCon 1.41 (January, 2014) - defaultConfiguration

   
   instance
        framework=CSP  name=Isomorphism-/cluster/gpg/ciaran/sip-benchmarks/benchmarks/si4_bvg_b06m_400/si4_b06m_m400.03/pattern-/cluster/gpg/ciaran/sip-benchmarks/benchmarks/si4_bvg_b06m_400/si4_b06m_m400.03/target
        parameters=/cluster/gpg/ciaran/sip-benchmarks/benchmarks/si4_bvg_b06m_400/si4_b06m_m400.03/pattern,/cluster/gpg/ciaran/sip-benchmarks/benchmarks/si4_bvg_b06m_400/si4_b06m_m400.03/target
      

   loading variables...
        nbVariables=160  nbDomainTypes=1  nbTotalValues=64000  domainSizes=(400:160)
          =>  wckTime=0.213  cpuTime=0.321  mem=5M983

   loading objectives...

   loading constraints...
        nbConstraints=365  nbSpecificConstraints=1  nbExtensionStructures=(1,shared:363)  nbConflictsStructures=(1,shared:363,unbuilt:1)
        degrees=(2:8)(3:19)(4:24)...(15:2)(18:1)(20:1)  arities=(2:364)(160:1)  types=(AllDifferent:1)(ConstraintHardExtensionV-Bits:364)
          =>  wckTime=0.356  cpuTime=0.456  mem=14M115

   INFO : <!-- Start saving the XML representation -->

   INFO : <!-- Stop saving the XML representation of target.xml -->

   Solver SolverBacktrack being built... 
          =>  wckTime=0.61  cpuTime=0.675  mem=26M213

    instantiation X0=0 X1=19 X2=49 X3=206 X4=234 X5=271 X6=282 X7=332 X8=360 X9=374 X10=376 X11=383 X12=88 X13=118 X14=147 X15=158 X16=159 X17=301 X18=318 X19=341 X20=121 X21=348 X22=8 X23=99 X24=211 X25=359 X26=83 X27=149 X28=42 X29=94 X30=157 X31=208 X32=333 X33=12 X34=134 X35=297 X36=377 X37=394 X38=384 X39=183 X40=5 X41=214 X42=11 X43=13 X44=381 X45=2 X46=57 X47=160 X48=231 X49=343 X50=388 X51=29 X52=223 X53=27 X54=216 X55=277 X56=346 X57=170 X58=241 X59=251 X60=3 X61=100 X62=61 X63=235 X64=1 X65=38 X66=20 X67=34 X68=35 X69=59 X70=179 X71=188 X72=233 X73=257 X74=289 X75=305 X76=385 X77=6 X78=307 X79=292 X80=350 X81=87 X82=48 X83=119 X84=323 X85=109 X86=187 X87=229 X88=16 X89=65 X90=67 X91=108 X92=249 X93=316 X94=356 X95=397 X96=89 X97=178 X98=191 X99=201 X100=261 X101=37 X102=276 X103=54 X104=79 X105=127 X106=154 X107=195 X108=232 X109=256 X110=371 X111=17 X112=26 X113=23 X114=95 X115=131 X116=177 X117=258 X118=317 X119=69 X120=84 X121=91 X122=113 X123=167 X124=218 X125=245 X126=264 X127=369 X128=51 X129=85 X130=90 X131=189 X132=207 X133=226 X134=242 X135=250 X136=281 X137=291 X138=304 X139=306 X140=319 X141=124 X142=287 X143=326 X144=328 X145=366 X146=190 X147=15 X148=96 X149=9 X150=143 X151=168 X152=114 X153=33 X154=175 X155=193 X156=309 X157=389 X158=102 X159=286 

    solution X0=0 X1=19 X2=49 X3=206 X4=234 X5=271 X6=282 X7=332 X8=360 X9=374 X10=376 X11=383 X12=88 X13=118 X14=147 X15=158 X16=159 X17=301 X18=318 X19=341 X20=121 X21=348 X22=8 X23=99 X24=211 X25=359 X26=83 X27=149 X28=42 X29=94 X30=157 X31=208 X32=333 X33=12 X34=134 X35=297 X36=377 X37=394 X38=384 X39=183 X40=5 X41=214 X42=11 X43=13 X44=381 X45=2 X46=57 X47=160 X48=231 X49=343 X50=388 X51=29 X52=223 X53=27 X54=216 X55=277 X56=346 X57=170 X58=241 X59=251 X60=3 X61=100 X62=61 X63=235 X64=1 X65=38 X66=20 X67=34 X68=35 X69=59 X70=179 X71=188 X72=233 X73=257 X74=289 X75=305 X76=385 X77=6 X78=307 X79=292 X80=350 X81=87 X82=48 X83=119 X84=323 X85=109 X86=187 X87=229 X88=16 X89=65 X90=67 X91=108 X92=249 X93=316 X94=356 X95=397 X96=89 X97=178 X98=191 X99=201 X100=261 X101=37 X102=276 X103=54 X104=79 X105=127 X106=154 X107=195 X108=232 X109=256 X110=371 X111=17 X112=26 X113=23 X114=95 X115=131 X116=177 X117=258 X118=317 X119=69 X120=84 X121=91 X122=113 X123=167 X124=218 X125=245 X126=264 X127=369 X128=51 X129=85 X130=90 X131=189 X132=207 X133=226 X134=242 X135=250 X136=281 X137=291 X138=304 X139=306 X140=319 X141=124 X142=287 X143=326 X144=328 X145=366 X146=190 X147=15 X148=96 X149=9 X150=143 X151=168 X152=114 X153=33 X154=175 X155=193 X156=309 X157=389 X158=102 X159=286 

   
   search
        run=0  nbConstraintChecks=365  depth=(min:0,max:159,avg:1)  nbEffectivePropagations=21  nbRevisions=1073  nbUselessRevisions=1073
        nbAssignments=162  nbFailedAssignments=2  nbBacktracks=0  nbVisitedNodes=165  nbRestartNogoods=0  nbFoundSolutions=1
        upperBound=9223372036854775807
          =>  wckTime=4.075  cpuTime=4.655  mem=65M514

   
   global
        nbConstraintChecks=365  nbEffectivePropagations=21  nbRevisions=1073  nbUselessRevisions=1073  nbRestartNogoods=0  solvingWckTime=4.075
        expiredTime=no  totalExploration=no  nbFoundSolutions=1  firstSolutionCpuTime=4.649  Stop=REACHED_GOAL
          =>  wckTime=4.686  cpuTime=4.655  mem=65M514

s SATISFIABLE
v X0=0 X1=19 X2=49 X3=206 X4=234 X5=271 X6=282 X7=332 X8=360 X9=374 X10=376 X11=383 X12=88 X13=118 X14=147 X15=158 X16=159 X17=301 X18=318 X19=341 X20=121 X21=348 X22=8 X23=99 X24=211 X25=359 X26=83 X27=149 X28=42 X29=94 X30=157 X31=208 X32=333 X33=12 X34=134 X35=297 X36=377 X37=394 X38=384 X39=183 X40=5 X41=214 X42=11 X43=13 X44=381 X45=2 X46=57 X47=160 X48=231 X49=343 X50=388 X51=29 X52=223 X53=27 X54=216 X55=277 X56=346 X57=170 X58=241 X59=251 X60=3 X61=100 X62=61 X63=235 X64=1 X65=38 X66=20 X67=34 X68=35 X69=59 X70=179 X71=188 X72=233 X73=257 X74=289 X75=305 X76=385 X77=6 X78=307 X79=292 X80=350 X81=87 X82=48 X83=119 X84=323 X85=109 X86=187 X87=229 X88=16 X89=65 X90=67 X91=108 X92=249 X93=316 X94=356 X95=397 X96=89 X97=178 X98=191 X99=201 X100=261 X101=37 X102=276 X103=54 X104=79 X105=127 X106=154 X107=195 X108=232 X109=256 X110=371 X111=17 X112=26 X113=23 X114=95 X115=131 X116=177 X117=258 X118=317 X119=69 X120=84 X121=91 X122=113 X123=167 X124=218 X125=245 X126=264 X127=369 X128=51 X129=85 X130=90 X131=189 X132=207 X133=226 X134=242 X135=250 X136=281 X137=291 X138=304 X139=306 X140=319 X141=124 X142=287 X143=326 X144=328 X145=366 X146=190 X147=15 X148=96 X149=9 X150=143 X151=168 X152=114 X153=33 X154=175 X155=193 X156=309 X157=389 X158=102 X159=286 
d NODES 162

   totalWckTime=4.589  totalCpuTime=4.656
