
   AbsCon 1.41 (January, 2014) - defaultConfiguration

   
   instance
        framework=CSP  name=Isomorphism-/cluster/gpg/ciaran/sip-benchmarks/benchmarks/si4_rand_r01_400/si4_r01_m400.03/pattern-/cluster/gpg/ciaran/sip-benchmarks/benchmarks/si4_rand_r01_400/si4_r01_m400.03/target
        parameters=/cluster/gpg/ciaran/sip-benchmarks/benchmarks/si4_rand_r01_400/si4_r01_m400.03/pattern,/cluster/gpg/ciaran/sip-benchmarks/benchmarks/si4_rand_r01_400/si4_r01_m400.03/target
      

   loading variables...
        nbVariables=160  nbDomainTypes=1  nbTotalValues=64000  domainSizes=(400:160)
          =>  wckTime=0.248  cpuTime=0.346  mem=8M303

   loading objectives...

   loading constraints...
        nbConstraints=2337  nbSpecificConstraints=1  nbExtensionStructures=(1,shared:2335)  nbConflictsStructures=(1,shared:2335,unbuilt:1)
        degrees=(20:2)(22:4)(23:8)...(39:3)(40:1)(41:2)  arities=(2:2336)(160:1)  types=(AllDifferent:1)(ConstraintHardExtensionV-Bits:2336)
          =>  wckTime=1.72  cpuTime=1.741  mem=25M644

   INFO : <!-- Start saving the XML representation -->

   INFO : <!-- Stop saving the XML representation of target.xml -->

   Solver SolverBacktrack being built... 
          =>  wckTime=2.064  cpuTime=2.058  mem=61M375

    instantiation X0=382 X1=312 X2=383 X3=210 X4=337 X5=0 X6=333 X7=144 X8=143 X9=305 X10=291 X11=396 X12=99 X13=244 X14=194 X15=116 X16=120 X17=40 X18=178 X19=61 X20=150 X21=68 X22=131 X23=392 X24=90 X25=215 X26=149 X27=354 X28=93 X29=330 X30=283 X31=398 X32=227 X33=198 X34=261 X35=344 X36=195 X37=302 X38=92 X39=172 X40=300 X41=306 X42=156 X43=355 X44=287 X45=328 X46=315 X47=51 X48=145 X49=366 X50=45 X51=251 X52=376 X53=187 X54=74 X55=60 X56=24 X57=399 X58=258 X59=347 X60=201 X61=185 X62=180 X63=167 X64=248 X65=72 X66=273 X67=166 X68=32 X69=298 X70=81 X71=196 X72=264 X73=356 X74=370 X75=339 X76=391 X77=44 X78=349 X79=153 X80=52 X81=362 X82=115 X83=146 X84=83 X85=10 X86=78 X87=319 X88=79 X89=113 X90=26 X91=371 X92=378 X93=118 X94=205 X95=18 X96=212 X97=326 X98=59 X99=217 X100=43 X101=317 X102=384 X103=314 X104=192 X105=307 X106=216 X107=377 X108=270 X109=184 X110=290 X111=294 X112=132 X113=125 X114=266 X115=85 X116=1 X117=329 X118=234 X119=381 X120=70 X121=218 X122=254 X123=252 X124=71 X125=207 X126=335 X127=107 X128=42 X129=63 X130=245 X131=28 X132=111 X133=89 X134=213 X135=77 X136=181 X137=324 X138=38 X139=134 X140=88 X141=303 X142=267 X143=208 X144=243 X145=247 X146=8 X147=256 X148=126 X149=20 X150=224 X151=257 X152=31 X153=343 X154=7 X155=139 X156=155 X157=318 X158=190 X159=173 

    solution X0=382 X1=312 X2=383 X3=210 X4=337 X5=0 X6=333 X7=144 X8=143 X9=305 X10=291 X11=396 X12=99 X13=244 X14=194 X15=116 X16=120 X17=40 X18=178 X19=61 X20=150 X21=68 X22=131 X23=392 X24=90 X25=215 X26=149 X27=354 X28=93 X29=330 X30=283 X31=398 X32=227 X33=198 X34=261 X35=344 X36=195 X37=302 X38=92 X39=172 X40=300 X41=306 X42=156 X43=355 X44=287 X45=328 X46=315 X47=51 X48=145 X49=366 X50=45 X51=251 X52=376 X53=187 X54=74 X55=60 X56=24 X57=399 X58=258 X59=347 X60=201 X61=185 X62=180 X63=167 X64=248 X65=72 X66=273 X67=166 X68=32 X69=298 X70=81 X71=196 X72=264 X73=356 X74=370 X75=339 X76=391 X77=44 X78=349 X79=153 X80=52 X81=362 X82=115 X83=146 X84=83 X85=10 X86=78 X87=319 X88=79 X89=113 X90=26 X91=371 X92=378 X93=118 X94=205 X95=18 X96=212 X97=326 X98=59 X99=217 X100=43 X101=317 X102=384 X103=314 X104=192 X105=307 X106=216 X107=377 X108=270 X109=184 X110=290 X111=294 X112=132 X113=125 X114=266 X115=85 X116=1 X117=329 X118=234 X119=381 X120=70 X121=218 X122=254 X123=252 X124=71 X125=207 X126=335 X127=107 X128=42 X129=63 X130=245 X131=28 X132=111 X133=89 X134=213 X135=77 X136=181 X137=324 X138=38 X139=134 X140=88 X141=303 X142=267 X143=208 X144=243 X145=247 X146=8 X147=256 X148=126 X149=20 X150=224 X151=257 X152=31 X153=343 X154=7 X155=139 X156=155 X157=318 X158=190 X159=173 

   
   search
        run=0  nbConstraintChecks=2337  depth=(min:0,max:159,avg:3)  nbEffectivePropagations=863482  nbRevisions=13754033  nbUselessRevisions=13111263
        nbAssignments=6934  nbFailedAssignments=6004  nbBacktracks=770  nbVisitedNodes=13449  nbRestartNogoods=0  nbFoundSolutions=1
        upperBound=9223372036854775807
          =>  wckTime=1554.159  cpuTime=1553.739  mem=123M60

   
   global
        nbConstraintChecks=2337  nbEffectivePropagations=863482  nbRevisions=13754033  nbUselessRevisions=13111263  nbRestartNogoods=0
        solvingWckTime=1554.16  expiredTime=no  totalExploration=no  nbFoundSolutions=1  firstSolutionCpuTime=1553.734  Stop=REACHED_GOAL
          =>  wckTime=1556.225  cpuTime=1553.739  mem=123M60

s SATISFIABLE
v X0=382 X1=312 X2=383 X3=210 X4=337 X5=0 X6=333 X7=144 X8=143 X9=305 X10=291 X11=396 X12=99 X13=244 X14=194 X15=116 X16=120 X17=40 X18=178 X19=61 X20=150 X21=68 X22=131 X23=392 X24=90 X25=215 X26=149 X27=354 X28=93 X29=330 X30=283 X31=398 X32=227 X33=198 X34=261 X35=344 X36=195 X37=302 X38=92 X39=172 X40=300 X41=306 X42=156 X43=355 X44=287 X45=328 X46=315 X47=51 X48=145 X49=366 X50=45 X51=251 X52=376 X53=187 X54=74 X55=60 X56=24 X57=399 X58=258 X59=347 X60=201 X61=185 X62=180 X63=167 X64=248 X65=72 X66=273 X67=166 X68=32 X69=298 X70=81 X71=196 X72=264 X73=356 X74=370 X75=339 X76=391 X77=44 X78=349 X79=153 X80=52 X81=362 X82=115 X83=146 X84=83 X85=10 X86=78 X87=319 X88=79 X89=113 X90=26 X91=371 X92=378 X93=118 X94=205 X95=18 X96=212 X97=326 X98=59 X99=217 X100=43 X101=317 X102=384 X103=314 X104=192 X105=307 X106=216 X107=377 X108=270 X109=184 X110=290 X111=294 X112=132 X113=125 X114=266 X115=85 X116=1 X117=329 X118=234 X119=381 X120=70 X121=218 X122=254 X123=252 X124=71 X125=207 X126=335 X127=107 X128=42 X129=63 X130=245 X131=28 X132=111 X133=89 X134=213 X135=77 X136=181 X137=324 X138=38 X139=134 X140=88 X141=303 X142=267 X143=208 X144=243 X145=247 X146=8 X147=256 X148=126 X149=20 X150=224 X151=257 X152=31 X153=343 X154=7 X155=139 X156=155 X157=318 X158=190 X159=173 
d NODES 6934

   totalWckTime=1556.12  totalCpuTime=1553.74
