
   AbsCon 1.41 (January, 2014) - defaultConfiguration

   
   instance
        framework=CSP  name=Isomorphism-/cluster/gpg/ciaran/sip-benchmarks/benchmarks/si4_bvg_b03m_400/si4_b03m_m400.08/pattern-/cluster/gpg/ciaran/sip-benchmarks/benchmarks/si4_bvg_b03m_400/si4_b03m_m400.08/target
        parameters=/cluster/gpg/ciaran/sip-benchmarks/benchmarks/si4_bvg_b03m_400/si4_b03m_m400.08/pattern,/cluster/gpg/ciaran/sip-benchmarks/benchmarks/si4_bvg_b03m_400/si4_b03m_m400.08/target
      

   loading variables...
        nbVariables=160  nbDomainTypes=1  nbTotalValues=64000  domainSizes=(400:160)
          =>  wckTime=0.194  cpuTime=0.303  mem=7M513

   loading objectives...

   loading constraints...
        nbConstraints=203  nbSpecificConstraints=1  nbExtensionStructures=(1,shared:201)  nbConflictsStructures=(1,shared:201,unbuilt:1)
        degrees=(2:48)(3:41)(4:58)...(14:1)(15:1)(16:1)  arities=(2:202)(160:1)  types=(AllDifferent:1)(ConstraintHardExtensionV-Bits:202)
          =>  wckTime=0.285  cpuTime=0.388  mem=6M996

   INFO : <!-- Start saving the XML representation -->

   INFO : <!-- Stop saving the XML representation of target.xml -->

   Solver SolverBacktrack being built... 
          =>  wckTime=0.545  cpuTime=0.605  mem=24M258

    instantiation X0=0 X1=52 X2=73 X3=146 X4=148 X5=157 X6=170 X7=205 X8=219 X9=261 X10=262 X11=267 X12=290 X13=339 X14=359 X15=178 X16=233 X17=30 X18=282 X19=117 X20=120 X21=89 X22=61 X23=121 X24=9 X25=270 X26=124 X27=59 X28=259 X29=1 X30=76 X31=78 X32=71 X33=112 X34=264 X35=300 X36=225 X37=3 X38=83 X39=87 X40=357 X41=41 X42=115 X43=74 X44=277 X45=10 X46=363 X47=163 X48=341 X49=6 X50=62 X51=75 X52=16 X53=37 X54=40 X55=184 X56=206 X57=289 X58=249 X59=35 X60=47 X61=106 X62=168 X63=13 X64=31 X65=63 X66=126 X67=145 X68=200 X69=231 X70=295 X71=323 X72=326 X73=349 X74=399 X75=209 X76=360 X77=4 X78=39 X79=136 X80=214 X81=98 X82=345 X83=149 X84=211 X85=176 X86=299 X87=43 X88=51 X89=177 X90=212 X91=220 X92=281 X93=287 X94=304 X95=310 X96=309 X97=70 X98=45 X99=56 X100=275 X101=378 X102=185 X103=12 X104=260 X105=265 X106=125 X107=85 X108=272 X109=86 X110=129 X111=130 X112=140 X113=142 X114=245 X115=268 X116=280 X117=344 X118=391 X119=213 X120=286 X121=337 X122=7 X123=241 X124=266 X125=8 X126=156 X127=183 X128=338 X129=20 X130=228 X131=77 X132=376 X133=18 X134=19 X135=67 X136=38 X137=159 X138=194 X139=329 X140=155 X141=139 X142=210 X143=301 X144=392 X145=237 X146=297 X147=333 X148=398 X149=375 X150=236 X151=105 X152=226 X153=263 X154=313 X155=322 X156=99 X157=162 X158=23 X159=44 

    solution X0=0 X1=52 X2=73 X3=146 X4=148 X5=157 X6=170 X7=205 X8=219 X9=261 X10=262 X11=267 X12=290 X13=339 X14=359 X15=178 X16=233 X17=30 X18=282 X19=117 X20=120 X21=89 X22=61 X23=121 X24=9 X25=270 X26=124 X27=59 X28=259 X29=1 X30=76 X31=78 X32=71 X33=112 X34=264 X35=300 X36=225 X37=3 X38=83 X39=87 X40=357 X41=41 X42=115 X43=74 X44=277 X45=10 X46=363 X47=163 X48=341 X49=6 X50=62 X51=75 X52=16 X53=37 X54=40 X55=184 X56=206 X57=289 X58=249 X59=35 X60=47 X61=106 X62=168 X63=13 X64=31 X65=63 X66=126 X67=145 X68=200 X69=231 X70=295 X71=323 X72=326 X73=349 X74=399 X75=209 X76=360 X77=4 X78=39 X79=136 X80=214 X81=98 X82=345 X83=149 X84=211 X85=176 X86=299 X87=43 X88=51 X89=177 X90=212 X91=220 X92=281 X93=287 X94=304 X95=310 X96=309 X97=70 X98=45 X99=56 X100=275 X101=378 X102=185 X103=12 X104=260 X105=265 X106=125 X107=85 X108=272 X109=86 X110=129 X111=130 X112=140 X113=142 X114=245 X115=268 X116=280 X117=344 X118=391 X119=213 X120=286 X121=337 X122=7 X123=241 X124=266 X125=8 X126=156 X127=183 X128=338 X129=20 X130=228 X131=77 X132=376 X133=18 X134=19 X135=67 X136=38 X137=159 X138=194 X139=329 X140=155 X141=139 X142=210 X143=301 X144=392 X145=237 X146=297 X147=333 X148=398 X149=375 X150=236 X151=105 X152=226 X153=263 X154=313 X155=322 X156=99 X157=162 X158=23 X159=44 

   
   search
        run=0  nbConstraintChecks=203  depth=(min:0,max:159,avg:1)  nbEffectivePropagations=284  nbRevisions=887  nbUselessRevisions=725
        nbAssignments=161  nbFailedAssignments=1  nbBacktracks=0  nbVisitedNodes=163  nbRestartNogoods=0  nbFoundSolutions=1
        upperBound=9223372036854775807
          =>  wckTime=3.369  cpuTime=3.876  mem=200M332

   
   global
        nbConstraintChecks=203  nbEffectivePropagations=284  nbRevisions=887  nbUselessRevisions=725  nbRestartNogoods=0  solvingWckTime=3.369
        expiredTime=no  totalExploration=no  nbFoundSolutions=1  firstSolutionCpuTime=3.867  Stop=REACHED_GOAL
          =>  wckTime=3.915  cpuTime=3.876  mem=200M332

s SATISFIABLE
v X0=0 X1=52 X2=73 X3=146 X4=148 X5=157 X6=170 X7=205 X8=219 X9=261 X10=262 X11=267 X12=290 X13=339 X14=359 X15=178 X16=233 X17=30 X18=282 X19=117 X20=120 X21=89 X22=61 X23=121 X24=9 X25=270 X26=124 X27=59 X28=259 X29=1 X30=76 X31=78 X32=71 X33=112 X34=264 X35=300 X36=225 X37=3 X38=83 X39=87 X40=357 X41=41 X42=115 X43=74 X44=277 X45=10 X46=363 X47=163 X48=341 X49=6 X50=62 X51=75 X52=16 X53=37 X54=40 X55=184 X56=206 X57=289 X58=249 X59=35 X60=47 X61=106 X62=168 X63=13 X64=31 X65=63 X66=126 X67=145 X68=200 X69=231 X70=295 X71=323 X72=326 X73=349 X74=399 X75=209 X76=360 X77=4 X78=39 X79=136 X80=214 X81=98 X82=345 X83=149 X84=211 X85=176 X86=299 X87=43 X88=51 X89=177 X90=212 X91=220 X92=281 X93=287 X94=304 X95=310 X96=309 X97=70 X98=45 X99=56 X100=275 X101=378 X102=185 X103=12 X104=260 X105=265 X106=125 X107=85 X108=272 X109=86 X110=129 X111=130 X112=140 X113=142 X114=245 X115=268 X116=280 X117=344 X118=391 X119=213 X120=286 X121=337 X122=7 X123=241 X124=266 X125=8 X126=156 X127=183 X128=338 X129=20 X130=228 X131=77 X132=376 X133=18 X134=19 X135=67 X136=38 X137=159 X138=194 X139=329 X140=155 X141=139 X142=210 X143=301 X144=392 X145=237 X146=297 X147=333 X148=398 X149=375 X150=236 X151=105 X152=226 X153=263 X154=313 X155=322 X156=99 X157=162 X158=23 X159=44 
d NODES 161

   totalWckTime=3.812  totalCpuTime=3.877
