
   AbsCon 1.41 (January, 2014) - defaultConfiguration

   
   instance
        framework=CSP  name=Isomorphism-/cluster/gpg/ciaran/sip-benchmarks/benchmarks/si4_m4D_m4D_256/si4_m4D_m256.04/pattern-/cluster/gpg/ciaran/sip-benchmarks/benchmarks/si4_m4D_m4D_256/si4_m4D_m256.04/target
        parameters=/cluster/gpg/ciaran/sip-benchmarks/benchmarks/si4_m4D_m4D_256/si4_m4D_m256.04/pattern,/cluster/gpg/ciaran/sip-benchmarks/benchmarks/si4_m4D_m4D_256/si4_m4D_m256.04/target
      

   loading variables...
        nbVariables=102  nbDomainTypes=1  nbTotalValues=26112  domainSizes=(256:102)
          =>  wckTime=0.2  cpuTime=0.306  mem=4M270

   loading objectives...

   loading constraints...
        nbConstraints=242  nbSpecificConstraints=1  nbExtensionStructures=(1,shared:240)  nbConflictsStructures=(1,shared:240,unbuilt:1)
        degrees=(3:7)(4:21)(5:14)...(7:26)(8:10)(9:1)  arities=(2:241)(102:1)  types=(AllDifferent:1)(ConstraintHardExtensionV-Bits:241)
          =>  wckTime=0.287  cpuTime=0.392  mem=12M427

   INFO : <!-- Start saving the XML representation -->

   INFO : <!-- Stop saving the XML representation of target.xml -->

   Solver SolverBacktrack being built... 
          =>  wckTime=0.511  cpuTime=0.582  mem=18M888

    instantiation X0=53 X1=128 X2=72 X3=54 X4=63 X5=145 X6=24 X7=189 X8=201 X9=70 X10=60 X11=108 X12=164 X13=205 X14=115 X15=36 X16=101 X17=107 X18=102 X19=220 X20=86 X21=255 X22=241 X23=71 X24=112 X25=0 X26=165 X27=92 X28=139 X29=234 X30=116 X31=21 X32=124 X33=188 X34=179 X35=38 X36=117 X37=149 X38=23 X39=150 X40=78 X41=41 X42=162 X43=39 X44=3 X45=118 X46=52 X47=190 X48=147 X49=50 X50=227 X51=181 X52=13 X53=98 X54=56 X55=217 X56=134 X57=240 X58=20 X59=214 X60=194 X61=130 X62=230 X63=27 X64=28 X65=248 X66=49 X67=9 X68=62 X69=45 X70=148 X71=37 X72=15 X73=95 X74=218 X75=120 X76=207 X77=29 X78=182 X79=144 X80=83 X81=185 X82=68 X83=151 X84=19 X85=161 X86=2 X87=252 X88=153 X89=204 X90=222 X91=202 X92=191 X93=176 X94=33 X95=143 X96=199 X97=75 X98=6 X99=125 X100=126 X101=64 

    solution X0=53 X1=128 X2=72 X3=54 X4=63 X5=145 X6=24 X7=189 X8=201 X9=70 X10=60 X11=108 X12=164 X13=205 X14=115 X15=36 X16=101 X17=107 X18=102 X19=220 X20=86 X21=255 X22=241 X23=71 X24=112 X25=0 X26=165 X27=92 X28=139 X29=234 X30=116 X31=21 X32=124 X33=188 X34=179 X35=38 X36=117 X37=149 X38=23 X39=150 X40=78 X41=41 X42=162 X43=39 X44=3 X45=118 X46=52 X47=190 X48=147 X49=50 X50=227 X51=181 X52=13 X53=98 X54=56 X55=217 X56=134 X57=240 X58=20 X59=214 X60=194 X61=130 X62=230 X63=27 X64=28 X65=248 X66=49 X67=9 X68=62 X69=45 X70=148 X71=37 X72=15 X73=95 X74=218 X75=120 X76=207 X77=29 X78=182 X79=144 X80=83 X81=185 X82=68 X83=151 X84=19 X85=161 X86=2 X87=252 X88=153 X89=204 X90=222 X91=202 X92=191 X93=176 X94=33 X95=143 X96=199 X97=75 X98=6 X99=125 X100=126 X101=64 

   
   search
        run=0  nbConstraintChecks=242  depth=(min:0,max:101,avg:1)  nbEffectivePropagations=328  nbRevisions=2350  nbUselessRevisions=2218
        nbAssignments=232  nbFailedAssignments=130  nbBacktracks=0  nbVisitedNodes=363  nbRestartNogoods=0  nbFoundSolutions=1
        upperBound=9223372036854775807
          =>  wckTime=1.819  cpuTime=2.322  mem=89M213

   
   global
        nbConstraintChecks=242  nbEffectivePropagations=328  nbRevisions=2350  nbUselessRevisions=2218  nbRestartNogoods=0  solvingWckTime=1.819
        expiredTime=no  totalExploration=no  nbFoundSolutions=1  firstSolutionCpuTime=2.319  Stop=REACHED_GOAL
          =>  wckTime=2.33  cpuTime=2.322  mem=89M213

s SATISFIABLE
v X0=53 X1=128 X2=72 X3=54 X4=63 X5=145 X6=24 X7=189 X8=201 X9=70 X10=60 X11=108 X12=164 X13=205 X14=115 X15=36 X16=101 X17=107 X18=102 X19=220 X20=86 X21=255 X22=241 X23=71 X24=112 X25=0 X26=165 X27=92 X28=139 X29=234 X30=116 X31=21 X32=124 X33=188 X34=179 X35=38 X36=117 X37=149 X38=23 X39=150 X40=78 X41=41 X42=162 X43=39 X44=3 X45=118 X46=52 X47=190 X48=147 X49=50 X50=227 X51=181 X52=13 X53=98 X54=56 X55=217 X56=134 X57=240 X58=20 X59=214 X60=194 X61=130 X62=230 X63=27 X64=28 X65=248 X66=49 X67=9 X68=62 X69=45 X70=148 X71=37 X72=15 X73=95 X74=218 X75=120 X76=207 X77=29 X78=182 X79=144 X80=83 X81=185 X82=68 X83=151 X84=19 X85=161 X86=2 X87=252 X88=153 X89=204 X90=222 X91=202 X92=191 X93=176 X94=33 X95=143 X96=199 X97=75 X98=6 X99=125 X100=126 X101=64 
d NODES 232

   totalWckTime=2.231  totalCpuTime=2.323
