
   AbsCon 1.41 (January, 2014) - defaultConfiguration

   
   instance
        framework=CSP  name=Isomorphism-/cluster/gpg/ciaran/sip-benchmarks/benchmarks/si4_rand_r001_600/si4_r001_m600.00/pattern-/cluster/gpg/ciaran/sip-benchmarks/benchmarks/si4_rand_r001_600/si4_r001_m600.00/target
        parameters=/cluster/gpg/ciaran/sip-benchmarks/benchmarks/si4_rand_r001_600/si4_r001_m600.00/pattern,/cluster/gpg/ciaran/sip-benchmarks/benchmarks/si4_rand_r001_600/si4_r001_m600.00/target
      

   loading variables...
        nbVariables=240  nbDomainTypes=1  nbTotalValues=144000  domainSizes=(600:240)
          =>  wckTime=0.295  cpuTime=0.401  mem=10M427

   loading objectives...

   loading constraints...
        nbConstraints=671  nbSpecificConstraints=1  nbExtensionStructures=(1,shared:669)  nbConflictsStructures=(1,shared:669,unbuilt:1)
        degrees=(2:6)(3:9)(4:34)...(12:2)(13:3)(14:2)  arities=(2:670)(240:1)  types=(AllDifferent:1)(ConstraintHardExtensionV-Bits:670)
          =>  wckTime=0.617  cpuTime=0.697  mem=39M657

   INFO : <!-- Start saving the XML representation -->

   INFO : <!-- Stop saving the XML representation of target.xml -->

   Solver SolverBacktrack being built... 
          =>  wckTime=0.996  cpuTime=1.019  mem=38M269

    instantiation X0=429 X1=566 X2=376 X3=482 X4=54 X5=380 X6=421 X7=571 X8=211 X9=259 X10=343 X11=222 X12=442 X13=83 X14=193 X15=461 X16=2 X17=492 X18=484 X19=40 X20=514 X21=225 X22=337 X23=221 X24=354 X25=308 X26=190 X27=340 X28=49 X29=69 X30=14 X31=57 X32=406 X33=162 X34=16 X35=301 X36=127 X37=574 X38=111 X39=78 X40=414 X41=137 X42=4 X43=184 X44=486 X45=347 X46=328 X47=439 X48=132 X49=559 X50=478 X51=17 X52=468 X53=142 X54=415 X55=112 X56=594 X57=200 X58=199 X59=134 X60=179 X61=245 X62=53 X63=262 X64=462 X65=515 X66=335 X67=75 X68=128 X69=455 X70=278 X71=543 X72=348 X73=287 X74=118 X75=103 X76=150 X77=271 X78=493 X79=582 X80=497 X81=396 X82=106 X83=473 X84=65 X85=277 X86=195 X87=234 X88=581 X89=300 X90=441 X91=526 X92=28 X93=490 X94=23 X95=563 X96=3 X97=31 X98=545 X99=62 X100=475 X101=403 X102=85 X103=553 X104=402 X105=58 X106=387 X107=50 X108=191 X109=592 X110=97 X111=105 X112=436 X113=22 X114=536 X115=531 X116=557 X117=323 X118=243 X119=13 X120=330 X121=268 X122=512 X123=213 X124=533 X125=153 X126=364 X127=249 X128=178 X129=90 X130=319 X131=505 X132=412 X133=164 X134=425 X135=188 X136=310 X137=568 X138=445 X139=82 X140=408 X141=355 X142=538 X143=561 X144=352 X145=454 X146=89 X147=113 X148=465 X149=481 X150=316 X151=391 X152=584 X153=535 X154=59 X155=285 X156=102 X157=599 X158=444 X159=223 X160=485 X161=302 X162=555 X163=393 X164=0 X165=349 X166=435 X167=459 X168=488 X169=280 X170=351 X171=166 X172=366 X173=215 X174=93 X175=597 X176=66 X177=565 X178=417 X179=180 X180=121 X181=74 X182=171 X183=464 X184=43 X185=11 X186=360 X187=203 X188=258 X189=61 X190=575 X191=369 X192=576 X193=205 X194=24 X195=12 X196=363 X197=500 X198=120 X199=338 X200=251 X201=567 X202=471 X203=119 X204=130 X205=529 X206=55 X207=447 X208=306 X209=135 X210=357 X211=359 X212=46 X213=532 X214=39 X215=220 X216=19 X217=152 X218=472 X219=390 X220=299 X221=146 X222=248 X223=68 X224=20 X225=263 X226=124 X227=201 X228=325 X229=466 X230=91 X231=418 X232=453 X233=235 X234=185 X235=63 X236=513 X237=437 X238=511 X239=173 

    solution X0=429 X1=566 X2=376 X3=482 X4=54 X5=380 X6=421 X7=571 X8=211 X9=259 X10=343 X11=222 X12=442 X13=83 X14=193 X15=461 X16=2 X17=492 X18=484 X19=40 X20=514 X21=225 X22=337 X23=221 X24=354 X25=308 X26=190 X27=340 X28=49 X29=69 X30=14 X31=57 X32=406 X33=162 X34=16 X35=301 X36=127 X37=574 X38=111 X39=78 X40=414 X41=137 X42=4 X43=184 X44=486 X45=347 X46=328 X47=439 X48=132 X49=559 X50=478 X51=17 X52=468 X53=142 X54=415 X55=112 X56=594 X57=200 X58=199 X59=134 X60=179 X61=245 X62=53 X63=262 X64=462 X65=515 X66=335 X67=75 X68=128 X69=455 X70=278 X71=543 X72=348 X73=287 X74=118 X75=103 X76=150 X77=271 X78=493 X79=582 X80=497 X81=396 X82=106 X83=473 X84=65 X85=277 X86=195 X87=234 X88=581 X89=300 X90=441 X91=526 X92=28 X93=490 X94=23 X95=563 X96=3 X97=31 X98=545 X99=62 X100=475 X101=403 X102=85 X103=553 X104=402 X105=58 X106=387 X107=50 X108=191 X109=592 X110=97 X111=105 X112=436 X113=22 X114=536 X115=531 X116=557 X117=323 X118=243 X119=13 X120=330 X121=268 X122=512 X123=213 X124=533 X125=153 X126=364 X127=249 X128=178 X129=90 X130=319 X131=505 X132=412 X133=164 X134=425 X135=188 X136=310 X137=568 X138=445 X139=82 X140=408 X141=355 X142=538 X143=561 X144=352 X145=454 X146=89 X147=113 X148=465 X149=481 X150=316 X151=391 X152=584 X153=535 X154=59 X155=285 X156=102 X157=599 X158=444 X159=223 X160=485 X161=302 X162=555 X163=393 X164=0 X165=349 X166=435 X167=459 X168=488 X169=280 X170=351 X171=166 X172=366 X173=215 X174=93 X175=597 X176=66 X177=565 X178=417 X179=180 X180=121 X181=74 X182=171 X183=464 X184=43 X185=11 X186=360 X187=203 X188=258 X189=61 X190=575 X191=369 X192=576 X193=205 X194=24 X195=12 X196=363 X197=500 X198=120 X199=338 X200=251 X201=567 X202=471 X203=119 X204=130 X205=529 X206=55 X207=447 X208=306 X209=135 X210=357 X211=359 X212=46 X213=532 X214=39 X215=220 X216=19 X217=152 X218=472 X219=390 X220=299 X221=146 X222=248 X223=68 X224=20 X225=263 X226=124 X227=201 X228=325 X229=466 X230=91 X231=418 X232=453 X233=235 X234=185 X235=63 X236=513 X237=437 X238=511 X239=173 

   
   search
        run=0  nbConstraintChecks=671  depth=(min:0,max:239,avg:1)  nbEffectivePropagations=19  nbRevisions=9805  nbUselessRevisions=9792
        nbAssignments=540  nbFailedAssignments=300  nbBacktracks=0  nbVisitedNodes=841  nbRestartNogoods=0  nbFoundSolutions=1
        upperBound=9223372036854775807
          =>  wckTime=63.661  cpuTime=64.165  mem=94M647

   
   global
        nbConstraintChecks=671  nbEffectivePropagations=19  nbRevisions=9805  nbUselessRevisions=9792  nbRestartNogoods=0  solvingWckTime=63.662
        expiredTime=no  totalExploration=no  nbFoundSolutions=1  firstSolutionCpuTime=64.16  Stop=REACHED_GOAL
          =>  wckTime=64.658  cpuTime=64.166  mem=94M647

s SATISFIABLE
v X0=429 X1=566 X2=376 X3=482 X4=54 X5=380 X6=421 X7=571 X8=211 X9=259 X10=343 X11=222 X12=442 X13=83 X14=193 X15=461 X16=2 X17=492 X18=484 X19=40 X20=514 X21=225 X22=337 X23=221 X24=354 X25=308 X26=190 X27=340 X28=49 X29=69 X30=14 X31=57 X32=406 X33=162 X34=16 X35=301 X36=127 X37=574 X38=111 X39=78 X40=414 X41=137 X42=4 X43=184 X44=486 X45=347 X46=328 X47=439 X48=132 X49=559 X50=478 X51=17 X52=468 X53=142 X54=415 X55=112 X56=594 X57=200 X58=199 X59=134 X60=179 X61=245 X62=53 X63=262 X64=462 X65=515 X66=335 X67=75 X68=128 X69=455 X70=278 X71=543 X72=348 X73=287 X74=118 X75=103 X76=150 X77=271 X78=493 X79=582 X80=497 X81=396 X82=106 X83=473 X84=65 X85=277 X86=195 X87=234 X88=581 X89=300 X90=441 X91=526 X92=28 X93=490 X94=23 X95=563 X96=3 X97=31 X98=545 X99=62 X100=475 X101=403 X102=85 X103=553 X104=402 X105=58 X106=387 X107=50 X108=191 X109=592 X110=97 X111=105 X112=436 X113=22 X114=536 X115=531 X116=557 X117=323 X118=243 X119=13 X120=330 X121=268 X122=512 X123=213 X124=533 X125=153 X126=364 X127=249 X128=178 X129=90 X130=319 X131=505 X132=412 X133=164 X134=425 X135=188 X136=310 X137=568 X138=445 X139=82 X140=408 X141=355 X142=538 X143=561 X144=352 X145=454 X146=89 X147=113 X148=465 X149=481 X150=316 X151=391 X152=584 X153=535 X154=59 X155=285 X156=102 X157=599 X158=444 X159=223 X160=485 X161=302 X162=555 X163=393 X164=0 X165=349 X166=435 X167=459 X168=488 X169=280 X170=351 X171=166 X172=366 X173=215 X174=93 X175=597 X176=66 X177=565 X178=417 X179=180 X180=121 X181=74 X182=171 X183=464 X184=43 X185=11 X186=360 X187=203 X188=258 X189=61 X190=575 X191=369 X192=576 X193=205 X194=24 X195=12 X196=363 X197=500 X198=120 X199=338 X200=251 X201=567 X202=471 X203=119 X204=130 X205=529 X206=55 X207=447 X208=306 X209=135 X210=357 X211=359 X212=46 X213=532 X214=39 X215=220 X216=19 X217=152 X218=472 X219=390 X220=299 X221=146 X222=248 X223=68 X224=20 X225=263 X226=124 X227=201 X228=325 X229=466 X230=91 X231=418 X232=453 X233=235 X234=185 X235=63 X236=513 X237=437 X238=511 X239=173 
d NODES 540

   totalWckTime=64.496  totalCpuTime=64.166
