
   AbsCon 1.41 (January, 2014) - defaultConfiguration

   
   instance
        framework=CSP  name=Isomorphism-/cluster/gpg/ciaran/sip-benchmarks/benchmarks/si4_m4D_m4Dr4_625/si4_m4Dr4_m625.09/pattern-/cluster/gpg/ciaran/sip-benchmarks/benchmarks/si4_m4D_m4Dr4_625/si4_m4Dr4_m625.09/target
        parameters=/cluster/gpg/ciaran/sip-benchmarks/benchmarks/si4_m4D_m4Dr4_625/si4_m4Dr4_m625.09/pattern,/cluster/gpg/ciaran/sip-benchmarks/benchmarks/si4_m4D_m4Dr4_625/si4_m4Dr4_m625.09/target
      

   loading variables...
        nbVariables=250  nbDomainTypes=1  nbTotalValues=156250  domainSizes=(625:250)
          =>  wckTime=0.226  cpuTime=0.342  mem=11M250

   loading objectives...

   loading constraints...
        nbConstraints=521  nbSpecificConstraints=1  nbExtensionStructures=(1,shared:519)  nbConflictsStructures=(1,shared:519,unbuilt:1)
        degrees=(2:36)(3:44)(4:33)...(9:13)(10:7)(11:4)  arities=(2:520)(250:1)  types=(AllDifferent:1)(ConstraintHardExtensionV-Bits:520)
          =>  wckTime=0.466  cpuTime=0.574  mem=30M476

   INFO : <!-- Start saving the XML representation -->

   INFO : <!-- Stop saving the XML representation of target.xml -->

   Solver SolverBacktrack being built... 
          =>  wckTime=0.778  cpuTime=0.855  mem=38M442

    instantiation X0=0 X1=43 X2=145 X3=477 X4=500 X5=555 X6=132 X7=354 X8=417 X9=469 X10=486 X11=521 X12=176 X13=177 X14=605 X15=163 X16=343 X17=431 X18=9 X19=55 X20=159 X21=147 X22=14 X23=111 X24=174 X25=277 X26=581 X27=35 X28=92 X29=251 X30=300 X31=45 X32=66 X33=237 X34=449 X35=84 X36=139 X37=340 X38=385 X39=425 X40=458 X41=590 X42=311 X43=269 X44=2 X45=410 X46=501 X47=308 X48=531 X49=601 X50=544 X51=371 X52=509 X53=570 X54=64 X55=481 X56=485 X57=511 X58=61 X59=171 X60=100 X61=164 X62=205 X63=323 X64=536 X65=613 X66=53 X67=122 X68=143 X69=222 X70=380 X71=550 X72=600 X73=329 X74=532 X75=558 X76=108 X77=190 X78=199 X79=573 X80=25 X81=201 X82=414 X83=24 X84=50 X85=52 X86=478 X87=546 X88=610 X89=194 X90=223 X91=272 X92=321 X93=549 X94=621 X95=28 X96=110 X97=153 X98=3 X99=291 X100=522 X101=123 X102=138 X103=442 X104=278 X105=322 X106=474 X107=578 X108=615 X109=10 X110=402 X111=607 X112=42 X113=140 X114=608 X115=31 X116=69 X117=102 X118=131 X119=266 X120=598 X121=127 X122=152 X123=240 X124=256 X125=519 X126=528 X127=130 X128=157 X129=512 X130=17 X131=224 X132=355 X133=468 X134=517 X135=579 X136=38 X137=229 X138=250 X139=273 X140=303 X141=345 X142=462 X143=562 X144=339 X145=422 X146=242 X147=294 X148=366 X149=12 X150=36 X151=187 X152=450 X153=384 X154=539 X155=51 X156=67 X157=87 X158=141 X159=241 X160=349 X161=405 X162=314 X163=424 X164=433 X165=503 X166=473 X167=606 X168=395 X169=124 X170=238 X171=418 X172=347 X173=90 X174=117 X175=352 X176=391 X177=392 X178=593 X179=16 X180=34 X181=44 X182=326 X183=369 X184=571 X185=456 X186=27 X187=506 X188=120 X189=437 X190=226 X191=338 X192=407 X193=421 X194=467 X195=567 X196=484 X197=622 X198=113 X199=364 X200=73 X201=115 X202=200 X203=368 X204=568 X205=341 X206=602 X207=128 X208=274 X209=543 X210=586 X211=23 X212=444 X213=498 X214=11 X215=22 X216=507 X217=589 X218=209 X219=443 X220=46 X221=367 X222=378 X223=95 X224=105 X225=587 X226=398 X227=75 X228=48 X229=245 X230=285 X231=26 X232=136 X233=235 X234=297 X235=445 X236=520 X237=301 X238=616 X239=86 X240=372 X241=612 X242=47 X243=162 X244=165 X245=184 X246=296 X247=441 X248=448 X249=454 

    solution X0=0 X1=43 X2=145 X3=477 X4=500 X5=555 X6=132 X7=354 X8=417 X9=469 X10=486 X11=521 X12=176 X13=177 X14=605 X15=163 X16=343 X17=431 X18=9 X19=55 X20=159 X21=147 X22=14 X23=111 X24=174 X25=277 X26=581 X27=35 X28=92 X29=251 X30=300 X31=45 X32=66 X33=237 X34=449 X35=84 X36=139 X37=340 X38=385 X39=425 X40=458 X41=590 X42=311 X43=269 X44=2 X45=410 X46=501 X47=308 X48=531 X49=601 X50=544 X51=371 X52=509 X53=570 X54=64 X55=481 X56=485 X57=511 X58=61 X59=171 X60=100 X61=164 X62=205 X63=323 X64=536 X65=613 X66=53 X67=122 X68=143 X69=222 X70=380 X71=550 X72=600 X73=329 X74=532 X75=558 X76=108 X77=190 X78=199 X79=573 X80=25 X81=201 X82=414 X83=24 X84=50 X85=52 X86=478 X87=546 X88=610 X89=194 X90=223 X91=272 X92=321 X93=549 X94=621 X95=28 X96=110 X97=153 X98=3 X99=291 X100=522 X101=123 X102=138 X103=442 X104=278 X105=322 X106=474 X107=578 X108=615 X109=10 X110=402 X111=607 X112=42 X113=140 X114=608 X115=31 X116=69 X117=102 X118=131 X119=266 X120=598 X121=127 X122=152 X123=240 X124=256 X125=519 X126=528 X127=130 X128=157 X129=512 X130=17 X131=224 X132=355 X133=468 X134=517 X135=579 X136=38 X137=229 X138=250 X139=273 X140=303 X141=345 X142=462 X143=562 X144=339 X145=422 X146=242 X147=294 X148=366 X149=12 X150=36 X151=187 X152=450 X153=384 X154=539 X155=51 X156=67 X157=87 X158=141 X159=241 X160=349 X161=405 X162=314 X163=424 X164=433 X165=503 X166=473 X167=606 X168=395 X169=124 X170=238 X171=418 X172=347 X173=90 X174=117 X175=352 X176=391 X177=392 X178=593 X179=16 X180=34 X181=44 X182=326 X183=369 X184=571 X185=456 X186=27 X187=506 X188=120 X189=437 X190=226 X191=338 X192=407 X193=421 X194=467 X195=567 X196=484 X197=622 X198=113 X199=364 X200=73 X201=115 X202=200 X203=368 X204=568 X205=341 X206=602 X207=128 X208=274 X209=543 X210=586 X211=23 X212=444 X213=498 X214=11 X215=22 X216=507 X217=589 X218=209 X219=443 X220=46 X221=367 X222=378 X223=95 X224=105 X225=587 X226=398 X227=75 X228=48 X229=245 X230=285 X231=26 X232=136 X233=235 X234=297 X235=445 X236=520 X237=301 X238=616 X239=86 X240=372 X241=612 X242=47 X243=162 X244=165 X245=184 X246=296 X247=441 X248=448 X249=454 

   
   search
        run=0  nbConstraintChecks=521  depth=(min:0,max:249,avg:1)  nbEffectivePropagations=91  nbRevisions=1870  nbUselessRevisions=1870
        nbAssignments=285  nbFailedAssignments=35  nbBacktracks=0  nbVisitedNodes=321  nbRestartNogoods=0  nbFoundSolutions=1
        upperBound=9223372036854775807
          =>  wckTime=14.398  cpuTime=15.053  mem=107M980

   
   global
        nbConstraintChecks=521  nbEffectivePropagations=91  nbRevisions=1870  nbUselessRevisions=1870  nbRestartNogoods=0  solvingWckTime=14.399
        expiredTime=no  totalExploration=no  nbFoundSolutions=1  firstSolutionCpuTime=15.047  Stop=REACHED_GOAL
          =>  wckTime=15.177  cpuTime=15.053  mem=107M980

s SATISFIABLE
v X0=0 X1=43 X2=145 X3=477 X4=500 X5=555 X6=132 X7=354 X8=417 X9=469 X10=486 X11=521 X12=176 X13=177 X14=605 X15=163 X16=343 X17=431 X18=9 X19=55 X20=159 X21=147 X22=14 X23=111 X24=174 X25=277 X26=581 X27=35 X28=92 X29=251 X30=300 X31=45 X32=66 X33=237 X34=449 X35=84 X36=139 X37=340 X38=385 X39=425 X40=458 X41=590 X42=311 X43=269 X44=2 X45=410 X46=501 X47=308 X48=531 X49=601 X50=544 X51=371 X52=509 X53=570 X54=64 X55=481 X56=485 X57=511 X58=61 X59=171 X60=100 X61=164 X62=205 X63=323 X64=536 X65=613 X66=53 X67=122 X68=143 X69=222 X70=380 X71=550 X72=600 X73=329 X74=532 X75=558 X76=108 X77=190 X78=199 X79=573 X80=25 X81=201 X82=414 X83=24 X84=50 X85=52 X86=478 X87=546 X88=610 X89=194 X90=223 X91=272 X92=321 X93=549 X94=621 X95=28 X96=110 X97=153 X98=3 X99=291 X100=522 X101=123 X102=138 X103=442 X104=278 X105=322 X106=474 X107=578 X108=615 X109=10 X110=402 X111=607 X112=42 X113=140 X114=608 X115=31 X116=69 X117=102 X118=131 X119=266 X120=598 X121=127 X122=152 X123=240 X124=256 X125=519 X126=528 X127=130 X128=157 X129=512 X130=17 X131=224 X132=355 X133=468 X134=517 X135=579 X136=38 X137=229 X138=250 X139=273 X140=303 X141=345 X142=462 X143=562 X144=339 X145=422 X146=242 X147=294 X148=366 X149=12 X150=36 X151=187 X152=450 X153=384 X154=539 X155=51 X156=67 X157=87 X158=141 X159=241 X160=349 X161=405 X162=314 X163=424 X164=433 X165=503 X166=473 X167=606 X168=395 X169=124 X170=238 X171=418 X172=347 X173=90 X174=117 X175=352 X176=391 X177=392 X178=593 X179=16 X180=34 X181=44 X182=326 X183=369 X184=571 X185=456 X186=27 X187=506 X188=120 X189=437 X190=226 X191=338 X192=407 X193=421 X194=467 X195=567 X196=484 X197=622 X198=113 X199=364 X200=73 X201=115 X202=200 X203=368 X204=568 X205=341 X206=602 X207=128 X208=274 X209=543 X210=586 X211=23 X212=444 X213=498 X214=11 X215=22 X216=507 X217=589 X218=209 X219=443 X220=46 X221=367 X222=378 X223=95 X224=105 X225=587 X226=398 X227=75 X228=48 X229=245 X230=285 X231=26 X232=136 X233=235 X234=297 X235=445 X236=520 X237=301 X238=616 X239=86 X240=372 X241=612 X242=47 X243=162 X244=165 X245=184 X246=296 X247=441 X248=448 X249=454 
d NODES 285

   totalWckTime=15.079  totalCpuTime=15.054
