
   AbsCon 1.41 (January, 2014) - defaultConfiguration

   
   instance
        framework=CSP  name=Isomorphism-/cluster/gpg/ciaran/sip-benchmarks/benchmarks/si4_rand_r001_600/si4_r001_m600.06/pattern-/cluster/gpg/ciaran/sip-benchmarks/benchmarks/si4_rand_r001_600/si4_r001_m600.06/target
        parameters=/cluster/gpg/ciaran/sip-benchmarks/benchmarks/si4_rand_r001_600/si4_r001_m600.06/pattern,/cluster/gpg/ciaran/sip-benchmarks/benchmarks/si4_rand_r001_600/si4_r001_m600.06/target
      

   loading variables...
        nbVariables=240  nbDomainTypes=1  nbTotalValues=144000  domainSizes=(600:240)
          =>  wckTime=0.257  cpuTime=0.339  mem=10M232

   loading objectives...

   loading constraints...
        nbConstraints=670  nbSpecificConstraints=1  nbExtensionStructures=(1,shared:668)  nbConflictsStructures=(1,shared:668,unbuilt:1)
        degrees=(2:6)(3:13)(4:28)...(11:11)(12:4)(13:1)  arities=(2:669)(240:1)  types=(AllDifferent:1)(ConstraintHardExtensionV-Bits:669)
          =>  wckTime=0.579  cpuTime=0.624  mem=39M491

   INFO : <!-- Start saving the XML representation -->

   INFO : <!-- Stop saving the XML representation of target.xml -->

   Solver SolverBacktrack being built... 
          =>  wckTime=0.96  cpuTime=0.935  mem=45M495

    instantiation X0=588 X1=415 X2=210 X3=73 X4=460 X5=245 X6=169 X7=32 X8=93 X9=320 X10=311 X11=382 X12=113 X13=48 X14=275 X15=70 X16=33 X17=5 X18=219 X19=146 X20=54 X21=451 X22=197 X23=449 X24=380 X25=246 X26=317 X27=341 X28=128 X29=64 X30=512 X31=167 X32=97 X33=447 X34=570 X35=327 X36=489 X37=102 X38=409 X39=322 X40=446 X41=552 X42=84 X43=356 X44=501 X45=269 X46=114 X47=456 X48=338 X49=106 X50=522 X51=455 X52=374 X53=308 X54=328 X55=578 X56=395 X57=558 X58=469 X59=206 X60=229 X61=174 X62=426 X63=238 X64=567 X65=494 X66=17 X67=142 X68=194 X69=9 X70=442 X71=216 X72=213 X73=441 X74=133 X75=81 X76=290 X77=550 X78=140 X79=358 X80=2 X81=420 X82=597 X83=480 X84=368 X85=565 X86=72 X87=202 X88=339 X89=76 X90=150 X91=300 X92=500 X93=239 X94=385 X95=255 X96=119 X97=214 X98=583 X99=585 X100=486 X101=45 X102=564 X103=272 X104=158 X105=326 X106=361 X107=407 X108=347 X109=505 X110=100 X111=75 X112=47 X113=204 X114=37 X115=354 X116=189 X117=49 X118=508 X119=559 X120=61 X121=330 X122=127 X123=299 X124=88 X125=530 X126=421 X127=423 X128=440 X129=181 X130=315 X131=199 X132=319 X133=402 X134=388 X135=510 X136=131 X137=108 X138=394 X139=4 X140=362 X141=509 X142=313 X143=408 X144=172 X145=244 X146=437 X147=511 X148=92 X149=15 X150=309 X151=160 X152=329 X153=393 X154=60 X155=178 X156=499 X157=413 X158=507 X159=121 X160=276 X161=145 X162=355 X163=13 X164=71 X165=525 X166=137 X167=110 X168=363 X169=490 X170=282 X171=182 X172=471 X173=336 X174=475 X175=491 X176=412 X177=259 X178=19 X179=346 X180=497 X181=384 X182=483 X183=492 X184=186 X185=586 X186=187 X187=371 X188=528 X189=506 X190=554 X191=514 X192=211 X193=143 X194=21 X195=478 X196=498 X197=373 X198=278 X199=524 X200=535 X201=253 X202=252 X203=78 X204=18 X205=0 X206=221 X207=369 X208=203 X209=258 X210=94 X211=50 X212=185 X213=562 X214=177 X215=542 X216=243 X217=90 X218=591 X219=529 X220=485 X221=576 X222=147 X223=594 X224=410 X225=572 X226=280 X227=109 X228=27 X229=596 X230=544 X231=453 X232=283 X233=23 X234=351 X235=58 X236=325 X237=139 X238=277 X239=366 

    solution X0=588 X1=415 X2=210 X3=73 X4=460 X5=245 X6=169 X7=32 X8=93 X9=320 X10=311 X11=382 X12=113 X13=48 X14=275 X15=70 X16=33 X17=5 X18=219 X19=146 X20=54 X21=451 X22=197 X23=449 X24=380 X25=246 X26=317 X27=341 X28=128 X29=64 X30=512 X31=167 X32=97 X33=447 X34=570 X35=327 X36=489 X37=102 X38=409 X39=322 X40=446 X41=552 X42=84 X43=356 X44=501 X45=269 X46=114 X47=456 X48=338 X49=106 X50=522 X51=455 X52=374 X53=308 X54=328 X55=578 X56=395 X57=558 X58=469 X59=206 X60=229 X61=174 X62=426 X63=238 X64=567 X65=494 X66=17 X67=142 X68=194 X69=9 X70=442 X71=216 X72=213 X73=441 X74=133 X75=81 X76=290 X77=550 X78=140 X79=358 X80=2 X81=420 X82=597 X83=480 X84=368 X85=565 X86=72 X87=202 X88=339 X89=76 X90=150 X91=300 X92=500 X93=239 X94=385 X95=255 X96=119 X97=214 X98=583 X99=585 X100=486 X101=45 X102=564 X103=272 X104=158 X105=326 X106=361 X107=407 X108=347 X109=505 X110=100 X111=75 X112=47 X113=204 X114=37 X115=354 X116=189 X117=49 X118=508 X119=559 X120=61 X121=330 X122=127 X123=299 X124=88 X125=530 X126=421 X127=423 X128=440 X129=181 X130=315 X131=199 X132=319 X133=402 X134=388 X135=510 X136=131 X137=108 X138=394 X139=4 X140=362 X141=509 X142=313 X143=408 X144=172 X145=244 X146=437 X147=511 X148=92 X149=15 X150=309 X151=160 X152=329 X153=393 X154=60 X155=178 X156=499 X157=413 X158=507 X159=121 X160=276 X161=145 X162=355 X163=13 X164=71 X165=525 X166=137 X167=110 X168=363 X169=490 X170=282 X171=182 X172=471 X173=336 X174=475 X175=491 X176=412 X177=259 X178=19 X179=346 X180=497 X181=384 X182=483 X183=492 X184=186 X185=586 X186=187 X187=371 X188=528 X189=506 X190=554 X191=514 X192=211 X193=143 X194=21 X195=478 X196=498 X197=373 X198=278 X199=524 X200=535 X201=253 X202=252 X203=78 X204=18 X205=0 X206=221 X207=369 X208=203 X209=258 X210=94 X211=50 X212=185 X213=562 X214=177 X215=542 X216=243 X217=90 X218=591 X219=529 X220=485 X221=576 X222=147 X223=594 X224=410 X225=572 X226=280 X227=109 X228=27 X229=596 X230=544 X231=453 X232=283 X233=23 X234=351 X235=58 X236=325 X237=139 X238=277 X239=366 

   
   search
        run=0  nbConstraintChecks=670  depth=(min:0,max:239,avg:1)  nbEffectivePropagations=16  nbRevisions=2813  nbUselessRevisions=2811
        nbAssignments=310  nbFailedAssignments=70  nbBacktracks=0  nbVisitedNodes=381  nbRestartNogoods=0  nbFoundSolutions=1
        upperBound=9223372036854775807
          =>  wckTime=26.482  cpuTime=27.203  mem=208M702

   
   global
        nbConstraintChecks=670  nbEffectivePropagations=16  nbRevisions=2813  nbUselessRevisions=2811  nbRestartNogoods=0  solvingWckTime=26.483
        expiredTime=no  totalExploration=no  nbFoundSolutions=1  firstSolutionCpuTime=27.194  Stop=REACHED_GOAL
          =>  wckTime=27.443  cpuTime=27.204  mem=208M702

s SATISFIABLE
v X0=588 X1=415 X2=210 X3=73 X4=460 X5=245 X6=169 X7=32 X8=93 X9=320 X10=311 X11=382 X12=113 X13=48 X14=275 X15=70 X16=33 X17=5 X18=219 X19=146 X20=54 X21=451 X22=197 X23=449 X24=380 X25=246 X26=317 X27=341 X28=128 X29=64 X30=512 X31=167 X32=97 X33=447 X34=570 X35=327 X36=489 X37=102 X38=409 X39=322 X40=446 X41=552 X42=84 X43=356 X44=501 X45=269 X46=114 X47=456 X48=338 X49=106 X50=522 X51=455 X52=374 X53=308 X54=328 X55=578 X56=395 X57=558 X58=469 X59=206 X60=229 X61=174 X62=426 X63=238 X64=567 X65=494 X66=17 X67=142 X68=194 X69=9 X70=442 X71=216 X72=213 X73=441 X74=133 X75=81 X76=290 X77=550 X78=140 X79=358 X80=2 X81=420 X82=597 X83=480 X84=368 X85=565 X86=72 X87=202 X88=339 X89=76 X90=150 X91=300 X92=500 X93=239 X94=385 X95=255 X96=119 X97=214 X98=583 X99=585 X100=486 X101=45 X102=564 X103=272 X104=158 X105=326 X106=361 X107=407 X108=347 X109=505 X110=100 X111=75 X112=47 X113=204 X114=37 X115=354 X116=189 X117=49 X118=508 X119=559 X120=61 X121=330 X122=127 X123=299 X124=88 X125=530 X126=421 X127=423 X128=440 X129=181 X130=315 X131=199 X132=319 X133=402 X134=388 X135=510 X136=131 X137=108 X138=394 X139=4 X140=362 X141=509 X142=313 X143=408 X144=172 X145=244 X146=437 X147=511 X148=92 X149=15 X150=309 X151=160 X152=329 X153=393 X154=60 X155=178 X156=499 X157=413 X158=507 X159=121 X160=276 X161=145 X162=355 X163=13 X164=71 X165=525 X166=137 X167=110 X168=363 X169=490 X170=282 X171=182 X172=471 X173=336 X174=475 X175=491 X176=412 X177=259 X178=19 X179=346 X180=497 X181=384 X182=483 X183=492 X184=186 X185=586 X186=187 X187=371 X188=528 X189=506 X190=554 X191=514 X192=211 X193=143 X194=21 X195=478 X196=498 X197=373 X198=278 X199=524 X200=535 X201=253 X202=252 X203=78 X204=18 X205=0 X206=221 X207=369 X208=203 X209=258 X210=94 X211=50 X212=185 X213=562 X214=177 X215=542 X216=243 X217=90 X218=591 X219=529 X220=485 X221=576 X222=147 X223=594 X224=410 X225=572 X226=280 X227=109 X228=27 X229=596 X230=544 X231=453 X232=283 X233=23 X234=351 X235=58 X236=325 X237=139 X238=277 X239=366 
d NODES 310

   totalWckTime=27.308  totalCpuTime=27.204
