
   AbsCon 1.41 (January, 2014) - defaultConfiguration

   
   instance
        framework=CSP  name=Isomorphism-/cluster/gpg/ciaran/sip-benchmarks/benchmarks/si4_m4D_m4Dr6_625/si4_m4Dr6_m625.07/pattern-/cluster/gpg/ciaran/sip-benchmarks/benchmarks/si4_m4D_m4Dr6_625/si4_m4Dr6_m625.07/target
        parameters=/cluster/gpg/ciaran/sip-benchmarks/benchmarks/si4_m4D_m4Dr6_625/si4_m4Dr6_m625.07/pattern,/cluster/gpg/ciaran/sip-benchmarks/benchmarks/si4_m4D_m4Dr6_625/si4_m4Dr6_m625.07/target
      

   loading variables...
        nbVariables=250  nbDomainTypes=1  nbTotalValues=156250  domainSizes=(625:250)
          =>  wckTime=0.212  cpuTime=0.321  mem=10M864

   loading objectives...

   loading constraints...
        nbConstraints=537  nbSpecificConstraints=1  nbExtensionStructures=(1,shared:535)  nbConflictsStructures=(1,shared:535,unbuilt:1)
        degrees=(2:17)(3:39)(4:53)...(9:9)(10:6)(12:1)  arities=(2:536)(250:1)  types=(AllDifferent:1)(ConstraintHardExtensionV-Bits:536)
          =>  wckTime=0.45  cpuTime=0.543  mem=29M799

   INFO : <!-- Start saving the XML representation -->

   INFO : <!-- Stop saving the XML representation of target.xml -->

   Solver SolverBacktrack being built... 
          =>  wckTime=0.772  cpuTime=0.83  mem=36M777

    instantiation X0=0 X1=54 X2=68 X3=386 X4=435 X5=500 X6=105 X7=114 X8=396 X9=559 X10=577 X11=613 X12=294 X13=401 X14=439 X15=133 X16=201 X17=208 X18=213 X19=372 X20=414 X21=467 X22=510 X23=241 X24=416 X25=99 X26=120 X27=195 X28=320 X29=349 X30=369 X31=522 X32=100 X33=155 X34=262 X35=454 X36=572 X37=355 X38=436 X39=314 X40=335 X41=418 X42=561 X43=581 X44=598 X45=215 X46=245 X47=383 X48=283 X49=331 X50=543 X51=274 X52=277 X53=297 X54=233 X55=266 X56=270 X57=437 X58=468 X59=302 X60=551 X61=361 X62=90 X63=403 X64=326 X65=470 X66=66 X67=137 X68=564 X69=30 X70=292 X71=63 X72=118 X73=170 X74=246 X75=311 X76=595 X77=410 X78=503 X79=550 X80=4 X81=110 X82=256 X83=299 X84=315 X85=417 X86=183 X87=339 X88=531 X89=187 X90=203 X91=235 X92=290 X93=611 X94=117 X95=319 X96=359 X97=529 X98=37 X99=184 X100=336 X101=374 X102=563 X103=594 X104=515 X105=47 X106=87 X107=103 X108=111 X109=186 X110=384 X111=585 X112=618 X113=102 X114=131 X115=218 X116=382 X117=513 X118=14 X119=425 X120=576 X121=578 X122=592 X123=244 X124=432 X125=441 X126=65 X127=242 X128=304 X129=541 X130=94 X131=126 X132=161 X133=257 X134=119 X135=328 X136=354 X137=587 X138=624 X139=475 X140=478 X141=518 X142=521 X143=182 X144=330 X145=385 X146=448 X147=285 X148=387 X149=73 X150=106 X151=39 X152=390 X153=405 X154=223 X155=32 X156=72 X157=172 X158=251 X159=346 X160=438 X161=505 X162=586 X163=368 X164=491 X165=89 X166=444 X167=76 X168=158 X169=164 X170=301 X171=327 X172=421 X173=488 X174=601 X175=64 X176=95 X177=191 X178=489 X179=51 X180=45 X181=74 X182=140 X183=228 X184=360 X185=88 X186=176 X187=194 X188=281 X189=377 X190=36 X191=1 X192=153 X193=288 X194=312 X195=591 X196=108 X197=138 X198=142 X199=58 X200=104 X201=232 X202=305 X203=309 X204=484 X205=540 X206=174 X207=222 X208=419 X209=101 X210=310 X211=351 X212=343 X213=23 X214=26 X215=190 X216=192 X217=358 X218=409 X219=407 X220=143 X221=412 X222=431 X223=459 X224=156 X225=492 X226=175 X227=180 X228=333 X229=364 X230=395 X231=617 X232=17 X233=59 X234=239 X235=538 X236=616 X237=168 X238=399 X239=462 X240=481 X241=549 X242=558 X243=357 X244=445 X245=40 X246=145 X247=423 X248=477 X249=604 

    solution X0=0 X1=54 X2=68 X3=386 X4=435 X5=500 X6=105 X7=114 X8=396 X9=559 X10=577 X11=613 X12=294 X13=401 X14=439 X15=133 X16=201 X17=208 X18=213 X19=372 X20=414 X21=467 X22=510 X23=241 X24=416 X25=99 X26=120 X27=195 X28=320 X29=349 X30=369 X31=522 X32=100 X33=155 X34=262 X35=454 X36=572 X37=355 X38=436 X39=314 X40=335 X41=418 X42=561 X43=581 X44=598 X45=215 X46=245 X47=383 X48=283 X49=331 X50=543 X51=274 X52=277 X53=297 X54=233 X55=266 X56=270 X57=437 X58=468 X59=302 X60=551 X61=361 X62=90 X63=403 X64=326 X65=470 X66=66 X67=137 X68=564 X69=30 X70=292 X71=63 X72=118 X73=170 X74=246 X75=311 X76=595 X77=410 X78=503 X79=550 X80=4 X81=110 X82=256 X83=299 X84=315 X85=417 X86=183 X87=339 X88=531 X89=187 X90=203 X91=235 X92=290 X93=611 X94=117 X95=319 X96=359 X97=529 X98=37 X99=184 X100=336 X101=374 X102=563 X103=594 X104=515 X105=47 X106=87 X107=103 X108=111 X109=186 X110=384 X111=585 X112=618 X113=102 X114=131 X115=218 X116=382 X117=513 X118=14 X119=425 X120=576 X121=578 X122=592 X123=244 X124=432 X125=441 X126=65 X127=242 X128=304 X129=541 X130=94 X131=126 X132=161 X133=257 X134=119 X135=328 X136=354 X137=587 X138=624 X139=475 X140=478 X141=518 X142=521 X143=182 X144=330 X145=385 X146=448 X147=285 X148=387 X149=73 X150=106 X151=39 X152=390 X153=405 X154=223 X155=32 X156=72 X157=172 X158=251 X159=346 X160=438 X161=505 X162=586 X163=368 X164=491 X165=89 X166=444 X167=76 X168=158 X169=164 X170=301 X171=327 X172=421 X173=488 X174=601 X175=64 X176=95 X177=191 X178=489 X179=51 X180=45 X181=74 X182=140 X183=228 X184=360 X185=88 X186=176 X187=194 X188=281 X189=377 X190=36 X191=1 X192=153 X193=288 X194=312 X195=591 X196=108 X197=138 X198=142 X199=58 X200=104 X201=232 X202=305 X203=309 X204=484 X205=540 X206=174 X207=222 X208=419 X209=101 X210=310 X211=351 X212=343 X213=23 X214=26 X215=190 X216=192 X217=358 X218=409 X219=407 X220=143 X221=412 X222=431 X223=459 X224=156 X225=492 X226=175 X227=180 X228=333 X229=364 X230=395 X231=617 X232=17 X233=59 X234=239 X235=538 X236=616 X237=168 X238=399 X239=462 X240=481 X241=549 X242=558 X243=357 X244=445 X245=40 X246=145 X247=423 X248=477 X249=604 

   
   search
        run=0  nbConstraintChecks=537  depth=(min:0,max:249,avg:1)  nbEffectivePropagations=113  nbRevisions=4794  nbUselessRevisions=4728
        nbAssignments=524  nbFailedAssignments=274  nbBacktracks=0  nbVisitedNodes=799  nbRestartNogoods=0  nbFoundSolutions=1
        upperBound=9223372036854775807
          =>  wckTime=30.597  cpuTime=31.137  mem=137M708

   
   global
        nbConstraintChecks=537  nbEffectivePropagations=113  nbRevisions=4794  nbUselessRevisions=4728  nbRestartNogoods=0  solvingWckTime=30.598
        expiredTime=no  totalExploration=no  nbFoundSolutions=1  firstSolutionCpuTime=31.131  Stop=REACHED_GOAL
          =>  wckTime=31.37  cpuTime=31.137  mem=137M708

s SATISFIABLE
v X0=0 X1=54 X2=68 X3=386 X4=435 X5=500 X6=105 X7=114 X8=396 X9=559 X10=577 X11=613 X12=294 X13=401 X14=439 X15=133 X16=201 X17=208 X18=213 X19=372 X20=414 X21=467 X22=510 X23=241 X24=416 X25=99 X26=120 X27=195 X28=320 X29=349 X30=369 X31=522 X32=100 X33=155 X34=262 X35=454 X36=572 X37=355 X38=436 X39=314 X40=335 X41=418 X42=561 X43=581 X44=598 X45=215 X46=245 X47=383 X48=283 X49=331 X50=543 X51=274 X52=277 X53=297 X54=233 X55=266 X56=270 X57=437 X58=468 X59=302 X60=551 X61=361 X62=90 X63=403 X64=326 X65=470 X66=66 X67=137 X68=564 X69=30 X70=292 X71=63 X72=118 X73=170 X74=246 X75=311 X76=595 X77=410 X78=503 X79=550 X80=4 X81=110 X82=256 X83=299 X84=315 X85=417 X86=183 X87=339 X88=531 X89=187 X90=203 X91=235 X92=290 X93=611 X94=117 X95=319 X96=359 X97=529 X98=37 X99=184 X100=336 X101=374 X102=563 X103=594 X104=515 X105=47 X106=87 X107=103 X108=111 X109=186 X110=384 X111=585 X112=618 X113=102 X114=131 X115=218 X116=382 X117=513 X118=14 X119=425 X120=576 X121=578 X122=592 X123=244 X124=432 X125=441 X126=65 X127=242 X128=304 X129=541 X130=94 X131=126 X132=161 X133=257 X134=119 X135=328 X136=354 X137=587 X138=624 X139=475 X140=478 X141=518 X142=521 X143=182 X144=330 X145=385 X146=448 X147=285 X148=387 X149=73 X150=106 X151=39 X152=390 X153=405 X154=223 X155=32 X156=72 X157=172 X158=251 X159=346 X160=438 X161=505 X162=586 X163=368 X164=491 X165=89 X166=444 X167=76 X168=158 X169=164 X170=301 X171=327 X172=421 X173=488 X174=601 X175=64 X176=95 X177=191 X178=489 X179=51 X180=45 X181=74 X182=140 X183=228 X184=360 X185=88 X186=176 X187=194 X188=281 X189=377 X190=36 X191=1 X192=153 X193=288 X194=312 X195=591 X196=108 X197=138 X198=142 X199=58 X200=104 X201=232 X202=305 X203=309 X204=484 X205=540 X206=174 X207=222 X208=419 X209=101 X210=310 X211=351 X212=343 X213=23 X214=26 X215=190 X216=192 X217=358 X218=409 X219=407 X220=143 X221=412 X222=431 X223=459 X224=156 X225=492 X226=175 X227=180 X228=333 X229=364 X230=395 X231=617 X232=17 X233=59 X234=239 X235=538 X236=616 X237=168 X238=399 X239=462 X240=481 X241=549 X242=558 X243=357 X244=445 X245=40 X246=145 X247=423 X248=477 X249=604 
d NODES 524

   totalWckTime=31.266  totalCpuTime=31.138
