
   AbsCon 1.41 (January, 2014) - defaultConfiguration

   
   instance
        framework=CSP  name=Isomorphism-/cluster/gpg/ciaran/sip-benchmarks/benchmarks/si4_rand_r001_400/si4_r001_m400.06/pattern-/cluster/gpg/ciaran/sip-benchmarks/benchmarks/si4_rand_r001_400/si4_r001_m400.06/target
        parameters=/cluster/gpg/ciaran/sip-benchmarks/benchmarks/si4_rand_r001_400/si4_r001_m400.06/pattern,/cluster/gpg/ciaran/sip-benchmarks/benchmarks/si4_rand_r001_400/si4_r001_m400.06/target
      

   loading variables...
        nbVariables=160  nbDomainTypes=1  nbTotalValues=64000  domainSizes=(400:160)
          =>  wckTime=0.201  cpuTime=0.301  mem=6M325

   loading objectives...

   loading constraints...
        nbConstraints=326  nbSpecificConstraints=1  nbExtensionStructures=(1,shared:324)  nbConflictsStructures=(1,shared:324,unbuilt:1)
        degrees=(2:8)(3:33)(4:33)...(9:6)(10:5)(11:2)  arities=(2:325)(160:1)  types=(AllDifferent:1)(ConstraintHardExtensionV-Bits:325)
          =>  wckTime=0.362  cpuTime=0.454  mem=17M432

   INFO : <!-- Start saving the XML representation -->

   INFO : <!-- Stop saving the XML representation of target.xml -->

   Solver SolverBacktrack being built... 
          =>  wckTime=0.632  cpuTime=0.668  mem=21M440

    instantiation X0=17 X1=79 X2=392 X3=10 X4=271 X5=354 X6=98 X7=309 X8=263 X9=159 X10=124 X11=320 X12=2 X13=40 X14=105 X15=117 X16=340 X17=95 X18=336 X19=166 X20=198 X21=142 X22=209 X23=284 X24=96 X25=396 X26=242 X27=200 X28=35 X29=0 X30=264 X31=91 X32=324 X33=144 X34=176 X35=335 X36=23 X37=139 X38=86 X39=39 X40=68 X41=149 X42=63 X43=245 X44=26 X45=57 X46=210 X47=388 X48=290 X49=45 X50=148 X51=288 X52=65 X53=255 X54=30 X55=238 X56=191 X57=370 X58=268 X59=109 X60=183 X61=111 X62=103 X63=352 X64=349 X65=28 X66=32 X67=211 X68=270 X69=181 X70=283 X71=224 X72=3 X73=184 X74=243 X75=269 X76=179 X77=232 X78=27 X79=170 X80=213 X81=356 X82=44 X83=90 X84=254 X85=314 X86=122 X87=326 X88=281 X89=248 X90=345 X91=344 X92=256 X93=212 X94=126 X95=187 X96=25 X97=321 X98=16 X99=125 X100=59 X101=168 X102=56 X103=221 X104=172 X105=48 X106=291 X107=267 X108=92 X109=199 X110=9 X111=250 X112=18 X113=47 X114=365 X115=219 X116=279 X117=134 X118=22 X119=203 X120=197 X121=42 X122=322 X123=222 X124=258 X125=33 X126=140 X127=130 X128=74 X129=246 X130=66 X131=294 X132=372 X133=104 X134=343 X135=334 X136=133 X137=173 X138=99 X139=146 X140=379 X141=317 X142=150 X143=189 X144=277 X145=251 X146=226 X147=1 X148=276 X149=81 X150=311 X151=193 X152=38 X153=358 X154=247 X155=302 X156=6 X157=304 X158=178 X159=185 

    solution X0=17 X1=79 X2=392 X3=10 X4=271 X5=354 X6=98 X7=309 X8=263 X9=159 X10=124 X11=320 X12=2 X13=40 X14=105 X15=117 X16=340 X17=95 X18=336 X19=166 X20=198 X21=142 X22=209 X23=284 X24=96 X25=396 X26=242 X27=200 X28=35 X29=0 X30=264 X31=91 X32=324 X33=144 X34=176 X35=335 X36=23 X37=139 X38=86 X39=39 X40=68 X41=149 X42=63 X43=245 X44=26 X45=57 X46=210 X47=388 X48=290 X49=45 X50=148 X51=288 X52=65 X53=255 X54=30 X55=238 X56=191 X57=370 X58=268 X59=109 X60=183 X61=111 X62=103 X63=352 X64=349 X65=28 X66=32 X67=211 X68=270 X69=181 X70=283 X71=224 X72=3 X73=184 X74=243 X75=269 X76=179 X77=232 X78=27 X79=170 X80=213 X81=356 X82=44 X83=90 X84=254 X85=314 X86=122 X87=326 X88=281 X89=248 X90=345 X91=344 X92=256 X93=212 X94=126 X95=187 X96=25 X97=321 X98=16 X99=125 X100=59 X101=168 X102=56 X103=221 X104=172 X105=48 X106=291 X107=267 X108=92 X109=199 X110=9 X111=250 X112=18 X113=47 X114=365 X115=219 X116=279 X117=134 X118=22 X119=203 X120=197 X121=42 X122=322 X123=222 X124=258 X125=33 X126=140 X127=130 X128=74 X129=246 X130=66 X131=294 X132=372 X133=104 X134=343 X135=334 X136=133 X137=173 X138=99 X139=146 X140=379 X141=317 X142=150 X143=189 X144=277 X145=251 X146=226 X147=1 X148=276 X149=81 X150=311 X151=193 X152=38 X153=358 X154=247 X155=302 X156=6 X157=304 X158=178 X159=185 

   
   search
        run=0  nbConstraintChecks=326  depth=(min:0,max:159,avg:1)  nbEffectivePropagations=333  nbRevisions=6302  nbUselessRevisions=5989
        nbAssignments=431  nbFailedAssignments=271  nbBacktracks=0  nbVisitedNodes=703  nbRestartNogoods=0  nbFoundSolutions=1
        upperBound=9223372036854775807
          =>  wckTime=13.03  cpuTime=13.623  mem=144M108

   
   global
        nbConstraintChecks=326  nbEffectivePropagations=333  nbRevisions=6302  nbUselessRevisions=5989  nbRestartNogoods=0  solvingWckTime=13.03
        expiredTime=no  totalExploration=no  nbFoundSolutions=1  firstSolutionCpuTime=13.619  Stop=REACHED_GOAL
          =>  wckTime=13.662  cpuTime=13.623  mem=144M108

s SATISFIABLE
v X0=17 X1=79 X2=392 X3=10 X4=271 X5=354 X6=98 X7=309 X8=263 X9=159 X10=124 X11=320 X12=2 X13=40 X14=105 X15=117 X16=340 X17=95 X18=336 X19=166 X20=198 X21=142 X22=209 X23=284 X24=96 X25=396 X26=242 X27=200 X28=35 X29=0 X30=264 X31=91 X32=324 X33=144 X34=176 X35=335 X36=23 X37=139 X38=86 X39=39 X40=68 X41=149 X42=63 X43=245 X44=26 X45=57 X46=210 X47=388 X48=290 X49=45 X50=148 X51=288 X52=65 X53=255 X54=30 X55=238 X56=191 X57=370 X58=268 X59=109 X60=183 X61=111 X62=103 X63=352 X64=349 X65=28 X66=32 X67=211 X68=270 X69=181 X70=283 X71=224 X72=3 X73=184 X74=243 X75=269 X76=179 X77=232 X78=27 X79=170 X80=213 X81=356 X82=44 X83=90 X84=254 X85=314 X86=122 X87=326 X88=281 X89=248 X90=345 X91=344 X92=256 X93=212 X94=126 X95=187 X96=25 X97=321 X98=16 X99=125 X100=59 X101=168 X102=56 X103=221 X104=172 X105=48 X106=291 X107=267 X108=92 X109=199 X110=9 X111=250 X112=18 X113=47 X114=365 X115=219 X116=279 X117=134 X118=22 X119=203 X120=197 X121=42 X122=322 X123=222 X124=258 X125=33 X126=140 X127=130 X128=74 X129=246 X130=66 X131=294 X132=372 X133=104 X134=343 X135=334 X136=133 X137=173 X138=99 X139=146 X140=379 X141=317 X142=150 X143=189 X144=277 X145=251 X146=226 X147=1 X148=276 X149=81 X150=311 X151=193 X152=38 X153=358 X154=247 X155=302 X156=6 X157=304 X158=178 X159=185 
d NODES 431

   totalWckTime=13.559  totalCpuTime=13.624
