
   AbsCon 1.41 (January, 2014) - defaultConfiguration

   
   instance
        framework=CSP  name=Isomorphism-/cluster/gpg/ciaran/sip-benchmarks/benchmarks/si4_m4D_m4Dr2_625/si4_m4Dr2_m625.00/pattern-/cluster/gpg/ciaran/sip-benchmarks/benchmarks/si4_m4D_m4Dr2_625/si4_m4Dr2_m625.00/target
        parameters=/cluster/gpg/ciaran/sip-benchmarks/benchmarks/si4_m4D_m4Dr2_625/si4_m4Dr2_m625.00/pattern,/cluster/gpg/ciaran/sip-benchmarks/benchmarks/si4_m4D_m4Dr2_625/si4_m4Dr2_m625.00/target
      

   loading variables...
        nbVariables=250  nbDomainTypes=1  nbTotalValues=156250  domainSizes=(625:250)
          =>  wckTime=0.224  cpuTime=0.335  mem=10M938

   loading objectives...

   loading constraints...
        nbConstraints=540  nbSpecificConstraints=1  nbExtensionStructures=(1,shared:538)  nbConflictsStructures=(1,shared:538,unbuilt:1)
        degrees=(2:25)(3:42)(4:40)...(9:15)(10:3)(11:2)  arities=(2:539)(250:1)  types=(AllDifferent:1)(ConstraintHardExtensionV-Bits:539)
          =>  wckTime=0.447  cpuTime=0.549  mem=30M936

   INFO : <!-- Start saving the XML representation -->

   INFO : <!-- Stop saving the XML representation of target.xml -->

   Solver SolverBacktrack being built... 
          =>  wckTime=0.779  cpuTime=0.837  mem=38M319

    instantiation X0=0 X1=87 X2=145 X3=156 X4=361 X5=380 X6=417 X7=598 X8=64 X9=242 X10=364 X11=464 X12=532 X13=608 X14=30 X15=396 X16=432 X17=603 X18=604 X19=19 X20=133 X21=199 X22=296 X23=543 X24=596 X25=147 X26=420 X27=451 X28=574 X29=5 X30=11 X31=40 X32=222 X33=502 X34=518 X35=92 X36=103 X37=277 X38=450 X39=524 X40=149 X41=162 X42=166 X43=369 X44=558 X45=590 X46=91 X47=125 X48=45 X49=521 X50=560 X51=139 X52=191 X53=326 X54=93 X55=140 X56=225 X57=251 X58=297 X59=445 X60=494 X61=557 X62=575 X63=616 X64=89 X65=102 X66=387 X67=357 X68=457 X69=622 X70=120 X71=403 X72=349 X73=352 X74=107 X75=255 X76=443 X77=1 X78=86 X79=169 X80=385 X81=623 X82=136 X83=492 X84=594 X85=84 X86=200 X87=624 X88=179 X89=247 X90=256 X91=261 X92=292 X93=582 X94=154 X95=351 X96=405 X97=101 X98=168 X99=185 X100=439 X101=614 X102=192 X103=269 X104=69 X105=301 X106=567 X107=578 X108=208 X109=284 X110=336 X111=546 X112=572 X113=392 X114=17 X115=97 X116=116 X117=341 X118=491 X119=400 X120=441 X121=6 X122=331 X123=337 X124=541 X125=110 X126=127 X127=245 X128=510 X129=138 X130=345 X131=372 X132=204 X133=534 X134=15 X135=39 X136=143 X137=431 X138=438 X139=563 X140=22 X141=409 X142=503 X143=44 X144=434 X145=523 X146=617 X147=240 X148=346 X149=595 X150=227 X151=88 X152=386 X153=430 X154=496 X155=478 X156=28 X157=211 X158=489 X159=579 X160=26 X161=105 X162=188 X163=307 X164=312 X165=321 X166=544 X167=174 X168=294 X169=586 X170=184 X171=539 X172=481 X173=592 X174=479 X175=354 X176=564 X177=621 X178=126 X179=383 X180=104 X181=362 X182=173 X183=286 X184=61 X185=458 X186=497 X187=275 X188=526 X189=33 X190=159 X191=348 X192=412 X193=460 X194=7 X195=24 X196=314 X197=588 X198=122 X199=542 X200=144 X201=350 X202=281 X203=584 X204=272 X205=468 X206=63 X207=459 X208=224 X209=329 X210=371 X211=456 X212=520 X213=394 X214=289 X215=29 X216=194 X217=324 X218=206 X219=344 X220=533 X221=476 X222=547 X223=202 X224=230 X225=327 X226=559 X227=465 X228=12 X229=85 X230=109 X231=172 X232=178 X233=274 X234=509 X235=535 X236=96 X237=487 X238=599 X239=308 X240=401 X241=311 X242=597 X243=605 X244=302 X245=382 X246=124 X247=328 X248=310 X249=73 

    solution X0=0 X1=87 X2=145 X3=156 X4=361 X5=380 X6=417 X7=598 X8=64 X9=242 X10=364 X11=464 X12=532 X13=608 X14=30 X15=396 X16=432 X17=603 X18=604 X19=19 X20=133 X21=199 X22=296 X23=543 X24=596 X25=147 X26=420 X27=451 X28=574 X29=5 X30=11 X31=40 X32=222 X33=502 X34=518 X35=92 X36=103 X37=277 X38=450 X39=524 X40=149 X41=162 X42=166 X43=369 X44=558 X45=590 X46=91 X47=125 X48=45 X49=521 X50=560 X51=139 X52=191 X53=326 X54=93 X55=140 X56=225 X57=251 X58=297 X59=445 X60=494 X61=557 X62=575 X63=616 X64=89 X65=102 X66=387 X67=357 X68=457 X69=622 X70=120 X71=403 X72=349 X73=352 X74=107 X75=255 X76=443 X77=1 X78=86 X79=169 X80=385 X81=623 X82=136 X83=492 X84=594 X85=84 X86=200 X87=624 X88=179 X89=247 X90=256 X91=261 X92=292 X93=582 X94=154 X95=351 X96=405 X97=101 X98=168 X99=185 X100=439 X101=614 X102=192 X103=269 X104=69 X105=301 X106=567 X107=578 X108=208 X109=284 X110=336 X111=546 X112=572 X113=392 X114=17 X115=97 X116=116 X117=341 X118=491 X119=400 X120=441 X121=6 X122=331 X123=337 X124=541 X125=110 X126=127 X127=245 X128=510 X129=138 X130=345 X131=372 X132=204 X133=534 X134=15 X135=39 X136=143 X137=431 X138=438 X139=563 X140=22 X141=409 X142=503 X143=44 X144=434 X145=523 X146=617 X147=240 X148=346 X149=595 X150=227 X151=88 X152=386 X153=430 X154=496 X155=478 X156=28 X157=211 X158=489 X159=579 X160=26 X161=105 X162=188 X163=307 X164=312 X165=321 X166=544 X167=174 X168=294 X169=586 X170=184 X171=539 X172=481 X173=592 X174=479 X175=354 X176=564 X177=621 X178=126 X179=383 X180=104 X181=362 X182=173 X183=286 X184=61 X185=458 X186=497 X187=275 X188=526 X189=33 X190=159 X191=348 X192=412 X193=460 X194=7 X195=24 X196=314 X197=588 X198=122 X199=542 X200=144 X201=350 X202=281 X203=584 X204=272 X205=468 X206=63 X207=459 X208=224 X209=329 X210=371 X211=456 X212=520 X213=394 X214=289 X215=29 X216=194 X217=324 X218=206 X219=344 X220=533 X221=476 X222=547 X223=202 X224=230 X225=327 X226=559 X227=465 X228=12 X229=85 X230=109 X231=172 X232=178 X233=274 X234=509 X235=535 X236=96 X237=487 X238=599 X239=308 X240=401 X241=311 X242=597 X243=605 X244=302 X245=382 X246=124 X247=328 X248=310 X249=73 

   
   search
        run=0  nbConstraintChecks=540  depth=(min:0,max:249,avg:1)  nbEffectivePropagations=1479  nbRevisions=13547  nbUselessRevisions=12162
        nbAssignments=752  nbFailedAssignments=502  nbBacktracks=0  nbVisitedNodes=1255  nbRestartNogoods=0  nbFoundSolutions=1
        upperBound=9223372036854775807
          =>  wckTime=21.045  cpuTime=21.601  mem=358M783

   
   global
        nbConstraintChecks=540  nbEffectivePropagations=1479  nbRevisions=13547  nbUselessRevisions=12162  nbRestartNogoods=0
        solvingWckTime=21.045  expiredTime=no  totalExploration=no  nbFoundSolutions=1  firstSolutionCpuTime=21.596  Stop=REACHED_GOAL
          =>  wckTime=21.824  cpuTime=21.601  mem=358M783

s SATISFIABLE
v X0=0 X1=87 X2=145 X3=156 X4=361 X5=380 X6=417 X7=598 X8=64 X9=242 X10=364 X11=464 X12=532 X13=608 X14=30 X15=396 X16=432 X17=603 X18=604 X19=19 X20=133 X21=199 X22=296 X23=543 X24=596 X25=147 X26=420 X27=451 X28=574 X29=5 X30=11 X31=40 X32=222 X33=502 X34=518 X35=92 X36=103 X37=277 X38=450 X39=524 X40=149 X41=162 X42=166 X43=369 X44=558 X45=590 X46=91 X47=125 X48=45 X49=521 X50=560 X51=139 X52=191 X53=326 X54=93 X55=140 X56=225 X57=251 X58=297 X59=445 X60=494 X61=557 X62=575 X63=616 X64=89 X65=102 X66=387 X67=357 X68=457 X69=622 X70=120 X71=403 X72=349 X73=352 X74=107 X75=255 X76=443 X77=1 X78=86 X79=169 X80=385 X81=623 X82=136 X83=492 X84=594 X85=84 X86=200 X87=624 X88=179 X89=247 X90=256 X91=261 X92=292 X93=582 X94=154 X95=351 X96=405 X97=101 X98=168 X99=185 X100=439 X101=614 X102=192 X103=269 X104=69 X105=301 X106=567 X107=578 X108=208 X109=284 X110=336 X111=546 X112=572 X113=392 X114=17 X115=97 X116=116 X117=341 X118=491 X119=400 X120=441 X121=6 X122=331 X123=337 X124=541 X125=110 X126=127 X127=245 X128=510 X129=138 X130=345 X131=372 X132=204 X133=534 X134=15 X135=39 X136=143 X137=431 X138=438 X139=563 X140=22 X141=409 X142=503 X143=44 X144=434 X145=523 X146=617 X147=240 X148=346 X149=595 X150=227 X151=88 X152=386 X153=430 X154=496 X155=478 X156=28 X157=211 X158=489 X159=579 X160=26 X161=105 X162=188 X163=307 X164=312 X165=321 X166=544 X167=174 X168=294 X169=586 X170=184 X171=539 X172=481 X173=592 X174=479 X175=354 X176=564 X177=621 X178=126 X179=383 X180=104 X181=362 X182=173 X183=286 X184=61 X185=458 X186=497 X187=275 X188=526 X189=33 X190=159 X191=348 X192=412 X193=460 X194=7 X195=24 X196=314 X197=588 X198=122 X199=542 X200=144 X201=350 X202=281 X203=584 X204=272 X205=468 X206=63 X207=459 X208=224 X209=329 X210=371 X211=456 X212=520 X213=394 X214=289 X215=29 X216=194 X217=324 X218=206 X219=344 X220=533 X221=476 X222=547 X223=202 X224=230 X225=327 X226=559 X227=465 X228=12 X229=85 X230=109 X231=172 X232=178 X233=274 X234=509 X235=535 X236=96 X237=487 X238=599 X239=308 X240=401 X241=311 X242=597 X243=605 X244=302 X245=382 X246=124 X247=328 X248=310 X249=73 
d NODES 752

   totalWckTime=21.718  totalCpuTime=21.602
