
   AbsCon 1.41 (January, 2014) - defaultConfiguration

   
   instance
        framework=CSP  name=Isomorphism-/cluster/gpg/ciaran/sip-benchmarks/benchmarks/si4_m4D_m4Dr2_625/si4_m4Dr2_m625.06/pattern-/cluster/gpg/ciaran/sip-benchmarks/benchmarks/si4_m4D_m4Dr2_625/si4_m4Dr2_m625.06/target
        parameters=/cluster/gpg/ciaran/sip-benchmarks/benchmarks/si4_m4D_m4Dr2_625/si4_m4Dr2_m625.06/pattern,/cluster/gpg/ciaran/sip-benchmarks/benchmarks/si4_m4D_m4Dr2_625/si4_m4Dr2_m625.06/target
      

   loading variables...
        nbVariables=250  nbDomainTypes=1  nbTotalValues=156250  domainSizes=(625:250)
          =>  wckTime=0.239  cpuTime=0.342  mem=11M244

   loading objectives...

   loading constraints...
        nbConstraints=534  nbSpecificConstraints=1  nbExtensionStructures=(1,shared:532)  nbConflictsStructures=(1,shared:532,unbuilt:1)
        degrees=(2:32)(3:38)(4:43)...(9:20)(10:2)(11:1)  arities=(2:533)(250:1)  types=(AllDifferent:1)(ConstraintHardExtensionV-Bits:533)
          =>  wckTime=0.469  cpuTime=0.561  mem=29M336

   INFO : <!-- Start saving the XML representation -->

   INFO : <!-- Stop saving the XML representation of target.xml -->

   Solver SolverBacktrack being built... 
          =>  wckTime=0.807  cpuTime=0.866  mem=36M813

    instantiation X0=0 X1=119 X2=234 X3=251 X4=287 X5=338 X6=537 X7=609 X8=31 X9=46 X10=166 X11=333 X12=513 X13=615 X14=82 X15=184 X16=425 X17=434 X18=613 X19=72 X20=225 X21=358 X22=520 X23=312 X24=416 X25=510 X26=568 X27=60 X28=215 X29=413 X30=264 X31=502 X32=22 X33=63 X34=1 X35=38 X36=204 X37=604 X38=112 X39=125 X40=232 X41=384 X42=6 X43=337 X44=492 X45=518 X46=357 X47=464 X48=622 X49=624 X50=277 X51=210 X52=177 X53=228 X54=275 X55=282 X56=385 X57=503 X58=536 X59=84 X60=487 X61=564 X62=218 X63=458 X64=511 X65=289 X66=73 X67=482 X68=563 X69=113 X70=558 X71=598 X72=123 X73=252 X74=268 X75=342 X76=295 X77=442 X78=455 X79=136 X80=213 X81=310 X82=466 X83=545 X84=583 X85=200 X86=80 X87=45 X88=248 X89=320 X90=330 X91=589 X92=369 X93=405 X94=57 X95=129 X96=219 X97=236 X98=456 X99=590 X100=121 X101=180 X102=299 X103=433 X104=539 X105=20 X106=93 X107=241 X108=500 X109=147 X110=311 X111=269 X112=484 X113=94 X114=135 X115=350 X116=424 X117=538 X118=548 X119=7 X120=245 X121=284 X122=469 X123=226 X124=560 X125=116 X126=134 X127=212 X128=532 X129=127 X130=174 X131=617 X132=619 X133=263 X134=307 X135=506 X136=86 X137=89 X138=172 X139=298 X140=348 X141=32 X142=217 X143=329 X144=376 X145=445 X146=531 X147=118 X148=16 X149=18 X150=165 X151=261 X152=8 X153=288 X154=292 X155=463 X156=546 X157=316 X158=344 X159=417 X160=75 X161=471 X162=146 X163=432 X164=235 X165=326 X166=399 X167=101 X168=189 X169=594 X170=39 X171=188 X172=470 X173=437 X174=10 X175=11 X176=44 X177=396 X178=13 X179=21 X180=517 X181=103 X182=566 X183=157 X184=340 X185=441 X186=480 X187=618 X188=28 X189=398 X190=243 X191=296 X192=459 X193=163 X194=378 X195=588 X196=603 X197=431 X198=349 X199=436 X200=522 X201=579 X202=155 X203=242 X204=258 X205=297 X206=301 X207=571 X208=40 X209=203 X210=238 X211=534 X212=616 X213=272 X214=447 X215=519 X216=587 X217=198 X218=569 X219=109 X220=450 X221=582 X222=71 X223=88 X224=140 X225=462 X226=56 X227=96 X228=315 X229=490 X230=512 X231=525 X232=294 X233=308 X234=230 X235=372 X236=415 X237=265 X238=201 X239=339 X240=402 X241=408 X242=467 X243=95 X244=214 X245=533 X246=327 X247=366 X248=412 X249=271 

    solution X0=0 X1=119 X2=234 X3=251 X4=287 X5=338 X6=537 X7=609 X8=31 X9=46 X10=166 X11=333 X12=513 X13=615 X14=82 X15=184 X16=425 X17=434 X18=613 X19=72 X20=225 X21=358 X22=520 X23=312 X24=416 X25=510 X26=568 X27=60 X28=215 X29=413 X30=264 X31=502 X32=22 X33=63 X34=1 X35=38 X36=204 X37=604 X38=112 X39=125 X40=232 X41=384 X42=6 X43=337 X44=492 X45=518 X46=357 X47=464 X48=622 X49=624 X50=277 X51=210 X52=177 X53=228 X54=275 X55=282 X56=385 X57=503 X58=536 X59=84 X60=487 X61=564 X62=218 X63=458 X64=511 X65=289 X66=73 X67=482 X68=563 X69=113 X70=558 X71=598 X72=123 X73=252 X74=268 X75=342 X76=295 X77=442 X78=455 X79=136 X80=213 X81=310 X82=466 X83=545 X84=583 X85=200 X86=80 X87=45 X88=248 X89=320 X90=330 X91=589 X92=369 X93=405 X94=57 X95=129 X96=219 X97=236 X98=456 X99=590 X100=121 X101=180 X102=299 X103=433 X104=539 X105=20 X106=93 X107=241 X108=500 X109=147 X110=311 X111=269 X112=484 X113=94 X114=135 X115=350 X116=424 X117=538 X118=548 X119=7 X120=245 X121=284 X122=469 X123=226 X124=560 X125=116 X126=134 X127=212 X128=532 X129=127 X130=174 X131=617 X132=619 X133=263 X134=307 X135=506 X136=86 X137=89 X138=172 X139=298 X140=348 X141=32 X142=217 X143=329 X144=376 X145=445 X146=531 X147=118 X148=16 X149=18 X150=165 X151=261 X152=8 X153=288 X154=292 X155=463 X156=546 X157=316 X158=344 X159=417 X160=75 X161=471 X162=146 X163=432 X164=235 X165=326 X166=399 X167=101 X168=189 X169=594 X170=39 X171=188 X172=470 X173=437 X174=10 X175=11 X176=44 X177=396 X178=13 X179=21 X180=517 X181=103 X182=566 X183=157 X184=340 X185=441 X186=480 X187=618 X188=28 X189=398 X190=243 X191=296 X192=459 X193=163 X194=378 X195=588 X196=603 X197=431 X198=349 X199=436 X200=522 X201=579 X202=155 X203=242 X204=258 X205=297 X206=301 X207=571 X208=40 X209=203 X210=238 X211=534 X212=616 X213=272 X214=447 X215=519 X216=587 X217=198 X218=569 X219=109 X220=450 X221=582 X222=71 X223=88 X224=140 X225=462 X226=56 X227=96 X228=315 X229=490 X230=512 X231=525 X232=294 X233=308 X234=230 X235=372 X236=415 X237=265 X238=201 X239=339 X240=402 X241=408 X242=467 X243=95 X244=214 X245=533 X246=327 X247=366 X248=412 X249=271 

   
   search
        run=0  nbConstraintChecks=534  depth=(min:0,max:249,avg:1)  nbEffectivePropagations=1603  nbRevisions=13342  nbUselessRevisions=11843
        nbAssignments=768  nbFailedAssignments=518  nbBacktracks=0  nbVisitedNodes=1287  nbRestartNogoods=0  nbFoundSolutions=1
        upperBound=9223372036854775807
          =>  wckTime=23.95  cpuTime=24.506  mem=168M777

   
   global
        nbConstraintChecks=534  nbEffectivePropagations=1603  nbRevisions=13342  nbUselessRevisions=11843  nbRestartNogoods=0
        solvingWckTime=23.951  expiredTime=no  totalExploration=no  nbFoundSolutions=1  firstSolutionCpuTime=24.499  Stop=REACHED_GOAL
          =>  wckTime=24.758  cpuTime=24.506  mem=168M777

s SATISFIABLE
v X0=0 X1=119 X2=234 X3=251 X4=287 X5=338 X6=537 X7=609 X8=31 X9=46 X10=166 X11=333 X12=513 X13=615 X14=82 X15=184 X16=425 X17=434 X18=613 X19=72 X20=225 X21=358 X22=520 X23=312 X24=416 X25=510 X26=568 X27=60 X28=215 X29=413 X30=264 X31=502 X32=22 X33=63 X34=1 X35=38 X36=204 X37=604 X38=112 X39=125 X40=232 X41=384 X42=6 X43=337 X44=492 X45=518 X46=357 X47=464 X48=622 X49=624 X50=277 X51=210 X52=177 X53=228 X54=275 X55=282 X56=385 X57=503 X58=536 X59=84 X60=487 X61=564 X62=218 X63=458 X64=511 X65=289 X66=73 X67=482 X68=563 X69=113 X70=558 X71=598 X72=123 X73=252 X74=268 X75=342 X76=295 X77=442 X78=455 X79=136 X80=213 X81=310 X82=466 X83=545 X84=583 X85=200 X86=80 X87=45 X88=248 X89=320 X90=330 X91=589 X92=369 X93=405 X94=57 X95=129 X96=219 X97=236 X98=456 X99=590 X100=121 X101=180 X102=299 X103=433 X104=539 X105=20 X106=93 X107=241 X108=500 X109=147 X110=311 X111=269 X112=484 X113=94 X114=135 X115=350 X116=424 X117=538 X118=548 X119=7 X120=245 X121=284 X122=469 X123=226 X124=560 X125=116 X126=134 X127=212 X128=532 X129=127 X130=174 X131=617 X132=619 X133=263 X134=307 X135=506 X136=86 X137=89 X138=172 X139=298 X140=348 X141=32 X142=217 X143=329 X144=376 X145=445 X146=531 X147=118 X148=16 X149=18 X150=165 X151=261 X152=8 X153=288 X154=292 X155=463 X156=546 X157=316 X158=344 X159=417 X160=75 X161=471 X162=146 X163=432 X164=235 X165=326 X166=399 X167=101 X168=189 X169=594 X170=39 X171=188 X172=470 X173=437 X174=10 X175=11 X176=44 X177=396 X178=13 X179=21 X180=517 X181=103 X182=566 X183=157 X184=340 X185=441 X186=480 X187=618 X188=28 X189=398 X190=243 X191=296 X192=459 X193=163 X194=378 X195=588 X196=603 X197=431 X198=349 X199=436 X200=522 X201=579 X202=155 X203=242 X204=258 X205=297 X206=301 X207=571 X208=40 X209=203 X210=238 X211=534 X212=616 X213=272 X214=447 X215=519 X216=587 X217=198 X218=569 X219=109 X220=450 X221=582 X222=71 X223=88 X224=140 X225=462 X226=56 X227=96 X228=315 X229=490 X230=512 X231=525 X232=294 X233=308 X234=230 X235=372 X236=415 X237=265 X238=201 X239=339 X240=402 X241=408 X242=467 X243=95 X244=214 X245=533 X246=327 X247=366 X248=412 X249=271 
d NODES 768

   totalWckTime=24.629  totalCpuTime=24.507
