
   AbsCon 1.41 (January, 2014) - defaultConfiguration

   
   instance
        framework=CSP  name=Isomorphism-/cluster/gpg/ciaran/sip-benchmarks/benchmarks/si4_rand_r01_400/si4_r01_m400.05/pattern-/cluster/gpg/ciaran/sip-benchmarks/benchmarks/si4_rand_r01_400/si4_r01_m400.05/target
        parameters=/cluster/gpg/ciaran/sip-benchmarks/benchmarks/si4_rand_r01_400/si4_r01_m400.05/pattern,/cluster/gpg/ciaran/sip-benchmarks/benchmarks/si4_rand_r01_400/si4_r01_m400.05/target
      

   loading variables...
        nbVariables=160  nbDomainTypes=1  nbTotalValues=64000  domainSizes=(400:160)
          =>  wckTime=0.215  cpuTime=0.331  mem=8M909

   loading objectives...

   loading constraints...
        nbConstraints=2423  nbSpecificConstraints=1  nbExtensionStructures=(1,shared:2421)  nbConflictsStructures=(1,shared:2421,unbuilt:1)
        degrees=(20:1)(21:1)(22:1)...(42:7)(45:2)(48:1)  arities=(2:2422)(160:1)  types=(AllDifferent:1)(ConstraintHardExtensionV-Bits:2422)
          =>  wckTime=2.797  cpuTime=2.851  mem=60M261

   INFO : <!-- Start saving the XML representation -->

   INFO : <!-- Stop saving the XML representation of target.xml -->

   Solver SolverBacktrack being built... 
          =>  wckTime=3.126  cpuTime=3.149  mem=97M630

    instantiation X0=171 X1=392 X2=203 X3=383 X4=299 X5=1 X6=393 X7=45 X8=287 X9=22 X10=138 X11=384 X12=386 X13=325 X14=16 X15=192 X16=307 X17=340 X18=124 X19=38 X20=378 X21=328 X22=89 X23=300 X24=205 X25=230 X26=217 X27=156 X28=113 X29=312 X30=118 X31=175 X32=262 X33=283 X34=238 X35=55 X36=81 X37=246 X38=6 X39=177 X40=304 X41=272 X42=220 X43=39 X44=186 X45=339 X46=385 X47=178 X48=159 X49=28 X50=209 X51=361 X52=316 X53=35 X54=26 X55=240 X56=114 X57=260 X58=398 X59=311 X60=142 X61=259 X62=173 X63=273 X64=195 X65=210 X66=293 X67=46 X68=219 X69=145 X70=288 X71=147 X72=100 X73=231 X74=235 X75=332 X76=8 X77=77 X78=337 X79=82 X80=279 X81=354 X82=330 X83=323 X84=96 X85=25 X86=10 X87=286 X88=15 X89=263 X90=153 X91=358 X92=232 X93=292 X94=52 X95=198 X96=129 X97=296 X98=179 X99=244 X100=189 X101=33 X102=255 X103=310 X104=290 X105=351 X106=104 X107=374 X108=27 X109=341 X110=211 X111=127 X112=366 X113=365 X114=254 X115=359 X116=13 X117=377 X118=364 X119=349 X120=50 X121=40 X122=141 X123=389 X124=275 X125=102 X126=184 X127=331 X128=132 X129=214 X130=233 X131=350 X132=157 X133=168 X134=98 X135=86 X136=226 X137=181 X138=282 X139=29 X140=74 X141=125 X142=32 X143=343 X144=379 X145=242 X146=139 X147=355 X148=56 X149=390 X150=245 X151=308 X152=387 X153=62 X154=172 X155=266 X156=103 X157=338 X158=60 X159=76 

    solution X0=171 X1=392 X2=203 X3=383 X4=299 X5=1 X6=393 X7=45 X8=287 X9=22 X10=138 X11=384 X12=386 X13=325 X14=16 X15=192 X16=307 X17=340 X18=124 X19=38 X20=378 X21=328 X22=89 X23=300 X24=205 X25=230 X26=217 X27=156 X28=113 X29=312 X30=118 X31=175 X32=262 X33=283 X34=238 X35=55 X36=81 X37=246 X38=6 X39=177 X40=304 X41=272 X42=220 X43=39 X44=186 X45=339 X46=385 X47=178 X48=159 X49=28 X50=209 X51=361 X52=316 X53=35 X54=26 X55=240 X56=114 X57=260 X58=398 X59=311 X60=142 X61=259 X62=173 X63=273 X64=195 X65=210 X66=293 X67=46 X68=219 X69=145 X70=288 X71=147 X72=100 X73=231 X74=235 X75=332 X76=8 X77=77 X78=337 X79=82 X80=279 X81=354 X82=330 X83=323 X84=96 X85=25 X86=10 X87=286 X88=15 X89=263 X90=153 X91=358 X92=232 X93=292 X94=52 X95=198 X96=129 X97=296 X98=179 X99=244 X100=189 X101=33 X102=255 X103=310 X104=290 X105=351 X106=104 X107=374 X108=27 X109=341 X110=211 X111=127 X112=366 X113=365 X114=254 X115=359 X116=13 X117=377 X118=364 X119=349 X120=50 X121=40 X122=141 X123=389 X124=275 X125=102 X126=184 X127=331 X128=132 X129=214 X130=233 X131=350 X132=157 X133=168 X134=98 X135=86 X136=226 X137=181 X138=282 X139=29 X140=74 X141=125 X142=32 X143=343 X144=379 X145=242 X146=139 X147=355 X148=56 X149=390 X150=245 X151=308 X152=387 X153=62 X154=172 X155=266 X156=103 X157=338 X158=60 X159=76 

   
   search
        run=0  nbConstraintChecks=2423  depth=(min:0,max:159,avg:3)  nbEffectivePropagations=31290771  nbRevisions=574704580
        nbUselessRevisions=551707500  nbAssignments=290420  nbFailedAssignments=261030  nbBacktracks=29230  nbVisitedNodes=573031
        nbRestartNogoods=0  nbFoundSolutions=1  upperBound=9223372036854775807
          =>  wckTime=55596.005  cpuTime=55196.337  mem=68M206

   
   global
        nbConstraintChecks=2423  nbEffectivePropagations=31290771  nbRevisions=574704580  nbUselessRevisions=551707500  nbRestartNogoods=0
        solvingWckTime=55596.005  expiredTime=no  totalExploration=no  nbFoundSolutions=1  firstSolutionCpuTime=55196.331  Stop=REACHED_GOAL
          =>  wckTime=55599.131  cpuTime=55196.337  mem=68M206

s SATISFIABLE
v X0=171 X1=392 X2=203 X3=383 X4=299 X5=1 X6=393 X7=45 X8=287 X9=22 X10=138 X11=384 X12=386 X13=325 X14=16 X15=192 X16=307 X17=340 X18=124 X19=38 X20=378 X21=328 X22=89 X23=300 X24=205 X25=230 X26=217 X27=156 X28=113 X29=312 X30=118 X31=175 X32=262 X33=283 X34=238 X35=55 X36=81 X37=246 X38=6 X39=177 X40=304 X41=272 X42=220 X43=39 X44=186 X45=339 X46=385 X47=178 X48=159 X49=28 X50=209 X51=361 X52=316 X53=35 X54=26 X55=240 X56=114 X57=260 X58=398 X59=311 X60=142 X61=259 X62=173 X63=273 X64=195 X65=210 X66=293 X67=46 X68=219 X69=145 X70=288 X71=147 X72=100 X73=231 X74=235 X75=332 X76=8 X77=77 X78=337 X79=82 X80=279 X81=354 X82=330 X83=323 X84=96 X85=25 X86=10 X87=286 X88=15 X89=263 X90=153 X91=358 X92=232 X93=292 X94=52 X95=198 X96=129 X97=296 X98=179 X99=244 X100=189 X101=33 X102=255 X103=310 X104=290 X105=351 X106=104 X107=374 X108=27 X109=341 X110=211 X111=127 X112=366 X113=365 X114=254 X115=359 X116=13 X117=377 X118=364 X119=349 X120=50 X121=40 X122=141 X123=389 X124=275 X125=102 X126=184 X127=331 X128=132 X129=214 X130=233 X131=350 X132=157 X133=168 X134=98 X135=86 X136=226 X137=181 X138=282 X139=29 X140=74 X141=125 X142=32 X143=343 X144=379 X145=242 X146=139 X147=355 X148=56 X149=390 X150=245 X151=308 X152=387 X153=62 X154=172 X155=266 X156=103 X157=338 X158=60 X159=76 
d NODES 290420

   totalWckTime=55599.038  totalCpuTime=55196.338
