
   AbsCon 1.41 (January, 2014) - defaultConfiguration

   
   instance
        framework=CSP  name=Isomorphism-/cluster/gpg/ciaran/sip-benchmarks/benchmarks/si4_rand_r01_400/si4_r01_m400.09/pattern-/cluster/gpg/ciaran/sip-benchmarks/benchmarks/si4_rand_r01_400/si4_r01_m400.09/target
        parameters=/cluster/gpg/ciaran/sip-benchmarks/benchmarks/si4_rand_r01_400/si4_r01_m400.09/pattern,/cluster/gpg/ciaran/sip-benchmarks/benchmarks/si4_rand_r01_400/si4_r01_m400.09/target
      

   loading variables...
        nbVariables=160  nbDomainTypes=1  nbTotalValues=64000  domainSizes=(400:160)
          =>  wckTime=0.246  cpuTime=0.392  mem=8M565

   loading objectives...

   loading constraints...
        nbConstraints=2397  nbSpecificConstraints=1  nbExtensionStructures=(1,shared:2395)  nbConflictsStructures=(1,shared:2395,unbuilt:1)
        degrees=(19:2)(20:2)(21:1)...(40:1)(41:1)(42:4)  arities=(2:2396)(160:1)  types=(AllDifferent:1)(ConstraintHardExtensionV-Bits:2396)
          =>  wckTime=2.637  cpuTime=2.727  mem=50M521

   INFO : <!-- Start saving the XML representation -->

   INFO : <!-- Stop saving the XML representation of target.xml -->

   Solver SolverBacktrack being built... 
          =>  wckTime=2.999  cpuTime=3.054  mem=85M712

    instantiation X0=340 X1=18 X2=282 X3=81 X4=170 X5=203 X6=21 X7=154 X8=65 X9=128 X10=397 X11=392 X12=167 X13=391 X14=333 X15=365 X16=366 X17=236 X18=329 X19=227 X20=221 X21=30 X22=266 X23=0 X24=138 X25=381 X26=127 X27=48 X28=256 X29=258 X30=80 X31=83 X32=133 X33=72 X34=375 X35=1 X36=94 X37=46 X38=66 X39=335 X40=14 X41=370 X42=352 X43=15 X44=139 X45=86 X46=20 X47=147 X48=67 X49=47 X50=159 X51=125 X52=88 X53=396 X54=197 X55=240 X56=161 X57=150 X58=23 X59=283 X60=109 X61=8 X62=361 X63=251 X64=384 X65=355 X66=105 X67=36 X68=377 X69=144 X70=111 X71=32 X72=255 X73=39 X74=388 X75=103 X76=378 X77=394 X78=120 X79=110 X80=217 X81=288 X82=270 X83=257 X84=249 X85=13 X86=115 X87=386 X88=368 X89=222 X90=339 X91=247 X92=204 X93=31 X94=287 X95=278 X96=213 X97=229 X98=290 X99=99 X100=299 X101=59 X102=218 X103=264 X104=331 X105=38 X106=281 X107=238 X108=199 X109=188 X110=369 X111=285 X112=194 X113=237 X114=137 X115=141 X116=74 X117=95 X118=330 X119=12 X120=112 X121=164 X122=33 X123=233 X124=130 X125=334 X126=261 X127=189 X128=245 X129=390 X130=131 X131=345 X132=140 X133=265 X134=166 X135=129 X136=399 X137=294 X138=116 X139=179 X140=205 X141=328 X142=326 X143=306 X144=214 X145=356 X146=90 X147=347 X148=269 X149=184 X150=41 X151=389 X152=118 X153=34 X154=76 X155=117 X156=312 X157=52 X158=246 X159=146 

    solution X0=340 X1=18 X2=282 X3=81 X4=170 X5=203 X6=21 X7=154 X8=65 X9=128 X10=397 X11=392 X12=167 X13=391 X14=333 X15=365 X16=366 X17=236 X18=329 X19=227 X20=221 X21=30 X22=266 X23=0 X24=138 X25=381 X26=127 X27=48 X28=256 X29=258 X30=80 X31=83 X32=133 X33=72 X34=375 X35=1 X36=94 X37=46 X38=66 X39=335 X40=14 X41=370 X42=352 X43=15 X44=139 X45=86 X46=20 X47=147 X48=67 X49=47 X50=159 X51=125 X52=88 X53=396 X54=197 X55=240 X56=161 X57=150 X58=23 X59=283 X60=109 X61=8 X62=361 X63=251 X64=384 X65=355 X66=105 X67=36 X68=377 X69=144 X70=111 X71=32 X72=255 X73=39 X74=388 X75=103 X76=378 X77=394 X78=120 X79=110 X80=217 X81=288 X82=270 X83=257 X84=249 X85=13 X86=115 X87=386 X88=368 X89=222 X90=339 X91=247 X92=204 X93=31 X94=287 X95=278 X96=213 X97=229 X98=290 X99=99 X100=299 X101=59 X102=218 X103=264 X104=331 X105=38 X106=281 X107=238 X108=199 X109=188 X110=369 X111=285 X112=194 X113=237 X114=137 X115=141 X116=74 X117=95 X118=330 X119=12 X120=112 X121=164 X122=33 X123=233 X124=130 X125=334 X126=261 X127=189 X128=245 X129=390 X130=131 X131=345 X132=140 X133=265 X134=166 X135=129 X136=399 X137=294 X138=116 X139=179 X140=205 X141=328 X142=326 X143=306 X144=214 X145=356 X146=90 X147=347 X148=269 X149=184 X150=41 X151=389 X152=118 X153=34 X154=76 X155=117 X156=312 X157=52 X158=246 X159=146 

   
   search
        run=0  nbConstraintChecks=2397  depth=(min:0,max:159,avg:3)  nbEffectivePropagations=6278018  nbRevisions=110425136  nbUselessRevisions=105854981
        nbAssignments=56271  nbFailedAssignments=50103  nbBacktracks=6008  nbVisitedNodes=110793  nbRestartNogoods=0  nbFoundSolutions=1
        upperBound=9223372036854775807
          =>  wckTime=10546.252  cpuTime=10523.637  mem=354M796

   
   global
        nbConstraintChecks=2397  nbEffectivePropagations=6278018  nbRevisions=110425136  nbUselessRevisions=105854981  nbRestartNogoods=0
        solvingWckTime=10546.252  expiredTime=no  totalExploration=no  nbFoundSolutions=1  firstSolutionCpuTime=10523.631  Stop=REACHED_GOAL
          =>  wckTime=10549.252  cpuTime=10523.637  mem=354M796

s SATISFIABLE
v X0=340 X1=18 X2=282 X3=81 X4=170 X5=203 X6=21 X7=154 X8=65 X9=128 X10=397 X11=392 X12=167 X13=391 X14=333 X15=365 X16=366 X17=236 X18=329 X19=227 X20=221 X21=30 X22=266 X23=0 X24=138 X25=381 X26=127 X27=48 X28=256 X29=258 X30=80 X31=83 X32=133 X33=72 X34=375 X35=1 X36=94 X37=46 X38=66 X39=335 X40=14 X41=370 X42=352 X43=15 X44=139 X45=86 X46=20 X47=147 X48=67 X49=47 X50=159 X51=125 X52=88 X53=396 X54=197 X55=240 X56=161 X57=150 X58=23 X59=283 X60=109 X61=8 X62=361 X63=251 X64=384 X65=355 X66=105 X67=36 X68=377 X69=144 X70=111 X71=32 X72=255 X73=39 X74=388 X75=103 X76=378 X77=394 X78=120 X79=110 X80=217 X81=288 X82=270 X83=257 X84=249 X85=13 X86=115 X87=386 X88=368 X89=222 X90=339 X91=247 X92=204 X93=31 X94=287 X95=278 X96=213 X97=229 X98=290 X99=99 X100=299 X101=59 X102=218 X103=264 X104=331 X105=38 X106=281 X107=238 X108=199 X109=188 X110=369 X111=285 X112=194 X113=237 X114=137 X115=141 X116=74 X117=95 X118=330 X119=12 X120=112 X121=164 X122=33 X123=233 X124=130 X125=334 X126=261 X127=189 X128=245 X129=390 X130=131 X131=345 X132=140 X133=265 X134=166 X135=129 X136=399 X137=294 X138=116 X139=179 X140=205 X141=328 X142=326 X143=306 X144=214 X145=356 X146=90 X147=347 X148=269 X149=184 X150=41 X151=389 X152=118 X153=34 X154=76 X155=117 X156=312 X157=52 X158=246 X159=146 
d NODES 56271

   totalWckTime=10549.131  totalCpuTime=10523.638
