
   AbsCon 1.41 (January, 2014) - defaultConfiguration

   
   instance
        framework=CSP  name=Isomorphism-/cluster/gpg/ciaran/sip-benchmarks/benchmarks/si4_rand_r001_600/si4_r001_m600.02/pattern-/cluster/gpg/ciaran/sip-benchmarks/benchmarks/si4_rand_r001_600/si4_r001_m600.02/target
        parameters=/cluster/gpg/ciaran/sip-benchmarks/benchmarks/si4_rand_r001_600/si4_r001_m600.02/pattern,/cluster/gpg/ciaran/sip-benchmarks/benchmarks/si4_rand_r001_600/si4_r001_m600.02/target
      

   loading variables...
        nbVariables=240  nbDomainTypes=1  nbTotalValues=144000  domainSizes=(600:240)
          =>  wckTime=0.225  cpuTime=0.325  mem=10M621

   loading objectives...

   loading constraints...
        nbConstraints=671  nbSpecificConstraints=1  nbExtensionStructures=(1,shared:669)  nbConflictsStructures=(1,shared:669,unbuilt:1)
        degrees=(2:6)(3:14)(4:24)...(11:12)(12:2)(13:1)  arities=(2:670)(240:1)  types=(AllDifferent:1)(ConstraintHardExtensionV-Bits:670)
          =>  wckTime=0.493  cpuTime=0.565  mem=39M185

   INFO : <!-- Start saving the XML representation -->

   INFO : <!-- Stop saving the XML representation of target.xml -->

   Solver SolverBacktrack being built... 
          =>  wckTime=0.839  cpuTime=0.865  mem=46M104

    instantiation X0=169 X1=507 X2=545 X3=250 X4=110 X5=554 X6=363 X7=501 X8=525 X9=252 X10=120 X11=135 X12=359 X13=515 X14=334 X15=34 X16=572 X17=483 X18=319 X19=279 X20=599 X21=170 X22=566 X23=304 X24=553 X25=400 X26=166 X27=388 X28=167 X29=145 X30=560 X31=381 X32=251 X33=429 X34=20 X35=475 X36=114 X37=382 X38=527 X39=470 X40=596 X41=293 X42=70 X43=198 X44=94 X45=595 X46=380 X47=529 X48=546 X49=524 X50=512 X51=80 X52=562 X53=534 X54=187 X55=405 X56=578 X57=516 X58=156 X59=406 X60=51 X61=69 X62=23 X63=446 X64=42 X65=261 X66=59 X67=312 X68=561 X69=580 X70=581 X71=432 X72=178 X73=575 X74=509 X75=472 X76=447 X77=277 X78=287 X79=146 X80=243 X81=499 X82=90 X83=175 X84=520 X85=523 X86=465 X87=101 X88=61 X89=199 X90=244 X91=583 X92=548 X93=270 X94=301 X95=478 X96=76 X97=137 X98=234 X99=331 X100=294 X101=174 X102=371 X103=461 X104=1 X105=514 X106=437 X107=505 X108=260 X109=377 X110=50 X111=162 X112=435 X113=204 X114=121 X115=240 X116=366 X117=314 X118=389 X119=340 X120=327 X121=223 X122=97 X123=183 X124=88 X125=195 X126=547 X127=150 X128=62 X129=368 X130=30 X131=74 X132=360 X133=469 X134=205 X135=298 X136=455 X137=179 X138=592 X139=403 X140=225 X141=216 X142=570 X143=165 X144=379 X145=38 X146=44 X147=510 X148=106 X149=22 X150=477 X151=0 X152=346 X153=297 X154=184 X155=107 X156=300 X157=336 X158=109 X159=130 X160=194 X161=564 X162=39 X163=307 X164=324 X165=266 X166=248 X167=14 X168=193 X169=45 X170=584 X171=13 X172=491 X173=394 X174=423 X175=78 X176=272 X177=247 X178=552 X179=188 X180=325 X181=143 X182=214 X183=93 X184=157 X185=4 X186=412 X187=144 X188=229 X189=82 X190=35 X191=163 X192=191 X193=71 X194=426 X195=77 X196=60 X197=451 X198=328 X199=203 X200=295 X201=115 X202=19 X203=10 X204=422 X205=316 X206=355 X207=131 X208=99 X209=345 X210=391 X211=127 X212=89 X213=594 X214=91 X215=3 X216=551 X217=365 X218=208 X219=148 X220=5 X221=370 X222=263 X223=358 X224=503 X225=317 X226=497 X227=40 X228=351 X229=259 X230=66 X231=262 X232=180 X233=17 X234=498 X235=15 X236=411 X237=457 X238=283 X239=308 

    solution X0=169 X1=507 X2=545 X3=250 X4=110 X5=554 X6=363 X7=501 X8=525 X9=252 X10=120 X11=135 X12=359 X13=515 X14=334 X15=34 X16=572 X17=483 X18=319 X19=279 X20=599 X21=170 X22=566 X23=304 X24=553 X25=400 X26=166 X27=388 X28=167 X29=145 X30=560 X31=381 X32=251 X33=429 X34=20 X35=475 X36=114 X37=382 X38=527 X39=470 X40=596 X41=293 X42=70 X43=198 X44=94 X45=595 X46=380 X47=529 X48=546 X49=524 X50=512 X51=80 X52=562 X53=534 X54=187 X55=405 X56=578 X57=516 X58=156 X59=406 X60=51 X61=69 X62=23 X63=446 X64=42 X65=261 X66=59 X67=312 X68=561 X69=580 X70=581 X71=432 X72=178 X73=575 X74=509 X75=472 X76=447 X77=277 X78=287 X79=146 X80=243 X81=499 X82=90 X83=175 X84=520 X85=523 X86=465 X87=101 X88=61 X89=199 X90=244 X91=583 X92=548 X93=270 X94=301 X95=478 X96=76 X97=137 X98=234 X99=331 X100=294 X101=174 X102=371 X103=461 X104=1 X105=514 X106=437 X107=505 X108=260 X109=377 X110=50 X111=162 X112=435 X113=204 X114=121 X115=240 X116=366 X117=314 X118=389 X119=340 X120=327 X121=223 X122=97 X123=183 X124=88 X125=195 X126=547 X127=150 X128=62 X129=368 X130=30 X131=74 X132=360 X133=469 X134=205 X135=298 X136=455 X137=179 X138=592 X139=403 X140=225 X141=216 X142=570 X143=165 X144=379 X145=38 X146=44 X147=510 X148=106 X149=22 X150=477 X151=0 X152=346 X153=297 X154=184 X155=107 X156=300 X157=336 X158=109 X159=130 X160=194 X161=564 X162=39 X163=307 X164=324 X165=266 X166=248 X167=14 X168=193 X169=45 X170=584 X171=13 X172=491 X173=394 X174=423 X175=78 X176=272 X177=247 X178=552 X179=188 X180=325 X181=143 X182=214 X183=93 X184=157 X185=4 X186=412 X187=144 X188=229 X189=82 X190=35 X191=163 X192=191 X193=71 X194=426 X195=77 X196=60 X197=451 X198=328 X199=203 X200=295 X201=115 X202=19 X203=10 X204=422 X205=316 X206=355 X207=131 X208=99 X209=345 X210=391 X211=127 X212=89 X213=594 X214=91 X215=3 X216=551 X217=365 X218=208 X219=148 X220=5 X221=370 X222=263 X223=358 X224=503 X225=317 X226=497 X227=40 X228=351 X229=259 X230=66 X231=262 X232=180 X233=17 X234=498 X235=15 X236=411 X237=457 X238=283 X239=308 

   
   search
        run=0  nbConstraintChecks=671  depth=(min:0,max:239,avg:1)  nbEffectivePropagations=80  nbRevisions=6510  nbUselessRevisions=6437
        nbAssignments=574  nbFailedAssignments=334  nbBacktracks=0  nbVisitedNodes=909  nbRestartNogoods=0  nbFoundSolutions=1
        upperBound=9223372036854775807
          =>  wckTime=47.569  cpuTime=48.066  mem=128M815

   
   global
        nbConstraintChecks=671  nbEffectivePropagations=80  nbRevisions=6510  nbUselessRevisions=6437  nbRestartNogoods=0  solvingWckTime=47.569
        expiredTime=no  totalExploration=no  nbFoundSolutions=1  firstSolutionCpuTime=48.06  Stop=REACHED_GOAL
          =>  wckTime=48.409  cpuTime=48.067  mem=128M815

s SATISFIABLE
v X0=169 X1=507 X2=545 X3=250 X4=110 X5=554 X6=363 X7=501 X8=525 X9=252 X10=120 X11=135 X12=359 X13=515 X14=334 X15=34 X16=572 X17=483 X18=319 X19=279 X20=599 X21=170 X22=566 X23=304 X24=553 X25=400 X26=166 X27=388 X28=167 X29=145 X30=560 X31=381 X32=251 X33=429 X34=20 X35=475 X36=114 X37=382 X38=527 X39=470 X40=596 X41=293 X42=70 X43=198 X44=94 X45=595 X46=380 X47=529 X48=546 X49=524 X50=512 X51=80 X52=562 X53=534 X54=187 X55=405 X56=578 X57=516 X58=156 X59=406 X60=51 X61=69 X62=23 X63=446 X64=42 X65=261 X66=59 X67=312 X68=561 X69=580 X70=581 X71=432 X72=178 X73=575 X74=509 X75=472 X76=447 X77=277 X78=287 X79=146 X80=243 X81=499 X82=90 X83=175 X84=520 X85=523 X86=465 X87=101 X88=61 X89=199 X90=244 X91=583 X92=548 X93=270 X94=301 X95=478 X96=76 X97=137 X98=234 X99=331 X100=294 X101=174 X102=371 X103=461 X104=1 X105=514 X106=437 X107=505 X108=260 X109=377 X110=50 X111=162 X112=435 X113=204 X114=121 X115=240 X116=366 X117=314 X118=389 X119=340 X120=327 X121=223 X122=97 X123=183 X124=88 X125=195 X126=547 X127=150 X128=62 X129=368 X130=30 X131=74 X132=360 X133=469 X134=205 X135=298 X136=455 X137=179 X138=592 X139=403 X140=225 X141=216 X142=570 X143=165 X144=379 X145=38 X146=44 X147=510 X148=106 X149=22 X150=477 X151=0 X152=346 X153=297 X154=184 X155=107 X156=300 X157=336 X158=109 X159=130 X160=194 X161=564 X162=39 X163=307 X164=324 X165=266 X166=248 X167=14 X168=193 X169=45 X170=584 X171=13 X172=491 X173=394 X174=423 X175=78 X176=272 X177=247 X178=552 X179=188 X180=325 X181=143 X182=214 X183=93 X184=157 X185=4 X186=412 X187=144 X188=229 X189=82 X190=35 X191=163 X192=191 X193=71 X194=426 X195=77 X196=60 X197=451 X198=328 X199=203 X200=295 X201=115 X202=19 X203=10 X204=422 X205=316 X206=355 X207=131 X208=99 X209=345 X210=391 X211=127 X212=89 X213=594 X214=91 X215=3 X216=551 X217=365 X218=208 X219=148 X220=5 X221=370 X222=263 X223=358 X224=503 X225=317 X226=497 X227=40 X228=351 X229=259 X230=66 X231=262 X232=180 X233=17 X234=498 X235=15 X236=411 X237=457 X238=283 X239=308 
d NODES 574

   totalWckTime=48.311  totalCpuTime=48.067
