
   AbsCon 1.41 (January, 2014) - defaultConfiguration

   
   instance
        framework=CSP  name=Isomorphism-/cluster/gpg/ciaran/sip-benchmarks/benchmarks/si4_bvg_b03_400/si4_b03_m400.01/pattern-/cluster/gpg/ciaran/sip-benchmarks/benchmarks/si4_bvg_b03_400/si4_b03_m400.01/target
        parameters=/cluster/gpg/ciaran/sip-benchmarks/benchmarks/si4_bvg_b03_400/si4_b03_m400.01/pattern,/cluster/gpg/ciaran/sip-benchmarks/benchmarks/si4_bvg_b03_400/si4_b03_m400.01/target
      

   loading variables...
        nbVariables=160  nbDomainTypes=1  nbTotalValues=64000  domainSizes=(400:160)
          =>  wckTime=0.26  cpuTime=0.375  mem=6M316

   loading objectives...

   loading constraints...
        nbConstraints=238  nbSpecificConstraints=1  nbExtensionStructures=(1,shared:236)  nbConflictsStructures=(1,shared:236,unbuilt:1)
        degrees=(2:2)(3:2)(4:156)  arities=(2:237)(160:1)  types=(AllDifferent:1)(ConstraintHardExtensionV-Bits:237)
          =>  wckTime=0.37  cpuTime=0.483  mem=13M629

   INFO : <!-- Start saving the XML representation -->

   INFO : <!-- Stop saving the XML representation of target.xml -->

   Solver SolverBacktrack being built... 
          =>  wckTime=0.662  cpuTime=0.745  mem=23M999

    instantiation X0=0 X1=49 X2=375 X3=208 X4=365 X5=265 X6=6 X7=288 X8=97 X9=267 X10=124 X11=343 X12=135 X13=347 X14=118 X15=94 X16=204 X17=187 X18=329 X19=93 X20=128 X21=14 X22=350 X23=27 X24=221 X25=254 X26=264 X27=102 X28=259 X29=189 X30=226 X31=266 X32=245 X33=11 X34=366 X35=364 X36=309 X37=147 X38=215 X39=83 X40=341 X41=18 X42=44 X43=268 X44=377 X45=206 X46=192 X47=105 X48=71 X49=170 X50=159 X51=19 X52=230 X53=92 X54=5 X55=312 X56=387 X57=113 X58=64 X59=391 X60=173 X61=233 X62=193 X63=41 X64=323 X65=133 X66=246 X67=210 X68=163 X69=303 X70=216 X71=320 X72=247 X73=155 X74=376 X75=271 X76=167 X77=52 X78=116 X79=389 X80=207 X81=325 X82=374 X83=142 X84=289 X85=338 X86=59 X87=149 X88=137 X89=127 X90=63 X91=201 X92=180 X93=236 X94=238 X95=336 X96=146 X97=397 X98=345 X99=380 X100=151 X101=395 X102=258 X103=130 X104=317 X105=122 X106=20 X107=46 X108=199 X109=178 X110=157 X111=225 X112=104 X113=67 X114=99 X115=74 X116=98 X117=340 X118=275 X119=184 X120=324 X121=96 X122=211 X123=331 X124=333 X125=111 X126=154 X127=368 X128=284 X129=101 X130=296 X131=286 X132=32 X133=219 X134=108 X135=107 X136=81 X137=132 X138=185 X139=1 X140=285 X141=248 X142=357 X143=188 X144=38 X145=369 X146=123 X147=58 X148=72 X149=160 X150=39 X151=240 X152=4 X153=165 X154=177 X155=399 X156=297 X157=55 X158=69 X159=16 

    solution X0=0 X1=49 X2=375 X3=208 X4=365 X5=265 X6=6 X7=288 X8=97 X9=267 X10=124 X11=343 X12=135 X13=347 X14=118 X15=94 X16=204 X17=187 X18=329 X19=93 X20=128 X21=14 X22=350 X23=27 X24=221 X25=254 X26=264 X27=102 X28=259 X29=189 X30=226 X31=266 X32=245 X33=11 X34=366 X35=364 X36=309 X37=147 X38=215 X39=83 X40=341 X41=18 X42=44 X43=268 X44=377 X45=206 X46=192 X47=105 X48=71 X49=170 X50=159 X51=19 X52=230 X53=92 X54=5 X55=312 X56=387 X57=113 X58=64 X59=391 X60=173 X61=233 X62=193 X63=41 X64=323 X65=133 X66=246 X67=210 X68=163 X69=303 X70=216 X71=320 X72=247 X73=155 X74=376 X75=271 X76=167 X77=52 X78=116 X79=389 X80=207 X81=325 X82=374 X83=142 X84=289 X85=338 X86=59 X87=149 X88=137 X89=127 X90=63 X91=201 X92=180 X93=236 X94=238 X95=336 X96=146 X97=397 X98=345 X99=380 X100=151 X101=395 X102=258 X103=130 X104=317 X105=122 X106=20 X107=46 X108=199 X109=178 X110=157 X111=225 X112=104 X113=67 X114=99 X115=74 X116=98 X117=340 X118=275 X119=184 X120=324 X121=96 X122=211 X123=331 X124=333 X125=111 X126=154 X127=368 X128=284 X129=101 X130=296 X131=286 X132=32 X133=219 X134=108 X135=107 X136=81 X137=132 X138=185 X139=1 X140=285 X141=248 X142=357 X143=188 X144=38 X145=369 X146=123 X147=58 X148=72 X149=160 X150=39 X151=240 X152=4 X153=165 X154=177 X155=399 X156=297 X157=55 X158=69 X159=16 

   
   search
        run=0  nbConstraintChecks=238  depth=(min:161,max:159,avg:0)  nbEffectivePropagations=233  nbRevisions=1163  nbUselessRevisions=1163
        nbAssignments=160  nbFailedAssignments=0  nbBacktracks=0  nbVisitedNodes=161  nbRestartNogoods=0  nbFoundSolutions=1
        upperBound=9223372036854775807
          =>  wckTime=2.433  cpuTime=3.048  mem=120M11

   
   global
        nbConstraintChecks=238  nbEffectivePropagations=233  nbRevisions=1163  nbUselessRevisions=1163  nbRestartNogoods=0  solvingWckTime=2.433
        expiredTime=no  totalExploration=no  nbFoundSolutions=1  firstSolutionCpuTime=3.04  Stop=REACHED_GOAL
          =>  wckTime=3.096  cpuTime=3.049  mem=120M11

s SATISFIABLE
v X0=0 X1=49 X2=375 X3=208 X4=365 X5=265 X6=6 X7=288 X8=97 X9=267 X10=124 X11=343 X12=135 X13=347 X14=118 X15=94 X16=204 X17=187 X18=329 X19=93 X20=128 X21=14 X22=350 X23=27 X24=221 X25=254 X26=264 X27=102 X28=259 X29=189 X30=226 X31=266 X32=245 X33=11 X34=366 X35=364 X36=309 X37=147 X38=215 X39=83 X40=341 X41=18 X42=44 X43=268 X44=377 X45=206 X46=192 X47=105 X48=71 X49=170 X50=159 X51=19 X52=230 X53=92 X54=5 X55=312 X56=387 X57=113 X58=64 X59=391 X60=173 X61=233 X62=193 X63=41 X64=323 X65=133 X66=246 X67=210 X68=163 X69=303 X70=216 X71=320 X72=247 X73=155 X74=376 X75=271 X76=167 X77=52 X78=116 X79=389 X80=207 X81=325 X82=374 X83=142 X84=289 X85=338 X86=59 X87=149 X88=137 X89=127 X90=63 X91=201 X92=180 X93=236 X94=238 X95=336 X96=146 X97=397 X98=345 X99=380 X100=151 X101=395 X102=258 X103=130 X104=317 X105=122 X106=20 X107=46 X108=199 X109=178 X110=157 X111=225 X112=104 X113=67 X114=99 X115=74 X116=98 X117=340 X118=275 X119=184 X120=324 X121=96 X122=211 X123=331 X124=333 X125=111 X126=154 X127=368 X128=284 X129=101 X130=296 X131=286 X132=32 X133=219 X134=108 X135=107 X136=81 X137=132 X138=185 X139=1 X140=285 X141=248 X142=357 X143=188 X144=38 X145=369 X146=123 X147=58 X148=72 X149=160 X150=39 X151=240 X152=4 X153=165 X154=177 X155=399 X156=297 X157=55 X158=69 X159=16 
d NODES 160

   totalWckTime=2.963  totalCpuTime=3.049
