
   AbsCon 1.41 (January, 2014) - defaultConfiguration

   
   instance
        framework=CSP  name=Isomorphism-/cluster/gpg/ciaran/sip-benchmarks/benchmarks/si4_bvg_b06_400/si4_b06_m400.07/pattern-/cluster/gpg/ciaran/sip-benchmarks/benchmarks/si4_bvg_b06_400/si4_b06_m400.07/target
        parameters=/cluster/gpg/ciaran/sip-benchmarks/benchmarks/si4_bvg_b06_400/si4_b06_m400.07/pattern,/cluster/gpg/ciaran/sip-benchmarks/benchmarks/si4_bvg_b06_400/si4_b06_m400.07/target
      

   loading variables...
        nbVariables=160  nbDomainTypes=1  nbTotalValues=64000  domainSizes=(400:160)
          =>  wckTime=0.213  cpuTime=0.325  mem=6M266

   loading objectives...

   loading constraints...
        nbConstraints=475  nbSpecificConstraints=1  nbExtensionStructures=(1,shared:473)  nbConflictsStructures=(1,shared:473,unbuilt:1)
        degrees=(4:2)(5:2)(6:2)(7:154)  arities=(2:474)(160:1)  types=(AllDifferent:1)(ConstraintHardExtensionV-Bits:474)
          =>  wckTime=0.384  cpuTime=0.49  mem=17M890

   INFO : <!-- Start saving the XML representation -->

   INFO : <!-- Stop saving the XML representation of target.xml -->

   Solver SolverBacktrack being built... 
          =>  wckTime=0.678  cpuTime=0.717  mem=22M684

    instantiation X0=0 X1=8 X2=19 X3=261 X4=268 X5=279 X6=366 X7=134 X8=260 X9=381 X10=393 X11=324 X12=216 X13=81 X14=51 X15=85 X16=384 X17=157 X18=221 X19=387 X20=78 X21=337 X22=371 X23=46 X24=380 X25=206 X26=61 X27=202 X28=297 X29=313 X30=75 X31=119 X32=40 X33=274 X34=288 X35=123 X36=189 X37=322 X38=152 X39=224 X40=270 X41=20 X42=86 X43=110 X44=138 X45=312 X46=209 X47=155 X48=397 X49=290 X50=211 X51=247 X52=196 X53=376 X54=306 X55=278 X56=142 X57=230 X58=302 X59=90 X60=364 X61=309 X62=118 X63=21 X64=52 X65=43 X66=205 X67=370 X68=315 X69=147 X70=344 X71=299 X72=236 X73=336 X74=331 X75=390 X76=215 X77=32 X78=47 X79=72 X80=186 X81=343 X82=295 X83=66 X84=9 X85=201 X86=348 X87=314 X88=200 X89=374 X90=54 X91=140 X92=330 X93=231 X94=106 X95=372 X96=310 X97=34 X98=362 X99=325 X100=265 X101=318 X102=378 X103=31 X104=386 X105=244 X106=280 X107=89 X108=42 X109=334 X110=350 X111=80 X112=77 X113=296 X114=210 X115=373 X116=154 X117=305 X118=248 X119=358 X120=102 X121=73 X122=399 X123=57 X124=238 X125=303 X126=149 X127=165 X128=39 X129=383 X130=148 X131=99 X132=222 X133=35 X134=335 X135=108 X136=161 X137=146 X138=329 X139=181 X140=131 X141=44 X142=170 X143=392 X144=37 X145=198 X146=298 X147=36 X148=235 X149=116 X150=228 X151=239 X152=243 X153=304 X154=341 X155=38 X156=212 X157=192 X158=126 X159=95 

    solution X0=0 X1=8 X2=19 X3=261 X4=268 X5=279 X6=366 X7=134 X8=260 X9=381 X10=393 X11=324 X12=216 X13=81 X14=51 X15=85 X16=384 X17=157 X18=221 X19=387 X20=78 X21=337 X22=371 X23=46 X24=380 X25=206 X26=61 X27=202 X28=297 X29=313 X30=75 X31=119 X32=40 X33=274 X34=288 X35=123 X36=189 X37=322 X38=152 X39=224 X40=270 X41=20 X42=86 X43=110 X44=138 X45=312 X46=209 X47=155 X48=397 X49=290 X50=211 X51=247 X52=196 X53=376 X54=306 X55=278 X56=142 X57=230 X58=302 X59=90 X60=364 X61=309 X62=118 X63=21 X64=52 X65=43 X66=205 X67=370 X68=315 X69=147 X70=344 X71=299 X72=236 X73=336 X74=331 X75=390 X76=215 X77=32 X78=47 X79=72 X80=186 X81=343 X82=295 X83=66 X84=9 X85=201 X86=348 X87=314 X88=200 X89=374 X90=54 X91=140 X92=330 X93=231 X94=106 X95=372 X96=310 X97=34 X98=362 X99=325 X100=265 X101=318 X102=378 X103=31 X104=386 X105=244 X106=280 X107=89 X108=42 X109=334 X110=350 X111=80 X112=77 X113=296 X114=210 X115=373 X116=154 X117=305 X118=248 X119=358 X120=102 X121=73 X122=399 X123=57 X124=238 X125=303 X126=149 X127=165 X128=39 X129=383 X130=148 X131=99 X132=222 X133=35 X134=335 X135=108 X136=161 X137=146 X138=329 X139=181 X140=131 X141=44 X142=170 X143=392 X144=37 X145=198 X146=298 X147=36 X148=235 X149=116 X150=228 X151=239 X152=243 X153=304 X154=341 X155=38 X156=212 X157=192 X158=126 X159=95 

   
   search
        run=0  nbConstraintChecks=475  depth=(min:161,max:159,avg:0)  nbEffectivePropagations=2  nbRevisions=2334  nbUselessRevisions=2334
        nbAssignments=160  nbFailedAssignments=0  nbBacktracks=0  nbVisitedNodes=161  nbRestartNogoods=0  nbFoundSolutions=1
        upperBound=9223372036854775807
          =>  wckTime=3.817  cpuTime=4.421  mem=81M104

   
   global
        nbConstraintChecks=475  nbEffectivePropagations=2  nbRevisions=2334  nbUselessRevisions=2334  nbRestartNogoods=0  solvingWckTime=3.817
        expiredTime=no  totalExploration=no  nbFoundSolutions=1  firstSolutionCpuTime=4.413  Stop=REACHED_GOAL
          =>  wckTime=4.496  cpuTime=4.421  mem=81M104

s SATISFIABLE
v X0=0 X1=8 X2=19 X3=261 X4=268 X5=279 X6=366 X7=134 X8=260 X9=381 X10=393 X11=324 X12=216 X13=81 X14=51 X15=85 X16=384 X17=157 X18=221 X19=387 X20=78 X21=337 X22=371 X23=46 X24=380 X25=206 X26=61 X27=202 X28=297 X29=313 X30=75 X31=119 X32=40 X33=274 X34=288 X35=123 X36=189 X37=322 X38=152 X39=224 X40=270 X41=20 X42=86 X43=110 X44=138 X45=312 X46=209 X47=155 X48=397 X49=290 X50=211 X51=247 X52=196 X53=376 X54=306 X55=278 X56=142 X57=230 X58=302 X59=90 X60=364 X61=309 X62=118 X63=21 X64=52 X65=43 X66=205 X67=370 X68=315 X69=147 X70=344 X71=299 X72=236 X73=336 X74=331 X75=390 X76=215 X77=32 X78=47 X79=72 X80=186 X81=343 X82=295 X83=66 X84=9 X85=201 X86=348 X87=314 X88=200 X89=374 X90=54 X91=140 X92=330 X93=231 X94=106 X95=372 X96=310 X97=34 X98=362 X99=325 X100=265 X101=318 X102=378 X103=31 X104=386 X105=244 X106=280 X107=89 X108=42 X109=334 X110=350 X111=80 X112=77 X113=296 X114=210 X115=373 X116=154 X117=305 X118=248 X119=358 X120=102 X121=73 X122=399 X123=57 X124=238 X125=303 X126=149 X127=165 X128=39 X129=383 X130=148 X131=99 X132=222 X133=35 X134=335 X135=108 X136=161 X137=146 X138=329 X139=181 X140=131 X141=44 X142=170 X143=392 X144=37 X145=198 X146=298 X147=36 X148=235 X149=116 X150=228 X151=239 X152=243 X153=304 X154=341 X155=38 X156=212 X157=192 X158=126 X159=95 
d NODES 160

   totalWckTime=4.385  totalCpuTime=4.422
