
   AbsCon 1.41 (January, 2014) - defaultConfiguration

   
   instance
        framework=CSP  name=Isomorphism-/cluster/gpg/ciaran/sip-benchmarks/benchmarks/si4_m4D_m4Dr6_625/si4_m4Dr6_m625.04/pattern-/cluster/gpg/ciaran/sip-benchmarks/benchmarks/si4_m4D_m4Dr6_625/si4_m4Dr6_m625.04/target
        parameters=/cluster/gpg/ciaran/sip-benchmarks/benchmarks/si4_m4D_m4Dr6_625/si4_m4Dr6_m625.04/pattern,/cluster/gpg/ciaran/sip-benchmarks/benchmarks/si4_m4D_m4Dr6_625/si4_m4Dr6_m625.04/target
      

   loading variables...
        nbVariables=250  nbDomainTypes=1  nbTotalValues=156250  domainSizes=(625:250)
          =>  wckTime=0.229  cpuTime=0.33  mem=10M756

   loading objectives...

   loading constraints...
        nbConstraints=533  nbSpecificConstraints=1  nbExtensionStructures=(1,shared:531)  nbConflictsStructures=(1,shared:531,unbuilt:1)
        degrees=(2:27)(3:49)(4:31)...(11:3)(12:1)(13:1)  arities=(2:532)(250:1)  types=(AllDifferent:1)(ConstraintHardExtensionV-Bits:532)
          =>  wckTime=0.471  cpuTime=0.563  mem=30M591

   INFO : <!-- Start saving the XML representation -->

   INFO : <!-- Stop saving the XML representation of target.xml -->

   Solver SolverBacktrack being built... 
          =>  wckTime=0.827  cpuTime=0.866  mem=38M617

    instantiation X0=0 X1=22 X2=66 X3=157 X4=170 X5=219 X6=359 X7=464 X8=580 X9=246 X10=310 X11=315 X12=324 X13=334 X14=377 X15=40 X16=191 X17=257 X18=261 X19=369 X20=473 X21=596 X22=171 X23=252 X24=353 X25=357 X26=399 X27=499 X28=519 X29=41 X30=228 X31=327 X32=448 X33=454 X34=515 X35=530 X36=76 X37=158 X38=195 X39=201 X40=301 X41=351 X42=450 X43=543 X44=590 X45=106 X46=244 X47=307 X48=437 X49=592 X50=135 X51=602 X52=71 X53=571 X54=23 X55=127 X56=144 X57=217 X58=242 X59=507 X60=277 X61=309 X62=379 X63=433 X64=528 X65=28 X66=134 X67=181 X68=58 X69=94 X70=211 X71=390 X72=463 X73=83 X74=325 X75=378 X76=150 X77=153 X78=196 X79=204 X80=26 X81=403 X82=444 X83=470 X84=341 X85=417 X86=589 X87=105 X88=177 X89=436 X90=508 X91=57 X92=194 X93=322 X94=371 X95=103 X96=234 X97=338 X98=61 X99=137 X100=248 X101=282 X102=376 X103=552 X104=10 X105=17 X106=48 X107=174 X108=478 X109=549 X110=142 X111=273 X112=416 X113=422 X114=594 X115=27 X116=102 X117=294 X118=361 X119=402 X120=561 X121=197 X122=286 X123=502 X124=559 X125=64 X126=90 X127=117 X128=136 X129=350 X130=432 X131=581 X132=25 X133=449 X134=19 X135=100 X136=124 X137=160 X138=164 X139=336 X140=77 X141=216 X142=500 X143=550 X144=587 X145=38 X146=288 X147=383 X148=553 X149=60 X150=99 X151=185 X152=239 X153=616 X154=59 X155=247 X156=483 X157=84 X158=250 X159=360 X160=3 X161=223 X162=501 X163=617 X164=621 X165=74 X166=289 X167=35 X168=236 X169=302 X170=364 X171=381 X172=398 X173=426 X174=520 X175=531 X176=344 X177=604 X178=5 X179=39 X180=115 X181=159 X182=175 X183=259 X184=558 X185=615 X186=80 X187=423 X188=72 X189=230 X190=333 X191=505 X192=393 X193=418 X194=427 X195=280 X196=319 X197=455 X198=533 X199=560 X200=575 X201=582 X202=231 X203=614 X204=271 X205=396 X206=538 X207=546 X208=68 X209=69 X210=285 X211=303 X212=461 X213=469 X214=184 X215=389 X216=529 X217=156 X218=91 X219=154 X220=385 X221=487 X222=337 X223=375 X224=456 X225=431 X226=562 X227=568 X228=460 X229=63 X230=93 X231=128 X232=240 X233=466 X234=573 X235=1 X236=29 X237=138 X238=435 X239=365 X240=542 X241=43 X242=209 X243=263 X244=347 X245=414 X246=16 X247=44 X248=151 X249=268 

    solution X0=0 X1=22 X2=66 X3=157 X4=170 X5=219 X6=359 X7=464 X8=580 X9=246 X10=310 X11=315 X12=324 X13=334 X14=377 X15=40 X16=191 X17=257 X18=261 X19=369 X20=473 X21=596 X22=171 X23=252 X24=353 X25=357 X26=399 X27=499 X28=519 X29=41 X30=228 X31=327 X32=448 X33=454 X34=515 X35=530 X36=76 X37=158 X38=195 X39=201 X40=301 X41=351 X42=450 X43=543 X44=590 X45=106 X46=244 X47=307 X48=437 X49=592 X50=135 X51=602 X52=71 X53=571 X54=23 X55=127 X56=144 X57=217 X58=242 X59=507 X60=277 X61=309 X62=379 X63=433 X64=528 X65=28 X66=134 X67=181 X68=58 X69=94 X70=211 X71=390 X72=463 X73=83 X74=325 X75=378 X76=150 X77=153 X78=196 X79=204 X80=26 X81=403 X82=444 X83=470 X84=341 X85=417 X86=589 X87=105 X88=177 X89=436 X90=508 X91=57 X92=194 X93=322 X94=371 X95=103 X96=234 X97=338 X98=61 X99=137 X100=248 X101=282 X102=376 X103=552 X104=10 X105=17 X106=48 X107=174 X108=478 X109=549 X110=142 X111=273 X112=416 X113=422 X114=594 X115=27 X116=102 X117=294 X118=361 X119=402 X120=561 X121=197 X122=286 X123=502 X124=559 X125=64 X126=90 X127=117 X128=136 X129=350 X130=432 X131=581 X132=25 X133=449 X134=19 X135=100 X136=124 X137=160 X138=164 X139=336 X140=77 X141=216 X142=500 X143=550 X144=587 X145=38 X146=288 X147=383 X148=553 X149=60 X150=99 X151=185 X152=239 X153=616 X154=59 X155=247 X156=483 X157=84 X158=250 X159=360 X160=3 X161=223 X162=501 X163=617 X164=621 X165=74 X166=289 X167=35 X168=236 X169=302 X170=364 X171=381 X172=398 X173=426 X174=520 X175=531 X176=344 X177=604 X178=5 X179=39 X180=115 X181=159 X182=175 X183=259 X184=558 X185=615 X186=80 X187=423 X188=72 X189=230 X190=333 X191=505 X192=393 X193=418 X194=427 X195=280 X196=319 X197=455 X198=533 X199=560 X200=575 X201=582 X202=231 X203=614 X204=271 X205=396 X206=538 X207=546 X208=68 X209=69 X210=285 X211=303 X212=461 X213=469 X214=184 X215=389 X216=529 X217=156 X218=91 X219=154 X220=385 X221=487 X222=337 X223=375 X224=456 X225=431 X226=562 X227=568 X228=460 X229=63 X230=93 X231=128 X232=240 X233=466 X234=573 X235=1 X236=29 X237=138 X238=435 X239=365 X240=542 X241=43 X242=209 X243=263 X244=347 X245=414 X246=16 X247=44 X248=151 X249=268 

   
   search
        run=0  nbConstraintChecks=533  depth=(min:0,max:249,avg:1)  nbEffectivePropagations=105  nbRevisions=4176  nbUselessRevisions=4152
        nbAssignments=469  nbFailedAssignments=219  nbBacktracks=0  nbVisitedNodes=689  nbRestartNogoods=0  nbFoundSolutions=1
        upperBound=9223372036854775807
          =>  wckTime=18.056  cpuTime=18.747  mem=76M30

   
   global
        nbConstraintChecks=533  nbEffectivePropagations=105  nbRevisions=4176  nbUselessRevisions=4152  nbRestartNogoods=0  solvingWckTime=18.056
        expiredTime=no  totalExploration=no  nbFoundSolutions=1  firstSolutionCpuTime=18.741  Stop=REACHED_GOAL
          =>  wckTime=18.883  cpuTime=18.747  mem=76M30

s SATISFIABLE
v X0=0 X1=22 X2=66 X3=157 X4=170 X5=219 X6=359 X7=464 X8=580 X9=246 X10=310 X11=315 X12=324 X13=334 X14=377 X15=40 X16=191 X17=257 X18=261 X19=369 X20=473 X21=596 X22=171 X23=252 X24=353 X25=357 X26=399 X27=499 X28=519 X29=41 X30=228 X31=327 X32=448 X33=454 X34=515 X35=530 X36=76 X37=158 X38=195 X39=201 X40=301 X41=351 X42=450 X43=543 X44=590 X45=106 X46=244 X47=307 X48=437 X49=592 X50=135 X51=602 X52=71 X53=571 X54=23 X55=127 X56=144 X57=217 X58=242 X59=507 X60=277 X61=309 X62=379 X63=433 X64=528 X65=28 X66=134 X67=181 X68=58 X69=94 X70=211 X71=390 X72=463 X73=83 X74=325 X75=378 X76=150 X77=153 X78=196 X79=204 X80=26 X81=403 X82=444 X83=470 X84=341 X85=417 X86=589 X87=105 X88=177 X89=436 X90=508 X91=57 X92=194 X93=322 X94=371 X95=103 X96=234 X97=338 X98=61 X99=137 X100=248 X101=282 X102=376 X103=552 X104=10 X105=17 X106=48 X107=174 X108=478 X109=549 X110=142 X111=273 X112=416 X113=422 X114=594 X115=27 X116=102 X117=294 X118=361 X119=402 X120=561 X121=197 X122=286 X123=502 X124=559 X125=64 X126=90 X127=117 X128=136 X129=350 X130=432 X131=581 X132=25 X133=449 X134=19 X135=100 X136=124 X137=160 X138=164 X139=336 X140=77 X141=216 X142=500 X143=550 X144=587 X145=38 X146=288 X147=383 X148=553 X149=60 X150=99 X151=185 X152=239 X153=616 X154=59 X155=247 X156=483 X157=84 X158=250 X159=360 X160=3 X161=223 X162=501 X163=617 X164=621 X165=74 X166=289 X167=35 X168=236 X169=302 X170=364 X171=381 X172=398 X173=426 X174=520 X175=531 X176=344 X177=604 X178=5 X179=39 X180=115 X181=159 X182=175 X183=259 X184=558 X185=615 X186=80 X187=423 X188=72 X189=230 X190=333 X191=505 X192=393 X193=418 X194=427 X195=280 X196=319 X197=455 X198=533 X199=560 X200=575 X201=582 X202=231 X203=614 X204=271 X205=396 X206=538 X207=546 X208=68 X209=69 X210=285 X211=303 X212=461 X213=469 X214=184 X215=389 X216=529 X217=156 X218=91 X219=154 X220=385 X221=487 X222=337 X223=375 X224=456 X225=431 X226=562 X227=568 X228=460 X229=63 X230=93 X231=128 X232=240 X233=466 X234=573 X235=1 X236=29 X237=138 X238=435 X239=365 X240=542 X241=43 X242=209 X243=263 X244=347 X245=414 X246=16 X247=44 X248=151 X249=268 
d NODES 469

   totalWckTime=18.771  totalCpuTime=18.748
