
   AbsCon 1.41 (January, 2014) - defaultConfiguration

   
   instance
        framework=CSP  name=Isomorphism-/cluster/gpg/ciaran/sip-benchmarks/benchmarks/si4_rand_r001_400/si4_r001_m400.04/pattern-/cluster/gpg/ciaran/sip-benchmarks/benchmarks/si4_rand_r001_400/si4_r001_m400.04/target
        parameters=/cluster/gpg/ciaran/sip-benchmarks/benchmarks/si4_rand_r001_400/si4_r001_m400.04/pattern,/cluster/gpg/ciaran/sip-benchmarks/benchmarks/si4_rand_r001_400/si4_r001_m400.04/target
      

   loading variables...
        nbVariables=160  nbDomainTypes=1  nbTotalValues=64000  domainSizes=(400:160)
          =>  wckTime=0.227  cpuTime=0.337  mem=6M598

   loading objectives...

   loading constraints...
        nbConstraints=323  nbSpecificConstraints=1  nbExtensionStructures=(1,shared:321)  nbConflictsStructures=(1,shared:321,unbuilt:1)
        degrees=(2:11)(3:23)(4:33)...(8:8)(9:6)(10:1)  arities=(2:322)(160:1)  types=(AllDifferent:1)(ConstraintHardExtensionV-Bits:322)
          =>  wckTime=0.393  cpuTime=0.496  mem=17M625

   INFO : <!-- Start saving the XML representation -->

   INFO : <!-- Stop saving the XML representation of target.xml -->

   Solver SolverBacktrack being built... 
          =>  wckTime=0.686  cpuTime=0.737  mem=21M494

    instantiation X0=75 X1=84 X2=392 X3=331 X4=209 X5=64 X6=382 X7=272 X8=342 X9=202 X10=364 X11=362 X12=130 X13=251 X14=386 X15=56 X16=219 X17=91 X18=295 X19=46 X20=70 X21=181 X22=108 X23=387 X24=260 X25=320 X26=265 X27=129 X28=394 X29=215 X30=338 X31=139 X32=354 X33=289 X34=228 X35=33 X36=361 X37=81 X38=54 X39=44 X40=113 X41=9 X42=151 X43=45 X44=47 X45=239 X46=346 X47=345 X48=26 X49=396 X50=137 X51=34 X52=156 X53=319 X54=246 X55=37 X56=82 X57=356 X58=203 X59=6 X60=379 X61=28 X62=211 X63=109 X64=12 X65=339 X66=105 X67=318 X68=173 X69=201 X70=344 X71=222 X72=100 X73=261 X74=135 X75=175 X76=22 X77=85 X78=279 X79=1 X80=292 X81=234 X82=41 X83=5 X84=18 X85=78 X86=158 X87=330 X88=43 X89=365 X90=189 X91=359 X92=69 X93=343 X94=72 X95=66 X96=127 X97=174 X98=101 X99=103 X100=132 X101=172 X102=155 X103=39 X104=218 X105=335 X106=353 X107=276 X108=83 X109=269 X110=92 X111=179 X112=143 X113=51 X114=301 X115=154 X116=125 X117=0 X118=95 X119=199 X120=373 X121=157 X122=368 X123=310 X124=145 X125=8 X126=62 X127=106 X128=14 X129=333 X130=271 X131=348 X132=317 X133=258 X134=23 X135=395 X136=187 X137=390 X138=19 X139=65 X140=334 X141=235 X142=378 X143=313 X144=184 X145=24 X146=266 X147=224 X148=7 X149=141 X150=296 X151=53 X152=153 X153=388 X154=360 X155=119 X156=182 X157=25 X158=341 X159=79 

    solution X0=75 X1=84 X2=392 X3=331 X4=209 X5=64 X6=382 X7=272 X8=342 X9=202 X10=364 X11=362 X12=130 X13=251 X14=386 X15=56 X16=219 X17=91 X18=295 X19=46 X20=70 X21=181 X22=108 X23=387 X24=260 X25=320 X26=265 X27=129 X28=394 X29=215 X30=338 X31=139 X32=354 X33=289 X34=228 X35=33 X36=361 X37=81 X38=54 X39=44 X40=113 X41=9 X42=151 X43=45 X44=47 X45=239 X46=346 X47=345 X48=26 X49=396 X50=137 X51=34 X52=156 X53=319 X54=246 X55=37 X56=82 X57=356 X58=203 X59=6 X60=379 X61=28 X62=211 X63=109 X64=12 X65=339 X66=105 X67=318 X68=173 X69=201 X70=344 X71=222 X72=100 X73=261 X74=135 X75=175 X76=22 X77=85 X78=279 X79=1 X80=292 X81=234 X82=41 X83=5 X84=18 X85=78 X86=158 X87=330 X88=43 X89=365 X90=189 X91=359 X92=69 X93=343 X94=72 X95=66 X96=127 X97=174 X98=101 X99=103 X100=132 X101=172 X102=155 X103=39 X104=218 X105=335 X106=353 X107=276 X108=83 X109=269 X110=92 X111=179 X112=143 X113=51 X114=301 X115=154 X116=125 X117=0 X118=95 X119=199 X120=373 X121=157 X122=368 X123=310 X124=145 X125=8 X126=62 X127=106 X128=14 X129=333 X130=271 X131=348 X132=317 X133=258 X134=23 X135=395 X136=187 X137=390 X138=19 X139=65 X140=334 X141=235 X142=378 X143=313 X144=184 X145=24 X146=266 X147=224 X148=7 X149=141 X150=296 X151=53 X152=153 X153=388 X154=360 X155=119 X156=182 X157=25 X158=341 X159=79 

   
   search
        run=0  nbConstraintChecks=323  depth=(min:0,max:159,avg:1)  nbEffectivePropagations=20  nbRevisions=2100  nbUselessRevisions=2098
        nbAssignments=289  nbFailedAssignments=129  nbBacktracks=0  nbVisitedNodes=419  nbRestartNogoods=0  nbFoundSolutions=1
        upperBound=9223372036854775807
          =>  wckTime=9.97  cpuTime=10.587  mem=67M929

   
   global
        nbConstraintChecks=323  nbEffectivePropagations=20  nbRevisions=2100  nbUselessRevisions=2098  nbRestartNogoods=0  solvingWckTime=9.971
        expiredTime=no  totalExploration=no  nbFoundSolutions=1  firstSolutionCpuTime=10.583  Stop=REACHED_GOAL
          =>  wckTime=10.657  cpuTime=10.587  mem=67M929

s SATISFIABLE
v X0=75 X1=84 X2=392 X3=331 X4=209 X5=64 X6=382 X7=272 X8=342 X9=202 X10=364 X11=362 X12=130 X13=251 X14=386 X15=56 X16=219 X17=91 X18=295 X19=46 X20=70 X21=181 X22=108 X23=387 X24=260 X25=320 X26=265 X27=129 X28=394 X29=215 X30=338 X31=139 X32=354 X33=289 X34=228 X35=33 X36=361 X37=81 X38=54 X39=44 X40=113 X41=9 X42=151 X43=45 X44=47 X45=239 X46=346 X47=345 X48=26 X49=396 X50=137 X51=34 X52=156 X53=319 X54=246 X55=37 X56=82 X57=356 X58=203 X59=6 X60=379 X61=28 X62=211 X63=109 X64=12 X65=339 X66=105 X67=318 X68=173 X69=201 X70=344 X71=222 X72=100 X73=261 X74=135 X75=175 X76=22 X77=85 X78=279 X79=1 X80=292 X81=234 X82=41 X83=5 X84=18 X85=78 X86=158 X87=330 X88=43 X89=365 X90=189 X91=359 X92=69 X93=343 X94=72 X95=66 X96=127 X97=174 X98=101 X99=103 X100=132 X101=172 X102=155 X103=39 X104=218 X105=335 X106=353 X107=276 X108=83 X109=269 X110=92 X111=179 X112=143 X113=51 X114=301 X115=154 X116=125 X117=0 X118=95 X119=199 X120=373 X121=157 X122=368 X123=310 X124=145 X125=8 X126=62 X127=106 X128=14 X129=333 X130=271 X131=348 X132=317 X133=258 X134=23 X135=395 X136=187 X137=390 X138=19 X139=65 X140=334 X141=235 X142=378 X143=313 X144=184 X145=24 X146=266 X147=224 X148=7 X149=141 X150=296 X151=53 X152=153 X153=388 X154=360 X155=119 X156=182 X157=25 X158=341 X159=79 
d NODES 289

   totalWckTime=10.551  totalCpuTime=10.588
