
   AbsCon 1.41 (January, 2014) - defaultConfiguration

   
   instance
        framework=CSP  name=Isomorphism-/cluster/gpg/ciaran/sip-benchmarks/benchmarks/si4_m4D_m4Dr4_625/si4_m4Dr4_m625.03/pattern-/cluster/gpg/ciaran/sip-benchmarks/benchmarks/si4_m4D_m4Dr4_625/si4_m4Dr4_m625.03/target
        parameters=/cluster/gpg/ciaran/sip-benchmarks/benchmarks/si4_m4D_m4Dr4_625/si4_m4Dr4_m625.03/pattern,/cluster/gpg/ciaran/sip-benchmarks/benchmarks/si4_m4D_m4Dr4_625/si4_m4Dr4_m625.03/target
      

   loading variables...
        nbVariables=250  nbDomainTypes=1  nbTotalValues=156250  domainSizes=(625:250)
          =>  wckTime=0.211  cpuTime=0.312  mem=11M54

   loading objectives...

   loading constraints...
        nbConstraints=519  nbSpecificConstraints=1  nbExtensionStructures=(1,shared:517)  nbConflictsStructures=(1,shared:517,unbuilt:1)
        degrees=(2:27)(3:37)(4:50)...(9:12)(10:6)(11:2)  arities=(2:518)(250:1)  types=(AllDifferent:1)(ConstraintHardExtensionV-Bits:518)
          =>  wckTime=0.414  cpuTime=0.502  mem=29M879

   INFO : <!-- Start saving the XML representation -->

   INFO : <!-- Stop saving the XML representation of target.xml -->

   Solver SolverBacktrack being built... 
          =>  wckTime=0.822  cpuTime=0.869  mem=37M864

    instantiation X0=0 X1=18 X2=41 X3=129 X4=295 X5=489 X6=501 X7=552 X8=118 X9=223 X10=248 X11=317 X12=449 X13=549 X14=19 X15=88 X16=200 X17=297 X18=320 X19=466 X20=53 X21=330 X22=402 X23=404 X24=565 X25=125 X26=257 X27=397 X28=438 X29=532 X30=533 X31=619 X32=296 X33=37 X34=328 X35=97 X36=16 X37=47 X38=220 X39=463 X40=70 X41=503 X42=604 X43=45 X44=68 X45=387 X46=442 X47=573 X48=433 X49=529 X50=31 X51=98 X52=333 X53=337 X54=349 X55=406 X56=514 X57=465 X58=160 X59=196 X60=48 X61=270 X62=384 X63=557 X64=275 X65=278 X66=286 X67=355 X68=412 X69=473 X70=497 X71=6 X72=165 X73=212 X74=264 X75=318 X76=363 X77=578 X78=599 X79=606 X80=178 X81=166 X82=429 X83=547 X84=555 X85=104 X86=219 X87=224 X88=492 X89=420 X90=277 X91=592 X92=60 X93=153 X94=169 X95=339 X96=359 X97=427 X98=434 X99=100 X100=237 X101=348 X102=472 X103=554 X104=170 X105=227 X106=274 X107=409 X108=411 X109=491 X110=40 X111=450 X112=570 X113=294 X114=302 X115=372 X116=623 X117=417 X118=228 X119=443 X120=23 X121=392 X122=543 X123=201 X124=477 X125=236 X126=71 X127=204 X128=262 X129=571 X130=107 X131=486 X132=608 X133=74 X134=505 X135=546 X136=564 X137=191 X138=394 X139=572 X140=582 X141=344 X142=423 X143=518 X144=30 X145=146 X146=413 X147=315 X148=188 X149=300 X150=324 X151=207 X152=311 X153=601 X154=618 X155=624 X156=310 X157=329 X158=567 X159=609 X160=103 X161=194 X162=249 X163=287 X164=436 X165=458 X166=575 X167=589 X168=167 X169=76 X170=172 X171=206 X172=218 X173=386 X174=577 X175=101 X176=106 X177=124 X178=197 X179=49 X180=226 X181=335 X182=528 X183=1 X184=132 X185=430 X186=551 X187=590 X188=14 X189=108 X190=391 X191=482 X192=184 X193=598 X194=260 X195=338 X196=343 X197=534 X198=620 X199=69 X200=152 X201=214 X202=616 X203=180 X204=199 X205=231 X206=531 X207=77 X208=369 X209=389 X210=399 X211=415 X212=459 X213=26 X214=168 X215=225 X216=416 X217=66 X218=154 X219=247 X220=141 X221=50 X222=258 X223=367 X224=595 X225=4 X226=32 X227=203 X228=285 X229=365 X230=28 X231=36 X232=123 X233=162 X234=381 X235=39 X236=52 X237=149 X238=353 X239=515 X240=574 X241=65 X242=235 X243=550 X244=134 X245=179 X246=493 X247=522 X248=561 X249=266 

    solution X0=0 X1=18 X2=41 X3=129 X4=295 X5=489 X6=501 X7=552 X8=118 X9=223 X10=248 X11=317 X12=449 X13=549 X14=19 X15=88 X16=200 X17=297 X18=320 X19=466 X20=53 X21=330 X22=402 X23=404 X24=565 X25=125 X26=257 X27=397 X28=438 X29=532 X30=533 X31=619 X32=296 X33=37 X34=328 X35=97 X36=16 X37=47 X38=220 X39=463 X40=70 X41=503 X42=604 X43=45 X44=68 X45=387 X46=442 X47=573 X48=433 X49=529 X50=31 X51=98 X52=333 X53=337 X54=349 X55=406 X56=514 X57=465 X58=160 X59=196 X60=48 X61=270 X62=384 X63=557 X64=275 X65=278 X66=286 X67=355 X68=412 X69=473 X70=497 X71=6 X72=165 X73=212 X74=264 X75=318 X76=363 X77=578 X78=599 X79=606 X80=178 X81=166 X82=429 X83=547 X84=555 X85=104 X86=219 X87=224 X88=492 X89=420 X90=277 X91=592 X92=60 X93=153 X94=169 X95=339 X96=359 X97=427 X98=434 X99=100 X100=237 X101=348 X102=472 X103=554 X104=170 X105=227 X106=274 X107=409 X108=411 X109=491 X110=40 X111=450 X112=570 X113=294 X114=302 X115=372 X116=623 X117=417 X118=228 X119=443 X120=23 X121=392 X122=543 X123=201 X124=477 X125=236 X126=71 X127=204 X128=262 X129=571 X130=107 X131=486 X132=608 X133=74 X134=505 X135=546 X136=564 X137=191 X138=394 X139=572 X140=582 X141=344 X142=423 X143=518 X144=30 X145=146 X146=413 X147=315 X148=188 X149=300 X150=324 X151=207 X152=311 X153=601 X154=618 X155=624 X156=310 X157=329 X158=567 X159=609 X160=103 X161=194 X162=249 X163=287 X164=436 X165=458 X166=575 X167=589 X168=167 X169=76 X170=172 X171=206 X172=218 X173=386 X174=577 X175=101 X176=106 X177=124 X178=197 X179=49 X180=226 X181=335 X182=528 X183=1 X184=132 X185=430 X186=551 X187=590 X188=14 X189=108 X190=391 X191=482 X192=184 X193=598 X194=260 X195=338 X196=343 X197=534 X198=620 X199=69 X200=152 X201=214 X202=616 X203=180 X204=199 X205=231 X206=531 X207=77 X208=369 X209=389 X210=399 X211=415 X212=459 X213=26 X214=168 X215=225 X216=416 X217=66 X218=154 X219=247 X220=141 X221=50 X222=258 X223=367 X224=595 X225=4 X226=32 X227=203 X228=285 X229=365 X230=28 X231=36 X232=123 X233=162 X234=381 X235=39 X236=52 X237=149 X238=353 X239=515 X240=574 X241=65 X242=235 X243=550 X244=134 X245=179 X246=493 X247=522 X248=561 X249=266 

   
   search
        run=0  nbConstraintChecks=519  depth=(min:0,max:249,avg:1)  nbEffectivePropagations=278  nbRevisions=6367  nbUselessRevisions=6167
        nbAssignments=570  nbFailedAssignments=320  nbBacktracks=0  nbVisitedNodes=891  nbRestartNogoods=0  nbFoundSolutions=1
        upperBound=9223372036854775807
          =>  wckTime=20.825  cpuTime=21.424  mem=297M188

   
   global
        nbConstraintChecks=519  nbEffectivePropagations=278  nbRevisions=6367  nbUselessRevisions=6167  nbRestartNogoods=0  solvingWckTime=20.825
        expiredTime=no  totalExploration=no  nbFoundSolutions=1  firstSolutionCpuTime=21.418  Stop=REACHED_GOAL
          =>  wckTime=21.647  cpuTime=21.424  mem=297M188

s SATISFIABLE
v X0=0 X1=18 X2=41 X3=129 X4=295 X5=489 X6=501 X7=552 X8=118 X9=223 X10=248 X11=317 X12=449 X13=549 X14=19 X15=88 X16=200 X17=297 X18=320 X19=466 X20=53 X21=330 X22=402 X23=404 X24=565 X25=125 X26=257 X27=397 X28=438 X29=532 X30=533 X31=619 X32=296 X33=37 X34=328 X35=97 X36=16 X37=47 X38=220 X39=463 X40=70 X41=503 X42=604 X43=45 X44=68 X45=387 X46=442 X47=573 X48=433 X49=529 X50=31 X51=98 X52=333 X53=337 X54=349 X55=406 X56=514 X57=465 X58=160 X59=196 X60=48 X61=270 X62=384 X63=557 X64=275 X65=278 X66=286 X67=355 X68=412 X69=473 X70=497 X71=6 X72=165 X73=212 X74=264 X75=318 X76=363 X77=578 X78=599 X79=606 X80=178 X81=166 X82=429 X83=547 X84=555 X85=104 X86=219 X87=224 X88=492 X89=420 X90=277 X91=592 X92=60 X93=153 X94=169 X95=339 X96=359 X97=427 X98=434 X99=100 X100=237 X101=348 X102=472 X103=554 X104=170 X105=227 X106=274 X107=409 X108=411 X109=491 X110=40 X111=450 X112=570 X113=294 X114=302 X115=372 X116=623 X117=417 X118=228 X119=443 X120=23 X121=392 X122=543 X123=201 X124=477 X125=236 X126=71 X127=204 X128=262 X129=571 X130=107 X131=486 X132=608 X133=74 X134=505 X135=546 X136=564 X137=191 X138=394 X139=572 X140=582 X141=344 X142=423 X143=518 X144=30 X145=146 X146=413 X147=315 X148=188 X149=300 X150=324 X151=207 X152=311 X153=601 X154=618 X155=624 X156=310 X157=329 X158=567 X159=609 X160=103 X161=194 X162=249 X163=287 X164=436 X165=458 X166=575 X167=589 X168=167 X169=76 X170=172 X171=206 X172=218 X173=386 X174=577 X175=101 X176=106 X177=124 X178=197 X179=49 X180=226 X181=335 X182=528 X183=1 X184=132 X185=430 X186=551 X187=590 X188=14 X189=108 X190=391 X191=482 X192=184 X193=598 X194=260 X195=338 X196=343 X197=534 X198=620 X199=69 X200=152 X201=214 X202=616 X203=180 X204=199 X205=231 X206=531 X207=77 X208=369 X209=389 X210=399 X211=415 X212=459 X213=26 X214=168 X215=225 X216=416 X217=66 X218=154 X219=247 X220=141 X221=50 X222=258 X223=367 X224=595 X225=4 X226=32 X227=203 X228=285 X229=365 X230=28 X231=36 X232=123 X233=162 X234=381 X235=39 X236=52 X237=149 X238=353 X239=515 X240=574 X241=65 X242=235 X243=550 X244=134 X245=179 X246=493 X247=522 X248=561 X249=266 
d NODES 570

   totalWckTime=21.541  totalCpuTime=21.425
