
   AbsCon 1.41 (January, 2014) - defaultConfiguration

   
   instance
        framework=CSP  name=Isomorphism-/cluster/gpg/ciaran/sip-benchmarks/benchmarks/si4_rand_r001_400/si4_r001_m400.03/pattern-/cluster/gpg/ciaran/sip-benchmarks/benchmarks/si4_rand_r001_400/si4_r001_m400.03/target
        parameters=/cluster/gpg/ciaran/sip-benchmarks/benchmarks/si4_rand_r001_400/si4_r001_m400.03/pattern,/cluster/gpg/ciaran/sip-benchmarks/benchmarks/si4_rand_r001_400/si4_r001_m400.03/target
      

   loading variables...
        nbVariables=160  nbDomainTypes=1  nbTotalValues=64000  domainSizes=(400:160)
          =>  wckTime=0.206  cpuTime=0.33  mem=9M80

   loading objectives...

   loading constraints...
        nbConstraints=320  nbSpecificConstraints=1  nbExtensionStructures=(1,shared:318)  nbConflictsStructures=(1,shared:318,unbuilt:1)
        degrees=(2:10)(3:32)(4:38)...(9:6)(10:4)(11:1)  arities=(2:319)(160:1)  types=(AllDifferent:1)(ConstraintHardExtensionV-Bits:319)
          =>  wckTime=0.382  cpuTime=0.498  mem=13M445

   INFO : <!-- Start saving the XML representation -->

   INFO : <!-- Stop saving the XML representation of target.xml -->

   Solver SolverBacktrack being built... 
          =>  wckTime=0.628  cpuTime=0.715  mem=22M609

    instantiation X0=28 X1=370 X2=41 X3=183 X4=6 X5=202 X6=365 X7=43 X8=159 X9=251 X10=335 X11=294 X12=290 X13=74 X14=361 X15=139 X16=279 X17=366 X18=372 X19=45 X20=367 X21=164 X22=64 X23=281 X24=25 X25=348 X26=0 X27=391 X28=23 X29=228 X30=97 X31=124 X32=106 X33=118 X34=83 X35=63 X36=8 X37=378 X38=389 X39=246 X40=27 X41=59 X42=21 X43=209 X44=398 X45=129 X46=61 X47=280 X48=162 X49=152 X50=168 X51=58 X52=53 X53=273 X54=36 X55=101 X56=119 X57=39 X58=22 X59=249 X60=311 X61=105 X62=227 X63=31 X64=302 X65=223 X66=224 X67=336 X68=308 X69=339 X70=252 X71=4 X72=334 X73=151 X74=240 X75=331 X76=269 X77=68 X78=179 X79=37 X80=357 X81=388 X82=368 X83=69 X84=238 X85=80 X86=51 X87=178 X88=304 X89=195 X90=239 X91=109 X92=250 X93=87 X94=374 X95=272 X96=208 X97=215 X98=323 X99=117 X100=49 X101=54 X102=194 X103=221 X104=136 X105=7 X106=2 X107=153 X108=193 X109=233 X110=18 X111=354 X112=244 X113=303 X114=82 X115=13 X116=112 X117=349 X118=167 X119=38 X120=340 X121=3 X122=287 X123=175 X124=267 X125=265 X126=256 X127=140 X128=81 X129=99 X130=266 X131=76 X132=362 X133=177 X134=91 X135=14 X136=20 X137=30 X138=189 X139=301 X140=333 X141=241 X142=100 X143=276 X144=144 X145=34 X146=5 X147=108 X148=206 X149=142 X150=26 X151=89 X152=147 X153=11 X154=229 X155=111 X156=359 X157=219 X158=128 X159=288 

    solution X0=28 X1=370 X2=41 X3=183 X4=6 X5=202 X6=365 X7=43 X8=159 X9=251 X10=335 X11=294 X12=290 X13=74 X14=361 X15=139 X16=279 X17=366 X18=372 X19=45 X20=367 X21=164 X22=64 X23=281 X24=25 X25=348 X26=0 X27=391 X28=23 X29=228 X30=97 X31=124 X32=106 X33=118 X34=83 X35=63 X36=8 X37=378 X38=389 X39=246 X40=27 X41=59 X42=21 X43=209 X44=398 X45=129 X46=61 X47=280 X48=162 X49=152 X50=168 X51=58 X52=53 X53=273 X54=36 X55=101 X56=119 X57=39 X58=22 X59=249 X60=311 X61=105 X62=227 X63=31 X64=302 X65=223 X66=224 X67=336 X68=308 X69=339 X70=252 X71=4 X72=334 X73=151 X74=240 X75=331 X76=269 X77=68 X78=179 X79=37 X80=357 X81=388 X82=368 X83=69 X84=238 X85=80 X86=51 X87=178 X88=304 X89=195 X90=239 X91=109 X92=250 X93=87 X94=374 X95=272 X96=208 X97=215 X98=323 X99=117 X100=49 X101=54 X102=194 X103=221 X104=136 X105=7 X106=2 X107=153 X108=193 X109=233 X110=18 X111=354 X112=244 X113=303 X114=82 X115=13 X116=112 X117=349 X118=167 X119=38 X120=340 X121=3 X122=287 X123=175 X124=267 X125=265 X126=256 X127=140 X128=81 X129=99 X130=266 X131=76 X132=362 X133=177 X134=91 X135=14 X136=20 X137=30 X138=189 X139=301 X140=333 X141=241 X142=100 X143=276 X144=144 X145=34 X146=5 X147=108 X148=206 X149=142 X150=26 X151=89 X152=147 X153=11 X154=229 X155=111 X156=359 X157=219 X158=128 X159=288 

   
   search
        run=0  nbConstraintChecks=320  depth=(min:0,max:159,avg:1)  nbEffectivePropagations=970  nbRevisions=10219  nbUselessRevisions=9275
        nbAssignments=528  nbFailedAssignments=368  nbBacktracks=0  nbVisitedNodes=897  nbRestartNogoods=0  nbFoundSolutions=1
        upperBound=9223372036854775807
          =>  wckTime=20.441  cpuTime=20.996  mem=114M807

   
   global
        nbConstraintChecks=320  nbEffectivePropagations=970  nbRevisions=10219  nbUselessRevisions=9275  nbRestartNogoods=0  solvingWckTime=20.442
        expiredTime=no  totalExploration=no  nbFoundSolutions=1  firstSolutionCpuTime=20.992  Stop=REACHED_GOAL
          =>  wckTime=21.07  cpuTime=20.997  mem=114M807

s SATISFIABLE
v X0=28 X1=370 X2=41 X3=183 X4=6 X5=202 X6=365 X7=43 X8=159 X9=251 X10=335 X11=294 X12=290 X13=74 X14=361 X15=139 X16=279 X17=366 X18=372 X19=45 X20=367 X21=164 X22=64 X23=281 X24=25 X25=348 X26=0 X27=391 X28=23 X29=228 X30=97 X31=124 X32=106 X33=118 X34=83 X35=63 X36=8 X37=378 X38=389 X39=246 X40=27 X41=59 X42=21 X43=209 X44=398 X45=129 X46=61 X47=280 X48=162 X49=152 X50=168 X51=58 X52=53 X53=273 X54=36 X55=101 X56=119 X57=39 X58=22 X59=249 X60=311 X61=105 X62=227 X63=31 X64=302 X65=223 X66=224 X67=336 X68=308 X69=339 X70=252 X71=4 X72=334 X73=151 X74=240 X75=331 X76=269 X77=68 X78=179 X79=37 X80=357 X81=388 X82=368 X83=69 X84=238 X85=80 X86=51 X87=178 X88=304 X89=195 X90=239 X91=109 X92=250 X93=87 X94=374 X95=272 X96=208 X97=215 X98=323 X99=117 X100=49 X101=54 X102=194 X103=221 X104=136 X105=7 X106=2 X107=153 X108=193 X109=233 X110=18 X111=354 X112=244 X113=303 X114=82 X115=13 X116=112 X117=349 X118=167 X119=38 X120=340 X121=3 X122=287 X123=175 X124=267 X125=265 X126=256 X127=140 X128=81 X129=99 X130=266 X131=76 X132=362 X133=177 X134=91 X135=14 X136=20 X137=30 X138=189 X139=301 X140=333 X141=241 X142=100 X143=276 X144=144 X145=34 X146=5 X147=108 X148=206 X149=142 X150=26 X151=89 X152=147 X153=11 X154=229 X155=111 X156=359 X157=219 X158=128 X159=288 
d NODES 528

   totalWckTime=20.97  totalCpuTime=20.997
