
   AbsCon 1.41 (January, 2014) - defaultConfiguration

   
   instance
        framework=CSP  name=Isomorphism-/cluster/gpg/ciaran/sip-benchmarks/benchmarks/si4_bvg_b09_400/si4_b09_m400.03/pattern-/cluster/gpg/ciaran/sip-benchmarks/benchmarks/si4_bvg_b09_400/si4_b09_m400.03/target
        parameters=/cluster/gpg/ciaran/sip-benchmarks/benchmarks/si4_bvg_b09_400/si4_b09_m400.03/pattern,/cluster/gpg/ciaran/sip-benchmarks/benchmarks/si4_bvg_b09_400/si4_b09_m400.03/target
      

   loading variables...
        nbVariables=160  nbDomainTypes=1  nbTotalValues=64000  domainSizes=(400:160)
          =>  wckTime=0.184  cpuTime=0.302  mem=6M542

   loading objectives...

   loading constraints...
        nbConstraints=697  nbSpecificConstraints=1  nbExtensionStructures=(1,shared:695)  nbConflictsStructures=(1,shared:695,unbuilt:1)
        degrees=(5:2)(6:4)(7:4)(8:4)(9:2)(10:144)  arities=(2:696)(160:1)  types=(AllDifferent:1)(ConstraintHardExtensionV-Bits:696)
          =>  wckTime=0.426  cpuTime=0.534  mem=27M915

   INFO : <!-- Start saving the XML representation -->

   INFO : <!-- Stop saving the XML representation of target.xml -->

   Solver SolverBacktrack being built... 
          =>  wckTime=0.683  cpuTime=0.755  mem=23M741

    instantiation X0=0 X1=140 X2=28 X3=194 X4=174 X5=274 X6=219 X7=376 X8=324 X9=315 X10=23 X11=95 X12=117 X13=148 X14=349 X15=25 X16=59 X17=70 X18=72 X19=151 X20=157 X21=159 X22=166 X23=320 X24=313 X25=352 X26=351 X27=359 X28=354 X29=123 X30=236 X31=178 X32=233 X33=260 X34=325 X35=369 X36=154 X37=306 X38=213 X39=57 X40=214 X41=31 X42=87 X43=322 X44=343 X45=241 X46=297 X47=283 X48=335 X49=54 X50=310 X51=19 X52=58 X53=396 X54=146 X55=379 X56=14 X57=280 X58=290 X59=103 X60=384 X61=300 X62=301 X63=36 X64=336 X65=86 X66=224 X67=203 X68=147 X69=258 X70=378 X71=229 X72=17 X73=32 X74=139 X75=201 X76=64 X77=353 X78=360 X79=181 X80=281 X81=77 X82=52 X83=348 X84=191 X85=269 X86=377 X87=107 X88=226 X89=311 X90=11 X91=286 X92=143 X93=239 X94=275 X95=329 X96=217 X97=202 X98=223 X99=105 X100=62 X101=235 X102=381 X103=279 X104=189 X105=56 X106=293 X107=316 X108=104 X109=251 X110=144 X111=199 X112=211 X113=246 X114=366 X115=171 X116=250 X117=158 X118=83 X119=347 X120=42 X121=15 X122=372 X123=135 X124=346 X125=247 X126=13 X127=363 X128=177 X129=125 X130=234 X131=2 X132=40 X133=272 X134=167 X135=115 X136=361 X137=380 X138=307 X139=222 X140=326 X141=391 X142=165 X143=124 X144=338 X145=305 X146=271 X147=267 X148=333 X149=67 X150=53 X151=350 X152=255 X153=327 X154=328 X155=334 X156=331 X157=61 X158=133 X159=383 

    solution X0=0 X1=140 X2=28 X3=194 X4=174 X5=274 X6=219 X7=376 X8=324 X9=315 X10=23 X11=95 X12=117 X13=148 X14=349 X15=25 X16=59 X17=70 X18=72 X19=151 X20=157 X21=159 X22=166 X23=320 X24=313 X25=352 X26=351 X27=359 X28=354 X29=123 X30=236 X31=178 X32=233 X33=260 X34=325 X35=369 X36=154 X37=306 X38=213 X39=57 X40=214 X41=31 X42=87 X43=322 X44=343 X45=241 X46=297 X47=283 X48=335 X49=54 X50=310 X51=19 X52=58 X53=396 X54=146 X55=379 X56=14 X57=280 X58=290 X59=103 X60=384 X61=300 X62=301 X63=36 X64=336 X65=86 X66=224 X67=203 X68=147 X69=258 X70=378 X71=229 X72=17 X73=32 X74=139 X75=201 X76=64 X77=353 X78=360 X79=181 X80=281 X81=77 X82=52 X83=348 X84=191 X85=269 X86=377 X87=107 X88=226 X89=311 X90=11 X91=286 X92=143 X93=239 X94=275 X95=329 X96=217 X97=202 X98=223 X99=105 X100=62 X101=235 X102=381 X103=279 X104=189 X105=56 X106=293 X107=316 X108=104 X109=251 X110=144 X111=199 X112=211 X113=246 X114=366 X115=171 X116=250 X117=158 X118=83 X119=347 X120=42 X121=15 X122=372 X123=135 X124=346 X125=247 X126=13 X127=363 X128=177 X129=125 X130=234 X131=2 X132=40 X133=272 X134=167 X135=115 X136=361 X137=380 X138=307 X139=222 X140=326 X141=391 X142=165 X143=124 X144=338 X145=305 X146=271 X147=267 X148=333 X149=67 X150=53 X151=350 X152=255 X153=327 X154=328 X155=334 X156=331 X157=61 X158=133 X159=383 

   
   search
        run=0  nbConstraintChecks=697  depth=(min:161,max:159,avg:0)  nbEffectivePropagations=2  nbRevisions=3410  nbUselessRevisions=3410
        nbAssignments=160  nbFailedAssignments=0  nbBacktracks=0  nbVisitedNodes=161  nbRestartNogoods=0  nbFoundSolutions=1
        upperBound=9223372036854775807
          =>  wckTime=4.889  cpuTime=5.563  mem=116M201

   
   global
        nbConstraintChecks=697  nbEffectivePropagations=2  nbRevisions=3410  nbUselessRevisions=3410  nbRestartNogoods=0  solvingWckTime=4.889
        expiredTime=no  totalExploration=no  nbFoundSolutions=1  firstSolutionCpuTime=5.555  Stop=REACHED_GOAL
          =>  wckTime=5.572  cpuTime=5.564  mem=116M201

s SATISFIABLE
v X0=0 X1=140 X2=28 X3=194 X4=174 X5=274 X6=219 X7=376 X8=324 X9=315 X10=23 X11=95 X12=117 X13=148 X14=349 X15=25 X16=59 X17=70 X18=72 X19=151 X20=157 X21=159 X22=166 X23=320 X24=313 X25=352 X26=351 X27=359 X28=354 X29=123 X30=236 X31=178 X32=233 X33=260 X34=325 X35=369 X36=154 X37=306 X38=213 X39=57 X40=214 X41=31 X42=87 X43=322 X44=343 X45=241 X46=297 X47=283 X48=335 X49=54 X50=310 X51=19 X52=58 X53=396 X54=146 X55=379 X56=14 X57=280 X58=290 X59=103 X60=384 X61=300 X62=301 X63=36 X64=336 X65=86 X66=224 X67=203 X68=147 X69=258 X70=378 X71=229 X72=17 X73=32 X74=139 X75=201 X76=64 X77=353 X78=360 X79=181 X80=281 X81=77 X82=52 X83=348 X84=191 X85=269 X86=377 X87=107 X88=226 X89=311 X90=11 X91=286 X92=143 X93=239 X94=275 X95=329 X96=217 X97=202 X98=223 X99=105 X100=62 X101=235 X102=381 X103=279 X104=189 X105=56 X106=293 X107=316 X108=104 X109=251 X110=144 X111=199 X112=211 X113=246 X114=366 X115=171 X116=250 X117=158 X118=83 X119=347 X120=42 X121=15 X122=372 X123=135 X124=346 X125=247 X126=13 X127=363 X128=177 X129=125 X130=234 X131=2 X132=40 X133=272 X134=167 X135=115 X136=361 X137=380 X138=307 X139=222 X140=326 X141=391 X142=165 X143=124 X144=338 X145=305 X146=271 X147=267 X148=333 X149=67 X150=53 X151=350 X152=255 X153=327 X154=328 X155=334 X156=331 X157=61 X158=133 X159=383 
d NODES 160

   totalWckTime=5.481  totalCpuTime=5.565
