
   AbsCon 1.41 (January, 2014) - defaultConfiguration

   
   instance
        framework=CSP  name=Isomorphism-/cluster/gpg/ciaran/sip-benchmarks/benchmarks/si4_rand_r005_600/si4_r005_m600.05/pattern-/cluster/gpg/ciaran/sip-benchmarks/benchmarks/si4_rand_r005_600/si4_r005_m600.05/target
        parameters=/cluster/gpg/ciaran/sip-benchmarks/benchmarks/si4_rand_r005_600/si4_r005_m600.05/pattern,/cluster/gpg/ciaran/sip-benchmarks/benchmarks/si4_rand_r005_600/si4_r005_m600.05/target
      

   loading variables...
        nbVariables=240  nbDomainTypes=1  nbTotalValues=144000  domainSizes=(600:240)
          =>  wckTime=0.269  cpuTime=0.39  mem=13M393

   loading objectives...

   loading constraints...
        nbConstraints=2748  nbSpecificConstraints=1  nbExtensionStructures=(1,shared:2746)  nbConflictsStructures=(1,shared:2746,unbuilt:1)
        degrees=(13:2)(14:3)(15:2)...(34:3)(35:4)(36:1)  arities=(2:2747)(240:1)  types=(AllDifferent:1)(ConstraintHardExtensionV-Bits:2747)
          =>  wckTime=2.164  cpuTime=2.23  mem=38M881

   INFO : <!-- Start saving the XML representation -->

   INFO : <!-- Stop saving the XML representation of target.xml -->

   Solver SolverBacktrack being built... 
          =>  wckTime=2.575  cpuTime=2.606  mem=102M95

    instantiation X0=209 X1=243 X2=591 X3=464 X4=168 X5=173 X6=341 X7=415 X8=115 X9=483 X10=44 X11=347 X12=198 X13=107 X14=275 X15=165 X16=137 X17=389 X18=136 X19=518 X20=439 X21=100 X22=75 X23=193 X24=546 X25=444 X26=370 X27=421 X28=24 X29=469 X30=410 X31=281 X32=150 X33=205 X34=525 X35=221 X36=364 X37=49 X38=507 X39=212 X40=293 X41=499 X42=132 X43=456 X44=462 X45=290 X46=442 X47=253 X48=480 X49=64 X50=544 X51=83 X52=384 X53=163 X54=599 X55=382 X56=185 X57=239 X58=254 X59=68 X60=272 X61=28 X62=340 X63=145 X64=490 X65=261 X66=259 X67=350 X68=365 X69=373 X70=481 X71=451 X72=308 X73=161 X74=470 X75=498 X76=557 X77=405 X78=561 X79=413 X80=450 X81=547 X82=375 X83=407 X84=128 X85=213 X86=593 X87=101 X88=536 X89=317 X90=127 X91=36 X92=5 X93=302 X94=390 X95=322 X96=208 X97=105 X98=34 X99=258 X100=432 X101=513 X102=339 X103=584 X104=45 X105=576 X106=3 X107=217 X108=531 X109=553 X110=377 X111=505 X112=392 X113=511 X114=550 X115=240 X116=434 X117=489 X118=305 X119=425 X120=87 X121=33 X122=563 X123=595 X124=252 X125=296 X126=155 X127=426 X128=169 X129=25 X130=177 X131=31 X132=113 X133=283 X134=195 X135=494 X136=430 X137=466 X138=378 X139=66 X140=194 X141=402 X142=594 X143=380 X144=556 X145=485 X146=460 X147=294 X148=394 X149=368 X150=244 X151=74 X152=570 X153=227 X154=219 X155=541 X156=323 X157=298 X158=497 X159=412 X160=357 X161=562 X162=471 X163=210 X164=286 X165=479 X166=528 X167=587 X168=174 X169=295 X170=245 X171=598 X172=463 X173=408 X174=280 X175=96 X176=335 X177=579 X178=552 X179=55 X180=590 X181=457 X182=60 X183=141 X184=352 X185=545 X186=41 X187=534 X188=86 X189=148 X190=234 X191=201 X192=585 X193=77 X194=349 X195=538 X196=22 X197=222 X198=176 X199=468 X200=89 X201=318 X202=50 X203=297 X204=276 X205=589 X206=330 X207=385 X208=143 X209=247 X210=214 X211=125 X212=277 X213=38 X214=316 X215=423 X216=39 X217=48 X218=588 X219=270 X220=446 X221=256 X222=512 X223=548 X224=566 X225=455 X226=82 X227=9 X228=255 X229=268 X230=206 X231=493 X232=406 X233=6 X234=555 X235=510 X236=452 X237=211 X238=42 X239=459 

    solution X0=209 X1=243 X2=591 X3=464 X4=168 X5=173 X6=341 X7=415 X8=115 X9=483 X10=44 X11=347 X12=198 X13=107 X14=275 X15=165 X16=137 X17=389 X18=136 X19=518 X20=439 X21=100 X22=75 X23=193 X24=546 X25=444 X26=370 X27=421 X28=24 X29=469 X30=410 X31=281 X32=150 X33=205 X34=525 X35=221 X36=364 X37=49 X38=507 X39=212 X40=293 X41=499 X42=132 X43=456 X44=462 X45=290 X46=442 X47=253 X48=480 X49=64 X50=544 X51=83 X52=384 X53=163 X54=599 X55=382 X56=185 X57=239 X58=254 X59=68 X60=272 X61=28 X62=340 X63=145 X64=490 X65=261 X66=259 X67=350 X68=365 X69=373 X70=481 X71=451 X72=308 X73=161 X74=470 X75=498 X76=557 X77=405 X78=561 X79=413 X80=450 X81=547 X82=375 X83=407 X84=128 X85=213 X86=593 X87=101 X88=536 X89=317 X90=127 X91=36 X92=5 X93=302 X94=390 X95=322 X96=208 X97=105 X98=34 X99=258 X100=432 X101=513 X102=339 X103=584 X104=45 X105=576 X106=3 X107=217 X108=531 X109=553 X110=377 X111=505 X112=392 X113=511 X114=550 X115=240 X116=434 X117=489 X118=305 X119=425 X120=87 X121=33 X122=563 X123=595 X124=252 X125=296 X126=155 X127=426 X128=169 X129=25 X130=177 X131=31 X132=113 X133=283 X134=195 X135=494 X136=430 X137=466 X138=378 X139=66 X140=194 X141=402 X142=594 X143=380 X144=556 X145=485 X146=460 X147=294 X148=394 X149=368 X150=244 X151=74 X152=570 X153=227 X154=219 X155=541 X156=323 X157=298 X158=497 X159=412 X160=357 X161=562 X162=471 X163=210 X164=286 X165=479 X166=528 X167=587 X168=174 X169=295 X170=245 X171=598 X172=463 X173=408 X174=280 X175=96 X176=335 X177=579 X178=552 X179=55 X180=590 X181=457 X182=60 X183=141 X184=352 X185=545 X186=41 X187=534 X188=86 X189=148 X190=234 X191=201 X192=585 X193=77 X194=349 X195=538 X196=22 X197=222 X198=176 X199=468 X200=89 X201=318 X202=50 X203=297 X204=276 X205=589 X206=330 X207=385 X208=143 X209=247 X210=214 X211=125 X212=277 X213=38 X214=316 X215=423 X216=39 X217=48 X218=588 X219=270 X220=446 X221=256 X222=512 X223=548 X224=566 X225=455 X226=82 X227=9 X228=255 X229=268 X230=206 X231=493 X232=406 X233=6 X234=555 X235=510 X236=452 X237=211 X238=42 X239=459 

   
   search
        run=0  nbConstraintChecks=2748  depth=(min:0,max:239,avg:2)  nbEffectivePropagations=2247462  nbRevisions=30584561  nbUselessRevisions=28900948
        nbAssignments=16135  nbFailedAssignments=14773  nbBacktracks=1122  nbVisitedNodes=31610  nbRestartNogoods=0  nbFoundSolutions=1
        upperBound=9223372036854775807
          =>  wckTime=7741.276  cpuTime=7699.876  mem=111M12

   
   global
        nbConstraintChecks=2748  nbEffectivePropagations=2247462  nbRevisions=30584561  nbUselessRevisions=28900948  nbRestartNogoods=0
        solvingWckTime=7741.276  expiredTime=no  totalExploration=no  nbFoundSolutions=1  firstSolutionCpuTime=7699.867  Stop=REACHED_GOAL
          =>  wckTime=7743.852  cpuTime=7699.876  mem=111M12

s SATISFIABLE
v X0=209 X1=243 X2=591 X3=464 X4=168 X5=173 X6=341 X7=415 X8=115 X9=483 X10=44 X11=347 X12=198 X13=107 X14=275 X15=165 X16=137 X17=389 X18=136 X19=518 X20=439 X21=100 X22=75 X23=193 X24=546 X25=444 X26=370 X27=421 X28=24 X29=469 X30=410 X31=281 X32=150 X33=205 X34=525 X35=221 X36=364 X37=49 X38=507 X39=212 X40=293 X41=499 X42=132 X43=456 X44=462 X45=290 X46=442 X47=253 X48=480 X49=64 X50=544 X51=83 X52=384 X53=163 X54=599 X55=382 X56=185 X57=239 X58=254 X59=68 X60=272 X61=28 X62=340 X63=145 X64=490 X65=261 X66=259 X67=350 X68=365 X69=373 X70=481 X71=451 X72=308 X73=161 X74=470 X75=498 X76=557 X77=405 X78=561 X79=413 X80=450 X81=547 X82=375 X83=407 X84=128 X85=213 X86=593 X87=101 X88=536 X89=317 X90=127 X91=36 X92=5 X93=302 X94=390 X95=322 X96=208 X97=105 X98=34 X99=258 X100=432 X101=513 X102=339 X103=584 X104=45 X105=576 X106=3 X107=217 X108=531 X109=553 X110=377 X111=505 X112=392 X113=511 X114=550 X115=240 X116=434 X117=489 X118=305 X119=425 X120=87 X121=33 X122=563 X123=595 X124=252 X125=296 X126=155 X127=426 X128=169 X129=25 X130=177 X131=31 X132=113 X133=283 X134=195 X135=494 X136=430 X137=466 X138=378 X139=66 X140=194 X141=402 X142=594 X143=380 X144=556 X145=485 X146=460 X147=294 X148=394 X149=368 X150=244 X151=74 X152=570 X153=227 X154=219 X155=541 X156=323 X157=298 X158=497 X159=412 X160=357 X161=562 X162=471 X163=210 X164=286 X165=479 X166=528 X167=587 X168=174 X169=295 X170=245 X171=598 X172=463 X173=408 X174=280 X175=96 X176=335 X177=579 X178=552 X179=55 X180=590 X181=457 X182=60 X183=141 X184=352 X185=545 X186=41 X187=534 X188=86 X189=148 X190=234 X191=201 X192=585 X193=77 X194=349 X195=538 X196=22 X197=222 X198=176 X199=468 X200=89 X201=318 X202=50 X203=297 X204=276 X205=589 X206=330 X207=385 X208=143 X209=247 X210=214 X211=125 X212=277 X213=38 X214=316 X215=423 X216=39 X217=48 X218=588 X219=270 X220=446 X221=256 X222=512 X223=548 X224=566 X225=455 X226=82 X227=9 X228=255 X229=268 X230=206 X231=493 X232=406 X233=6 X234=555 X235=510 X236=452 X237=211 X238=42 X239=459 
d NODES 16135

   totalWckTime=7743.753  totalCpuTime=7699.877
