
   AbsCon 1.41 (January, 2014) - defaultConfiguration

   
   instance
        framework=CSP  name=Isomorphism-/cluster/gpg/ciaran/sip-benchmarks/benchmarks/si4_bvg_b09m_400/si4_b09m_m400.02/pattern-/cluster/gpg/ciaran/sip-benchmarks/benchmarks/si4_bvg_b09m_400/si4_b09m_m400.02/target
        parameters=/cluster/gpg/ciaran/sip-benchmarks/benchmarks/si4_bvg_b09m_400/si4_b09m_m400.02/pattern,/cluster/gpg/ciaran/sip-benchmarks/benchmarks/si4_bvg_b09m_400/si4_b09m_m400.02/target
      

   loading variables...
        nbVariables=160  nbDomainTypes=1  nbTotalValues=64000  domainSizes=(400:160)
          =>  wckTime=0.205  cpuTime=0.307  mem=5M755

   loading objectives...

   loading constraints...
        nbConstraints=475  nbSpecificConstraints=1  nbExtensionStructures=(1,shared:473)  nbConflictsStructures=(1,shared:473,unbuilt:1)
        degrees=(2:7)(3:6)(4:25)...(18:2)(19:1)(21:2)  arities=(2:474)(160:1)  types=(AllDifferent:1)(ConstraintHardExtensionV-Bits:474)
          =>  wckTime=0.416  cpuTime=0.509  mem=14M662

   INFO : <!-- Start saving the XML representation -->

   INFO : <!-- Stop saving the XML representation of target.xml -->

   Solver SolverBacktrack being built... 
          =>  wckTime=0.684  cpuTime=0.751  mem=21M955

    instantiation X0=0 X1=6 X2=36 X3=127 X4=130 X5=142 X6=158 X7=188 X8=198 X9=204 X10=208 X11=240 X12=250 X13=301 X14=327 X15=341 X16=382 X17=399 X18=2 X19=5 X20=10 X21=17 X22=48 X23=97 X24=100 X25=174 X26=176 X27=225 X28=228 X29=238 X30=254 X31=256 X32=23 X33=85 X34=92 X35=93 X36=115 X37=123 X38=141 X39=252 X40=274 X41=294 X42=297 X43=14 X44=109 X45=118 X46=147 X47=169 X48=264 X49=310 X50=373 X51=25 X52=33 X53=119 X54=184 X55=201 X56=242 X57=308 X58=20 X59=46 X60=90 X61=108 X62=237 X63=347 X64=395 X65=50 X66=393 X67=9 X68=117 X69=129 X70=143 X71=145 X72=342 X73=350 X74=361 X75=207 X76=103 X77=203 X78=206 X79=227 X80=255 X81=80 X82=135 X83=175 X84=235 X85=292 X86=376 X87=56 X88=148 X89=41 X90=52 X91=59 X92=71 X93=220 X94=99 X95=263 X96=38 X97=261 X98=270 X99=271 X100=323 X101=332 X102=4 X103=212 X104=229 X105=246 X106=81 X107=126 X108=131 X109=161 X110=234 X111=245 X112=265 X113=307 X114=317 X115=388 X116=391 X117=3 X118=54 X119=55 X120=91 X121=114 X122=140 X123=153 X124=267 X125=343 X126=345 X127=11 X128=68 X129=86 X130=112 X131=239 X132=291 X133=321 X134=362 X135=21 X136=30 X137=74 X138=102 X139=122 X140=134 X141=258 X142=259 X143=266 X144=282 X145=283 X146=298 X147=324 X148=330 X149=338 X150=360 X151=155 X152=165 X153=329 X154=18 X155=137 X156=241 X157=337 X158=351 X159=385 

    solution X0=0 X1=6 X2=36 X3=127 X4=130 X5=142 X6=158 X7=188 X8=198 X9=204 X10=208 X11=240 X12=250 X13=301 X14=327 X15=341 X16=382 X17=399 X18=2 X19=5 X20=10 X21=17 X22=48 X23=97 X24=100 X25=174 X26=176 X27=225 X28=228 X29=238 X30=254 X31=256 X32=23 X33=85 X34=92 X35=93 X36=115 X37=123 X38=141 X39=252 X40=274 X41=294 X42=297 X43=14 X44=109 X45=118 X46=147 X47=169 X48=264 X49=310 X50=373 X51=25 X52=33 X53=119 X54=184 X55=201 X56=242 X57=308 X58=20 X59=46 X60=90 X61=108 X62=237 X63=347 X64=395 X65=50 X66=393 X67=9 X68=117 X69=129 X70=143 X71=145 X72=342 X73=350 X74=361 X75=207 X76=103 X77=203 X78=206 X79=227 X80=255 X81=80 X82=135 X83=175 X84=235 X85=292 X86=376 X87=56 X88=148 X89=41 X90=52 X91=59 X92=71 X93=220 X94=99 X95=263 X96=38 X97=261 X98=270 X99=271 X100=323 X101=332 X102=4 X103=212 X104=229 X105=246 X106=81 X107=126 X108=131 X109=161 X110=234 X111=245 X112=265 X113=307 X114=317 X115=388 X116=391 X117=3 X118=54 X119=55 X120=91 X121=114 X122=140 X123=153 X124=267 X125=343 X126=345 X127=11 X128=68 X129=86 X130=112 X131=239 X132=291 X133=321 X134=362 X135=21 X136=30 X137=74 X138=102 X139=122 X140=134 X141=258 X142=259 X143=266 X144=282 X145=283 X146=298 X147=324 X148=330 X149=338 X150=360 X151=155 X152=165 X153=329 X154=18 X155=137 X156=241 X157=337 X158=351 X159=385 

   
   search
        run=0  nbConstraintChecks=475  depth=(min:0,max:159,avg:1)  nbEffectivePropagations=13  nbRevisions=1382  nbUselessRevisions=1382
        nbAssignments=162  nbFailedAssignments=2  nbBacktracks=0  nbVisitedNodes=165  nbRestartNogoods=0  nbFoundSolutions=1
        upperBound=9223372036854775807
          =>  wckTime=5.38  cpuTime=6.019  mem=118M891

   
   global
        nbConstraintChecks=475  nbEffectivePropagations=13  nbRevisions=1382  nbUselessRevisions=1382  nbRestartNogoods=0  solvingWckTime=5.381
        expiredTime=no  totalExploration=no  nbFoundSolutions=1  firstSolutionCpuTime=6.01  Stop=REACHED_GOAL
          =>  wckTime=6.066  cpuTime=6.019  mem=118M891

s SATISFIABLE
v X0=0 X1=6 X2=36 X3=127 X4=130 X5=142 X6=158 X7=188 X8=198 X9=204 X10=208 X11=240 X12=250 X13=301 X14=327 X15=341 X16=382 X17=399 X18=2 X19=5 X20=10 X21=17 X22=48 X23=97 X24=100 X25=174 X26=176 X27=225 X28=228 X29=238 X30=254 X31=256 X32=23 X33=85 X34=92 X35=93 X36=115 X37=123 X38=141 X39=252 X40=274 X41=294 X42=297 X43=14 X44=109 X45=118 X46=147 X47=169 X48=264 X49=310 X50=373 X51=25 X52=33 X53=119 X54=184 X55=201 X56=242 X57=308 X58=20 X59=46 X60=90 X61=108 X62=237 X63=347 X64=395 X65=50 X66=393 X67=9 X68=117 X69=129 X70=143 X71=145 X72=342 X73=350 X74=361 X75=207 X76=103 X77=203 X78=206 X79=227 X80=255 X81=80 X82=135 X83=175 X84=235 X85=292 X86=376 X87=56 X88=148 X89=41 X90=52 X91=59 X92=71 X93=220 X94=99 X95=263 X96=38 X97=261 X98=270 X99=271 X100=323 X101=332 X102=4 X103=212 X104=229 X105=246 X106=81 X107=126 X108=131 X109=161 X110=234 X111=245 X112=265 X113=307 X114=317 X115=388 X116=391 X117=3 X118=54 X119=55 X120=91 X121=114 X122=140 X123=153 X124=267 X125=343 X126=345 X127=11 X128=68 X129=86 X130=112 X131=239 X132=291 X133=321 X134=362 X135=21 X136=30 X137=74 X138=102 X139=122 X140=134 X141=258 X142=259 X143=266 X144=282 X145=283 X146=298 X147=324 X148=330 X149=338 X150=360 X151=155 X152=165 X153=329 X154=18 X155=137 X156=241 X157=337 X158=351 X159=385 
d NODES 162

   totalWckTime=5.957  totalCpuTime=6.02
