
   AbsCon 1.41 (January, 2014) - defaultConfiguration

   
   instance
        framework=CSP  name=Isomorphism-/cluster/gpg/ciaran/sip-benchmarks/benchmarks/si4_rand_r01_600/si4_r01_m600.03/pattern-/cluster/gpg/ciaran/sip-benchmarks/benchmarks/si4_rand_r01_600/si4_r01_m600.03/target
        parameters=/cluster/gpg/ciaran/sip-benchmarks/benchmarks/si4_rand_r01_600/si4_r01_m600.03/pattern,/cluster/gpg/ciaran/sip-benchmarks/benchmarks/si4_rand_r01_600/si4_r01_m600.03/target
      

   loading variables...
        nbVariables=240  nbDomainTypes=1  nbTotalValues=144000  domainSizes=(600:240)
          =>  wckTime=0.252  cpuTime=0.368  mem=16M275

   loading objectives...

   loading constraints...
        nbConstraints=5452  nbSpecificConstraints=1  nbExtensionStructures=(1,shared:5450)  nbConflictsStructures=(1,shared:5450,unbuilt:1)
        degrees=(32:1)(33:1)(34:2)...(58:2)(59:1)(60:1)  arities=(2:5451)(240:1)  types=(AllDifferent:1)(ConstraintHardExtensionV-Bits:5451)
          =>  wckTime=6.883  cpuTime=6.884  mem=415M786

   INFO : <!-- Start saving the XML representation -->

   INFO : <!-- Stop saving the XML representation of target.xml -->

   Solver SolverBacktrack being built... 
          =>  wckTime=7.339  cpuTime=7.298  mem=506M697

   
   search
        run=0  nbConstraintChecks=0  depth=(min:0,max:4,avg:3)  nbEffectivePropagations=25357854  nbRevisions=568332266  nbUselessRevisions=548778638
        nbAssignments=138150  nbFailedAssignments=124658  nbBacktracks=13490  nbVisitedNodes=272412  nbRestartNogoods=0
          =>  wckTime=99993.361  cpuTime=99306.767  mem=133M825

   
   global
        nbConstraintChecks=0  nbEffectivePropagations=25357854  nbRevisions=568332266  nbUselessRevisions=548778638  nbRestartNogoods=0
        solvingWckTime=99993.362  expiredTime=yes  totalExploration=no  nbFoundSolutions=0  Stop=EXCEEDED_TIME
          =>  wckTime=100000.702  cpuTime=99306.767  mem=133M926

s UNKNOWN
d NODES 138150

   totalWckTime=100000.603  totalCpuTime=99306.768
