
   AbsCon 1.41 (January, 2014) - defaultConfiguration

   
   instance
        framework=CSP  name=Isomorphism-/cluster/gpg/ciaran/sip-benchmarks/benchmarks/si4_m4D_m4D_625/si4_m4D_m625.04/pattern-/cluster/gpg/ciaran/sip-benchmarks/benchmarks/si4_m4D_m4D_625/si4_m4D_m625.04/target
        parameters=/cluster/gpg/ciaran/sip-benchmarks/benchmarks/si4_m4D_m4D_625/si4_m4D_m625.04/pattern,/cluster/gpg/ciaran/sip-benchmarks/benchmarks/si4_m4D_m4D_625/si4_m4D_m625.04/target
      

   loading variables...
        nbVariables=250  nbDomainTypes=1  nbTotalValues=156250  domainSizes=(625:250)
          =>  wckTime=0.243  cpuTime=0.356  mem=10M935

   loading objectives...

   loading constraints...
        nbConstraints=671  nbSpecificConstraints=1  nbExtensionStructures=(1,shared:669)  nbConflictsStructures=(1,shared:669,unbuilt:1)
        degrees=(3:8)(4:41)(5:38)...(7:51)(8:66)(9:17)  arities=(2:670)(250:1)  types=(AllDifferent:1)(ConstraintHardExtensionV-Bits:670)
          =>  wckTime=0.51  cpuTime=0.611  mem=18M443

   INFO : <!-- Start saving the XML representation -->

   INFO : <!-- Stop saving the XML representation of target.xml -->

   Solver SolverBacktrack being built... 
          =>  wckTime=0.922  cpuTime=0.965  mem=41M457

    instantiation X0=0 X1=4 X2=17 X3=177 X4=296 X5=414 X6=433 X7=491 X8=513 X9=187 X10=304 X11=353 X12=496 X13=550 X14=617 X15=220 X16=283 X17=305 X18=475 X19=526 X20=602 X21=53 X22=132 X23=156 X24=586 X25=96 X26=159 X27=375 X28=572 X29=374 X30=397 X31=519 X32=598 X33=18 X34=195 X35=445 X36=127 X37=197 X38=56 X39=79 X40=171 X41=266 X42=271 X43=191 X44=368 X45=448 X46=568 X47=612 X48=59 X49=212 X50=75 X51=581 X52=256 X53=175 X54=258 X55=369 X56=504 X57=605 X58=248 X59=517 X60=548 X61=554 X62=106 X63=325 X64=405 X65=261 X66=307 X67=623 X68=535 X69=252 X70=408 X71=531 X72=222 X73=537 X74=564 X75=249 X76=466 X77=155 X78=184 X79=359 X80=534 X81=135 X82=206 X83=424 X84=123 X85=133 X86=71 X87=39 X88=298 X89=430 X90=108 X91=196 X92=580 X93=260 X94=76 X95=457 X96=597 X97=587 X98=444 X99=520 X100=166 X101=329 X102=338 X103=415 X104=14 X105=331 X106=198 X107=621 X108=525 X109=62 X110=215 X111=543 X112=140 X113=192 X114=574 X115=336 X116=505 X117=160 X118=13 X119=362 X120=382 X121=287 X122=342 X123=470 X124=607 X125=90 X126=512 X127=164 X128=281 X129=311 X130=508 X131=404 X132=22 X133=514 X134=590 X135=113 X136=152 X137=257 X138=380 X139=327 X140=555 X141=355 X142=453 X143=64 X144=610 X145=562 X146=174 X147=48 X148=151 X149=373 X150=315 X151=509 X152=393 X153=54 X154=294 X155=447 X156=481 X157=232 X158=301 X159=8 X160=35 X161=221 X162=476 X163=9 X164=116 X165=527 X166=25 X167=603 X168=267 X169=425 X170=618 X171=233 X172=452 X173=571 X174=367 X175=119 X176=168 X177=566 X178=463 X179=269 X180=280 X181=226 X182=210 X183=418 X184=507 X185=551 X186=45 X187=111 X188=150 X189=33 X190=104 X191=163 X192=328 X193=203 X194=250 X195=319 X196=89 X197=272 X198=117 X199=387 X200=2 X201=242 X202=536 X203=407 X204=231 X205=154 X206=255 X207=279 X208=431 X209=497 X210=245 X211=145 X212=502 X213=217 X214=446 X215=593 X216=46 X217=376 X218=545 X219=521 X220=506 X221=544 X222=202 X223=20 X224=484 X225=437 X226=582 X227=293 X228=412 X229=595 X230=563 X231=539 X232=441 X233=236 X234=80 X235=201 X236=218 X237=7 X238=383 X239=292 X240=467 X241=72 X242=12 X243=340 X244=616 X245=579 X246=614 X247=42 X248=230 X249=422 

    solution X0=0 X1=4 X2=17 X3=177 X4=296 X5=414 X6=433 X7=491 X8=513 X9=187 X10=304 X11=353 X12=496 X13=550 X14=617 X15=220 X16=283 X17=305 X18=475 X19=526 X20=602 X21=53 X22=132 X23=156 X24=586 X25=96 X26=159 X27=375 X28=572 X29=374 X30=397 X31=519 X32=598 X33=18 X34=195 X35=445 X36=127 X37=197 X38=56 X39=79 X40=171 X41=266 X42=271 X43=191 X44=368 X45=448 X46=568 X47=612 X48=59 X49=212 X50=75 X51=581 X52=256 X53=175 X54=258 X55=369 X56=504 X57=605 X58=248 X59=517 X60=548 X61=554 X62=106 X63=325 X64=405 X65=261 X66=307 X67=623 X68=535 X69=252 X70=408 X71=531 X72=222 X73=537 X74=564 X75=249 X76=466 X77=155 X78=184 X79=359 X80=534 X81=135 X82=206 X83=424 X84=123 X85=133 X86=71 X87=39 X88=298 X89=430 X90=108 X91=196 X92=580 X93=260 X94=76 X95=457 X96=597 X97=587 X98=444 X99=520 X100=166 X101=329 X102=338 X103=415 X104=14 X105=331 X106=198 X107=621 X108=525 X109=62 X110=215 X111=543 X112=140 X113=192 X114=574 X115=336 X116=505 X117=160 X118=13 X119=362 X120=382 X121=287 X122=342 X123=470 X124=607 X125=90 X126=512 X127=164 X128=281 X129=311 X130=508 X131=404 X132=22 X133=514 X134=590 X135=113 X136=152 X137=257 X138=380 X139=327 X140=555 X141=355 X142=453 X143=64 X144=610 X145=562 X146=174 X147=48 X148=151 X149=373 X150=315 X151=509 X152=393 X153=54 X154=294 X155=447 X156=481 X157=232 X158=301 X159=8 X160=35 X161=221 X162=476 X163=9 X164=116 X165=527 X166=25 X167=603 X168=267 X169=425 X170=618 X171=233 X172=452 X173=571 X174=367 X175=119 X176=168 X177=566 X178=463 X179=269 X180=280 X181=226 X182=210 X183=418 X184=507 X185=551 X186=45 X187=111 X188=150 X189=33 X190=104 X191=163 X192=328 X193=203 X194=250 X195=319 X196=89 X197=272 X198=117 X199=387 X200=2 X201=242 X202=536 X203=407 X204=231 X205=154 X206=255 X207=279 X208=431 X209=497 X210=245 X211=145 X212=502 X213=217 X214=446 X215=593 X216=46 X217=376 X218=545 X219=521 X220=506 X221=544 X222=202 X223=20 X224=484 X225=437 X226=582 X227=293 X228=412 X229=595 X230=563 X231=539 X232=441 X233=236 X234=80 X235=201 X236=218 X237=7 X238=383 X239=292 X240=467 X241=72 X242=12 X243=340 X244=616 X245=579 X246=614 X247=42 X248=230 X249=422 

   
   search
        run=0  nbConstraintChecks=671  depth=(min:251,max:249,avg:0)  nbEffectivePropagations=325  nbRevisions=2832  nbUselessRevisions=2806
        nbAssignments=250  nbFailedAssignments=0  nbBacktracks=0  nbVisitedNodes=251  nbRestartNogoods=0  nbFoundSolutions=1
        upperBound=9223372036854775807
          =>  wckTime=15.327  cpuTime=16.052  mem=187M320

   
   global
        nbConstraintChecks=671  nbEffectivePropagations=325  nbRevisions=2832  nbUselessRevisions=2806  nbRestartNogoods=0  solvingWckTime=15.328
        expiredTime=no  totalExploration=no  nbFoundSolutions=1  firstSolutionCpuTime=16.039  Stop=REACHED_GOAL
          =>  wckTime=16.25  cpuTime=16.052  mem=187M320

s SATISFIABLE
v X0=0 X1=4 X2=17 X3=177 X4=296 X5=414 X6=433 X7=491 X8=513 X9=187 X10=304 X11=353 X12=496 X13=550 X14=617 X15=220 X16=283 X17=305 X18=475 X19=526 X20=602 X21=53 X22=132 X23=156 X24=586 X25=96 X26=159 X27=375 X28=572 X29=374 X30=397 X31=519 X32=598 X33=18 X34=195 X35=445 X36=127 X37=197 X38=56 X39=79 X40=171 X41=266 X42=271 X43=191 X44=368 X45=448 X46=568 X47=612 X48=59 X49=212 X50=75 X51=581 X52=256 X53=175 X54=258 X55=369 X56=504 X57=605 X58=248 X59=517 X60=548 X61=554 X62=106 X63=325 X64=405 X65=261 X66=307 X67=623 X68=535 X69=252 X70=408 X71=531 X72=222 X73=537 X74=564 X75=249 X76=466 X77=155 X78=184 X79=359 X80=534 X81=135 X82=206 X83=424 X84=123 X85=133 X86=71 X87=39 X88=298 X89=430 X90=108 X91=196 X92=580 X93=260 X94=76 X95=457 X96=597 X97=587 X98=444 X99=520 X100=166 X101=329 X102=338 X103=415 X104=14 X105=331 X106=198 X107=621 X108=525 X109=62 X110=215 X111=543 X112=140 X113=192 X114=574 X115=336 X116=505 X117=160 X118=13 X119=362 X120=382 X121=287 X122=342 X123=470 X124=607 X125=90 X126=512 X127=164 X128=281 X129=311 X130=508 X131=404 X132=22 X133=514 X134=590 X135=113 X136=152 X137=257 X138=380 X139=327 X140=555 X141=355 X142=453 X143=64 X144=610 X145=562 X146=174 X147=48 X148=151 X149=373 X150=315 X151=509 X152=393 X153=54 X154=294 X155=447 X156=481 X157=232 X158=301 X159=8 X160=35 X161=221 X162=476 X163=9 X164=116 X165=527 X166=25 X167=603 X168=267 X169=425 X170=618 X171=233 X172=452 X173=571 X174=367 X175=119 X176=168 X177=566 X178=463 X179=269 X180=280 X181=226 X182=210 X183=418 X184=507 X185=551 X186=45 X187=111 X188=150 X189=33 X190=104 X191=163 X192=328 X193=203 X194=250 X195=319 X196=89 X197=272 X198=117 X199=387 X200=2 X201=242 X202=536 X203=407 X204=231 X205=154 X206=255 X207=279 X208=431 X209=497 X210=245 X211=145 X212=502 X213=217 X214=446 X215=593 X216=46 X217=376 X218=545 X219=521 X220=506 X221=544 X222=202 X223=20 X224=484 X225=437 X226=582 X227=293 X228=412 X229=595 X230=563 X231=539 X232=441 X233=236 X234=80 X235=201 X236=218 X237=7 X238=383 X239=292 X240=467 X241=72 X242=12 X243=340 X244=616 X245=579 X246=614 X247=42 X248=230 X249=422 
d NODES 250

   totalWckTime=16.129  totalCpuTime=16.053
