
   AbsCon 1.41 (January, 2014) - defaultConfiguration

   
   instance
        framework=CSP  name=Isomorphism-/cluster/gpg/ciaran/sip-benchmarks/benchmarks/si4_bvg_b06_400/si4_b06_m400.05/pattern-/cluster/gpg/ciaran/sip-benchmarks/benchmarks/si4_bvg_b06_400/si4_b06_m400.05/target
        parameters=/cluster/gpg/ciaran/sip-benchmarks/benchmarks/si4_bvg_b06_400/si4_b06_m400.05/pattern,/cluster/gpg/ciaran/sip-benchmarks/benchmarks/si4_bvg_b06_400/si4_b06_m400.05/target
      

   loading variables...
        nbVariables=160  nbDomainTypes=1  nbTotalValues=64000  domainSizes=(400:160)
          =>  wckTime=0.221  cpuTime=0.317  mem=5M769

   loading objectives...

   loading constraints...
        nbConstraints=475  nbSpecificConstraints=1  nbExtensionStructures=(1,shared:473)  nbConflictsStructures=(1,shared:473,unbuilt:1)
        degrees=(4:2)(5:2)(6:2)(7:154)  arities=(2:474)(160:1)  types=(AllDifferent:1)(ConstraintHardExtensionV-Bits:474)
          =>  wckTime=0.394  cpuTime=0.482  mem=17M872

   INFO : <!-- Start saving the XML representation -->

   INFO : <!-- Stop saving the XML representation of target.xml -->

   Solver SolverBacktrack being built... 
          =>  wckTime=0.71  cpuTime=0.743  mem=21M845

    instantiation X0=0 X1=48 X2=73 X3=98 X4=241 X5=334 X6=335 X7=105 X8=265 X9=303 X10=329 X11=189 X12=384 X13=11 X14=103 X15=368 X16=254 X17=330 X18=361 X19=203 X20=382 X21=37 X22=305 X23=120 X24=260 X25=1 X26=244 X27=19 X28=228 X29=20 X30=51 X31=227 X32=386 X33=240 X34=115 X35=180 X36=326 X37=33 X38=292 X39=59 X40=310 X41=150 X42=231 X43=143 X44=7 X45=117 X46=70 X47=217 X48=226 X49=339 X50=112 X51=353 X52=371 X53=171 X54=358 X55=243 X56=90 X57=270 X58=218 X59=284 X60=299 X61=306 X62=393 X63=202 X64=99 X65=246 X66=340 X67=355 X68=116 X69=308 X70=58 X71=106 X72=280 X73=12 X74=77 X75=161 X76=162 X77=388 X78=300 X79=365 X80=269 X81=122 X82=369 X83=225 X84=328 X85=85 X86=387 X87=2 X88=208 X89=95 X90=272 X91=71 X92=114 X93=337 X94=124 X95=312 X96=346 X97=214 X98=74 X99=187 X100=396 X101=100 X102=286 X103=207 X104=354 X105=57 X106=235 X107=5 X108=357 X109=351 X110=258 X111=373 X112=188 X113=31 X114=148 X115=256 X116=331 X117=87 X118=158 X119=261 X120=108 X121=397 X122=266 X123=323 X124=271 X125=287 X126=147 X127=332 X128=223 X129=267 X130=84 X131=39 X132=183 X133=291 X134=219 X135=89 X136=315 X137=399 X138=282 X139=295 X140=314 X141=76 X142=367 X143=194 X144=16 X145=313 X146=35 X147=93 X148=3 X149=251 X150=363 X151=129 X152=8 X153=298 X154=383 X155=127 X156=179 X157=390 X158=55 X159=185 

    solution X0=0 X1=48 X2=73 X3=98 X4=241 X5=334 X6=335 X7=105 X8=265 X9=303 X10=329 X11=189 X12=384 X13=11 X14=103 X15=368 X16=254 X17=330 X18=361 X19=203 X20=382 X21=37 X22=305 X23=120 X24=260 X25=1 X26=244 X27=19 X28=228 X29=20 X30=51 X31=227 X32=386 X33=240 X34=115 X35=180 X36=326 X37=33 X38=292 X39=59 X40=310 X41=150 X42=231 X43=143 X44=7 X45=117 X46=70 X47=217 X48=226 X49=339 X50=112 X51=353 X52=371 X53=171 X54=358 X55=243 X56=90 X57=270 X58=218 X59=284 X60=299 X61=306 X62=393 X63=202 X64=99 X65=246 X66=340 X67=355 X68=116 X69=308 X70=58 X71=106 X72=280 X73=12 X74=77 X75=161 X76=162 X77=388 X78=300 X79=365 X80=269 X81=122 X82=369 X83=225 X84=328 X85=85 X86=387 X87=2 X88=208 X89=95 X90=272 X91=71 X92=114 X93=337 X94=124 X95=312 X96=346 X97=214 X98=74 X99=187 X100=396 X101=100 X102=286 X103=207 X104=354 X105=57 X106=235 X107=5 X108=357 X109=351 X110=258 X111=373 X112=188 X113=31 X114=148 X115=256 X116=331 X117=87 X118=158 X119=261 X120=108 X121=397 X122=266 X123=323 X124=271 X125=287 X126=147 X127=332 X128=223 X129=267 X130=84 X131=39 X132=183 X133=291 X134=219 X135=89 X136=315 X137=399 X138=282 X139=295 X140=314 X141=76 X142=367 X143=194 X144=16 X145=313 X146=35 X147=93 X148=3 X149=251 X150=363 X151=129 X152=8 X153=298 X154=383 X155=127 X156=179 X157=390 X158=55 X159=185 

   
   search
        run=0  nbConstraintChecks=475  depth=(min:161,max:159,avg:0)  nbEffectivePropagations=2  nbRevisions=2334  nbUselessRevisions=2334
        nbAssignments=160  nbFailedAssignments=0  nbBacktracks=0  nbVisitedNodes=161  nbRestartNogoods=0  nbFoundSolutions=1
        upperBound=9223372036854775807
          =>  wckTime=3.463  cpuTime=4.107  mem=208M707

   
   global
        nbConstraintChecks=475  nbEffectivePropagations=2  nbRevisions=2334  nbUselessRevisions=2334  nbRestartNogoods=0  solvingWckTime=3.463
        expiredTime=no  totalExploration=no  nbFoundSolutions=1  firstSolutionCpuTime=4.099  Stop=REACHED_GOAL
          =>  wckTime=4.174  cpuTime=4.107  mem=208M707

s SATISFIABLE
v X0=0 X1=48 X2=73 X3=98 X4=241 X5=334 X6=335 X7=105 X8=265 X9=303 X10=329 X11=189 X12=384 X13=11 X14=103 X15=368 X16=254 X17=330 X18=361 X19=203 X20=382 X21=37 X22=305 X23=120 X24=260 X25=1 X26=244 X27=19 X28=228 X29=20 X30=51 X31=227 X32=386 X33=240 X34=115 X35=180 X36=326 X37=33 X38=292 X39=59 X40=310 X41=150 X42=231 X43=143 X44=7 X45=117 X46=70 X47=217 X48=226 X49=339 X50=112 X51=353 X52=371 X53=171 X54=358 X55=243 X56=90 X57=270 X58=218 X59=284 X60=299 X61=306 X62=393 X63=202 X64=99 X65=246 X66=340 X67=355 X68=116 X69=308 X70=58 X71=106 X72=280 X73=12 X74=77 X75=161 X76=162 X77=388 X78=300 X79=365 X80=269 X81=122 X82=369 X83=225 X84=328 X85=85 X86=387 X87=2 X88=208 X89=95 X90=272 X91=71 X92=114 X93=337 X94=124 X95=312 X96=346 X97=214 X98=74 X99=187 X100=396 X101=100 X102=286 X103=207 X104=354 X105=57 X106=235 X107=5 X108=357 X109=351 X110=258 X111=373 X112=188 X113=31 X114=148 X115=256 X116=331 X117=87 X118=158 X119=261 X120=108 X121=397 X122=266 X123=323 X124=271 X125=287 X126=147 X127=332 X128=223 X129=267 X130=84 X131=39 X132=183 X133=291 X134=219 X135=89 X136=315 X137=399 X138=282 X139=295 X140=314 X141=76 X142=367 X143=194 X144=16 X145=313 X146=35 X147=93 X148=3 X149=251 X150=363 X151=129 X152=8 X153=298 X154=383 X155=127 X156=179 X157=390 X158=55 X159=185 
d NODES 160

   totalWckTime=4.072  totalCpuTime=4.108
