
   AbsCon 1.41 (January, 2014) - defaultConfiguration

   
   instance
        framework=CSP  name=Isomorphism-/cluster/gpg/ciaran/sip-benchmarks/benchmarks/si4_rand_r01_400/si4_r01_m400.02/pattern-/cluster/gpg/ciaran/sip-benchmarks/benchmarks/si4_rand_r01_400/si4_r01_m400.02/target
        parameters=/cluster/gpg/ciaran/sip-benchmarks/benchmarks/si4_rand_r01_400/si4_r01_m400.02/pattern,/cluster/gpg/ciaran/sip-benchmarks/benchmarks/si4_rand_r01_400/si4_r01_m400.02/target
      

   loading variables...
        nbVariables=160  nbDomainTypes=1  nbTotalValues=64000  domainSizes=(400:160)
          =>  wckTime=0.305  cpuTime=0.404  mem=8M216

   loading objectives...

   loading constraints...
        nbConstraints=2410  nbSpecificConstraints=1  nbExtensionStructures=(1,shared:2408)  nbConflictsStructures=(1,shared:2408,unbuilt:1)
        degrees=(20:1)(21:3)(22:4)...(42:1)(43:2)(44:1)  arities=(2:2409)(160:1)  types=(AllDifferent:1)(ConstraintHardExtensionV-Bits:2409)
          =>  wckTime=2.959  cpuTime=2.994  mem=53M28

   INFO : <!-- Start saving the XML representation -->

   INFO : <!-- Stop saving the XML representation of target.xml -->

   Solver SolverBacktrack being built... 
          =>  wckTime=3.29  cpuTime=3.281  mem=87M640

    instantiation X0=78 X1=139 X2=131 X3=94 X4=258 X5=263 X6=223 X7=330 X8=65 X9=41 X10=329 X11=144 X12=334 X13=238 X14=26 X15=210 X16=392 X17=226 X18=370 X19=341 X20=17 X21=87 X22=194 X23=37 X24=45 X25=79 X26=64 X27=293 X28=264 X29=247 X30=99 X31=201 X32=340 X33=75 X34=50 X35=296 X36=298 X37=315 X38=107 X39=230 X40=90 X41=127 X42=333 X43=246 X44=193 X45=171 X46=170 X47=214 X48=233 X49=348 X50=385 X51=312 X52=343 X53=2 X54=101 X55=306 X56=195 X57=68 X58=311 X59=270 X60=9 X61=239 X62=145 X63=286 X64=232 X65=265 X66=115 X67=358 X68=62 X69=376 X70=191 X71=129 X72=242 X73=168 X74=267 X75=112 X76=215 X77=278 X78=105 X79=165 X80=175 X81=222 X82=310 X83=148 X84=323 X85=301 X86=15 X87=234 X88=268 X89=157 X90=97 X91=398 X92=261 X93=347 X94=373 X95=155 X96=218 X97=251 X98=109 X99=25 X100=67 X101=245 X102=387 X103=152 X104=106 X105=30 X106=225 X107=271 X108=331 X109=147 X110=47 X111=184 X112=92 X113=221 X114=76 X115=27 X116=102 X117=371 X118=142 X119=56 X120=98 X121=257 X122=220 X123=88 X124=354 X125=14 X126=227 X127=55 X128=35 X129=138 X130=203 X131=23 X132=137 X133=231 X134=151 X135=386 X136=18 X137=368 X138=328 X139=58 X140=304 X141=159 X142=11 X143=162 X144=161 X145=172 X146=114 X147=277 X148=149 X149=359 X150=54 X151=266 X152=372 X153=252 X154=13 X155=332 X156=166 X157=295 X158=380 X159=236 

    solution X0=78 X1=139 X2=131 X3=94 X4=258 X5=263 X6=223 X7=330 X8=65 X9=41 X10=329 X11=144 X12=334 X13=238 X14=26 X15=210 X16=392 X17=226 X18=370 X19=341 X20=17 X21=87 X22=194 X23=37 X24=45 X25=79 X26=64 X27=293 X28=264 X29=247 X30=99 X31=201 X32=340 X33=75 X34=50 X35=296 X36=298 X37=315 X38=107 X39=230 X40=90 X41=127 X42=333 X43=246 X44=193 X45=171 X46=170 X47=214 X48=233 X49=348 X50=385 X51=312 X52=343 X53=2 X54=101 X55=306 X56=195 X57=68 X58=311 X59=270 X60=9 X61=239 X62=145 X63=286 X64=232 X65=265 X66=115 X67=358 X68=62 X69=376 X70=191 X71=129 X72=242 X73=168 X74=267 X75=112 X76=215 X77=278 X78=105 X79=165 X80=175 X81=222 X82=310 X83=148 X84=323 X85=301 X86=15 X87=234 X88=268 X89=157 X90=97 X91=398 X92=261 X93=347 X94=373 X95=155 X96=218 X97=251 X98=109 X99=25 X100=67 X101=245 X102=387 X103=152 X104=106 X105=30 X106=225 X107=271 X108=331 X109=147 X110=47 X111=184 X112=92 X113=221 X114=76 X115=27 X116=102 X117=371 X118=142 X119=56 X120=98 X121=257 X122=220 X123=88 X124=354 X125=14 X126=227 X127=55 X128=35 X129=138 X130=203 X131=23 X132=137 X133=231 X134=151 X135=386 X136=18 X137=368 X138=328 X139=58 X140=304 X141=159 X142=11 X143=162 X144=161 X145=172 X146=114 X147=277 X148=149 X149=359 X150=54 X151=266 X152=372 X153=252 X154=13 X155=332 X156=166 X157=295 X158=380 X159=236 

   
   search
        run=0  nbConstraintChecks=2410  depth=(min:0,max:159,avg:3)  nbEffectivePropagations=41969842  nbRevisions=717910696
        nbUselessRevisions=686435690  nbAssignments=376915  nbFailedAssignments=338991  nbBacktracks=37764  nbVisitedNodes=744282
        nbRestartNogoods=0  nbFoundSolutions=1  upperBound=9223372036854775807
          =>  wckTime=82773.388  cpuTime=82305.588  mem=73M787

   
   global
        nbConstraintChecks=2410  nbEffectivePropagations=41969842  nbRevisions=717910696  nbUselessRevisions=686435690  nbRestartNogoods=0
        solvingWckTime=82773.388  expiredTime=no  totalExploration=no  nbFoundSolutions=1  firstSolutionCpuTime=82305.583  Stop=REACHED_GOAL
          =>  wckTime=82776.678  cpuTime=82305.589  mem=73M787

s SATISFIABLE
v X0=78 X1=139 X2=131 X3=94 X4=258 X5=263 X6=223 X7=330 X8=65 X9=41 X10=329 X11=144 X12=334 X13=238 X14=26 X15=210 X16=392 X17=226 X18=370 X19=341 X20=17 X21=87 X22=194 X23=37 X24=45 X25=79 X26=64 X27=293 X28=264 X29=247 X30=99 X31=201 X32=340 X33=75 X34=50 X35=296 X36=298 X37=315 X38=107 X39=230 X40=90 X41=127 X42=333 X43=246 X44=193 X45=171 X46=170 X47=214 X48=233 X49=348 X50=385 X51=312 X52=343 X53=2 X54=101 X55=306 X56=195 X57=68 X58=311 X59=270 X60=9 X61=239 X62=145 X63=286 X64=232 X65=265 X66=115 X67=358 X68=62 X69=376 X70=191 X71=129 X72=242 X73=168 X74=267 X75=112 X76=215 X77=278 X78=105 X79=165 X80=175 X81=222 X82=310 X83=148 X84=323 X85=301 X86=15 X87=234 X88=268 X89=157 X90=97 X91=398 X92=261 X93=347 X94=373 X95=155 X96=218 X97=251 X98=109 X99=25 X100=67 X101=245 X102=387 X103=152 X104=106 X105=30 X106=225 X107=271 X108=331 X109=147 X110=47 X111=184 X112=92 X113=221 X114=76 X115=27 X116=102 X117=371 X118=142 X119=56 X120=98 X121=257 X122=220 X123=88 X124=354 X125=14 X126=227 X127=55 X128=35 X129=138 X130=203 X131=23 X132=137 X133=231 X134=151 X135=386 X136=18 X137=368 X138=328 X139=58 X140=304 X141=159 X142=11 X143=162 X144=161 X145=172 X146=114 X147=277 X148=149 X149=359 X150=54 X151=266 X152=372 X153=252 X154=13 X155=332 X156=166 X157=295 X158=380 X159=236 
d NODES 376915

   totalWckTime=82776.547  totalCpuTime=82305.589
