
   AbsCon 1.41 (January, 2014) - defaultConfiguration

   
   instance
        framework=CSP  name=Isomorphism-/cluster/gpg/ciaran/sip-benchmarks/benchmarks/si4_rand_r001_600/si4_r001_m600.04/pattern-/cluster/gpg/ciaran/sip-benchmarks/benchmarks/si4_rand_r001_600/si4_r001_m600.04/target
        parameters=/cluster/gpg/ciaran/sip-benchmarks/benchmarks/si4_rand_r001_600/si4_r001_m600.04/pattern,/cluster/gpg/ciaran/sip-benchmarks/benchmarks/si4_rand_r001_600/si4_r001_m600.04/target
      

   loading variables...
        nbVariables=240  nbDomainTypes=1  nbTotalValues=144000  domainSizes=(600:240)
          =>  wckTime=0.228  cpuTime=0.335  mem=10M533

   loading objectives...

   loading constraints...
        nbConstraints=629  nbSpecificConstraints=1  nbExtensionStructures=(1,shared:627)  nbConflictsStructures=(1,shared:627,unbuilt:1)
        degrees=(2:6)(3:14)(4:30)...(11:6)(12:3)(14:1)  arities=(2:628)(240:1)  types=(AllDifferent:1)(ConstraintHardExtensionV-Bits:628)
          =>  wckTime=0.477  cpuTime=0.566  mem=35M457

   INFO : <!-- Start saving the XML representation -->

   INFO : <!-- Stop saving the XML representation of target.xml -->

   Solver SolverBacktrack being built... 
          =>  wckTime=0.833  cpuTime=0.87  mem=44M886

    instantiation X0=498 X1=482 X2=207 X3=223 X4=195 X5=15 X6=149 X7=297 X8=70 X9=26 X10=20 X11=583 X12=162 X13=409 X14=157 X15=173 X16=355 X17=109 X18=338 X19=99 X20=275 X21=12 X22=549 X23=229 X24=251 X25=437 X26=84 X27=368 X28=416 X29=587 X30=210 X31=278 X32=450 X33=253 X34=486 X35=244 X36=346 X37=211 X38=42 X39=249 X40=25 X41=267 X42=446 X43=339 X44=387 X45=428 X46=279 X47=534 X48=205 X49=160 X50=353 X51=406 X52=303 X53=336 X54=0 X55=527 X56=420 X57=69 X58=270 X59=375 X60=144 X61=150 X62=596 X63=499 X64=10 X65=83 X66=531 X67=538 X68=392 X69=222 X70=147 X71=167 X72=548 X73=201 X74=77 X75=165 X76=176 X77=226 X78=128 X79=1 X80=470 X81=535 X82=277 X83=49 X84=426 X85=180 X86=299 X87=422 X88=471 X89=18 X90=579 X91=314 X92=540 X93=363 X94=285 X95=357 X96=488 X97=145 X98=468 X99=151 X100=395 X101=528 X102=447 X103=405 X104=252 X105=13 X106=294 X107=523 X108=233 X109=306 X110=332 X111=40 X112=73 X113=484 X114=62 X115=445 X116=122 X117=216 X118=53 X119=243 X120=440 X121=111 X122=200 X123=206 X124=92 X125=177 X126=209 X127=573 X128=51 X129=517 X130=477 X131=568 X132=103 X133=193 X134=342 X135=581 X136=367 X137=190 X138=347 X139=197 X140=582 X141=31 X142=325 X143=569 X144=94 X145=236 X146=497 X147=448 X148=578 X149=415 X150=16 X151=532 X152=27 X153=390 X154=492 X155=592 X156=102 X157=39 X158=107 X159=247 X160=433 X161=298 X162=501 X163=38 X164=133 X165=154 X166=261 X167=438 X168=219 X169=410 X170=429 X171=230 X172=119 X173=217 X174=166 X175=185 X176=322 X177=300 X178=5 X179=19 X180=356 X181=503 X182=274 X183=414 X184=461 X185=80 X186=537 X187=272 X188=126 X189=309 X190=307 X191=340 X192=599 X193=333 X194=179 X195=120 X196=335 X197=407 X198=304 X199=365 X200=283 X201=76 X202=522 X203=47 X204=418 X205=547 X206=187 X207=263 X208=360 X209=189 X210=391 X211=296 X212=87 X213=2 X214=113 X215=370 X216=292 X217=316 X218=552 X219=344 X220=506 X221=476 X222=329 X223=61 X224=421 X225=453 X226=161 X227=467 X228=131 X229=349 X230=401 X231=308 X232=377 X233=148 X234=35 X235=494 X236=68 X237=525 X238=400 X239=350 

    solution X0=498 X1=482 X2=207 X3=223 X4=195 X5=15 X6=149 X7=297 X8=70 X9=26 X10=20 X11=583 X12=162 X13=409 X14=157 X15=173 X16=355 X17=109 X18=338 X19=99 X20=275 X21=12 X22=549 X23=229 X24=251 X25=437 X26=84 X27=368 X28=416 X29=587 X30=210 X31=278 X32=450 X33=253 X34=486 X35=244 X36=346 X37=211 X38=42 X39=249 X40=25 X41=267 X42=446 X43=339 X44=387 X45=428 X46=279 X47=534 X48=205 X49=160 X50=353 X51=406 X52=303 X53=336 X54=0 X55=527 X56=420 X57=69 X58=270 X59=375 X60=144 X61=150 X62=596 X63=499 X64=10 X65=83 X66=531 X67=538 X68=392 X69=222 X70=147 X71=167 X72=548 X73=201 X74=77 X75=165 X76=176 X77=226 X78=128 X79=1 X80=470 X81=535 X82=277 X83=49 X84=426 X85=180 X86=299 X87=422 X88=471 X89=18 X90=579 X91=314 X92=540 X93=363 X94=285 X95=357 X96=488 X97=145 X98=468 X99=151 X100=395 X101=528 X102=447 X103=405 X104=252 X105=13 X106=294 X107=523 X108=233 X109=306 X110=332 X111=40 X112=73 X113=484 X114=62 X115=445 X116=122 X117=216 X118=53 X119=243 X120=440 X121=111 X122=200 X123=206 X124=92 X125=177 X126=209 X127=573 X128=51 X129=517 X130=477 X131=568 X132=103 X133=193 X134=342 X135=581 X136=367 X137=190 X138=347 X139=197 X140=582 X141=31 X142=325 X143=569 X144=94 X145=236 X146=497 X147=448 X148=578 X149=415 X150=16 X151=532 X152=27 X153=390 X154=492 X155=592 X156=102 X157=39 X158=107 X159=247 X160=433 X161=298 X162=501 X163=38 X164=133 X165=154 X166=261 X167=438 X168=219 X169=410 X170=429 X171=230 X172=119 X173=217 X174=166 X175=185 X176=322 X177=300 X178=5 X179=19 X180=356 X181=503 X182=274 X183=414 X184=461 X185=80 X186=537 X187=272 X188=126 X189=309 X190=307 X191=340 X192=599 X193=333 X194=179 X195=120 X196=335 X197=407 X198=304 X199=365 X200=283 X201=76 X202=522 X203=47 X204=418 X205=547 X206=187 X207=263 X208=360 X209=189 X210=391 X211=296 X212=87 X213=2 X214=113 X215=370 X216=292 X217=316 X218=552 X219=344 X220=506 X221=476 X222=329 X223=61 X224=421 X225=453 X226=161 X227=467 X228=131 X229=349 X230=401 X231=308 X232=377 X233=148 X234=35 X235=494 X236=68 X237=525 X238=400 X239=350 

   
   search
        run=0  nbConstraintChecks=629  depth=(min:0,max:239,avg:1)  nbEffectivePropagations=176  nbRevisions=8616  nbUselessRevisions=8447
        nbAssignments=640  nbFailedAssignments=400  nbBacktracks=0  nbVisitedNodes=1041  nbRestartNogoods=0  nbFoundSolutions=1
        upperBound=9223372036854775807
          =>  wckTime=43.726  cpuTime=44.202  mem=162M491

   
   global
        nbConstraintChecks=629  nbEffectivePropagations=176  nbRevisions=8616  nbUselessRevisions=8447  nbRestartNogoods=0  solvingWckTime=43.727
        expiredTime=no  totalExploration=no  nbFoundSolutions=1  firstSolutionCpuTime=44.195  Stop=REACHED_GOAL
          =>  wckTime=44.56  cpuTime=44.202  mem=162M491

s SATISFIABLE
v X0=498 X1=482 X2=207 X3=223 X4=195 X5=15 X6=149 X7=297 X8=70 X9=26 X10=20 X11=583 X12=162 X13=409 X14=157 X15=173 X16=355 X17=109 X18=338 X19=99 X20=275 X21=12 X22=549 X23=229 X24=251 X25=437 X26=84 X27=368 X28=416 X29=587 X30=210 X31=278 X32=450 X33=253 X34=486 X35=244 X36=346 X37=211 X38=42 X39=249 X40=25 X41=267 X42=446 X43=339 X44=387 X45=428 X46=279 X47=534 X48=205 X49=160 X50=353 X51=406 X52=303 X53=336 X54=0 X55=527 X56=420 X57=69 X58=270 X59=375 X60=144 X61=150 X62=596 X63=499 X64=10 X65=83 X66=531 X67=538 X68=392 X69=222 X70=147 X71=167 X72=548 X73=201 X74=77 X75=165 X76=176 X77=226 X78=128 X79=1 X80=470 X81=535 X82=277 X83=49 X84=426 X85=180 X86=299 X87=422 X88=471 X89=18 X90=579 X91=314 X92=540 X93=363 X94=285 X95=357 X96=488 X97=145 X98=468 X99=151 X100=395 X101=528 X102=447 X103=405 X104=252 X105=13 X106=294 X107=523 X108=233 X109=306 X110=332 X111=40 X112=73 X113=484 X114=62 X115=445 X116=122 X117=216 X118=53 X119=243 X120=440 X121=111 X122=200 X123=206 X124=92 X125=177 X126=209 X127=573 X128=51 X129=517 X130=477 X131=568 X132=103 X133=193 X134=342 X135=581 X136=367 X137=190 X138=347 X139=197 X140=582 X141=31 X142=325 X143=569 X144=94 X145=236 X146=497 X147=448 X148=578 X149=415 X150=16 X151=532 X152=27 X153=390 X154=492 X155=592 X156=102 X157=39 X158=107 X159=247 X160=433 X161=298 X162=501 X163=38 X164=133 X165=154 X166=261 X167=438 X168=219 X169=410 X170=429 X171=230 X172=119 X173=217 X174=166 X175=185 X176=322 X177=300 X178=5 X179=19 X180=356 X181=503 X182=274 X183=414 X184=461 X185=80 X186=537 X187=272 X188=126 X189=309 X190=307 X191=340 X192=599 X193=333 X194=179 X195=120 X196=335 X197=407 X198=304 X199=365 X200=283 X201=76 X202=522 X203=47 X204=418 X205=547 X206=187 X207=263 X208=360 X209=189 X210=391 X211=296 X212=87 X213=2 X214=113 X215=370 X216=292 X217=316 X218=552 X219=344 X220=506 X221=476 X222=329 X223=61 X224=421 X225=453 X226=161 X227=467 X228=131 X229=349 X230=401 X231=308 X232=377 X233=148 X234=35 X235=494 X236=68 X237=525 X238=400 X239=350 
d NODES 640

   totalWckTime=44.459  totalCpuTime=44.203
