
   AbsCon 1.41 (January, 2014) - defaultConfiguration

   
   instance
        framework=CSP  name=Isomorphism-/cluster/gpg/ciaran/sip-benchmarks/benchmarks/si4_bvg_b03_400/si4_b03_m400.05/pattern-/cluster/gpg/ciaran/sip-benchmarks/benchmarks/si4_bvg_b03_400/si4_b03_m400.05/target
        parameters=/cluster/gpg/ciaran/sip-benchmarks/benchmarks/si4_bvg_b03_400/si4_b03_m400.05/pattern,/cluster/gpg/ciaran/sip-benchmarks/benchmarks/si4_bvg_b03_400/si4_b03_m400.05/target
      

   loading variables...
        nbVariables=160  nbDomainTypes=1  nbTotalValues=64000  domainSizes=(400:160)
          =>  wckTime=0.186  cpuTime=0.301  mem=6M49

   loading objectives...

   loading constraints...
        nbConstraints=238  nbSpecificConstraints=1  nbExtensionStructures=(1,shared:236)  nbConflictsStructures=(1,shared:236,unbuilt:1)
        degrees=(2:2)(3:2)(4:156)  arities=(2:237)(160:1)  types=(AllDifferent:1)(ConstraintHardExtensionV-Bits:237)
          =>  wckTime=0.279  cpuTime=0.393  mem=13M801

   INFO : <!-- Start saving the XML representation -->

   INFO : <!-- Stop saving the XML representation of target.xml -->

   Solver SolverBacktrack being built... 
          =>  wckTime=0.564  cpuTime=0.646  mem=22M124

    instantiation X0=0 X1=97 X2=16 X3=222 X4=167 X5=139 X6=270 X7=254 X8=349 X9=180 X10=65 X11=60 X12=39 X13=135 X14=1 X15=213 X16=111 X17=327 X18=262 X19=224 X20=396 X21=45 X22=41 X23=397 X24=175 X25=62 X26=275 X27=153 X28=132 X29=251 X30=287 X31=143 X32=374 X33=398 X34=336 X35=359 X36=145 X37=125 X38=72 X39=362 X40=380 X41=221 X42=20 X43=197 X44=209 X45=253 X46=354 X47=300 X48=118 X49=177 X50=158 X51=366 X52=88 X53=152 X54=386 X55=105 X56=223 X57=73 X58=301 X59=107 X60=216 X61=176 X62=350 X63=36 X64=395 X65=276 X66=325 X67=110 X68=92 X69=40 X70=136 X71=188 X72=310 X73=384 X74=159 X75=103 X76=160 X77=156 X78=357 X79=328 X80=355 X81=243 X82=314 X83=131 X84=108 X85=37 X86=330 X87=5 X88=236 X89=309 X90=295 X91=341 X92=190 X93=296 X94=6 X95=34 X96=311 X97=181 X98=134 X99=11 X100=297 X101=196 X102=126 X103=346 X104=50 X105=96 X106=91 X107=170 X108=378 X109=334 X110=155 X111=58 X112=27 X113=226 X114=306 X115=303 X116=35 X117=294 X118=265 X119=187 X120=75 X121=371 X122=127 X123=205 X124=168 X125=392 X126=258 X127=150 X128=69 X129=61 X130=12 X131=291 X132=81 X133=277 X134=25 X135=230 X136=219 X137=57 X138=154 X139=207 X140=15 X141=199 X142=120 X143=239 X144=293 X145=17 X146=133 X147=244 X148=63 X149=137 X150=214 X151=179 X152=44 X153=385 X154=247 X155=365 X156=324 X157=248 X158=71 X159=376 

    solution X0=0 X1=97 X2=16 X3=222 X4=167 X5=139 X6=270 X7=254 X8=349 X9=180 X10=65 X11=60 X12=39 X13=135 X14=1 X15=213 X16=111 X17=327 X18=262 X19=224 X20=396 X21=45 X22=41 X23=397 X24=175 X25=62 X26=275 X27=153 X28=132 X29=251 X30=287 X31=143 X32=374 X33=398 X34=336 X35=359 X36=145 X37=125 X38=72 X39=362 X40=380 X41=221 X42=20 X43=197 X44=209 X45=253 X46=354 X47=300 X48=118 X49=177 X50=158 X51=366 X52=88 X53=152 X54=386 X55=105 X56=223 X57=73 X58=301 X59=107 X60=216 X61=176 X62=350 X63=36 X64=395 X65=276 X66=325 X67=110 X68=92 X69=40 X70=136 X71=188 X72=310 X73=384 X74=159 X75=103 X76=160 X77=156 X78=357 X79=328 X80=355 X81=243 X82=314 X83=131 X84=108 X85=37 X86=330 X87=5 X88=236 X89=309 X90=295 X91=341 X92=190 X93=296 X94=6 X95=34 X96=311 X97=181 X98=134 X99=11 X100=297 X101=196 X102=126 X103=346 X104=50 X105=96 X106=91 X107=170 X108=378 X109=334 X110=155 X111=58 X112=27 X113=226 X114=306 X115=303 X116=35 X117=294 X118=265 X119=187 X120=75 X121=371 X122=127 X123=205 X124=168 X125=392 X126=258 X127=150 X128=69 X129=61 X130=12 X131=291 X132=81 X133=277 X134=25 X135=230 X136=219 X137=57 X138=154 X139=207 X140=15 X141=199 X142=120 X143=239 X144=293 X145=17 X146=133 X147=244 X148=63 X149=137 X150=214 X151=179 X152=44 X153=385 X154=247 X155=365 X156=324 X157=248 X158=71 X159=376 

   
   search
        run=0  nbConstraintChecks=238  depth=(min:161,max:159,avg:0)  nbEffectivePropagations=233  nbRevisions=1163  nbUselessRevisions=1163
        nbAssignments=160  nbFailedAssignments=0  nbBacktracks=0  nbVisitedNodes=161  nbRestartNogoods=0  nbFoundSolutions=1
        upperBound=9223372036854775807
          =>  wckTime=2.263  cpuTime=2.803  mem=160M380

   
   global
        nbConstraintChecks=238  nbEffectivePropagations=233  nbRevisions=1163  nbUselessRevisions=1163  nbRestartNogoods=0  solvingWckTime=2.264
        expiredTime=no  totalExploration=no  nbFoundSolutions=1  firstSolutionCpuTime=2.796  Stop=REACHED_GOAL
          =>  wckTime=2.828  cpuTime=2.803  mem=160M380

s SATISFIABLE
v X0=0 X1=97 X2=16 X3=222 X4=167 X5=139 X6=270 X7=254 X8=349 X9=180 X10=65 X11=60 X12=39 X13=135 X14=1 X15=213 X16=111 X17=327 X18=262 X19=224 X20=396 X21=45 X22=41 X23=397 X24=175 X25=62 X26=275 X27=153 X28=132 X29=251 X30=287 X31=143 X32=374 X33=398 X34=336 X35=359 X36=145 X37=125 X38=72 X39=362 X40=380 X41=221 X42=20 X43=197 X44=209 X45=253 X46=354 X47=300 X48=118 X49=177 X50=158 X51=366 X52=88 X53=152 X54=386 X55=105 X56=223 X57=73 X58=301 X59=107 X60=216 X61=176 X62=350 X63=36 X64=395 X65=276 X66=325 X67=110 X68=92 X69=40 X70=136 X71=188 X72=310 X73=384 X74=159 X75=103 X76=160 X77=156 X78=357 X79=328 X80=355 X81=243 X82=314 X83=131 X84=108 X85=37 X86=330 X87=5 X88=236 X89=309 X90=295 X91=341 X92=190 X93=296 X94=6 X95=34 X96=311 X97=181 X98=134 X99=11 X100=297 X101=196 X102=126 X103=346 X104=50 X105=96 X106=91 X107=170 X108=378 X109=334 X110=155 X111=58 X112=27 X113=226 X114=306 X115=303 X116=35 X117=294 X118=265 X119=187 X120=75 X121=371 X122=127 X123=205 X124=168 X125=392 X126=258 X127=150 X128=69 X129=61 X130=12 X131=291 X132=81 X133=277 X134=25 X135=230 X136=219 X137=57 X138=154 X139=207 X140=15 X141=199 X142=120 X143=239 X144=293 X145=17 X146=133 X147=244 X148=63 X149=137 X150=214 X151=179 X152=44 X153=385 X154=247 X155=365 X156=324 X157=248 X158=71 X159=376 
d NODES 160

   totalWckTime=2.732  totalCpuTime=2.804
