
   AbsCon 1.41 (January, 2014) - defaultConfiguration

   
   instance
        framework=CSP  name=Isomorphism-/cluster/gpg/ciaran/sip-benchmarks/benchmarks/si4_rand_r005_400/si4_r005_m400.05/pattern-/cluster/gpg/ciaran/sip-benchmarks/benchmarks/si4_rand_r005_400/si4_r005_m400.05/target
        parameters=/cluster/gpg/ciaran/sip-benchmarks/benchmarks/si4_rand_r005_400/si4_r005_m400.05/pattern,/cluster/gpg/ciaran/sip-benchmarks/benchmarks/si4_rand_r005_400/si4_r005_m400.05/target
      

   loading variables...
        nbVariables=160  nbDomainTypes=1  nbTotalValues=64000  domainSizes=(400:160)
          =>  wckTime=0.217  cpuTime=0.333  mem=7M666

   loading objectives...

   loading constraints...
        nbConstraints=1228  nbSpecificConstraints=1  nbExtensionStructures=(1,shared:1226)  nbConflictsStructures=(1,shared:1226,unbuilt:1)
        degrees=(5:1)(7:1)(8:2)...(23:3)(26:2)(27:1)  arities=(2:1227)(160:1)  types=(AllDifferent:1)(ConstraintHardExtensionV-Bits:1227)
          =>  wckTime=0.731  cpuTime=0.815  mem=27M345

   INFO : <!-- Start saving the XML representation -->

   INFO : <!-- Stop saving the XML representation of target.xml -->

   Solver SolverBacktrack being built... 
          =>  wckTime=1.046  cpuTime=1.102  mem=55M85

    instantiation X0=388 X1=17 X2=397 X3=362 X4=37 X5=373 X6=333 X7=372 X8=319 X9=54 X10=338 X11=76 X12=175 X13=250 X14=28 X15=251 X16=12 X17=183 X18=232 X19=391 X20=369 X21=311 X22=282 X23=292 X24=168 X25=317 X26=110 X27=96 X28=284 X29=298 X30=153 X31=374 X32=137 X33=24 X34=387 X35=260 X36=93 X37=173 X38=355 X39=167 X40=178 X41=358 X42=368 X43=83 X44=389 X45=34 X46=214 X47=224 X48=163 X49=212 X50=144 X51=286 X52=121 X53=154 X54=314 X55=252 X56=23 X57=116 X58=290 X59=161 X60=192 X61=283 X62=74 X63=288 X64=8 X65=334 X66=44 X67=300 X68=375 X69=332 X70=45 X71=396 X72=94 X73=104 X74=18 X75=105 X76=62 X77=103 X78=43 X79=351 X80=57 X81=86 X82=365 X83=213 X84=266 X85=211 X86=376 X87=67 X88=21 X89=384 X90=146 X91=82 X92=42 X93=155 X94=32 X95=297 X96=336 X97=151 X98=293 X99=239 X100=236 X101=195 X102=272 X103=331 X104=269 X105=180 X106=276 X107=327 X108=238 X109=200 X110=7 X111=106 X112=377 X113=26 X114=143 X115=307 X116=165 X117=63 X118=265 X119=35 X120=335 X121=181 X122=287 X123=304 X124=318 X125=201 X126=52 X127=303 X128=277 X129=99 X130=199 X131=361 X132=203 X133=258 X134=196 X135=29 X136=142 X137=354 X138=206 X139=58 X140=294 X141=14 X142=367 X143=128 X144=249 X145=71 X146=208 X147=270 X148=186 X149=274 X150=324 X151=141 X152=5 X153=172 X154=132 X155=11 X156=197 X157=156 X158=158 X159=194 

    solution X0=388 X1=17 X2=397 X3=362 X4=37 X5=373 X6=333 X7=372 X8=319 X9=54 X10=338 X11=76 X12=175 X13=250 X14=28 X15=251 X16=12 X17=183 X18=232 X19=391 X20=369 X21=311 X22=282 X23=292 X24=168 X25=317 X26=110 X27=96 X28=284 X29=298 X30=153 X31=374 X32=137 X33=24 X34=387 X35=260 X36=93 X37=173 X38=355 X39=167 X40=178 X41=358 X42=368 X43=83 X44=389 X45=34 X46=214 X47=224 X48=163 X49=212 X50=144 X51=286 X52=121 X53=154 X54=314 X55=252 X56=23 X57=116 X58=290 X59=161 X60=192 X61=283 X62=74 X63=288 X64=8 X65=334 X66=44 X67=300 X68=375 X69=332 X70=45 X71=396 X72=94 X73=104 X74=18 X75=105 X76=62 X77=103 X78=43 X79=351 X80=57 X81=86 X82=365 X83=213 X84=266 X85=211 X86=376 X87=67 X88=21 X89=384 X90=146 X91=82 X92=42 X93=155 X94=32 X95=297 X96=336 X97=151 X98=293 X99=239 X100=236 X101=195 X102=272 X103=331 X104=269 X105=180 X106=276 X107=327 X108=238 X109=200 X110=7 X111=106 X112=377 X113=26 X114=143 X115=307 X116=165 X117=63 X118=265 X119=35 X120=335 X121=181 X122=287 X123=304 X124=318 X125=201 X126=52 X127=303 X128=277 X129=99 X130=199 X131=361 X132=203 X133=258 X134=196 X135=29 X136=142 X137=354 X138=206 X139=58 X140=294 X141=14 X142=367 X143=128 X144=249 X145=71 X146=208 X147=270 X148=186 X149=274 X150=324 X151=141 X152=5 X153=172 X154=132 X155=11 X156=197 X157=156 X158=158 X159=194 

   
   search
        run=0  nbConstraintChecks=1228  depth=(min:0,max:159,avg:1)  nbEffectivePropagations=89978  nbRevisions=1024260  nbUselessRevisions=961737
        nbAssignments=1404  nbFailedAssignments=1151  nbBacktracks=93  nbVisitedNodes=2643  nbRestartNogoods=0  nbFoundSolutions=1
        upperBound=9223372036854775807
          =>  wckTime=199.102  cpuTime=199.085  mem=760M45

   
   global
        nbConstraintChecks=1228  nbEffectivePropagations=89978  nbRevisions=1024260  nbUselessRevisions=961737  nbRestartNogoods=0
        solvingWckTime=199.103  expiredTime=no  totalExploration=no  nbFoundSolutions=1  firstSolutionCpuTime=199.081  Stop=REACHED_GOAL
          =>  wckTime=200.149  cpuTime=199.085  mem=760M45

s SATISFIABLE
v X0=388 X1=17 X2=397 X3=362 X4=37 X5=373 X6=333 X7=372 X8=319 X9=54 X10=338 X11=76 X12=175 X13=250 X14=28 X15=251 X16=12 X17=183 X18=232 X19=391 X20=369 X21=311 X22=282 X23=292 X24=168 X25=317 X26=110 X27=96 X28=284 X29=298 X30=153 X31=374 X32=137 X33=24 X34=387 X35=260 X36=93 X37=173 X38=355 X39=167 X40=178 X41=358 X42=368 X43=83 X44=389 X45=34 X46=214 X47=224 X48=163 X49=212 X50=144 X51=286 X52=121 X53=154 X54=314 X55=252 X56=23 X57=116 X58=290 X59=161 X60=192 X61=283 X62=74 X63=288 X64=8 X65=334 X66=44 X67=300 X68=375 X69=332 X70=45 X71=396 X72=94 X73=104 X74=18 X75=105 X76=62 X77=103 X78=43 X79=351 X80=57 X81=86 X82=365 X83=213 X84=266 X85=211 X86=376 X87=67 X88=21 X89=384 X90=146 X91=82 X92=42 X93=155 X94=32 X95=297 X96=336 X97=151 X98=293 X99=239 X100=236 X101=195 X102=272 X103=331 X104=269 X105=180 X106=276 X107=327 X108=238 X109=200 X110=7 X111=106 X112=377 X113=26 X114=143 X115=307 X116=165 X117=63 X118=265 X119=35 X120=335 X121=181 X122=287 X123=304 X124=318 X125=201 X126=52 X127=303 X128=277 X129=99 X130=199 X131=361 X132=203 X133=258 X134=196 X135=29 X136=142 X137=354 X138=206 X139=58 X140=294 X141=14 X142=367 X143=128 X144=249 X145=71 X146=208 X147=270 X148=186 X149=274 X150=324 X151=141 X152=5 X153=172 X154=132 X155=11 X156=197 X157=156 X158=158 X159=194 
d NODES 1404

   totalWckTime=200.058  totalCpuTime=199.086
