
   AbsCon 1.41 (January, 2014) - defaultConfiguration

   
   instance
        framework=CSP  name=Isomorphism-/cluster/gpg/ciaran/sip-benchmarks/benchmarks/si4_bvg_b09m_400/si4_b09m_m400.05/pattern-/cluster/gpg/ciaran/sip-benchmarks/benchmarks/si4_bvg_b09m_400/si4_b09m_m400.05/target
        parameters=/cluster/gpg/ciaran/sip-benchmarks/benchmarks/si4_bvg_b09m_400/si4_b09m_m400.05/pattern,/cluster/gpg/ciaran/sip-benchmarks/benchmarks/si4_bvg_b09m_400/si4_b09m_m400.05/target
      

   loading variables...
        nbVariables=160  nbDomainTypes=1  nbTotalValues=64000  domainSizes=(400:160)
          =>  wckTime=0.255  cpuTime=0.342  mem=6M444

   loading objectives...

   loading constraints...
        nbConstraints=453  nbSpecificConstraints=1  nbExtensionStructures=(1,shared:451)  nbConflictsStructures=(1,shared:451,unbuilt:1)
        degrees=(2:2)(3:14)(4:24)...(17:1)(18:1)(20:1)  arities=(2:452)(160:1)  types=(AllDifferent:1)(ConstraintHardExtensionV-Bits:452)
          =>  wckTime=0.48  cpuTime=0.553  mem=13M513

   INFO : <!-- Start saving the XML representation -->

   INFO : <!-- Stop saving the XML representation of target.xml -->

   Solver SolverBacktrack being built... 
          =>  wckTime=0.768  cpuTime=0.795  mem=22M330

    instantiation X0=0 X1=6 X2=14 X3=20 X4=24 X5=37 X6=45 X7=56 X8=73 X9=96 X10=110 X11=118 X12=125 X13=144 X14=161 X15=163 X16=187 X17=224 X18=253 X19=338 X20=49 X21=50 X22=61 X23=139 X24=150 X25=186 X26=197 X27=232 X28=236 X29=271 X30=290 X31=13 X32=23 X33=39 X34=80 X35=89 X36=131 X37=159 X38=218 X39=303 X40=328 X41=330 X42=340 X43=345 X44=390 X45=44 X46=57 X47=111 X48=166 X49=221 X50=312 X51=321 X52=342 X53=344 X54=368 X55=375 X56=3 X57=88 X58=91 X59=101 X60=173 X61=228 X62=229 X63=327 X64=370 X65=373 X66=15 X67=22 X68=83 X69=100 X70=102 X71=109 X72=138 X73=174 X74=194 X75=377 X76=55 X77=66 X78=90 X79=124 X80=288 X81=302 X82=363 X83=1 X84=19 X85=36 X86=70 X87=205 X88=270 X89=284 X90=295 X91=362 X92=158 X93=181 X94=42 X95=62 X96=249 X97=326 X98=355 X99=359 X100=52 X101=87 X102=105 X103=117 X104=130 X105=250 X106=286 X107=365 X108=84 X109=120 X110=220 X111=241 X112=256 X113=261 X114=397 X115=195 X116=134 X117=140 X118=276 X119=347 X120=351 X121=18 X122=95 X123=204 X124=267 X125=308 X126=324 X127=26 X128=38 X129=243 X130=299 X131=27 X132=64 X133=104 X134=175 X135=176 X136=222 X137=332 X138=346 X139=393 X140=34 X141=213 X142=309 X143=385 X144=12 X145=29 X146=251 X147=305 X148=367 X149=374 X150=43 X151=71 X152=98 X153=114 X154=212 X155=234 X156=313 X157=331 X158=337 X159=8 

    solution X0=0 X1=6 X2=14 X3=20 X4=24 X5=37 X6=45 X7=56 X8=73 X9=96 X10=110 X11=118 X12=125 X13=144 X14=161 X15=163 X16=187 X17=224 X18=253 X19=338 X20=49 X21=50 X22=61 X23=139 X24=150 X25=186 X26=197 X27=232 X28=236 X29=271 X30=290 X31=13 X32=23 X33=39 X34=80 X35=89 X36=131 X37=159 X38=218 X39=303 X40=328 X41=330 X42=340 X43=345 X44=390 X45=44 X46=57 X47=111 X48=166 X49=221 X50=312 X51=321 X52=342 X53=344 X54=368 X55=375 X56=3 X57=88 X58=91 X59=101 X60=173 X61=228 X62=229 X63=327 X64=370 X65=373 X66=15 X67=22 X68=83 X69=100 X70=102 X71=109 X72=138 X73=174 X74=194 X75=377 X76=55 X77=66 X78=90 X79=124 X80=288 X81=302 X82=363 X83=1 X84=19 X85=36 X86=70 X87=205 X88=270 X89=284 X90=295 X91=362 X92=158 X93=181 X94=42 X95=62 X96=249 X97=326 X98=355 X99=359 X100=52 X101=87 X102=105 X103=117 X104=130 X105=250 X106=286 X107=365 X108=84 X109=120 X110=220 X111=241 X112=256 X113=261 X114=397 X115=195 X116=134 X117=140 X118=276 X119=347 X120=351 X121=18 X122=95 X123=204 X124=267 X125=308 X126=324 X127=26 X128=38 X129=243 X130=299 X131=27 X132=64 X133=104 X134=175 X135=176 X136=222 X137=332 X138=346 X139=393 X140=34 X141=213 X142=309 X143=385 X144=12 X145=29 X146=251 X147=305 X148=367 X149=374 X150=43 X151=71 X152=98 X153=114 X154=212 X155=234 X156=313 X157=331 X158=337 X159=8 

   
   search
        run=0  nbConstraintChecks=453  depth=(min:161,max:159,avg:0)  nbEffectivePropagations=15  nbRevisions=1319  nbUselessRevisions=1319
        nbAssignments=160  nbFailedAssignments=0  nbBacktracks=0  nbVisitedNodes=161  nbRestartNogoods=0  nbFoundSolutions=1
        upperBound=9223372036854775807
          =>  wckTime=5.23  cpuTime=5.916  mem=150M523

   
   global
        nbConstraintChecks=453  nbEffectivePropagations=15  nbRevisions=1319  nbUselessRevisions=1319  nbRestartNogoods=0  solvingWckTime=5.231
        expiredTime=no  totalExploration=no  nbFoundSolutions=1  firstSolutionCpuTime=5.907  Stop=REACHED_GOAL
          =>  wckTime=5.999  cpuTime=5.916  mem=150M523

s SATISFIABLE
v X0=0 X1=6 X2=14 X3=20 X4=24 X5=37 X6=45 X7=56 X8=73 X9=96 X10=110 X11=118 X12=125 X13=144 X14=161 X15=163 X16=187 X17=224 X18=253 X19=338 X20=49 X21=50 X22=61 X23=139 X24=150 X25=186 X26=197 X27=232 X28=236 X29=271 X30=290 X31=13 X32=23 X33=39 X34=80 X35=89 X36=131 X37=159 X38=218 X39=303 X40=328 X41=330 X42=340 X43=345 X44=390 X45=44 X46=57 X47=111 X48=166 X49=221 X50=312 X51=321 X52=342 X53=344 X54=368 X55=375 X56=3 X57=88 X58=91 X59=101 X60=173 X61=228 X62=229 X63=327 X64=370 X65=373 X66=15 X67=22 X68=83 X69=100 X70=102 X71=109 X72=138 X73=174 X74=194 X75=377 X76=55 X77=66 X78=90 X79=124 X80=288 X81=302 X82=363 X83=1 X84=19 X85=36 X86=70 X87=205 X88=270 X89=284 X90=295 X91=362 X92=158 X93=181 X94=42 X95=62 X96=249 X97=326 X98=355 X99=359 X100=52 X101=87 X102=105 X103=117 X104=130 X105=250 X106=286 X107=365 X108=84 X109=120 X110=220 X111=241 X112=256 X113=261 X114=397 X115=195 X116=134 X117=140 X118=276 X119=347 X120=351 X121=18 X122=95 X123=204 X124=267 X125=308 X126=324 X127=26 X128=38 X129=243 X130=299 X131=27 X132=64 X133=104 X134=175 X135=176 X136=222 X137=332 X138=346 X139=393 X140=34 X141=213 X142=309 X143=385 X144=12 X145=29 X146=251 X147=305 X148=367 X149=374 X150=43 X151=71 X152=98 X153=114 X154=212 X155=234 X156=313 X157=331 X158=337 X159=8 
d NODES 160

   totalWckTime=5.841  totalCpuTime=5.916
