
   AbsCon 1.41 (January, 2014) - defaultConfiguration

   
   instance
        framework=CSP  name=Isomorphism-/cluster/gpg/ciaran/sip-benchmarks/benchmarks/si4_rand_r001_400/si4_r001_m400.02/pattern-/cluster/gpg/ciaran/sip-benchmarks/benchmarks/si4_rand_r001_400/si4_r001_m400.02/target
        parameters=/cluster/gpg/ciaran/sip-benchmarks/benchmarks/si4_rand_r001_400/si4_r001_m400.02/pattern,/cluster/gpg/ciaran/sip-benchmarks/benchmarks/si4_rand_r001_400/si4_r001_m400.02/target
      

   loading variables...
        nbVariables=160  nbDomainTypes=1  nbTotalValues=64000  domainSizes=(400:160)
          =>  wckTime=0.239  cpuTime=0.371  mem=6M471

   loading objectives...

   loading constraints...
        nbConstraints=328  nbSpecificConstraints=1  nbExtensionStructures=(1,shared:326)  nbConflictsStructures=(1,shared:326,unbuilt:1)
        degrees=(2:15)(3:23)(4:30)...(9:2)(10:3)(11:2)  arities=(2:327)(160:1)  types=(AllDifferent:1)(ConstraintHardExtensionV-Bits:327)
          =>  wckTime=0.397  cpuTime=0.523  mem=17M787

   INFO : <!-- Start saving the XML representation -->

   INFO : <!-- Stop saving the XML representation of target.xml -->

   Solver SolverBacktrack being built... 
          =>  wckTime=0.782  cpuTime=0.819  mem=21M729

    instantiation X0=201 X1=177 X2=93 X3=54 X4=336 X5=45 X6=239 X7=230 X8=12 X9=244 X10=156 X11=48 X12=81 X13=332 X14=352 X15=277 X16=51 X17=70 X18=289 X19=152 X20=105 X21=259 X22=284 X23=30 X24=389 X25=301 X26=212 X27=398 X28=174 X29=218 X30=184 X31=249 X32=100 X33=140 X34=211 X35=210 X36=361 X37=242 X38=7 X39=240 X40=125 X41=173 X42=260 X43=53 X44=178 X45=183 X46=143 X47=362 X48=343 X49=338 X50=46 X51=139 X52=28 X53=318 X54=350 X55=333 X56=346 X57=322 X58=308 X59=313 X60=167 X61=117 X62=341 X63=59 X64=2 X65=118 X66=395 X67=278 X68=380 X69=385 X70=124 X71=101 X72=107 X73=225 X74=204 X75=127 X76=76 X77=386 X78=142 X79=99 X80=334 X81=26 X82=65 X83=195 X84=166 X85=129 X86=273 X87=263 X88=371 X89=377 X90=87 X91=176 X92=15 X93=281 X94=41 X95=335 X96=270 X97=9 X98=63 X99=14 X100=223 X101=207 X102=219 X103=89 X104=92 X105=287 X106=364 X107=86 X108=387 X109=138 X110=250 X111=314 X112=267 X113=137 X114=115 X115=179 X116=17 X117=233 X118=32 X119=326 X120=340 X121=214 X122=256 X123=375 X124=367 X125=66 X126=82 X127=73 X128=155 X129=271 X130=393 X131=145 X132=283 X133=169 X134=106 X135=35 X136=171 X137=161 X138=71 X139=190 X140=49 X141=175 X142=307 X143=236 X144=114 X145=91 X146=381 X147=24 X148=369 X149=215 X150=5 X151=13 X152=253 X153=331 X154=376 X155=153 X156=247 X157=158 X158=180 X159=6 

    solution X0=201 X1=177 X2=93 X3=54 X4=336 X5=45 X6=239 X7=230 X8=12 X9=244 X10=156 X11=48 X12=81 X13=332 X14=352 X15=277 X16=51 X17=70 X18=289 X19=152 X20=105 X21=259 X22=284 X23=30 X24=389 X25=301 X26=212 X27=398 X28=174 X29=218 X30=184 X31=249 X32=100 X33=140 X34=211 X35=210 X36=361 X37=242 X38=7 X39=240 X40=125 X41=173 X42=260 X43=53 X44=178 X45=183 X46=143 X47=362 X48=343 X49=338 X50=46 X51=139 X52=28 X53=318 X54=350 X55=333 X56=346 X57=322 X58=308 X59=313 X60=167 X61=117 X62=341 X63=59 X64=2 X65=118 X66=395 X67=278 X68=380 X69=385 X70=124 X71=101 X72=107 X73=225 X74=204 X75=127 X76=76 X77=386 X78=142 X79=99 X80=334 X81=26 X82=65 X83=195 X84=166 X85=129 X86=273 X87=263 X88=371 X89=377 X90=87 X91=176 X92=15 X93=281 X94=41 X95=335 X96=270 X97=9 X98=63 X99=14 X100=223 X101=207 X102=219 X103=89 X104=92 X105=287 X106=364 X107=86 X108=387 X109=138 X110=250 X111=314 X112=267 X113=137 X114=115 X115=179 X116=17 X117=233 X118=32 X119=326 X120=340 X121=214 X122=256 X123=375 X124=367 X125=66 X126=82 X127=73 X128=155 X129=271 X130=393 X131=145 X132=283 X133=169 X134=106 X135=35 X136=171 X137=161 X138=71 X139=190 X140=49 X141=175 X142=307 X143=236 X144=114 X145=91 X146=381 X147=24 X148=369 X149=215 X150=5 X151=13 X152=253 X153=331 X154=376 X155=153 X156=247 X157=158 X158=180 X159=6 

   
   search
        run=0  nbConstraintChecks=328  depth=(min:0,max:159,avg:1)  nbEffectivePropagations=31  nbRevisions=1404  nbUselessRevisions=1400
        nbAssignments=205  nbFailedAssignments=45  nbBacktracks=0  nbVisitedNodes=251  nbRestartNogoods=0  nbFoundSolutions=1
        upperBound=9223372036854775807
          =>  wckTime=6.754  cpuTime=7.472  mem=70M978

   
   global
        nbConstraintChecks=328  nbEffectivePropagations=31  nbRevisions=1404  nbUselessRevisions=1400  nbRestartNogoods=0  solvingWckTime=6.754
        expiredTime=no  totalExploration=no  nbFoundSolutions=1  firstSolutionCpuTime=7.469  Stop=REACHED_GOAL
          =>  wckTime=7.537  cpuTime=7.473  mem=70M978

s SATISFIABLE
v X0=201 X1=177 X2=93 X3=54 X4=336 X5=45 X6=239 X7=230 X8=12 X9=244 X10=156 X11=48 X12=81 X13=332 X14=352 X15=277 X16=51 X17=70 X18=289 X19=152 X20=105 X21=259 X22=284 X23=30 X24=389 X25=301 X26=212 X27=398 X28=174 X29=218 X30=184 X31=249 X32=100 X33=140 X34=211 X35=210 X36=361 X37=242 X38=7 X39=240 X40=125 X41=173 X42=260 X43=53 X44=178 X45=183 X46=143 X47=362 X48=343 X49=338 X50=46 X51=139 X52=28 X53=318 X54=350 X55=333 X56=346 X57=322 X58=308 X59=313 X60=167 X61=117 X62=341 X63=59 X64=2 X65=118 X66=395 X67=278 X68=380 X69=385 X70=124 X71=101 X72=107 X73=225 X74=204 X75=127 X76=76 X77=386 X78=142 X79=99 X80=334 X81=26 X82=65 X83=195 X84=166 X85=129 X86=273 X87=263 X88=371 X89=377 X90=87 X91=176 X92=15 X93=281 X94=41 X95=335 X96=270 X97=9 X98=63 X99=14 X100=223 X101=207 X102=219 X103=89 X104=92 X105=287 X106=364 X107=86 X108=387 X109=138 X110=250 X111=314 X112=267 X113=137 X114=115 X115=179 X116=17 X117=233 X118=32 X119=326 X120=340 X121=214 X122=256 X123=375 X124=367 X125=66 X126=82 X127=73 X128=155 X129=271 X130=393 X131=145 X132=283 X133=169 X134=106 X135=35 X136=171 X137=161 X138=71 X139=190 X140=49 X141=175 X142=307 X143=236 X144=114 X145=91 X146=381 X147=24 X148=369 X149=215 X150=5 X151=13 X152=253 X153=331 X154=376 X155=153 X156=247 X157=158 X158=180 X159=6 
d NODES 205

   totalWckTime=7.405  totalCpuTime=7.473
