
   AbsCon 1.41 (January, 2014) - defaultConfiguration

   
   instance
        framework=CSP  name=Isomorphism-/cluster/gpg/ciaran/sip-benchmarks/benchmarks/si4_rand_r005_400/si4_r005_m400.00/pattern-/cluster/gpg/ciaran/sip-benchmarks/benchmarks/si4_rand_r005_400/si4_r005_m400.00/target
        parameters=/cluster/gpg/ciaran/sip-benchmarks/benchmarks/si4_rand_r005_400/si4_r005_m400.00/pattern,/cluster/gpg/ciaran/sip-benchmarks/benchmarks/si4_rand_r005_400/si4_r005_m400.00/target
      

   loading variables...
        nbVariables=160  nbDomainTypes=1  nbTotalValues=64000  domainSizes=(400:160)
          =>  wckTime=0.22  cpuTime=0.343  mem=7M281

   loading objectives...

   loading constraints...
        nbConstraints=1231  nbSpecificConstraints=1  nbExtensionStructures=(1,shared:1229)  nbConflictsStructures=(1,shared:1229,unbuilt:1)
        degrees=(9:4)(10:4)(11:6)...(25:1)(26:1)(28:1)  arities=(2:1230)(160:1)  types=(AllDifferent:1)(ConstraintHardExtensionV-Bits:1230)
          =>  wckTime=0.8  cpuTime=0.889  mem=20M945

   INFO : <!-- Start saving the XML representation -->

   INFO : <!-- Stop saving the XML representation of target.xml -->

   Solver SolverBacktrack being built... 
          =>  wckTime=1.081  cpuTime=1.137  mem=49M569

    instantiation X0=158 X1=339 X2=238 X3=191 X4=205 X5=296 X6=240 X7=88 X8=395 X9=258 X10=290 X11=378 X12=249 X13=51 X14=68 X15=206 X16=126 X17=77 X18=14 X19=13 X20=93 X21=63 X22=260 X23=165 X24=236 X25=29 X26=392 X27=193 X28=309 X29=326 X30=299 X31=143 X32=267 X33=243 X34=208 X35=363 X36=277 X37=247 X38=374 X39=145 X40=41 X41=181 X42=226 X43=103 X44=289 X45=58 X46=261 X47=294 X48=353 X49=300 X50=393 X51=106 X52=227 X53=57 X54=385 X55=307 X56=253 X57=117 X58=54 X59=224 X60=196 X61=214 X62=125 X63=197 X64=232 X65=59 X66=24 X67=97 X68=272 X69=91 X70=394 X71=61 X72=292 X73=104 X74=234 X75=81 X76=361 X77=22 X78=164 X79=303 X80=112 X81=72 X82=129 X83=28 X84=167 X85=211 X86=365 X87=42 X88=71 X89=70 X90=45 X91=130 X92=336 X93=338 X94=271 X95=86 X96=95 X97=11 X98=7 X99=345 X100=1 X101=305 X102=56 X103=219 X104=4 X105=157 X106=188 X107=194 X108=221 X109=109 X110=316 X111=169 X112=19 X113=48 X114=146 X115=323 X116=124 X117=399 X118=168 X119=148 X120=370 X121=333 X122=138 X123=331 X124=373 X125=40 X126=153 X127=31 X128=190 X129=131 X130=202 X131=398 X132=142 X133=180 X134=123 X135=100 X136=178 X137=10 X138=34 X139=242 X140=18 X141=254 X142=53 X143=220 X144=343 X145=204 X146=90 X147=308 X148=248 X149=67 X150=239 X151=121 X152=273 X153=116 X154=391 X155=387 X156=73 X157=295 X158=76 X159=269 

    solution X0=158 X1=339 X2=238 X3=191 X4=205 X5=296 X6=240 X7=88 X8=395 X9=258 X10=290 X11=378 X12=249 X13=51 X14=68 X15=206 X16=126 X17=77 X18=14 X19=13 X20=93 X21=63 X22=260 X23=165 X24=236 X25=29 X26=392 X27=193 X28=309 X29=326 X30=299 X31=143 X32=267 X33=243 X34=208 X35=363 X36=277 X37=247 X38=374 X39=145 X40=41 X41=181 X42=226 X43=103 X44=289 X45=58 X46=261 X47=294 X48=353 X49=300 X50=393 X51=106 X52=227 X53=57 X54=385 X55=307 X56=253 X57=117 X58=54 X59=224 X60=196 X61=214 X62=125 X63=197 X64=232 X65=59 X66=24 X67=97 X68=272 X69=91 X70=394 X71=61 X72=292 X73=104 X74=234 X75=81 X76=361 X77=22 X78=164 X79=303 X80=112 X81=72 X82=129 X83=28 X84=167 X85=211 X86=365 X87=42 X88=71 X89=70 X90=45 X91=130 X92=336 X93=338 X94=271 X95=86 X96=95 X97=11 X98=7 X99=345 X100=1 X101=305 X102=56 X103=219 X104=4 X105=157 X106=188 X107=194 X108=221 X109=109 X110=316 X111=169 X112=19 X113=48 X114=146 X115=323 X116=124 X117=399 X118=168 X119=148 X120=370 X121=333 X122=138 X123=331 X124=373 X125=40 X126=153 X127=31 X128=190 X129=131 X130=202 X131=398 X132=142 X133=180 X134=123 X135=100 X136=178 X137=10 X138=34 X139=242 X140=18 X141=254 X142=53 X143=220 X144=343 X145=204 X146=90 X147=308 X148=248 X149=67 X150=239 X151=121 X152=273 X153=116 X154=391 X155=387 X156=73 X157=295 X158=76 X159=269 

   
   search
        run=0  nbConstraintChecks=1231  depth=(min:0,max:159,avg:1)  nbEffectivePropagations=105381  nbRevisions=1274806  nbUselessRevisions=1201908
        nbAssignments=1555  nbFailedAssignments=1297  nbBacktracks=98  nbVisitedNodes=2923  nbRestartNogoods=0  nbFoundSolutions=1
        upperBound=9223372036854775807
          =>  wckTime=172.722  cpuTime=172.51  mem=568M873

   
   global
        nbConstraintChecks=1231  nbEffectivePropagations=105381  nbRevisions=1274806  nbUselessRevisions=1201908  nbRestartNogoods=0
        solvingWckTime=172.722  expiredTime=no  totalExploration=no  nbFoundSolutions=1  firstSolutionCpuTime=172.504  Stop=REACHED_GOAL
          =>  wckTime=173.805  cpuTime=172.511  mem=568M873

s SATISFIABLE
v X0=158 X1=339 X2=238 X3=191 X4=205 X5=296 X6=240 X7=88 X8=395 X9=258 X10=290 X11=378 X12=249 X13=51 X14=68 X15=206 X16=126 X17=77 X18=14 X19=13 X20=93 X21=63 X22=260 X23=165 X24=236 X25=29 X26=392 X27=193 X28=309 X29=326 X30=299 X31=143 X32=267 X33=243 X34=208 X35=363 X36=277 X37=247 X38=374 X39=145 X40=41 X41=181 X42=226 X43=103 X44=289 X45=58 X46=261 X47=294 X48=353 X49=300 X50=393 X51=106 X52=227 X53=57 X54=385 X55=307 X56=253 X57=117 X58=54 X59=224 X60=196 X61=214 X62=125 X63=197 X64=232 X65=59 X66=24 X67=97 X68=272 X69=91 X70=394 X71=61 X72=292 X73=104 X74=234 X75=81 X76=361 X77=22 X78=164 X79=303 X80=112 X81=72 X82=129 X83=28 X84=167 X85=211 X86=365 X87=42 X88=71 X89=70 X90=45 X91=130 X92=336 X93=338 X94=271 X95=86 X96=95 X97=11 X98=7 X99=345 X100=1 X101=305 X102=56 X103=219 X104=4 X105=157 X106=188 X107=194 X108=221 X109=109 X110=316 X111=169 X112=19 X113=48 X114=146 X115=323 X116=124 X117=399 X118=168 X119=148 X120=370 X121=333 X122=138 X123=331 X124=373 X125=40 X126=153 X127=31 X128=190 X129=131 X130=202 X131=398 X132=142 X133=180 X134=123 X135=100 X136=178 X137=10 X138=34 X139=242 X140=18 X141=254 X142=53 X143=220 X144=343 X145=204 X146=90 X147=308 X148=248 X149=67 X150=239 X151=121 X152=273 X153=116 X154=391 X155=387 X156=73 X157=295 X158=76 X159=269 
d NODES 1555

   totalWckTime=173.702  totalCpuTime=172.511
