
   AbsCon 1.41 (January, 2014) - defaultConfiguration

   
   instance
        framework=CSP  name=Isomorphism-/cluster/gpg/ciaran/sip-benchmarks/benchmarks/si4_rand_r001_600/si4_r001_m600.05/pattern-/cluster/gpg/ciaran/sip-benchmarks/benchmarks/si4_rand_r001_600/si4_r001_m600.05/target
        parameters=/cluster/gpg/ciaran/sip-benchmarks/benchmarks/si4_rand_r001_600/si4_r001_m600.05/pattern,/cluster/gpg/ciaran/sip-benchmarks/benchmarks/si4_rand_r001_600/si4_r001_m600.05/target
      

   loading variables...
        nbVariables=240  nbDomainTypes=1  nbTotalValues=144000  domainSizes=(600:240)
          =>  wckTime=0.23  cpuTime=0.317  mem=10M682

   loading objectives...

   loading constraints...
        nbConstraints=666  nbSpecificConstraints=1  nbExtensionStructures=(1,shared:664)  nbConflictsStructures=(1,shared:664,unbuilt:1)
        degrees=(2:4)(3:11)(4:28)...(12:5)(13:1)(16:1)  arities=(2:665)(240:1)  types=(AllDifferent:1)(ConstraintHardExtensionV-Bits:665)
          =>  wckTime=0.529  cpuTime=0.587  mem=39M476

   INFO : <!-- Start saving the XML representation -->

   INFO : <!-- Stop saving the XML representation of target.xml -->

   Solver SolverBacktrack being built... 
          =>  wckTime=0.882  cpuTime=0.882  mem=38M903

    instantiation X0=568 X1=409 X2=15 X3=222 X4=151 X5=508 X6=310 X7=108 X8=465 X9=84 X10=436 X11=191 X12=428 X13=591 X14=423 X15=494 X16=217 X17=476 X18=73 X19=429 X20=505 X21=374 X22=546 X23=406 X24=0 X25=199 X26=172 X27=67 X28=12 X29=569 X30=65 X31=116 X32=38 X33=16 X34=484 X35=83 X36=148 X37=236 X38=249 X39=30 X40=327 X41=7 X42=201 X43=27 X44=223 X45=142 X46=459 X47=539 X48=111 X49=94 X50=136 X51=60 X52=135 X53=170 X54=395 X55=314 X56=501 X57=550 X58=202 X59=162 X60=244 X61=58 X62=9 X63=355 X64=478 X65=45 X66=214 X67=185 X68=69 X69=221 X70=511 X71=405 X72=211 X73=220 X74=526 X75=417 X76=452 X77=56 X78=503 X79=477 X80=411 X81=415 X82=542 X83=40 X84=532 X85=113 X86=290 X87=543 X88=247 X89=303 X90=213 X91=597 X92=466 X93=376 X94=166 X95=212 X96=551 X97=101 X98=496 X99=519 X100=300 X101=507 X102=460 X103=78 X104=273 X105=369 X106=535 X107=454 X108=473 X109=306 X110=259 X111=492 X112=106 X113=3 X114=556 X115=124 X116=91 X117=90 X118=146 X119=576 X120=198 X121=112 X122=260 X123=544 X124=175 X125=42 X126=10 X127=547 X128=531 X129=445 X130=541 X131=444 X132=565 X133=31 X134=337 X135=117 X136=245 X137=32 X138=364 X139=286 X140=294 X141=592 X142=105 X143=144 X144=173 X145=61 X146=227 X147=347 X148=163 X149=252 X150=26 X151=343 X152=120 X153=345 X154=380 X155=389 X156=308 X157=230 X158=485 X159=19 X160=480 X161=274 X162=579 X163=413 X164=457 X165=299 X166=89 X167=320 X168=577 X169=257 X170=440 X171=365 X172=5 X173=8 X174=277 X175=100 X176=323 X177=402 X178=64 X179=46 X180=545 X181=356 X182=22 X183=280 X184=226 X185=488 X186=504 X187=24 X188=549 X189=153 X190=174 X191=141 X192=171 X193=149 X194=517 X195=238 X196=467 X197=50 X198=262 X199=523 X200=229 X201=297 X202=71 X203=139 X204=599 X205=506 X206=548 X207=54 X208=581 X209=253 X210=335 X211=231 X212=375 X213=598 X214=195 X215=360 X216=562 X217=218 X218=11 X219=125 X220=527 X221=540 X222=391 X223=464 X224=138 X225=525 X226=207 X227=404 X228=251 X229=267 X230=349 X231=275 X232=295 X233=408 X234=446 X235=453 X236=157 X237=495 X238=57 X239=53 

    solution X0=568 X1=409 X2=15 X3=222 X4=151 X5=508 X6=310 X7=108 X8=465 X9=84 X10=436 X11=191 X12=428 X13=591 X14=423 X15=494 X16=217 X17=476 X18=73 X19=429 X20=505 X21=374 X22=546 X23=406 X24=0 X25=199 X26=172 X27=67 X28=12 X29=569 X30=65 X31=116 X32=38 X33=16 X34=484 X35=83 X36=148 X37=236 X38=249 X39=30 X40=327 X41=7 X42=201 X43=27 X44=223 X45=142 X46=459 X47=539 X48=111 X49=94 X50=136 X51=60 X52=135 X53=170 X54=395 X55=314 X56=501 X57=550 X58=202 X59=162 X60=244 X61=58 X62=9 X63=355 X64=478 X65=45 X66=214 X67=185 X68=69 X69=221 X70=511 X71=405 X72=211 X73=220 X74=526 X75=417 X76=452 X77=56 X78=503 X79=477 X80=411 X81=415 X82=542 X83=40 X84=532 X85=113 X86=290 X87=543 X88=247 X89=303 X90=213 X91=597 X92=466 X93=376 X94=166 X95=212 X96=551 X97=101 X98=496 X99=519 X100=300 X101=507 X102=460 X103=78 X104=273 X105=369 X106=535 X107=454 X108=473 X109=306 X110=259 X111=492 X112=106 X113=3 X114=556 X115=124 X116=91 X117=90 X118=146 X119=576 X120=198 X121=112 X122=260 X123=544 X124=175 X125=42 X126=10 X127=547 X128=531 X129=445 X130=541 X131=444 X132=565 X133=31 X134=337 X135=117 X136=245 X137=32 X138=364 X139=286 X140=294 X141=592 X142=105 X143=144 X144=173 X145=61 X146=227 X147=347 X148=163 X149=252 X150=26 X151=343 X152=120 X153=345 X154=380 X155=389 X156=308 X157=230 X158=485 X159=19 X160=480 X161=274 X162=579 X163=413 X164=457 X165=299 X166=89 X167=320 X168=577 X169=257 X170=440 X171=365 X172=5 X173=8 X174=277 X175=100 X176=323 X177=402 X178=64 X179=46 X180=545 X181=356 X182=22 X183=280 X184=226 X185=488 X186=504 X187=24 X188=549 X189=153 X190=174 X191=141 X192=171 X193=149 X194=517 X195=238 X196=467 X197=50 X198=262 X199=523 X200=229 X201=297 X202=71 X203=139 X204=599 X205=506 X206=548 X207=54 X208=581 X209=253 X210=335 X211=231 X212=375 X213=598 X214=195 X215=360 X216=562 X217=218 X218=11 X219=125 X220=527 X221=540 X222=391 X223=464 X224=138 X225=525 X226=207 X227=404 X228=251 X229=267 X230=349 X231=275 X232=295 X233=408 X234=446 X235=453 X236=157 X237=495 X238=57 X239=53 

   
   search
        run=0  nbConstraintChecks=666  depth=(min:0,max:239,avg:1)  nbEffectivePropagations=4  nbRevisions=2790  nbUselessRevisions=2790
        nbAssignments=298  nbFailedAssignments=58  nbBacktracks=0  nbVisitedNodes=357  nbRestartNogoods=0  nbFoundSolutions=1
        upperBound=9223372036854775807
          =>  wckTime=23.016  cpuTime=23.689  mem=183M855

   
   global
        nbConstraintChecks=666  nbEffectivePropagations=4  nbRevisions=2790  nbUselessRevisions=2790  nbRestartNogoods=0  solvingWckTime=23.016
        expiredTime=no  totalExploration=no  nbFoundSolutions=1  firstSolutionCpuTime=23.683  Stop=REACHED_GOAL
          =>  wckTime=23.9  cpuTime=23.689  mem=183M855

s SATISFIABLE
v X0=568 X1=409 X2=15 X3=222 X4=151 X5=508 X6=310 X7=108 X8=465 X9=84 X10=436 X11=191 X12=428 X13=591 X14=423 X15=494 X16=217 X17=476 X18=73 X19=429 X20=505 X21=374 X22=546 X23=406 X24=0 X25=199 X26=172 X27=67 X28=12 X29=569 X30=65 X31=116 X32=38 X33=16 X34=484 X35=83 X36=148 X37=236 X38=249 X39=30 X40=327 X41=7 X42=201 X43=27 X44=223 X45=142 X46=459 X47=539 X48=111 X49=94 X50=136 X51=60 X52=135 X53=170 X54=395 X55=314 X56=501 X57=550 X58=202 X59=162 X60=244 X61=58 X62=9 X63=355 X64=478 X65=45 X66=214 X67=185 X68=69 X69=221 X70=511 X71=405 X72=211 X73=220 X74=526 X75=417 X76=452 X77=56 X78=503 X79=477 X80=411 X81=415 X82=542 X83=40 X84=532 X85=113 X86=290 X87=543 X88=247 X89=303 X90=213 X91=597 X92=466 X93=376 X94=166 X95=212 X96=551 X97=101 X98=496 X99=519 X100=300 X101=507 X102=460 X103=78 X104=273 X105=369 X106=535 X107=454 X108=473 X109=306 X110=259 X111=492 X112=106 X113=3 X114=556 X115=124 X116=91 X117=90 X118=146 X119=576 X120=198 X121=112 X122=260 X123=544 X124=175 X125=42 X126=10 X127=547 X128=531 X129=445 X130=541 X131=444 X132=565 X133=31 X134=337 X135=117 X136=245 X137=32 X138=364 X139=286 X140=294 X141=592 X142=105 X143=144 X144=173 X145=61 X146=227 X147=347 X148=163 X149=252 X150=26 X151=343 X152=120 X153=345 X154=380 X155=389 X156=308 X157=230 X158=485 X159=19 X160=480 X161=274 X162=579 X163=413 X164=457 X165=299 X166=89 X167=320 X168=577 X169=257 X170=440 X171=365 X172=5 X173=8 X174=277 X175=100 X176=323 X177=402 X178=64 X179=46 X180=545 X181=356 X182=22 X183=280 X184=226 X185=488 X186=504 X187=24 X188=549 X189=153 X190=174 X191=141 X192=171 X193=149 X194=517 X195=238 X196=467 X197=50 X198=262 X199=523 X200=229 X201=297 X202=71 X203=139 X204=599 X205=506 X206=548 X207=54 X208=581 X209=253 X210=335 X211=231 X212=375 X213=598 X214=195 X215=360 X216=562 X217=218 X218=11 X219=125 X220=527 X221=540 X222=391 X223=464 X224=138 X225=525 X226=207 X227=404 X228=251 X229=267 X230=349 X231=275 X232=295 X233=408 X234=446 X235=453 X236=157 X237=495 X238=57 X239=53 
d NODES 298

   totalWckTime=23.781  totalCpuTime=23.69
