
   AbsCon 1.41 (January, 2014) - defaultConfiguration

   
   instance
        framework=CSP  name=Isomorphism-/cluster/gpg/ciaran/sip-benchmarks/benchmarks/si4_bvg_b03m_400/si4_b03m_m400.03/pattern-/cluster/gpg/ciaran/sip-benchmarks/benchmarks/si4_bvg_b03m_400/si4_b03m_m400.03/target
        parameters=/cluster/gpg/ciaran/sip-benchmarks/benchmarks/si4_bvg_b03m_400/si4_b03m_m400.03/pattern,/cluster/gpg/ciaran/sip-benchmarks/benchmarks/si4_bvg_b03m_400/si4_b03m_m400.03/target
      

   loading variables...
        nbVariables=160  nbDomainTypes=1  nbTotalValues=64000  domainSizes=(400:160)
          =>  wckTime=0.197  cpuTime=0.303  mem=6M250

   loading objectives...

   loading constraints...
        nbConstraints=203  nbSpecificConstraints=1  nbExtensionStructures=(1,shared:201)  nbConflictsStructures=(1,shared:201,unbuilt:1)
        degrees=(2:46)(3:48)(4:51)...(12:1)(14:1)(16:1)  arities=(2:202)(160:1)  types=(AllDifferent:1)(ConstraintHardExtensionV-Bits:202)
          =>  wckTime=0.283  cpuTime=0.388  mem=12M945

   INFO : <!-- Start saving the XML representation -->

   INFO : <!-- Stop saving the XML representation of target.xml -->

   Solver SolverBacktrack being built... 
          =>  wckTime=0.526  cpuTime=0.593  mem=23M272

    instantiation X0=0 X1=18 X2=37 X3=38 X4=107 X5=118 X6=138 X7=150 X8=179 X9=236 X10=250 X11=257 X12=365 X13=372 X14=376 X15=395 X16=106 X17=251 X18=196 X19=258 X20=294 X21=16 X22=282 X23=24 X24=342 X25=69 X26=186 X27=67 X28=288 X29=59 X30=21 X31=229 X32=71 X33=158 X34=54 X35=207 X36=8 X37=398 X38=206 X39=228 X40=15 X41=130 X42=108 X43=50 X44=189 X45=120 X46=295 X47=396 X48=188 X49=205 X50=215 X51=242 X52=290 X53=303 X54=9 X55=273 X56=47 X57=113 X58=271 X59=35 X60=298 X61=117 X62=192 X63=309 X64=148 X65=353 X66=1 X67=14 X68=2 X69=144 X70=17 X71=22 X72=63 X73=202 X74=5 X75=80 X76=3 X77=125 X78=19 X79=391 X80=65 X81=392 X82=209 X83=44 X84=330 X85=51 X86=333 X87=121 X88=140 X89=213 X90=336 X91=343 X92=143 X93=362 X94=272 X95=105 X96=178 X97=276 X98=160 X99=224 X100=30 X101=184 X102=20 X103=124 X104=283 X105=237 X106=323 X107=354 X108=10 X109=42 X110=88 X111=109 X112=136 X113=218 X114=316 X115=339 X116=385 X117=335 X118=133 X119=182 X120=6 X121=77 X122=379 X123=154 X124=227 X125=243 X126=297 X127=64 X128=211 X129=86 X130=49 X131=247 X132=267 X133=346 X134=85 X135=129 X136=166 X137=204 X138=244 X139=245 X140=255 X141=266 X142=280 X143=383 X144=193 X145=234 X146=249 X147=278 X148=293 X149=326 X150=60 X151=164 X152=219 X153=260 X154=281 X155=305 X156=307 X157=328 X158=318 X159=27 

    solution X0=0 X1=18 X2=37 X3=38 X4=107 X5=118 X6=138 X7=150 X8=179 X9=236 X10=250 X11=257 X12=365 X13=372 X14=376 X15=395 X16=106 X17=251 X18=196 X19=258 X20=294 X21=16 X22=282 X23=24 X24=342 X25=69 X26=186 X27=67 X28=288 X29=59 X30=21 X31=229 X32=71 X33=158 X34=54 X35=207 X36=8 X37=398 X38=206 X39=228 X40=15 X41=130 X42=108 X43=50 X44=189 X45=120 X46=295 X47=396 X48=188 X49=205 X50=215 X51=242 X52=290 X53=303 X54=9 X55=273 X56=47 X57=113 X58=271 X59=35 X60=298 X61=117 X62=192 X63=309 X64=148 X65=353 X66=1 X67=14 X68=2 X69=144 X70=17 X71=22 X72=63 X73=202 X74=5 X75=80 X76=3 X77=125 X78=19 X79=391 X80=65 X81=392 X82=209 X83=44 X84=330 X85=51 X86=333 X87=121 X88=140 X89=213 X90=336 X91=343 X92=143 X93=362 X94=272 X95=105 X96=178 X97=276 X98=160 X99=224 X100=30 X101=184 X102=20 X103=124 X104=283 X105=237 X106=323 X107=354 X108=10 X109=42 X110=88 X111=109 X112=136 X113=218 X114=316 X115=339 X116=385 X117=335 X118=133 X119=182 X120=6 X121=77 X122=379 X123=154 X124=227 X125=243 X126=297 X127=64 X128=211 X129=86 X130=49 X131=247 X132=267 X133=346 X134=85 X135=129 X136=166 X137=204 X138=244 X139=245 X140=255 X141=266 X142=280 X143=383 X144=193 X145=234 X146=249 X147=278 X148=293 X149=326 X150=60 X151=164 X152=219 X153=260 X154=281 X155=305 X156=307 X157=328 X158=318 X159=27 

   
   search
        run=0  nbConstraintChecks=203  depth=(min:161,max:159,avg:0)  nbEffectivePropagations=136  nbRevisions=578  nbUselessRevisions=578
        nbAssignments=160  nbFailedAssignments=0  nbBacktracks=0  nbVisitedNodes=161  nbRestartNogoods=0  nbFoundSolutions=1
        upperBound=9223372036854775807
          =>  wckTime=2.962  cpuTime=3.46  mem=121M757

   
   global
        nbConstraintChecks=203  nbEffectivePropagations=136  nbRevisions=578  nbUselessRevisions=578  nbRestartNogoods=0  solvingWckTime=2.963
        expiredTime=no  totalExploration=no  nbFoundSolutions=1  firstSolutionCpuTime=3.453  Stop=REACHED_GOAL
          =>  wckTime=3.49  cpuTime=3.461  mem=121M757

s SATISFIABLE
v X0=0 X1=18 X2=37 X3=38 X4=107 X5=118 X6=138 X7=150 X8=179 X9=236 X10=250 X11=257 X12=365 X13=372 X14=376 X15=395 X16=106 X17=251 X18=196 X19=258 X20=294 X21=16 X22=282 X23=24 X24=342 X25=69 X26=186 X27=67 X28=288 X29=59 X30=21 X31=229 X32=71 X33=158 X34=54 X35=207 X36=8 X37=398 X38=206 X39=228 X40=15 X41=130 X42=108 X43=50 X44=189 X45=120 X46=295 X47=396 X48=188 X49=205 X50=215 X51=242 X52=290 X53=303 X54=9 X55=273 X56=47 X57=113 X58=271 X59=35 X60=298 X61=117 X62=192 X63=309 X64=148 X65=353 X66=1 X67=14 X68=2 X69=144 X70=17 X71=22 X72=63 X73=202 X74=5 X75=80 X76=3 X77=125 X78=19 X79=391 X80=65 X81=392 X82=209 X83=44 X84=330 X85=51 X86=333 X87=121 X88=140 X89=213 X90=336 X91=343 X92=143 X93=362 X94=272 X95=105 X96=178 X97=276 X98=160 X99=224 X100=30 X101=184 X102=20 X103=124 X104=283 X105=237 X106=323 X107=354 X108=10 X109=42 X110=88 X111=109 X112=136 X113=218 X114=316 X115=339 X116=385 X117=335 X118=133 X119=182 X120=6 X121=77 X122=379 X123=154 X124=227 X125=243 X126=297 X127=64 X128=211 X129=86 X130=49 X131=247 X132=267 X133=346 X134=85 X135=129 X136=166 X137=204 X138=244 X139=245 X140=255 X141=266 X142=280 X143=383 X144=193 X145=234 X146=249 X147=278 X148=293 X149=326 X150=60 X151=164 X152=219 X153=260 X154=281 X155=305 X156=307 X157=328 X158=318 X159=27 
d NODES 160

   totalWckTime=3.392  totalCpuTime=3.462
