
   AbsCon 1.41 (January, 2014) - defaultConfiguration

   
   instance
        framework=CSP  name=Isomorphism-/cluster/gpg/ciaran/sip-benchmarks/benchmarks/si4_rand_r01_400/si4_r01_m400.00/pattern-/cluster/gpg/ciaran/sip-benchmarks/benchmarks/si4_rand_r01_400/si4_r01_m400.00/target
        parameters=/cluster/gpg/ciaran/sip-benchmarks/benchmarks/si4_rand_r01_400/si4_r01_m400.00/pattern,/cluster/gpg/ciaran/sip-benchmarks/benchmarks/si4_rand_r01_400/si4_r01_m400.00/target
      

   loading variables...
        nbVariables=160  nbDomainTypes=1  nbTotalValues=64000  domainSizes=(400:160)
          =>  wckTime=0.233  cpuTime=0.334  mem=8M473

   loading objectives...

   loading constraints...
        nbConstraints=2448  nbSpecificConstraints=1  nbExtensionStructures=(1,shared:2446)  nbConflictsStructures=(1,shared:2446,unbuilt:1)
        degrees=(18:2)(20:1)(21:1)...(42:2)(43:1)(46:1)  arities=(2:2447)(160:1)  types=(AllDifferent:1)(ConstraintHardExtensionV-Bits:2447)
          =>  wckTime=1.673  cpuTime=1.718  mem=68M449

   INFO : <!-- Start saving the XML representation -->

   INFO : <!-- Stop saving the XML representation of target.xml -->

   Solver SolverBacktrack being built... 
          =>  wckTime=1.979  cpuTime=1.993  mem=103M128

    instantiation X0=393 X1=47 X2=360 X3=175 X4=257 X5=89 X6=221 X7=71 X8=66 X9=189 X10=177 X11=60 X12=186 X13=262 X14=298 X15=68 X16=209 X17=220 X18=304 X19=64 X20=251 X21=169 X22=374 X23=96 X24=166 X25=214 X26=192 X27=206 X28=231 X29=149 X30=108 X31=227 X32=2 X33=375 X34=121 X35=131 X36=87 X37=152 X38=75 X39=109 X40=91 X41=137 X42=27 X43=133 X44=383 X45=213 X46=336 X47=54 X48=236 X49=364 X50=265 X51=253 X52=341 X53=138 X54=254 X55=77 X56=139 X57=8 X58=212 X59=184 X60=20 X61=354 X62=329 X63=208 X64=305 X65=207 X66=242 X67=46 X68=7 X69=238 X70=367 X71=118 X72=170 X73=18 X74=11 X75=52 X76=230 X77=129 X78=134 X79=0 X80=174 X81=255 X82=32 X83=45 X84=389 X85=343 X86=317 X87=58 X88=153 X89=81 X90=158 X91=99 X92=44 X93=350 X94=73 X95=225 X96=344 X97=204 X98=217 X99=106 X100=79 X101=83 X102=140 X103=248 X104=381 X105=48 X106=63 X107=239 X108=116 X109=1 X110=202 X111=333 X112=95 X113=331 X114=218 X115=362 X116=128 X117=260 X118=324 X119=24 X120=379 X121=319 X122=203 X123=345 X124=268 X125=150 X126=395 X127=127 X128=38 X129=168 X130=17 X131=132 X132=103 X133=56 X134=292 X135=53 X136=261 X137=141 X138=346 X139=80 X140=115 X141=105 X142=372 X143=114 X144=361 X145=185 X146=245 X147=390 X148=392 X149=188 X150=366 X151=104 X152=201 X153=342 X154=69 X155=373 X156=279 X157=12 X158=194 X159=30 

    solution X0=393 X1=47 X2=360 X3=175 X4=257 X5=89 X6=221 X7=71 X8=66 X9=189 X10=177 X11=60 X12=186 X13=262 X14=298 X15=68 X16=209 X17=220 X18=304 X19=64 X20=251 X21=169 X22=374 X23=96 X24=166 X25=214 X26=192 X27=206 X28=231 X29=149 X30=108 X31=227 X32=2 X33=375 X34=121 X35=131 X36=87 X37=152 X38=75 X39=109 X40=91 X41=137 X42=27 X43=133 X44=383 X45=213 X46=336 X47=54 X48=236 X49=364 X50=265 X51=253 X52=341 X53=138 X54=254 X55=77 X56=139 X57=8 X58=212 X59=184 X60=20 X61=354 X62=329 X63=208 X64=305 X65=207 X66=242 X67=46 X68=7 X69=238 X70=367 X71=118 X72=170 X73=18 X74=11 X75=52 X76=230 X77=129 X78=134 X79=0 X80=174 X81=255 X82=32 X83=45 X84=389 X85=343 X86=317 X87=58 X88=153 X89=81 X90=158 X91=99 X92=44 X93=350 X94=73 X95=225 X96=344 X97=204 X98=217 X99=106 X100=79 X101=83 X102=140 X103=248 X104=381 X105=48 X106=63 X107=239 X108=116 X109=1 X110=202 X111=333 X112=95 X113=331 X114=218 X115=362 X116=128 X117=260 X118=324 X119=24 X120=379 X121=319 X122=203 X123=345 X124=268 X125=150 X126=395 X127=127 X128=38 X129=168 X130=17 X131=132 X132=103 X133=56 X134=292 X135=53 X136=261 X137=141 X138=346 X139=80 X140=115 X141=105 X142=372 X143=114 X144=361 X145=185 X146=245 X147=390 X148=392 X149=188 X150=366 X151=104 X152=201 X153=342 X154=69 X155=373 X156=279 X157=12 X158=194 X159=30 

   
   search
        run=0  nbConstraintChecks=2448  depth=(min:0,max:159,avg:3)  nbEffectivePropagations=40826095  nbRevisions=703746617
        nbUselessRevisions=672928400  nbAssignments=346684  nbFailedAssignments=310832  nbBacktracks=35692  nbVisitedNodes=682959
        nbRestartNogoods=0  nbFoundSolutions=1  upperBound=9223372036854775807
          =>  wckTime=67689.435  cpuTime=67258.449  mem=88M546

   
   global
        nbConstraintChecks=2448  nbEffectivePropagations=40826095  nbRevisions=703746617  nbUselessRevisions=672928400  nbRestartNogoods=0
        solvingWckTime=67689.436  expiredTime=no  totalExploration=no  nbFoundSolutions=1  firstSolutionCpuTime=67258.443  Stop=REACHED_GOAL
          =>  wckTime=67691.415  cpuTime=67258.449  mem=88M546

s SATISFIABLE
v X0=393 X1=47 X2=360 X3=175 X4=257 X5=89 X6=221 X7=71 X8=66 X9=189 X10=177 X11=60 X12=186 X13=262 X14=298 X15=68 X16=209 X17=220 X18=304 X19=64 X20=251 X21=169 X22=374 X23=96 X24=166 X25=214 X26=192 X27=206 X28=231 X29=149 X30=108 X31=227 X32=2 X33=375 X34=121 X35=131 X36=87 X37=152 X38=75 X39=109 X40=91 X41=137 X42=27 X43=133 X44=383 X45=213 X46=336 X47=54 X48=236 X49=364 X50=265 X51=253 X52=341 X53=138 X54=254 X55=77 X56=139 X57=8 X58=212 X59=184 X60=20 X61=354 X62=329 X63=208 X64=305 X65=207 X66=242 X67=46 X68=7 X69=238 X70=367 X71=118 X72=170 X73=18 X74=11 X75=52 X76=230 X77=129 X78=134 X79=0 X80=174 X81=255 X82=32 X83=45 X84=389 X85=343 X86=317 X87=58 X88=153 X89=81 X90=158 X91=99 X92=44 X93=350 X94=73 X95=225 X96=344 X97=204 X98=217 X99=106 X100=79 X101=83 X102=140 X103=248 X104=381 X105=48 X106=63 X107=239 X108=116 X109=1 X110=202 X111=333 X112=95 X113=331 X114=218 X115=362 X116=128 X117=260 X118=324 X119=24 X120=379 X121=319 X122=203 X123=345 X124=268 X125=150 X126=395 X127=127 X128=38 X129=168 X130=17 X131=132 X132=103 X133=56 X134=292 X135=53 X136=261 X137=141 X138=346 X139=80 X140=115 X141=105 X142=372 X143=114 X144=361 X145=185 X146=245 X147=390 X148=392 X149=188 X150=366 X151=104 X152=201 X153=342 X154=69 X155=373 X156=279 X157=12 X158=194 X159=30 
d NODES 346684

   totalWckTime=67691.303  totalCpuTime=67258.45
