
   AbsCon 1.41 (January, 2014) - defaultConfiguration

   
   instance
        framework=CSP  name=Isomorphism-/cluster/gpg/ciaran/sip-benchmarks/benchmarks/si4_rand_r005_600/si4_r005_m600.09/pattern-/cluster/gpg/ciaran/sip-benchmarks/benchmarks/si4_rand_r005_600/si4_r005_m600.09/target
        parameters=/cluster/gpg/ciaran/sip-benchmarks/benchmarks/si4_rand_r005_600/si4_r005_m600.09/pattern,/cluster/gpg/ciaran/sip-benchmarks/benchmarks/si4_rand_r005_600/si4_r005_m600.09/target
      

   loading variables...
        nbVariables=240  nbDomainTypes=1  nbTotalValues=144000  domainSizes=(600:240)
          =>  wckTime=0.245  cpuTime=0.337  mem=12M476

   loading objectives...

   loading constraints...
        nbConstraints=2701  nbSpecificConstraints=1  nbExtensionStructures=(1,shared:2699)  nbConflictsStructures=(1,shared:2699,unbuilt:1)
        degrees=(8:1)(11:1)(12:1)...(36:1)(37:1)(38:1)  arities=(2:2700)(240:1)  types=(AllDifferent:1)(ConstraintHardExtensionV-Bits:2700)
          =>  wckTime=2.026  cpuTime=2.059  mem=280M432

   INFO : <!-- Start saving the XML representation -->

   INFO : <!-- Stop saving the XML representation of target.xml -->

   Solver SolverBacktrack being built... 
          =>  wckTime=2.478  cpuTime=2.468  mem=97M91

    instantiation X0=393 X1=69 X2=85 X3=201 X4=9 X5=512 X6=351 X7=411 X8=72 X9=14 X10=500 X11=18 X12=483 X13=94 X14=10 X15=559 X16=39 X17=375 X18=145 X19=578 X20=538 X21=195 X22=263 X23=279 X24=462 X25=271 X26=380 X27=433 X28=150 X29=290 X30=26 X31=373 X32=548 X33=129 X34=574 X35=73 X36=338 X37=388 X38=370 X39=52 X40=534 X41=36 X42=199 X43=314 X44=321 X45=405 X46=311 X47=429 X48=403 X49=222 X50=0 X51=444 X52=450 X53=326 X54=480 X55=328 X56=295 X57=494 X58=469 X59=347 X60=487 X61=13 X62=519 X63=468 X64=216 X65=518 X66=525 X67=84 X68=255 X69=357 X70=391 X71=470 X72=315 X73=78 X74=449 X75=543 X76=511 X77=317 X78=553 X79=521 X80=466 X81=87 X82=505 X83=239 X84=582 X85=75 X86=482 X87=80 X88=16 X89=376 X90=399 X91=181 X92=250 X93=527 X94=63 X95=275 X96=7 X97=550 X98=104 X99=122 X100=109 X101=421 X102=580 X103=156 X104=368 X105=507 X106=192 X107=197 X108=257 X109=126 X110=226 X111=224 X112=355 X113=254 X114=123 X115=297 X116=144 X117=301 X118=516 X119=38 X120=231 X121=319 X122=310 X123=265 X124=238 X125=586 X126=537 X127=441 X128=119 X129=342 X130=502 X131=62 X132=237 X133=1 X134=76 X135=598 X136=563 X137=188 X138=121 X139=186 X140=214 X141=266 X142=204 X143=151 X144=40 X145=392 X146=132 X147=523 X148=15 X149=103 X150=172 X151=267 X152=427 X153=23 X154=454 X155=562 X156=452 X157=162 X158=68 X159=223 X160=81 X161=261 X162=230 X163=567 X164=59 X165=401 X166=276 X167=211 X168=354 X169=358 X170=97 X171=510 X172=513 X173=25 X174=46 X175=8 X176=533 X177=98 X178=116 X179=529 X180=289 X181=353 X182=270 X183=599 X184=102 X185=488 X186=135 X187=438 X188=207 X189=575 X190=163 X191=58 X192=596 X193=4 X194=166 X195=35 X196=566 X197=184 X198=125 X199=515 X200=341 X201=420 X202=522 X203=233 X204=456 X205=273 X206=535 X207=506 X208=99 X209=50 X210=17 X211=294 X212=318 X213=397 X214=361 X215=436 X216=241 X217=426 X218=422 X219=577 X220=128 X221=64 X222=49 X223=167 X224=583 X225=31 X226=37 X227=190 X228=481 X229=227 X230=557 X231=243 X232=345 X233=409 X234=95 X235=124 X236=280 X237=320 X238=44 X239=193 

    solution X0=393 X1=69 X2=85 X3=201 X4=9 X5=512 X6=351 X7=411 X8=72 X9=14 X10=500 X11=18 X12=483 X13=94 X14=10 X15=559 X16=39 X17=375 X18=145 X19=578 X20=538 X21=195 X22=263 X23=279 X24=462 X25=271 X26=380 X27=433 X28=150 X29=290 X30=26 X31=373 X32=548 X33=129 X34=574 X35=73 X36=338 X37=388 X38=370 X39=52 X40=534 X41=36 X42=199 X43=314 X44=321 X45=405 X46=311 X47=429 X48=403 X49=222 X50=0 X51=444 X52=450 X53=326 X54=480 X55=328 X56=295 X57=494 X58=469 X59=347 X60=487 X61=13 X62=519 X63=468 X64=216 X65=518 X66=525 X67=84 X68=255 X69=357 X70=391 X71=470 X72=315 X73=78 X74=449 X75=543 X76=511 X77=317 X78=553 X79=521 X80=466 X81=87 X82=505 X83=239 X84=582 X85=75 X86=482 X87=80 X88=16 X89=376 X90=399 X91=181 X92=250 X93=527 X94=63 X95=275 X96=7 X97=550 X98=104 X99=122 X100=109 X101=421 X102=580 X103=156 X104=368 X105=507 X106=192 X107=197 X108=257 X109=126 X110=226 X111=224 X112=355 X113=254 X114=123 X115=297 X116=144 X117=301 X118=516 X119=38 X120=231 X121=319 X122=310 X123=265 X124=238 X125=586 X126=537 X127=441 X128=119 X129=342 X130=502 X131=62 X132=237 X133=1 X134=76 X135=598 X136=563 X137=188 X138=121 X139=186 X140=214 X141=266 X142=204 X143=151 X144=40 X145=392 X146=132 X147=523 X148=15 X149=103 X150=172 X151=267 X152=427 X153=23 X154=454 X155=562 X156=452 X157=162 X158=68 X159=223 X160=81 X161=261 X162=230 X163=567 X164=59 X165=401 X166=276 X167=211 X168=354 X169=358 X170=97 X171=510 X172=513 X173=25 X174=46 X175=8 X176=533 X177=98 X178=116 X179=529 X180=289 X181=353 X182=270 X183=599 X184=102 X185=488 X186=135 X187=438 X188=207 X189=575 X190=163 X191=58 X192=596 X193=4 X194=166 X195=35 X196=566 X197=184 X198=125 X199=515 X200=341 X201=420 X202=522 X203=233 X204=456 X205=273 X206=535 X207=506 X208=99 X209=50 X210=17 X211=294 X212=318 X213=397 X214=361 X215=436 X216=241 X217=426 X218=422 X219=577 X220=128 X221=64 X222=49 X223=167 X224=583 X225=31 X226=37 X227=190 X228=481 X229=227 X230=557 X231=243 X232=345 X233=409 X234=95 X235=124 X236=280 X237=320 X238=44 X239=193 

   
   search
        run=0  nbConstraintChecks=2701  depth=(min:0,max:239,avg:2)  nbEffectivePropagations=23722  nbRevisions=402099  nbUselessRevisions=383676
        nbAssignments=516  nbFailedAssignments=265  nbBacktracks=11  nbVisitedNodes=790  nbRestartNogoods=0  nbFoundSolutions=1
        upperBound=9223372036854775807
          =>  wckTime=168.788  cpuTime=171.088  mem=223M424

   
   global
        nbConstraintChecks=2701  nbEffectivePropagations=23722  nbRevisions=402099  nbUselessRevisions=383676  nbRestartNogoods=0
        solvingWckTime=168.789  expiredTime=no  totalExploration=no  nbFoundSolutions=1  firstSolutionCpuTime=171.081  Stop=REACHED_GOAL
          =>  wckTime=171.268  cpuTime=171.088  mem=223M424

s SATISFIABLE
v X0=393 X1=69 X2=85 X3=201 X4=9 X5=512 X6=351 X7=411 X8=72 X9=14 X10=500 X11=18 X12=483 X13=94 X14=10 X15=559 X16=39 X17=375 X18=145 X19=578 X20=538 X21=195 X22=263 X23=279 X24=462 X25=271 X26=380 X27=433 X28=150 X29=290 X30=26 X31=373 X32=548 X33=129 X34=574 X35=73 X36=338 X37=388 X38=370 X39=52 X40=534 X41=36 X42=199 X43=314 X44=321 X45=405 X46=311 X47=429 X48=403 X49=222 X50=0 X51=444 X52=450 X53=326 X54=480 X55=328 X56=295 X57=494 X58=469 X59=347 X60=487 X61=13 X62=519 X63=468 X64=216 X65=518 X66=525 X67=84 X68=255 X69=357 X70=391 X71=470 X72=315 X73=78 X74=449 X75=543 X76=511 X77=317 X78=553 X79=521 X80=466 X81=87 X82=505 X83=239 X84=582 X85=75 X86=482 X87=80 X88=16 X89=376 X90=399 X91=181 X92=250 X93=527 X94=63 X95=275 X96=7 X97=550 X98=104 X99=122 X100=109 X101=421 X102=580 X103=156 X104=368 X105=507 X106=192 X107=197 X108=257 X109=126 X110=226 X111=224 X112=355 X113=254 X114=123 X115=297 X116=144 X117=301 X118=516 X119=38 X120=231 X121=319 X122=310 X123=265 X124=238 X125=586 X126=537 X127=441 X128=119 X129=342 X130=502 X131=62 X132=237 X133=1 X134=76 X135=598 X136=563 X137=188 X138=121 X139=186 X140=214 X141=266 X142=204 X143=151 X144=40 X145=392 X146=132 X147=523 X148=15 X149=103 X150=172 X151=267 X152=427 X153=23 X154=454 X155=562 X156=452 X157=162 X158=68 X159=223 X160=81 X161=261 X162=230 X163=567 X164=59 X165=401 X166=276 X167=211 X168=354 X169=358 X170=97 X171=510 X172=513 X173=25 X174=46 X175=8 X176=533 X177=98 X178=116 X179=529 X180=289 X181=353 X182=270 X183=599 X184=102 X185=488 X186=135 X187=438 X188=207 X189=575 X190=163 X191=58 X192=596 X193=4 X194=166 X195=35 X196=566 X197=184 X198=125 X199=515 X200=341 X201=420 X202=522 X203=233 X204=456 X205=273 X206=535 X207=506 X208=99 X209=50 X210=17 X211=294 X212=318 X213=397 X214=361 X215=436 X216=241 X217=426 X218=422 X219=577 X220=128 X221=64 X222=49 X223=167 X224=583 X225=31 X226=37 X227=190 X228=481 X229=227 X230=557 X231=243 X232=345 X233=409 X234=95 X235=124 X236=280 X237=320 X238=44 X239=193 
d NODES 516

   totalWckTime=171.167  totalCpuTime=171.089
