
   AbsCon 1.41 (January, 2014) - defaultConfiguration

   
   instance
        framework=CSP  name=Isomorphism-/cluster/gpg/ciaran/sip-benchmarks/benchmarks/si4_bvg_b09m_400/si4_b09m_m400.06/pattern-/cluster/gpg/ciaran/sip-benchmarks/benchmarks/si4_bvg_b09m_400/si4_b09m_m400.06/target
        parameters=/cluster/gpg/ciaran/sip-benchmarks/benchmarks/si4_bvg_b09m_400/si4_b09m_m400.06/pattern,/cluster/gpg/ciaran/sip-benchmarks/benchmarks/si4_bvg_b09m_400/si4_b09m_m400.06/target
      

   loading variables...
        nbVariables=160  nbDomainTypes=1  nbTotalValues=64000  domainSizes=(400:160)
          =>  wckTime=0.23  cpuTime=0.323  mem=6M165

   loading objectives...

   loading constraints...
        nbConstraints=475  nbSpecificConstraints=1  nbExtensionStructures=(1,shared:473)  nbConflictsStructures=(1,shared:473,unbuilt:1)
        degrees=(2:5)(3:12)(4:13)...(19:1)(20:1)(21:1)  arities=(2:474)(160:1)  types=(AllDifferent:1)(ConstraintHardExtensionV-Bits:474)
          =>  wckTime=0.425  cpuTime=0.502  mem=13M915

   INFO : <!-- Start saving the XML representation -->

   INFO : <!-- Stop saving the XML representation of target.xml -->

   Solver SolverBacktrack being built... 
          =>  wckTime=0.712  cpuTime=0.736  mem=22M833

    instantiation X0=0 X1=3 X2=23 X3=24 X4=31 X5=84 X6=94 X7=112 X8=136 X9=167 X10=192 X11=233 X12=240 X13=267 X14=269 X15=286 X16=327 X17=328 X18=349 X19=8 X20=39 X21=51 X22=83 X23=119 X24=121 X25=143 X26=153 X27=188 X28=198 X29=209 X30=212 X31=253 X32=279 X33=318 X34=373 X35=14 X36=15 X37=45 X38=57 X39=78 X40=138 X41=155 X42=231 X43=238 X44=338 X45=364 X46=55 X47=58 X48=141 X49=146 X50=161 X51=250 X52=284 X53=321 X54=351 X55=371 X56=18 X57=101 X58=305 X59=345 X60=21 X61=44 X62=113 X63=187 X64=264 X65=323 X66=4 X67=53 X68=105 X69=110 X70=179 X71=236 X72=266 X73=72 X74=104 X75=130 X76=16 X77=38 X78=89 X79=145 X80=272 X81=304 X82=310 X83=396 X84=6 X85=11 X86=353 X87=99 X88=170 X89=199 X90=201 X91=232 X92=300 X93=368 X94=20 X95=40 X96=93 X97=268 X98=191 X99=295 X100=147 X101=156 X102=259 X103=347 X104=352 X105=5 X106=9 X107=35 X108=172 X109=312 X110=37 X111=50 X112=62 X113=92 X114=208 X115=392 X116=176 X117=182 X118=206 X119=270 X120=271 X121=277 X122=294 X123=299 X124=326 X125=361 X126=362 X127=385 X128=394 X129=69 X130=96 X131=127 X132=139 X133=302 X134=343 X135=360 X136=374 X137=49 X138=175 X139=210 X140=28 X141=56 X142=85 X143=222 X144=13 X145=26 X146=43 X147=46 X148=160 X149=249 X150=134 X151=203 X152=237 X153=241 X154=386 X155=397 X156=88 X157=226 X158=52 X159=79 

    solution X0=0 X1=3 X2=23 X3=24 X4=31 X5=84 X6=94 X7=112 X8=136 X9=167 X10=192 X11=233 X12=240 X13=267 X14=269 X15=286 X16=327 X17=328 X18=349 X19=8 X20=39 X21=51 X22=83 X23=119 X24=121 X25=143 X26=153 X27=188 X28=198 X29=209 X30=212 X31=253 X32=279 X33=318 X34=373 X35=14 X36=15 X37=45 X38=57 X39=78 X40=138 X41=155 X42=231 X43=238 X44=338 X45=364 X46=55 X47=58 X48=141 X49=146 X50=161 X51=250 X52=284 X53=321 X54=351 X55=371 X56=18 X57=101 X58=305 X59=345 X60=21 X61=44 X62=113 X63=187 X64=264 X65=323 X66=4 X67=53 X68=105 X69=110 X70=179 X71=236 X72=266 X73=72 X74=104 X75=130 X76=16 X77=38 X78=89 X79=145 X80=272 X81=304 X82=310 X83=396 X84=6 X85=11 X86=353 X87=99 X88=170 X89=199 X90=201 X91=232 X92=300 X93=368 X94=20 X95=40 X96=93 X97=268 X98=191 X99=295 X100=147 X101=156 X102=259 X103=347 X104=352 X105=5 X106=9 X107=35 X108=172 X109=312 X110=37 X111=50 X112=62 X113=92 X114=208 X115=392 X116=176 X117=182 X118=206 X119=270 X120=271 X121=277 X122=294 X123=299 X124=326 X125=361 X126=362 X127=385 X128=394 X129=69 X130=96 X131=127 X132=139 X133=302 X134=343 X135=360 X136=374 X137=49 X138=175 X139=210 X140=28 X141=56 X142=85 X143=222 X144=13 X145=26 X146=43 X147=46 X148=160 X149=249 X150=134 X151=203 X152=237 X153=241 X154=386 X155=397 X156=88 X157=226 X158=52 X159=79 

   
   search
        run=0  nbConstraintChecks=475  depth=(min:0,max:159,avg:1)  nbEffectivePropagations=17  nbRevisions=1382  nbUselessRevisions=1382
        nbAssignments=163  nbFailedAssignments=3  nbBacktracks=0  nbVisitedNodes=167  nbRestartNogoods=0  nbFoundSolutions=1
        upperBound=9223372036854775807
          =>  wckTime=5.199  cpuTime=5.819  mem=155M749

   
   global
        nbConstraintChecks=475  nbEffectivePropagations=17  nbRevisions=1382  nbUselessRevisions=1382  nbRestartNogoods=0  solvingWckTime=5.199
        expiredTime=no  totalExploration=no  nbFoundSolutions=1  firstSolutionCpuTime=5.81  Stop=REACHED_GOAL
          =>  wckTime=5.911  cpuTime=5.82  mem=155M749

s SATISFIABLE
v X0=0 X1=3 X2=23 X3=24 X4=31 X5=84 X6=94 X7=112 X8=136 X9=167 X10=192 X11=233 X12=240 X13=267 X14=269 X15=286 X16=327 X17=328 X18=349 X19=8 X20=39 X21=51 X22=83 X23=119 X24=121 X25=143 X26=153 X27=188 X28=198 X29=209 X30=212 X31=253 X32=279 X33=318 X34=373 X35=14 X36=15 X37=45 X38=57 X39=78 X40=138 X41=155 X42=231 X43=238 X44=338 X45=364 X46=55 X47=58 X48=141 X49=146 X50=161 X51=250 X52=284 X53=321 X54=351 X55=371 X56=18 X57=101 X58=305 X59=345 X60=21 X61=44 X62=113 X63=187 X64=264 X65=323 X66=4 X67=53 X68=105 X69=110 X70=179 X71=236 X72=266 X73=72 X74=104 X75=130 X76=16 X77=38 X78=89 X79=145 X80=272 X81=304 X82=310 X83=396 X84=6 X85=11 X86=353 X87=99 X88=170 X89=199 X90=201 X91=232 X92=300 X93=368 X94=20 X95=40 X96=93 X97=268 X98=191 X99=295 X100=147 X101=156 X102=259 X103=347 X104=352 X105=5 X106=9 X107=35 X108=172 X109=312 X110=37 X111=50 X112=62 X113=92 X114=208 X115=392 X116=176 X117=182 X118=206 X119=270 X120=271 X121=277 X122=294 X123=299 X124=326 X125=361 X126=362 X127=385 X128=394 X129=69 X130=96 X131=127 X132=139 X133=302 X134=343 X135=360 X136=374 X137=49 X138=175 X139=210 X140=28 X141=56 X142=85 X143=222 X144=13 X145=26 X146=43 X147=46 X148=160 X149=249 X150=134 X151=203 X152=237 X153=241 X154=386 X155=397 X156=88 X157=226 X158=52 X159=79 
d NODES 163

   totalWckTime=5.787  totalCpuTime=5.82
