
   AbsCon 1.41 (January, 2014) - defaultConfiguration

   
   instance
        framework=CSP  name=Isomorphism-/cluster/gpg/ciaran/sip-benchmarks/benchmarks/si4_m4D_m4Dr2_625/si4_m4Dr2_m625.04/pattern-/cluster/gpg/ciaran/sip-benchmarks/benchmarks/si4_m4D_m4Dr2_625/si4_m4Dr2_m625.04/target
        parameters=/cluster/gpg/ciaran/sip-benchmarks/benchmarks/si4_m4D_m4Dr2_625/si4_m4Dr2_m625.04/pattern,/cluster/gpg/ciaran/sip-benchmarks/benchmarks/si4_m4D_m4Dr2_625/si4_m4Dr2_m625.04/target
      

   loading variables...
        nbVariables=250  nbDomainTypes=1  nbTotalValues=156250  domainSizes=(625:250)
          =>  wckTime=0.208  cpuTime=0.338  mem=11M123

   loading objectives...

   loading constraints...
        nbConstraints=509  nbSpecificConstraints=1  nbExtensionStructures=(1,shared:507)  nbConflictsStructures=(1,shared:507,unbuilt:1)
        degrees=(2:24)(3:44)(4:38)...(8:17)(9:6)(10:2)  arities=(2:508)(250:1)  types=(AllDifferent:1)(ConstraintHardExtensionV-Bits:508)
          =>  wckTime=0.448  cpuTime=0.565  mem=29M258

   INFO : <!-- Start saving the XML representation -->

   INFO : <!-- Stop saving the XML representation of target.xml -->

   Solver SolverBacktrack being built... 
          =>  wckTime=0.781  cpuTime=0.846  mem=37M731

    instantiation X0=0 X1=54 X2=169 X3=318 X4=366 X5=372 X6=565 X7=122 X8=125 X9=130 X10=375 X11=490 X12=161 X13=186 X14=304 X15=597 X16=7 X17=603 X18=151 X19=190 X20=211 X21=263 X22=555 X23=104 X24=571 X25=494 X26=538 X27=72 X28=99 X29=227 X30=581 X31=55 X32=262 X33=5 X34=218 X35=484 X36=182 X37=105 X38=1 X39=220 X40=434 X41=584 X42=590 X43=341 X44=38 X45=502 X46=591 X47=420 X48=513 X49=283 X50=367 X51=596 X52=201 X53=113 X54=388 X55=28 X56=103 X57=213 X58=257 X59=371 X60=541 X61=585 X62=219 X63=296 X64=524 X65=550 X66=558 X67=170 X68=461 X69=569 X70=428 X71=165 X72=418 X73=79 X74=174 X75=284 X76=294 X77=370 X78=387 X79=592 X80=97 X81=42 X82=133 X83=149 X84=422 X85=563 X86=2 X87=173 X88=242 X89=19 X90=148 X91=615 X92=265 X93=23 X94=329 X95=343 X96=449 X97=204 X98=163 X99=250 X100=488 X101=562 X102=624 X103=58 X104=136 X105=197 X106=235 X107=406 X108=459 X109=216 X110=258 X111=485 X112=489 X113=462 X114=552 X115=111 X116=431 X117=321 X118=13 X119=65 X120=551 X121=202 X122=14 X123=71 X124=377 X125=160 X126=207 X127=4 X128=51 X129=114 X130=198 X131=408 X132=587 X133=32 X134=59 X135=200 X136=298 X137=40 X138=43 X139=187 X140=333 X141=511 X142=525 X143=612 X144=299 X145=271 X146=138 X147=269 X148=205 X149=10 X150=155 X151=472 X152=526 X153=121 X154=326 X155=12 X156=368 X157=421 X158=573 X159=501 X160=413 X161=52 X162=185 X163=100 X164=129 X165=144 X166=22 X167=41 X168=243 X169=230 X170=246 X171=253 X172=264 X173=301 X174=306 X175=345 X176=380 X177=438 X178=447 X179=452 X180=108 X181=162 X182=172 X183=245 X184=274 X185=287 X186=618 X187=291 X188=247 X189=521 X190=229 X191=82 X192=338 X193=395 X194=499 X195=545 X196=577 X197=116 X198=295 X199=332 X200=427 X201=446 X202=530 X203=566 X204=94 X205=314 X206=316 X207=33 X208=147 X209=540 X210=441 X211=610 X212=292 X213=327 X214=430 X215=520 X216=11 X217=17 X218=179 X219=356 X220=134 X221=249 X222=415 X223=609 X224=417 X225=512 X226=76 X227=131 X228=232 X229=464 X230=529 X231=537 X232=85 X233=416 X234=539 X235=37 X236=20 X237=455 X238=470 X239=620 X240=503 X241=535 X242=118 X243=335 X244=49 X245=139 X246=611 X247=167 X248=286 X249=91 

    solution X0=0 X1=54 X2=169 X3=318 X4=366 X5=372 X6=565 X7=122 X8=125 X9=130 X10=375 X11=490 X12=161 X13=186 X14=304 X15=597 X16=7 X17=603 X18=151 X19=190 X20=211 X21=263 X22=555 X23=104 X24=571 X25=494 X26=538 X27=72 X28=99 X29=227 X30=581 X31=55 X32=262 X33=5 X34=218 X35=484 X36=182 X37=105 X38=1 X39=220 X40=434 X41=584 X42=590 X43=341 X44=38 X45=502 X46=591 X47=420 X48=513 X49=283 X50=367 X51=596 X52=201 X53=113 X54=388 X55=28 X56=103 X57=213 X58=257 X59=371 X60=541 X61=585 X62=219 X63=296 X64=524 X65=550 X66=558 X67=170 X68=461 X69=569 X70=428 X71=165 X72=418 X73=79 X74=174 X75=284 X76=294 X77=370 X78=387 X79=592 X80=97 X81=42 X82=133 X83=149 X84=422 X85=563 X86=2 X87=173 X88=242 X89=19 X90=148 X91=615 X92=265 X93=23 X94=329 X95=343 X96=449 X97=204 X98=163 X99=250 X100=488 X101=562 X102=624 X103=58 X104=136 X105=197 X106=235 X107=406 X108=459 X109=216 X110=258 X111=485 X112=489 X113=462 X114=552 X115=111 X116=431 X117=321 X118=13 X119=65 X120=551 X121=202 X122=14 X123=71 X124=377 X125=160 X126=207 X127=4 X128=51 X129=114 X130=198 X131=408 X132=587 X133=32 X134=59 X135=200 X136=298 X137=40 X138=43 X139=187 X140=333 X141=511 X142=525 X143=612 X144=299 X145=271 X146=138 X147=269 X148=205 X149=10 X150=155 X151=472 X152=526 X153=121 X154=326 X155=12 X156=368 X157=421 X158=573 X159=501 X160=413 X161=52 X162=185 X163=100 X164=129 X165=144 X166=22 X167=41 X168=243 X169=230 X170=246 X171=253 X172=264 X173=301 X174=306 X175=345 X176=380 X177=438 X178=447 X179=452 X180=108 X181=162 X182=172 X183=245 X184=274 X185=287 X186=618 X187=291 X188=247 X189=521 X190=229 X191=82 X192=338 X193=395 X194=499 X195=545 X196=577 X197=116 X198=295 X199=332 X200=427 X201=446 X202=530 X203=566 X204=94 X205=314 X206=316 X207=33 X208=147 X209=540 X210=441 X211=610 X212=292 X213=327 X214=430 X215=520 X216=11 X217=17 X218=179 X219=356 X220=134 X221=249 X222=415 X223=609 X224=417 X225=512 X226=76 X227=131 X228=232 X229=464 X230=529 X231=537 X232=85 X233=416 X234=539 X235=37 X236=20 X237=455 X238=470 X239=620 X240=503 X241=535 X242=118 X243=335 X244=49 X245=139 X246=611 X247=167 X248=286 X249=91 

   
   search
        run=0  nbConstraintChecks=509  depth=(min:0,max:249,avg:1)  nbEffectivePropagations=99  nbRevisions=3198  nbUselessRevisions=3189
        nbAssignments=440  nbFailedAssignments=190  nbBacktracks=0  nbVisitedNodes=631  nbRestartNogoods=0  nbFoundSolutions=1
        upperBound=9223372036854775807
          =>  wckTime=18.875  cpuTime=19.525  mem=181M26

   
   global
        nbConstraintChecks=509  nbEffectivePropagations=99  nbRevisions=3198  nbUselessRevisions=3189  nbRestartNogoods=0  solvingWckTime=18.875
        expiredTime=no  totalExploration=no  nbFoundSolutions=1  firstSolutionCpuTime=19.518  Stop=REACHED_GOAL
          =>  wckTime=19.656  cpuTime=19.525  mem=181M26

s SATISFIABLE
v X0=0 X1=54 X2=169 X3=318 X4=366 X5=372 X6=565 X7=122 X8=125 X9=130 X10=375 X11=490 X12=161 X13=186 X14=304 X15=597 X16=7 X17=603 X18=151 X19=190 X20=211 X21=263 X22=555 X23=104 X24=571 X25=494 X26=538 X27=72 X28=99 X29=227 X30=581 X31=55 X32=262 X33=5 X34=218 X35=484 X36=182 X37=105 X38=1 X39=220 X40=434 X41=584 X42=590 X43=341 X44=38 X45=502 X46=591 X47=420 X48=513 X49=283 X50=367 X51=596 X52=201 X53=113 X54=388 X55=28 X56=103 X57=213 X58=257 X59=371 X60=541 X61=585 X62=219 X63=296 X64=524 X65=550 X66=558 X67=170 X68=461 X69=569 X70=428 X71=165 X72=418 X73=79 X74=174 X75=284 X76=294 X77=370 X78=387 X79=592 X80=97 X81=42 X82=133 X83=149 X84=422 X85=563 X86=2 X87=173 X88=242 X89=19 X90=148 X91=615 X92=265 X93=23 X94=329 X95=343 X96=449 X97=204 X98=163 X99=250 X100=488 X101=562 X102=624 X103=58 X104=136 X105=197 X106=235 X107=406 X108=459 X109=216 X110=258 X111=485 X112=489 X113=462 X114=552 X115=111 X116=431 X117=321 X118=13 X119=65 X120=551 X121=202 X122=14 X123=71 X124=377 X125=160 X126=207 X127=4 X128=51 X129=114 X130=198 X131=408 X132=587 X133=32 X134=59 X135=200 X136=298 X137=40 X138=43 X139=187 X140=333 X141=511 X142=525 X143=612 X144=299 X145=271 X146=138 X147=269 X148=205 X149=10 X150=155 X151=472 X152=526 X153=121 X154=326 X155=12 X156=368 X157=421 X158=573 X159=501 X160=413 X161=52 X162=185 X163=100 X164=129 X165=144 X166=22 X167=41 X168=243 X169=230 X170=246 X171=253 X172=264 X173=301 X174=306 X175=345 X176=380 X177=438 X178=447 X179=452 X180=108 X181=162 X182=172 X183=245 X184=274 X185=287 X186=618 X187=291 X188=247 X189=521 X190=229 X191=82 X192=338 X193=395 X194=499 X195=545 X196=577 X197=116 X198=295 X199=332 X200=427 X201=446 X202=530 X203=566 X204=94 X205=314 X206=316 X207=33 X208=147 X209=540 X210=441 X211=610 X212=292 X213=327 X214=430 X215=520 X216=11 X217=17 X218=179 X219=356 X220=134 X221=249 X222=415 X223=609 X224=417 X225=512 X226=76 X227=131 X228=232 X229=464 X230=529 X231=537 X232=85 X233=416 X234=539 X235=37 X236=20 X237=455 X238=470 X239=620 X240=503 X241=535 X242=118 X243=335 X244=49 X245=139 X246=611 X247=167 X248=286 X249=91 
d NODES 440

   totalWckTime=19.556  totalCpuTime=19.526
