
   AbsCon 1.41 (January, 2014) - defaultConfiguration

   
   instance
        framework=CSP  name=Isomorphism-/cluster/gpg/ciaran/sip-benchmarks/benchmarks/si4_rand_r005_400/si4_r005_m400.04/pattern-/cluster/gpg/ciaran/sip-benchmarks/benchmarks/si4_rand_r005_400/si4_r005_m400.04/target
        parameters=/cluster/gpg/ciaran/sip-benchmarks/benchmarks/si4_rand_r005_400/si4_r005_m400.04/pattern,/cluster/gpg/ciaran/sip-benchmarks/benchmarks/si4_rand_r005_400/si4_r005_m400.04/target
      

   loading variables...
        nbVariables=160  nbDomainTypes=1  nbTotalValues=64000  domainSizes=(400:160)
          =>  wckTime=0.235  cpuTime=0.348  mem=7M740

   loading objectives...

   loading constraints...
        nbConstraints=1215  nbSpecificConstraints=1  nbExtensionStructures=(1,shared:1213)  nbConflictsStructures=(1,shared:1213,unbuilt:1)
        degrees=(7:2)(9:4)(10:4)...(22:10)(23:4)(25:2)  arities=(2:1214)(160:1)  types=(AllDifferent:1)(ConstraintHardExtensionV-Bits:1214)
          =>  wckTime=0.956  cpuTime=1.04  mem=17M231

   INFO : <!-- Start saving the XML representation -->

   INFO : <!-- Stop saving the XML representation of target.xml -->

   Solver SolverBacktrack being built... 
          =>  wckTime=1.222  cpuTime=1.282  mem=45M687

    instantiation X0=383 X1=148 X2=173 X3=168 X4=121 X5=56 X6=277 X7=235 X8=65 X9=281 X10=262 X11=207 X12=236 X13=395 X14=292 X15=99 X16=115 X17=381 X18=391 X19=101 X20=332 X21=385 X22=246 X23=275 X24=279 X25=141 X26=46 X27=361 X28=208 X29=228 X30=328 X31=342 X32=51 X33=315 X34=130 X35=355 X36=334 X37=24 X38=107 X39=229 X40=253 X41=250 X42=327 X43=373 X44=330 X45=66 X46=350 X47=67 X48=227 X49=161 X50=44 X51=127 X52=75 X53=197 X54=318 X55=136 X56=379 X57=111 X58=259 X59=209 X60=322 X61=152 X62=270 X63=335 X64=324 X65=33 X66=337 X67=69 X68=325 X69=50 X70=298 X71=45 X72=193 X73=278 X74=220 X75=390 X76=372 X77=221 X78=233 X79=387 X80=212 X81=264 X82=265 X83=28 X84=219 X85=200 X86=122 X87=369 X88=159 X89=240 X90=392 X91=352 X92=305 X93=249 X94=129 X95=132 X96=261 X97=156 X98=199 X99=30 X100=54 X101=366 X102=2 X103=358 X104=87 X105=214 X106=133 X107=25 X108=300 X109=7 X110=291 X111=53 X112=182 X113=150 X114=47 X115=313 X116=223 X117=206 X118=289 X119=137 X120=170 X121=368 X122=118 X123=165 X124=225 X125=36 X126=183 X127=3 X128=120 X129=349 X130=158 X131=163 X132=295 X133=42 X134=376 X135=254 X136=110 X137=312 X138=230 X139=217 X140=288 X141=93 X142=202 X143=293 X144=91 X145=10 X146=82 X147=378 X148=17 X149=41 X150=176 X151=222 X152=263 X153=177 X154=166 X155=356 X156=321 X157=104 X158=215 X159=188 

    solution X0=383 X1=148 X2=173 X3=168 X4=121 X5=56 X6=277 X7=235 X8=65 X9=281 X10=262 X11=207 X12=236 X13=395 X14=292 X15=99 X16=115 X17=381 X18=391 X19=101 X20=332 X21=385 X22=246 X23=275 X24=279 X25=141 X26=46 X27=361 X28=208 X29=228 X30=328 X31=342 X32=51 X33=315 X34=130 X35=355 X36=334 X37=24 X38=107 X39=229 X40=253 X41=250 X42=327 X43=373 X44=330 X45=66 X46=350 X47=67 X48=227 X49=161 X50=44 X51=127 X52=75 X53=197 X54=318 X55=136 X56=379 X57=111 X58=259 X59=209 X60=322 X61=152 X62=270 X63=335 X64=324 X65=33 X66=337 X67=69 X68=325 X69=50 X70=298 X71=45 X72=193 X73=278 X74=220 X75=390 X76=372 X77=221 X78=233 X79=387 X80=212 X81=264 X82=265 X83=28 X84=219 X85=200 X86=122 X87=369 X88=159 X89=240 X90=392 X91=352 X92=305 X93=249 X94=129 X95=132 X96=261 X97=156 X98=199 X99=30 X100=54 X101=366 X102=2 X103=358 X104=87 X105=214 X106=133 X107=25 X108=300 X109=7 X110=291 X111=53 X112=182 X113=150 X114=47 X115=313 X116=223 X117=206 X118=289 X119=137 X120=170 X121=368 X122=118 X123=165 X124=225 X125=36 X126=183 X127=3 X128=120 X129=349 X130=158 X131=163 X132=295 X133=42 X134=376 X135=254 X136=110 X137=312 X138=230 X139=217 X140=288 X141=93 X142=202 X143=293 X144=91 X145=10 X146=82 X147=378 X148=17 X149=41 X150=176 X151=222 X152=263 X153=177 X154=166 X155=356 X156=321 X157=104 X158=215 X159=188 

   
   search
        run=0  nbConstraintChecks=1215  depth=(min:0,max:159,avg:2)  nbEffectivePropagations=472079  nbRevisions=5193445  nbUselessRevisions=4844252
        nbAssignments=4761  nbFailedAssignments=4239  nbBacktracks=362  nbVisitedNodes=9252  nbRestartNogoods=0  nbFoundSolutions=1
        upperBound=9223372036854775807
          =>  wckTime=601.193  cpuTime=599.979  mem=102M452

   
   global
        nbConstraintChecks=1215  nbEffectivePropagations=472079  nbRevisions=5193445  nbUselessRevisions=4844252  nbRestartNogoods=0
        solvingWckTime=601.193  expiredTime=no  totalExploration=no  nbFoundSolutions=1  firstSolutionCpuTime=599.974  Stop=REACHED_GOAL
          =>  wckTime=602.416  cpuTime=599.979  mem=102M452

s SATISFIABLE
v X0=383 X1=148 X2=173 X3=168 X4=121 X5=56 X6=277 X7=235 X8=65 X9=281 X10=262 X11=207 X12=236 X13=395 X14=292 X15=99 X16=115 X17=381 X18=391 X19=101 X20=332 X21=385 X22=246 X23=275 X24=279 X25=141 X26=46 X27=361 X28=208 X29=228 X30=328 X31=342 X32=51 X33=315 X34=130 X35=355 X36=334 X37=24 X38=107 X39=229 X40=253 X41=250 X42=327 X43=373 X44=330 X45=66 X46=350 X47=67 X48=227 X49=161 X50=44 X51=127 X52=75 X53=197 X54=318 X55=136 X56=379 X57=111 X58=259 X59=209 X60=322 X61=152 X62=270 X63=335 X64=324 X65=33 X66=337 X67=69 X68=325 X69=50 X70=298 X71=45 X72=193 X73=278 X74=220 X75=390 X76=372 X77=221 X78=233 X79=387 X80=212 X81=264 X82=265 X83=28 X84=219 X85=200 X86=122 X87=369 X88=159 X89=240 X90=392 X91=352 X92=305 X93=249 X94=129 X95=132 X96=261 X97=156 X98=199 X99=30 X100=54 X101=366 X102=2 X103=358 X104=87 X105=214 X106=133 X107=25 X108=300 X109=7 X110=291 X111=53 X112=182 X113=150 X114=47 X115=313 X116=223 X117=206 X118=289 X119=137 X120=170 X121=368 X122=118 X123=165 X124=225 X125=36 X126=183 X127=3 X128=120 X129=349 X130=158 X131=163 X132=295 X133=42 X134=376 X135=254 X136=110 X137=312 X138=230 X139=217 X140=288 X141=93 X142=202 X143=293 X144=91 X145=10 X146=82 X147=378 X148=17 X149=41 X150=176 X151=222 X152=263 X153=177 X154=166 X155=356 X156=321 X157=104 X158=215 X159=188 
d NODES 4761

   totalWckTime=602.3  totalCpuTime=599.98
