
   AbsCon 1.41 (January, 2014) - defaultConfiguration

   
   instance
        framework=CSP  name=Isomorphism-/cluster/gpg/ciaran/sip-benchmarks/benchmarks/si4_m4D_m4Dr6_625/si4_m4Dr6_m625.02/pattern-/cluster/gpg/ciaran/sip-benchmarks/benchmarks/si4_m4D_m4Dr6_625/si4_m4Dr6_m625.02/target
        parameters=/cluster/gpg/ciaran/sip-benchmarks/benchmarks/si4_m4D_m4Dr6_625/si4_m4Dr6_m625.02/pattern,/cluster/gpg/ciaran/sip-benchmarks/benchmarks/si4_m4D_m4Dr6_625/si4_m4Dr6_m625.02/target
      

   loading variables...
        nbVariables=250  nbDomainTypes=1  nbTotalValues=156250  domainSizes=(625:250)
          =>  wckTime=0.236  cpuTime=0.337  mem=10M818

   loading objectives...

   loading constraints...
        nbConstraints=573  nbSpecificConstraints=1  nbExtensionStructures=(1,shared:571)  nbConflictsStructures=(1,shared:571,unbuilt:1)
        degrees=(2:21)(3:31)(4:39)...(10:10)(11:3)(12:1)  arities=(2:572)(250:1)  types=(AllDifferent:1)(ConstraintHardExtensionV-Bits:572)
          =>  wckTime=0.496  cpuTime=0.587  mem=32M690

   INFO : <!-- Start saving the XML representation -->

   INFO : <!-- Stop saving the XML representation of target.xml -->

   Solver SolverBacktrack being built... 
          =>  wckTime=0.84  cpuTime=0.865  mem=40M541

    instantiation X0=0 X1=87 X2=103 X3=105 X4=164 X5=304 X6=366 X7=443 X8=469 X9=523 X10=17 X11=173 X12=240 X13=265 X14=477 X15=481 X16=561 X17=198 X18=219 X19=327 X20=373 X21=516 X22=526 X23=539 X24=142 X25=329 X26=359 X27=418 X28=549 X29=572 X30=23 X31=125 X32=262 X33=495 X34=62 X35=106 X36=152 X37=540 X38=188 X39=204 X40=295 X41=482 X42=131 X43=342 X44=25 X45=123 X46=297 X47=326 X48=483 X49=154 X50=258 X51=266 X52=270 X53=356 X54=361 X55=437 X56=612 X57=115 X58=221 X59=277 X60=420 X61=40 X62=140 X63=209 X64=300 X65=506 X66=507 X67=81 X68=299 X69=403 X70=442 X71=562 X72=336 X73=337 X74=430 X75=454 X76=83 X77=138 X78=186 X79=475 X80=455 X81=45 X82=144 X83=147 X84=325 X85=431 X86=594 X87=53 X88=82 X89=302 X90=537 X91=117 X92=575 X93=593 X94=129 X95=238 X96=318 X97=530 X98=202 X99=230 X100=605 X101=406 X102=493 X103=20 X104=44 X105=228 X106=14 X107=48 X108=224 X109=401 X110=566 X111=624 X112=19 X113=30 X114=405 X115=543 X116=111 X117=275 X118=321 X119=474 X120=4 X121=75 X122=77 X123=32 X124=227 X125=328 X126=397 X127=88 X128=200 X129=214 X130=392 X131=461 X132=253 X133=63 X134=416 X135=428 X136=440 X137=68 X138=220 X139=335 X140=573 X141=69 X142=183 X143=436 X144=467 X145=581 X146=11 X147=54 X148=211 X149=368 X150=587 X151=95 X152=153 X153=565 X154=609 X155=96 X156=212 X157=120 X158=199 X159=355 X160=531 X161=536 X162=574 X163=617 X164=52 X165=315 X166=57 X167=226 X168=287 X169=334 X170=98 X171=165 X172=522 X173=34 X174=58 X175=367 X176=72 X177=250 X178=133 X179=148 X180=189 X181=488 X182=21 X183=215 X184=248 X185=354 X186=500 X187=182 X188=239 X189=394 X190=422 X191=448 X192=476 X193=532 X194=256 X195=263 X196=407 X197=608 X198=341 X199=552 X200=520 X201=557 X202=441 X203=494 X204=528 X205=559 X206=278 X207=433 X208=527 X209=374 X210=525 X211=235 X212=251 X213=333 X214=410 X215=452 X216=478 X217=602 X218=180 X219=104 X220=121 X221=550 X222=280 X223=379 X224=391 X225=427 X226=450 X227=616 X228=66 X229=136 X230=547 X231=582 X232=595 X233=102 X234=155 X235=502 X236=60 X237=167 X238=290 X239=583 X240=37 X241=194 X242=241 X243=303 X244=556 X245=544 X246=70 X247=175 X248=377 X249=453 

    solution X0=0 X1=87 X2=103 X3=105 X4=164 X5=304 X6=366 X7=443 X8=469 X9=523 X10=17 X11=173 X12=240 X13=265 X14=477 X15=481 X16=561 X17=198 X18=219 X19=327 X20=373 X21=516 X22=526 X23=539 X24=142 X25=329 X26=359 X27=418 X28=549 X29=572 X30=23 X31=125 X32=262 X33=495 X34=62 X35=106 X36=152 X37=540 X38=188 X39=204 X40=295 X41=482 X42=131 X43=342 X44=25 X45=123 X46=297 X47=326 X48=483 X49=154 X50=258 X51=266 X52=270 X53=356 X54=361 X55=437 X56=612 X57=115 X58=221 X59=277 X60=420 X61=40 X62=140 X63=209 X64=300 X65=506 X66=507 X67=81 X68=299 X69=403 X70=442 X71=562 X72=336 X73=337 X74=430 X75=454 X76=83 X77=138 X78=186 X79=475 X80=455 X81=45 X82=144 X83=147 X84=325 X85=431 X86=594 X87=53 X88=82 X89=302 X90=537 X91=117 X92=575 X93=593 X94=129 X95=238 X96=318 X97=530 X98=202 X99=230 X100=605 X101=406 X102=493 X103=20 X104=44 X105=228 X106=14 X107=48 X108=224 X109=401 X110=566 X111=624 X112=19 X113=30 X114=405 X115=543 X116=111 X117=275 X118=321 X119=474 X120=4 X121=75 X122=77 X123=32 X124=227 X125=328 X126=397 X127=88 X128=200 X129=214 X130=392 X131=461 X132=253 X133=63 X134=416 X135=428 X136=440 X137=68 X138=220 X139=335 X140=573 X141=69 X142=183 X143=436 X144=467 X145=581 X146=11 X147=54 X148=211 X149=368 X150=587 X151=95 X152=153 X153=565 X154=609 X155=96 X156=212 X157=120 X158=199 X159=355 X160=531 X161=536 X162=574 X163=617 X164=52 X165=315 X166=57 X167=226 X168=287 X169=334 X170=98 X171=165 X172=522 X173=34 X174=58 X175=367 X176=72 X177=250 X178=133 X179=148 X180=189 X181=488 X182=21 X183=215 X184=248 X185=354 X186=500 X187=182 X188=239 X189=394 X190=422 X191=448 X192=476 X193=532 X194=256 X195=263 X196=407 X197=608 X198=341 X199=552 X200=520 X201=557 X202=441 X203=494 X204=528 X205=559 X206=278 X207=433 X208=527 X209=374 X210=525 X211=235 X212=251 X213=333 X214=410 X215=452 X216=478 X217=602 X218=180 X219=104 X220=121 X221=550 X222=280 X223=379 X224=391 X225=427 X226=450 X227=616 X228=66 X229=136 X230=547 X231=582 X232=595 X233=102 X234=155 X235=502 X236=60 X237=167 X238=290 X239=583 X240=37 X241=194 X242=241 X243=303 X244=556 X245=544 X246=70 X247=175 X248=377 X249=453 

   
   search
        run=0  nbConstraintChecks=573  depth=(min:0,max:249,avg:1)  nbEffectivePropagations=1203  nbRevisions=13043  nbUselessRevisions=11891
        nbAssignments=745  nbFailedAssignments=495  nbBacktracks=0  nbVisitedNodes=1241  nbRestartNogoods=0  nbFoundSolutions=1
        upperBound=9223372036854775807
          =>  wckTime=28.994  cpuTime=29.528  mem=270M200

   
   global
        nbConstraintChecks=573  nbEffectivePropagations=1203  nbRevisions=13043  nbUselessRevisions=11891  nbRestartNogoods=0
        solvingWckTime=28.994  expiredTime=no  totalExploration=no  nbFoundSolutions=1  firstSolutionCpuTime=29.522  Stop=REACHED_GOAL
          =>  wckTime=29.835  cpuTime=29.528  mem=270M200

s SATISFIABLE
v X0=0 X1=87 X2=103 X3=105 X4=164 X5=304 X6=366 X7=443 X8=469 X9=523 X10=17 X11=173 X12=240 X13=265 X14=477 X15=481 X16=561 X17=198 X18=219 X19=327 X20=373 X21=516 X22=526 X23=539 X24=142 X25=329 X26=359 X27=418 X28=549 X29=572 X30=23 X31=125 X32=262 X33=495 X34=62 X35=106 X36=152 X37=540 X38=188 X39=204 X40=295 X41=482 X42=131 X43=342 X44=25 X45=123 X46=297 X47=326 X48=483 X49=154 X50=258 X51=266 X52=270 X53=356 X54=361 X55=437 X56=612 X57=115 X58=221 X59=277 X60=420 X61=40 X62=140 X63=209 X64=300 X65=506 X66=507 X67=81 X68=299 X69=403 X70=442 X71=562 X72=336 X73=337 X74=430 X75=454 X76=83 X77=138 X78=186 X79=475 X80=455 X81=45 X82=144 X83=147 X84=325 X85=431 X86=594 X87=53 X88=82 X89=302 X90=537 X91=117 X92=575 X93=593 X94=129 X95=238 X96=318 X97=530 X98=202 X99=230 X100=605 X101=406 X102=493 X103=20 X104=44 X105=228 X106=14 X107=48 X108=224 X109=401 X110=566 X111=624 X112=19 X113=30 X114=405 X115=543 X116=111 X117=275 X118=321 X119=474 X120=4 X121=75 X122=77 X123=32 X124=227 X125=328 X126=397 X127=88 X128=200 X129=214 X130=392 X131=461 X132=253 X133=63 X134=416 X135=428 X136=440 X137=68 X138=220 X139=335 X140=573 X141=69 X142=183 X143=436 X144=467 X145=581 X146=11 X147=54 X148=211 X149=368 X150=587 X151=95 X152=153 X153=565 X154=609 X155=96 X156=212 X157=120 X158=199 X159=355 X160=531 X161=536 X162=574 X163=617 X164=52 X165=315 X166=57 X167=226 X168=287 X169=334 X170=98 X171=165 X172=522 X173=34 X174=58 X175=367 X176=72 X177=250 X178=133 X179=148 X180=189 X181=488 X182=21 X183=215 X184=248 X185=354 X186=500 X187=182 X188=239 X189=394 X190=422 X191=448 X192=476 X193=532 X194=256 X195=263 X196=407 X197=608 X198=341 X199=552 X200=520 X201=557 X202=441 X203=494 X204=528 X205=559 X206=278 X207=433 X208=527 X209=374 X210=525 X211=235 X212=251 X213=333 X214=410 X215=452 X216=478 X217=602 X218=180 X219=104 X220=121 X221=550 X222=280 X223=379 X224=391 X225=427 X226=450 X227=616 X228=66 X229=136 X230=547 X231=582 X232=595 X233=102 X234=155 X235=502 X236=60 X237=167 X238=290 X239=583 X240=37 X241=194 X242=241 X243=303 X244=556 X245=544 X246=70 X247=175 X248=377 X249=453 
d NODES 745

   totalWckTime=29.718  totalCpuTime=29.529
