
   AbsCon 1.41 (January, 2014) - defaultConfiguration

   
   instance
        framework=CSP  name=Isomorphism-/cluster/gpg/ciaran/sip-benchmarks/benchmarks/si4_bvg_b03m_400/si4_b03m_m400.01/pattern-/cluster/gpg/ciaran/sip-benchmarks/benchmarks/si4_bvg_b03m_400/si4_b03m_m400.01/target
        parameters=/cluster/gpg/ciaran/sip-benchmarks/benchmarks/si4_bvg_b03m_400/si4_b03m_m400.01/pattern,/cluster/gpg/ciaran/sip-benchmarks/benchmarks/si4_bvg_b03m_400/si4_b03m_m400.01/target
      

   loading variables...
        nbVariables=160  nbDomainTypes=1  nbTotalValues=64000  domainSizes=(400:160)
          =>  wckTime=0.214  cpuTime=0.315  mem=5M930

   loading objectives...

   loading constraints...
        nbConstraints=199  nbSpecificConstraints=1  nbExtensionStructures=(1,shared:197)  nbConflictsStructures=(1,shared:197,unbuilt:1)
        degrees=(2:51)(3:34)(4:64)...(10:1)(13:2)(17:1)  arities=(2:198)(160:1)  types=(AllDifferent:1)(ConstraintHardExtensionV-Bits:198)
          =>  wckTime=0.302  cpuTime=0.402  mem=12M636

   INFO : <!-- Start saving the XML representation -->

   INFO : <!-- Stop saving the XML representation of target.xml -->

   Solver SolverBacktrack being built... 
          =>  wckTime=0.548  cpuTime=0.609  mem=22M281

    instantiation X0=0 X1=15 X2=22 X3=111 X4=116 X5=236 X6=242 X7=261 X8=297 X9=302 X10=337 X11=373 X12=387 X13=8 X14=18 X15=32 X16=62 X17=209 X18=226 X19=5 X20=343 X21=79 X22=180 X23=31 X24=95 X25=172 X26=381 X27=193 X28=227 X29=69 X30=285 X31=24 X32=100 X33=129 X34=144 X35=230 X36=154 X37=7 X38=73 X39=17 X40=92 X41=220 X42=264 X43=273 X44=303 X45=312 X46=378 X47=246 X48=377 X49=380 X50=72 X51=272 X52=327 X53=142 X54=237 X55=156 X56=289 X57=101 X58=104 X59=138 X60=187 X61=191 X62=233 X63=247 X64=286 X65=298 X66=214 X67=357 X68=159 X69=313 X70=354 X71=91 X72=293 X73=328 X74=88 X75=67 X76=334 X77=171 X78=181 X79=291 X80=1 X81=279 X82=35 X83=388 X84=3 X85=393 X86=63 X87=135 X88=263 X89=336 X90=217 X91=13 X92=16 X93=58 X94=114 X95=123 X96=145 X97=176 X98=224 X99=225 X100=228 X101=241 X102=258 X103=278 X104=319 X105=365 X106=19 X107=125 X108=21 X109=110 X110=112 X111=208 X112=52 X113=89 X114=277 X115=335 X116=325 X117=178 X118=232 X119=182 X120=28 X121=192 X122=20 X123=97 X124=64 X125=126 X126=11 X127=183 X128=274 X129=151 X130=105 X131=86 X132=360 X133=201 X134=389 X135=132 X136=164 X137=249 X138=288 X139=270 X140=307 X141=310 X142=199 X143=375 X144=37 X145=282 X146=359 X147=223 X148=265 X149=90 X150=137 X151=27 X152=253 X153=368 X154=341 X155=131 X156=352 X157=36 X158=109 X159=117 

    solution X0=0 X1=15 X2=22 X3=111 X4=116 X5=236 X6=242 X7=261 X8=297 X9=302 X10=337 X11=373 X12=387 X13=8 X14=18 X15=32 X16=62 X17=209 X18=226 X19=5 X20=343 X21=79 X22=180 X23=31 X24=95 X25=172 X26=381 X27=193 X28=227 X29=69 X30=285 X31=24 X32=100 X33=129 X34=144 X35=230 X36=154 X37=7 X38=73 X39=17 X40=92 X41=220 X42=264 X43=273 X44=303 X45=312 X46=378 X47=246 X48=377 X49=380 X50=72 X51=272 X52=327 X53=142 X54=237 X55=156 X56=289 X57=101 X58=104 X59=138 X60=187 X61=191 X62=233 X63=247 X64=286 X65=298 X66=214 X67=357 X68=159 X69=313 X70=354 X71=91 X72=293 X73=328 X74=88 X75=67 X76=334 X77=171 X78=181 X79=291 X80=1 X81=279 X82=35 X83=388 X84=3 X85=393 X86=63 X87=135 X88=263 X89=336 X90=217 X91=13 X92=16 X93=58 X94=114 X95=123 X96=145 X97=176 X98=224 X99=225 X100=228 X101=241 X102=258 X103=278 X104=319 X105=365 X106=19 X107=125 X108=21 X109=110 X110=112 X111=208 X112=52 X113=89 X114=277 X115=335 X116=325 X117=178 X118=232 X119=182 X120=28 X121=192 X122=20 X123=97 X124=64 X125=126 X126=11 X127=183 X128=274 X129=151 X130=105 X131=86 X132=360 X133=201 X134=389 X135=132 X136=164 X137=249 X138=288 X139=270 X140=307 X141=310 X142=199 X143=375 X144=37 X145=282 X146=359 X147=223 X148=265 X149=90 X150=137 X151=27 X152=253 X153=368 X154=341 X155=131 X156=352 X157=36 X158=109 X159=117 

   
   search
        run=0  nbConstraintChecks=199  depth=(min:0,max:159,avg:1)  nbEffectivePropagations=334  nbRevisions=1119  nbUselessRevisions=939
        nbAssignments=167  nbFailedAssignments=7  nbBacktracks=0  nbVisitedNodes=175  nbRestartNogoods=0  nbFoundSolutions=1
        upperBound=9223372036854775807
          =>  wckTime=3.399  cpuTime=3.899  mem=119M388

   
   global
        nbConstraintChecks=199  nbEffectivePropagations=334  nbRevisions=1119  nbUselessRevisions=939  nbRestartNogoods=0  solvingWckTime=3.399
        expiredTime=no  totalExploration=no  nbFoundSolutions=1  firstSolutionCpuTime=3.894  Stop=REACHED_GOAL
          =>  wckTime=3.947  cpuTime=3.899  mem=119M388

s SATISFIABLE
v X0=0 X1=15 X2=22 X3=111 X4=116 X5=236 X6=242 X7=261 X8=297 X9=302 X10=337 X11=373 X12=387 X13=8 X14=18 X15=32 X16=62 X17=209 X18=226 X19=5 X20=343 X21=79 X22=180 X23=31 X24=95 X25=172 X26=381 X27=193 X28=227 X29=69 X30=285 X31=24 X32=100 X33=129 X34=144 X35=230 X36=154 X37=7 X38=73 X39=17 X40=92 X41=220 X42=264 X43=273 X44=303 X45=312 X46=378 X47=246 X48=377 X49=380 X50=72 X51=272 X52=327 X53=142 X54=237 X55=156 X56=289 X57=101 X58=104 X59=138 X60=187 X61=191 X62=233 X63=247 X64=286 X65=298 X66=214 X67=357 X68=159 X69=313 X70=354 X71=91 X72=293 X73=328 X74=88 X75=67 X76=334 X77=171 X78=181 X79=291 X80=1 X81=279 X82=35 X83=388 X84=3 X85=393 X86=63 X87=135 X88=263 X89=336 X90=217 X91=13 X92=16 X93=58 X94=114 X95=123 X96=145 X97=176 X98=224 X99=225 X100=228 X101=241 X102=258 X103=278 X104=319 X105=365 X106=19 X107=125 X108=21 X109=110 X110=112 X111=208 X112=52 X113=89 X114=277 X115=335 X116=325 X117=178 X118=232 X119=182 X120=28 X121=192 X122=20 X123=97 X124=64 X125=126 X126=11 X127=183 X128=274 X129=151 X130=105 X131=86 X132=360 X133=201 X134=389 X135=132 X136=164 X137=249 X138=288 X139=270 X140=307 X141=310 X142=199 X143=375 X144=37 X145=282 X146=359 X147=223 X148=265 X149=90 X150=137 X151=27 X152=253 X153=368 X154=341 X155=131 X156=352 X157=36 X158=109 X159=117 
d NODES 167

   totalWckTime=3.839  totalCpuTime=3.9
