
   AbsCon 1.41 (January, 2014) - defaultConfiguration

   
   instance
        framework=CSP  name=Isomorphism-/cluster/gpg/ciaran/sip-benchmarks/benchmarks/si4_rand_r001_600/si4_r001_m600.01/pattern-/cluster/gpg/ciaran/sip-benchmarks/benchmarks/si4_rand_r001_600/si4_r001_m600.01/target
        parameters=/cluster/gpg/ciaran/sip-benchmarks/benchmarks/si4_rand_r001_600/si4_r001_m600.01/pattern,/cluster/gpg/ciaran/sip-benchmarks/benchmarks/si4_rand_r001_600/si4_r001_m600.01/target
      

   loading variables...
        nbVariables=240  nbDomainTypes=1  nbTotalValues=144000  domainSizes=(600:240)
          =>  wckTime=0.223  cpuTime=0.322  mem=10M396

   loading objectives...

   loading constraints...
        nbConstraints=655  nbSpecificConstraints=1  nbExtensionStructures=(1,shared:653)  nbConflictsStructures=(1,shared:653,unbuilt:1)
        degrees=(2:4)(3:12)(4:32)...(12:2)(13:2)(17:1)  arities=(2:654)(240:1)  types=(AllDifferent:1)(ConstraintHardExtensionV-Bits:654)
          =>  wckTime=0.505  cpuTime=0.592  mem=37M688

   INFO : <!-- Start saving the XML representation -->

   INFO : <!-- Stop saving the XML representation of target.xml -->

   Solver SolverBacktrack being built... 
          =>  wckTime=0.829  cpuTime=0.873  mem=38M679

    instantiation X0=218 X1=212 X2=473 X3=381 X4=231 X5=223 X6=569 X7=129 X8=20 X9=549 X10=294 X11=180 X12=497 X13=539 X14=149 X15=481 X16=554 X17=194 X18=301 X19=324 X20=556 X21=343 X22=409 X23=328 X24=552 X25=185 X26=437 X27=220 X28=274 X29=214 X30=276 X31=377 X32=123 X33=104 X34=238 X35=495 X36=526 X37=432 X38=99 X39=239 X40=376 X41=430 X42=527 X43=371 X44=155 X45=147 X46=204 X47=11 X48=295 X49=496 X50=69 X51=137 X52=537 X53=559 X54=190 X55=86 X56=500 X57=273 X58=506 X59=333 X60=392 X61=12 X62=517 X63=438 X64=548 X65=336 X66=199 X67=133 X68=64 X69=541 X70=144 X71=179 X72=151 X73=102 X74=315 X75=235 X76=186 X77=531 X78=110 X79=536 X80=388 X81=38 X82=21 X83=49 X84=538 X85=568 X86=236 X87=380 X88=117 X89=307 X90=107 X91=338 X92=14 X93=457 X94=462 X95=113 X96=278 X97=490 X98=27 X99=240 X100=255 X101=245 X102=258 X103=349 X104=42 X105=591 X106=449 X107=434 X108=159 X109=452 X110=16 X111=408 X112=417 X113=353 X114=385 X115=206 X116=248 X117=143 X118=422 X119=103 X120=361 X121=13 X122=445 X123=470 X124=540 X125=337 X126=562 X127=139 X128=519 X129=314 X130=29 X131=96 X132=429 X133=525 X134=415 X135=491 X136=474 X137=3 X138=451 X139=116 X140=442 X141=529 X142=181 X143=17 X144=141 X145=398 X146=142 X147=566 X148=221 X149=224 X150=242 X151=448 X152=95 X153=268 X154=72 X155=237 X156=583 X157=131 X158=287 X159=354 X160=54 X161=177 X162=43 X163=138 X164=426 X165=597 X166=423 X167=152 X168=412 X169=47 X170=184 X171=405 X172=410 X173=162 X174=406 X175=319 X176=298 X177=67 X178=318 X179=282 X180=256 X181=230 X182=26 X183=486 X184=441 X185=563 X186=550 X187=173 X188=203 X189=390 X190=209 X191=498 X192=407 X193=171 X194=217 X195=425 X196=453 X197=32 X198=150 X199=543 X200=44 X201=320 X202=105 X203=501 X204=115 X205=355 X206=87 X207=344 X208=357 X209=366 X210=518 X211=345 X212=97 X213=158 X214=463 X215=120 X216=372 X217=364 X218=23 X219=126 X220=251 X221=130 X222=587 X223=503 X224=175 X225=172 X226=93 X227=511 X228=477 X229=263 X230=348 X231=254 X232=375 X233=41 X234=323 X235=19 X236=493 X237=146 X238=265 X239=391 

    solution X0=218 X1=212 X2=473 X3=381 X4=231 X5=223 X6=569 X7=129 X8=20 X9=549 X10=294 X11=180 X12=497 X13=539 X14=149 X15=481 X16=554 X17=194 X18=301 X19=324 X20=556 X21=343 X22=409 X23=328 X24=552 X25=185 X26=437 X27=220 X28=274 X29=214 X30=276 X31=377 X32=123 X33=104 X34=238 X35=495 X36=526 X37=432 X38=99 X39=239 X40=376 X41=430 X42=527 X43=371 X44=155 X45=147 X46=204 X47=11 X48=295 X49=496 X50=69 X51=137 X52=537 X53=559 X54=190 X55=86 X56=500 X57=273 X58=506 X59=333 X60=392 X61=12 X62=517 X63=438 X64=548 X65=336 X66=199 X67=133 X68=64 X69=541 X70=144 X71=179 X72=151 X73=102 X74=315 X75=235 X76=186 X77=531 X78=110 X79=536 X80=388 X81=38 X82=21 X83=49 X84=538 X85=568 X86=236 X87=380 X88=117 X89=307 X90=107 X91=338 X92=14 X93=457 X94=462 X95=113 X96=278 X97=490 X98=27 X99=240 X100=255 X101=245 X102=258 X103=349 X104=42 X105=591 X106=449 X107=434 X108=159 X109=452 X110=16 X111=408 X112=417 X113=353 X114=385 X115=206 X116=248 X117=143 X118=422 X119=103 X120=361 X121=13 X122=445 X123=470 X124=540 X125=337 X126=562 X127=139 X128=519 X129=314 X130=29 X131=96 X132=429 X133=525 X134=415 X135=491 X136=474 X137=3 X138=451 X139=116 X140=442 X141=529 X142=181 X143=17 X144=141 X145=398 X146=142 X147=566 X148=221 X149=224 X150=242 X151=448 X152=95 X153=268 X154=72 X155=237 X156=583 X157=131 X158=287 X159=354 X160=54 X161=177 X162=43 X163=138 X164=426 X165=597 X166=423 X167=152 X168=412 X169=47 X170=184 X171=405 X172=410 X173=162 X174=406 X175=319 X176=298 X177=67 X178=318 X179=282 X180=256 X181=230 X182=26 X183=486 X184=441 X185=563 X186=550 X187=173 X188=203 X189=390 X190=209 X191=498 X192=407 X193=171 X194=217 X195=425 X196=453 X197=32 X198=150 X199=543 X200=44 X201=320 X202=105 X203=501 X204=115 X205=355 X206=87 X207=344 X208=357 X209=366 X210=518 X211=345 X212=97 X213=158 X214=463 X215=120 X216=372 X217=364 X218=23 X219=126 X220=251 X221=130 X222=587 X223=503 X224=175 X225=172 X226=93 X227=511 X228=477 X229=263 X230=348 X231=254 X232=375 X233=41 X234=323 X235=19 X236=493 X237=146 X238=265 X239=391 

   
   search
        run=0  nbConstraintChecks=655  depth=(min:0,max:239,avg:1)  nbEffectivePropagations=5  nbRevisions=5162  nbUselessRevisions=5162
        nbAssignments=444  nbFailedAssignments=204  nbBacktracks=0  nbVisitedNodes=649  nbRestartNogoods=0  nbFoundSolutions=1
        upperBound=9223372036854775807
          =>  wckTime=35.54  cpuTime=36.159  mem=108M436

   
   global
        nbConstraintChecks=655  nbEffectivePropagations=5  nbRevisions=5162  nbUselessRevisions=5162  nbRestartNogoods=0  solvingWckTime=35.54
        expiredTime=no  totalExploration=no  nbFoundSolutions=1  firstSolutionCpuTime=36.153  Stop=REACHED_GOAL
          =>  wckTime=36.369  cpuTime=36.159  mem=108M436

s SATISFIABLE
v X0=218 X1=212 X2=473 X3=381 X4=231 X5=223 X6=569 X7=129 X8=20 X9=549 X10=294 X11=180 X12=497 X13=539 X14=149 X15=481 X16=554 X17=194 X18=301 X19=324 X20=556 X21=343 X22=409 X23=328 X24=552 X25=185 X26=437 X27=220 X28=274 X29=214 X30=276 X31=377 X32=123 X33=104 X34=238 X35=495 X36=526 X37=432 X38=99 X39=239 X40=376 X41=430 X42=527 X43=371 X44=155 X45=147 X46=204 X47=11 X48=295 X49=496 X50=69 X51=137 X52=537 X53=559 X54=190 X55=86 X56=500 X57=273 X58=506 X59=333 X60=392 X61=12 X62=517 X63=438 X64=548 X65=336 X66=199 X67=133 X68=64 X69=541 X70=144 X71=179 X72=151 X73=102 X74=315 X75=235 X76=186 X77=531 X78=110 X79=536 X80=388 X81=38 X82=21 X83=49 X84=538 X85=568 X86=236 X87=380 X88=117 X89=307 X90=107 X91=338 X92=14 X93=457 X94=462 X95=113 X96=278 X97=490 X98=27 X99=240 X100=255 X101=245 X102=258 X103=349 X104=42 X105=591 X106=449 X107=434 X108=159 X109=452 X110=16 X111=408 X112=417 X113=353 X114=385 X115=206 X116=248 X117=143 X118=422 X119=103 X120=361 X121=13 X122=445 X123=470 X124=540 X125=337 X126=562 X127=139 X128=519 X129=314 X130=29 X131=96 X132=429 X133=525 X134=415 X135=491 X136=474 X137=3 X138=451 X139=116 X140=442 X141=529 X142=181 X143=17 X144=141 X145=398 X146=142 X147=566 X148=221 X149=224 X150=242 X151=448 X152=95 X153=268 X154=72 X155=237 X156=583 X157=131 X158=287 X159=354 X160=54 X161=177 X162=43 X163=138 X164=426 X165=597 X166=423 X167=152 X168=412 X169=47 X170=184 X171=405 X172=410 X173=162 X174=406 X175=319 X176=298 X177=67 X178=318 X179=282 X180=256 X181=230 X182=26 X183=486 X184=441 X185=563 X186=550 X187=173 X188=203 X189=390 X190=209 X191=498 X192=407 X193=171 X194=217 X195=425 X196=453 X197=32 X198=150 X199=543 X200=44 X201=320 X202=105 X203=501 X204=115 X205=355 X206=87 X207=344 X208=357 X209=366 X210=518 X211=345 X212=97 X213=158 X214=463 X215=120 X216=372 X217=364 X218=23 X219=126 X220=251 X221=130 X222=587 X223=503 X224=175 X225=172 X226=93 X227=511 X228=477 X229=263 X230=348 X231=254 X232=375 X233=41 X234=323 X235=19 X236=493 X237=146 X238=265 X239=391 
d NODES 444

   totalWckTime=36.264  totalCpuTime=36.16
