
   AbsCon 1.41 (January, 2014) - defaultConfiguration

   
   instance
        framework=CSP  name=Isomorphism-/cluster/gpg/ciaran/sip-benchmarks/benchmarks/si4_rand_r005_600/si4_r005_m600.07/pattern-/cluster/gpg/ciaran/sip-benchmarks/benchmarks/si4_rand_r005_600/si4_r005_m600.07/target
        parameters=/cluster/gpg/ciaran/sip-benchmarks/benchmarks/si4_rand_r005_600/si4_r005_m600.07/pattern,/cluster/gpg/ciaran/sip-benchmarks/benchmarks/si4_rand_r005_600/si4_r005_m600.07/target
      

   loading variables...
        nbVariables=240  nbDomainTypes=1  nbTotalValues=144000  domainSizes=(600:240)
          =>  wckTime=0.353  cpuTime=0.438  mem=12M680

   loading objectives...

   loading constraints...
        nbConstraints=2771  nbSpecificConstraints=1  nbExtensionStructures=(1,shared:2769)  nbConflictsStructures=(1,shared:2769,unbuilt:1)
        degrees=(13:1)(14:1)(15:4)...(34:4)(35:3)(36:1)  arities=(2:2770)(240:1)  types=(AllDifferent:1)(ConstraintHardExtensionV-Bits:2770)
          =>  wckTime=3.753  cpuTime=3.746  mem=53M875

   INFO : <!-- Start saving the XML representation -->

   INFO : <!-- Stop saving the XML representation of target.xml -->

   Solver SolverBacktrack being built... 
          =>  wckTime=4.173  cpuTime=4.128  mem=116M99

    instantiation X0=179 X1=597 X2=186 X3=155 X4=194 X5=556 X6=596 X7=45 X8=199 X9=542 X10=471 X11=309 X12=238 X13=514 X14=444 X15=256 X16=493 X17=192 X18=178 X19=399 X20=52 X21=598 X22=10 X23=468 X24=57 X25=101 X26=175 X27=232 X28=9 X29=94 X30=545 X31=304 X32=473 X33=462 X34=305 X35=271 X36=317 X37=544 X38=388 X39=227 X40=202 X41=244 X42=160 X43=111 X44=79 X45=359 X46=599 X47=509 X48=152 X49=495 X50=585 X51=423 X52=116 X53=4 X54=332 X55=230 X56=543 X57=41 X58=401 X59=215 X60=588 X61=301 X62=252 X63=119 X64=242 X65=86 X66=513 X67=474 X68=367 X69=383 X70=273 X71=153 X72=307 X73=467 X74=17 X75=446 X76=436 X77=433 X78=507 X79=285 X80=0 X81=137 X82=516 X83=428 X84=520 X85=219 X86=551 X87=372 X88=290 X89=527 X90=217 X91=246 X92=595 X93=114 X94=108 X95=183 X96=338 X97=487 X98=284 X99=417 X100=387 X101=250 X102=200 X103=560 X104=408 X105=299 X106=144 X107=410 X108=489 X109=315 X110=570 X111=531 X112=97 X113=272 X114=455 X115=339 X116=95 X117=274 X118=420 X119=539 X120=50 X121=584 X122=460 X123=530 X124=292 X125=310 X126=449 X127=510 X128=567 X129=386 X130=236 X131=138 X132=124 X133=161 X134=546 X135=47 X136=415 X137=393 X138=65 X139=456 X140=416 X141=278 X142=22 X143=265 X144=46 X145=350 X146=142 X147=312 X148=368 X149=566 X150=430 X151=167 X152=204 X153=80 X154=34 X155=110 X156=55 X157=168 X158=156 X159=324 X160=541 X161=51 X162=269 X163=60 X164=536 X165=277 X166=346 X167=485 X168=44 X169=191 X170=31 X171=357 X172=590 X173=185 X174=424 X175=499 X176=92 X177=77 X178=85 X179=61 X180=582 X181=552 X182=550 X183=253 X184=508 X185=283 X186=143 X187=184 X188=67 X189=537 X190=99 X191=348 X192=140 X193=345 X194=193 X195=36 X196=66 X197=331 X198=62 X199=463 X200=411 X201=172 X202=526 X203=162 X204=149 X205=81 X206=27 X207=475 X208=439 X209=427 X210=141 X211=181 X212=2 X213=538 X214=360 X215=54 X216=207 X217=90 X218=483 X219=340 X220=398 X221=263 X222=70 X223=222 X224=302 X225=431 X226=519 X227=68 X228=129 X229=458 X230=477 X231=501 X232=164 X233=452 X234=592 X235=6 X236=443 X237=375 X238=209 X239=89 

    solution X0=179 X1=597 X2=186 X3=155 X4=194 X5=556 X6=596 X7=45 X8=199 X9=542 X10=471 X11=309 X12=238 X13=514 X14=444 X15=256 X16=493 X17=192 X18=178 X19=399 X20=52 X21=598 X22=10 X23=468 X24=57 X25=101 X26=175 X27=232 X28=9 X29=94 X30=545 X31=304 X32=473 X33=462 X34=305 X35=271 X36=317 X37=544 X38=388 X39=227 X40=202 X41=244 X42=160 X43=111 X44=79 X45=359 X46=599 X47=509 X48=152 X49=495 X50=585 X51=423 X52=116 X53=4 X54=332 X55=230 X56=543 X57=41 X58=401 X59=215 X60=588 X61=301 X62=252 X63=119 X64=242 X65=86 X66=513 X67=474 X68=367 X69=383 X70=273 X71=153 X72=307 X73=467 X74=17 X75=446 X76=436 X77=433 X78=507 X79=285 X80=0 X81=137 X82=516 X83=428 X84=520 X85=219 X86=551 X87=372 X88=290 X89=527 X90=217 X91=246 X92=595 X93=114 X94=108 X95=183 X96=338 X97=487 X98=284 X99=417 X100=387 X101=250 X102=200 X103=560 X104=408 X105=299 X106=144 X107=410 X108=489 X109=315 X110=570 X111=531 X112=97 X113=272 X114=455 X115=339 X116=95 X117=274 X118=420 X119=539 X120=50 X121=584 X122=460 X123=530 X124=292 X125=310 X126=449 X127=510 X128=567 X129=386 X130=236 X131=138 X132=124 X133=161 X134=546 X135=47 X136=415 X137=393 X138=65 X139=456 X140=416 X141=278 X142=22 X143=265 X144=46 X145=350 X146=142 X147=312 X148=368 X149=566 X150=430 X151=167 X152=204 X153=80 X154=34 X155=110 X156=55 X157=168 X158=156 X159=324 X160=541 X161=51 X162=269 X163=60 X164=536 X165=277 X166=346 X167=485 X168=44 X169=191 X170=31 X171=357 X172=590 X173=185 X174=424 X175=499 X176=92 X177=77 X178=85 X179=61 X180=582 X181=552 X182=550 X183=253 X184=508 X185=283 X186=143 X187=184 X188=67 X189=537 X190=99 X191=348 X192=140 X193=345 X194=193 X195=36 X196=66 X197=331 X198=62 X199=463 X200=411 X201=172 X202=526 X203=162 X204=149 X205=81 X206=27 X207=475 X208=439 X209=427 X210=141 X211=181 X212=2 X213=538 X214=360 X215=54 X216=207 X217=90 X218=483 X219=340 X220=398 X221=263 X222=70 X223=222 X224=302 X225=431 X226=519 X227=68 X228=129 X229=458 X230=477 X231=501 X232=164 X233=452 X234=592 X235=6 X236=443 X237=375 X238=209 X239=89 

   
   search
        run=0  nbConstraintChecks=2771  depth=(min:0,max:239,avg:2)  nbEffectivePropagations=380877  nbRevisions=5695429  nbUselessRevisions=5408491
        nbAssignments=3443  nbFailedAssignments=3008  nbBacktracks=195  nbVisitedNodes=6590  nbRestartNogoods=0  nbFoundSolutions=1
        upperBound=9223372036854775807
          =>  wckTime=1682.184  cpuTime=1675.85  mem=108M180

   
   global
        nbConstraintChecks=2771  nbEffectivePropagations=380877  nbRevisions=5695429  nbUselessRevisions=5408491  nbRestartNogoods=0
        solvingWckTime=1682.184  expiredTime=no  totalExploration=no  nbFoundSolutions=1  firstSolutionCpuTime=1675.843  Stop=REACHED_GOAL
          =>  wckTime=1686.358  cpuTime=1675.851  mem=108M180

s SATISFIABLE
v X0=179 X1=597 X2=186 X3=155 X4=194 X5=556 X6=596 X7=45 X8=199 X9=542 X10=471 X11=309 X12=238 X13=514 X14=444 X15=256 X16=493 X17=192 X18=178 X19=399 X20=52 X21=598 X22=10 X23=468 X24=57 X25=101 X26=175 X27=232 X28=9 X29=94 X30=545 X31=304 X32=473 X33=462 X34=305 X35=271 X36=317 X37=544 X38=388 X39=227 X40=202 X41=244 X42=160 X43=111 X44=79 X45=359 X46=599 X47=509 X48=152 X49=495 X50=585 X51=423 X52=116 X53=4 X54=332 X55=230 X56=543 X57=41 X58=401 X59=215 X60=588 X61=301 X62=252 X63=119 X64=242 X65=86 X66=513 X67=474 X68=367 X69=383 X70=273 X71=153 X72=307 X73=467 X74=17 X75=446 X76=436 X77=433 X78=507 X79=285 X80=0 X81=137 X82=516 X83=428 X84=520 X85=219 X86=551 X87=372 X88=290 X89=527 X90=217 X91=246 X92=595 X93=114 X94=108 X95=183 X96=338 X97=487 X98=284 X99=417 X100=387 X101=250 X102=200 X103=560 X104=408 X105=299 X106=144 X107=410 X108=489 X109=315 X110=570 X111=531 X112=97 X113=272 X114=455 X115=339 X116=95 X117=274 X118=420 X119=539 X120=50 X121=584 X122=460 X123=530 X124=292 X125=310 X126=449 X127=510 X128=567 X129=386 X130=236 X131=138 X132=124 X133=161 X134=546 X135=47 X136=415 X137=393 X138=65 X139=456 X140=416 X141=278 X142=22 X143=265 X144=46 X145=350 X146=142 X147=312 X148=368 X149=566 X150=430 X151=167 X152=204 X153=80 X154=34 X155=110 X156=55 X157=168 X158=156 X159=324 X160=541 X161=51 X162=269 X163=60 X164=536 X165=277 X166=346 X167=485 X168=44 X169=191 X170=31 X171=357 X172=590 X173=185 X174=424 X175=499 X176=92 X177=77 X178=85 X179=61 X180=582 X181=552 X182=550 X183=253 X184=508 X185=283 X186=143 X187=184 X188=67 X189=537 X190=99 X191=348 X192=140 X193=345 X194=193 X195=36 X196=66 X197=331 X198=62 X199=463 X200=411 X201=172 X202=526 X203=162 X204=149 X205=81 X206=27 X207=475 X208=439 X209=427 X210=141 X211=181 X212=2 X213=538 X214=360 X215=54 X216=207 X217=90 X218=483 X219=340 X220=398 X221=263 X222=70 X223=222 X224=302 X225=431 X226=519 X227=68 X228=129 X229=458 X230=477 X231=501 X232=164 X233=452 X234=592 X235=6 X236=443 X237=375 X238=209 X239=89 
d NODES 3443

   totalWckTime=1686.184  totalCpuTime=1675.851
