
   AbsCon 1.41 (January, 2014) - defaultConfiguration

   
   instance
        framework=CSP  name=Isomorphism-/cluster/gpg/ciaran/sip-benchmarks/benchmarks/si4_bvg_b06_400/si4_b06_m400.01/pattern-/cluster/gpg/ciaran/sip-benchmarks/benchmarks/si4_bvg_b06_400/si4_b06_m400.01/target
        parameters=/cluster/gpg/ciaran/sip-benchmarks/benchmarks/si4_bvg_b06_400/si4_b06_m400.01/pattern,/cluster/gpg/ciaran/sip-benchmarks/benchmarks/si4_bvg_b06_400/si4_b06_m400.01/target
      

   loading variables...
        nbVariables=160  nbDomainTypes=1  nbTotalValues=64000  domainSizes=(400:160)
          =>  wckTime=0.181  cpuTime=0.298  mem=6M577

   loading objectives...

   loading constraints...
        nbConstraints=475  nbSpecificConstraints=1  nbExtensionStructures=(1,shared:473)  nbConflictsStructures=(1,shared:473,unbuilt:1)
        degrees=(4:2)(5:2)(6:2)(7:154)  arities=(2:474)(160:1)  types=(AllDifferent:1)(ConstraintHardExtensionV-Bits:474)
          =>  wckTime=0.338  cpuTime=0.451  mem=18M741

   INFO : <!-- Start saving the XML representation -->

   INFO : <!-- Stop saving the XML representation of target.xml -->

   Solver SolverBacktrack being built... 
          =>  wckTime=0.608  cpuTime=0.678  mem=22M704

    instantiation X0=0 X1=141 X2=124 X3=345 X4=310 X5=294 X6=282 X7=168 X8=383 X9=138 X10=112 X11=209 X12=121 X13=10 X14=396 X15=148 X16=207 X17=397 X18=246 X19=135 X20=257 X21=234 X22=11 X23=197 X24=375 X25=260 X26=307 X27=303 X28=316 X29=126 X30=378 X31=162 X32=237 X33=71 X34=96 X35=185 X36=13 X37=250 X38=272 X39=19 X40=229 X41=79 X42=386 X43=306 X44=47 X45=97 X46=163 X47=392 X48=84 X49=328 X50=247 X51=123 X52=99 X53=398 X54=384 X55=231 X56=366 X57=114 X58=215 X59=278 X60=183 X61=385 X62=83 X63=12 X64=31 X65=109 X66=217 X67=108 X68=259 X69=80 X70=393 X71=353 X72=161 X73=143 X74=251 X75=365 X76=29 X77=350 X78=211 X79=352 X80=344 X81=4 X82=60 X83=238 X84=338 X85=184 X86=314 X87=117 X88=81 X89=369 X90=256 X91=358 X92=325 X93=3 X94=147 X95=336 X96=286 X97=23 X98=2 X99=59 X100=374 X101=90 X102=48 X103=318 X104=9 X105=130 X106=74 X107=373 X108=42 X109=77 X110=33 X111=332 X112=39 X113=242 X114=289 X115=387 X116=194 X117=368 X118=56 X119=100 X120=360 X121=395 X122=21 X123=180 X124=46 X125=191 X126=212 X127=349 X128=51 X129=277 X130=276 X131=228 X132=324 X133=82 X134=164 X135=355 X136=22 X137=320 X138=363 X139=356 X140=58 X141=49 X142=68 X143=127 X144=17 X145=89 X146=281 X147=34 X148=264 X149=53 X150=32 X151=122 X152=128 X153=205 X154=172 X155=343 X156=105 X157=333 X158=14 X159=176 

    solution X0=0 X1=141 X2=124 X3=345 X4=310 X5=294 X6=282 X7=168 X8=383 X9=138 X10=112 X11=209 X12=121 X13=10 X14=396 X15=148 X16=207 X17=397 X18=246 X19=135 X20=257 X21=234 X22=11 X23=197 X24=375 X25=260 X26=307 X27=303 X28=316 X29=126 X30=378 X31=162 X32=237 X33=71 X34=96 X35=185 X36=13 X37=250 X38=272 X39=19 X40=229 X41=79 X42=386 X43=306 X44=47 X45=97 X46=163 X47=392 X48=84 X49=328 X50=247 X51=123 X52=99 X53=398 X54=384 X55=231 X56=366 X57=114 X58=215 X59=278 X60=183 X61=385 X62=83 X63=12 X64=31 X65=109 X66=217 X67=108 X68=259 X69=80 X70=393 X71=353 X72=161 X73=143 X74=251 X75=365 X76=29 X77=350 X78=211 X79=352 X80=344 X81=4 X82=60 X83=238 X84=338 X85=184 X86=314 X87=117 X88=81 X89=369 X90=256 X91=358 X92=325 X93=3 X94=147 X95=336 X96=286 X97=23 X98=2 X99=59 X100=374 X101=90 X102=48 X103=318 X104=9 X105=130 X106=74 X107=373 X108=42 X109=77 X110=33 X111=332 X112=39 X113=242 X114=289 X115=387 X116=194 X117=368 X118=56 X119=100 X120=360 X121=395 X122=21 X123=180 X124=46 X125=191 X126=212 X127=349 X128=51 X129=277 X130=276 X131=228 X132=324 X133=82 X134=164 X135=355 X136=22 X137=320 X138=363 X139=356 X140=58 X141=49 X142=68 X143=127 X144=17 X145=89 X146=281 X147=34 X148=264 X149=53 X150=32 X151=122 X152=128 X153=205 X154=172 X155=343 X156=105 X157=333 X158=14 X159=176 

   
   search
        run=0  nbConstraintChecks=475  depth=(min:161,max:159,avg:0)  nbEffectivePropagations=2  nbRevisions=2334  nbUselessRevisions=2334
        nbAssignments=160  nbFailedAssignments=0  nbBacktracks=0  nbVisitedNodes=161  nbRestartNogoods=0  nbFoundSolutions=1
        upperBound=9223372036854775807
          =>  wckTime=3.43  cpuTime=4.012  mem=100M802

   
   global
        nbConstraintChecks=475  nbEffectivePropagations=2  nbRevisions=2334  nbUselessRevisions=2334  nbRestartNogoods=0  solvingWckTime=3.43
        expiredTime=no  totalExploration=no  nbFoundSolutions=1  firstSolutionCpuTime=4.003  Stop=REACHED_GOAL
          =>  wckTime=4.038  cpuTime=4.012  mem=100M802

s SATISFIABLE
v X0=0 X1=141 X2=124 X3=345 X4=310 X5=294 X6=282 X7=168 X8=383 X9=138 X10=112 X11=209 X12=121 X13=10 X14=396 X15=148 X16=207 X17=397 X18=246 X19=135 X20=257 X21=234 X22=11 X23=197 X24=375 X25=260 X26=307 X27=303 X28=316 X29=126 X30=378 X31=162 X32=237 X33=71 X34=96 X35=185 X36=13 X37=250 X38=272 X39=19 X40=229 X41=79 X42=386 X43=306 X44=47 X45=97 X46=163 X47=392 X48=84 X49=328 X50=247 X51=123 X52=99 X53=398 X54=384 X55=231 X56=366 X57=114 X58=215 X59=278 X60=183 X61=385 X62=83 X63=12 X64=31 X65=109 X66=217 X67=108 X68=259 X69=80 X70=393 X71=353 X72=161 X73=143 X74=251 X75=365 X76=29 X77=350 X78=211 X79=352 X80=344 X81=4 X82=60 X83=238 X84=338 X85=184 X86=314 X87=117 X88=81 X89=369 X90=256 X91=358 X92=325 X93=3 X94=147 X95=336 X96=286 X97=23 X98=2 X99=59 X100=374 X101=90 X102=48 X103=318 X104=9 X105=130 X106=74 X107=373 X108=42 X109=77 X110=33 X111=332 X112=39 X113=242 X114=289 X115=387 X116=194 X117=368 X118=56 X119=100 X120=360 X121=395 X122=21 X123=180 X124=46 X125=191 X126=212 X127=349 X128=51 X129=277 X130=276 X131=228 X132=324 X133=82 X134=164 X135=355 X136=22 X137=320 X138=363 X139=356 X140=58 X141=49 X142=68 X143=127 X144=17 X145=89 X146=281 X147=34 X148=264 X149=53 X150=32 X151=122 X152=128 X153=205 X154=172 X155=343 X156=105 X157=333 X158=14 X159=176 
d NODES 160

   totalWckTime=3.951  totalCpuTime=4.013
