
   AbsCon 1.41 (January, 2014) - defaultConfiguration

   
   instance
        framework=CSP  name=Isomorphism-/cluster/gpg/ciaran/sip-benchmarks/benchmarks/si4_bvg_b06_400/si4_b06_m400.08/pattern-/cluster/gpg/ciaran/sip-benchmarks/benchmarks/si4_bvg_b06_400/si4_b06_m400.08/target
        parameters=/cluster/gpg/ciaran/sip-benchmarks/benchmarks/si4_bvg_b06_400/si4_b06_m400.08/pattern,/cluster/gpg/ciaran/sip-benchmarks/benchmarks/si4_bvg_b06_400/si4_b06_m400.08/target
      

   loading variables...
        nbVariables=160  nbDomainTypes=1  nbTotalValues=64000  domainSizes=(400:160)
          =>  wckTime=0.198  cpuTime=0.323  mem=6M162

   loading objectives...

   loading constraints...
        nbConstraints=475  nbSpecificConstraints=1  nbExtensionStructures=(1,shared:473)  nbConflictsStructures=(1,shared:473,unbuilt:1)
        degrees=(4:2)(5:2)(6:2)(7:154)  arities=(2:474)(160:1)  types=(AllDifferent:1)(ConstraintHardExtensionV-Bits:474)
          =>  wckTime=0.419  cpuTime=0.538  mem=18M381

   INFO : <!-- Start saving the XML representation -->

   INFO : <!-- Stop saving the XML representation of target.xml -->

   Solver SolverBacktrack being built... 
          =>  wckTime=0.752  cpuTime=0.83  mem=22M297

    instantiation X0=0 X1=4 X2=29 X3=285 X4=318 X5=325 X6=335 X7=1 X8=375 X9=379 X10=30 X11=49 X12=266 X13=80 X14=229 X15=336 X16=228 X17=81 X18=337 X19=265 X20=186 X21=302 X22=138 X23=54 X24=20 X25=300 X26=23 X27=308 X28=104 X29=298 X30=149 X31=91 X32=274 X33=304 X34=343 X35=341 X36=309 X37=175 X38=41 X39=53 X40=231 X41=380 X42=90 X43=179 X44=122 X45=137 X46=263 X47=386 X48=395 X49=101 X50=283 X51=17 X52=27 X53=180 X54=218 X55=83 X56=253 X57=62 X58=59 X59=156 X60=58 X61=381 X62=301 X63=393 X64=38 X65=185 X66=70 X67=34 X68=127 X69=349 X70=277 X71=246 X72=164 X73=66 X74=254 X75=376 X76=110 X77=56 X78=314 X79=96 X80=389 X81=396 X82=60 X83=103 X84=215 X85=278 X86=322 X87=28 X88=74 X89=183 X90=167 X91=295 X92=85 X93=5 X94=348 X95=367 X96=135 X97=134 X98=370 X99=161 X100=9 X101=112 X102=52 X103=109 X104=50 X105=78 X106=391 X107=271 X108=198 X109=168 X110=240 X111=220 X112=292 X113=235 X114=256 X115=123 X116=87 X117=145 X118=344 X119=77 X120=201 X121=182 X122=116 X123=99 X124=76 X125=217 X126=257 X127=394 X128=387 X129=224 X130=340 X131=296 X132=119 X133=339 X134=204 X135=32 X136=33 X137=47 X138=319 X139=61 X140=120 X141=142 X142=225 X143=196 X144=364 X145=131 X146=124 X147=171 X148=46 X149=31 X150=15 X151=258 X152=176 X153=92 X154=282 X155=211 X156=89 X157=272 X158=261 X159=366 

    solution X0=0 X1=4 X2=29 X3=285 X4=318 X5=325 X6=335 X7=1 X8=375 X9=379 X10=30 X11=49 X12=266 X13=80 X14=229 X15=336 X16=228 X17=81 X18=337 X19=265 X20=186 X21=302 X22=138 X23=54 X24=20 X25=300 X26=23 X27=308 X28=104 X29=298 X30=149 X31=91 X32=274 X33=304 X34=343 X35=341 X36=309 X37=175 X38=41 X39=53 X40=231 X41=380 X42=90 X43=179 X44=122 X45=137 X46=263 X47=386 X48=395 X49=101 X50=283 X51=17 X52=27 X53=180 X54=218 X55=83 X56=253 X57=62 X58=59 X59=156 X60=58 X61=381 X62=301 X63=393 X64=38 X65=185 X66=70 X67=34 X68=127 X69=349 X70=277 X71=246 X72=164 X73=66 X74=254 X75=376 X76=110 X77=56 X78=314 X79=96 X80=389 X81=396 X82=60 X83=103 X84=215 X85=278 X86=322 X87=28 X88=74 X89=183 X90=167 X91=295 X92=85 X93=5 X94=348 X95=367 X96=135 X97=134 X98=370 X99=161 X100=9 X101=112 X102=52 X103=109 X104=50 X105=78 X106=391 X107=271 X108=198 X109=168 X110=240 X111=220 X112=292 X113=235 X114=256 X115=123 X116=87 X117=145 X118=344 X119=77 X120=201 X121=182 X122=116 X123=99 X124=76 X125=217 X126=257 X127=394 X128=387 X129=224 X130=340 X131=296 X132=119 X133=339 X134=204 X135=32 X136=33 X137=47 X138=319 X139=61 X140=120 X141=142 X142=225 X143=196 X144=364 X145=131 X146=124 X147=171 X148=46 X149=31 X150=15 X151=258 X152=176 X153=92 X154=282 X155=211 X156=89 X157=272 X158=261 X159=366 

   
   search
        run=0  nbConstraintChecks=475  depth=(min:161,max:159,avg:0)  nbEffectivePropagations=2  nbRevisions=2334  nbUselessRevisions=2334
        nbAssignments=160  nbFailedAssignments=0  nbBacktracks=0  nbVisitedNodes=161  nbRestartNogoods=0  nbFoundSolutions=1
        upperBound=9223372036854775807
          =>  wckTime=3.853  cpuTime=4.575  mem=173M207

   
   global
        nbConstraintChecks=475  nbEffectivePropagations=2  nbRevisions=2334  nbUselessRevisions=2334  nbRestartNogoods=0  solvingWckTime=3.853
        expiredTime=no  totalExploration=no  nbFoundSolutions=1  firstSolutionCpuTime=4.564  Stop=REACHED_GOAL
          =>  wckTime=4.605  cpuTime=4.575  mem=173M207

s SATISFIABLE
v X0=0 X1=4 X2=29 X3=285 X4=318 X5=325 X6=335 X7=1 X8=375 X9=379 X10=30 X11=49 X12=266 X13=80 X14=229 X15=336 X16=228 X17=81 X18=337 X19=265 X20=186 X21=302 X22=138 X23=54 X24=20 X25=300 X26=23 X27=308 X28=104 X29=298 X30=149 X31=91 X32=274 X33=304 X34=343 X35=341 X36=309 X37=175 X38=41 X39=53 X40=231 X41=380 X42=90 X43=179 X44=122 X45=137 X46=263 X47=386 X48=395 X49=101 X50=283 X51=17 X52=27 X53=180 X54=218 X55=83 X56=253 X57=62 X58=59 X59=156 X60=58 X61=381 X62=301 X63=393 X64=38 X65=185 X66=70 X67=34 X68=127 X69=349 X70=277 X71=246 X72=164 X73=66 X74=254 X75=376 X76=110 X77=56 X78=314 X79=96 X80=389 X81=396 X82=60 X83=103 X84=215 X85=278 X86=322 X87=28 X88=74 X89=183 X90=167 X91=295 X92=85 X93=5 X94=348 X95=367 X96=135 X97=134 X98=370 X99=161 X100=9 X101=112 X102=52 X103=109 X104=50 X105=78 X106=391 X107=271 X108=198 X109=168 X110=240 X111=220 X112=292 X113=235 X114=256 X115=123 X116=87 X117=145 X118=344 X119=77 X120=201 X121=182 X122=116 X123=99 X124=76 X125=217 X126=257 X127=394 X128=387 X129=224 X130=340 X131=296 X132=119 X133=339 X134=204 X135=32 X136=33 X137=47 X138=319 X139=61 X140=120 X141=142 X142=225 X143=196 X144=364 X145=131 X146=124 X147=171 X148=46 X149=31 X150=15 X151=258 X152=176 X153=92 X154=282 X155=211 X156=89 X157=272 X158=261 X159=366 
d NODES 160

   totalWckTime=4.508  totalCpuTime=4.576
