
   AbsCon 1.41 (January, 2014) - defaultConfiguration

   
   instance
        framework=CSP  name=Isomorphism-/cluster/gpg/ciaran/sip-benchmarks/benchmarks/si4_rand_r01_600/si4_r01_m600.07/pattern-/cluster/gpg/ciaran/sip-benchmarks/benchmarks/si4_rand_r01_600/si4_r01_m600.07/target
        parameters=/cluster/gpg/ciaran/sip-benchmarks/benchmarks/si4_rand_r01_600/si4_r01_m600.07/pattern,/cluster/gpg/ciaran/sip-benchmarks/benchmarks/si4_rand_r01_600/si4_r01_m600.07/target
      

   loading variables...
        nbVariables=240  nbDomainTypes=1  nbTotalValues=144000  domainSizes=(600:240)
          =>  wckTime=0.271  cpuTime=0.369  mem=16M233

   loading objectives...

   loading constraints...
        nbConstraints=5485  nbSpecificConstraints=1  nbExtensionStructures=(1,shared:5483)  nbConflictsStructures=(1,shared:5483,unbuilt:1)
        degrees=(31:1)(32:1)(35:2)...(61:3)(63:1)(64:2)  arities=(2:5484)(240:1)  types=(AllDifferent:1)(ConstraintHardExtensionV-Bits:5484)
          =>  wckTime=6.725  cpuTime=6.699  mem=330M142

   INFO : <!-- Start saving the XML representation -->

   INFO : <!-- Stop saving the XML representation of target.xml -->

   Solver SolverBacktrack being built... 
          =>  wckTime=7.169  cpuTime=7.106  mem=409M750

    instantiation X0=387 X1=325 X2=572 X3=443 X4=509 X5=228 X6=547 X7=574 X8=435 X9=323 X10=178 X11=415 X12=460 X13=132 X14=316 X15=271 X16=588 X17=310 X18=550 X19=30 X20=432 X21=218 X22=362 X23=80 X24=146 X25=211 X26=431 X27=14 X28=174 X29=594 X30=24 X31=71 X32=521 X33=365 X34=95 X35=6 X36=118 X37=518 X38=58 X39=426 X40=200 X41=0 X42=209 X43=544 X44=177 X45=161 X46=224 X47=383 X48=276 X49=360 X50=445 X51=363 X52=372 X53=421 X54=419 X55=492 X56=514 X57=455 X58=8 X59=75 X60=552 X61=196 X62=284 X63=72 X64=205 X65=274 X66=504 X67=7 X68=234 X69=247 X70=248 X71=472 X72=103 X73=151 X74=351 X75=566 X76=528 X77=394 X78=361 X79=512 X80=100 X81=4 X82=304 X83=183 X84=295 X85=152 X86=82 X87=411 X88=16 X89=599 X90=217 X91=513 X92=69 X93=86 X94=39 X95=525 X96=595 X97=494 X98=380 X99=490 X100=484 X101=119 X102=340 X103=326 X104=349 X105=110 X106=66 X107=147 X108=493 X109=475 X110=129 X111=138 X112=182 X113=155 X114=164 X115=76 X116=457 X117=539 X118=299 X119=386 X120=23 X121=123 X122=243 X123=153 X124=254 X125=404 X126=171 X127=232 X128=336 X129=108 X130=255 X131=292 X132=157 X133=277 X134=210 X135=175 X136=3 X137=388 X138=596 X139=511 X140=474 X141=41 X142=478 X143=440 X144=59 X145=90 X146=314 X147=352 X148=395 X149=278 X150=331 X151=335 X152=507 X153=556 X154=112 X155=427 X156=489 X157=482 X158=102 X159=309 X160=465 X161=77 X162=417 X163=192 X164=241 X165=463 X166=94 X167=79 X168=573 X169=563 X170=508 X171=223 X172=166 X173=439 X174=575 X175=586 X176=113 X177=262 X178=322 X179=401 X180=480 X181=70 X182=61 X183=436 X184=392 X185=381 X186=46 X187=408 X188=591 X189=141 X190=368 X191=543 X192=40 X193=89 X194=68 X195=63 X196=519 X197=337 X198=377 X199=454 X200=26 X201=542 X202=303 X203=358 X204=321 X205=346 X206=429 X207=282 X208=257 X209=220 X210=134 X211=203 X212=74 X213=226 X214=398 X215=29 X216=576 X217=344 X218=114 X219=121 X220=294 X221=385 X222=442 X223=306 X224=554 X225=590 X226=173 X227=120 X228=329 X229=287 X230=546 X231=409 X232=280 X233=537 X234=467 X235=555 X236=10 X237=540 X238=252 X239=45 

    solution X0=387 X1=325 X2=572 X3=443 X4=509 X5=228 X6=547 X7=574 X8=435 X9=323 X10=178 X11=415 X12=460 X13=132 X14=316 X15=271 X16=588 X17=310 X18=550 X19=30 X20=432 X21=218 X22=362 X23=80 X24=146 X25=211 X26=431 X27=14 X28=174 X29=594 X30=24 X31=71 X32=521 X33=365 X34=95 X35=6 X36=118 X37=518 X38=58 X39=426 X40=200 X41=0 X42=209 X43=544 X44=177 X45=161 X46=224 X47=383 X48=276 X49=360 X50=445 X51=363 X52=372 X53=421 X54=419 X55=492 X56=514 X57=455 X58=8 X59=75 X60=552 X61=196 X62=284 X63=72 X64=205 X65=274 X66=504 X67=7 X68=234 X69=247 X70=248 X71=472 X72=103 X73=151 X74=351 X75=566 X76=528 X77=394 X78=361 X79=512 X80=100 X81=4 X82=304 X83=183 X84=295 X85=152 X86=82 X87=411 X88=16 X89=599 X90=217 X91=513 X92=69 X93=86 X94=39 X95=525 X96=595 X97=494 X98=380 X99=490 X100=484 X101=119 X102=340 X103=326 X104=349 X105=110 X106=66 X107=147 X108=493 X109=475 X110=129 X111=138 X112=182 X113=155 X114=164 X115=76 X116=457 X117=539 X118=299 X119=386 X120=23 X121=123 X122=243 X123=153 X124=254 X125=404 X126=171 X127=232 X128=336 X129=108 X130=255 X131=292 X132=157 X133=277 X134=210 X135=175 X136=3 X137=388 X138=596 X139=511 X140=474 X141=41 X142=478 X143=440 X144=59 X145=90 X146=314 X147=352 X148=395 X149=278 X150=331 X151=335 X152=507 X153=556 X154=112 X155=427 X156=489 X157=482 X158=102 X159=309 X160=465 X161=77 X162=417 X163=192 X164=241 X165=463 X166=94 X167=79 X168=573 X169=563 X170=508 X171=223 X172=166 X173=439 X174=575 X175=586 X176=113 X177=262 X178=322 X179=401 X180=480 X181=70 X182=61 X183=436 X184=392 X185=381 X186=46 X187=408 X188=591 X189=141 X190=368 X191=543 X192=40 X193=89 X194=68 X195=63 X196=519 X197=337 X198=377 X199=454 X200=26 X201=542 X202=303 X203=358 X204=321 X205=346 X206=429 X207=282 X208=257 X209=220 X210=134 X211=203 X212=74 X213=226 X214=398 X215=29 X216=576 X217=344 X218=114 X219=121 X220=294 X221=385 X222=442 X223=306 X224=554 X225=590 X226=173 X227=120 X228=329 X229=287 X230=546 X231=409 X232=280 X233=537 X234=467 X235=555 X236=10 X237=540 X238=252 X239=45 

   
   search
        run=0  nbConstraintChecks=5485  depth=(min:0,max:239,avg:3)  nbEffectivePropagations=6936159  nbRevisions=165089849  nbUselessRevisions=159667939
        nbAssignments=40998  nbFailedAssignments=37129  nbBacktracks=3629  nbVisitedNodes=80819  nbRestartNogoods=0  nbFoundSolutions=1
        upperBound=9223372036854775807
          =>  wckTime=31345.128  cpuTime=31082.953  mem=119M13

   
   global
        nbConstraintChecks=5485  nbEffectivePropagations=6936159  nbRevisions=165089849  nbUselessRevisions=159667939  nbRestartNogoods=0
        solvingWckTime=31345.129  expiredTime=no  totalExploration=no  nbFoundSolutions=1  firstSolutionCpuTime=31082.943  Stop=REACHED_GOAL
          =>  wckTime=31352.299  cpuTime=31082.954  mem=119M13

s SATISFIABLE
v X0=387 X1=325 X2=572 X3=443 X4=509 X5=228 X6=547 X7=574 X8=435 X9=323 X10=178 X11=415 X12=460 X13=132 X14=316 X15=271 X16=588 X17=310 X18=550 X19=30 X20=432 X21=218 X22=362 X23=80 X24=146 X25=211 X26=431 X27=14 X28=174 X29=594 X30=24 X31=71 X32=521 X33=365 X34=95 X35=6 X36=118 X37=518 X38=58 X39=426 X40=200 X41=0 X42=209 X43=544 X44=177 X45=161 X46=224 X47=383 X48=276 X49=360 X50=445 X51=363 X52=372 X53=421 X54=419 X55=492 X56=514 X57=455 X58=8 X59=75 X60=552 X61=196 X62=284 X63=72 X64=205 X65=274 X66=504 X67=7 X68=234 X69=247 X70=248 X71=472 X72=103 X73=151 X74=351 X75=566 X76=528 X77=394 X78=361 X79=512 X80=100 X81=4 X82=304 X83=183 X84=295 X85=152 X86=82 X87=411 X88=16 X89=599 X90=217 X91=513 X92=69 X93=86 X94=39 X95=525 X96=595 X97=494 X98=380 X99=490 X100=484 X101=119 X102=340 X103=326 X104=349 X105=110 X106=66 X107=147 X108=493 X109=475 X110=129 X111=138 X112=182 X113=155 X114=164 X115=76 X116=457 X117=539 X118=299 X119=386 X120=23 X121=123 X122=243 X123=153 X124=254 X125=404 X126=171 X127=232 X128=336 X129=108 X130=255 X131=292 X132=157 X133=277 X134=210 X135=175 X136=3 X137=388 X138=596 X139=511 X140=474 X141=41 X142=478 X143=440 X144=59 X145=90 X146=314 X147=352 X148=395 X149=278 X150=331 X151=335 X152=507 X153=556 X154=112 X155=427 X156=489 X157=482 X158=102 X159=309 X160=465 X161=77 X162=417 X163=192 X164=241 X165=463 X166=94 X167=79 X168=573 X169=563 X170=508 X171=223 X172=166 X173=439 X174=575 X175=586 X176=113 X177=262 X178=322 X179=401 X180=480 X181=70 X182=61 X183=436 X184=392 X185=381 X186=46 X187=408 X188=591 X189=141 X190=368 X191=543 X192=40 X193=89 X194=68 X195=63 X196=519 X197=337 X198=377 X199=454 X200=26 X201=542 X202=303 X203=358 X204=321 X205=346 X206=429 X207=282 X208=257 X209=220 X210=134 X211=203 X212=74 X213=226 X214=398 X215=29 X216=576 X217=344 X218=114 X219=121 X220=294 X221=385 X222=442 X223=306 X224=554 X225=590 X226=173 X227=120 X228=329 X229=287 X230=546 X231=409 X232=280 X233=537 X234=467 X235=555 X236=10 X237=540 X238=252 X239=45 
d NODES 40998

   totalWckTime=31352.2  totalCpuTime=31082.954
