
   AbsCon 1.41 (January, 2014) - defaultConfiguration

   
   instance
        framework=CSP  name=Isomorphism-/cluster/gpg/ciaran/sip-benchmarks/benchmarks/si4_rand_r005_600/si4_r005_m600.06/pattern-/cluster/gpg/ciaran/sip-benchmarks/benchmarks/si4_rand_r005_600/si4_r005_m600.06/target
        parameters=/cluster/gpg/ciaran/sip-benchmarks/benchmarks/si4_rand_r005_600/si4_r005_m600.06/pattern,/cluster/gpg/ciaran/sip-benchmarks/benchmarks/si4_rand_r005_600/si4_r005_m600.06/target
      

   loading variables...
        nbVariables=240  nbDomainTypes=1  nbTotalValues=144000  domainSizes=(600:240)
          =>  wckTime=0.242  cpuTime=0.331  mem=12M939

   loading objectives...

   loading constraints...
        nbConstraints=2794  nbSpecificConstraints=1  nbExtensionStructures=(1,shared:2792)  nbConflictsStructures=(1,shared:2792,unbuilt:1)
        degrees=(13:1)(15:1)(16:6)...(34:1)(35:2)(37:1)  arities=(2:2793)(240:1)  types=(AllDifferent:1)(ConstraintHardExtensionV-Bits:2793)
          =>  wckTime=3.698  cpuTime=3.722  mem=64M584

   INFO : <!-- Start saving the XML representation -->

   INFO : <!-- Stop saving the XML representation of target.xml -->

   Solver SolverBacktrack being built... 
          =>  wckTime=4.117  cpuTime=4.106  mem=130M311

    instantiation X0=486 X1=569 X2=387 X3=60 X4=561 X5=264 X6=162 X7=423 X8=95 X9=91 X10=111 X11=480 X12=437 X13=312 X14=36 X15=538 X16=252 X17=318 X18=94 X19=30 X20=272 X21=505 X22=279 X23=490 X24=515 X25=273 X26=498 X27=449 X28=553 X29=150 X30=589 X31=431 X32=68 X33=584 X34=466 X35=304 X36=403 X37=380 X38=586 X39=370 X40=161 X41=9 X42=214 X43=469 X44=335 X45=501 X46=108 X47=221 X48=382 X49=444 X50=271 X51=373 X52=259 X53=98 X54=10 X55=389 X56=49 X57=495 X58=110 X59=534 X60=294 X61=576 X62=544 X63=393 X64=124 X65=315 X66=1 X67=296 X68=275 X69=285 X70=295 X71=510 X72=474 X73=192 X74=329 X75=228 X76=402 X77=251 X78=447 X79=483 X80=147 X81=308 X82=583 X83=97 X84=113 X85=311 X86=565 X87=177 X88=593 X89=114 X90=432 X91=310 X92=567 X93=263 X94=22 X95=217 X96=288 X97=426 X98=0 X99=284 X100=79 X101=173 X102=203 X103=281 X104=348 X105=439 X106=516 X107=100 X108=144 X109=184 X110=211 X111=513 X112=542 X113=61 X114=456 X115=142 X116=557 X117=492 X118=574 X119=535 X120=461 X121=65 X122=42 X123=479 X124=209 X125=511 X126=132 X127=202 X128=517 X129=556 X130=33 X131=305 X132=559 X133=319 X134=327 X135=358 X136=425 X137=158 X138=138 X139=249 X140=21 X141=3 X142=244 X143=87 X144=549 X145=533 X146=471 X147=361 X148=129 X149=169 X150=581 X151=5 X152=599 X153=306 X154=415 X155=50 X156=13 X157=262 X158=266 X159=109 X160=156 X161=337 X162=238 X163=484 X164=255 X165=11 X166=489 X167=15 X168=120 X169=430 X170=76 X171=463 X172=395 X173=278 X174=504 X175=421 X176=99 X177=588 X178=225 X179=247 X180=519 X181=496 X182=524 X183=451 X184=149 X185=532 X186=127 X187=401 X188=541 X189=6 X190=420 X191=112 X192=181 X193=390 X194=14 X195=493 X196=494 X197=307 X198=269 X199=195 X200=261 X201=182 X202=564 X203=81 X204=241 X205=258 X206=526 X207=210 X208=230 X209=43 X210=39 X211=105 X212=157 X213=90 X214=63 X215=85 X216=128 X217=396 X218=62 X219=356 X220=165 X221=185 X222=328 X223=497 X224=374 X225=371 X226=550 X227=234 X228=499 X229=204 X230=314 X231=136 X232=215 X233=442 X234=578 X235=176 X236=502 X237=18 X238=245 X239=193 

    solution X0=486 X1=569 X2=387 X3=60 X4=561 X5=264 X6=162 X7=423 X8=95 X9=91 X10=111 X11=480 X12=437 X13=312 X14=36 X15=538 X16=252 X17=318 X18=94 X19=30 X20=272 X21=505 X22=279 X23=490 X24=515 X25=273 X26=498 X27=449 X28=553 X29=150 X30=589 X31=431 X32=68 X33=584 X34=466 X35=304 X36=403 X37=380 X38=586 X39=370 X40=161 X41=9 X42=214 X43=469 X44=335 X45=501 X46=108 X47=221 X48=382 X49=444 X50=271 X51=373 X52=259 X53=98 X54=10 X55=389 X56=49 X57=495 X58=110 X59=534 X60=294 X61=576 X62=544 X63=393 X64=124 X65=315 X66=1 X67=296 X68=275 X69=285 X70=295 X71=510 X72=474 X73=192 X74=329 X75=228 X76=402 X77=251 X78=447 X79=483 X80=147 X81=308 X82=583 X83=97 X84=113 X85=311 X86=565 X87=177 X88=593 X89=114 X90=432 X91=310 X92=567 X93=263 X94=22 X95=217 X96=288 X97=426 X98=0 X99=284 X100=79 X101=173 X102=203 X103=281 X104=348 X105=439 X106=516 X107=100 X108=144 X109=184 X110=211 X111=513 X112=542 X113=61 X114=456 X115=142 X116=557 X117=492 X118=574 X119=535 X120=461 X121=65 X122=42 X123=479 X124=209 X125=511 X126=132 X127=202 X128=517 X129=556 X130=33 X131=305 X132=559 X133=319 X134=327 X135=358 X136=425 X137=158 X138=138 X139=249 X140=21 X141=3 X142=244 X143=87 X144=549 X145=533 X146=471 X147=361 X148=129 X149=169 X150=581 X151=5 X152=599 X153=306 X154=415 X155=50 X156=13 X157=262 X158=266 X159=109 X160=156 X161=337 X162=238 X163=484 X164=255 X165=11 X166=489 X167=15 X168=120 X169=430 X170=76 X171=463 X172=395 X173=278 X174=504 X175=421 X176=99 X177=588 X178=225 X179=247 X180=519 X181=496 X182=524 X183=451 X184=149 X185=532 X186=127 X187=401 X188=541 X189=6 X190=420 X191=112 X192=181 X193=390 X194=14 X195=493 X196=494 X197=307 X198=269 X199=195 X200=261 X201=182 X202=564 X203=81 X204=241 X205=258 X206=526 X207=210 X208=230 X209=43 X210=39 X211=105 X212=157 X213=90 X214=63 X215=85 X216=128 X217=396 X218=62 X219=356 X220=165 X221=185 X222=328 X223=497 X224=374 X225=371 X226=550 X227=234 X228=499 X229=204 X230=314 X231=136 X232=215 X233=442 X234=578 X235=176 X236=502 X237=18 X238=245 X239=193 

   
   search
        run=0  nbConstraintChecks=2794  depth=(min:0,max:239,avg:2)  nbEffectivePropagations=1084153  nbRevisions=17695150  nbUselessRevisions=16848792
        nbAssignments=10587  nbFailedAssignments=9816  nbBacktracks=531  nbVisitedNodes=20816  nbRestartNogoods=0  nbFoundSolutions=1
        upperBound=9223372036854775807
          =>  wckTime=4165.344  cpuTime=4138.557  mem=120M71

   
   global
        nbConstraintChecks=2794  nbEffectivePropagations=1084153  nbRevisions=17695150  nbUselessRevisions=16848792  nbRestartNogoods=0
        solvingWckTime=4165.345  expiredTime=no  totalExploration=no  nbFoundSolutions=1  firstSolutionCpuTime=4138.548  Stop=REACHED_GOAL
          =>  wckTime=4169.462  cpuTime=4138.558  mem=120M71

s SATISFIABLE
v X0=486 X1=569 X2=387 X3=60 X4=561 X5=264 X6=162 X7=423 X8=95 X9=91 X10=111 X11=480 X12=437 X13=312 X14=36 X15=538 X16=252 X17=318 X18=94 X19=30 X20=272 X21=505 X22=279 X23=490 X24=515 X25=273 X26=498 X27=449 X28=553 X29=150 X30=589 X31=431 X32=68 X33=584 X34=466 X35=304 X36=403 X37=380 X38=586 X39=370 X40=161 X41=9 X42=214 X43=469 X44=335 X45=501 X46=108 X47=221 X48=382 X49=444 X50=271 X51=373 X52=259 X53=98 X54=10 X55=389 X56=49 X57=495 X58=110 X59=534 X60=294 X61=576 X62=544 X63=393 X64=124 X65=315 X66=1 X67=296 X68=275 X69=285 X70=295 X71=510 X72=474 X73=192 X74=329 X75=228 X76=402 X77=251 X78=447 X79=483 X80=147 X81=308 X82=583 X83=97 X84=113 X85=311 X86=565 X87=177 X88=593 X89=114 X90=432 X91=310 X92=567 X93=263 X94=22 X95=217 X96=288 X97=426 X98=0 X99=284 X100=79 X101=173 X102=203 X103=281 X104=348 X105=439 X106=516 X107=100 X108=144 X109=184 X110=211 X111=513 X112=542 X113=61 X114=456 X115=142 X116=557 X117=492 X118=574 X119=535 X120=461 X121=65 X122=42 X123=479 X124=209 X125=511 X126=132 X127=202 X128=517 X129=556 X130=33 X131=305 X132=559 X133=319 X134=327 X135=358 X136=425 X137=158 X138=138 X139=249 X140=21 X141=3 X142=244 X143=87 X144=549 X145=533 X146=471 X147=361 X148=129 X149=169 X150=581 X151=5 X152=599 X153=306 X154=415 X155=50 X156=13 X157=262 X158=266 X159=109 X160=156 X161=337 X162=238 X163=484 X164=255 X165=11 X166=489 X167=15 X168=120 X169=430 X170=76 X171=463 X172=395 X173=278 X174=504 X175=421 X176=99 X177=588 X178=225 X179=247 X180=519 X181=496 X182=524 X183=451 X184=149 X185=532 X186=127 X187=401 X188=541 X189=6 X190=420 X191=112 X192=181 X193=390 X194=14 X195=493 X196=494 X197=307 X198=269 X199=195 X200=261 X201=182 X202=564 X203=81 X204=241 X205=258 X206=526 X207=210 X208=230 X209=43 X210=39 X211=105 X212=157 X213=90 X214=63 X215=85 X216=128 X217=396 X218=62 X219=356 X220=165 X221=185 X222=328 X223=497 X224=374 X225=371 X226=550 X227=234 X228=499 X229=204 X230=314 X231=136 X232=215 X233=442 X234=578 X235=176 X236=502 X237=18 X238=245 X239=193 
d NODES 10587

   totalWckTime=4169.344  totalCpuTime=4138.558
