
   AbsCon 1.41 (January, 2014) - defaultConfiguration

   
   instance
        framework=CSP  name=Isomorphism-/cluster/gpg/ciaran/sip-benchmarks/benchmarks/si4_bvg_b03m_400/si4_b03m_m400.04/pattern-/cluster/gpg/ciaran/sip-benchmarks/benchmarks/si4_bvg_b03m_400/si4_b03m_m400.04/target
        parameters=/cluster/gpg/ciaran/sip-benchmarks/benchmarks/si4_bvg_b03m_400/si4_b03m_m400.04/pattern,/cluster/gpg/ciaran/sip-benchmarks/benchmarks/si4_bvg_b03m_400/si4_b03m_m400.04/target
      

   loading variables...
        nbVariables=160  nbDomainTypes=1  nbTotalValues=64000  domainSizes=(400:160)
          =>  wckTime=0.192  cpuTime=0.305  mem=5M890

   loading objectives...

   loading constraints...
        nbConstraints=204  nbSpecificConstraints=1  nbExtensionStructures=(1,shared:202)  nbConflictsStructures=(1,shared:202,unbuilt:1)
        degrees=(2:42)(3:39)(4:66)...(10:1)(13:1)(15:1)  arities=(2:203)(160:1)  types=(AllDifferent:1)(ConstraintHardExtensionV-Bits:203)
          =>  wckTime=0.28  cpuTime=0.392  mem=13M45

   INFO : <!-- Start saving the XML representation -->

   INFO : <!-- Stop saving the XML representation of target.xml -->

   Solver SolverBacktrack being built... 
          =>  wckTime=0.524  cpuTime=0.603  mem=21M994

    instantiation X0=0 X1=42 X2=45 X3=49 X4=63 X5=66 X6=77 X7=150 X8=189 X9=297 X10=97 X11=215 X12=47 X13=109 X14=283 X15=398 X16=40 X17=375 X18=311 X19=380 X20=321 X21=56 X22=123 X23=128 X24=13 X25=141 X26=3 X27=166 X28=388 X29=365 X30=2 X31=300 X32=222 X33=10 X34=67 X35=298 X36=326 X37=100 X38=327 X39=346 X40=390 X41=57 X42=376 X43=8 X44=193 X45=234 X46=251 X47=295 X48=394 X49=34 X50=81 X51=89 X52=93 X53=126 X54=272 X55=291 X56=337 X57=345 X58=353 X59=387 X60=21 X61=344 X62=105 X63=216 X64=393 X65=19 X66=23 X67=26 X68=44 X69=134 X70=171 X71=194 X72=207 X73=316 X74=358 X75=61 X76=37 X77=106 X78=142 X79=210 X80=248 X81=325 X82=29 X83=373 X84=16 X85=266 X86=212 X87=271 X88=310 X89=161 X90=43 X91=83 X92=313 X93=349 X94=244 X95=270 X96=366 X97=290 X98=382 X99=160 X100=357 X101=58 X102=68 X103=317 X104=6 X105=276 X106=196 X107=15 X108=218 X109=1 X110=383 X111=87 X112=342 X113=149 X114=260 X115=253 X116=225 X117=74 X118=172 X119=241 X120=245 X121=192 X122=370 X123=127 X124=158 X125=183 X126=278 X127=392 X128=147 X129=220 X130=256 X131=274 X132=289 X133=121 X134=53 X135=11 X136=229 X137=62 X138=115 X139=280 X140=46 X141=338 X142=125 X143=395 X144=259 X145=336 X146=348 X147=233 X148=232 X149=323 X150=324 X151=39 X152=182 X153=4 X154=38 X155=197 X156=284 X157=246 X158=371 X159=273 

    solution X0=0 X1=42 X2=45 X3=49 X4=63 X5=66 X6=77 X7=150 X8=189 X9=297 X10=97 X11=215 X12=47 X13=109 X14=283 X15=398 X16=40 X17=375 X18=311 X19=380 X20=321 X21=56 X22=123 X23=128 X24=13 X25=141 X26=3 X27=166 X28=388 X29=365 X30=2 X31=300 X32=222 X33=10 X34=67 X35=298 X36=326 X37=100 X38=327 X39=346 X40=390 X41=57 X42=376 X43=8 X44=193 X45=234 X46=251 X47=295 X48=394 X49=34 X50=81 X51=89 X52=93 X53=126 X54=272 X55=291 X56=337 X57=345 X58=353 X59=387 X60=21 X61=344 X62=105 X63=216 X64=393 X65=19 X66=23 X67=26 X68=44 X69=134 X70=171 X71=194 X72=207 X73=316 X74=358 X75=61 X76=37 X77=106 X78=142 X79=210 X80=248 X81=325 X82=29 X83=373 X84=16 X85=266 X86=212 X87=271 X88=310 X89=161 X90=43 X91=83 X92=313 X93=349 X94=244 X95=270 X96=366 X97=290 X98=382 X99=160 X100=357 X101=58 X102=68 X103=317 X104=6 X105=276 X106=196 X107=15 X108=218 X109=1 X110=383 X111=87 X112=342 X113=149 X114=260 X115=253 X116=225 X117=74 X118=172 X119=241 X120=245 X121=192 X122=370 X123=127 X124=158 X125=183 X126=278 X127=392 X128=147 X129=220 X130=256 X131=274 X132=289 X133=121 X134=53 X135=11 X136=229 X137=62 X138=115 X139=280 X140=46 X141=338 X142=125 X143=395 X144=259 X145=336 X146=348 X147=233 X148=232 X149=323 X150=324 X151=39 X152=182 X153=4 X154=38 X155=197 X156=284 X157=246 X158=371 X159=273 

   
   search
        run=0  nbConstraintChecks=204  depth=(min:0,max:159,avg:1)  nbEffectivePropagations=133  nbRevisions=724  nbUselessRevisions=696
        nbAssignments=163  nbFailedAssignments=3  nbBacktracks=0  nbVisitedNodes=167  nbRestartNogoods=0  nbFoundSolutions=1
        upperBound=9223372036854775807
          =>  wckTime=3.15  cpuTime=3.652  mem=241M903

   
   global
        nbConstraintChecks=204  nbEffectivePropagations=133  nbRevisions=724  nbUselessRevisions=696  nbRestartNogoods=0  solvingWckTime=3.151
        expiredTime=no  totalExploration=no  nbFoundSolutions=1  firstSolutionCpuTime=3.643  Stop=REACHED_GOAL
          =>  wckTime=3.676  cpuTime=3.653  mem=241M903

s SATISFIABLE
v X0=0 X1=42 X2=45 X3=49 X4=63 X5=66 X6=77 X7=150 X8=189 X9=297 X10=97 X11=215 X12=47 X13=109 X14=283 X15=398 X16=40 X17=375 X18=311 X19=380 X20=321 X21=56 X22=123 X23=128 X24=13 X25=141 X26=3 X27=166 X28=388 X29=365 X30=2 X31=300 X32=222 X33=10 X34=67 X35=298 X36=326 X37=100 X38=327 X39=346 X40=390 X41=57 X42=376 X43=8 X44=193 X45=234 X46=251 X47=295 X48=394 X49=34 X50=81 X51=89 X52=93 X53=126 X54=272 X55=291 X56=337 X57=345 X58=353 X59=387 X60=21 X61=344 X62=105 X63=216 X64=393 X65=19 X66=23 X67=26 X68=44 X69=134 X70=171 X71=194 X72=207 X73=316 X74=358 X75=61 X76=37 X77=106 X78=142 X79=210 X80=248 X81=325 X82=29 X83=373 X84=16 X85=266 X86=212 X87=271 X88=310 X89=161 X90=43 X91=83 X92=313 X93=349 X94=244 X95=270 X96=366 X97=290 X98=382 X99=160 X100=357 X101=58 X102=68 X103=317 X104=6 X105=276 X106=196 X107=15 X108=218 X109=1 X110=383 X111=87 X112=342 X113=149 X114=260 X115=253 X116=225 X117=74 X118=172 X119=241 X120=245 X121=192 X122=370 X123=127 X124=158 X125=183 X126=278 X127=392 X128=147 X129=220 X130=256 X131=274 X132=289 X133=121 X134=53 X135=11 X136=229 X137=62 X138=115 X139=280 X140=46 X141=338 X142=125 X143=395 X144=259 X145=336 X146=348 X147=233 X148=232 X149=323 X150=324 X151=39 X152=182 X153=4 X154=38 X155=197 X156=284 X157=246 X158=371 X159=273 
d NODES 163

   totalWckTime=3.586  totalCpuTime=3.653
