
   AbsCon 1.41 (January, 2014) - defaultConfiguration

   
   instance
        framework=CSP  name=Isomorphism-/cluster/gpg/ciaran/sip-benchmarks/benchmarks/si4_m4D_m4Dr4_625/si4_m4Dr4_m625.04/pattern-/cluster/gpg/ciaran/sip-benchmarks/benchmarks/si4_m4D_m4Dr4_625/si4_m4Dr4_m625.04/target
        parameters=/cluster/gpg/ciaran/sip-benchmarks/benchmarks/si4_m4D_m4Dr4_625/si4_m4Dr4_m625.04/pattern,/cluster/gpg/ciaran/sip-benchmarks/benchmarks/si4_m4D_m4Dr4_625/si4_m4Dr4_m625.04/target
      

   loading variables...
        nbVariables=250  nbDomainTypes=1  nbTotalValues=156250  domainSizes=(625:250)
          =>  wckTime=0.243  cpuTime=0.358  mem=10M941

   loading objectives...

   loading constraints...
        nbConstraints=541  nbSpecificConstraints=1  nbExtensionStructures=(1,shared:539)  nbConflictsStructures=(1,shared:539,unbuilt:1)
        degrees=(2:26)(3:31)(4:50)...(10:7)(11:1)(12:1)  arities=(2:540)(250:1)  types=(AllDifferent:1)(ConstraintHardExtensionV-Bits:540)
          =>  wckTime=0.497  cpuTime=0.603  mem=31M132

   INFO : <!-- Start saving the XML representation -->

   INFO : <!-- Stop saving the XML representation of target.xml -->

   Solver SolverBacktrack being built... 
          =>  wckTime=0.884  cpuTime=0.955  mem=38M367

    instantiation X0=0 X1=94 X2=188 X3=343 X4=351 X5=358 X6=433 X7=434 X8=477 X9=3 X10=38 X11=40 X12=160 X13=182 X14=480 X15=518 X16=550 X17=42 X18=43 X19=59 X20=286 X21=316 X22=398 X23=593 X24=181 X25=264 X26=418 X27=592 X28=610 X29=130 X30=355 X31=360 X32=456 X33=585 X34=614 X35=37 X36=74 X37=115 X38=173 X39=177 X40=527 X41=622 X42=15 X43=579 X44=607 X45=422 X46=273 X47=287 X48=391 X49=448 X50=558 X51=46 X52=60 X53=164 X54=382 X55=392 X56=541 X57=18 X58=210 X59=291 X60=498 X61=553 X62=254 X63=318 X64=559 X65=221 X66=227 X67=523 X68=568 X69=619 X70=580 X71=271 X72=197 X73=280 X74=474 X75=539 X76=591 X77=16 X78=23 X79=208 X80=231 X81=407 X82=471 X83=380 X84=483 X85=567 X86=578 X87=146 X88=234 X89=32 X90=124 X91=165 X92=246 X93=259 X94=374 X95=602 X96=5 X97=71 X98=245 X99=460 X100=504 X101=350 X102=561 X103=265 X104=322 X105=603 X106=340 X107=411 X108=7 X109=320 X110=337 X111=376 X112=490 X113=167 X114=178 X115=187 X116=194 X117=416 X118=325 X119=331 X120=525 X121=526 X122=594 X123=238 X124=408 X125=277 X126=29 X127=152 X128=216 X129=436 X130=542 X131=4 X132=403 X133=438 X134=111 X135=141 X136=371 X137=437 X138=476 X139=546 X140=220 X141=39 X142=129 X143=205 X144=213 X145=261 X146=365 X147=621 X148=12 X149=333 X150=432 X151=401 X152=461 X153=275 X154=556 X155=126 X156=157 X157=243 X158=36 X159=139 X160=402 X161=405 X162=452 X163=571 X164=62 X165=223 X166=44 X167=185 X168=281 X169=312 X170=444 X171=330 X172=478 X173=515 X174=618 X175=183 X176=191 X177=389 X178=76 X179=118 X180=156 X181=563 X182=66 X183=232 X184=455 X185=35 X186=248 X187=613 X188=30 X189=45 X190=368 X191=384 X192=535 X193=31 X194=55 X195=90 X196=272 X197=583 X198=341 X199=491 X200=569 X201=269 X202=25 X203=117 X204=278 X205=64 X206=114 X207=136 X208=190 X209=56 X210=61 X211=170 X212=255 X213=387 X214=530 X215=423 X216=481 X217=606 X218=598 X219=50 X220=97 X221=479 X222=72 X223=108 X224=86 X225=564 X226=179 X227=373 X228=524 X229=487 X230=67 X231=285 X232=233 X233=47 X234=77 X235=250 X236=482 X237=268 X238=132 X239=206 X240=237 X241=519 X242=149 X243=169 X244=587 X245=214 X246=229 X247=310 X248=21 X249=85 

    solution X0=0 X1=94 X2=188 X3=343 X4=351 X5=358 X6=433 X7=434 X8=477 X9=3 X10=38 X11=40 X12=160 X13=182 X14=480 X15=518 X16=550 X17=42 X18=43 X19=59 X20=286 X21=316 X22=398 X23=593 X24=181 X25=264 X26=418 X27=592 X28=610 X29=130 X30=355 X31=360 X32=456 X33=585 X34=614 X35=37 X36=74 X37=115 X38=173 X39=177 X40=527 X41=622 X42=15 X43=579 X44=607 X45=422 X46=273 X47=287 X48=391 X49=448 X50=558 X51=46 X52=60 X53=164 X54=382 X55=392 X56=541 X57=18 X58=210 X59=291 X60=498 X61=553 X62=254 X63=318 X64=559 X65=221 X66=227 X67=523 X68=568 X69=619 X70=580 X71=271 X72=197 X73=280 X74=474 X75=539 X76=591 X77=16 X78=23 X79=208 X80=231 X81=407 X82=471 X83=380 X84=483 X85=567 X86=578 X87=146 X88=234 X89=32 X90=124 X91=165 X92=246 X93=259 X94=374 X95=602 X96=5 X97=71 X98=245 X99=460 X100=504 X101=350 X102=561 X103=265 X104=322 X105=603 X106=340 X107=411 X108=7 X109=320 X110=337 X111=376 X112=490 X113=167 X114=178 X115=187 X116=194 X117=416 X118=325 X119=331 X120=525 X121=526 X122=594 X123=238 X124=408 X125=277 X126=29 X127=152 X128=216 X129=436 X130=542 X131=4 X132=403 X133=438 X134=111 X135=141 X136=371 X137=437 X138=476 X139=546 X140=220 X141=39 X142=129 X143=205 X144=213 X145=261 X146=365 X147=621 X148=12 X149=333 X150=432 X151=401 X152=461 X153=275 X154=556 X155=126 X156=157 X157=243 X158=36 X159=139 X160=402 X161=405 X162=452 X163=571 X164=62 X165=223 X166=44 X167=185 X168=281 X169=312 X170=444 X171=330 X172=478 X173=515 X174=618 X175=183 X176=191 X177=389 X178=76 X179=118 X180=156 X181=563 X182=66 X183=232 X184=455 X185=35 X186=248 X187=613 X188=30 X189=45 X190=368 X191=384 X192=535 X193=31 X194=55 X195=90 X196=272 X197=583 X198=341 X199=491 X200=569 X201=269 X202=25 X203=117 X204=278 X205=64 X206=114 X207=136 X208=190 X209=56 X210=61 X211=170 X212=255 X213=387 X214=530 X215=423 X216=481 X217=606 X218=598 X219=50 X220=97 X221=479 X222=72 X223=108 X224=86 X225=564 X226=179 X227=373 X228=524 X229=487 X230=67 X231=285 X232=233 X233=47 X234=77 X235=250 X236=482 X237=268 X238=132 X239=206 X240=237 X241=519 X242=149 X243=169 X244=587 X245=214 X246=229 X247=310 X248=21 X249=85 

   
   search
        run=0  nbConstraintChecks=541  depth=(min:0,max:249,avg:1)  nbEffectivePropagations=4029  nbRevisions=28174  nbUselessRevisions=24213
        nbAssignments=829  nbFailedAssignments=579  nbBacktracks=0  nbVisitedNodes=1409  nbRestartNogoods=0  nbFoundSolutions=1
        upperBound=9223372036854775807
          =>  wckTime=26.437  cpuTime=27.07  mem=203M246

   
   global
        nbConstraintChecks=541  nbEffectivePropagations=4029  nbRevisions=28174  nbUselessRevisions=24213  nbRestartNogoods=0
        solvingWckTime=26.438  expiredTime=no  totalExploration=no  nbFoundSolutions=1  firstSolutionCpuTime=27.064  Stop=REACHED_GOAL
          =>  wckTime=27.322  cpuTime=27.07  mem=203M246

s SATISFIABLE
v X0=0 X1=94 X2=188 X3=343 X4=351 X5=358 X6=433 X7=434 X8=477 X9=3 X10=38 X11=40 X12=160 X13=182 X14=480 X15=518 X16=550 X17=42 X18=43 X19=59 X20=286 X21=316 X22=398 X23=593 X24=181 X25=264 X26=418 X27=592 X28=610 X29=130 X30=355 X31=360 X32=456 X33=585 X34=614 X35=37 X36=74 X37=115 X38=173 X39=177 X40=527 X41=622 X42=15 X43=579 X44=607 X45=422 X46=273 X47=287 X48=391 X49=448 X50=558 X51=46 X52=60 X53=164 X54=382 X55=392 X56=541 X57=18 X58=210 X59=291 X60=498 X61=553 X62=254 X63=318 X64=559 X65=221 X66=227 X67=523 X68=568 X69=619 X70=580 X71=271 X72=197 X73=280 X74=474 X75=539 X76=591 X77=16 X78=23 X79=208 X80=231 X81=407 X82=471 X83=380 X84=483 X85=567 X86=578 X87=146 X88=234 X89=32 X90=124 X91=165 X92=246 X93=259 X94=374 X95=602 X96=5 X97=71 X98=245 X99=460 X100=504 X101=350 X102=561 X103=265 X104=322 X105=603 X106=340 X107=411 X108=7 X109=320 X110=337 X111=376 X112=490 X113=167 X114=178 X115=187 X116=194 X117=416 X118=325 X119=331 X120=525 X121=526 X122=594 X123=238 X124=408 X125=277 X126=29 X127=152 X128=216 X129=436 X130=542 X131=4 X132=403 X133=438 X134=111 X135=141 X136=371 X137=437 X138=476 X139=546 X140=220 X141=39 X142=129 X143=205 X144=213 X145=261 X146=365 X147=621 X148=12 X149=333 X150=432 X151=401 X152=461 X153=275 X154=556 X155=126 X156=157 X157=243 X158=36 X159=139 X160=402 X161=405 X162=452 X163=571 X164=62 X165=223 X166=44 X167=185 X168=281 X169=312 X170=444 X171=330 X172=478 X173=515 X174=618 X175=183 X176=191 X177=389 X178=76 X179=118 X180=156 X181=563 X182=66 X183=232 X184=455 X185=35 X186=248 X187=613 X188=30 X189=45 X190=368 X191=384 X192=535 X193=31 X194=55 X195=90 X196=272 X197=583 X198=341 X199=491 X200=569 X201=269 X202=25 X203=117 X204=278 X205=64 X206=114 X207=136 X208=190 X209=56 X210=61 X211=170 X212=255 X213=387 X214=530 X215=423 X216=481 X217=606 X218=598 X219=50 X220=97 X221=479 X222=72 X223=108 X224=86 X225=564 X226=179 X227=373 X228=524 X229=487 X230=67 X231=285 X232=233 X233=47 X234=77 X235=250 X236=482 X237=268 X238=132 X239=206 X240=237 X241=519 X242=149 X243=169 X244=587 X245=214 X246=229 X247=310 X248=21 X249=85 
d NODES 829

   totalWckTime=27.213  totalCpuTime=27.071
