
   AbsCon 1.41 (January, 2014) - defaultConfiguration

   
   instance
        framework=CSP  name=Isomorphism-/cluster/gpg/ciaran/sip-benchmarks/benchmarks/si4_rand_r001_400/si4_r001_m400.09/pattern-/cluster/gpg/ciaran/sip-benchmarks/benchmarks/si4_rand_r001_400/si4_r001_m400.09/target
        parameters=/cluster/gpg/ciaran/sip-benchmarks/benchmarks/si4_rand_r001_400/si4_r001_m400.09/pattern,/cluster/gpg/ciaran/sip-benchmarks/benchmarks/si4_rand_r001_400/si4_r001_m400.09/target
      

   loading variables...
        nbVariables=160  nbDomainTypes=1  nbTotalValues=64000  domainSizes=(400:160)
          =>  wckTime=0.186  cpuTime=0.308  mem=6M577

   loading objectives...

   loading constraints...
        nbConstraints=319  nbSpecificConstraints=1  nbExtensionStructures=(1,shared:317)  nbConflictsStructures=(1,shared:317,unbuilt:1)
        degrees=(2:18)(3:20)(4:37)...(10:3)(12:1)(13:1)  arities=(2:318)(160:1)  types=(AllDifferent:1)(ConstraintHardExtensionV-Bits:318)
          =>  wckTime=0.329  cpuTime=0.447  mem=17M559

   INFO : <!-- Start saving the XML representation -->

   INFO : <!-- Stop saving the XML representation of target.xml -->

   Solver SolverBacktrack being built... 
          =>  wckTime=0.592  cpuTime=0.669  mem=21M787

    instantiation X0=262 X1=210 X2=6 X3=72 X4=67 X5=396 X6=167 X7=7 X8=197 X9=214 X10=163 X11=176 X12=246 X13=39 X14=308 X15=324 X16=51 X17=49 X18=97 X19=388 X20=375 X21=20 X22=397 X23=364 X24=80 X25=367 X26=223 X27=54 X28=278 X29=127 X30=136 X31=194 X32=139 X33=30 X34=281 X35=206 X36=14 X37=143 X38=212 X39=269 X40=222 X41=376 X42=220 X43=226 X44=353 X45=114 X46=299 X47=395 X48=152 X49=333 X50=177 X51=349 X52=76 X53=356 X54=174 X55=58 X56=81 X57=57 X58=290 X59=312 X60=399 X61=13 X62=147 X63=73 X64=175 X65=347 X66=153 X67=287 X68=104 X69=148 X70=300 X71=101 X72=297 X73=202 X74=191 X75=59 X76=23 X77=89 X78=217 X79=0 X80=168 X81=17 X82=236 X83=22 X84=55 X85=283 X86=284 X87=276 X88=19 X89=40 X90=279 X91=292 X92=336 X93=362 X94=100 X95=165 X96=44 X97=66 X98=398 X99=227 X100=272 X101=370 X102=38 X103=172 X104=71 X105=16 X106=164 X107=322 X108=140 X109=110 X110=142 X111=230 X112=62 X113=2 X114=125 X115=82 X116=330 X117=282 X118=242 X119=188 X120=141 X121=86 X122=321 X123=342 X124=258 X125=107 X126=11 X127=145 X128=31 X129=249 X130=346 X131=69 X132=355 X133=47 X134=15 X135=169 X136=184 X137=103 X138=383 X139=225 X140=261 X141=320 X142=252 X143=120 X144=46 X145=374 X146=5 X147=381 X148=305 X149=87 X150=84 X151=41 X152=295 X153=106 X154=78 X155=235 X156=36 X157=83 X158=338 X159=68 

    solution X0=262 X1=210 X2=6 X3=72 X4=67 X5=396 X6=167 X7=7 X8=197 X9=214 X10=163 X11=176 X12=246 X13=39 X14=308 X15=324 X16=51 X17=49 X18=97 X19=388 X20=375 X21=20 X22=397 X23=364 X24=80 X25=367 X26=223 X27=54 X28=278 X29=127 X30=136 X31=194 X32=139 X33=30 X34=281 X35=206 X36=14 X37=143 X38=212 X39=269 X40=222 X41=376 X42=220 X43=226 X44=353 X45=114 X46=299 X47=395 X48=152 X49=333 X50=177 X51=349 X52=76 X53=356 X54=174 X55=58 X56=81 X57=57 X58=290 X59=312 X60=399 X61=13 X62=147 X63=73 X64=175 X65=347 X66=153 X67=287 X68=104 X69=148 X70=300 X71=101 X72=297 X73=202 X74=191 X75=59 X76=23 X77=89 X78=217 X79=0 X80=168 X81=17 X82=236 X83=22 X84=55 X85=283 X86=284 X87=276 X88=19 X89=40 X90=279 X91=292 X92=336 X93=362 X94=100 X95=165 X96=44 X97=66 X98=398 X99=227 X100=272 X101=370 X102=38 X103=172 X104=71 X105=16 X106=164 X107=322 X108=140 X109=110 X110=142 X111=230 X112=62 X113=2 X114=125 X115=82 X116=330 X117=282 X118=242 X119=188 X120=141 X121=86 X122=321 X123=342 X124=258 X125=107 X126=11 X127=145 X128=31 X129=249 X130=346 X131=69 X132=355 X133=47 X134=15 X135=169 X136=184 X137=103 X138=383 X139=225 X140=261 X141=320 X142=252 X143=120 X144=46 X145=374 X146=5 X147=381 X148=305 X149=87 X150=84 X151=41 X152=295 X153=106 X154=78 X155=235 X156=36 X157=83 X158=338 X159=68 

   
   search
        run=0  nbConstraintChecks=319  depth=(min:0,max:159,avg:1)  nbEffectivePropagations=38  nbRevisions=1004  nbUselessRevisions=998
        nbAssignments=167  nbFailedAssignments=7  nbBacktracks=0  nbVisitedNodes=175  nbRestartNogoods=0  nbFoundSolutions=1
        upperBound=9223372036854775807
          =>  wckTime=4.995  cpuTime=5.573  mem=208M339

   
   global
        nbConstraintChecks=319  nbEffectivePropagations=38  nbRevisions=1004  nbUselessRevisions=998  nbRestartNogoods=0  solvingWckTime=4.996
        expiredTime=no  totalExploration=no  nbFoundSolutions=1  firstSolutionCpuTime=5.569  Stop=REACHED_GOAL
          =>  wckTime=5.588  cpuTime=5.574  mem=208M339

s SATISFIABLE
v X0=262 X1=210 X2=6 X3=72 X4=67 X5=396 X6=167 X7=7 X8=197 X9=214 X10=163 X11=176 X12=246 X13=39 X14=308 X15=324 X16=51 X17=49 X18=97 X19=388 X20=375 X21=20 X22=397 X23=364 X24=80 X25=367 X26=223 X27=54 X28=278 X29=127 X30=136 X31=194 X32=139 X33=30 X34=281 X35=206 X36=14 X37=143 X38=212 X39=269 X40=222 X41=376 X42=220 X43=226 X44=353 X45=114 X46=299 X47=395 X48=152 X49=333 X50=177 X51=349 X52=76 X53=356 X54=174 X55=58 X56=81 X57=57 X58=290 X59=312 X60=399 X61=13 X62=147 X63=73 X64=175 X65=347 X66=153 X67=287 X68=104 X69=148 X70=300 X71=101 X72=297 X73=202 X74=191 X75=59 X76=23 X77=89 X78=217 X79=0 X80=168 X81=17 X82=236 X83=22 X84=55 X85=283 X86=284 X87=276 X88=19 X89=40 X90=279 X91=292 X92=336 X93=362 X94=100 X95=165 X96=44 X97=66 X98=398 X99=227 X100=272 X101=370 X102=38 X103=172 X104=71 X105=16 X106=164 X107=322 X108=140 X109=110 X110=142 X111=230 X112=62 X113=2 X114=125 X115=82 X116=330 X117=282 X118=242 X119=188 X120=141 X121=86 X122=321 X123=342 X124=258 X125=107 X126=11 X127=145 X128=31 X129=249 X130=346 X131=69 X132=355 X133=47 X134=15 X135=169 X136=184 X137=103 X138=383 X139=225 X140=261 X141=320 X142=252 X143=120 X144=46 X145=374 X146=5 X147=381 X148=305 X149=87 X150=84 X151=41 X152=295 X153=106 X154=78 X155=235 X156=36 X157=83 X158=338 X159=68 
d NODES 167

   totalWckTime=5.497  totalCpuTime=5.574
