
   AbsCon 1.41 (January, 2014) - defaultConfiguration

   
   instance
        framework=CSP  name=Isomorphism-/cluster/gpg/ciaran/sip-benchmarks/benchmarks/si4_bvg_b06m_400/si4_b06m_m400.06/pattern-/cluster/gpg/ciaran/sip-benchmarks/benchmarks/si4_bvg_b06m_400/si4_b06m_m400.06/target
        parameters=/cluster/gpg/ciaran/sip-benchmarks/benchmarks/si4_bvg_b06m_400/si4_b06m_m400.06/pattern,/cluster/gpg/ciaran/sip-benchmarks/benchmarks/si4_bvg_b06m_400/si4_b06m_m400.06/target
      

   loading variables...
        nbVariables=160  nbDomainTypes=1  nbTotalValues=64000  domainSizes=(400:160)
          =>  wckTime=0.191  cpuTime=0.298  mem=6M478

   loading objectives...

   loading constraints...
        nbConstraints=353  nbSpecificConstraints=1  nbExtensionStructures=(1,shared:351)  nbConflictsStructures=(1,shared:351,unbuilt:1)
        degrees=(2:10)(3:27)(4:25)...(13:1)(15:2)(16:1)  arities=(2:352)(160:1)  types=(AllDifferent:1)(ConstraintHardExtensionV-Bits:352)
          =>  wckTime=0.331  cpuTime=0.43  mem=13M550

   INFO : <!-- Start saving the XML representation -->

   INFO : <!-- Stop saving the XML representation of target.xml -->

   Solver SolverBacktrack being built... 
          =>  wckTime=0.58  cpuTime=0.653  mem=25M337

    instantiation X0=0 X1=5 X2=13 X3=15 X4=20 X5=32 X6=43 X7=69 X8=130 X9=153 X10=200 X11=346 X12=12 X13=17 X14=25 X15=49 X16=106 X17=112 X18=127 X19=189 X20=205 X21=297 X22=305 X23=371 X24=1 X25=30 X26=197 X27=199 X28=260 X29=271 X30=312 X31=367 X32=389 X33=33 X34=81 X35=132 X36=155 X37=201 X38=203 X39=215 X40=252 X41=359 X42=391 X43=26 X44=36 X45=144 X46=156 X47=237 X48=287 X49=304 X50=386 X51=34 X52=80 X53=281 X54=320 X55=322 X56=31 X57=58 X58=100 X59=4 X60=164 X61=211 X62=286 X63=16 X64=179 X65=276 X66=141 X67=278 X68=361 X69=119 X70=122 X71=176 X72=291 X73=319 X74=238 X75=173 X76=182 X77=187 X78=210 X79=219 X80=221 X81=337 X82=40 X83=73 X84=83 X85=99 X86=129 X87=163 X88=186 X89=272 X90=139 X91=191 X92=217 X93=263 X94=301 X95=342 X96=62 X97=89 X98=295 X99=384 X100=22 X101=71 X102=208 X103=226 X104=307 X105=356 X106=76 X107=267 X108=292 X109=377 X110=254 X111=37 X112=348 X113=68 X114=116 X115=117 X116=138 X117=183 X118=265 X119=370 X120=379 X121=388 X122=277 X123=98 X124=233 X125=248 X126=339 X127=318 X128=341 X129=364 X130=8 X131=45 X132=64 X133=324 X134=143 X135=11 X136=35 X137=21 X138=101 X139=249 X140=326 X141=113 X142=321 X143=323 X144=349 X145=282 X146=338 X147=72 X148=135 X149=333 X150=18 X151=347 X152=51 X153=77 X154=111 X155=193 X156=38 X157=149 X158=152 X159=212 

    solution X0=0 X1=5 X2=13 X3=15 X4=20 X5=32 X6=43 X7=69 X8=130 X9=153 X10=200 X11=346 X12=12 X13=17 X14=25 X15=49 X16=106 X17=112 X18=127 X19=189 X20=205 X21=297 X22=305 X23=371 X24=1 X25=30 X26=197 X27=199 X28=260 X29=271 X30=312 X31=367 X32=389 X33=33 X34=81 X35=132 X36=155 X37=201 X38=203 X39=215 X40=252 X41=359 X42=391 X43=26 X44=36 X45=144 X46=156 X47=237 X48=287 X49=304 X50=386 X51=34 X52=80 X53=281 X54=320 X55=322 X56=31 X57=58 X58=100 X59=4 X60=164 X61=211 X62=286 X63=16 X64=179 X65=276 X66=141 X67=278 X68=361 X69=119 X70=122 X71=176 X72=291 X73=319 X74=238 X75=173 X76=182 X77=187 X78=210 X79=219 X80=221 X81=337 X82=40 X83=73 X84=83 X85=99 X86=129 X87=163 X88=186 X89=272 X90=139 X91=191 X92=217 X93=263 X94=301 X95=342 X96=62 X97=89 X98=295 X99=384 X100=22 X101=71 X102=208 X103=226 X104=307 X105=356 X106=76 X107=267 X108=292 X109=377 X110=254 X111=37 X112=348 X113=68 X114=116 X115=117 X116=138 X117=183 X118=265 X119=370 X120=379 X121=388 X122=277 X123=98 X124=233 X125=248 X126=339 X127=318 X128=341 X129=364 X130=8 X131=45 X132=64 X133=324 X134=143 X135=11 X136=35 X137=21 X138=101 X139=249 X140=326 X141=113 X142=321 X143=323 X144=349 X145=282 X146=338 X147=72 X148=135 X149=333 X150=18 X151=347 X152=51 X153=77 X154=111 X155=193 X156=38 X157=149 X158=152 X159=212 

   
   search
        run=0  nbConstraintChecks=353  depth=(min:0,max:159,avg:1)  nbEffectivePropagations=46  nbRevisions=1030  nbUselessRevisions=1030
        nbAssignments=161  nbFailedAssignments=1  nbBacktracks=0  nbVisitedNodes=163  nbRestartNogoods=0  nbFoundSolutions=1
        upperBound=9223372036854775807
          =>  wckTime=4.02  cpuTime=4.564  mem=42M458

   
   global
        nbConstraintChecks=353  nbEffectivePropagations=46  nbRevisions=1030  nbUselessRevisions=1030  nbRestartNogoods=0  solvingWckTime=4.021
        expiredTime=no  totalExploration=no  nbFoundSolutions=1  firstSolutionCpuTime=4.557  Stop=REACHED_GOAL
          =>  wckTime=4.601  cpuTime=4.565  mem=42M458

s SATISFIABLE
v X0=0 X1=5 X2=13 X3=15 X4=20 X5=32 X6=43 X7=69 X8=130 X9=153 X10=200 X11=346 X12=12 X13=17 X14=25 X15=49 X16=106 X17=112 X18=127 X19=189 X20=205 X21=297 X22=305 X23=371 X24=1 X25=30 X26=197 X27=199 X28=260 X29=271 X30=312 X31=367 X32=389 X33=33 X34=81 X35=132 X36=155 X37=201 X38=203 X39=215 X40=252 X41=359 X42=391 X43=26 X44=36 X45=144 X46=156 X47=237 X48=287 X49=304 X50=386 X51=34 X52=80 X53=281 X54=320 X55=322 X56=31 X57=58 X58=100 X59=4 X60=164 X61=211 X62=286 X63=16 X64=179 X65=276 X66=141 X67=278 X68=361 X69=119 X70=122 X71=176 X72=291 X73=319 X74=238 X75=173 X76=182 X77=187 X78=210 X79=219 X80=221 X81=337 X82=40 X83=73 X84=83 X85=99 X86=129 X87=163 X88=186 X89=272 X90=139 X91=191 X92=217 X93=263 X94=301 X95=342 X96=62 X97=89 X98=295 X99=384 X100=22 X101=71 X102=208 X103=226 X104=307 X105=356 X106=76 X107=267 X108=292 X109=377 X110=254 X111=37 X112=348 X113=68 X114=116 X115=117 X116=138 X117=183 X118=265 X119=370 X120=379 X121=388 X122=277 X123=98 X124=233 X125=248 X126=339 X127=318 X128=341 X129=364 X130=8 X131=45 X132=64 X133=324 X134=143 X135=11 X136=35 X137=21 X138=101 X139=249 X140=326 X141=113 X142=321 X143=323 X144=349 X145=282 X146=338 X147=72 X148=135 X149=333 X150=18 X151=347 X152=51 X153=77 X154=111 X155=193 X156=38 X157=149 X158=152 X159=212 
d NODES 161

   totalWckTime=4.507  totalCpuTime=4.565
