
   AbsCon 1.41 (January, 2014) - defaultConfiguration

   
   instance
        framework=CSP  name=Isomorphism-/cluster/gpg/ciaran/sip-benchmarks/benchmarks/si4_bvg_b09m_400/si4_b09m_m400.01/pattern-/cluster/gpg/ciaran/sip-benchmarks/benchmarks/si4_bvg_b09m_400/si4_b09m_m400.01/target
        parameters=/cluster/gpg/ciaran/sip-benchmarks/benchmarks/si4_bvg_b09m_400/si4_b09m_m400.01/pattern,/cluster/gpg/ciaran/sip-benchmarks/benchmarks/si4_bvg_b09m_400/si4_b09m_m400.01/target
      

   loading variables...
        nbVariables=160  nbDomainTypes=1  nbTotalValues=64000  domainSizes=(400:160)
          =>  wckTime=0.201  cpuTime=0.31  mem=6M125

   loading objectives...

   loading constraints...
        nbConstraints=465  nbSpecificConstraints=1  nbExtensionStructures=(1,shared:463)  nbConflictsStructures=(1,shared:463,unbuilt:1)
        degrees=(2:9)(3:14)(4:18)...(14:2)(18:2)(19:1)  arities=(2:464)(160:1)  types=(AllDifferent:1)(ConstraintHardExtensionV-Bits:464)
          =>  wckTime=0.388  cpuTime=0.48  mem=14M559

   INFO : <!-- Start saving the XML representation -->

   INFO : <!-- Stop saving the XML representation of target.xml -->

   Solver SolverBacktrack being built... 
          =>  wckTime=0.669  cpuTime=0.735  mem=22M844

    instantiation X0=0 X1=13 X2=102 X3=160 X4=186 X5=201 X6=218 X7=257 X8=311 X9=341 X10=350 X11=370 X12=374 X13=377 X14=1 X15=54 X16=110 X17=176 X18=192 X19=207 X20=245 X21=318 X22=4 X23=11 X24=14 X25=306 X26=310 X27=396 X28=10 X29=12 X30=249 X31=252 X32=259 X33=283 X34=389 X35=394 X36=9 X37=81 X38=41 X39=120 X40=21 X41=129 X42=312 X43=326 X44=376 X45=5 X46=66 X47=121 X48=17 X49=214 X50=28 X51=39 X52=89 X53=170 X54=262 X55=297 X56=353 X57=382 X58=24 X59=71 X60=112 X61=154 X62=190 X63=225 X64=266 X65=96 X66=165 X67=200 X68=217 X69=238 X70=268 X71=270 X72=308 X73=244 X74=51 X75=73 X76=94 X77=135 X78=210 X79=215 X80=224 X81=33 X82=50 X83=52 X84=58 X85=68 X86=161 X87=167 X88=179 X89=188 X90=222 X91=253 X92=342 X93=344 X94=351 X95=381 X96=64 X97=136 X98=198 X99=229 X100=67 X101=100 X102=137 X103=155 X104=242 X105=243 X106=354 X107=44 X108=103 X109=205 X110=216 X111=258 X112=332 X113=335 X114=20 X115=95 X116=133 X117=172 X118=228 X119=386 X120=392 X121=84 X122=25 X123=49 X124=77 X125=80 X126=108 X127=115 X128=127 X129=213 X130=226 X131=261 X132=264 X133=299 X134=303 X135=337 X136=387 X137=3 X138=70 X139=173 X140=189 X141=193 X142=280 X143=281 X144=291 X145=366 X146=87 X147=232 X148=239 X149=282 X150=346 X151=359 X152=6 X153=180 X154=378 X155=397 X156=169 X157=271 X158=391 X159=42 

    solution X0=0 X1=13 X2=102 X3=160 X4=186 X5=201 X6=218 X7=257 X8=311 X9=341 X10=350 X11=370 X12=374 X13=377 X14=1 X15=54 X16=110 X17=176 X18=192 X19=207 X20=245 X21=318 X22=4 X23=11 X24=14 X25=306 X26=310 X27=396 X28=10 X29=12 X30=249 X31=252 X32=259 X33=283 X34=389 X35=394 X36=9 X37=81 X38=41 X39=120 X40=21 X41=129 X42=312 X43=326 X44=376 X45=5 X46=66 X47=121 X48=17 X49=214 X50=28 X51=39 X52=89 X53=170 X54=262 X55=297 X56=353 X57=382 X58=24 X59=71 X60=112 X61=154 X62=190 X63=225 X64=266 X65=96 X66=165 X67=200 X68=217 X69=238 X70=268 X71=270 X72=308 X73=244 X74=51 X75=73 X76=94 X77=135 X78=210 X79=215 X80=224 X81=33 X82=50 X83=52 X84=58 X85=68 X86=161 X87=167 X88=179 X89=188 X90=222 X91=253 X92=342 X93=344 X94=351 X95=381 X96=64 X97=136 X98=198 X99=229 X100=67 X101=100 X102=137 X103=155 X104=242 X105=243 X106=354 X107=44 X108=103 X109=205 X110=216 X111=258 X112=332 X113=335 X114=20 X115=95 X116=133 X117=172 X118=228 X119=386 X120=392 X121=84 X122=25 X123=49 X124=77 X125=80 X126=108 X127=115 X128=127 X129=213 X130=226 X131=261 X132=264 X133=299 X134=303 X135=337 X136=387 X137=3 X138=70 X139=173 X140=189 X141=193 X142=280 X143=281 X144=291 X145=366 X146=87 X147=232 X148=239 X149=282 X150=346 X151=359 X152=6 X153=180 X154=378 X155=397 X156=169 X157=271 X158=391 X159=42 

   
   search
        run=0  nbConstraintChecks=465  depth=(min:0,max:159,avg:1)  nbEffectivePropagations=32  nbRevisions=1356  nbUselessRevisions=1356
        nbAssignments=161  nbFailedAssignments=1  nbBacktracks=0  nbVisitedNodes=163  nbRestartNogoods=0  nbFoundSolutions=1
        upperBound=9223372036854775807
          =>  wckTime=5.642  cpuTime=6.278  mem=108M945

   
   global
        nbConstraintChecks=465  nbEffectivePropagations=32  nbRevisions=1356  nbUselessRevisions=1356  nbRestartNogoods=0  solvingWckTime=5.643
        expiredTime=no  totalExploration=no  nbFoundSolutions=1  firstSolutionCpuTime=6.269  Stop=REACHED_GOAL
          =>  wckTime=6.313  cpuTime=6.278  mem=108M945

s SATISFIABLE
v X0=0 X1=13 X2=102 X3=160 X4=186 X5=201 X6=218 X7=257 X8=311 X9=341 X10=350 X11=370 X12=374 X13=377 X14=1 X15=54 X16=110 X17=176 X18=192 X19=207 X20=245 X21=318 X22=4 X23=11 X24=14 X25=306 X26=310 X27=396 X28=10 X29=12 X30=249 X31=252 X32=259 X33=283 X34=389 X35=394 X36=9 X37=81 X38=41 X39=120 X40=21 X41=129 X42=312 X43=326 X44=376 X45=5 X46=66 X47=121 X48=17 X49=214 X50=28 X51=39 X52=89 X53=170 X54=262 X55=297 X56=353 X57=382 X58=24 X59=71 X60=112 X61=154 X62=190 X63=225 X64=266 X65=96 X66=165 X67=200 X68=217 X69=238 X70=268 X71=270 X72=308 X73=244 X74=51 X75=73 X76=94 X77=135 X78=210 X79=215 X80=224 X81=33 X82=50 X83=52 X84=58 X85=68 X86=161 X87=167 X88=179 X89=188 X90=222 X91=253 X92=342 X93=344 X94=351 X95=381 X96=64 X97=136 X98=198 X99=229 X100=67 X101=100 X102=137 X103=155 X104=242 X105=243 X106=354 X107=44 X108=103 X109=205 X110=216 X111=258 X112=332 X113=335 X114=20 X115=95 X116=133 X117=172 X118=228 X119=386 X120=392 X121=84 X122=25 X123=49 X124=77 X125=80 X126=108 X127=115 X128=127 X129=213 X130=226 X131=261 X132=264 X133=299 X134=303 X135=337 X136=387 X137=3 X138=70 X139=173 X140=189 X141=193 X142=280 X143=281 X144=291 X145=366 X146=87 X147=232 X148=239 X149=282 X150=346 X151=359 X152=6 X153=180 X154=378 X155=397 X156=169 X157=271 X158=391 X159=42 
d NODES 161

   totalWckTime=6.212  totalCpuTime=6.279
