
   AbsCon 1.41 (January, 2014) - defaultConfiguration

   
   instance
        framework=CSP  name=Isomorphism-/cluster/gpg/ciaran/sip-benchmarks/benchmarks/si4_m4D_m4D_625/si4_m4D_m625.05/pattern-/cluster/gpg/ciaran/sip-benchmarks/benchmarks/si4_m4D_m4D_625/si4_m4D_m625.05/target
        parameters=/cluster/gpg/ciaran/sip-benchmarks/benchmarks/si4_m4D_m4D_625/si4_m4D_m625.05/pattern,/cluster/gpg/ciaran/sip-benchmarks/benchmarks/si4_m4D_m4D_625/si4_m4D_m625.05/target
      

   loading variables...
        nbVariables=250  nbDomainTypes=1  nbTotalValues=156250  domainSizes=(625:250)
          =>  wckTime=0.2  cpuTime=0.312  mem=10M685

   loading objectives...

   loading constraints...
        nbConstraints=677  nbSpecificConstraints=1  nbExtensionStructures=(1,shared:675)  nbConflictsStructures=(1,shared:675,unbuilt:1)
        degrees=(3:7)(4:20)(5:53)...(7:61)(8:58)(9:13)  arities=(2:676)(250:1)  types=(AllDifferent:1)(ConstraintHardExtensionV-Bits:676)
          =>  wckTime=0.477  cpuTime=0.567  mem=20M527

   INFO : <!-- Start saving the XML representation -->

   INFO : <!-- Stop saving the XML representation of target.xml -->

   Solver SolverBacktrack being built... 
          =>  wckTime=0.822  cpuTime=0.869  mem=46M800

    instantiation X0=185 X1=254 X2=320 X3=388 X4=42 X5=428 X6=476 X7=406 X8=76 X9=511 X10=602 X11=325 X12=333 X13=0 X14=43 X15=58 X16=64 X17=236 X18=205 X19=52 X20=187 X21=26 X22=104 X23=82 X24=322 X25=507 X26=474 X27=617 X28=86 X29=378 X30=525 X31=498 X32=256 X33=258 X34=462 X35=616 X36=369 X37=56 X38=243 X39=442 X40=414 X41=65 X42=191 X43=149 X44=618 X45=582 X46=355 X47=427 X48=527 X49=338 X50=312 X51=37 X52=466 X53=416 X54=520 X55=152 X56=248 X57=446 X58=409 X59=429 X60=120 X61=176 X62=567 X63=180 X64=437 X65=471 X66=596 X67=145 X68=396 X69=233 X70=93 X71=156 X72=535 X73=586 X74=217 X75=599 X76=63 X77=560 X78=231 X79=88 X80=523 X81=384 X82=321 X83=136 X84=353 X85=372 X86=387 X87=536 X88=347 X89=48 X90=247 X91=499 X92=514 X93=295 X94=40 X95=70 X96=311 X97=447 X98=403 X99=450 X100=492 X101=379 X102=404 X103=590 X104=495 X105=255 X106=604 X107=168 X108=193 X109=39 X110=335 X111=227 X112=74 X113=11 X114=480 X115=555 X116=470 X117=543 X118=77 X119=230 X120=24 X121=270 X122=263 X123=375 X124=345 X125=336 X126=561 X127=124 X128=424 X129=216 X130=324 X131=53 X132=493 X133=574 X134=198 X135=425 X136=310 X137=614 X138=139 X139=45 X140=392 X141=155 X142=23 X143=44 X144=262 X145=464 X146=475 X147=539 X148=89 X149=421 X150=85 X151=69 X152=575 X153=565 X154=132 X155=342 X156=303 X157=503 X158=319 X159=573 X160=279 X161=434 X162=540 X163=541 X164=352 X165=308 X166=108 X167=350 X168=487 X169=580 X170=344 X171=151 X172=368 X173=570 X174=103 X175=290 X176=436 X177=611 X178=365 X179=400 X180=159 X181=444 X182=8 X183=272 X184=386 X185=472 X186=31 X187=455 X188=215 X189=15 X190=419 X191=51 X192=448 X193=140 X194=219 X195=363 X196=79 X197=332 X198=271 X199=19 X200=513 X201=282 X202=306 X203=267 X204=126 X205=154 X206=178 X207=571 X208=5 X209=417 X210=362 X211=339 X212=488 X213=485 X214=494 X215=415 X216=61 X217=223 X218=105 X219=562 X220=411 X221=47 X222=479 X223=558 X224=433 X225=623 X226=484 X227=544 X228=242 X229=244 X230=430 X231=54 X232=16 X233=622 X234=123 X235=121 X236=179 X237=376 X238=261 X239=473 X240=300 X241=486 X242=112 X243=385 X244=359 X245=453 X246=354 X247=190 X248=348 X249=71 

    solution X0=185 X1=254 X2=320 X3=388 X4=42 X5=428 X6=476 X7=406 X8=76 X9=511 X10=602 X11=325 X12=333 X13=0 X14=43 X15=58 X16=64 X17=236 X18=205 X19=52 X20=187 X21=26 X22=104 X23=82 X24=322 X25=507 X26=474 X27=617 X28=86 X29=378 X30=525 X31=498 X32=256 X33=258 X34=462 X35=616 X36=369 X37=56 X38=243 X39=442 X40=414 X41=65 X42=191 X43=149 X44=618 X45=582 X46=355 X47=427 X48=527 X49=338 X50=312 X51=37 X52=466 X53=416 X54=520 X55=152 X56=248 X57=446 X58=409 X59=429 X60=120 X61=176 X62=567 X63=180 X64=437 X65=471 X66=596 X67=145 X68=396 X69=233 X70=93 X71=156 X72=535 X73=586 X74=217 X75=599 X76=63 X77=560 X78=231 X79=88 X80=523 X81=384 X82=321 X83=136 X84=353 X85=372 X86=387 X87=536 X88=347 X89=48 X90=247 X91=499 X92=514 X93=295 X94=40 X95=70 X96=311 X97=447 X98=403 X99=450 X100=492 X101=379 X102=404 X103=590 X104=495 X105=255 X106=604 X107=168 X108=193 X109=39 X110=335 X111=227 X112=74 X113=11 X114=480 X115=555 X116=470 X117=543 X118=77 X119=230 X120=24 X121=270 X122=263 X123=375 X124=345 X125=336 X126=561 X127=124 X128=424 X129=216 X130=324 X131=53 X132=493 X133=574 X134=198 X135=425 X136=310 X137=614 X138=139 X139=45 X140=392 X141=155 X142=23 X143=44 X144=262 X145=464 X146=475 X147=539 X148=89 X149=421 X150=85 X151=69 X152=575 X153=565 X154=132 X155=342 X156=303 X157=503 X158=319 X159=573 X160=279 X161=434 X162=540 X163=541 X164=352 X165=308 X166=108 X167=350 X168=487 X169=580 X170=344 X171=151 X172=368 X173=570 X174=103 X175=290 X176=436 X177=611 X178=365 X179=400 X180=159 X181=444 X182=8 X183=272 X184=386 X185=472 X186=31 X187=455 X188=215 X189=15 X190=419 X191=51 X192=448 X193=140 X194=219 X195=363 X196=79 X197=332 X198=271 X199=19 X200=513 X201=282 X202=306 X203=267 X204=126 X205=154 X206=178 X207=571 X208=5 X209=417 X210=362 X211=339 X212=488 X213=485 X214=494 X215=415 X216=61 X217=223 X218=105 X219=562 X220=411 X221=47 X222=479 X223=558 X224=433 X225=623 X226=484 X227=544 X228=242 X229=244 X230=430 X231=54 X232=16 X233=622 X234=123 X235=121 X236=179 X237=376 X238=261 X239=473 X240=300 X241=486 X242=112 X243=385 X244=359 X245=453 X246=354 X247=190 X248=348 X249=71 

   
   search
        run=0  nbConstraintChecks=677  depth=(min:0,max:249,avg:1)  nbEffectivePropagations=352  nbRevisions=3430  nbUselessRevisions=3388
        nbAssignments=315  nbFailedAssignments=65  nbBacktracks=0  nbVisitedNodes=381  nbRestartNogoods=0  nbFoundSolutions=1
        upperBound=9223372036854775807
          =>  wckTime=13.895  cpuTime=14.593  mem=309M478

   
   global
        nbConstraintChecks=677  nbEffectivePropagations=352  nbRevisions=3430  nbUselessRevisions=3388  nbRestartNogoods=0  solvingWckTime=13.896
        expiredTime=no  totalExploration=no  nbFoundSolutions=1  firstSolutionCpuTime=14.586  Stop=REACHED_GOAL
          =>  wckTime=14.718  cpuTime=14.594  mem=309M478

s SATISFIABLE
v X0=185 X1=254 X2=320 X3=388 X4=42 X5=428 X6=476 X7=406 X8=76 X9=511 X10=602 X11=325 X12=333 X13=0 X14=43 X15=58 X16=64 X17=236 X18=205 X19=52 X20=187 X21=26 X22=104 X23=82 X24=322 X25=507 X26=474 X27=617 X28=86 X29=378 X30=525 X31=498 X32=256 X33=258 X34=462 X35=616 X36=369 X37=56 X38=243 X39=442 X40=414 X41=65 X42=191 X43=149 X44=618 X45=582 X46=355 X47=427 X48=527 X49=338 X50=312 X51=37 X52=466 X53=416 X54=520 X55=152 X56=248 X57=446 X58=409 X59=429 X60=120 X61=176 X62=567 X63=180 X64=437 X65=471 X66=596 X67=145 X68=396 X69=233 X70=93 X71=156 X72=535 X73=586 X74=217 X75=599 X76=63 X77=560 X78=231 X79=88 X80=523 X81=384 X82=321 X83=136 X84=353 X85=372 X86=387 X87=536 X88=347 X89=48 X90=247 X91=499 X92=514 X93=295 X94=40 X95=70 X96=311 X97=447 X98=403 X99=450 X100=492 X101=379 X102=404 X103=590 X104=495 X105=255 X106=604 X107=168 X108=193 X109=39 X110=335 X111=227 X112=74 X113=11 X114=480 X115=555 X116=470 X117=543 X118=77 X119=230 X120=24 X121=270 X122=263 X123=375 X124=345 X125=336 X126=561 X127=124 X128=424 X129=216 X130=324 X131=53 X132=493 X133=574 X134=198 X135=425 X136=310 X137=614 X138=139 X139=45 X140=392 X141=155 X142=23 X143=44 X144=262 X145=464 X146=475 X147=539 X148=89 X149=421 X150=85 X151=69 X152=575 X153=565 X154=132 X155=342 X156=303 X157=503 X158=319 X159=573 X160=279 X161=434 X162=540 X163=541 X164=352 X165=308 X166=108 X167=350 X168=487 X169=580 X170=344 X171=151 X172=368 X173=570 X174=103 X175=290 X176=436 X177=611 X178=365 X179=400 X180=159 X181=444 X182=8 X183=272 X184=386 X185=472 X186=31 X187=455 X188=215 X189=15 X190=419 X191=51 X192=448 X193=140 X194=219 X195=363 X196=79 X197=332 X198=271 X199=19 X200=513 X201=282 X202=306 X203=267 X204=126 X205=154 X206=178 X207=571 X208=5 X209=417 X210=362 X211=339 X212=488 X213=485 X214=494 X215=415 X216=61 X217=223 X218=105 X219=562 X220=411 X221=47 X222=479 X223=558 X224=433 X225=623 X226=484 X227=544 X228=242 X229=244 X230=430 X231=54 X232=16 X233=622 X234=123 X235=121 X236=179 X237=376 X238=261 X239=473 X240=300 X241=486 X242=112 X243=385 X244=359 X245=453 X246=354 X247=190 X248=348 X249=71 
d NODES 315

   totalWckTime=14.624  totalCpuTime=14.594
