
   AbsCon 1.41 (January, 2014) - defaultConfiguration

   
   instance
        framework=CSP  name=Isomorphism-/cluster/gpg/ciaran/sip-benchmarks/benchmarks/si4_rand_r01_400/si4_r01_m400.07/pattern-/cluster/gpg/ciaran/sip-benchmarks/benchmarks/si4_rand_r01_400/si4_r01_m400.07/target
        parameters=/cluster/gpg/ciaran/sip-benchmarks/benchmarks/si4_rand_r01_400/si4_r01_m400.07/pattern,/cluster/gpg/ciaran/sip-benchmarks/benchmarks/si4_rand_r01_400/si4_r01_m400.07/target
      

   loading variables...
        nbVariables=160  nbDomainTypes=1  nbTotalValues=64000  domainSizes=(400:160)
          =>  wckTime=0.208  cpuTime=0.323  mem=8M528

   loading objectives...

   loading constraints...
        nbConstraints=2397  nbSpecificConstraints=1  nbExtensionStructures=(1,shared:2395)  nbConflictsStructures=(1,shared:2395,unbuilt:1)
        degrees=(16:1)(19:1)(22:2)...(41:1)(45:1)(46:1)  arities=(2:2396)(160:1)  types=(AllDifferent:1)(ConstraintHardExtensionV-Bits:2396)
          =>  wckTime=2.615  cpuTime=2.672  mem=49M650

   INFO : <!-- Start saving the XML representation -->

   INFO : <!-- Stop saving the XML representation of target.xml -->

   Solver SolverBacktrack being built... 
          =>  wckTime=2.965  cpuTime=2.992  mem=85M921

    instantiation X0=252 X1=377 X2=177 X3=84 X4=165 X5=375 X6=392 X7=130 X8=229 X9=81 X10=65 X11=191 X12=201 X13=313 X14=16 X15=52 X16=354 X17=331 X18=278 X19=26 X20=29 X21=10 X22=352 X23=131 X24=319 X25=225 X26=79 X27=308 X28=324 X29=68 X30=353 X31=166 X32=94 X33=30 X34=135 X35=41 X36=236 X37=348 X38=35 X39=336 X40=178 X41=245 X42=126 X43=187 X44=322 X45=19 X46=232 X47=269 X48=209 X49=22 X50=120 X51=72 X52=326 X53=74 X54=340 X55=146 X56=263 X57=182 X58=300 X59=242 X60=12 X61=262 X62=359 X63=273 X64=367 X65=270 X66=38 X67=334 X68=283 X69=391 X70=249 X71=122 X72=145 X73=258 X74=355 X75=50 X76=208 X77=190 X78=397 X79=93 X80=264 X81=203 X82=344 X83=36 X84=314 X85=378 X86=342 X87=163 X88=23 X89=371 X90=365 X91=67 X92=330 X93=179 X94=103 X95=105 X96=389 X97=158 X98=276 X99=75 X100=215 X101=221 X102=195 X103=310 X104=293 X105=207 X106=240 X107=254 X108=83 X109=129 X110=316 X111=46 X112=199 X113=51 X114=55 X115=196 X116=321 X117=387 X118=24 X119=133 X120=288 X121=317 X122=91 X123=92 X124=251 X125=76 X126=206 X127=106 X128=180 X129=109 X130=185 X131=164 X132=230 X133=123 X134=233 X135=54 X136=327 X137=396 X138=211 X139=284 X140=309 X141=44 X142=47 X143=139 X144=271 X145=374 X146=381 X147=280 X148=239 X149=380 X150=148 X151=59 X152=219 X153=110 X154=323 X155=168 X156=138 X157=5 X158=305 X159=49 

    solution X0=252 X1=377 X2=177 X3=84 X4=165 X5=375 X6=392 X7=130 X8=229 X9=81 X10=65 X11=191 X12=201 X13=313 X14=16 X15=52 X16=354 X17=331 X18=278 X19=26 X20=29 X21=10 X22=352 X23=131 X24=319 X25=225 X26=79 X27=308 X28=324 X29=68 X30=353 X31=166 X32=94 X33=30 X34=135 X35=41 X36=236 X37=348 X38=35 X39=336 X40=178 X41=245 X42=126 X43=187 X44=322 X45=19 X46=232 X47=269 X48=209 X49=22 X50=120 X51=72 X52=326 X53=74 X54=340 X55=146 X56=263 X57=182 X58=300 X59=242 X60=12 X61=262 X62=359 X63=273 X64=367 X65=270 X66=38 X67=334 X68=283 X69=391 X70=249 X71=122 X72=145 X73=258 X74=355 X75=50 X76=208 X77=190 X78=397 X79=93 X80=264 X81=203 X82=344 X83=36 X84=314 X85=378 X86=342 X87=163 X88=23 X89=371 X90=365 X91=67 X92=330 X93=179 X94=103 X95=105 X96=389 X97=158 X98=276 X99=75 X100=215 X101=221 X102=195 X103=310 X104=293 X105=207 X106=240 X107=254 X108=83 X109=129 X110=316 X111=46 X112=199 X113=51 X114=55 X115=196 X116=321 X117=387 X118=24 X119=133 X120=288 X121=317 X122=91 X123=92 X124=251 X125=76 X126=206 X127=106 X128=180 X129=109 X130=185 X131=164 X132=230 X133=123 X134=233 X135=54 X136=327 X137=396 X138=211 X139=284 X140=309 X141=44 X142=47 X143=139 X144=271 X145=374 X146=381 X147=280 X148=239 X149=380 X150=148 X151=59 X152=219 X153=110 X154=323 X155=168 X156=138 X157=5 X158=305 X159=49 

   
   search
        run=0  nbConstraintChecks=2397  depth=(min:0,max:159,avg:3)  nbEffectivePropagations=24789625  nbRevisions=401607081
        nbUselessRevisions=383243368  nbAssignments=186427  nbFailedAssignments=164140  nbBacktracks=22127  nbVisitedNodes=365749
        nbRestartNogoods=0  nbFoundSolutions=1  upperBound=9223372036854775807
          =>  wckTime=38560.303  cpuTime=38298.367  mem=80M164

   
   global
        nbConstraintChecks=2397  nbEffectivePropagations=24789625  nbRevisions=401607081  nbUselessRevisions=383243368  nbRestartNogoods=0
        solvingWckTime=38560.304  expiredTime=no  totalExploration=no  nbFoundSolutions=1  firstSolutionCpuTime=38298.362  Stop=REACHED_GOAL
          =>  wckTime=38563.27  cpuTime=38298.368  mem=80M164

s SATISFIABLE
v X0=252 X1=377 X2=177 X3=84 X4=165 X5=375 X6=392 X7=130 X8=229 X9=81 X10=65 X11=191 X12=201 X13=313 X14=16 X15=52 X16=354 X17=331 X18=278 X19=26 X20=29 X21=10 X22=352 X23=131 X24=319 X25=225 X26=79 X27=308 X28=324 X29=68 X30=353 X31=166 X32=94 X33=30 X34=135 X35=41 X36=236 X37=348 X38=35 X39=336 X40=178 X41=245 X42=126 X43=187 X44=322 X45=19 X46=232 X47=269 X48=209 X49=22 X50=120 X51=72 X52=326 X53=74 X54=340 X55=146 X56=263 X57=182 X58=300 X59=242 X60=12 X61=262 X62=359 X63=273 X64=367 X65=270 X66=38 X67=334 X68=283 X69=391 X70=249 X71=122 X72=145 X73=258 X74=355 X75=50 X76=208 X77=190 X78=397 X79=93 X80=264 X81=203 X82=344 X83=36 X84=314 X85=378 X86=342 X87=163 X88=23 X89=371 X90=365 X91=67 X92=330 X93=179 X94=103 X95=105 X96=389 X97=158 X98=276 X99=75 X100=215 X101=221 X102=195 X103=310 X104=293 X105=207 X106=240 X107=254 X108=83 X109=129 X110=316 X111=46 X112=199 X113=51 X114=55 X115=196 X116=321 X117=387 X118=24 X119=133 X120=288 X121=317 X122=91 X123=92 X124=251 X125=76 X126=206 X127=106 X128=180 X129=109 X130=185 X131=164 X132=230 X133=123 X134=233 X135=54 X136=327 X137=396 X138=211 X139=284 X140=309 X141=44 X142=47 X143=139 X144=271 X145=374 X146=381 X147=280 X148=239 X149=380 X150=148 X151=59 X152=219 X153=110 X154=323 X155=168 X156=138 X157=5 X158=305 X159=49 
d NODES 186427

   totalWckTime=38563.178  totalCpuTime=38298.368
