
   AbsCon 1.41 (January, 2014) - defaultConfiguration

   
   instance
        framework=CSP  name=Isomorphism-/cluster/gpg/ciaran/sip-benchmarks/benchmarks/si4_m4D_m4Dr2_625/si4_m4Dr2_m625.08/pattern-/cluster/gpg/ciaran/sip-benchmarks/benchmarks/si4_m4D_m4Dr2_625/si4_m4Dr2_m625.08/target
        parameters=/cluster/gpg/ciaran/sip-benchmarks/benchmarks/si4_m4D_m4Dr2_625/si4_m4Dr2_m625.08/pattern,/cluster/gpg/ciaran/sip-benchmarks/benchmarks/si4_m4D_m4Dr2_625/si4_m4Dr2_m625.08/target
      

   loading variables...
        nbVariables=250  nbDomainTypes=1  nbTotalValues=156250  domainSizes=(625:250)
          =>  wckTime=0.221  cpuTime=0.331  mem=11M214

   loading objectives...

   loading constraints...
        nbConstraints=543  nbSpecificConstraints=1  nbExtensionStructures=(1,shared:541)  nbConflictsStructures=(1,shared:541,unbuilt:1)
        degrees=(2:22)(3:33)(4:51)...(8:35)(9:14)(11:1)  arities=(2:542)(250:1)  types=(AllDifferent:1)(ConstraintHardExtensionV-Bits:542)
          =>  wckTime=0.463  cpuTime=0.564  mem=31M78

   INFO : <!-- Start saving the XML representation -->

   INFO : <!-- Stop saving the XML representation of target.xml -->

   Solver SolverBacktrack being built... 
          =>  wckTime=0.786  cpuTime=0.85  mem=38M643

    instantiation X0=0 X1=292 X2=295 X3=537 X4=588 X5=606 X6=14 X7=194 X8=249 X9=320 X10=355 X11=83 X12=168 X13=389 X14=569 X15=30 X16=153 X17=393 X18=179 X19=450 X20=595 X21=121 X22=201 X23=514 X24=518 X25=16 X26=108 X27=182 X28=422 X29=624 X30=175 X31=212 X32=568 X33=499 X34=587 X35=97 X36=183 X37=301 X38=318 X39=345 X40=384 X41=502 X42=18 X43=237 X44=386 X45=577 X46=85 X47=139 X48=229 X49=607 X50=620 X51=373 X52=507 X53=350 X54=20 X55=61 X56=430 X57=540 X58=43 X59=247 X60=332 X61=582 X62=453 X63=385 X64=532 X65=603 X66=55 X67=104 X68=164 X69=10 X70=260 X71=414 X72=465 X73=618 X74=291 X75=346 X76=563 X77=137 X78=451 X79=63 X80=372 X81=406 X82=462 X83=487 X84=503 X85=261 X86=407 X87=510 X88=49 X89=184 X90=264 X91=317 X92=331 X93=257 X94=208 X95=396 X96=483 X97=283 X98=549 X99=614 X100=113 X101=143 X102=433 X103=439 X104=2 X105=17 X106=93 X107=176 X108=336 X109=567 X110=21 X111=429 X112=432 X113=557 X114=79 X115=102 X116=319 X117=446 X118=41 X119=191 X120=566 X121=223 X122=266 X123=504 X124=447 X125=455 X126=601 X127=68 X128=271 X129=353 X130=118 X131=269 X132=334 X133=516 X134=24 X135=119 X136=120 X137=98 X138=622 X139=575 X140=165 X141=268 X142=399 X143=458 X144=155 X145=388 X146=7 X147=288 X148=511 X149=141 X150=167 X151=207 X152=217 X153=363 X154=397 X155=478 X156=344 X157=369 X158=471 X159=561 X160=586 X161=551 X162=136 X163=222 X164=310 X165=529 X166=574 X167=272 X168=398 X169=464 X170=572 X171=8 X172=28 X173=99 X174=438 X175=600 X176=129 X177=221 X178=305 X179=81 X180=105 X181=149 X182=322 X183=326 X184=197 X185=251 X186=130 X187=256 X188=307 X189=115 X190=15 X191=404 X192=530 X193=158 X194=456 X195=124 X196=427 X197=436 X198=564 X199=589 X200=36 X201=215 X202=275 X203=330 X204=145 X205=166 X206=517 X207=596 X208=213 X209=239 X210=366 X211=476 X212=536 X213=280 X214=486 X215=285 X216=472 X217=335 X218=31 X219=227 X220=327 X221=91 X222=623 X223=519 X224=52 X225=225 X226=448 X227=593 X228=74 X229=440 X230=474 X231=608 X232=126 X233=224 X234=364 X235=444 X236=368 X237=1 X238=289 X239=381 X240=431 X241=531 X242=546 X243=53 X244=157 X245=489 X246=493 X247=244 X248=359 X249=452 

    solution X0=0 X1=292 X2=295 X3=537 X4=588 X5=606 X6=14 X7=194 X8=249 X9=320 X10=355 X11=83 X12=168 X13=389 X14=569 X15=30 X16=153 X17=393 X18=179 X19=450 X20=595 X21=121 X22=201 X23=514 X24=518 X25=16 X26=108 X27=182 X28=422 X29=624 X30=175 X31=212 X32=568 X33=499 X34=587 X35=97 X36=183 X37=301 X38=318 X39=345 X40=384 X41=502 X42=18 X43=237 X44=386 X45=577 X46=85 X47=139 X48=229 X49=607 X50=620 X51=373 X52=507 X53=350 X54=20 X55=61 X56=430 X57=540 X58=43 X59=247 X60=332 X61=582 X62=453 X63=385 X64=532 X65=603 X66=55 X67=104 X68=164 X69=10 X70=260 X71=414 X72=465 X73=618 X74=291 X75=346 X76=563 X77=137 X78=451 X79=63 X80=372 X81=406 X82=462 X83=487 X84=503 X85=261 X86=407 X87=510 X88=49 X89=184 X90=264 X91=317 X92=331 X93=257 X94=208 X95=396 X96=483 X97=283 X98=549 X99=614 X100=113 X101=143 X102=433 X103=439 X104=2 X105=17 X106=93 X107=176 X108=336 X109=567 X110=21 X111=429 X112=432 X113=557 X114=79 X115=102 X116=319 X117=446 X118=41 X119=191 X120=566 X121=223 X122=266 X123=504 X124=447 X125=455 X126=601 X127=68 X128=271 X129=353 X130=118 X131=269 X132=334 X133=516 X134=24 X135=119 X136=120 X137=98 X138=622 X139=575 X140=165 X141=268 X142=399 X143=458 X144=155 X145=388 X146=7 X147=288 X148=511 X149=141 X150=167 X151=207 X152=217 X153=363 X154=397 X155=478 X156=344 X157=369 X158=471 X159=561 X160=586 X161=551 X162=136 X163=222 X164=310 X165=529 X166=574 X167=272 X168=398 X169=464 X170=572 X171=8 X172=28 X173=99 X174=438 X175=600 X176=129 X177=221 X178=305 X179=81 X180=105 X181=149 X182=322 X183=326 X184=197 X185=251 X186=130 X187=256 X188=307 X189=115 X190=15 X191=404 X192=530 X193=158 X194=456 X195=124 X196=427 X197=436 X198=564 X199=589 X200=36 X201=215 X202=275 X203=330 X204=145 X205=166 X206=517 X207=596 X208=213 X209=239 X210=366 X211=476 X212=536 X213=280 X214=486 X215=285 X216=472 X217=335 X218=31 X219=227 X220=327 X221=91 X222=623 X223=519 X224=52 X225=225 X226=448 X227=593 X228=74 X229=440 X230=474 X231=608 X232=126 X233=224 X234=364 X235=444 X236=368 X237=1 X238=289 X239=381 X240=431 X241=531 X242=546 X243=53 X244=157 X245=489 X246=493 X247=244 X248=359 X249=452 

   
   search
        run=0  nbConstraintChecks=543  depth=(min:0,max:249,avg:1)  nbEffectivePropagations=3552  nbRevisions=25093  nbUselessRevisions=21622
        nbAssignments=813  nbFailedAssignments=563  nbBacktracks=0  nbVisitedNodes=1377  nbRestartNogoods=0  nbFoundSolutions=1
        upperBound=9223372036854775807
          =>  wckTime=30.225  cpuTime=30.717  mem=107M934

   
   global
        nbConstraintChecks=543  nbEffectivePropagations=3552  nbRevisions=25093  nbUselessRevisions=21622  nbRestartNogoods=0
        solvingWckTime=30.226  expiredTime=no  totalExploration=no  nbFoundSolutions=1  firstSolutionCpuTime=30.711  Stop=REACHED_GOAL
          =>  wckTime=31.013  cpuTime=30.717  mem=107M934

s SATISFIABLE
v X0=0 X1=292 X2=295 X3=537 X4=588 X5=606 X6=14 X7=194 X8=249 X9=320 X10=355 X11=83 X12=168 X13=389 X14=569 X15=30 X16=153 X17=393 X18=179 X19=450 X20=595 X21=121 X22=201 X23=514 X24=518 X25=16 X26=108 X27=182 X28=422 X29=624 X30=175 X31=212 X32=568 X33=499 X34=587 X35=97 X36=183 X37=301 X38=318 X39=345 X40=384 X41=502 X42=18 X43=237 X44=386 X45=577 X46=85 X47=139 X48=229 X49=607 X50=620 X51=373 X52=507 X53=350 X54=20 X55=61 X56=430 X57=540 X58=43 X59=247 X60=332 X61=582 X62=453 X63=385 X64=532 X65=603 X66=55 X67=104 X68=164 X69=10 X70=260 X71=414 X72=465 X73=618 X74=291 X75=346 X76=563 X77=137 X78=451 X79=63 X80=372 X81=406 X82=462 X83=487 X84=503 X85=261 X86=407 X87=510 X88=49 X89=184 X90=264 X91=317 X92=331 X93=257 X94=208 X95=396 X96=483 X97=283 X98=549 X99=614 X100=113 X101=143 X102=433 X103=439 X104=2 X105=17 X106=93 X107=176 X108=336 X109=567 X110=21 X111=429 X112=432 X113=557 X114=79 X115=102 X116=319 X117=446 X118=41 X119=191 X120=566 X121=223 X122=266 X123=504 X124=447 X125=455 X126=601 X127=68 X128=271 X129=353 X130=118 X131=269 X132=334 X133=516 X134=24 X135=119 X136=120 X137=98 X138=622 X139=575 X140=165 X141=268 X142=399 X143=458 X144=155 X145=388 X146=7 X147=288 X148=511 X149=141 X150=167 X151=207 X152=217 X153=363 X154=397 X155=478 X156=344 X157=369 X158=471 X159=561 X160=586 X161=551 X162=136 X163=222 X164=310 X165=529 X166=574 X167=272 X168=398 X169=464 X170=572 X171=8 X172=28 X173=99 X174=438 X175=600 X176=129 X177=221 X178=305 X179=81 X180=105 X181=149 X182=322 X183=326 X184=197 X185=251 X186=130 X187=256 X188=307 X189=115 X190=15 X191=404 X192=530 X193=158 X194=456 X195=124 X196=427 X197=436 X198=564 X199=589 X200=36 X201=215 X202=275 X203=330 X204=145 X205=166 X206=517 X207=596 X208=213 X209=239 X210=366 X211=476 X212=536 X213=280 X214=486 X215=285 X216=472 X217=335 X218=31 X219=227 X220=327 X221=91 X222=623 X223=519 X224=52 X225=225 X226=448 X227=593 X228=74 X229=440 X230=474 X231=608 X232=126 X233=224 X234=364 X235=444 X236=368 X237=1 X238=289 X239=381 X240=431 X241=531 X242=546 X243=53 X244=157 X245=489 X246=493 X247=244 X248=359 X249=452 
d NODES 813

   totalWckTime=30.902  totalCpuTime=30.718
