
   AbsCon 1.41 (January, 2014) - defaultConfiguration

   
   instance
        framework=CSP  name=Isomorphism-/cluster/gpg/ciaran/sip-benchmarks/benchmarks/si4_rand_r001_400/si4_r001_m400.08/pattern-/cluster/gpg/ciaran/sip-benchmarks/benchmarks/si4_rand_r001_400/si4_r001_m400.08/target
        parameters=/cluster/gpg/ciaran/sip-benchmarks/benchmarks/si4_rand_r001_400/si4_r001_m400.08/pattern,/cluster/gpg/ciaran/sip-benchmarks/benchmarks/si4_rand_r001_400/si4_r001_m400.08/target
      

   loading variables...
        nbVariables=160  nbDomainTypes=1  nbTotalValues=64000  domainSizes=(400:160)
          =>  wckTime=0.19  cpuTime=0.304  mem=5M954

   loading objectives...

   loading constraints...
        nbConstraints=319  nbSpecificConstraints=1  nbExtensionStructures=(1,shared:317)  nbConflictsStructures=(1,shared:317,unbuilt:1)
        degrees=(2:13)(3:21)(4:37)...(8:9)(9:5)(10:3)  arities=(2:318)(160:1)  types=(AllDifferent:1)(ConstraintHardExtensionV-Bits:318)
          =>  wckTime=0.344  cpuTime=0.455  mem=17M73

   INFO : <!-- Start saving the XML representation -->

   INFO : <!-- Stop saving the XML representation of target.xml -->

   Solver SolverBacktrack being built... 
          =>  wckTime=0.593  cpuTime=0.668  mem=21M717

    instantiation X0=223 X1=218 X2=342 X3=124 X4=36 X5=173 X6=208 X7=212 X8=190 X9=261 X10=240 X11=265 X12=397 X13=207 X14=193 X15=85 X16=62 X17=157 X18=388 X19=2 X20=27 X21=211 X22=294 X23=252 X24=267 X25=278 X26=37 X27=73 X28=78 X29=296 X30=67 X31=12 X32=330 X33=45 X34=219 X35=195 X36=79 X37=253 X38=51 X39=163 X40=152 X41=336 X42=106 X43=88 X44=34 X45=17 X46=52 X47=87 X48=80 X49=200 X50=22 X51=273 X52=156 X53=205 X54=3 X55=358 X56=387 X57=364 X58=41 X59=188 X60=282 X61=367 X62=194 X63=9 X64=279 X65=276 X66=356 X67=280 X68=129 X69=350 X70=109 X71=137 X72=377 X73=250 X74=270 X75=150 X76=133 X77=251 X78=241 X79=247 X80=213 X81=353 X82=166 X83=57 X84=206 X85=1 X86=26 X87=59 X88=91 X89=362 X90=24 X91=332 X92=114 X93=55 X94=170 X95=181 X96=259 X97=204 X98=107 X99=63 X100=341 X101=366 X102=248 X103=139 X104=28 X105=25 X106=131 X107=48 X108=6 X109=371 X110=72 X111=331 X112=38 X113=326 X114=136 X115=221 X116=184 X117=76 X118=141 X119=192 X120=122 X121=380 X122=155 X123=5 X124=379 X125=30 X126=383 X127=42 X128=178 X129=19 X130=185 X131=64 X132=386 X133=49 X134=343 X135=101 X136=287 X137=10 X138=58 X139=115 X140=313 X141=84 X142=179 X143=290 X144=31 X145=8 X146=29 X147=21 X148=317 X149=118 X150=305 X151=105 X152=61 X153=123 X154=132 X155=393 X156=394 X157=14 X158=180 X159=119 

    solution X0=223 X1=218 X2=342 X3=124 X4=36 X5=173 X6=208 X7=212 X8=190 X9=261 X10=240 X11=265 X12=397 X13=207 X14=193 X15=85 X16=62 X17=157 X18=388 X19=2 X20=27 X21=211 X22=294 X23=252 X24=267 X25=278 X26=37 X27=73 X28=78 X29=296 X30=67 X31=12 X32=330 X33=45 X34=219 X35=195 X36=79 X37=253 X38=51 X39=163 X40=152 X41=336 X42=106 X43=88 X44=34 X45=17 X46=52 X47=87 X48=80 X49=200 X50=22 X51=273 X52=156 X53=205 X54=3 X55=358 X56=387 X57=364 X58=41 X59=188 X60=282 X61=367 X62=194 X63=9 X64=279 X65=276 X66=356 X67=280 X68=129 X69=350 X70=109 X71=137 X72=377 X73=250 X74=270 X75=150 X76=133 X77=251 X78=241 X79=247 X80=213 X81=353 X82=166 X83=57 X84=206 X85=1 X86=26 X87=59 X88=91 X89=362 X90=24 X91=332 X92=114 X93=55 X94=170 X95=181 X96=259 X97=204 X98=107 X99=63 X100=341 X101=366 X102=248 X103=139 X104=28 X105=25 X106=131 X107=48 X108=6 X109=371 X110=72 X111=331 X112=38 X113=326 X114=136 X115=221 X116=184 X117=76 X118=141 X119=192 X120=122 X121=380 X122=155 X123=5 X124=379 X125=30 X126=383 X127=42 X128=178 X129=19 X130=185 X131=64 X132=386 X133=49 X134=343 X135=101 X136=287 X137=10 X138=58 X139=115 X140=313 X141=84 X142=179 X143=290 X144=31 X145=8 X146=29 X147=21 X148=317 X149=118 X150=305 X151=105 X152=61 X153=123 X154=132 X155=393 X156=394 X157=14 X158=180 X159=119 

   
   search
        run=0  nbConstraintChecks=319  depth=(min:0,max:159,avg:1)  nbEffectivePropagations=39  nbRevisions=2126  nbUselessRevisions=2106
        nbAssignments=284  nbFailedAssignments=124  nbBacktracks=0  nbVisitedNodes=409  nbRestartNogoods=0  nbFoundSolutions=1
        upperBound=9223372036854775807
          =>  wckTime=10.454  cpuTime=11.036  mem=88M468

   
   global
        nbConstraintChecks=319  nbEffectivePropagations=39  nbRevisions=2126  nbUselessRevisions=2106  nbRestartNogoods=0  solvingWckTime=10.455
        expiredTime=no  totalExploration=no  nbFoundSolutions=1  firstSolutionCpuTime=11.032  Stop=REACHED_GOAL
          =>  wckTime=11.049  cpuTime=11.036  mem=88M468

s SATISFIABLE
v X0=223 X1=218 X2=342 X3=124 X4=36 X5=173 X6=208 X7=212 X8=190 X9=261 X10=240 X11=265 X12=397 X13=207 X14=193 X15=85 X16=62 X17=157 X18=388 X19=2 X20=27 X21=211 X22=294 X23=252 X24=267 X25=278 X26=37 X27=73 X28=78 X29=296 X30=67 X31=12 X32=330 X33=45 X34=219 X35=195 X36=79 X37=253 X38=51 X39=163 X40=152 X41=336 X42=106 X43=88 X44=34 X45=17 X46=52 X47=87 X48=80 X49=200 X50=22 X51=273 X52=156 X53=205 X54=3 X55=358 X56=387 X57=364 X58=41 X59=188 X60=282 X61=367 X62=194 X63=9 X64=279 X65=276 X66=356 X67=280 X68=129 X69=350 X70=109 X71=137 X72=377 X73=250 X74=270 X75=150 X76=133 X77=251 X78=241 X79=247 X80=213 X81=353 X82=166 X83=57 X84=206 X85=1 X86=26 X87=59 X88=91 X89=362 X90=24 X91=332 X92=114 X93=55 X94=170 X95=181 X96=259 X97=204 X98=107 X99=63 X100=341 X101=366 X102=248 X103=139 X104=28 X105=25 X106=131 X107=48 X108=6 X109=371 X110=72 X111=331 X112=38 X113=326 X114=136 X115=221 X116=184 X117=76 X118=141 X119=192 X120=122 X121=380 X122=155 X123=5 X124=379 X125=30 X126=383 X127=42 X128=178 X129=19 X130=185 X131=64 X132=386 X133=49 X134=343 X135=101 X136=287 X137=10 X138=58 X139=115 X140=313 X141=84 X142=179 X143=290 X144=31 X145=8 X146=29 X147=21 X148=317 X149=118 X150=305 X151=105 X152=61 X153=123 X154=132 X155=393 X156=394 X157=14 X158=180 X159=119 
d NODES 284

   totalWckTime=10.955  totalCpuTime=11.037
