
   AbsCon 1.41 (January, 2014) - defaultConfiguration

   
   instance
        framework=CSP  name=Isomorphism-/cluster/gpg/ciaran/sip-benchmarks/benchmarks/si4_m4D_m4D_625/si4_m4D_m625.00/pattern-/cluster/gpg/ciaran/sip-benchmarks/benchmarks/si4_m4D_m4D_625/si4_m4D_m625.00/target
        parameters=/cluster/gpg/ciaran/sip-benchmarks/benchmarks/si4_m4D_m4D_625/si4_m4D_m625.00/pattern,/cluster/gpg/ciaran/sip-benchmarks/benchmarks/si4_m4D_m4D_625/si4_m4D_m625.00/target
      

   loading variables...
        nbVariables=250  nbDomainTypes=1  nbTotalValues=156250  domainSizes=(625:250)
          =>  wckTime=0.253  cpuTime=0.387  mem=11M76

   loading objectives...

   loading constraints...
        nbConstraints=678  nbSpecificConstraints=1  nbExtensionStructures=(1,shared:676)  nbConflictsStructures=(1,shared:676,unbuilt:1)
        degrees=(3:4)(4:30)(5:35)...(7:64)(8:54)(9:13)  arities=(2:677)(250:1)  types=(AllDifferent:1)(ConstraintHardExtensionV-Bits:677)
          =>  wckTime=0.513  cpuTime=0.624  mem=20M775

   INFO : <!-- Start saving the XML representation -->

   INFO : <!-- Stop saving the XML representation of target.xml -->

   Solver SolverBacktrack being built... 
          =>  wckTime=0.836  cpuTime=0.909  mem=46M559

    instantiation X0=382 X1=252 X2=230 X3=209 X4=612 X5=558 X6=83 X7=7 X8=3 X9=334 X10=274 X11=349 X12=511 X13=241 X14=169 X15=575 X16=271 X17=135 X18=213 X19=50 X20=320 X21=40 X22=27 X23=402 X24=493 X25=339 X26=618 X27=299 X28=31 X29=419 X30=395 X31=509 X32=457 X33=600 X34=181 X35=288 X36=327 X37=298 X38=172 X39=308 X40=322 X41=39 X42=156 X43=119 X44=483 X45=611 X46=413 X47=391 X48=434 X49=16 X50=221 X51=8 X52=383 X53=414 X54=282 X55=256 X56=52 X57=464 X58=300 X59=564 X60=123 X61=412 X62=508 X63=465 X64=266 X65=430 X66=471 X67=238 X68=555 X69=295 X70=237 X71=460 X72=48 X73=55 X74=227 X75=567 X76=37 X77=258 X78=432 X79=89 X80=335 X81=485 X82=0 X83=217 X84=244 X85=596 X86=472 X87=263 X88=390 X89=66 X90=396 X91=367 X92=578 X93=42 X94=220 X95=365 X96=580 X97=319 X98=435 X99=91 X100=139 X101=516 X102=446 X103=589 X104=79 X105=500 X106=456 X107=301 X108=95 X109=57 X110=245 X111=559 X112=133 X113=22 X114=352 X115=565 X116=443 X117=520 X118=90 X119=141 X120=576 X121=427 X122=10 X123=155 X124=264 X125=433 X126=147 X127=621 X128=183 X129=528 X130=179 X131=392 X132=579 X133=112 X134=126 X135=548 X136=267 X137=408 X138=29 X139=284 X140=504 X141=523 X142=467 X143=616 X144=461 X145=475 X146=360 X147=587 X148=164 X149=75 X150=297 X151=93 X152=530 X153=5 X154=82 X155=219 X156=538 X157=317 X158=546 X159=379 X160=436 X161=537 X162=113 X163=32 X164=160 X165=415 X166=296 X167=394 X168=613 X169=111 X170=514 X171=180 X172=59 X173=377 X174=521 X175=506 X176=101 X177=384 X178=401 X179=195 X180=477 X181=314 X182=332 X183=15 X184=73 X185=607 X186=375 X187=603 X188=544 X189=602 X190=215 X191=447 X192=64 X193=189 X194=19 X195=28 X196=469 X197=45 X198=381 X199=416 X200=440 X201=261 X202=70 X203=76 X204=21 X205=604 X206=562 X207=424 X208=451 X209=552 X210=281 X211=12 X212=397 X213=56 X214=398 X215=287 X216=605 X217=368 X218=386 X219=541 X220=492 X221=570 X222=615 X223=194 X224=26 X225=505 X226=330 X227=316 X228=165 X229=325 X230=84 X231=519 X232=333 X233=586 X234=44 X235=584 X236=517 X237=487 X238=513 X239=459 X240=480 X241=171 X242=556 X243=14 X244=99 X245=557 X246=154 X247=166 X248=72 X249=307 

    solution X0=382 X1=252 X2=230 X3=209 X4=612 X5=558 X6=83 X7=7 X8=3 X9=334 X10=274 X11=349 X12=511 X13=241 X14=169 X15=575 X16=271 X17=135 X18=213 X19=50 X20=320 X21=40 X22=27 X23=402 X24=493 X25=339 X26=618 X27=299 X28=31 X29=419 X30=395 X31=509 X32=457 X33=600 X34=181 X35=288 X36=327 X37=298 X38=172 X39=308 X40=322 X41=39 X42=156 X43=119 X44=483 X45=611 X46=413 X47=391 X48=434 X49=16 X50=221 X51=8 X52=383 X53=414 X54=282 X55=256 X56=52 X57=464 X58=300 X59=564 X60=123 X61=412 X62=508 X63=465 X64=266 X65=430 X66=471 X67=238 X68=555 X69=295 X70=237 X71=460 X72=48 X73=55 X74=227 X75=567 X76=37 X77=258 X78=432 X79=89 X80=335 X81=485 X82=0 X83=217 X84=244 X85=596 X86=472 X87=263 X88=390 X89=66 X90=396 X91=367 X92=578 X93=42 X94=220 X95=365 X96=580 X97=319 X98=435 X99=91 X100=139 X101=516 X102=446 X103=589 X104=79 X105=500 X106=456 X107=301 X108=95 X109=57 X110=245 X111=559 X112=133 X113=22 X114=352 X115=565 X116=443 X117=520 X118=90 X119=141 X120=576 X121=427 X122=10 X123=155 X124=264 X125=433 X126=147 X127=621 X128=183 X129=528 X130=179 X131=392 X132=579 X133=112 X134=126 X135=548 X136=267 X137=408 X138=29 X139=284 X140=504 X141=523 X142=467 X143=616 X144=461 X145=475 X146=360 X147=587 X148=164 X149=75 X150=297 X151=93 X152=530 X153=5 X154=82 X155=219 X156=538 X157=317 X158=546 X159=379 X160=436 X161=537 X162=113 X163=32 X164=160 X165=415 X166=296 X167=394 X168=613 X169=111 X170=514 X171=180 X172=59 X173=377 X174=521 X175=506 X176=101 X177=384 X178=401 X179=195 X180=477 X181=314 X182=332 X183=15 X184=73 X185=607 X186=375 X187=603 X188=544 X189=602 X190=215 X191=447 X192=64 X193=189 X194=19 X195=28 X196=469 X197=45 X198=381 X199=416 X200=440 X201=261 X202=70 X203=76 X204=21 X205=604 X206=562 X207=424 X208=451 X209=552 X210=281 X211=12 X212=397 X213=56 X214=398 X215=287 X216=605 X217=368 X218=386 X219=541 X220=492 X221=570 X222=615 X223=194 X224=26 X225=505 X226=330 X227=316 X228=165 X229=325 X230=84 X231=519 X232=333 X233=586 X234=44 X235=584 X236=517 X237=487 X238=513 X239=459 X240=480 X241=171 X242=556 X243=14 X244=99 X245=557 X246=154 X247=166 X248=72 X249=307 

   
   search
        run=0  nbConstraintChecks=678  depth=(min:0,max:249,avg:1)  nbEffectivePropagations=356  nbRevisions=4142  nbUselessRevisions=4087
        nbAssignments=406  nbFailedAssignments=156  nbBacktracks=0  nbVisitedNodes=563  nbRestartNogoods=0  nbFoundSolutions=1
        upperBound=9223372036854775807
          =>  wckTime=16.27  cpuTime=17.004  mem=192M224

   
   global
        nbConstraintChecks=678  nbEffectivePropagations=356  nbRevisions=4142  nbUselessRevisions=4087  nbRestartNogoods=0  solvingWckTime=16.27
        expiredTime=no  totalExploration=no  nbFoundSolutions=1  firstSolutionCpuTime=16.997  Stop=REACHED_GOAL
          =>  wckTime=17.106  cpuTime=17.004  mem=192M224

s SATISFIABLE
v X0=382 X1=252 X2=230 X3=209 X4=612 X5=558 X6=83 X7=7 X8=3 X9=334 X10=274 X11=349 X12=511 X13=241 X14=169 X15=575 X16=271 X17=135 X18=213 X19=50 X20=320 X21=40 X22=27 X23=402 X24=493 X25=339 X26=618 X27=299 X28=31 X29=419 X30=395 X31=509 X32=457 X33=600 X34=181 X35=288 X36=327 X37=298 X38=172 X39=308 X40=322 X41=39 X42=156 X43=119 X44=483 X45=611 X46=413 X47=391 X48=434 X49=16 X50=221 X51=8 X52=383 X53=414 X54=282 X55=256 X56=52 X57=464 X58=300 X59=564 X60=123 X61=412 X62=508 X63=465 X64=266 X65=430 X66=471 X67=238 X68=555 X69=295 X70=237 X71=460 X72=48 X73=55 X74=227 X75=567 X76=37 X77=258 X78=432 X79=89 X80=335 X81=485 X82=0 X83=217 X84=244 X85=596 X86=472 X87=263 X88=390 X89=66 X90=396 X91=367 X92=578 X93=42 X94=220 X95=365 X96=580 X97=319 X98=435 X99=91 X100=139 X101=516 X102=446 X103=589 X104=79 X105=500 X106=456 X107=301 X108=95 X109=57 X110=245 X111=559 X112=133 X113=22 X114=352 X115=565 X116=443 X117=520 X118=90 X119=141 X120=576 X121=427 X122=10 X123=155 X124=264 X125=433 X126=147 X127=621 X128=183 X129=528 X130=179 X131=392 X132=579 X133=112 X134=126 X135=548 X136=267 X137=408 X138=29 X139=284 X140=504 X141=523 X142=467 X143=616 X144=461 X145=475 X146=360 X147=587 X148=164 X149=75 X150=297 X151=93 X152=530 X153=5 X154=82 X155=219 X156=538 X157=317 X158=546 X159=379 X160=436 X161=537 X162=113 X163=32 X164=160 X165=415 X166=296 X167=394 X168=613 X169=111 X170=514 X171=180 X172=59 X173=377 X174=521 X175=506 X176=101 X177=384 X178=401 X179=195 X180=477 X181=314 X182=332 X183=15 X184=73 X185=607 X186=375 X187=603 X188=544 X189=602 X190=215 X191=447 X192=64 X193=189 X194=19 X195=28 X196=469 X197=45 X198=381 X199=416 X200=440 X201=261 X202=70 X203=76 X204=21 X205=604 X206=562 X207=424 X208=451 X209=552 X210=281 X211=12 X212=397 X213=56 X214=398 X215=287 X216=605 X217=368 X218=386 X219=541 X220=492 X221=570 X222=615 X223=194 X224=26 X225=505 X226=330 X227=316 X228=165 X229=325 X230=84 X231=519 X232=333 X233=586 X234=44 X235=584 X236=517 X237=487 X238=513 X239=459 X240=480 X241=171 X242=556 X243=14 X244=99 X245=557 X246=154 X247=166 X248=72 X249=307 
d NODES 406

   totalWckTime=16.97  totalCpuTime=17.005
