
   AbsCon 1.41 (January, 2014) - defaultConfiguration

   
   instance
        framework=CSP  name=Isomorphism-/cluster/gpg/ciaran/sip-benchmarks/benchmarks/si4_bvg_b03m_400/si4_b03m_m400.05/pattern-/cluster/gpg/ciaran/sip-benchmarks/benchmarks/si4_bvg_b03m_400/si4_b03m_m400.05/target
        parameters=/cluster/gpg/ciaran/sip-benchmarks/benchmarks/si4_bvg_b03m_400/si4_b03m_m400.05/pattern,/cluster/gpg/ciaran/sip-benchmarks/benchmarks/si4_bvg_b03m_400/si4_b03m_m400.05/target
      

   loading variables...
        nbVariables=160  nbDomainTypes=1  nbTotalValues=64000  domainSizes=(400:160)
          =>  wckTime=0.208  cpuTime=0.313  mem=6M16

   loading objectives...

   loading constraints...
        nbConstraints=208  nbSpecificConstraints=1  nbExtensionStructures=(1,shared:206)  nbConflictsStructures=(1,shared:206,unbuilt:1)
        degrees=(2:47)(3:32)(4:66)...(10:3)(14:1)(15:1)  arities=(2:207)(160:1)  types=(AllDifferent:1)(ConstraintHardExtensionV-Bits:207)
          =>  wckTime=0.298  cpuTime=0.402  mem=13M125

   INFO : <!-- Start saving the XML representation -->

   INFO : <!-- Stop saving the XML representation of target.xml -->

   Solver SolverBacktrack being built... 
          =>  wckTime=0.587  cpuTime=0.649  mem=23M252

    instantiation X0=0 X1=20 X2=110 X3=192 X4=214 X5=216 X6=221 X7=231 X8=238 X9=259 X10=288 X11=310 X12=334 X13=388 X14=394 X15=96 X16=135 X17=224 X18=275 X19=30 X20=112 X21=382 X22=154 X23=187 X24=244 X25=82 X26=147 X27=51 X28=236 X29=149 X30=206 X31=65 X32=125 X33=48 X34=113 X35=300 X36=373 X37=11 X38=318 X39=194 X40=291 X41=306 X42=308 X43=160 X44=197 X45=3 X46=8 X47=267 X48=58 X49=6 X50=145 X51=289 X52=302 X53=369 X54=66 X55=1 X56=384 X57=139 X58=389 X59=398 X60=285 X61=301 X62=326 X63=242 X64=282 X65=323 X66=132 X67=143 X68=146 X69=67 X70=142 X71=182 X72=365 X73=12 X74=108 X75=253 X76=363 X77=35 X78=233 X79=247 X80=165 X81=390 X82=7 X83=16 X84=220 X85=78 X86=33 X87=34 X88=88 X89=157 X90=201 X91=297 X92=354 X93=381 X94=9 X95=105 X96=107 X97=218 X98=219 X99=245 X100=292 X101=329 X102=167 X103=261 X104=200 X105=69 X106=77 X107=100 X108=205 X109=13 X110=120 X111=333 X112=357 X113=230 X114=26 X115=41 X116=87 X117=114 X118=189 X119=248 X120=158 X121=313 X122=377 X123=52 X124=254 X125=304 X126=207 X127=80 X128=28 X129=356 X130=155 X131=256 X132=312 X133=336 X134=21 X135=2 X136=345 X137=172 X138=227 X139=15 X140=95 X141=111 X142=190 X143=314 X144=315 X145=330 X146=83 X147=68 X148=399 X149=55 X150=151 X151=164 X152=237 X153=374 X154=175 X155=23 X156=372 X157=22 X158=148 X159=178 

    solution X0=0 X1=20 X2=110 X3=192 X4=214 X5=216 X6=221 X7=231 X8=238 X9=259 X10=288 X11=310 X12=334 X13=388 X14=394 X15=96 X16=135 X17=224 X18=275 X19=30 X20=112 X21=382 X22=154 X23=187 X24=244 X25=82 X26=147 X27=51 X28=236 X29=149 X30=206 X31=65 X32=125 X33=48 X34=113 X35=300 X36=373 X37=11 X38=318 X39=194 X40=291 X41=306 X42=308 X43=160 X44=197 X45=3 X46=8 X47=267 X48=58 X49=6 X50=145 X51=289 X52=302 X53=369 X54=66 X55=1 X56=384 X57=139 X58=389 X59=398 X60=285 X61=301 X62=326 X63=242 X64=282 X65=323 X66=132 X67=143 X68=146 X69=67 X70=142 X71=182 X72=365 X73=12 X74=108 X75=253 X76=363 X77=35 X78=233 X79=247 X80=165 X81=390 X82=7 X83=16 X84=220 X85=78 X86=33 X87=34 X88=88 X89=157 X90=201 X91=297 X92=354 X93=381 X94=9 X95=105 X96=107 X97=218 X98=219 X99=245 X100=292 X101=329 X102=167 X103=261 X104=200 X105=69 X106=77 X107=100 X108=205 X109=13 X110=120 X111=333 X112=357 X113=230 X114=26 X115=41 X116=87 X117=114 X118=189 X119=248 X120=158 X121=313 X122=377 X123=52 X124=254 X125=304 X126=207 X127=80 X128=28 X129=356 X130=155 X131=256 X132=312 X133=336 X134=21 X135=2 X136=345 X137=172 X138=227 X139=15 X140=95 X141=111 X142=190 X143=314 X144=315 X145=330 X146=83 X147=68 X148=399 X149=55 X150=151 X151=164 X152=237 X153=374 X154=175 X155=23 X156=372 X157=22 X158=148 X159=178 

   
   search
        run=0  nbConstraintChecks=208  depth=(min:161,max:159,avg:0)  nbEffectivePropagations=125  nbRevisions=597  nbUselessRevisions=597
        nbAssignments=160  nbFailedAssignments=0  nbBacktracks=0  nbVisitedNodes=161  nbRestartNogoods=0  nbFoundSolutions=1
        upperBound=9223372036854775807
          =>  wckTime=3.279  cpuTime=3.813  mem=211M336

   
   global
        nbConstraintChecks=208  nbEffectivePropagations=125  nbRevisions=597  nbUselessRevisions=597  nbRestartNogoods=0  solvingWckTime=3.28
        expiredTime=no  totalExploration=no  nbFoundSolutions=1  firstSolutionCpuTime=3.804  Stop=REACHED_GOAL
          =>  wckTime=3.867  cpuTime=3.813  mem=211M336

s SATISFIABLE
v X0=0 X1=20 X2=110 X3=192 X4=214 X5=216 X6=221 X7=231 X8=238 X9=259 X10=288 X11=310 X12=334 X13=388 X14=394 X15=96 X16=135 X17=224 X18=275 X19=30 X20=112 X21=382 X22=154 X23=187 X24=244 X25=82 X26=147 X27=51 X28=236 X29=149 X30=206 X31=65 X32=125 X33=48 X34=113 X35=300 X36=373 X37=11 X38=318 X39=194 X40=291 X41=306 X42=308 X43=160 X44=197 X45=3 X46=8 X47=267 X48=58 X49=6 X50=145 X51=289 X52=302 X53=369 X54=66 X55=1 X56=384 X57=139 X58=389 X59=398 X60=285 X61=301 X62=326 X63=242 X64=282 X65=323 X66=132 X67=143 X68=146 X69=67 X70=142 X71=182 X72=365 X73=12 X74=108 X75=253 X76=363 X77=35 X78=233 X79=247 X80=165 X81=390 X82=7 X83=16 X84=220 X85=78 X86=33 X87=34 X88=88 X89=157 X90=201 X91=297 X92=354 X93=381 X94=9 X95=105 X96=107 X97=218 X98=219 X99=245 X100=292 X101=329 X102=167 X103=261 X104=200 X105=69 X106=77 X107=100 X108=205 X109=13 X110=120 X111=333 X112=357 X113=230 X114=26 X115=41 X116=87 X117=114 X118=189 X119=248 X120=158 X121=313 X122=377 X123=52 X124=254 X125=304 X126=207 X127=80 X128=28 X129=356 X130=155 X131=256 X132=312 X133=336 X134=21 X135=2 X136=345 X137=172 X138=227 X139=15 X140=95 X141=111 X142=190 X143=314 X144=315 X145=330 X146=83 X147=68 X148=399 X149=55 X150=151 X151=164 X152=237 X153=374 X154=175 X155=23 X156=372 X157=22 X158=148 X159=178 
d NODES 160

   totalWckTime=3.76  totalCpuTime=3.814
