
   AbsCon 1.41 (January, 2014) - defaultConfiguration

   
   instance
        framework=CSP  name=Isomorphism-/cluster/gpg/ciaran/sip-benchmarks/benchmarks/si4_m4D_m4Dr2_625/si4_m4Dr2_m625.03/pattern-/cluster/gpg/ciaran/sip-benchmarks/benchmarks/si4_m4D_m4Dr2_625/si4_m4Dr2_m625.03/target
        parameters=/cluster/gpg/ciaran/sip-benchmarks/benchmarks/si4_m4D_m4Dr2_625/si4_m4Dr2_m625.03/pattern,/cluster/gpg/ciaran/sip-benchmarks/benchmarks/si4_m4D_m4Dr2_625/si4_m4Dr2_m625.03/target
      

   loading variables...
        nbVariables=250  nbDomainTypes=1  nbTotalValues=156250  domainSizes=(625:250)
          =>  wckTime=0.23  cpuTime=0.326  mem=11M91

   loading objectives...

   loading constraints...
        nbConstraints=528  nbSpecificConstraints=1  nbExtensionStructures=(1,shared:526)  nbConflictsStructures=(1,shared:526,unbuilt:1)
        degrees=(2:25)(3:33)(4:38)...(8:21)(9:5)(10:2)  arities=(2:527)(250:1)  types=(AllDifferent:1)(ConstraintHardExtensionV-Bits:527)
          =>  wckTime=0.455  cpuTime=0.536  mem=30M13

   INFO : <!-- Start saving the XML representation -->

   INFO : <!-- Stop saving the XML representation of target.xml -->

   Solver SolverBacktrack being built... 
          =>  wckTime=0.786  cpuTime=0.821  mem=37M301

    instantiation X0=0 X1=15 X2=152 X3=158 X4=289 X5=325 X6=460 X7=575 X8=19 X9=186 X10=354 X11=395 X12=546 X13=623 X14=31 X15=199 X16=248 X17=434 X18=527 X19=101 X20=501 X21=556 X22=57 X23=396 X24=488 X25=25 X26=236 X27=311 X28=518 X29=79 X30=318 X31=368 X32=566 X33=17 X34=47 X35=242 X36=285 X37=367 X38=536 X39=137 X40=277 X41=567 X42=608 X43=163 X44=194 X45=423 X46=9 X47=86 X48=571 X49=181 X50=210 X51=140 X52=114 X53=150 X54=225 X55=309 X56=42 X57=116 X58=440 X59=104 X60=430 X61=605 X62=253 X63=515 X64=246 X65=178 X66=582 X67=162 X68=471 X69=478 X70=200 X71=369 X72=112 X73=473 X74=565 X75=24 X76=222 X77=427 X78=118 X79=329 X80=317 X81=350 X82=381 X83=417 X84=443 X85=531 X86=40 X87=94 X88=113 X89=185 X90=340 X91=380 X92=428 X93=221 X94=426 X95=461 X96=523 X97=126 X98=148 X99=415 X100=455 X101=476 X102=529 X103=304 X104=410 X105=588 X106=168 X107=321 X108=372 X109=458 X110=485 X111=13 X112=171 X113=240 X114=482 X115=522 X116=212 X117=4 X118=134 X119=353 X120=614 X121=153 X122=534 X123=84 X124=348 X125=100 X126=387 X127=70 X128=233 X129=266 X130=120 X131=547 X132=394 X133=89 X134=151 X135=333 X136=364 X137=549 X138=95 X139=97 X140=500 X141=573 X142=621 X143=76 X144=252 X145=431 X146=265 X147=341 X148=124 X149=349 X150=3 X151=205 X152=235 X153=284 X154=503 X155=437 X156=262 X157=586 X158=360 X159=327 X160=355 X161=144 X162=332 X163=409 X164=558 X165=319 X166=610 X167=189 X168=36 X169=51 X170=133 X171=345 X172=472 X173=533 X174=617 X175=217 X176=462 X177=111 X178=119 X179=511 X180=385 X181=512 X182=68 X183=496 X184=102 X185=204 X186=226 X187=483 X188=306 X189=414 X190=553 X191=37 X192=357 X193=386 X194=445 X195=520 X196=16 X197=490 X198=72 X199=73 X200=555 X201=602 X202=49 X203=216 X204=310 X205=469 X206=519 X207=28 X208=198 X209=127 X210=429 X211=105 X212=305 X213=314 X214=619 X215=292 X216=554 X217=613 X218=21 X219=283 X220=398 X221=237 X222=376 X223=506 X224=561 X225=67 X226=78 X227=346 X228=597 X229=439 X230=477 X231=467 X232=513 X233=574 X234=229 X235=316 X236=383 X237=590 X238=38 X239=486 X240=535 X241=577 X242=403 X243=48 X244=291 X245=489 X246=131 X247=479 X248=514 X249=66 

    solution X0=0 X1=15 X2=152 X3=158 X4=289 X5=325 X6=460 X7=575 X8=19 X9=186 X10=354 X11=395 X12=546 X13=623 X14=31 X15=199 X16=248 X17=434 X18=527 X19=101 X20=501 X21=556 X22=57 X23=396 X24=488 X25=25 X26=236 X27=311 X28=518 X29=79 X30=318 X31=368 X32=566 X33=17 X34=47 X35=242 X36=285 X37=367 X38=536 X39=137 X40=277 X41=567 X42=608 X43=163 X44=194 X45=423 X46=9 X47=86 X48=571 X49=181 X50=210 X51=140 X52=114 X53=150 X54=225 X55=309 X56=42 X57=116 X58=440 X59=104 X60=430 X61=605 X62=253 X63=515 X64=246 X65=178 X66=582 X67=162 X68=471 X69=478 X70=200 X71=369 X72=112 X73=473 X74=565 X75=24 X76=222 X77=427 X78=118 X79=329 X80=317 X81=350 X82=381 X83=417 X84=443 X85=531 X86=40 X87=94 X88=113 X89=185 X90=340 X91=380 X92=428 X93=221 X94=426 X95=461 X96=523 X97=126 X98=148 X99=415 X100=455 X101=476 X102=529 X103=304 X104=410 X105=588 X106=168 X107=321 X108=372 X109=458 X110=485 X111=13 X112=171 X113=240 X114=482 X115=522 X116=212 X117=4 X118=134 X119=353 X120=614 X121=153 X122=534 X123=84 X124=348 X125=100 X126=387 X127=70 X128=233 X129=266 X130=120 X131=547 X132=394 X133=89 X134=151 X135=333 X136=364 X137=549 X138=95 X139=97 X140=500 X141=573 X142=621 X143=76 X144=252 X145=431 X146=265 X147=341 X148=124 X149=349 X150=3 X151=205 X152=235 X153=284 X154=503 X155=437 X156=262 X157=586 X158=360 X159=327 X160=355 X161=144 X162=332 X163=409 X164=558 X165=319 X166=610 X167=189 X168=36 X169=51 X170=133 X171=345 X172=472 X173=533 X174=617 X175=217 X176=462 X177=111 X178=119 X179=511 X180=385 X181=512 X182=68 X183=496 X184=102 X185=204 X186=226 X187=483 X188=306 X189=414 X190=553 X191=37 X192=357 X193=386 X194=445 X195=520 X196=16 X197=490 X198=72 X199=73 X200=555 X201=602 X202=49 X203=216 X204=310 X205=469 X206=519 X207=28 X208=198 X209=127 X210=429 X211=105 X212=305 X213=314 X214=619 X215=292 X216=554 X217=613 X218=21 X219=283 X220=398 X221=237 X222=376 X223=506 X224=561 X225=67 X226=78 X227=346 X228=597 X229=439 X230=477 X231=467 X232=513 X233=574 X234=229 X235=316 X236=383 X237=590 X238=38 X239=486 X240=535 X241=577 X242=403 X243=48 X244=291 X245=489 X246=131 X247=479 X248=514 X249=66 

   
   search
        run=0  nbConstraintChecks=528  depth=(min:0,max:249,avg:1)  nbEffectivePropagations=919  nbRevisions=10053  nbUselessRevisions=9248
        nbAssignments=710  nbFailedAssignments=460  nbBacktracks=0  nbVisitedNodes=1171  nbRestartNogoods=0  nbFoundSolutions=1
        upperBound=9223372036854775807
          =>  wckTime=20.013  cpuTime=20.638  mem=133M359

   
   global
        nbConstraintChecks=528  nbEffectivePropagations=919  nbRevisions=10053  nbUselessRevisions=9248  nbRestartNogoods=0  solvingWckTime=20.014
        expiredTime=no  totalExploration=no  nbFoundSolutions=1  firstSolutionCpuTime=20.631  Stop=REACHED_GOAL
          =>  wckTime=20.801  cpuTime=20.638  mem=133M359

s SATISFIABLE
v X0=0 X1=15 X2=152 X3=158 X4=289 X5=325 X6=460 X7=575 X8=19 X9=186 X10=354 X11=395 X12=546 X13=623 X14=31 X15=199 X16=248 X17=434 X18=527 X19=101 X20=501 X21=556 X22=57 X23=396 X24=488 X25=25 X26=236 X27=311 X28=518 X29=79 X30=318 X31=368 X32=566 X33=17 X34=47 X35=242 X36=285 X37=367 X38=536 X39=137 X40=277 X41=567 X42=608 X43=163 X44=194 X45=423 X46=9 X47=86 X48=571 X49=181 X50=210 X51=140 X52=114 X53=150 X54=225 X55=309 X56=42 X57=116 X58=440 X59=104 X60=430 X61=605 X62=253 X63=515 X64=246 X65=178 X66=582 X67=162 X68=471 X69=478 X70=200 X71=369 X72=112 X73=473 X74=565 X75=24 X76=222 X77=427 X78=118 X79=329 X80=317 X81=350 X82=381 X83=417 X84=443 X85=531 X86=40 X87=94 X88=113 X89=185 X90=340 X91=380 X92=428 X93=221 X94=426 X95=461 X96=523 X97=126 X98=148 X99=415 X100=455 X101=476 X102=529 X103=304 X104=410 X105=588 X106=168 X107=321 X108=372 X109=458 X110=485 X111=13 X112=171 X113=240 X114=482 X115=522 X116=212 X117=4 X118=134 X119=353 X120=614 X121=153 X122=534 X123=84 X124=348 X125=100 X126=387 X127=70 X128=233 X129=266 X130=120 X131=547 X132=394 X133=89 X134=151 X135=333 X136=364 X137=549 X138=95 X139=97 X140=500 X141=573 X142=621 X143=76 X144=252 X145=431 X146=265 X147=341 X148=124 X149=349 X150=3 X151=205 X152=235 X153=284 X154=503 X155=437 X156=262 X157=586 X158=360 X159=327 X160=355 X161=144 X162=332 X163=409 X164=558 X165=319 X166=610 X167=189 X168=36 X169=51 X170=133 X171=345 X172=472 X173=533 X174=617 X175=217 X176=462 X177=111 X178=119 X179=511 X180=385 X181=512 X182=68 X183=496 X184=102 X185=204 X186=226 X187=483 X188=306 X189=414 X190=553 X191=37 X192=357 X193=386 X194=445 X195=520 X196=16 X197=490 X198=72 X199=73 X200=555 X201=602 X202=49 X203=216 X204=310 X205=469 X206=519 X207=28 X208=198 X209=127 X210=429 X211=105 X212=305 X213=314 X214=619 X215=292 X216=554 X217=613 X218=21 X219=283 X220=398 X221=237 X222=376 X223=506 X224=561 X225=67 X226=78 X227=346 X228=597 X229=439 X230=477 X231=467 X232=513 X233=574 X234=229 X235=316 X236=383 X237=590 X238=38 X239=486 X240=535 X241=577 X242=403 X243=48 X244=291 X245=489 X246=131 X247=479 X248=514 X249=66 
d NODES 710

   totalWckTime=20.705  totalCpuTime=20.639
