
   AbsCon 1.41 (January, 2014) - defaultConfiguration

   
   instance
        framework=CSP  name=Isomorphism-/cluster/gpg/ciaran/sip-benchmarks/benchmarks/si6_rand_r005_400/si6_r005_m400.03/pattern-/cluster/gpg/ciaran/sip-benchmarks/benchmarks/si6_rand_r005_400/si6_r005_m400.03/target
        parameters=/cluster/gpg/ciaran/sip-benchmarks/benchmarks/si6_rand_r005_400/si6_r005_m400.03/pattern,/cluster/gpg/ciaran/sip-benchmarks/benchmarks/si6_rand_r005_400/si6_r005_m400.03/target
      

   loading variables...
        nbVariables=240  nbDomainTypes=1  nbTotalValues=96000  domainSizes=(400:240)
          =>  wckTime=0.228  cpuTime=0.33  mem=8M700

   loading objectives...

   loading constraints...
        nbConstraints=2796  nbSpecificConstraints=1  nbExtensionStructures=(1,shared:2794)  nbConflictsStructures=(1,shared:2794,unbuilt:1)
        degrees=(14:3)(16:6)(17:6)...(36:1)(37:1)(39:1)  arities=(2:2795)(240:1)  types=(AllDifferent:1)(ConstraintHardExtensionV-Bits:2795)
          =>  wckTime=1.174  cpuTime=1.231  mem=150M358

   INFO : <!-- Start saving the XML representation -->

   INFO : <!-- Stop saving the XML representation of target.xml -->

   Solver SolverBacktrack being built... 
          =>  wckTime=1.516  cpuTime=1.535  mem=38M398

    instantiation X0=380 X1=249 X2=223 X3=143 X4=91 X5=323 X6=65 X7=287 X8=75 X9=105 X10=58 X11=79 X12=101 X13=80 X14=221 X15=190 X16=349 X17=121 X18=313 X19=74 X20=347 X21=111 X22=96 X23=290 X24=207 X25=332 X26=146 X27=177 X28=72 X29=360 X30=300 X31=42 X32=267 X33=231 X34=224 X35=103 X36=86 X37=90 X38=138 X39=133 X40=76 X41=203 X42=100 X43=296 X44=310 X45=187 X46=170 X47=342 X48=335 X49=330 X50=254 X51=391 X52=279 X53=166 X54=5 X55=185 X56=158 X57=41 X58=116 X59=127 X60=389 X61=60 X62=29 X63=22 X64=155 X65=372 X66=218 X67=6 X68=216 X69=81 X70=164 X71=106 X72=202 X73=152 X74=46 X75=84 X76=73 X77=256 X78=13 X79=144 X80=321 X81=311 X82=266 X83=150 X84=25 X85=205 X86=153 X87=280 X88=136 X89=242 X90=97 X91=21 X92=363 X93=353 X94=122 X95=214 X96=345 X97=204 X98=110 X99=191 X100=186 X101=210 X102=123 X103=309 X104=89 X105=142 X106=262 X107=339 X108=168 X109=232 X110=390 X111=27 X112=7 X113=374 X114=263 X115=17 X116=184 X117=148 X118=270 X119=220 X120=172 X121=48 X122=188 X123=229 X124=147 X125=139 X126=318 X127=125 X128=63 X129=376 X130=209 X131=356 X132=36 X133=295 X134=198 X135=199 X136=193 X137=331 X138=12 X139=272 X140=68 X141=53 X142=241 X143=3 X144=129 X145=45 X146=283 X147=230 X148=135 X149=112 X150=375 X151=328 X152=243 X153=64 X154=67 X155=265 X156=87 X157=82 X158=145 X159=350 X160=51 X161=293 X162=297 X163=206 X164=357 X165=367 X166=240 X167=286 X168=157 X169=306 X170=250 X171=268 X172=165 X173=257 X174=173 X175=32 X176=244 X177=16 X178=174 X179=381 X180=2 X181=11 X182=314 X183=95 X184=226 X185=107 X186=160 X187=227 X188=50 X189=59 X190=285 X191=117 X192=159 X193=399 X194=366 X195=259 X196=326 X197=316 X198=397 X199=222 X200=233 X201=320 X202=98 X203=269 X204=179 X205=120 X206=359 X207=371 X208=246 X209=386 X210=238 X211=201 X212=141 X213=322 X214=10 X215=35 X216=61 X217=85 X218=118 X219=334 X220=195 X221=398 X222=18 X223=124 X224=55 X225=131 X226=54 X227=301 X228=219 X229=115 X230=37 X231=304 X232=24 X233=377 X234=38 X235=28 X236=388 X237=189 X238=273 X239=171 

    solution X0=380 X1=249 X2=223 X3=143 X4=91 X5=323 X6=65 X7=287 X8=75 X9=105 X10=58 X11=79 X12=101 X13=80 X14=221 X15=190 X16=349 X17=121 X18=313 X19=74 X20=347 X21=111 X22=96 X23=290 X24=207 X25=332 X26=146 X27=177 X28=72 X29=360 X30=300 X31=42 X32=267 X33=231 X34=224 X35=103 X36=86 X37=90 X38=138 X39=133 X40=76 X41=203 X42=100 X43=296 X44=310 X45=187 X46=170 X47=342 X48=335 X49=330 X50=254 X51=391 X52=279 X53=166 X54=5 X55=185 X56=158 X57=41 X58=116 X59=127 X60=389 X61=60 X62=29 X63=22 X64=155 X65=372 X66=218 X67=6 X68=216 X69=81 X70=164 X71=106 X72=202 X73=152 X74=46 X75=84 X76=73 X77=256 X78=13 X79=144 X80=321 X81=311 X82=266 X83=150 X84=25 X85=205 X86=153 X87=280 X88=136 X89=242 X90=97 X91=21 X92=363 X93=353 X94=122 X95=214 X96=345 X97=204 X98=110 X99=191 X100=186 X101=210 X102=123 X103=309 X104=89 X105=142 X106=262 X107=339 X108=168 X109=232 X110=390 X111=27 X112=7 X113=374 X114=263 X115=17 X116=184 X117=148 X118=270 X119=220 X120=172 X121=48 X122=188 X123=229 X124=147 X125=139 X126=318 X127=125 X128=63 X129=376 X130=209 X131=356 X132=36 X133=295 X134=198 X135=199 X136=193 X137=331 X138=12 X139=272 X140=68 X141=53 X142=241 X143=3 X144=129 X145=45 X146=283 X147=230 X148=135 X149=112 X150=375 X151=328 X152=243 X153=64 X154=67 X155=265 X156=87 X157=82 X158=145 X159=350 X160=51 X161=293 X162=297 X163=206 X164=357 X165=367 X166=240 X167=286 X168=157 X169=306 X170=250 X171=268 X172=165 X173=257 X174=173 X175=32 X176=244 X177=16 X178=174 X179=381 X180=2 X181=11 X182=314 X183=95 X184=226 X185=107 X186=160 X187=227 X188=50 X189=59 X190=285 X191=117 X192=159 X193=399 X194=366 X195=259 X196=326 X197=316 X198=397 X199=222 X200=233 X201=320 X202=98 X203=269 X204=179 X205=120 X206=359 X207=371 X208=246 X209=386 X210=238 X211=201 X212=141 X213=322 X214=10 X215=35 X216=61 X217=85 X218=118 X219=334 X220=195 X221=398 X222=18 X223=124 X224=55 X225=131 X226=54 X227=301 X228=219 X229=115 X230=37 X231=304 X232=24 X233=377 X234=38 X235=28 X236=388 X237=189 X238=273 X239=171 

   
   search
        run=0  nbConstraintChecks=2796  depth=(min:0,max:239,avg:1)  nbEffectivePropagations=26468  nbRevisions=452381  nbUselessRevisions=434108
        nbAssignments=579  nbFailedAssignments=319  nbBacktracks=20  nbVisitedNodes=916  nbRestartNogoods=0  nbFoundSolutions=1
        upperBound=9223372036854775807
          =>  wckTime=122.285  cpuTime=123.675  mem=110M630

   
   global
        nbConstraintChecks=2796  nbEffectivePropagations=26468  nbRevisions=452381  nbUselessRevisions=434108  nbRestartNogoods=0
        solvingWckTime=122.285  expiredTime=no  totalExploration=no  nbFoundSolutions=1  firstSolutionCpuTime=123.669  Stop=REACHED_GOAL
          =>  wckTime=123.801  cpuTime=123.676  mem=110M630

s SATISFIABLE
v X0=380 X1=249 X2=223 X3=143 X4=91 X5=323 X6=65 X7=287 X8=75 X9=105 X10=58 X11=79 X12=101 X13=80 X14=221 X15=190 X16=349 X17=121 X18=313 X19=74 X20=347 X21=111 X22=96 X23=290 X24=207 X25=332 X26=146 X27=177 X28=72 X29=360 X30=300 X31=42 X32=267 X33=231 X34=224 X35=103 X36=86 X37=90 X38=138 X39=133 X40=76 X41=203 X42=100 X43=296 X44=310 X45=187 X46=170 X47=342 X48=335 X49=330 X50=254 X51=391 X52=279 X53=166 X54=5 X55=185 X56=158 X57=41 X58=116 X59=127 X60=389 X61=60 X62=29 X63=22 X64=155 X65=372 X66=218 X67=6 X68=216 X69=81 X70=164 X71=106 X72=202 X73=152 X74=46 X75=84 X76=73 X77=256 X78=13 X79=144 X80=321 X81=311 X82=266 X83=150 X84=25 X85=205 X86=153 X87=280 X88=136 X89=242 X90=97 X91=21 X92=363 X93=353 X94=122 X95=214 X96=345 X97=204 X98=110 X99=191 X100=186 X101=210 X102=123 X103=309 X104=89 X105=142 X106=262 X107=339 X108=168 X109=232 X110=390 X111=27 X112=7 X113=374 X114=263 X115=17 X116=184 X117=148 X118=270 X119=220 X120=172 X121=48 X122=188 X123=229 X124=147 X125=139 X126=318 X127=125 X128=63 X129=376 X130=209 X131=356 X132=36 X133=295 X134=198 X135=199 X136=193 X137=331 X138=12 X139=272 X140=68 X141=53 X142=241 X143=3 X144=129 X145=45 X146=283 X147=230 X148=135 X149=112 X150=375 X151=328 X152=243 X153=64 X154=67 X155=265 X156=87 X157=82 X158=145 X159=350 X160=51 X161=293 X162=297 X163=206 X164=357 X165=367 X166=240 X167=286 X168=157 X169=306 X170=250 X171=268 X172=165 X173=257 X174=173 X175=32 X176=244 X177=16 X178=174 X179=381 X180=2 X181=11 X182=314 X183=95 X184=226 X185=107 X186=160 X187=227 X188=50 X189=59 X190=285 X191=117 X192=159 X193=399 X194=366 X195=259 X196=326 X197=316 X198=397 X199=222 X200=233 X201=320 X202=98 X203=269 X204=179 X205=120 X206=359 X207=371 X208=246 X209=386 X210=238 X211=201 X212=141 X213=322 X214=10 X215=35 X216=61 X217=85 X218=118 X219=334 X220=195 X221=398 X222=18 X223=124 X224=55 X225=131 X226=54 X227=301 X228=219 X229=115 X230=37 X231=304 X232=24 X233=377 X234=38 X235=28 X236=388 X237=189 X238=273 X239=171 
d NODES 579

   totalWckTime=123.7  totalCpuTime=123.676
