
   AbsCon 1.41 (January, 2014) - defaultConfiguration

   
   instance
        framework=CSP  name=Isomorphism-/cluster/gpg/ciaran/sip-benchmarks/benchmarks/si6_m4D_m4Dr6_256/si6_m4Dr6_m256.09/pattern-/cluster/gpg/ciaran/sip-benchmarks/benchmarks/si6_m4D_m4Dr6_256/si6_m4Dr6_m256.09/target
        parameters=/cluster/gpg/ciaran/sip-benchmarks/benchmarks/si6_m4D_m4Dr6_256/si6_m4Dr6_m256.09/pattern,/cluster/gpg/ciaran/sip-benchmarks/benchmarks/si6_m4D_m4Dr6_256/si6_m4Dr6_m256.09/target
      

   loading variables...
        nbVariables=153  nbDomainTypes=1  nbTotalValues=39168  domainSizes=(256:153)
          =>  wckTime=0.256  cpuTime=0.373  mem=4M825

   loading objectives...

   loading constraints...
        nbConstraints=386  nbSpecificConstraints=1  nbExtensionStructures=(1,shared:384)  nbConflictsStructures=(1,shared:384,unbuilt:1)
        degrees=(2:1)(3:15)(4:22)...(10:5)(11:2)(12:1)  arities=(2:385)(153:1)  types=(AllDifferent:1)(ConstraintHardExtensionV-Bits:385)
          =>  wckTime=0.372  cpuTime=0.485  mem=6M683

   INFO : <!-- Start saving the XML representation -->

   INFO : <!-- Stop saving the XML representation of target.xml -->

   Solver SolverBacktrack being built... 
          =>  wckTime=0.596  cpuTime=0.684  mem=24M690

    instantiation X0=0 X1=5 X2=7 X3=31 X4=37 X5=66 X6=97 X7=194 X8=196 X9=53 X10=203 X11=221 X12=251 X13=23 X14=45 X15=142 X16=154 X17=167 X18=198 X19=200 X20=205 X21=212 X22=25 X23=171 X24=197 X25=199 X26=235 X27=39 X28=126 X29=133 X30=208 X31=13 X32=41 X33=114 X34=125 X35=227 X36=69 X37=94 X38=152 X39=189 X40=65 X41=244 X42=15 X43=111 X44=173 X45=43 X46=44 X47=149 X48=99 X49=183 X50=64 X51=75 X52=105 X53=127 X54=164 X55=185 X56=11 X57=40 X58=120 X59=175 X60=211 X61=243 X62=49 X63=79 X64=113 X65=123 X66=161 X67=8 X68=18 X69=56 X70=60 X71=70 X72=190 X73=240 X74=241 X75=103 X76=110 X77=206 X78=80 X79=24 X80=6 X81=207 X82=17 X83=87 X84=93 X85=138 X86=177 X87=216 X88=250 X89=38 X90=104 X91=224 X92=148 X93=204 X94=35 X95=112 X96=116 X97=54 X98=117 X99=157 X100=166 X101=51 X102=82 X103=88 X104=102 X105=146 X106=160 X107=172 X108=174 X109=188 X110=136 X111=153 X112=156 X113=71 X114=130 X115=180 X116=86 X117=19 X118=52 X119=170 X120=220 X121=225 X122=233 X123=150 X124=218 X125=232 X126=81 X127=100 X128=182 X129=186 X130=3 X131=30 X132=74 X133=108 X134=129 X135=214 X136=29 X137=228 X138=62 X139=16 X140=21 X141=2 X142=72 X143=238 X144=26 X145=33 X146=63 X147=247 X148=254 X149=58 X150=57 X151=237 X152=50 

    solution X0=0 X1=5 X2=7 X3=31 X4=37 X5=66 X6=97 X7=194 X8=196 X9=53 X10=203 X11=221 X12=251 X13=23 X14=45 X15=142 X16=154 X17=167 X18=198 X19=200 X20=205 X21=212 X22=25 X23=171 X24=197 X25=199 X26=235 X27=39 X28=126 X29=133 X30=208 X31=13 X32=41 X33=114 X34=125 X35=227 X36=69 X37=94 X38=152 X39=189 X40=65 X41=244 X42=15 X43=111 X44=173 X45=43 X46=44 X47=149 X48=99 X49=183 X50=64 X51=75 X52=105 X53=127 X54=164 X55=185 X56=11 X57=40 X58=120 X59=175 X60=211 X61=243 X62=49 X63=79 X64=113 X65=123 X66=161 X67=8 X68=18 X69=56 X70=60 X71=70 X72=190 X73=240 X74=241 X75=103 X76=110 X77=206 X78=80 X79=24 X80=6 X81=207 X82=17 X83=87 X84=93 X85=138 X86=177 X87=216 X88=250 X89=38 X90=104 X91=224 X92=148 X93=204 X94=35 X95=112 X96=116 X97=54 X98=117 X99=157 X100=166 X101=51 X102=82 X103=88 X104=102 X105=146 X106=160 X107=172 X108=174 X109=188 X110=136 X111=153 X112=156 X113=71 X114=130 X115=180 X116=86 X117=19 X118=52 X119=170 X120=220 X121=225 X122=233 X123=150 X124=218 X125=232 X126=81 X127=100 X128=182 X129=186 X130=3 X131=30 X132=74 X133=108 X134=129 X135=214 X136=29 X137=228 X138=62 X139=16 X140=21 X141=2 X142=72 X143=238 X144=26 X145=33 X146=63 X147=247 X148=254 X149=58 X150=57 X151=237 X152=50 

   
   search
        run=0  nbConstraintChecks=386  depth=(min:0,max:152,avg:1)  nbEffectivePropagations=21  nbRevisions=1190  nbUselessRevisions=1189
        nbAssignments=160  nbFailedAssignments=7  nbBacktracks=0  nbVisitedNodes=168  nbRestartNogoods=0  nbFoundSolutions=1
        upperBound=9223372036854775807
          =>  wckTime=1.694  cpuTime=2.33  mem=32M444

   
   global
        nbConstraintChecks=386  nbEffectivePropagations=21  nbRevisions=1190  nbUselessRevisions=1189  nbRestartNogoods=0  solvingWckTime=1.694
        expiredTime=no  totalExploration=no  nbFoundSolutions=1  firstSolutionCpuTime=2.325  Stop=REACHED_GOAL
          =>  wckTime=2.291  cpuTime=2.33  mem=32M444

s SATISFIABLE
v X0=0 X1=5 X2=7 X3=31 X4=37 X5=66 X6=97 X7=194 X8=196 X9=53 X10=203 X11=221 X12=251 X13=23 X14=45 X15=142 X16=154 X17=167 X18=198 X19=200 X20=205 X21=212 X22=25 X23=171 X24=197 X25=199 X26=235 X27=39 X28=126 X29=133 X30=208 X31=13 X32=41 X33=114 X34=125 X35=227 X36=69 X37=94 X38=152 X39=189 X40=65 X41=244 X42=15 X43=111 X44=173 X45=43 X46=44 X47=149 X48=99 X49=183 X50=64 X51=75 X52=105 X53=127 X54=164 X55=185 X56=11 X57=40 X58=120 X59=175 X60=211 X61=243 X62=49 X63=79 X64=113 X65=123 X66=161 X67=8 X68=18 X69=56 X70=60 X71=70 X72=190 X73=240 X74=241 X75=103 X76=110 X77=206 X78=80 X79=24 X80=6 X81=207 X82=17 X83=87 X84=93 X85=138 X86=177 X87=216 X88=250 X89=38 X90=104 X91=224 X92=148 X93=204 X94=35 X95=112 X96=116 X97=54 X98=117 X99=157 X100=166 X101=51 X102=82 X103=88 X104=102 X105=146 X106=160 X107=172 X108=174 X109=188 X110=136 X111=153 X112=156 X113=71 X114=130 X115=180 X116=86 X117=19 X118=52 X119=170 X120=220 X121=225 X122=233 X123=150 X124=218 X125=232 X126=81 X127=100 X128=182 X129=186 X130=3 X131=30 X132=74 X133=108 X134=129 X135=214 X136=29 X137=228 X138=62 X139=16 X140=21 X141=2 X142=72 X143=238 X144=26 X145=33 X146=63 X147=247 X148=254 X149=58 X150=57 X151=237 X152=50 
d NODES 160

   totalWckTime=2.132  totalCpuTime=2.331
