
   AbsCon 1.41 (January, 2014) - defaultConfiguration

   
   instance
        framework=CSP  name=Isomorphism-/cluster/gpg/ciaran/sip-benchmarks/benchmarks/si6_bvg_b06m_400/si6_b06m_m400.01/pattern-/cluster/gpg/ciaran/sip-benchmarks/benchmarks/si6_bvg_b06m_400/si6_b06m_m400.01/target
        parameters=/cluster/gpg/ciaran/sip-benchmarks/benchmarks/si6_bvg_b06m_400/si6_b06m_m400.01/pattern,/cluster/gpg/ciaran/sip-benchmarks/benchmarks/si6_bvg_b06m_400/si6_b06m_m400.01/target
      

   loading variables...
        nbVariables=240  nbDomainTypes=1  nbTotalValues=96000  domainSizes=(400:240)
          =>  wckTime=0.202  cpuTime=0.322  mem=7M558

   loading objectives...

   loading constraints...
        nbConstraints=606  nbSpecificConstraints=1  nbExtensionStructures=(1,shared:604)  nbConflictsStructures=(1,shared:604,unbuilt:1)
        degrees=(2:9)(3:14)(4:25)...(16:2)(17:1)(18:1)  arities=(2:605)(240:1)  types=(AllDifferent:1)(ConstraintHardExtensionV-Bits:605)
          =>  wckTime=0.416  cpuTime=0.516  mem=16M482

   INFO : <!-- Start saving the XML representation -->

   INFO : <!-- Stop saving the XML representation of target.xml -->

   Solver SolverBacktrack being built... 
          =>  wckTime=0.745  cpuTime=0.796  mem=24M969

    instantiation X0=0 X1=83 X2=113 X3=129 X4=136 X5=178 X6=237 X7=272 X8=326 X9=333 X10=347 X11=367 X12=370 X13=91 X14=172 X15=351 X16=8 X17=80 X18=114 X19=248 X20=200 X21=1 X22=85 X23=189 X24=195 X25=343 X26=21 X27=174 X28=3 X29=49 X30=106 X31=344 X32=6 X33=239 X34=261 X35=324 X36=353 X37=126 X38=22 X39=29 X40=115 X41=69 X42=102 X43=209 X44=264 X45=290 X46=380 X47=15 X48=160 X49=231 X50=256 X51=273 X52=339 X53=4 X54=45 X55=121 X56=125 X57=161 X58=190 X59=219 X60=227 X61=386 X62=10 X63=63 X64=181 X65=213 X66=12 X67=71 X68=284 X69=310 X70=179 X71=9 X72=11 X73=73 X74=79 X75=97 X76=99 X77=104 X78=133 X79=171 X80=266 X81=289 X82=334 X83=336 X84=24 X85=50 X86=349 X87=52 X88=328 X89=154 X90=34 X91=58 X92=96 X93=111 X94=123 X95=167 X96=207 X97=265 X98=224 X99=254 X100=35 X101=44 X102=68 X103=120 X104=165 X105=182 X106=216 X107=225 X108=257 X109=258 X110=280 X111=311 X112=332 X113=362 X114=391 X115=67 X116=70 X117=255 X118=51 X119=153 X120=259 X121=277 X122=352 X123=14 X124=191 X125=323 X126=48 X127=64 X128=156 X129=162 X130=163 X131=287 X132=43 X133=383 X134=387 X135=117 X136=348 X137=31 X138=301 X139=19 X140=59 X141=84 X142=118 X143=124 X144=141 X145=233 X146=300 X147=302 X148=13 X149=26 X150=74 X151=175 X152=236 X153=241 X154=345 X155=363 X156=138 X157=203 X158=399 X159=140 X160=152 X161=183 X162=210 X163=322 X164=314 X165=36 X166=76 X167=299 X168=379 X169=382 X170=384 X171=293 X172=77 X173=100 X174=185 X175=270 X176=286 X177=40 X178=66 X179=103 X180=134 X181=23 X182=168 X183=393 X184=116 X185=340 X186=365 X187=368 X188=98 X189=155 X190=186 X191=398 X192=55 X193=262 X194=357 X195=164 X196=151 X197=208 X198=337 X199=101 X200=260 X201=313 X202=381 X203=388 X204=276 X205=335 X206=350 X207=17 X208=72 X209=119 X210=288 X211=376 X212=20 X213=30 X214=82 X215=7 X216=61 X217=309 X218=5 X219=149 X220=251 X221=269 X222=271 X223=331 X224=366 X225=378 X226=86 X227=128 X228=238 X229=369 X230=228 X231=27 X232=108 X233=131 X234=65 X235=297 X236=356 X237=47 X238=184 X239=305 

    solution X0=0 X1=83 X2=113 X3=129 X4=136 X5=178 X6=237 X7=272 X8=326 X9=333 X10=347 X11=367 X12=370 X13=91 X14=172 X15=351 X16=8 X17=80 X18=114 X19=248 X20=200 X21=1 X22=85 X23=189 X24=195 X25=343 X26=21 X27=174 X28=3 X29=49 X30=106 X31=344 X32=6 X33=239 X34=261 X35=324 X36=353 X37=126 X38=22 X39=29 X40=115 X41=69 X42=102 X43=209 X44=264 X45=290 X46=380 X47=15 X48=160 X49=231 X50=256 X51=273 X52=339 X53=4 X54=45 X55=121 X56=125 X57=161 X58=190 X59=219 X60=227 X61=386 X62=10 X63=63 X64=181 X65=213 X66=12 X67=71 X68=284 X69=310 X70=179 X71=9 X72=11 X73=73 X74=79 X75=97 X76=99 X77=104 X78=133 X79=171 X80=266 X81=289 X82=334 X83=336 X84=24 X85=50 X86=349 X87=52 X88=328 X89=154 X90=34 X91=58 X92=96 X93=111 X94=123 X95=167 X96=207 X97=265 X98=224 X99=254 X100=35 X101=44 X102=68 X103=120 X104=165 X105=182 X106=216 X107=225 X108=257 X109=258 X110=280 X111=311 X112=332 X113=362 X114=391 X115=67 X116=70 X117=255 X118=51 X119=153 X120=259 X121=277 X122=352 X123=14 X124=191 X125=323 X126=48 X127=64 X128=156 X129=162 X130=163 X131=287 X132=43 X133=383 X134=387 X135=117 X136=348 X137=31 X138=301 X139=19 X140=59 X141=84 X142=118 X143=124 X144=141 X145=233 X146=300 X147=302 X148=13 X149=26 X150=74 X151=175 X152=236 X153=241 X154=345 X155=363 X156=138 X157=203 X158=399 X159=140 X160=152 X161=183 X162=210 X163=322 X164=314 X165=36 X166=76 X167=299 X168=379 X169=382 X170=384 X171=293 X172=77 X173=100 X174=185 X175=270 X176=286 X177=40 X178=66 X179=103 X180=134 X181=23 X182=168 X183=393 X184=116 X185=340 X186=365 X187=368 X188=98 X189=155 X190=186 X191=398 X192=55 X193=262 X194=357 X195=164 X196=151 X197=208 X198=337 X199=101 X200=260 X201=313 X202=381 X203=388 X204=276 X205=335 X206=350 X207=17 X208=72 X209=119 X210=288 X211=376 X212=20 X213=30 X214=82 X215=7 X216=61 X217=309 X218=5 X219=149 X220=251 X221=269 X222=271 X223=331 X224=366 X225=378 X226=86 X227=128 X228=238 X229=369 X230=228 X231=27 X232=108 X233=131 X234=65 X235=297 X236=356 X237=47 X238=184 X239=305 

   
   search
        run=0  nbConstraintChecks=606  depth=(min:0,max:239,avg:1)  nbEffectivePropagations=20  nbRevisions=1815  nbUselessRevisions=1815
        nbAssignments=243  nbFailedAssignments=3  nbBacktracks=0  nbVisitedNodes=247  nbRestartNogoods=0  nbFoundSolutions=1
        upperBound=9223372036854775807
          =>  wckTime=7.25  cpuTime=7.921  mem=67M704

   
   global
        nbConstraintChecks=606  nbEffectivePropagations=20  nbRevisions=1815  nbUselessRevisions=1815  nbRestartNogoods=0  solvingWckTime=7.251
        expiredTime=no  totalExploration=no  nbFoundSolutions=1  firstSolutionCpuTime=7.907  Stop=REACHED_GOAL
          =>  wckTime=7.998  cpuTime=7.922  mem=67M704

s SATISFIABLE
v X0=0 X1=83 X2=113 X3=129 X4=136 X5=178 X6=237 X7=272 X8=326 X9=333 X10=347 X11=367 X12=370 X13=91 X14=172 X15=351 X16=8 X17=80 X18=114 X19=248 X20=200 X21=1 X22=85 X23=189 X24=195 X25=343 X26=21 X27=174 X28=3 X29=49 X30=106 X31=344 X32=6 X33=239 X34=261 X35=324 X36=353 X37=126 X38=22 X39=29 X40=115 X41=69 X42=102 X43=209 X44=264 X45=290 X46=380 X47=15 X48=160 X49=231 X50=256 X51=273 X52=339 X53=4 X54=45 X55=121 X56=125 X57=161 X58=190 X59=219 X60=227 X61=386 X62=10 X63=63 X64=181 X65=213 X66=12 X67=71 X68=284 X69=310 X70=179 X71=9 X72=11 X73=73 X74=79 X75=97 X76=99 X77=104 X78=133 X79=171 X80=266 X81=289 X82=334 X83=336 X84=24 X85=50 X86=349 X87=52 X88=328 X89=154 X90=34 X91=58 X92=96 X93=111 X94=123 X95=167 X96=207 X97=265 X98=224 X99=254 X100=35 X101=44 X102=68 X103=120 X104=165 X105=182 X106=216 X107=225 X108=257 X109=258 X110=280 X111=311 X112=332 X113=362 X114=391 X115=67 X116=70 X117=255 X118=51 X119=153 X120=259 X121=277 X122=352 X123=14 X124=191 X125=323 X126=48 X127=64 X128=156 X129=162 X130=163 X131=287 X132=43 X133=383 X134=387 X135=117 X136=348 X137=31 X138=301 X139=19 X140=59 X141=84 X142=118 X143=124 X144=141 X145=233 X146=300 X147=302 X148=13 X149=26 X150=74 X151=175 X152=236 X153=241 X154=345 X155=363 X156=138 X157=203 X158=399 X159=140 X160=152 X161=183 X162=210 X163=322 X164=314 X165=36 X166=76 X167=299 X168=379 X169=382 X170=384 X171=293 X172=77 X173=100 X174=185 X175=270 X176=286 X177=40 X178=66 X179=103 X180=134 X181=23 X182=168 X183=393 X184=116 X185=340 X186=365 X187=368 X188=98 X189=155 X190=186 X191=398 X192=55 X193=262 X194=357 X195=164 X196=151 X197=208 X198=337 X199=101 X200=260 X201=313 X202=381 X203=388 X204=276 X205=335 X206=350 X207=17 X208=72 X209=119 X210=288 X211=376 X212=20 X213=30 X214=82 X215=7 X216=61 X217=309 X218=5 X219=149 X220=251 X221=269 X222=271 X223=331 X224=366 X225=378 X226=86 X227=128 X228=238 X229=369 X230=228 X231=27 X232=108 X233=131 X234=65 X235=297 X236=356 X237=47 X238=184 X239=305 
d NODES 243

   totalWckTime=7.9  totalCpuTime=7.923
