
   AbsCon 1.41 (January, 2014) - defaultConfiguration

   
   instance
        framework=CSP  name=Isomorphism-/cluster/gpg/ciaran/sip-benchmarks/benchmarks/si6_m4D_m4Dr6_256/si6_m4Dr6_m256.05/pattern-/cluster/gpg/ciaran/sip-benchmarks/benchmarks/si6_m4D_m4Dr6_256/si6_m4Dr6_m256.05/target
        parameters=/cluster/gpg/ciaran/sip-benchmarks/benchmarks/si6_m4D_m4Dr6_256/si6_m4Dr6_m256.05/pattern,/cluster/gpg/ciaran/sip-benchmarks/benchmarks/si6_m4D_m4Dr6_256/si6_m4Dr6_m256.05/target
      

   loading variables...
        nbVariables=153  nbDomainTypes=1  nbTotalValues=39168  domainSizes=(256:153)
          =>  wckTime=0.204  cpuTime=0.319  mem=4M542

   loading objectives...

   loading constraints...
        nbConstraints=340  nbSpecificConstraints=1  nbExtensionStructures=(1,shared:338)  nbConflictsStructures=(1,shared:338,unbuilt:1)
        degrees=(2:11)(3:16)(4:29)...(10:1)(11:2)(14:1)  arities=(2:339)(153:1)  types=(AllDifferent:1)(ConstraintHardExtensionV-Bits:339)
          =>  wckTime=0.323  cpuTime=0.437  mem=15M966

   INFO : <!-- Start saving the XML representation -->

   INFO : <!-- Stop saving the XML representation of target.xml -->

   Solver SolverBacktrack being built... 
          =>  wckTime=0.547  cpuTime=0.628  mem=23M755

    instantiation X0=0 X1=7 X2=164 X3=165 X4=229 X5=180 X6=210 X7=40 X8=71 X9=80 X10=245 X11=16 X12=79 X13=142 X14=32 X15=34 X16=74 X17=124 X18=157 X19=184 X20=199 X21=218 X22=64 X23=126 X24=12 X25=59 X26=87 X27=117 X28=84 X29=112 X30=136 X31=10 X32=89 X33=70 X34=219 X35=14 X36=30 X37=67 X38=130 X39=143 X40=248 X41=198 X42=3 X43=114 X44=135 X45=170 X46=247 X47=100 X48=109 X49=145 X50=149 X51=155 X52=19 X53=138 X54=160 X55=195 X56=196 X57=8 X58=98 X59=123 X60=49 X61=73 X62=85 X63=99 X64=119 X65=37 X66=65 X67=121 X68=131 X69=177 X70=239 X71=148 X72=153 X73=134 X74=62 X75=129 X76=141 X77=189 X78=17 X79=35 X80=105 X81=162 X82=233 X83=101 X84=243 X85=52 X86=161 X87=51 X88=55 X89=78 X90=106 X91=183 X92=186 X93=208 X94=230 X95=203 X96=254 X97=103 X98=47 X99=20 X100=56 X101=88 X102=6 X103=90 X104=188 X105=194 X106=226 X107=58 X108=63 X109=13 X110=217 X111=224 X112=252 X113=111 X114=116 X115=167 X116=173 X117=4 X118=91 X119=181 X120=215 X121=220 X122=241 X123=93 X124=178 X125=209 X126=169 X127=235 X128=250 X129=22 X130=144 X131=23 X132=26 X133=43 X134=107 X135=28 X136=38 X137=46 X138=206 X139=27 X140=97 X141=159 X142=207 X143=200 X144=61 X145=166 X146=104 X147=108 X148=122 X149=234 X150=44 X151=81 X152=216 

    solution X0=0 X1=7 X2=164 X3=165 X4=229 X5=180 X6=210 X7=40 X8=71 X9=80 X10=245 X11=16 X12=79 X13=142 X14=32 X15=34 X16=74 X17=124 X18=157 X19=184 X20=199 X21=218 X22=64 X23=126 X24=12 X25=59 X26=87 X27=117 X28=84 X29=112 X30=136 X31=10 X32=89 X33=70 X34=219 X35=14 X36=30 X37=67 X38=130 X39=143 X40=248 X41=198 X42=3 X43=114 X44=135 X45=170 X46=247 X47=100 X48=109 X49=145 X50=149 X51=155 X52=19 X53=138 X54=160 X55=195 X56=196 X57=8 X58=98 X59=123 X60=49 X61=73 X62=85 X63=99 X64=119 X65=37 X66=65 X67=121 X68=131 X69=177 X70=239 X71=148 X72=153 X73=134 X74=62 X75=129 X76=141 X77=189 X78=17 X79=35 X80=105 X81=162 X82=233 X83=101 X84=243 X85=52 X86=161 X87=51 X88=55 X89=78 X90=106 X91=183 X92=186 X93=208 X94=230 X95=203 X96=254 X97=103 X98=47 X99=20 X100=56 X101=88 X102=6 X103=90 X104=188 X105=194 X106=226 X107=58 X108=63 X109=13 X110=217 X111=224 X112=252 X113=111 X114=116 X115=167 X116=173 X117=4 X118=91 X119=181 X120=215 X121=220 X122=241 X123=93 X124=178 X125=209 X126=169 X127=235 X128=250 X129=22 X130=144 X131=23 X132=26 X133=43 X134=107 X135=28 X136=38 X137=46 X138=206 X139=27 X140=97 X141=159 X142=207 X143=200 X144=61 X145=166 X146=104 X147=108 X148=122 X149=234 X150=44 X151=81 X152=216 

   
   search
        run=0  nbConstraintChecks=340  depth=(min:0,max:152,avg:1)  nbEffectivePropagations=39  nbRevisions=2057  nbUselessRevisions=2044
        nbAssignments=237  nbFailedAssignments=84  nbBacktracks=0  nbVisitedNodes=322  nbRestartNogoods=0  nbFoundSolutions=1
        upperBound=9223372036854775807
          =>  wckTime=2.438  cpuTime=3.014  mem=26M882

   
   global
        nbConstraintChecks=340  nbEffectivePropagations=39  nbRevisions=2057  nbUselessRevisions=2044  nbRestartNogoods=0  solvingWckTime=2.438
        expiredTime=no  totalExploration=no  nbFoundSolutions=1  firstSolutionCpuTime=3.009  Stop=REACHED_GOAL
          =>  wckTime=2.986  cpuTime=3.014  mem=26M882

s SATISFIABLE
v X0=0 X1=7 X2=164 X3=165 X4=229 X5=180 X6=210 X7=40 X8=71 X9=80 X10=245 X11=16 X12=79 X13=142 X14=32 X15=34 X16=74 X17=124 X18=157 X19=184 X20=199 X21=218 X22=64 X23=126 X24=12 X25=59 X26=87 X27=117 X28=84 X29=112 X30=136 X31=10 X32=89 X33=70 X34=219 X35=14 X36=30 X37=67 X38=130 X39=143 X40=248 X41=198 X42=3 X43=114 X44=135 X45=170 X46=247 X47=100 X48=109 X49=145 X50=149 X51=155 X52=19 X53=138 X54=160 X55=195 X56=196 X57=8 X58=98 X59=123 X60=49 X61=73 X62=85 X63=99 X64=119 X65=37 X66=65 X67=121 X68=131 X69=177 X70=239 X71=148 X72=153 X73=134 X74=62 X75=129 X76=141 X77=189 X78=17 X79=35 X80=105 X81=162 X82=233 X83=101 X84=243 X85=52 X86=161 X87=51 X88=55 X89=78 X90=106 X91=183 X92=186 X93=208 X94=230 X95=203 X96=254 X97=103 X98=47 X99=20 X100=56 X101=88 X102=6 X103=90 X104=188 X105=194 X106=226 X107=58 X108=63 X109=13 X110=217 X111=224 X112=252 X113=111 X114=116 X115=167 X116=173 X117=4 X118=91 X119=181 X120=215 X121=220 X122=241 X123=93 X124=178 X125=209 X126=169 X127=235 X128=250 X129=22 X130=144 X131=23 X132=26 X133=43 X134=107 X135=28 X136=38 X137=46 X138=206 X139=27 X140=97 X141=159 X142=207 X143=200 X144=61 X145=166 X146=104 X147=108 X148=122 X149=234 X150=44 X151=81 X152=216 
d NODES 237

   totalWckTime=2.877  totalCpuTime=3.015
