
   AbsCon 1.41 (January, 2014) - defaultConfiguration

   
   instance
        framework=CSP  name=Isomorphism-/cluster/gpg/ciaran/sip-benchmarks/benchmarks/si6_rand_r001_400/si6_r001_m400.04/pattern-/cluster/gpg/ciaran/sip-benchmarks/benchmarks/si6_rand_r001_400/si6_r001_m400.04/target
        parameters=/cluster/gpg/ciaran/sip-benchmarks/benchmarks/si6_rand_r001_400/si6_r001_m400.04/pattern,/cluster/gpg/ciaran/sip-benchmarks/benchmarks/si6_rand_r001_400/si6_r001_m400.04/target
      

   loading variables...
        nbVariables=240  nbDomainTypes=1  nbTotalValues=96000  domainSizes=(400:240)
          =>  wckTime=0.203  cpuTime=0.313  mem=7M662

   loading objectives...

   loading constraints...
        nbConstraints=607  nbSpecificConstraints=1  nbExtensionStructures=(1,shared:605)  nbConflictsStructures=(1,shared:605,unbuilt:1)
        degrees=(2:7)(3:23)(4:36)...(11:5)(12:1)(14:1)  arities=(2:606)(240:1)  types=(AllDifferent:1)(ConstraintHardExtensionV-Bits:606)
          =>  wckTime=0.424  cpuTime=0.524  mem=26M793

   INFO : <!-- Start saving the XML representation -->

   INFO : <!-- Stop saving the XML representation of target.xml -->

   Solver SolverBacktrack being built... 
          =>  wckTime=0.71  cpuTime=0.75  mem=26M937

    instantiation X0=387 X1=15 X2=350 X3=179 X4=100 X5=165 X6=28 X7=172 X8=332 X9=56 X10=276 X11=188 X12=193 X13=162 X14=308 X15=152 X16=130 X17=214 X18=280 X19=367 X20=97 X21=13 X22=254 X23=199 X24=366 X25=388 X26=385 X27=395 X28=253 X29=198 X30=94 X31=118 X32=377 X33=249 X34=203 X35=35 X36=373 X37=281 X38=24 X39=113 X40=250 X41=289 X42=156 X43=201 X44=295 X45=168 X46=209 X47=19 X48=371 X49=327 X50=347 X51=326 X52=243 X53=182 X54=229 X55=316 X56=234 X57=171 X58=196 X59=81 X60=106 X61=109 X62=237 X63=274 X64=52 X65=392 X66=206 X67=223 X68=368 X69=114 X70=336 X71=390 X72=126 X73=306 X74=117 X75=37 X76=136 X77=372 X78=302 X79=129 X80=363 X81=362 X82=349 X83=54 X84=96 X85=275 X86=11 X87=153 X88=204 X89=137 X90=284 X91=358 X92=150 X93=304 X94=354 X95=246 X96=63 X97=131 X98=116 X99=247 X100=256 X101=190 X102=74 X103=79 X104=82 X105=320 X106=53 X107=161 X108=110 X109=76 X110=48 X111=128 X112=225 X113=0 X114=12 X115=167 X116=330 X117=264 X118=104 X119=389 X120=8 X121=164 X122=211 X123=360 X124=125 X125=317 X126=217 X127=21 X128=212 X129=41 X130=259 X131=6 X132=121 X133=318 X134=92 X135=112 X136=70 X137=379 X138=29 X139=169 X140=10 X141=269 X142=279 X143=355 X144=384 X145=142 X146=215 X147=232 X148=297 X149=85 X150=20 X151=7 X152=386 X153=200 X154=66 X155=80 X156=282 X157=78 X158=176 X159=210 X160=95 X161=356 X162=315 X163=242 X164=348 X165=30 X166=341 X167=303 X168=177 X169=149 X170=352 X171=146 X172=71 X173=227 X174=88 X175=293 X176=46 X177=219 X178=3 X179=228 X180=294 X181=133 X182=143 X183=287 X184=77 X185=261 X186=43 X187=5 X188=154 X189=391 X190=238 X191=244 X192=397 X193=191 X194=50 X195=185 X196=359 X197=115 X198=271 X199=9 X200=127 X201=288 X202=383 X203=370 X204=364 X205=93 X206=120 X207=14 X208=202 X209=27 X210=16 X211=183 X212=258 X213=374 X214=22 X215=157 X216=163 X217=226 X218=67 X219=68 X220=291 X221=186 X222=325 X223=62 X224=123 X225=398 X226=220 X227=111 X228=338 X229=307 X230=134 X231=277 X232=26 X233=147 X234=84 X235=59 X236=396 X237=340 X238=273 X239=47 

    solution X0=387 X1=15 X2=350 X3=179 X4=100 X5=165 X6=28 X7=172 X8=332 X9=56 X10=276 X11=188 X12=193 X13=162 X14=308 X15=152 X16=130 X17=214 X18=280 X19=367 X20=97 X21=13 X22=254 X23=199 X24=366 X25=388 X26=385 X27=395 X28=253 X29=198 X30=94 X31=118 X32=377 X33=249 X34=203 X35=35 X36=373 X37=281 X38=24 X39=113 X40=250 X41=289 X42=156 X43=201 X44=295 X45=168 X46=209 X47=19 X48=371 X49=327 X50=347 X51=326 X52=243 X53=182 X54=229 X55=316 X56=234 X57=171 X58=196 X59=81 X60=106 X61=109 X62=237 X63=274 X64=52 X65=392 X66=206 X67=223 X68=368 X69=114 X70=336 X71=390 X72=126 X73=306 X74=117 X75=37 X76=136 X77=372 X78=302 X79=129 X80=363 X81=362 X82=349 X83=54 X84=96 X85=275 X86=11 X87=153 X88=204 X89=137 X90=284 X91=358 X92=150 X93=304 X94=354 X95=246 X96=63 X97=131 X98=116 X99=247 X100=256 X101=190 X102=74 X103=79 X104=82 X105=320 X106=53 X107=161 X108=110 X109=76 X110=48 X111=128 X112=225 X113=0 X114=12 X115=167 X116=330 X117=264 X118=104 X119=389 X120=8 X121=164 X122=211 X123=360 X124=125 X125=317 X126=217 X127=21 X128=212 X129=41 X130=259 X131=6 X132=121 X133=318 X134=92 X135=112 X136=70 X137=379 X138=29 X139=169 X140=10 X141=269 X142=279 X143=355 X144=384 X145=142 X146=215 X147=232 X148=297 X149=85 X150=20 X151=7 X152=386 X153=200 X154=66 X155=80 X156=282 X157=78 X158=176 X159=210 X160=95 X161=356 X162=315 X163=242 X164=348 X165=30 X166=341 X167=303 X168=177 X169=149 X170=352 X171=146 X172=71 X173=227 X174=88 X175=293 X176=46 X177=219 X178=3 X179=228 X180=294 X181=133 X182=143 X183=287 X184=77 X185=261 X186=43 X187=5 X188=154 X189=391 X190=238 X191=244 X192=397 X193=191 X194=50 X195=185 X196=359 X197=115 X198=271 X199=9 X200=127 X201=288 X202=383 X203=370 X204=364 X205=93 X206=120 X207=14 X208=202 X209=27 X210=16 X211=183 X212=258 X213=374 X214=22 X215=157 X216=163 X217=226 X218=67 X219=68 X220=291 X221=186 X222=325 X223=62 X224=123 X225=398 X226=220 X227=111 X228=338 X229=307 X230=134 X231=277 X232=26 X233=147 X234=84 X235=59 X236=396 X237=340 X238=273 X239=47 

   
   search
        run=0  nbConstraintChecks=607  depth=(min:0,max:239,avg:1)  nbEffectivePropagations=1223  nbRevisions=15849  nbUselessRevisions=14635
        nbAssignments=607  nbFailedAssignments=367  nbBacktracks=0  nbVisitedNodes=975  nbRestartNogoods=0  nbFoundSolutions=1
        upperBound=9223372036854775807
          =>  wckTime=25.957  cpuTime=26.554  mem=81M839

   
   global
        nbConstraintChecks=607  nbEffectivePropagations=1223  nbRevisions=15849  nbUselessRevisions=14635  nbRestartNogoods=0
        solvingWckTime=25.957  expiredTime=no  totalExploration=no  nbFoundSolutions=1  firstSolutionCpuTime=26.549  Stop=REACHED_GOAL
          =>  wckTime=26.667  cpuTime=26.555  mem=81M839

s SATISFIABLE
v X0=387 X1=15 X2=350 X3=179 X4=100 X5=165 X6=28 X7=172 X8=332 X9=56 X10=276 X11=188 X12=193 X13=162 X14=308 X15=152 X16=130 X17=214 X18=280 X19=367 X20=97 X21=13 X22=254 X23=199 X24=366 X25=388 X26=385 X27=395 X28=253 X29=198 X30=94 X31=118 X32=377 X33=249 X34=203 X35=35 X36=373 X37=281 X38=24 X39=113 X40=250 X41=289 X42=156 X43=201 X44=295 X45=168 X46=209 X47=19 X48=371 X49=327 X50=347 X51=326 X52=243 X53=182 X54=229 X55=316 X56=234 X57=171 X58=196 X59=81 X60=106 X61=109 X62=237 X63=274 X64=52 X65=392 X66=206 X67=223 X68=368 X69=114 X70=336 X71=390 X72=126 X73=306 X74=117 X75=37 X76=136 X77=372 X78=302 X79=129 X80=363 X81=362 X82=349 X83=54 X84=96 X85=275 X86=11 X87=153 X88=204 X89=137 X90=284 X91=358 X92=150 X93=304 X94=354 X95=246 X96=63 X97=131 X98=116 X99=247 X100=256 X101=190 X102=74 X103=79 X104=82 X105=320 X106=53 X107=161 X108=110 X109=76 X110=48 X111=128 X112=225 X113=0 X114=12 X115=167 X116=330 X117=264 X118=104 X119=389 X120=8 X121=164 X122=211 X123=360 X124=125 X125=317 X126=217 X127=21 X128=212 X129=41 X130=259 X131=6 X132=121 X133=318 X134=92 X135=112 X136=70 X137=379 X138=29 X139=169 X140=10 X141=269 X142=279 X143=355 X144=384 X145=142 X146=215 X147=232 X148=297 X149=85 X150=20 X151=7 X152=386 X153=200 X154=66 X155=80 X156=282 X157=78 X158=176 X159=210 X160=95 X161=356 X162=315 X163=242 X164=348 X165=30 X166=341 X167=303 X168=177 X169=149 X170=352 X171=146 X172=71 X173=227 X174=88 X175=293 X176=46 X177=219 X178=3 X179=228 X180=294 X181=133 X182=143 X183=287 X184=77 X185=261 X186=43 X187=5 X188=154 X189=391 X190=238 X191=244 X192=397 X193=191 X194=50 X195=185 X196=359 X197=115 X198=271 X199=9 X200=127 X201=288 X202=383 X203=370 X204=364 X205=93 X206=120 X207=14 X208=202 X209=27 X210=16 X211=183 X212=258 X213=374 X214=22 X215=157 X216=163 X217=226 X218=67 X219=68 X220=291 X221=186 X222=325 X223=62 X224=123 X225=398 X226=220 X227=111 X228=338 X229=307 X230=134 X231=277 X232=26 X233=147 X234=84 X235=59 X236=396 X237=340 X238=273 X239=47 
d NODES 607

   totalWckTime=26.565  totalCpuTime=26.555
