
   AbsCon 1.41 (January, 2014) - defaultConfiguration

   
   instance
        framework=CSP  name=Isomorphism-/cluster/gpg/ciaran/sip-benchmarks/benchmarks/si6_bvg_b09m_400/si6_b09m_m400.07/pattern-/cluster/gpg/ciaran/sip-benchmarks/benchmarks/si6_bvg_b09m_400/si6_b09m_m400.07/target
        parameters=/cluster/gpg/ciaran/sip-benchmarks/benchmarks/si6_bvg_b09m_400/si6_b09m_m400.07/pattern,/cluster/gpg/ciaran/sip-benchmarks/benchmarks/si6_bvg_b09m_400/si6_b09m_m400.07/target
      

   loading variables...
        nbVariables=240  nbDomainTypes=1  nbTotalValues=96000  domainSizes=(400:240)
          =>  wckTime=0.234  cpuTime=0.328  mem=7M527

   loading objectives...

   loading constraints...
        nbConstraints=803  nbSpecificConstraints=1  nbExtensionStructures=(1,shared:801)  nbConflictsStructures=(1,shared:801,unbuilt:1)
        degrees=(2:2)(3:10)(4:16)...(18:1)(19:1)(20:3)  arities=(2:802)(240:1)  types=(AllDifferent:1)(ConstraintHardExtensionV-Bits:802)
          =>  wckTime=0.48  cpuTime=0.542  mem=17M873

   INFO : <!-- Start saving the XML representation -->

   INFO : <!-- Stop saving the XML representation of target.xml -->

   Solver SolverBacktrack being built... 
          =>  wckTime=0.771  cpuTime=0.798  mem=26M471

    instantiation X0=0 X1=1 X2=3 X3=26 X4=33 X5=54 X6=96 X7=111 X8=116 X9=117 X10=169 X11=170 X12=178 X13=185 X14=237 X15=249 X16=260 X17=280 X18=338 X19=356 X20=4 X21=11 X22=22 X23=37 X24=77 X25=89 X26=123 X27=202 X28=208 X29=327 X30=329 X31=333 X32=359 X33=392 X34=13 X35=14 X36=43 X37=46 X38=87 X39=94 X40=127 X41=164 X42=219 X43=255 X44=310 X45=364 X46=66 X47=91 X48=108 X49=130 X50=133 X51=166 X52=168 X53=177 X54=211 X55=243 X56=361 X57=387 X58=8 X59=15 X60=76 X61=84 X62=128 X63=220 X64=235 X65=247 X66=264 X67=351 X68=56 X69=119 X70=182 X71=308 X72=321 X73=326 X74=353 X75=358 X76=362 X77=51 X78=65 X79=79 X80=191 X81=253 X82=6 X83=61 X84=63 X85=347 X86=47 X87=69 X88=99 X89=136 X90=227 X91=98 X92=283 X93=106 X94=181 X95=221 X96=223 X97=344 X98=31 X99=53 X100=57 X101=232 X102=279 X103=323 X104=34 X105=103 X106=167 X107=101 X108=328 X109=366 X110=38 X111=194 X112=206 X113=266 X114=287 X115=314 X116=40 X117=45 X118=135 X119=212 X120=213 X121=340 X122=365 X123=385 X124=197 X125=306 X126=322 X127=44 X128=41 X129=192 X130=250 X131=228 X132=92 X133=125 X134=131 X135=138 X136=140 X137=153 X138=199 X139=222 X140=269 X141=271 X142=398 X143=32 X144=67 X145=83 X146=118 X147=147 X148=252 X149=268 X150=281 X151=319 X152=373 X153=7 X154=109 X155=145 X156=163 X157=204 X158=238 X159=298 X160=354 X161=393 X162=28 X163=80 X164=148 X165=184 X166=282 X167=335 X168=386 X169=399 X170=242 X171=226 X172=389 X173=75 X174=78 X175=172 X176=309 X177=36 X178=120 X179=139 X180=341 X181=394 X182=104 X183=195 X184=21 X185=42 X186=258 X187=316 X188=332 X189=156 X190=157 X191=307 X192=391 X193=124 X194=137 X195=234 X196=273 X197=289 X198=297 X199=312 X200=50 X201=71 X202=102 X203=122 X204=214 X205=215 X206=303 X207=59 X208=134 X209=375 X210=5 X211=10 X212=149 X213=262 X214=272 X215=90 X216=9 X217=35 X218=81 X219=180 X220=189 X221=376 X222=105 X223=216 X224=241 X225=294 X226=360 X227=383 X228=275 X229=293 X230=305 X231=24 X232=16 X233=196 X234=201 X235=239 X236=300 X237=141 X238=240 X239=301 

    solution X0=0 X1=1 X2=3 X3=26 X4=33 X5=54 X6=96 X7=111 X8=116 X9=117 X10=169 X11=170 X12=178 X13=185 X14=237 X15=249 X16=260 X17=280 X18=338 X19=356 X20=4 X21=11 X22=22 X23=37 X24=77 X25=89 X26=123 X27=202 X28=208 X29=327 X30=329 X31=333 X32=359 X33=392 X34=13 X35=14 X36=43 X37=46 X38=87 X39=94 X40=127 X41=164 X42=219 X43=255 X44=310 X45=364 X46=66 X47=91 X48=108 X49=130 X50=133 X51=166 X52=168 X53=177 X54=211 X55=243 X56=361 X57=387 X58=8 X59=15 X60=76 X61=84 X62=128 X63=220 X64=235 X65=247 X66=264 X67=351 X68=56 X69=119 X70=182 X71=308 X72=321 X73=326 X74=353 X75=358 X76=362 X77=51 X78=65 X79=79 X80=191 X81=253 X82=6 X83=61 X84=63 X85=347 X86=47 X87=69 X88=99 X89=136 X90=227 X91=98 X92=283 X93=106 X94=181 X95=221 X96=223 X97=344 X98=31 X99=53 X100=57 X101=232 X102=279 X103=323 X104=34 X105=103 X106=167 X107=101 X108=328 X109=366 X110=38 X111=194 X112=206 X113=266 X114=287 X115=314 X116=40 X117=45 X118=135 X119=212 X120=213 X121=340 X122=365 X123=385 X124=197 X125=306 X126=322 X127=44 X128=41 X129=192 X130=250 X131=228 X132=92 X133=125 X134=131 X135=138 X136=140 X137=153 X138=199 X139=222 X140=269 X141=271 X142=398 X143=32 X144=67 X145=83 X146=118 X147=147 X148=252 X149=268 X150=281 X151=319 X152=373 X153=7 X154=109 X155=145 X156=163 X157=204 X158=238 X159=298 X160=354 X161=393 X162=28 X163=80 X164=148 X165=184 X166=282 X167=335 X168=386 X169=399 X170=242 X171=226 X172=389 X173=75 X174=78 X175=172 X176=309 X177=36 X178=120 X179=139 X180=341 X181=394 X182=104 X183=195 X184=21 X185=42 X186=258 X187=316 X188=332 X189=156 X190=157 X191=307 X192=391 X193=124 X194=137 X195=234 X196=273 X197=289 X198=297 X199=312 X200=50 X201=71 X202=102 X203=122 X204=214 X205=215 X206=303 X207=59 X208=134 X209=375 X210=5 X211=10 X212=149 X213=262 X214=272 X215=90 X216=9 X217=35 X218=81 X219=180 X220=189 X221=376 X222=105 X223=216 X224=241 X225=294 X226=360 X227=383 X228=275 X229=293 X230=305 X231=24 X232=16 X233=196 X234=201 X235=239 X236=300 X237=141 X238=240 X239=301 

   
   search
        run=0  nbConstraintChecks=803  depth=(min:241,max:239,avg:0)  nbEffectivePropagations=13  nbRevisions=2368  nbUselessRevisions=2368
        nbAssignments=240  nbFailedAssignments=0  nbBacktracks=0  nbVisitedNodes=241  nbRestartNogoods=0  nbFoundSolutions=1
        upperBound=9223372036854775807
          =>  wckTime=8.23  cpuTime=8.915  mem=53M821

   
   global
        nbConstraintChecks=803  nbEffectivePropagations=13  nbRevisions=2368  nbUselessRevisions=2368  nbRestartNogoods=0  solvingWckTime=8.231
        expiredTime=no  totalExploration=no  nbFoundSolutions=1  firstSolutionCpuTime=8.904  Stop=REACHED_GOAL
          =>  wckTime=9.002  cpuTime=8.915  mem=53M821

s SATISFIABLE
v X0=0 X1=1 X2=3 X3=26 X4=33 X5=54 X6=96 X7=111 X8=116 X9=117 X10=169 X11=170 X12=178 X13=185 X14=237 X15=249 X16=260 X17=280 X18=338 X19=356 X20=4 X21=11 X22=22 X23=37 X24=77 X25=89 X26=123 X27=202 X28=208 X29=327 X30=329 X31=333 X32=359 X33=392 X34=13 X35=14 X36=43 X37=46 X38=87 X39=94 X40=127 X41=164 X42=219 X43=255 X44=310 X45=364 X46=66 X47=91 X48=108 X49=130 X50=133 X51=166 X52=168 X53=177 X54=211 X55=243 X56=361 X57=387 X58=8 X59=15 X60=76 X61=84 X62=128 X63=220 X64=235 X65=247 X66=264 X67=351 X68=56 X69=119 X70=182 X71=308 X72=321 X73=326 X74=353 X75=358 X76=362 X77=51 X78=65 X79=79 X80=191 X81=253 X82=6 X83=61 X84=63 X85=347 X86=47 X87=69 X88=99 X89=136 X90=227 X91=98 X92=283 X93=106 X94=181 X95=221 X96=223 X97=344 X98=31 X99=53 X100=57 X101=232 X102=279 X103=323 X104=34 X105=103 X106=167 X107=101 X108=328 X109=366 X110=38 X111=194 X112=206 X113=266 X114=287 X115=314 X116=40 X117=45 X118=135 X119=212 X120=213 X121=340 X122=365 X123=385 X124=197 X125=306 X126=322 X127=44 X128=41 X129=192 X130=250 X131=228 X132=92 X133=125 X134=131 X135=138 X136=140 X137=153 X138=199 X139=222 X140=269 X141=271 X142=398 X143=32 X144=67 X145=83 X146=118 X147=147 X148=252 X149=268 X150=281 X151=319 X152=373 X153=7 X154=109 X155=145 X156=163 X157=204 X158=238 X159=298 X160=354 X161=393 X162=28 X163=80 X164=148 X165=184 X166=282 X167=335 X168=386 X169=399 X170=242 X171=226 X172=389 X173=75 X174=78 X175=172 X176=309 X177=36 X178=120 X179=139 X180=341 X181=394 X182=104 X183=195 X184=21 X185=42 X186=258 X187=316 X188=332 X189=156 X190=157 X191=307 X192=391 X193=124 X194=137 X195=234 X196=273 X197=289 X198=297 X199=312 X200=50 X201=71 X202=102 X203=122 X204=214 X205=215 X206=303 X207=59 X208=134 X209=375 X210=5 X211=10 X212=149 X213=262 X214=272 X215=90 X216=9 X217=35 X218=81 X219=180 X220=189 X221=376 X222=105 X223=216 X224=241 X225=294 X226=360 X227=383 X228=275 X229=293 X230=305 X231=24 X232=16 X233=196 X234=201 X235=239 X236=300 X237=141 X238=240 X239=301 
d NODES 240

   totalWckTime=8.891  totalCpuTime=8.916
