
   AbsCon 1.41 (January, 2014) - defaultConfiguration

   
   instance
        framework=CSP  name=Isomorphism-/cluster/gpg/ciaran/sip-benchmarks/benchmarks/si6_bvg_b09m_400/si6_b09m_m400.00/pattern-/cluster/gpg/ciaran/sip-benchmarks/benchmarks/si6_bvg_b09m_400/si6_b09m_m400.00/target
        parameters=/cluster/gpg/ciaran/sip-benchmarks/benchmarks/si6_bvg_b09m_400/si6_b09m_m400.00/pattern,/cluster/gpg/ciaran/sip-benchmarks/benchmarks/si6_bvg_b09m_400/si6_b09m_m400.00/target
      

   loading variables...
        nbVariables=240  nbDomainTypes=1  nbTotalValues=96000  domainSizes=(400:240)
          =>  wckTime=0.223  cpuTime=0.324  mem=7M835

   loading objectives...

   loading constraints...
        nbConstraints=833  nbSpecificConstraints=1  nbExtensionStructures=(1,shared:831)  nbConflictsStructures=(1,shared:831,unbuilt:1)
        degrees=(2:2)(3:4)(4:9)...(16:2)(17:2)(19:2)  arities=(2:832)(240:1)  types=(AllDifferent:1)(ConstraintHardExtensionV-Bits:832)
          =>  wckTime=0.494  cpuTime=0.579  mem=19M762

   INFO : <!-- Start saving the XML representation -->

   INFO : <!-- Stop saving the XML representation of target.xml -->

   Solver SolverBacktrack being built... 
          =>  wckTime=0.805  cpuTime=0.857  mem=27M553

    instantiation X0=0 X1=21 X2=40 X3=43 X4=59 X5=87 X6=108 X7=126 X8=154 X9=168 X10=191 X11=201 X12=204 X13=238 X14=246 X15=299 X16=381 X17=14 X18=17 X19=49 X20=63 X21=67 X22=100 X23=180 X24=189 X25=215 X26=357 X27=51 X28=56 X29=94 X30=101 X31=202 X32=251 X33=333 X34=5 X35=10 X36=47 X37=58 X38=137 X39=151 X40=170 X41=278 X42=283 X43=378 X44=398 X45=131 X46=135 X47=146 X48=295 X49=315 X50=221 X51=264 X52=46 X53=113 X54=128 X55=208 X56=342 X57=237 X58=261 X59=312 X60=50 X61=84 X62=104 X63=132 X64=134 X65=273 X66=350 X67=9 X68=25 X69=41 X70=45 X71=158 X72=181 X73=245 X74=26 X75=79 X76=249 X77=256 X78=331 X79=334 X80=355 X81=118 X82=288 X83=6 X84=33 X85=149 X86=218 X87=248 X88=379 X89=121 X90=287 X91=1 X92=52 X93=64 X94=75 X95=76 X96=97 X97=110 X98=127 X99=157 X100=230 X101=298 X102=302 X103=397 X104=16 X105=24 X106=92 X107=150 X108=153 X109=172 X110=250 X111=254 X112=307 X113=319 X114=341 X115=367 X116=380 X117=396 X118=2 X119=136 X120=155 X121=210 X122=244 X123=286 X124=3 X125=23 X126=252 X127=270 X128=361 X129=44 X130=8 X131=200 X132=212 X133=259 X134=294 X135=349 X136=18 X137=68 X138=166 X139=176 X140=179 X141=356 X142=93 X143=219 X144=325 X145=34 X146=109 X147=229 X148=48 X149=27 X150=73 X151=86 X152=374 X153=38 X154=234 X155=276 X156=366 X157=30 X158=42 X159=88 X160=98 X161=138 X162=145 X163=203 X164=301 X165=375 X166=387 X167=389 X168=399 X169=7 X170=55 X171=107 X172=165 X173=195 X174=265 X175=271 X176=282 X177=292 X178=382 X179=395 X180=66 X181=99 X182=133 X183=142 X184=197 X185=289 X186=28 X187=89 X188=120 X189=130 X190=253 X191=368 X192=258 X193=363 X194=156 X195=224 X196=317 X197=129 X198=313 X199=359 X200=360 X201=4 X202=233 X203=272 X204=293 X205=320 X206=362 X207=29 X208=11 X209=37 X210=257 X211=184 X212=60 X213=167 X214=297 X215=323 X216=347 X217=364 X218=19 X219=85 X220=96 X221=266 X222=392 X223=103 X224=125 X225=178 X226=304 X227=327 X228=12 X229=351 X230=22 X231=296 X232=206 X233=275 X234=260 X235=308 X236=279 X237=209 X238=268 X239=236 

    solution X0=0 X1=21 X2=40 X3=43 X4=59 X5=87 X6=108 X7=126 X8=154 X9=168 X10=191 X11=201 X12=204 X13=238 X14=246 X15=299 X16=381 X17=14 X18=17 X19=49 X20=63 X21=67 X22=100 X23=180 X24=189 X25=215 X26=357 X27=51 X28=56 X29=94 X30=101 X31=202 X32=251 X33=333 X34=5 X35=10 X36=47 X37=58 X38=137 X39=151 X40=170 X41=278 X42=283 X43=378 X44=398 X45=131 X46=135 X47=146 X48=295 X49=315 X50=221 X51=264 X52=46 X53=113 X54=128 X55=208 X56=342 X57=237 X58=261 X59=312 X60=50 X61=84 X62=104 X63=132 X64=134 X65=273 X66=350 X67=9 X68=25 X69=41 X70=45 X71=158 X72=181 X73=245 X74=26 X75=79 X76=249 X77=256 X78=331 X79=334 X80=355 X81=118 X82=288 X83=6 X84=33 X85=149 X86=218 X87=248 X88=379 X89=121 X90=287 X91=1 X92=52 X93=64 X94=75 X95=76 X96=97 X97=110 X98=127 X99=157 X100=230 X101=298 X102=302 X103=397 X104=16 X105=24 X106=92 X107=150 X108=153 X109=172 X110=250 X111=254 X112=307 X113=319 X114=341 X115=367 X116=380 X117=396 X118=2 X119=136 X120=155 X121=210 X122=244 X123=286 X124=3 X125=23 X126=252 X127=270 X128=361 X129=44 X130=8 X131=200 X132=212 X133=259 X134=294 X135=349 X136=18 X137=68 X138=166 X139=176 X140=179 X141=356 X142=93 X143=219 X144=325 X145=34 X146=109 X147=229 X148=48 X149=27 X150=73 X151=86 X152=374 X153=38 X154=234 X155=276 X156=366 X157=30 X158=42 X159=88 X160=98 X161=138 X162=145 X163=203 X164=301 X165=375 X166=387 X167=389 X168=399 X169=7 X170=55 X171=107 X172=165 X173=195 X174=265 X175=271 X176=282 X177=292 X178=382 X179=395 X180=66 X181=99 X182=133 X183=142 X184=197 X185=289 X186=28 X187=89 X188=120 X189=130 X190=253 X191=368 X192=258 X193=363 X194=156 X195=224 X196=317 X197=129 X198=313 X199=359 X200=360 X201=4 X202=233 X203=272 X204=293 X205=320 X206=362 X207=29 X208=11 X209=37 X210=257 X211=184 X212=60 X213=167 X214=297 X215=323 X216=347 X217=364 X218=19 X219=85 X220=96 X221=266 X222=392 X223=103 X224=125 X225=178 X226=304 X227=327 X228=12 X229=351 X230=22 X231=296 X232=206 X233=275 X234=260 X235=308 X236=279 X237=209 X238=268 X239=236 

   
   search
        run=0  nbConstraintChecks=833  depth=(min:0,max:239,avg:1)  nbEffectivePropagations=8  nbRevisions=2712  nbUselessRevisions=2712
        nbAssignments=257  nbFailedAssignments=17  nbBacktracks=0  nbVisitedNodes=275  nbRestartNogoods=0  nbFoundSolutions=1
        upperBound=9223372036854775807
          =>  wckTime=8.871  cpuTime=9.603  mem=212M601

   
   global
        nbConstraintChecks=833  nbEffectivePropagations=8  nbRevisions=2712  nbUselessRevisions=2712  nbRestartNogoods=0  solvingWckTime=8.872
        expiredTime=no  totalExploration=no  nbFoundSolutions=1  firstSolutionCpuTime=9.597  Stop=REACHED_GOAL
          =>  wckTime=9.677  cpuTime=9.604  mem=212M601

s SATISFIABLE
v X0=0 X1=21 X2=40 X3=43 X4=59 X5=87 X6=108 X7=126 X8=154 X9=168 X10=191 X11=201 X12=204 X13=238 X14=246 X15=299 X16=381 X17=14 X18=17 X19=49 X20=63 X21=67 X22=100 X23=180 X24=189 X25=215 X26=357 X27=51 X28=56 X29=94 X30=101 X31=202 X32=251 X33=333 X34=5 X35=10 X36=47 X37=58 X38=137 X39=151 X40=170 X41=278 X42=283 X43=378 X44=398 X45=131 X46=135 X47=146 X48=295 X49=315 X50=221 X51=264 X52=46 X53=113 X54=128 X55=208 X56=342 X57=237 X58=261 X59=312 X60=50 X61=84 X62=104 X63=132 X64=134 X65=273 X66=350 X67=9 X68=25 X69=41 X70=45 X71=158 X72=181 X73=245 X74=26 X75=79 X76=249 X77=256 X78=331 X79=334 X80=355 X81=118 X82=288 X83=6 X84=33 X85=149 X86=218 X87=248 X88=379 X89=121 X90=287 X91=1 X92=52 X93=64 X94=75 X95=76 X96=97 X97=110 X98=127 X99=157 X100=230 X101=298 X102=302 X103=397 X104=16 X105=24 X106=92 X107=150 X108=153 X109=172 X110=250 X111=254 X112=307 X113=319 X114=341 X115=367 X116=380 X117=396 X118=2 X119=136 X120=155 X121=210 X122=244 X123=286 X124=3 X125=23 X126=252 X127=270 X128=361 X129=44 X130=8 X131=200 X132=212 X133=259 X134=294 X135=349 X136=18 X137=68 X138=166 X139=176 X140=179 X141=356 X142=93 X143=219 X144=325 X145=34 X146=109 X147=229 X148=48 X149=27 X150=73 X151=86 X152=374 X153=38 X154=234 X155=276 X156=366 X157=30 X158=42 X159=88 X160=98 X161=138 X162=145 X163=203 X164=301 X165=375 X166=387 X167=389 X168=399 X169=7 X170=55 X171=107 X172=165 X173=195 X174=265 X175=271 X176=282 X177=292 X178=382 X179=395 X180=66 X181=99 X182=133 X183=142 X184=197 X185=289 X186=28 X187=89 X188=120 X189=130 X190=253 X191=368 X192=258 X193=363 X194=156 X195=224 X196=317 X197=129 X198=313 X199=359 X200=360 X201=4 X202=233 X203=272 X204=293 X205=320 X206=362 X207=29 X208=11 X209=37 X210=257 X211=184 X212=60 X213=167 X214=297 X215=323 X216=347 X217=364 X218=19 X219=85 X220=96 X221=266 X222=392 X223=103 X224=125 X225=178 X226=304 X227=327 X228=12 X229=351 X230=22 X231=296 X232=206 X233=275 X234=260 X235=308 X236=279 X237=209 X238=268 X239=236 
d NODES 257

   totalWckTime=9.565  totalCpuTime=9.604
