
   AbsCon 1.41 (January, 2014) - defaultConfiguration

   
   instance
        framework=CSP  name=Isomorphism-/cluster/gpg/ciaran/sip-benchmarks/benchmarks/si6_bvg_b03m_400/si6_b03m_m400.01/pattern-/cluster/gpg/ciaran/sip-benchmarks/benchmarks/si6_bvg_b03m_400/si6_b03m_m400.01/target
        parameters=/cluster/gpg/ciaran/sip-benchmarks/benchmarks/si6_bvg_b03m_400/si6_b03m_m400.01/pattern,/cluster/gpg/ciaran/sip-benchmarks/benchmarks/si6_bvg_b03m_400/si6_b03m_m400.01/target
      

   loading variables...
        nbVariables=240  nbDomainTypes=1  nbTotalValues=96000  domainSizes=(400:240)
          =>  wckTime=0.2  cpuTime=0.31  mem=7M832

   loading objectives...

   loading constraints...
        nbConstraints=320  nbSpecificConstraints=1  nbExtensionStructures=(1,shared:318)  nbConflictsStructures=(1,shared:318,unbuilt:1)
        degrees=(2:49)(3:68)(4:103)...(10:1)(11:4)(12:2)  arities=(2:319)(240:1)  types=(AllDifferent:1)(ConstraintHardExtensionV-Bits:319)
          =>  wckTime=0.314  cpuTime=0.416  mem=10M498

   INFO : <!-- Start saving the XML representation -->

   INFO : <!-- Stop saving the XML representation of target.xml -->

   Solver SolverBacktrack being built... 
          =>  wckTime=0.564  cpuTime=0.631  mem=27M828

    instantiation X0=0 X1=153 X2=178 X3=235 X4=248 X5=335 X6=337 X7=338 X8=341 X9=358 X10=385 X11=394 X12=44 X13=388 X14=105 X15=256 X16=393 X17=14 X18=350 X19=18 X20=320 X21=146 X22=327 X23=276 X24=344 X25=114 X26=271 X27=4 X28=219 X29=37 X30=19 X31=364 X32=129 X33=170 X34=128 X35=26 X36=98 X37=168 X38=177 X39=369 X40=22 X41=7 X42=13 X43=70 X44=83 X45=215 X46=305 X47=90 X48=308 X49=29 X50=42 X51=259 X52=297 X53=10 X54=151 X55=274 X56=144 X57=12 X58=75 X59=84 X60=130 X61=156 X62=158 X63=194 X64=220 X65=269 X66=340 X67=161 X68=206 X69=211 X70=209 X71=253 X72=328 X73=49 X74=175 X75=397 X76=3 X77=48 X78=97 X79=103 X80=239 X81=354 X82=65 X83=131 X84=9 X85=110 X86=370 X87=104 X88=277 X89=281 X90=262 X91=291 X92=323 X93=361 X94=368 X95=392 X96=398 X97=399 X98=17 X99=32 X100=155 X101=163 X102=240 X103=81 X104=95 X105=96 X106=176 X107=66 X108=5 X109=214 X110=111 X111=216 X112=227 X113=56 X114=201 X115=286 X116=82 X117=87 X118=136 X119=225 X120=265 X121=309 X122=378 X123=188 X124=348 X125=226 X126=247 X127=260 X128=2 X129=252 X130=231 X131=243 X132=8 X133=169 X134=189 X135=218 X136=167 X137=317 X138=34 X139=390 X140=373 X141=353 X142=319 X143=74 X144=125 X145=57 X146=234 X147=325 X148=193 X149=316 X150=236 X151=16 X152=205 X153=72 X154=377 X155=93 X156=25 X157=30 X158=133 X159=150 X160=222 X161=296 X162=27 X163=108 X164=15 X165=118 X166=159 X167=45 X168=204 X169=120 X170=298 X171=24 X172=208 X173=279 X174=347 X175=249 X176=261 X177=23 X178=134 X179=179 X180=251 X181=127 X182=230 X183=380 X184=1 X185=117 X186=187 X187=229 X188=85 X189=300 X190=88 X191=61 X192=41 X193=283 X194=43 X195=396 X196=53 X197=387 X198=181 X199=382 X200=244 X201=50 X202=360 X203=121 X204=336 X205=36 X206=79 X207=94 X208=107 X209=148 X210=381 X211=329 X212=20 X213=278 X214=384 X215=322 X216=391 X217=389 X218=89 X219=166 X220=376 X221=237 X222=157 X223=202 X224=160 X225=213 X226=54 X227=132 X228=311 X229=371 X230=195 X231=73 X232=332 X233=77 X234=91 X235=145 X236=196 X237=334 X238=11 X239=203 

    solution X0=0 X1=153 X2=178 X3=235 X4=248 X5=335 X6=337 X7=338 X8=341 X9=358 X10=385 X11=394 X12=44 X13=388 X14=105 X15=256 X16=393 X17=14 X18=350 X19=18 X20=320 X21=146 X22=327 X23=276 X24=344 X25=114 X26=271 X27=4 X28=219 X29=37 X30=19 X31=364 X32=129 X33=170 X34=128 X35=26 X36=98 X37=168 X38=177 X39=369 X40=22 X41=7 X42=13 X43=70 X44=83 X45=215 X46=305 X47=90 X48=308 X49=29 X50=42 X51=259 X52=297 X53=10 X54=151 X55=274 X56=144 X57=12 X58=75 X59=84 X60=130 X61=156 X62=158 X63=194 X64=220 X65=269 X66=340 X67=161 X68=206 X69=211 X70=209 X71=253 X72=328 X73=49 X74=175 X75=397 X76=3 X77=48 X78=97 X79=103 X80=239 X81=354 X82=65 X83=131 X84=9 X85=110 X86=370 X87=104 X88=277 X89=281 X90=262 X91=291 X92=323 X93=361 X94=368 X95=392 X96=398 X97=399 X98=17 X99=32 X100=155 X101=163 X102=240 X103=81 X104=95 X105=96 X106=176 X107=66 X108=5 X109=214 X110=111 X111=216 X112=227 X113=56 X114=201 X115=286 X116=82 X117=87 X118=136 X119=225 X120=265 X121=309 X122=378 X123=188 X124=348 X125=226 X126=247 X127=260 X128=2 X129=252 X130=231 X131=243 X132=8 X133=169 X134=189 X135=218 X136=167 X137=317 X138=34 X139=390 X140=373 X141=353 X142=319 X143=74 X144=125 X145=57 X146=234 X147=325 X148=193 X149=316 X150=236 X151=16 X152=205 X153=72 X154=377 X155=93 X156=25 X157=30 X158=133 X159=150 X160=222 X161=296 X162=27 X163=108 X164=15 X165=118 X166=159 X167=45 X168=204 X169=120 X170=298 X171=24 X172=208 X173=279 X174=347 X175=249 X176=261 X177=23 X178=134 X179=179 X180=251 X181=127 X182=230 X183=380 X184=1 X185=117 X186=187 X187=229 X188=85 X189=300 X190=88 X191=61 X192=41 X193=283 X194=43 X195=396 X196=53 X197=387 X198=181 X199=382 X200=244 X201=50 X202=360 X203=121 X204=336 X205=36 X206=79 X207=94 X208=107 X209=148 X210=381 X211=329 X212=20 X213=278 X214=384 X215=322 X216=391 X217=389 X218=89 X219=166 X220=376 X221=237 X222=157 X223=202 X224=160 X225=213 X226=54 X227=132 X228=311 X229=371 X230=195 X231=73 X232=332 X233=77 X234=91 X235=145 X236=196 X237=334 X238=11 X239=203 

   
   search
        run=0  nbConstraintChecks=320  depth=(min:241,max:239,avg:0)  nbEffectivePropagations=109  nbRevisions=935  nbUselessRevisions=934
        nbAssignments=240  nbFailedAssignments=0  nbBacktracks=0  nbVisitedNodes=241  nbRestartNogoods=0  nbFoundSolutions=1
        upperBound=9223372036854775807
          =>  wckTime=4.949  cpuTime=5.447  mem=96M436

   
   global
        nbConstraintChecks=320  nbEffectivePropagations=109  nbRevisions=935  nbUselessRevisions=934  nbRestartNogoods=0  solvingWckTime=4.949
        expiredTime=no  totalExploration=no  nbFoundSolutions=1  firstSolutionCpuTime=5.436  Stop=REACHED_GOAL
          =>  wckTime=5.514  cpuTime=5.447  mem=96M436

s SATISFIABLE
v X0=0 X1=153 X2=178 X3=235 X4=248 X5=335 X6=337 X7=338 X8=341 X9=358 X10=385 X11=394 X12=44 X13=388 X14=105 X15=256 X16=393 X17=14 X18=350 X19=18 X20=320 X21=146 X22=327 X23=276 X24=344 X25=114 X26=271 X27=4 X28=219 X29=37 X30=19 X31=364 X32=129 X33=170 X34=128 X35=26 X36=98 X37=168 X38=177 X39=369 X40=22 X41=7 X42=13 X43=70 X44=83 X45=215 X46=305 X47=90 X48=308 X49=29 X50=42 X51=259 X52=297 X53=10 X54=151 X55=274 X56=144 X57=12 X58=75 X59=84 X60=130 X61=156 X62=158 X63=194 X64=220 X65=269 X66=340 X67=161 X68=206 X69=211 X70=209 X71=253 X72=328 X73=49 X74=175 X75=397 X76=3 X77=48 X78=97 X79=103 X80=239 X81=354 X82=65 X83=131 X84=9 X85=110 X86=370 X87=104 X88=277 X89=281 X90=262 X91=291 X92=323 X93=361 X94=368 X95=392 X96=398 X97=399 X98=17 X99=32 X100=155 X101=163 X102=240 X103=81 X104=95 X105=96 X106=176 X107=66 X108=5 X109=214 X110=111 X111=216 X112=227 X113=56 X114=201 X115=286 X116=82 X117=87 X118=136 X119=225 X120=265 X121=309 X122=378 X123=188 X124=348 X125=226 X126=247 X127=260 X128=2 X129=252 X130=231 X131=243 X132=8 X133=169 X134=189 X135=218 X136=167 X137=317 X138=34 X139=390 X140=373 X141=353 X142=319 X143=74 X144=125 X145=57 X146=234 X147=325 X148=193 X149=316 X150=236 X151=16 X152=205 X153=72 X154=377 X155=93 X156=25 X157=30 X158=133 X159=150 X160=222 X161=296 X162=27 X163=108 X164=15 X165=118 X166=159 X167=45 X168=204 X169=120 X170=298 X171=24 X172=208 X173=279 X174=347 X175=249 X176=261 X177=23 X178=134 X179=179 X180=251 X181=127 X182=230 X183=380 X184=1 X185=117 X186=187 X187=229 X188=85 X189=300 X190=88 X191=61 X192=41 X193=283 X194=43 X195=396 X196=53 X197=387 X198=181 X199=382 X200=244 X201=50 X202=360 X203=121 X204=336 X205=36 X206=79 X207=94 X208=107 X209=148 X210=381 X211=329 X212=20 X213=278 X214=384 X215=322 X216=391 X217=389 X218=89 X219=166 X220=376 X221=237 X222=157 X223=202 X224=160 X225=213 X226=54 X227=132 X228=311 X229=371 X230=195 X231=73 X232=332 X233=77 X234=91 X235=145 X236=196 X237=334 X238=11 X239=203 
d NODES 240

   totalWckTime=5.417  totalCpuTime=5.448
