
   AbsCon 1.41 (January, 2014) - defaultConfiguration

   
   instance
        framework=CSP  name=Isomorphism-/cluster/gpg/ciaran/sip-benchmarks/benchmarks/si6_m4D_m4Dr4_256/si6_m4Dr4_m256.02/pattern-/cluster/gpg/ciaran/sip-benchmarks/benchmarks/si6_m4D_m4Dr4_256/si6_m4Dr4_m256.02/target
        parameters=/cluster/gpg/ciaran/sip-benchmarks/benchmarks/si6_m4D_m4Dr4_256/si6_m4Dr4_m256.02/pattern,/cluster/gpg/ciaran/sip-benchmarks/benchmarks/si6_m4D_m4Dr4_256/si6_m4Dr4_m256.02/target
      

   loading variables...
        nbVariables=153  nbDomainTypes=1  nbTotalValues=39168  domainSizes=(256:153)
          =>  wckTime=0.194  cpuTime=0.295  mem=4M850

   loading objectives...

   loading constraints...
        nbConstraints=360  nbSpecificConstraints=1  nbExtensionStructures=(1,shared:358)  nbConflictsStructures=(1,shared:358,unbuilt:1)
        degrees=(2:5)(3:14)(4:32)...(9:11)(10:2)(11:1)  arities=(2:359)(153:1)  types=(AllDifferent:1)(ConstraintHardExtensionV-Bits:359)
          =>  wckTime=0.298  cpuTime=0.399  mem=16M924

   INFO : <!-- Start saving the XML representation -->

   INFO : <!-- Stop saving the XML representation of target.xml -->

   Solver SolverBacktrack being built... 
          =>  wckTime=0.515  cpuTime=0.588  mem=24M152

    instantiation X0=0 X1=27 X2=54 X3=63 X4=164 X5=251 X6=12 X7=21 X8=113 X9=194 X10=197 X11=132 X12=152 X13=49 X14=151 X15=154 X16=153 X17=213 X18=157 X19=238 X20=240 X21=2 X22=85 X23=115 X24=226 X25=245 X26=39 X27=140 X28=230 X29=35 X30=77 X31=149 X32=177 X33=179 X34=64 X35=206 X36=76 X37=142 X38=187 X39=224 X40=83 X41=93 X42=104 X43=193 X44=229 X45=170 X46=172 X47=210 X48=25 X49=155 X50=5 X51=8 X52=56 X53=118 X54=135 X55=147 X56=167 X57=16 X58=88 X59=109 X60=218 X61=75 X62=98 X63=101 X64=112 X65=148 X66=198 X67=87 X68=145 X69=191 X70=239 X71=32 X72=48 X73=73 X74=117 X75=214 X76=243 X77=60 X78=95 X79=235 X80=50 X81=102 X82=122 X83=123 X84=174 X85=159 X86=3 X87=150 X88=14 X89=108 X90=175 X91=216 X92=13 X93=65 X94=183 X95=121 X96=241 X97=9 X98=58 X99=68 X100=178 X101=44 X102=186 X103=246 X104=86 X105=233 X106=188 X107=205 X108=37 X109=61 X110=107 X111=120 X112=165 X113=236 X114=29 X115=70 X116=110 X117=208 X118=199 X119=222 X120=41 X121=46 X122=53 X123=190 X124=137 X125=51 X126=103 X127=146 X128=162 X129=250 X130=253 X131=43 X132=220 X133=225 X134=203 X135=80 X136=124 X137=18 X138=10 X139=31 X140=34 X141=38 X142=26 X143=134 X144=141 X145=11 X146=94 X147=119 X148=20 X149=84 X150=128 X151=211 X152=249 

    solution X0=0 X1=27 X2=54 X3=63 X4=164 X5=251 X6=12 X7=21 X8=113 X9=194 X10=197 X11=132 X12=152 X13=49 X14=151 X15=154 X16=153 X17=213 X18=157 X19=238 X20=240 X21=2 X22=85 X23=115 X24=226 X25=245 X26=39 X27=140 X28=230 X29=35 X30=77 X31=149 X32=177 X33=179 X34=64 X35=206 X36=76 X37=142 X38=187 X39=224 X40=83 X41=93 X42=104 X43=193 X44=229 X45=170 X46=172 X47=210 X48=25 X49=155 X50=5 X51=8 X52=56 X53=118 X54=135 X55=147 X56=167 X57=16 X58=88 X59=109 X60=218 X61=75 X62=98 X63=101 X64=112 X65=148 X66=198 X67=87 X68=145 X69=191 X70=239 X71=32 X72=48 X73=73 X74=117 X75=214 X76=243 X77=60 X78=95 X79=235 X80=50 X81=102 X82=122 X83=123 X84=174 X85=159 X86=3 X87=150 X88=14 X89=108 X90=175 X91=216 X92=13 X93=65 X94=183 X95=121 X96=241 X97=9 X98=58 X99=68 X100=178 X101=44 X102=186 X103=246 X104=86 X105=233 X106=188 X107=205 X108=37 X109=61 X110=107 X111=120 X112=165 X113=236 X114=29 X115=70 X116=110 X117=208 X118=199 X119=222 X120=41 X121=46 X122=53 X123=190 X124=137 X125=51 X126=103 X127=146 X128=162 X129=250 X130=253 X131=43 X132=220 X133=225 X134=203 X135=80 X136=124 X137=18 X138=10 X139=31 X140=34 X141=38 X142=26 X143=134 X144=141 X145=11 X146=94 X147=119 X148=20 X149=84 X150=128 X151=211 X152=249 

   
   search
        run=0  nbConstraintChecks=360  depth=(min:0,max:152,avg:1)  nbEffectivePropagations=155  nbRevisions=3426  nbUselessRevisions=3296
        nbAssignments=310  nbFailedAssignments=157  nbBacktracks=0  nbVisitedNodes=468  nbRestartNogoods=0  nbFoundSolutions=1
        upperBound=9223372036854775807
          =>  wckTime=2.067  cpuTime=2.603  mem=58M20

   
   global
        nbConstraintChecks=360  nbEffectivePropagations=155  nbRevisions=3426  nbUselessRevisions=3296  nbRestartNogoods=0  solvingWckTime=2.068
        expiredTime=no  totalExploration=no  nbFoundSolutions=1  firstSolutionCpuTime=2.599  Stop=REACHED_GOAL
          =>  wckTime=2.584  cpuTime=2.603  mem=58M20

s SATISFIABLE
v X0=0 X1=27 X2=54 X3=63 X4=164 X5=251 X6=12 X7=21 X8=113 X9=194 X10=197 X11=132 X12=152 X13=49 X14=151 X15=154 X16=153 X17=213 X18=157 X19=238 X20=240 X21=2 X22=85 X23=115 X24=226 X25=245 X26=39 X27=140 X28=230 X29=35 X30=77 X31=149 X32=177 X33=179 X34=64 X35=206 X36=76 X37=142 X38=187 X39=224 X40=83 X41=93 X42=104 X43=193 X44=229 X45=170 X46=172 X47=210 X48=25 X49=155 X50=5 X51=8 X52=56 X53=118 X54=135 X55=147 X56=167 X57=16 X58=88 X59=109 X60=218 X61=75 X62=98 X63=101 X64=112 X65=148 X66=198 X67=87 X68=145 X69=191 X70=239 X71=32 X72=48 X73=73 X74=117 X75=214 X76=243 X77=60 X78=95 X79=235 X80=50 X81=102 X82=122 X83=123 X84=174 X85=159 X86=3 X87=150 X88=14 X89=108 X90=175 X91=216 X92=13 X93=65 X94=183 X95=121 X96=241 X97=9 X98=58 X99=68 X100=178 X101=44 X102=186 X103=246 X104=86 X105=233 X106=188 X107=205 X108=37 X109=61 X110=107 X111=120 X112=165 X113=236 X114=29 X115=70 X116=110 X117=208 X118=199 X119=222 X120=41 X121=46 X122=53 X123=190 X124=137 X125=51 X126=103 X127=146 X128=162 X129=250 X130=253 X131=43 X132=220 X133=225 X134=203 X135=80 X136=124 X137=18 X138=10 X139=31 X140=34 X141=38 X142=26 X143=134 X144=141 X145=11 X146=94 X147=119 X148=20 X149=84 X150=128 X151=211 X152=249 
d NODES 310

   totalWckTime=2.485  totalCpuTime=2.604
