
   AbsCon 1.41 (January, 2014) - defaultConfiguration

   
   instance
        framework=CSP  name=Isomorphism-/cluster/gpg/ciaran/sip-benchmarks/benchmarks/si6_m4D_m4Dr6_256/si6_m4Dr6_m256.02/pattern-/cluster/gpg/ciaran/sip-benchmarks/benchmarks/si6_m4D_m4Dr6_256/si6_m4Dr6_m256.02/target
        parameters=/cluster/gpg/ciaran/sip-benchmarks/benchmarks/si6_m4D_m4Dr6_256/si6_m4Dr6_m256.02/pattern,/cluster/gpg/ciaran/sip-benchmarks/benchmarks/si6_m4D_m4Dr6_256/si6_m4Dr6_m256.02/target
      

   loading variables...
        nbVariables=153  nbDomainTypes=1  nbTotalValues=39168  domainSizes=(256:153)
          =>  wckTime=0.193  cpuTime=0.299  mem=4M678

   loading objectives...

   loading constraints...
        nbConstraints=392  nbSpecificConstraints=1  nbExtensionStructures=(1,shared:390)  nbConflictsStructures=(1,shared:390,unbuilt:1)
        degrees=(2:9)(3:10)(4:18)...(8:20)(9:15)(10:10)  arities=(2:391)(153:1)  types=(AllDifferent:1)(ConstraintHardExtensionV-Bits:391)
          =>  wckTime=0.316  cpuTime=0.415  mem=6M532

   INFO : <!-- Start saving the XML representation -->

   INFO : <!-- Stop saving the XML representation of target.xml -->

   Solver SolverBacktrack being built... 
          =>  wckTime=0.527  cpuTime=0.598  mem=24M939

    instantiation X0=0 X1=36 X2=70 X3=142 X4=159 X5=162 X6=165 X7=235 X8=236 X9=19 X10=48 X11=68 X12=221 X13=239 X14=49 X15=89 X16=173 X17=237 X18=249 X19=8 X20=63 X21=99 X22=180 X23=206 X24=208 X25=2 X26=60 X27=87 X28=186 X29=219 X30=45 X31=119 X32=136 X33=138 X34=25 X35=128 X36=139 X37=141 X38=244 X39=96 X40=59 X41=100 X42=147 X43=232 X44=122 X45=151 X46=242 X47=91 X48=212 X49=76 X50=145 X51=6 X52=163 X53=187 X54=42 X55=86 X56=103 X57=181 X58=32 X59=95 X60=129 X61=203 X62=251 X63=3 X64=46 X65=126 X66=168 X67=225 X68=243 X69=12 X70=97 X71=248 X72=20 X73=199 X74=75 X75=140 X76=88 X77=101 X78=118 X79=47 X80=102 X81=39 X82=114 X83=169 X84=191 X85=194 X86=152 X87=172 X88=184 X89=196 X90=204 X91=44 X92=52 X93=110 X94=125 X95=112 X96=192 X97=34 X98=83 X99=143 X100=65 X101=80 X102=154 X103=160 X104=193 X105=210 X106=234 X107=123 X108=28 X109=176 X110=195 X111=18 X112=22 X113=71 X114=105 X115=183 X116=254 X117=94 X118=253 X119=130 X120=92 X121=43 X122=120 X123=30 X124=90 X125=158 X126=29 X127=93 X128=132 X129=220 X130=228 X131=106 X132=24 X133=155 X134=157 X135=250 X136=53 X137=66 X138=40 X139=78 X140=150 X141=215 X142=38 X143=179 X144=56 X145=58 X146=82 X147=171 X148=16 X149=23 X150=224 X151=246 X152=27 

    solution X0=0 X1=36 X2=70 X3=142 X4=159 X5=162 X6=165 X7=235 X8=236 X9=19 X10=48 X11=68 X12=221 X13=239 X14=49 X15=89 X16=173 X17=237 X18=249 X19=8 X20=63 X21=99 X22=180 X23=206 X24=208 X25=2 X26=60 X27=87 X28=186 X29=219 X30=45 X31=119 X32=136 X33=138 X34=25 X35=128 X36=139 X37=141 X38=244 X39=96 X40=59 X41=100 X42=147 X43=232 X44=122 X45=151 X46=242 X47=91 X48=212 X49=76 X50=145 X51=6 X52=163 X53=187 X54=42 X55=86 X56=103 X57=181 X58=32 X59=95 X60=129 X61=203 X62=251 X63=3 X64=46 X65=126 X66=168 X67=225 X68=243 X69=12 X70=97 X71=248 X72=20 X73=199 X74=75 X75=140 X76=88 X77=101 X78=118 X79=47 X80=102 X81=39 X82=114 X83=169 X84=191 X85=194 X86=152 X87=172 X88=184 X89=196 X90=204 X91=44 X92=52 X93=110 X94=125 X95=112 X96=192 X97=34 X98=83 X99=143 X100=65 X101=80 X102=154 X103=160 X104=193 X105=210 X106=234 X107=123 X108=28 X109=176 X110=195 X111=18 X112=22 X113=71 X114=105 X115=183 X116=254 X117=94 X118=253 X119=130 X120=92 X121=43 X122=120 X123=30 X124=90 X125=158 X126=29 X127=93 X128=132 X129=220 X130=228 X131=106 X132=24 X133=155 X134=157 X135=250 X136=53 X137=66 X138=40 X139=78 X140=150 X141=215 X142=38 X143=179 X144=56 X145=58 X146=82 X147=171 X148=16 X149=23 X150=224 X151=246 X152=27 

   
   search
        run=0  nbConstraintChecks=392  depth=(min:0,max:152,avg:1)  nbEffectivePropagations=155  nbRevisions=3585  nbUselessRevisions=3450
        nbAssignments=315  nbFailedAssignments=162  nbBacktracks=0  nbVisitedNodes=478  nbRestartNogoods=0  nbFoundSolutions=1
        upperBound=9223372036854775807
          =>  wckTime=2.026  cpuTime=2.571  mem=69M642

   
   global
        nbConstraintChecks=392  nbEffectivePropagations=155  nbRevisions=3585  nbUselessRevisions=3450  nbRestartNogoods=0  solvingWckTime=2.026
        expiredTime=no  totalExploration=no  nbFoundSolutions=1  firstSolutionCpuTime=2.567  Stop=REACHED_GOAL
          =>  wckTime=2.553  cpuTime=2.571  mem=69M642

s SATISFIABLE
v X0=0 X1=36 X2=70 X3=142 X4=159 X5=162 X6=165 X7=235 X8=236 X9=19 X10=48 X11=68 X12=221 X13=239 X14=49 X15=89 X16=173 X17=237 X18=249 X19=8 X20=63 X21=99 X22=180 X23=206 X24=208 X25=2 X26=60 X27=87 X28=186 X29=219 X30=45 X31=119 X32=136 X33=138 X34=25 X35=128 X36=139 X37=141 X38=244 X39=96 X40=59 X41=100 X42=147 X43=232 X44=122 X45=151 X46=242 X47=91 X48=212 X49=76 X50=145 X51=6 X52=163 X53=187 X54=42 X55=86 X56=103 X57=181 X58=32 X59=95 X60=129 X61=203 X62=251 X63=3 X64=46 X65=126 X66=168 X67=225 X68=243 X69=12 X70=97 X71=248 X72=20 X73=199 X74=75 X75=140 X76=88 X77=101 X78=118 X79=47 X80=102 X81=39 X82=114 X83=169 X84=191 X85=194 X86=152 X87=172 X88=184 X89=196 X90=204 X91=44 X92=52 X93=110 X94=125 X95=112 X96=192 X97=34 X98=83 X99=143 X100=65 X101=80 X102=154 X103=160 X104=193 X105=210 X106=234 X107=123 X108=28 X109=176 X110=195 X111=18 X112=22 X113=71 X114=105 X115=183 X116=254 X117=94 X118=253 X119=130 X120=92 X121=43 X122=120 X123=30 X124=90 X125=158 X126=29 X127=93 X128=132 X129=220 X130=228 X131=106 X132=24 X133=155 X134=157 X135=250 X136=53 X137=66 X138=40 X139=78 X140=150 X141=215 X142=38 X143=179 X144=56 X145=58 X146=82 X147=171 X148=16 X149=23 X150=224 X151=246 X152=27 
d NODES 315

   totalWckTime=2.454  totalCpuTime=2.572
