
   AbsCon 1.41 (January, 2014) - defaultConfiguration

   
   instance
        framework=CSP  name=Isomorphism-/cluster/gpg/ciaran/sip-benchmarks/benchmarks/si6_bvg_b03_400/si6_b03_m400.07/pattern-/cluster/gpg/ciaran/sip-benchmarks/benchmarks/si6_bvg_b03_400/si6_b03_m400.07/target
        parameters=/cluster/gpg/ciaran/sip-benchmarks/benchmarks/si6_bvg_b03_400/si6_b03_m400.07/pattern,/cluster/gpg/ciaran/sip-benchmarks/benchmarks/si6_bvg_b03_400/si6_b03_m400.07/target
      

   loading variables...
        nbVariables=240  nbDomainTypes=1  nbTotalValues=96000  domainSizes=(400:240)
          =>  wckTime=0.189  cpuTime=0.31  mem=7M510

   loading objectives...

   loading constraints...
        nbConstraints=358  nbSpecificConstraints=1  nbExtensionStructures=(1,shared:356)  nbConflictsStructures=(1,shared:356,unbuilt:1)
        degrees=(2:2)(3:2)(4:236)  arities=(2:357)(240:1)  types=(AllDifferent:1)(ConstraintHardExtensionV-Bits:357)
          =>  wckTime=0.309  cpuTime=0.417  mem=11M610

   INFO : <!-- Start saving the XML representation -->

   INFO : <!-- Stop saving the XML representation of target.xml -->

   Solver SolverBacktrack being built... 
          =>  wckTime=0.555  cpuTime=0.631  mem=28M808

    instantiation X0=0 X1=79 X2=213 X3=310 X4=48 X5=130 X6=262 X7=184 X8=200 X9=7 X10=312 X11=273 X12=286 X13=397 X14=100 X15=243 X16=228 X17=183 X18=115 X19=394 X20=133 X21=47 X22=5 X23=294 X24=171 X25=65 X26=287 X27=385 X28=165 X29=190 X30=384 X31=39 X32=107 X33=313 X34=45 X35=393 X36=364 X37=291 X38=297 X39=16 X40=373 X41=146 X42=151 X43=230 X44=106 X45=316 X46=147 X47=265 X48=18 X49=374 X50=293 X51=320 X52=174 X53=14 X54=49 X55=292 X56=298 X57=144 X58=155 X59=325 X60=135 X61=371 X62=257 X63=250 X64=189 X65=255 X66=168 X67=309 X68=188 X69=368 X70=341 X71=162 X72=108 X73=370 X74=361 X75=360 X76=161 X77=180 X78=89 X79=259 X80=225 X81=181 X82=143 X83=4 X84=33 X85=62 X86=322 X87=20 X88=389 X89=358 X90=145 X91=163 X92=207 X93=80 X94=178 X95=164 X96=9 X97=136 X98=67 X99=376 X100=382 X101=350 X102=356 X103=366 X104=21 X105=76 X106=63 X107=337 X108=232 X109=254 X110=32 X111=256 X112=237 X113=363 X114=97 X115=303 X116=170 X117=248 X118=236 X119=71 X120=102 X121=193 X122=315 X123=29 X124=288 X125=11 X126=22 X127=157 X128=158 X129=398 X130=270 X131=13 X132=344 X133=330 X134=28 X135=175 X136=359 X137=215 X138=252 X139=31 X140=182 X141=241 X142=137 X143=249 X144=44 X145=58 X146=120 X147=324 X148=290 X149=214 X150=321 X151=346 X152=244 X153=269 X154=353 X155=150 X156=260 X157=1 X158=75 X159=23 X160=117 X161=235 X162=187 X163=275 X164=113 X165=132 X166=380 X167=148 X168=261 X169=206 X170=224 X171=369 X172=37 X173=17 X174=218 X175=251 X176=40 X177=191 X178=19 X179=167 X180=114 X181=268 X182=105 X183=296 X184=334 X185=223 X186=176 X187=253 X188=323 X189=332 X190=46 X191=50 X192=53 X193=127 X194=141 X195=307 X196=347 X197=51 X198=42 X199=210 X200=38 X201=335 X202=68 X203=159 X204=94 X205=349 X206=388 X207=192 X208=64 X209=339 X210=328 X211=231 X212=77 X213=101 X214=83 X215=128 X216=90 X217=276 X218=3 X219=203 X220=365 X221=351 X222=387 X223=86 X224=177 X225=266 X226=197 X227=258 X228=354 X229=205 X230=126 X231=306 X232=267 X233=60 X234=352 X235=8 X236=88 X237=74 X238=271 X239=247 

    solution X0=0 X1=79 X2=213 X3=310 X4=48 X5=130 X6=262 X7=184 X8=200 X9=7 X10=312 X11=273 X12=286 X13=397 X14=100 X15=243 X16=228 X17=183 X18=115 X19=394 X20=133 X21=47 X22=5 X23=294 X24=171 X25=65 X26=287 X27=385 X28=165 X29=190 X30=384 X31=39 X32=107 X33=313 X34=45 X35=393 X36=364 X37=291 X38=297 X39=16 X40=373 X41=146 X42=151 X43=230 X44=106 X45=316 X46=147 X47=265 X48=18 X49=374 X50=293 X51=320 X52=174 X53=14 X54=49 X55=292 X56=298 X57=144 X58=155 X59=325 X60=135 X61=371 X62=257 X63=250 X64=189 X65=255 X66=168 X67=309 X68=188 X69=368 X70=341 X71=162 X72=108 X73=370 X74=361 X75=360 X76=161 X77=180 X78=89 X79=259 X80=225 X81=181 X82=143 X83=4 X84=33 X85=62 X86=322 X87=20 X88=389 X89=358 X90=145 X91=163 X92=207 X93=80 X94=178 X95=164 X96=9 X97=136 X98=67 X99=376 X100=382 X101=350 X102=356 X103=366 X104=21 X105=76 X106=63 X107=337 X108=232 X109=254 X110=32 X111=256 X112=237 X113=363 X114=97 X115=303 X116=170 X117=248 X118=236 X119=71 X120=102 X121=193 X122=315 X123=29 X124=288 X125=11 X126=22 X127=157 X128=158 X129=398 X130=270 X131=13 X132=344 X133=330 X134=28 X135=175 X136=359 X137=215 X138=252 X139=31 X140=182 X141=241 X142=137 X143=249 X144=44 X145=58 X146=120 X147=324 X148=290 X149=214 X150=321 X151=346 X152=244 X153=269 X154=353 X155=150 X156=260 X157=1 X158=75 X159=23 X160=117 X161=235 X162=187 X163=275 X164=113 X165=132 X166=380 X167=148 X168=261 X169=206 X170=224 X171=369 X172=37 X173=17 X174=218 X175=251 X176=40 X177=191 X178=19 X179=167 X180=114 X181=268 X182=105 X183=296 X184=334 X185=223 X186=176 X187=253 X188=323 X189=332 X190=46 X191=50 X192=53 X193=127 X194=141 X195=307 X196=347 X197=51 X198=42 X199=210 X200=38 X201=335 X202=68 X203=159 X204=94 X205=349 X206=388 X207=192 X208=64 X209=339 X210=328 X211=231 X212=77 X213=101 X214=83 X215=128 X216=90 X217=276 X218=3 X219=203 X220=365 X221=351 X222=387 X223=86 X224=177 X225=266 X226=197 X227=258 X228=354 X229=205 X230=126 X231=306 X232=267 X233=60 X234=352 X235=8 X236=88 X237=74 X238=271 X239=247 

   
   search
        run=0  nbConstraintChecks=358  depth=(min:241,max:239,avg:0)  nbEffectivePropagations=353  nbRevisions=1763  nbUselessRevisions=1763
        nbAssignments=240  nbFailedAssignments=0  nbBacktracks=0  nbVisitedNodes=241  nbRestartNogoods=0  nbFoundSolutions=1
        upperBound=9223372036854775807
          =>  wckTime=3.481  cpuTime=4.013  mem=287M300

   
   global
        nbConstraintChecks=358  nbEffectivePropagations=353  nbRevisions=1763  nbUselessRevisions=1763  nbRestartNogoods=0  solvingWckTime=3.481
        expiredTime=no  totalExploration=no  nbFoundSolutions=1  firstSolutionCpuTime=4.003  Stop=REACHED_GOAL
          =>  wckTime=4.037  cpuTime=4.014  mem=287M300

s SATISFIABLE
v X0=0 X1=79 X2=213 X3=310 X4=48 X5=130 X6=262 X7=184 X8=200 X9=7 X10=312 X11=273 X12=286 X13=397 X14=100 X15=243 X16=228 X17=183 X18=115 X19=394 X20=133 X21=47 X22=5 X23=294 X24=171 X25=65 X26=287 X27=385 X28=165 X29=190 X30=384 X31=39 X32=107 X33=313 X34=45 X35=393 X36=364 X37=291 X38=297 X39=16 X40=373 X41=146 X42=151 X43=230 X44=106 X45=316 X46=147 X47=265 X48=18 X49=374 X50=293 X51=320 X52=174 X53=14 X54=49 X55=292 X56=298 X57=144 X58=155 X59=325 X60=135 X61=371 X62=257 X63=250 X64=189 X65=255 X66=168 X67=309 X68=188 X69=368 X70=341 X71=162 X72=108 X73=370 X74=361 X75=360 X76=161 X77=180 X78=89 X79=259 X80=225 X81=181 X82=143 X83=4 X84=33 X85=62 X86=322 X87=20 X88=389 X89=358 X90=145 X91=163 X92=207 X93=80 X94=178 X95=164 X96=9 X97=136 X98=67 X99=376 X100=382 X101=350 X102=356 X103=366 X104=21 X105=76 X106=63 X107=337 X108=232 X109=254 X110=32 X111=256 X112=237 X113=363 X114=97 X115=303 X116=170 X117=248 X118=236 X119=71 X120=102 X121=193 X122=315 X123=29 X124=288 X125=11 X126=22 X127=157 X128=158 X129=398 X130=270 X131=13 X132=344 X133=330 X134=28 X135=175 X136=359 X137=215 X138=252 X139=31 X140=182 X141=241 X142=137 X143=249 X144=44 X145=58 X146=120 X147=324 X148=290 X149=214 X150=321 X151=346 X152=244 X153=269 X154=353 X155=150 X156=260 X157=1 X158=75 X159=23 X160=117 X161=235 X162=187 X163=275 X164=113 X165=132 X166=380 X167=148 X168=261 X169=206 X170=224 X171=369 X172=37 X173=17 X174=218 X175=251 X176=40 X177=191 X178=19 X179=167 X180=114 X181=268 X182=105 X183=296 X184=334 X185=223 X186=176 X187=253 X188=323 X189=332 X190=46 X191=50 X192=53 X193=127 X194=141 X195=307 X196=347 X197=51 X198=42 X199=210 X200=38 X201=335 X202=68 X203=159 X204=94 X205=349 X206=388 X207=192 X208=64 X209=339 X210=328 X211=231 X212=77 X213=101 X214=83 X215=128 X216=90 X217=276 X218=3 X219=203 X220=365 X221=351 X222=387 X223=86 X224=177 X225=266 X226=197 X227=258 X228=354 X229=205 X230=126 X231=306 X232=267 X233=60 X234=352 X235=8 X236=88 X237=74 X238=271 X239=247 
d NODES 240

   totalWckTime=3.941  totalCpuTime=4.014
