
   AbsCon 1.41 (January, 2014) - defaultConfiguration

   
   instance
        framework=CSP  name=Isomorphism-/cluster/gpg/ciaran/sip-benchmarks/benchmarks/si6_rand_r005_400/si6_r005_m400.07/pattern-/cluster/gpg/ciaran/sip-benchmarks/benchmarks/si6_rand_r005_400/si6_r005_m400.07/target
        parameters=/cluster/gpg/ciaran/sip-benchmarks/benchmarks/si6_rand_r005_400/si6_r005_m400.07/pattern,/cluster/gpg/ciaran/sip-benchmarks/benchmarks/si6_rand_r005_400/si6_r005_m400.07/target
      

   loading variables...
        nbVariables=240  nbDomainTypes=1  nbTotalValues=96000  domainSizes=(400:240)
          =>  wckTime=0.305  cpuTime=0.421  mem=8M431

   loading objectives...

   loading constraints...
        nbConstraints=2803  nbSpecificConstraints=1  nbExtensionStructures=(1,shared:2801)  nbConflictsStructures=(1,shared:2801,unbuilt:1)
        degrees=(12:2)(14:1)(15:3)...(33:1)(34:3)(35:3)  arities=(2:2802)(240:1)  types=(AllDifferent:1)(ConstraintHardExtensionV-Bits:2802)
          =>  wckTime=1.4  cpuTime=1.466  mem=150M124

   INFO : <!-- Start saving the XML representation -->

   INFO : <!-- Stop saving the XML representation of target.xml -->

   Solver SolverBacktrack being built... 
          =>  wckTime=1.842  cpuTime=1.828  mem=41M386

    instantiation X0=212 X1=382 X2=281 X3=270 X4=41 X5=113 X6=39 X7=363 X8=309 X9=211 X10=185 X11=372 X12=256 X13=332 X14=21 X15=196 X16=228 X17=321 X18=254 X19=317 X20=15 X21=22 X22=131 X23=210 X24=141 X25=311 X26=68 X27=360 X28=343 X29=231 X30=152 X31=307 X32=271 X33=305 X34=323 X35=198 X36=132 X37=108 X38=259 X39=359 X40=178 X41=123 X42=236 X43=89 X44=213 X45=23 X46=130 X47=61 X48=264 X49=136 X50=4 X51=125 X52=19 X53=135 X54=44 X55=197 X56=357 X57=5 X58=127 X59=107 X60=355 X61=331 X62=313 X63=158 X64=240 X65=325 X66=3 X67=238 X68=216 X69=233 X70=290 X71=48 X72=201 X73=86 X74=149 X75=57 X76=250 X77=389 X78=326 X79=142 X80=153 X81=88 X82=183 X83=209 X84=330 X85=159 X86=399 X87=45 X88=103 X89=118 X90=291 X91=251 X92=121 X93=385 X94=396 X95=52 X96=296 X97=237 X98=73 X99=220 X100=168 X101=217 X102=221 X103=230 X104=145 X105=157 X106=376 X107=80 X108=174 X109=329 X110=308 X111=316 X112=161 X113=13 X114=303 X115=169 X116=320 X117=17 X118=374 X119=388 X120=182 X121=242 X122=274 X123=134 X124=179 X125=297 X126=319 X127=102 X128=223 X129=239 X130=339 X131=260 X132=262 X133=366 X134=33 X135=353 X136=229 X137=280 X138=10 X139=97 X140=344 X141=194 X142=143 X143=87 X144=34 X145=235 X146=273 X147=342 X148=263 X149=334 X150=390 X151=241 X152=335 X153=195 X154=38 X155=126 X156=188 X157=0 X158=378 X159=47 X160=64 X161=206 X162=2 X163=276 X164=398 X165=171 X166=65 X167=128 X168=200 X169=111 X170=53 X171=104 X172=261 X173=392 X174=224 X175=78 X176=371 X177=122 X178=234 X179=83 X180=173 X181=101 X182=98 X183=82 X184=40 X185=203 X186=248 X187=165 X188=146 X189=30 X190=95 X191=350 X192=42 X193=282 X194=269 X195=60 X196=49 X197=18 X198=362 X199=337 X200=20 X201=278 X202=284 X203=312 X204=176 X205=268 X206=112 X207=367 X208=272 X209=184 X210=249 X211=91 X212=85 X213=77 X214=160 X215=72 X216=63 X217=59 X218=375 X219=29 X220=166 X221=289 X222=225 X223=81 X224=310 X225=129 X226=338 X227=74 X228=114 X229=92 X230=26 X231=106 X232=70 X233=199 X234=27 X235=393 X236=32 X237=124 X238=215 X239=292 

    solution X0=212 X1=382 X2=281 X3=270 X4=41 X5=113 X6=39 X7=363 X8=309 X9=211 X10=185 X11=372 X12=256 X13=332 X14=21 X15=196 X16=228 X17=321 X18=254 X19=317 X20=15 X21=22 X22=131 X23=210 X24=141 X25=311 X26=68 X27=360 X28=343 X29=231 X30=152 X31=307 X32=271 X33=305 X34=323 X35=198 X36=132 X37=108 X38=259 X39=359 X40=178 X41=123 X42=236 X43=89 X44=213 X45=23 X46=130 X47=61 X48=264 X49=136 X50=4 X51=125 X52=19 X53=135 X54=44 X55=197 X56=357 X57=5 X58=127 X59=107 X60=355 X61=331 X62=313 X63=158 X64=240 X65=325 X66=3 X67=238 X68=216 X69=233 X70=290 X71=48 X72=201 X73=86 X74=149 X75=57 X76=250 X77=389 X78=326 X79=142 X80=153 X81=88 X82=183 X83=209 X84=330 X85=159 X86=399 X87=45 X88=103 X89=118 X90=291 X91=251 X92=121 X93=385 X94=396 X95=52 X96=296 X97=237 X98=73 X99=220 X100=168 X101=217 X102=221 X103=230 X104=145 X105=157 X106=376 X107=80 X108=174 X109=329 X110=308 X111=316 X112=161 X113=13 X114=303 X115=169 X116=320 X117=17 X118=374 X119=388 X120=182 X121=242 X122=274 X123=134 X124=179 X125=297 X126=319 X127=102 X128=223 X129=239 X130=339 X131=260 X132=262 X133=366 X134=33 X135=353 X136=229 X137=280 X138=10 X139=97 X140=344 X141=194 X142=143 X143=87 X144=34 X145=235 X146=273 X147=342 X148=263 X149=334 X150=390 X151=241 X152=335 X153=195 X154=38 X155=126 X156=188 X157=0 X158=378 X159=47 X160=64 X161=206 X162=2 X163=276 X164=398 X165=171 X166=65 X167=128 X168=200 X169=111 X170=53 X171=104 X172=261 X173=392 X174=224 X175=78 X176=371 X177=122 X178=234 X179=83 X180=173 X181=101 X182=98 X183=82 X184=40 X185=203 X186=248 X187=165 X188=146 X189=30 X190=95 X191=350 X192=42 X193=282 X194=269 X195=60 X196=49 X197=18 X198=362 X199=337 X200=20 X201=278 X202=284 X203=312 X204=176 X205=268 X206=112 X207=367 X208=272 X209=184 X210=249 X211=91 X212=85 X213=77 X214=160 X215=72 X216=63 X217=59 X218=375 X219=29 X220=166 X221=289 X222=225 X223=81 X224=310 X225=129 X226=338 X227=74 X228=114 X229=92 X230=26 X231=106 X232=70 X233=199 X234=27 X235=393 X236=32 X237=124 X238=215 X239=292 

   
   search
        run=0  nbConstraintChecks=2803  depth=(min:0,max:239,avg:1)  nbEffectivePropagations=0  nbRevisions=11466  nbUselessRevisions=11466
        nbAssignments=353  nbFailedAssignments=113  nbBacktracks=0  nbVisitedNodes=467  nbRestartNogoods=0  nbFoundSolutions=1
        upperBound=9223372036854775807
          =>  wckTime=58.05  cpuTime=59.636  mem=117M264

   
   global
        nbConstraintChecks=2803  nbRevisions=11466  nbUselessRevisions=11466  nbRestartNogoods=0  solvingWckTime=58.051  expiredTime=no
        totalExploration=no  nbFoundSolutions=1  firstSolutionCpuTime=59.628  Stop=REACHED_GOAL
          =>  wckTime=59.894  cpuTime=59.636  mem=117M264

s SATISFIABLE
v X0=212 X1=382 X2=281 X3=270 X4=41 X5=113 X6=39 X7=363 X8=309 X9=211 X10=185 X11=372 X12=256 X13=332 X14=21 X15=196 X16=228 X17=321 X18=254 X19=317 X20=15 X21=22 X22=131 X23=210 X24=141 X25=311 X26=68 X27=360 X28=343 X29=231 X30=152 X31=307 X32=271 X33=305 X34=323 X35=198 X36=132 X37=108 X38=259 X39=359 X40=178 X41=123 X42=236 X43=89 X44=213 X45=23 X46=130 X47=61 X48=264 X49=136 X50=4 X51=125 X52=19 X53=135 X54=44 X55=197 X56=357 X57=5 X58=127 X59=107 X60=355 X61=331 X62=313 X63=158 X64=240 X65=325 X66=3 X67=238 X68=216 X69=233 X70=290 X71=48 X72=201 X73=86 X74=149 X75=57 X76=250 X77=389 X78=326 X79=142 X80=153 X81=88 X82=183 X83=209 X84=330 X85=159 X86=399 X87=45 X88=103 X89=118 X90=291 X91=251 X92=121 X93=385 X94=396 X95=52 X96=296 X97=237 X98=73 X99=220 X100=168 X101=217 X102=221 X103=230 X104=145 X105=157 X106=376 X107=80 X108=174 X109=329 X110=308 X111=316 X112=161 X113=13 X114=303 X115=169 X116=320 X117=17 X118=374 X119=388 X120=182 X121=242 X122=274 X123=134 X124=179 X125=297 X126=319 X127=102 X128=223 X129=239 X130=339 X131=260 X132=262 X133=366 X134=33 X135=353 X136=229 X137=280 X138=10 X139=97 X140=344 X141=194 X142=143 X143=87 X144=34 X145=235 X146=273 X147=342 X148=263 X149=334 X150=390 X151=241 X152=335 X153=195 X154=38 X155=126 X156=188 X157=0 X158=378 X159=47 X160=64 X161=206 X162=2 X163=276 X164=398 X165=171 X166=65 X167=128 X168=200 X169=111 X170=53 X171=104 X172=261 X173=392 X174=224 X175=78 X176=371 X177=122 X178=234 X179=83 X180=173 X181=101 X182=98 X183=82 X184=40 X185=203 X186=248 X187=165 X188=146 X189=30 X190=95 X191=350 X192=42 X193=282 X194=269 X195=60 X196=49 X197=18 X198=362 X199=337 X200=20 X201=278 X202=284 X203=312 X204=176 X205=268 X206=112 X207=367 X208=272 X209=184 X210=249 X211=91 X212=85 X213=77 X214=160 X215=72 X216=63 X217=59 X218=375 X219=29 X220=166 X221=289 X222=225 X223=81 X224=310 X225=129 X226=338 X227=74 X228=114 X229=92 X230=26 X231=106 X232=70 X233=199 X234=27 X235=393 X236=32 X237=124 X238=215 X239=292 
d NODES 353

   totalWckTime=59.752  totalCpuTime=59.637
77
