
   AbsCon 1.41 (January, 2014) - defaultConfiguration

   
   instance
        framework=CSP  name=Isomorphism-/cluster/gpg/ciaran/sip-benchmarks/benchmarks/si6_m4D_m4Dr6_256/si6_m4Dr6_m256.07/pattern-/cluster/gpg/ciaran/sip-benchmarks/benchmarks/si6_m4D_m4Dr6_256/si6_m4Dr6_m256.07/target
        parameters=/cluster/gpg/ciaran/sip-benchmarks/benchmarks/si6_m4D_m4Dr6_256/si6_m4Dr6_m256.07/pattern,/cluster/gpg/ciaran/sip-benchmarks/benchmarks/si6_m4D_m4Dr6_256/si6_m4Dr6_m256.07/target
      

   loading variables...
        nbVariables=153  nbDomainTypes=1  nbTotalValues=39168  domainSizes=(256:153)
          =>  wckTime=0.188  cpuTime=0.296  mem=4M726

   loading objectives...

   loading constraints...
        nbConstraints=395  nbSpecificConstraints=1  nbExtensionStructures=(1,shared:393)  nbConflictsStructures=(1,shared:393,unbuilt:1)
        degrees=(2:4)(3:10)(4:25)...(9:15)(10:10)(13:1)  arities=(2:394)(153:1)  types=(AllDifferent:1)(ConstraintHardExtensionV-Bits:394)
          =>  wckTime=0.301  cpuTime=0.406  mem=6M615

   INFO : <!-- Start saving the XML representation -->

   INFO : <!-- Stop saving the XML representation of target.xml -->

   Solver SolverBacktrack being built... 
          =>  wckTime=0.516  cpuTime=0.588  mem=24M748

    instantiation X0=0 X1=2 X2=37 X3=42 X4=177 X5=23 X6=86 X7=89 X8=169 X9=61 X10=64 X11=184 X12=212 X13=236 X14=148 X15=195 X16=53 X17=207 X18=20 X19=83 X20=129 X21=144 X22=194 X23=211 X24=231 X25=63 X26=216 X27=237 X28=31 X29=107 X30=114 X31=197 X32=117 X33=164 X34=43 X35=69 X36=138 X37=192 X38=200 X39=232 X40=251 X41=38 X42=115 X43=210 X44=221 X45=225 X46=234 X47=79 X48=198 X49=202 X50=254 X51=112 X52=222 X53=41 X54=52 X55=145 X56=150 X57=235 X58=6 X59=88 X60=146 X61=33 X62=101 X63=122 X64=155 X65=165 X66=230 X67=113 X68=137 X69=141 X70=228 X71=13 X72=70 X73=93 X74=100 X75=104 X76=140 X77=187 X78=35 X79=51 X80=80 X81=171 X82=180 X83=206 X84=233 X85=49 X86=126 X87=208 X88=54 X89=121 X90=139 X91=174 X92=50 X93=170 X94=11 X95=75 X96=109 X97=158 X98=56 X99=46 X100=124 X101=244 X102=9 X103=127 X104=156 X105=167 X106=182 X107=67 X108=119 X109=181 X110=183 X111=39 X112=15 X113=125 X114=133 X115=151 X116=193 X117=12 X118=29 X119=98 X120=238 X121=17 X122=62 X123=71 X124=77 X125=213 X126=30 X127=44 X128=45 X129=76 X130=214 X131=248 X132=172 X133=249 X134=25 X135=59 X136=166 X137=186 X138=48 X139=94 X140=14 X141=66 X142=106 X143=154 X144=160 X145=178 X146=203 X147=227 X148=252 X149=176 X150=24 X151=103 X152=134 

    solution X0=0 X1=2 X2=37 X3=42 X4=177 X5=23 X6=86 X7=89 X8=169 X9=61 X10=64 X11=184 X12=212 X13=236 X14=148 X15=195 X16=53 X17=207 X18=20 X19=83 X20=129 X21=144 X22=194 X23=211 X24=231 X25=63 X26=216 X27=237 X28=31 X29=107 X30=114 X31=197 X32=117 X33=164 X34=43 X35=69 X36=138 X37=192 X38=200 X39=232 X40=251 X41=38 X42=115 X43=210 X44=221 X45=225 X46=234 X47=79 X48=198 X49=202 X50=254 X51=112 X52=222 X53=41 X54=52 X55=145 X56=150 X57=235 X58=6 X59=88 X60=146 X61=33 X62=101 X63=122 X64=155 X65=165 X66=230 X67=113 X68=137 X69=141 X70=228 X71=13 X72=70 X73=93 X74=100 X75=104 X76=140 X77=187 X78=35 X79=51 X80=80 X81=171 X82=180 X83=206 X84=233 X85=49 X86=126 X87=208 X88=54 X89=121 X90=139 X91=174 X92=50 X93=170 X94=11 X95=75 X96=109 X97=158 X98=56 X99=46 X100=124 X101=244 X102=9 X103=127 X104=156 X105=167 X106=182 X107=67 X108=119 X109=181 X110=183 X111=39 X112=15 X113=125 X114=133 X115=151 X116=193 X117=12 X118=29 X119=98 X120=238 X121=17 X122=62 X123=71 X124=77 X125=213 X126=30 X127=44 X128=45 X129=76 X130=214 X131=248 X132=172 X133=249 X134=25 X135=59 X136=166 X137=186 X138=48 X139=94 X140=14 X141=66 X142=106 X143=154 X144=160 X145=178 X146=203 X147=227 X148=252 X149=176 X150=24 X151=103 X152=134 

   
   search
        run=0  nbConstraintChecks=395  depth=(min:0,max:152,avg:1)  nbEffectivePropagations=669  nbRevisions=6473  nbUselessRevisions=5819
        nbAssignments=363  nbFailedAssignments=210  nbBacktracks=0  nbVisitedNodes=574  nbRestartNogoods=0  nbFoundSolutions=1
        upperBound=9223372036854775807
          =>  wckTime=3.129  cpuTime=3.671  mem=144M277

   
   global
        nbConstraintChecks=395  nbEffectivePropagations=669  nbRevisions=6473  nbUselessRevisions=5819  nbRestartNogoods=0  solvingWckTime=3.129
        expiredTime=no  totalExploration=no  nbFoundSolutions=1  firstSolutionCpuTime=3.667  Stop=REACHED_GOAL
          =>  wckTime=3.646  cpuTime=3.671  mem=144M277

s SATISFIABLE
v X0=0 X1=2 X2=37 X3=42 X4=177 X5=23 X6=86 X7=89 X8=169 X9=61 X10=64 X11=184 X12=212 X13=236 X14=148 X15=195 X16=53 X17=207 X18=20 X19=83 X20=129 X21=144 X22=194 X23=211 X24=231 X25=63 X26=216 X27=237 X28=31 X29=107 X30=114 X31=197 X32=117 X33=164 X34=43 X35=69 X36=138 X37=192 X38=200 X39=232 X40=251 X41=38 X42=115 X43=210 X44=221 X45=225 X46=234 X47=79 X48=198 X49=202 X50=254 X51=112 X52=222 X53=41 X54=52 X55=145 X56=150 X57=235 X58=6 X59=88 X60=146 X61=33 X62=101 X63=122 X64=155 X65=165 X66=230 X67=113 X68=137 X69=141 X70=228 X71=13 X72=70 X73=93 X74=100 X75=104 X76=140 X77=187 X78=35 X79=51 X80=80 X81=171 X82=180 X83=206 X84=233 X85=49 X86=126 X87=208 X88=54 X89=121 X90=139 X91=174 X92=50 X93=170 X94=11 X95=75 X96=109 X97=158 X98=56 X99=46 X100=124 X101=244 X102=9 X103=127 X104=156 X105=167 X106=182 X107=67 X108=119 X109=181 X110=183 X111=39 X112=15 X113=125 X114=133 X115=151 X116=193 X117=12 X118=29 X119=98 X120=238 X121=17 X122=62 X123=71 X124=77 X125=213 X126=30 X127=44 X128=45 X129=76 X130=214 X131=248 X132=172 X133=249 X134=25 X135=59 X136=166 X137=186 X138=48 X139=94 X140=14 X141=66 X142=106 X143=154 X144=160 X145=178 X146=203 X147=227 X148=252 X149=176 X150=24 X151=103 X152=134 
d NODES 363

   totalWckTime=3.548  totalCpuTime=3.672
