
   AbsCon 1.41 (January, 2014) - defaultConfiguration

   
   instance
        framework=CSP  name=Isomorphism-/cluster/gpg/ciaran/sip-benchmarks/benchmarks/si6_bvg_b03_400/si6_b03_m400.01/pattern-/cluster/gpg/ciaran/sip-benchmarks/benchmarks/si6_bvg_b03_400/si6_b03_m400.01/target
        parameters=/cluster/gpg/ciaran/sip-benchmarks/benchmarks/si6_bvg_b03_400/si6_b03_m400.01/pattern,/cluster/gpg/ciaran/sip-benchmarks/benchmarks/si6_bvg_b03_400/si6_b03_m400.01/target
      

   loading variables...
        nbVariables=240  nbDomainTypes=1  nbTotalValues=96000  domainSizes=(400:240)
          =>  wckTime=0.203  cpuTime=0.3  mem=7M508

   loading objectives...

   loading constraints...
        nbConstraints=358  nbSpecificConstraints=1  nbExtensionStructures=(1,shared:356)  nbConflictsStructures=(1,shared:356,unbuilt:1)
        degrees=(2:2)(3:2)(4:236)  arities=(2:357)(240:1)  types=(AllDifferent:1)(ConstraintHardExtensionV-Bits:357)
          =>  wckTime=0.314  cpuTime=0.405  mem=11M228

   INFO : <!-- Start saving the XML representation -->

   INFO : <!-- Stop saving the XML representation of target.xml -->

   Solver SolverBacktrack being built... 
          =>  wckTime=0.581  cpuTime=0.637  mem=28M338

    instantiation X0=0 X1=55 X2=232 X3=312 X4=87 X5=377 X6=201 X7=233 X8=75 X9=137 X10=238 X11=263 X12=54 X13=244 X14=21 X15=108 X16=241 X17=337 X18=187 X19=351 X20=385 X21=321 X22=176 X23=221 X24=118 X25=180 X26=398 X27=85 X28=66 X29=97 X30=30 X31=350 X32=15 X33=204 X34=308 X35=313 X36=276 X37=167 X38=150 X39=329 X40=138 X41=62 X42=236 X43=41 X44=262 X45=69 X46=64 X47=100 X48=380 X49=31 X50=179 X51=13 X52=185 X53=285 X54=199 X55=392 X56=366 X57=334 X58=132 X59=362 X60=18 X61=340 X62=4 X63=228 X64=248 X65=154 X66=243 X67=395 X68=191 X69=124 X70=271 X71=304 X72=77 X73=209 X74=148 X75=79 X76=314 X77=363 X78=298 X79=258 X80=144 X81=165 X82=198 X83=5 X84=207 X85=145 X86=50 X87=220 X88=323 X89=252 X90=267 X91=214 X92=6 X93=33 X94=373 X95=166 X96=331 X97=131 X98=283 X99=190 X100=128 X101=174 X102=339 X103=46 X104=206 X105=63 X106=389 X107=225 X108=14 X109=175 X110=305 X111=216 X112=157 X113=279 X114=172 X115=303 X116=353 X117=95 X118=202 X119=153 X120=388 X121=272 X122=344 X123=94 X124=2 X125=273 X126=49 X127=116 X128=229 X129=296 X130=346 X131=192 X132=73 X133=48 X134=11 X135=212 X136=358 X137=70 X138=10 X139=235 X140=74 X141=134 X142=43 X143=218 X144=319 X145=34 X146=341 X147=324 X148=397 X149=226 X150=84 X151=239 X152=130 X153=369 X154=297 X155=127 X156=183 X157=251 X158=27 X159=168 X160=82 X161=307 X162=107 X163=169 X164=361 X165=292 X166=215 X167=164 X168=266 X169=299 X170=359 X171=282 X172=56 X173=143 X174=335 X175=98 X176=224 X177=52 X178=40 X179=246 X180=399 X181=83 X182=58 X183=109 X184=170 X185=53 X186=394 X187=336 X188=289 X189=347 X190=257 X191=396 X192=213 X193=288 X194=294 X195=76 X196=96 X197=147 X198=200 X199=370 X200=338 X201=149 X202=195 X203=277 X204=231 X205=17 X206=139 X207=327 X208=112 X209=163 X210=173 X211=71 X212=25 X213=159 X214=386 X215=99 X216=240 X217=356 X218=245 X219=194 X220=101 X221=315 X222=382 X223=365 X224=309 X225=36 X226=161 X227=355 X228=151 X229=300 X230=205 X231=390 X232=383 X233=384 X234=93 X235=376 X236=291 X237=32 X238=333 X239=295 

    solution X0=0 X1=55 X2=232 X3=312 X4=87 X5=377 X6=201 X7=233 X8=75 X9=137 X10=238 X11=263 X12=54 X13=244 X14=21 X15=108 X16=241 X17=337 X18=187 X19=351 X20=385 X21=321 X22=176 X23=221 X24=118 X25=180 X26=398 X27=85 X28=66 X29=97 X30=30 X31=350 X32=15 X33=204 X34=308 X35=313 X36=276 X37=167 X38=150 X39=329 X40=138 X41=62 X42=236 X43=41 X44=262 X45=69 X46=64 X47=100 X48=380 X49=31 X50=179 X51=13 X52=185 X53=285 X54=199 X55=392 X56=366 X57=334 X58=132 X59=362 X60=18 X61=340 X62=4 X63=228 X64=248 X65=154 X66=243 X67=395 X68=191 X69=124 X70=271 X71=304 X72=77 X73=209 X74=148 X75=79 X76=314 X77=363 X78=298 X79=258 X80=144 X81=165 X82=198 X83=5 X84=207 X85=145 X86=50 X87=220 X88=323 X89=252 X90=267 X91=214 X92=6 X93=33 X94=373 X95=166 X96=331 X97=131 X98=283 X99=190 X100=128 X101=174 X102=339 X103=46 X104=206 X105=63 X106=389 X107=225 X108=14 X109=175 X110=305 X111=216 X112=157 X113=279 X114=172 X115=303 X116=353 X117=95 X118=202 X119=153 X120=388 X121=272 X122=344 X123=94 X124=2 X125=273 X126=49 X127=116 X128=229 X129=296 X130=346 X131=192 X132=73 X133=48 X134=11 X135=212 X136=358 X137=70 X138=10 X139=235 X140=74 X141=134 X142=43 X143=218 X144=319 X145=34 X146=341 X147=324 X148=397 X149=226 X150=84 X151=239 X152=130 X153=369 X154=297 X155=127 X156=183 X157=251 X158=27 X159=168 X160=82 X161=307 X162=107 X163=169 X164=361 X165=292 X166=215 X167=164 X168=266 X169=299 X170=359 X171=282 X172=56 X173=143 X174=335 X175=98 X176=224 X177=52 X178=40 X179=246 X180=399 X181=83 X182=58 X183=109 X184=170 X185=53 X186=394 X187=336 X188=289 X189=347 X190=257 X191=396 X192=213 X193=288 X194=294 X195=76 X196=96 X197=147 X198=200 X199=370 X200=338 X201=149 X202=195 X203=277 X204=231 X205=17 X206=139 X207=327 X208=112 X209=163 X210=173 X211=71 X212=25 X213=159 X214=386 X215=99 X216=240 X217=356 X218=245 X219=194 X220=101 X221=315 X222=382 X223=365 X224=309 X225=36 X226=161 X227=355 X228=151 X229=300 X230=205 X231=390 X232=383 X233=384 X234=93 X235=376 X236=291 X237=32 X238=333 X239=295 

   
   search
        run=0  nbConstraintChecks=358  depth=(min:241,max:239,avg:0)  nbEffectivePropagations=353  nbRevisions=1763  nbUselessRevisions=1763
        nbAssignments=240  nbFailedAssignments=0  nbBacktracks=0  nbVisitedNodes=241  nbRestartNogoods=0  nbFoundSolutions=1
        upperBound=9223372036854775807
          =>  wckTime=3.458  cpuTime=3.981  mem=284M117

   
   global
        nbConstraintChecks=358  nbEffectivePropagations=353  nbRevisions=1763  nbUselessRevisions=1763  nbRestartNogoods=0  solvingWckTime=3.458
        expiredTime=no  totalExploration=no  nbFoundSolutions=1  firstSolutionCpuTime=3.972  Stop=REACHED_GOAL
          =>  wckTime=4.04  cpuTime=3.982  mem=284M117

s SATISFIABLE
v X0=0 X1=55 X2=232 X3=312 X4=87 X5=377 X6=201 X7=233 X8=75 X9=137 X10=238 X11=263 X12=54 X13=244 X14=21 X15=108 X16=241 X17=337 X18=187 X19=351 X20=385 X21=321 X22=176 X23=221 X24=118 X25=180 X26=398 X27=85 X28=66 X29=97 X30=30 X31=350 X32=15 X33=204 X34=308 X35=313 X36=276 X37=167 X38=150 X39=329 X40=138 X41=62 X42=236 X43=41 X44=262 X45=69 X46=64 X47=100 X48=380 X49=31 X50=179 X51=13 X52=185 X53=285 X54=199 X55=392 X56=366 X57=334 X58=132 X59=362 X60=18 X61=340 X62=4 X63=228 X64=248 X65=154 X66=243 X67=395 X68=191 X69=124 X70=271 X71=304 X72=77 X73=209 X74=148 X75=79 X76=314 X77=363 X78=298 X79=258 X80=144 X81=165 X82=198 X83=5 X84=207 X85=145 X86=50 X87=220 X88=323 X89=252 X90=267 X91=214 X92=6 X93=33 X94=373 X95=166 X96=331 X97=131 X98=283 X99=190 X100=128 X101=174 X102=339 X103=46 X104=206 X105=63 X106=389 X107=225 X108=14 X109=175 X110=305 X111=216 X112=157 X113=279 X114=172 X115=303 X116=353 X117=95 X118=202 X119=153 X120=388 X121=272 X122=344 X123=94 X124=2 X125=273 X126=49 X127=116 X128=229 X129=296 X130=346 X131=192 X132=73 X133=48 X134=11 X135=212 X136=358 X137=70 X138=10 X139=235 X140=74 X141=134 X142=43 X143=218 X144=319 X145=34 X146=341 X147=324 X148=397 X149=226 X150=84 X151=239 X152=130 X153=369 X154=297 X155=127 X156=183 X157=251 X158=27 X159=168 X160=82 X161=307 X162=107 X163=169 X164=361 X165=292 X166=215 X167=164 X168=266 X169=299 X170=359 X171=282 X172=56 X173=143 X174=335 X175=98 X176=224 X177=52 X178=40 X179=246 X180=399 X181=83 X182=58 X183=109 X184=170 X185=53 X186=394 X187=336 X188=289 X189=347 X190=257 X191=396 X192=213 X193=288 X194=294 X195=76 X196=96 X197=147 X198=200 X199=370 X200=338 X201=149 X202=195 X203=277 X204=231 X205=17 X206=139 X207=327 X208=112 X209=163 X210=173 X211=71 X212=25 X213=159 X214=386 X215=99 X216=240 X217=356 X218=245 X219=194 X220=101 X221=315 X222=382 X223=365 X224=309 X225=36 X226=161 X227=355 X228=151 X229=300 X230=205 X231=390 X232=383 X233=384 X234=93 X235=376 X236=291 X237=32 X238=333 X239=295 
d NODES 240

   totalWckTime=3.934  totalCpuTime=3.982
