
   AbsCon 1.41 (January, 2014) - defaultConfiguration

   
   instance
        framework=CSP  name=Isomorphism-/cluster/gpg/ciaran/sip-benchmarks/benchmarks/si6_m4D_m4Dr6_256/si6_m4Dr6_m256.06/pattern-/cluster/gpg/ciaran/sip-benchmarks/benchmarks/si6_m4D_m4Dr6_256/si6_m4Dr6_m256.06/target
        parameters=/cluster/gpg/ciaran/sip-benchmarks/benchmarks/si6_m4D_m4Dr6_256/si6_m4Dr6_m256.06/pattern,/cluster/gpg/ciaran/sip-benchmarks/benchmarks/si6_m4D_m4Dr6_256/si6_m4Dr6_m256.06/target
      

   loading variables...
        nbVariables=153  nbDomainTypes=1  nbTotalValues=39168  domainSizes=(256:153)
          =>  wckTime=0.229  cpuTime=0.341  mem=4M676

   loading objectives...

   loading constraints...
        nbConstraints=391  nbSpecificConstraints=1  nbExtensionStructures=(1,shared:389)  nbConflictsStructures=(1,shared:389,unbuilt:1)
        degrees=(2:12)(3:11)(4:14)...(10:9)(11:2)(12:2)  arities=(2:390)(153:1)  types=(AllDifferent:1)(ConstraintHardExtensionV-Bits:390)
          =>  wckTime=0.345  cpuTime=0.454  mem=7M29

   INFO : <!-- Start saving the XML representation -->

   INFO : <!-- Stop saving the XML representation of target.xml -->

   Solver SolverBacktrack being built... 
          =>  wckTime=0.593  cpuTime=0.674  mem=25M144

    instantiation X0=0 X1=86 X2=129 X3=138 X4=166 X5=187 X6=218 X7=222 X8=43 X9=48 X10=76 X11=107 X12=128 X13=151 X14=191 X15=211 X16=8 X17=35 X18=83 X19=208 X20=233 X21=104 X22=192 X23=223 X24=1 X25=18 X26=215 X27=212 X28=240 X29=57 X30=110 X31=180 X32=224 X33=14 X34=53 X35=23 X36=31 X37=51 X38=102 X39=117 X40=193 X41=200 X42=213 X43=253 X44=62 X45=120 X46=163 X47=220 X48=9 X49=74 X50=89 X51=162 X52=247 X53=60 X54=88 X55=116 X56=149 X57=178 X58=235 X59=87 X60=108 X61=170 X62=242 X63=249 X64=140 X65=194 X66=248 X67=63 X68=68 X69=103 X70=36 X71=91 X72=135 X73=169 X74=230 X75=100 X76=145 X77=152 X78=217 X79=245 X80=246 X81=7 X82=28 X83=122 X84=156 X85=134 X86=137 X87=190 X88=239 X89=70 X90=82 X91=123 X92=29 X93=72 X94=142 X95=158 X96=49 X97=146 X98=255 X99=11 X100=16 X101=109 X102=111 X103=234 X104=4 X105=184 X106=12 X107=143 X108=168 X109=24 X110=47 X111=54 X112=81 X113=136 X114=148 X115=27 X116=106 X117=112 X118=201 X119=202 X120=244 X121=173 X122=41 X123=101 X124=121 X125=126 X126=131 X127=165 X128=177 X129=78 X130=93 X131=155 X132=25 X133=66 X134=157 X135=56 X136=95 X137=216 X138=229 X139=6 X140=55 X141=119 X142=125 X143=185 X144=227 X145=96 X146=150 X147=21 X148=94 X149=139 X150=225 X151=228 X152=38 

    solution X0=0 X1=86 X2=129 X3=138 X4=166 X5=187 X6=218 X7=222 X8=43 X9=48 X10=76 X11=107 X12=128 X13=151 X14=191 X15=211 X16=8 X17=35 X18=83 X19=208 X20=233 X21=104 X22=192 X23=223 X24=1 X25=18 X26=215 X27=212 X28=240 X29=57 X30=110 X31=180 X32=224 X33=14 X34=53 X35=23 X36=31 X37=51 X38=102 X39=117 X40=193 X41=200 X42=213 X43=253 X44=62 X45=120 X46=163 X47=220 X48=9 X49=74 X50=89 X51=162 X52=247 X53=60 X54=88 X55=116 X56=149 X57=178 X58=235 X59=87 X60=108 X61=170 X62=242 X63=249 X64=140 X65=194 X66=248 X67=63 X68=68 X69=103 X70=36 X71=91 X72=135 X73=169 X74=230 X75=100 X76=145 X77=152 X78=217 X79=245 X80=246 X81=7 X82=28 X83=122 X84=156 X85=134 X86=137 X87=190 X88=239 X89=70 X90=82 X91=123 X92=29 X93=72 X94=142 X95=158 X96=49 X97=146 X98=255 X99=11 X100=16 X101=109 X102=111 X103=234 X104=4 X105=184 X106=12 X107=143 X108=168 X109=24 X110=47 X111=54 X112=81 X113=136 X114=148 X115=27 X116=106 X117=112 X118=201 X119=202 X120=244 X121=173 X122=41 X123=101 X124=121 X125=126 X126=131 X127=165 X128=177 X129=78 X130=93 X131=155 X132=25 X133=66 X134=157 X135=56 X136=95 X137=216 X138=229 X139=6 X140=55 X141=119 X142=125 X143=185 X144=227 X145=96 X146=150 X147=21 X148=94 X149=139 X150=225 X151=228 X152=38 

   
   search
        run=0  nbConstraintChecks=391  depth=(min:0,max:152,avg:1)  nbEffectivePropagations=31  nbRevisions=1599  nbUselessRevisions=1588
        nbAssignments=196  nbFailedAssignments=43  nbBacktracks=0  nbVisitedNodes=240  nbRestartNogoods=0  nbFoundSolutions=1
        upperBound=9223372036854775807
          =>  wckTime=1.722  cpuTime=2.352  mem=76M926

   
   global
        nbConstraintChecks=391  nbEffectivePropagations=31  nbRevisions=1599  nbUselessRevisions=1588  nbRestartNogoods=0  solvingWckTime=1.723
        expiredTime=no  totalExploration=no  nbFoundSolutions=1  firstSolutionCpuTime=2.342  Stop=REACHED_GOAL
          =>  wckTime=2.317  cpuTime=2.353  mem=76M926

s SATISFIABLE
v X0=0 X1=86 X2=129 X3=138 X4=166 X5=187 X6=218 X7=222 X8=43 X9=48 X10=76 X11=107 X12=128 X13=151 X14=191 X15=211 X16=8 X17=35 X18=83 X19=208 X20=233 X21=104 X22=192 X23=223 X24=1 X25=18 X26=215 X27=212 X28=240 X29=57 X30=110 X31=180 X32=224 X33=14 X34=53 X35=23 X36=31 X37=51 X38=102 X39=117 X40=193 X41=200 X42=213 X43=253 X44=62 X45=120 X46=163 X47=220 X48=9 X49=74 X50=89 X51=162 X52=247 X53=60 X54=88 X55=116 X56=149 X57=178 X58=235 X59=87 X60=108 X61=170 X62=242 X63=249 X64=140 X65=194 X66=248 X67=63 X68=68 X69=103 X70=36 X71=91 X72=135 X73=169 X74=230 X75=100 X76=145 X77=152 X78=217 X79=245 X80=246 X81=7 X82=28 X83=122 X84=156 X85=134 X86=137 X87=190 X88=239 X89=70 X90=82 X91=123 X92=29 X93=72 X94=142 X95=158 X96=49 X97=146 X98=255 X99=11 X100=16 X101=109 X102=111 X103=234 X104=4 X105=184 X106=12 X107=143 X108=168 X109=24 X110=47 X111=54 X112=81 X113=136 X114=148 X115=27 X116=106 X117=112 X118=201 X119=202 X120=244 X121=173 X122=41 X123=101 X124=121 X125=126 X126=131 X127=165 X128=177 X129=78 X130=93 X131=155 X132=25 X133=66 X134=157 X135=56 X136=95 X137=216 X138=229 X139=6 X140=55 X141=119 X142=125 X143=185 X144=227 X145=96 X146=150 X147=21 X148=94 X149=139 X150=225 X151=228 X152=38 
d NODES 196

   totalWckTime=2.225  totalCpuTime=2.353
