
   AbsCon 1.41 (January, 2014) - defaultConfiguration

   
   instance
        framework=CSP  name=Isomorphism-/cluster/gpg/ciaran/sip-benchmarks/benchmarks/si6_bvg_b09m_200/si6_b09m_m200.03/pattern-/cluster/gpg/ciaran/sip-benchmarks/benchmarks/si6_bvg_b09m_200/si6_b09m_m200.03/target
        parameters=/cluster/gpg/ciaran/sip-benchmarks/benchmarks/si6_bvg_b09m_200/si6_b09m_m200.03/pattern,/cluster/gpg/ciaran/sip-benchmarks/benchmarks/si6_bvg_b09m_200/si6_b09m_m200.03/target
      

   loading variables...
        nbVariables=120  nbDomainTypes=1  nbTotalValues=24000  domainSizes=(200:120)
          =>  wckTime=0.188  cpuTime=0.291  mem=3M908

   loading objectives...

   loading constraints...
        nbConstraints=402  nbSpecificConstraints=1  nbExtensionStructures=(1,shared:400)  nbConflictsStructures=(1,shared:400,unbuilt:1)
        degrees=(2:1)(3:4)(4:7)...(13:3)(15:1)(16:3)  arities=(2:401)(120:1)  types=(AllDifferent:1)(ConstraintHardExtensionV-Bits:401)
          =>  wckTime=0.297  cpuTime=0.399  mem=16M480

   INFO : <!-- Start saving the XML representation -->

   INFO : <!-- Stop saving the XML representation of target.xml -->

   Solver SolverBacktrack being built... 
          =>  wckTime=0.501  cpuTime=0.567  mem=21M160

    instantiation X0=0 X1=6 X2=17 X3=25 X4=54 X5=81 X6=100 X7=106 X8=108 X9=129 X10=155 X11=158 X12=160 X13=161 X14=178 X15=189 X16=1 X17=3 X18=26 X19=35 X20=48 X21=60 X22=71 X23=102 X24=104 X25=116 X26=121 X27=168 X28=173 X29=180 X30=29 X31=31 X32=39 X33=66 X34=72 X35=74 X36=78 X37=98 X38=117 X39=119 X40=165 X41=57 X42=79 X43=115 X44=132 X45=167 X46=190 X47=199 X48=19 X49=23 X50=77 X51=94 X52=16 X53=21 X54=95 X55=99 X56=143 X57=188 X58=105 X59=163 X60=194 X61=47 X62=112 X63=118 X64=136 X65=171 X66=174 X67=12 X68=134 X69=42 X70=55 X71=107 X72=150 X73=193 X74=8 X75=50 X76=90 X77=5 X78=75 X79=139 X80=142 X81=70 X82=141 X83=175 X84=15 X85=20 X86=59 X87=69 X88=124 X89=126 X90=176 X91=9 X92=34 X93=36 X94=56 X95=63 X96=73 X97=80 X98=110 X99=187 X100=24 X101=49 X102=103 X103=147 X104=184 X105=197 X106=14 X107=123 X108=198 X109=44 X110=51 X111=64 X112=92 X113=169 X114=179 X115=191 X116=13 X117=182 X118=18 X119=46 

    solution X0=0 X1=6 X2=17 X3=25 X4=54 X5=81 X6=100 X7=106 X8=108 X9=129 X10=155 X11=158 X12=160 X13=161 X14=178 X15=189 X16=1 X17=3 X18=26 X19=35 X20=48 X21=60 X22=71 X23=102 X24=104 X25=116 X26=121 X27=168 X28=173 X29=180 X30=29 X31=31 X32=39 X33=66 X34=72 X35=74 X36=78 X37=98 X38=117 X39=119 X40=165 X41=57 X42=79 X43=115 X44=132 X45=167 X46=190 X47=199 X48=19 X49=23 X50=77 X51=94 X52=16 X53=21 X54=95 X55=99 X56=143 X57=188 X58=105 X59=163 X60=194 X61=47 X62=112 X63=118 X64=136 X65=171 X66=174 X67=12 X68=134 X69=42 X70=55 X71=107 X72=150 X73=193 X74=8 X75=50 X76=90 X77=5 X78=75 X79=139 X80=142 X81=70 X82=141 X83=175 X84=15 X85=20 X86=59 X87=69 X88=124 X89=126 X90=176 X91=9 X92=34 X93=36 X94=56 X95=63 X96=73 X97=80 X98=110 X99=187 X100=24 X101=49 X102=103 X103=147 X104=184 X105=197 X106=14 X107=123 X108=198 X109=44 X110=51 X111=64 X112=92 X113=169 X114=179 X115=191 X116=13 X117=182 X118=18 X119=46 

   
   search
        run=0  nbConstraintChecks=402  depth=(min:121,max:119,avg:0)  nbEffectivePropagations=5  nbRevisions=1174  nbUselessRevisions=1174
        nbAssignments=120  nbFailedAssignments=0  nbBacktracks=0  nbVisitedNodes=121  nbRestartNogoods=0  nbFoundSolutions=1
        upperBound=9223372036854775807
          =>  wckTime=1.091  cpuTime=1.626  mem=24M18

   
   global
        nbConstraintChecks=402  nbEffectivePropagations=5  nbRevisions=1174  nbUselessRevisions=1174  nbRestartNogoods=0  solvingWckTime=1.091
        expiredTime=no  totalExploration=no  nbFoundSolutions=1  firstSolutionCpuTime=1.619  Stop=REACHED_GOAL
          =>  wckTime=1.593  cpuTime=1.626  mem=24M18

s SATISFIABLE
v X0=0 X1=6 X2=17 X3=25 X4=54 X5=81 X6=100 X7=106 X8=108 X9=129 X10=155 X11=158 X12=160 X13=161 X14=178 X15=189 X16=1 X17=3 X18=26 X19=35 X20=48 X21=60 X22=71 X23=102 X24=104 X25=116 X26=121 X27=168 X28=173 X29=180 X30=29 X31=31 X32=39 X33=66 X34=72 X35=74 X36=78 X37=98 X38=117 X39=119 X40=165 X41=57 X42=79 X43=115 X44=132 X45=167 X46=190 X47=199 X48=19 X49=23 X50=77 X51=94 X52=16 X53=21 X54=95 X55=99 X56=143 X57=188 X58=105 X59=163 X60=194 X61=47 X62=112 X63=118 X64=136 X65=171 X66=174 X67=12 X68=134 X69=42 X70=55 X71=107 X72=150 X73=193 X74=8 X75=50 X76=90 X77=5 X78=75 X79=139 X80=142 X81=70 X82=141 X83=175 X84=15 X85=20 X86=59 X87=69 X88=124 X89=126 X90=176 X91=9 X92=34 X93=36 X94=56 X95=63 X96=73 X97=80 X98=110 X99=187 X100=24 X101=49 X102=103 X103=147 X104=184 X105=197 X106=14 X107=123 X108=198 X109=44 X110=51 X111=64 X112=92 X113=169 X114=179 X115=191 X116=13 X117=182 X118=18 X119=46 
d NODES 120

   totalWckTime=1.496  totalCpuTime=1.627
