
   AbsCon 1.41 (January, 2014) - defaultConfiguration

   
   instance
        framework=CSP  name=Isomorphism-/cluster/gpg/ciaran/sip-benchmarks/benchmarks/si6_m4D_m4Dr2_256/si6_m4Dr2_m256.01/pattern-/cluster/gpg/ciaran/sip-benchmarks/benchmarks/si6_m4D_m4Dr2_256/si6_m4Dr2_m256.01/target
        parameters=/cluster/gpg/ciaran/sip-benchmarks/benchmarks/si6_m4D_m4Dr2_256/si6_m4Dr2_m256.01/pattern,/cluster/gpg/ciaran/sip-benchmarks/benchmarks/si6_m4D_m4Dr2_256/si6_m4Dr2_m256.01/target
      

   loading variables...
        nbVariables=153  nbDomainTypes=1  nbTotalValues=39168  domainSizes=(256:153)
          =>  wckTime=0.224  cpuTime=0.353  mem=4M508

   loading objectives...

   loading constraints...
        nbConstraints=350  nbSpecificConstraints=1  nbExtensionStructures=(1,shared:348)  nbConflictsStructures=(1,shared:348,unbuilt:1)
        degrees=(2:4)(3:25)(4:24)...(8:22)(9:7)(10:1)  arities=(2:349)(153:1)  types=(AllDifferent:1)(ConstraintHardExtensionV-Bits:349)
          =>  wckTime=0.333  cpuTime=0.462  mem=16M272

   INFO : <!-- Start saving the XML representation -->

   INFO : <!-- Stop saving the XML representation of target.xml -->

   Solver SolverBacktrack being built... 
          =>  wckTime=0.644  cpuTime=0.701  mem=23M853

    instantiation X0=0 X1=8 X2=24 X3=39 X4=196 X5=205 X6=228 X7=9 X8=26 X9=69 X10=76 X11=98 X12=110 X13=157 X14=169 X15=232 X16=14 X17=58 X18=125 X19=126 X20=37 X21=94 X22=101 X23=50 X24=156 X25=227 X26=187 X27=190 X28=216 X29=219 X30=67 X31=123 X32=183 X33=63 X34=96 X35=66 X36=115 X37=23 X38=81 X39=83 X40=97 X41=127 X42=19 X43=160 X44=201 X45=44 X46=74 X47=2 X48=171 X49=204 X50=64 X51=75 X52=240 X53=89 X54=149 X55=188 X56=56 X57=140 X58=48 X59=245 X60=7 X61=43 X62=86 X63=202 X64=207 X65=223 X66=114 X67=195 X68=13 X69=108 X70=5 X71=105 X72=181 X73=212 X74=246 X75=36 X76=147 X77=27 X78=85 X79=145 X80=194 X81=231 X82=247 X83=221 X84=51 X85=251 X86=130 X87=65 X88=229 X89=230 X90=241 X91=30 X92=49 X93=95 X94=122 X95=143 X96=6 X97=22 X98=217 X99=238 X100=78 X101=134 X102=151 X103=189 X104=59 X105=129 X106=137 X107=173 X108=45 X109=175 X110=182 X111=198 X112=199 X113=176 X114=150 X115=18 X116=135 X117=53 X118=170 X119=253 X120=21 X121=128 X122=255 X123=242 X124=29 X125=185 X126=248 X127=31 X128=32 X129=73 X130=100 X131=138 X132=148 X133=16 X134=55 X135=172 X136=174 X137=109 X138=111 X139=166 X140=11 X141=17 X142=200 X143=90 X144=62 X145=79 X146=1 X147=104 X148=141 X149=107 X150=146 X151=153 X152=28 

    solution X0=0 X1=8 X2=24 X3=39 X4=196 X5=205 X6=228 X7=9 X8=26 X9=69 X10=76 X11=98 X12=110 X13=157 X14=169 X15=232 X16=14 X17=58 X18=125 X19=126 X20=37 X21=94 X22=101 X23=50 X24=156 X25=227 X26=187 X27=190 X28=216 X29=219 X30=67 X31=123 X32=183 X33=63 X34=96 X35=66 X36=115 X37=23 X38=81 X39=83 X40=97 X41=127 X42=19 X43=160 X44=201 X45=44 X46=74 X47=2 X48=171 X49=204 X50=64 X51=75 X52=240 X53=89 X54=149 X55=188 X56=56 X57=140 X58=48 X59=245 X60=7 X61=43 X62=86 X63=202 X64=207 X65=223 X66=114 X67=195 X68=13 X69=108 X70=5 X71=105 X72=181 X73=212 X74=246 X75=36 X76=147 X77=27 X78=85 X79=145 X80=194 X81=231 X82=247 X83=221 X84=51 X85=251 X86=130 X87=65 X88=229 X89=230 X90=241 X91=30 X92=49 X93=95 X94=122 X95=143 X96=6 X97=22 X98=217 X99=238 X100=78 X101=134 X102=151 X103=189 X104=59 X105=129 X106=137 X107=173 X108=45 X109=175 X110=182 X111=198 X112=199 X113=176 X114=150 X115=18 X116=135 X117=53 X118=170 X119=253 X120=21 X121=128 X122=255 X123=242 X124=29 X125=185 X126=248 X127=31 X128=32 X129=73 X130=100 X131=138 X132=148 X133=16 X134=55 X135=172 X136=174 X137=109 X138=111 X139=166 X140=11 X141=17 X142=200 X143=90 X144=62 X145=79 X146=1 X147=104 X148=141 X149=107 X150=146 X151=153 X152=28 

   
   search
        run=0  nbConstraintChecks=350  depth=(min:0,max:152,avg:1)  nbEffectivePropagations=332  nbRevisions=4036  nbUselessRevisions=3730
        nbAssignments=341  nbFailedAssignments=188  nbBacktracks=0  nbVisitedNodes=530  nbRestartNogoods=0  nbFoundSolutions=1
        upperBound=9223372036854775807
          =>  wckTime=2.875  cpuTime=3.538  mem=120M48

   
   global
        nbConstraintChecks=350  nbEffectivePropagations=332  nbRevisions=4036  nbUselessRevisions=3730  nbRestartNogoods=0  solvingWckTime=2.876
        expiredTime=no  totalExploration=no  nbFoundSolutions=1  firstSolutionCpuTime=3.532  Stop=REACHED_GOAL
          =>  wckTime=3.52  cpuTime=3.538  mem=120M48

s SATISFIABLE
v X0=0 X1=8 X2=24 X3=39 X4=196 X5=205 X6=228 X7=9 X8=26 X9=69 X10=76 X11=98 X12=110 X13=157 X14=169 X15=232 X16=14 X17=58 X18=125 X19=126 X20=37 X21=94 X22=101 X23=50 X24=156 X25=227 X26=187 X27=190 X28=216 X29=219 X30=67 X31=123 X32=183 X33=63 X34=96 X35=66 X36=115 X37=23 X38=81 X39=83 X40=97 X41=127 X42=19 X43=160 X44=201 X45=44 X46=74 X47=2 X48=171 X49=204 X50=64 X51=75 X52=240 X53=89 X54=149 X55=188 X56=56 X57=140 X58=48 X59=245 X60=7 X61=43 X62=86 X63=202 X64=207 X65=223 X66=114 X67=195 X68=13 X69=108 X70=5 X71=105 X72=181 X73=212 X74=246 X75=36 X76=147 X77=27 X78=85 X79=145 X80=194 X81=231 X82=247 X83=221 X84=51 X85=251 X86=130 X87=65 X88=229 X89=230 X90=241 X91=30 X92=49 X93=95 X94=122 X95=143 X96=6 X97=22 X98=217 X99=238 X100=78 X101=134 X102=151 X103=189 X104=59 X105=129 X106=137 X107=173 X108=45 X109=175 X110=182 X111=198 X112=199 X113=176 X114=150 X115=18 X116=135 X117=53 X118=170 X119=253 X120=21 X121=128 X122=255 X123=242 X124=29 X125=185 X126=248 X127=31 X128=32 X129=73 X130=100 X131=138 X132=148 X133=16 X134=55 X135=172 X136=174 X137=109 X138=111 X139=166 X140=11 X141=17 X142=200 X143=90 X144=62 X145=79 X146=1 X147=104 X148=141 X149=107 X150=146 X151=153 X152=28 
d NODES 341

   totalWckTime=3.404  totalCpuTime=3.539
