
   AbsCon 1.41 (January, 2014) - defaultConfiguration

   
   instance
        framework=CSP  name=Isomorphism-/cluster/gpg/ciaran/sip-benchmarks/benchmarks/si6_bvg_b03m_400/si6_b03m_m400.06/pattern-/cluster/gpg/ciaran/sip-benchmarks/benchmarks/si6_bvg_b03m_400/si6_b03m_m400.06/target
        parameters=/cluster/gpg/ciaran/sip-benchmarks/benchmarks/si6_bvg_b03m_400/si6_b03m_m400.06/pattern,/cluster/gpg/ciaran/sip-benchmarks/benchmarks/si6_bvg_b03m_400/si6_b03m_m400.06/target
      

   loading variables...
        nbVariables=240  nbDomainTypes=1  nbTotalValues=96000  domainSizes=(400:240)
          =>  wckTime=0.201  cpuTime=0.313  mem=7M810

   loading objectives...

   loading constraints...
        nbConstraints=325  nbSpecificConstraints=1  nbExtensionStructures=(1,shared:323)  nbConflictsStructures=(1,shared:323,unbuilt:1)
        degrees=(2:45)(3:67)(4:107)...(12:1)(13:1)(14:1)  arities=(2:324)(240:1)  types=(AllDifferent:1)(ConstraintHardExtensionV-Bits:324)
          =>  wckTime=0.322  cpuTime=0.42  mem=10M875

   INFO : <!-- Start saving the XML representation -->

   INFO : <!-- Stop saving the XML representation of target.xml -->

   Solver SolverBacktrack being built... 
          =>  wckTime=0.575  cpuTime=0.641  mem=28M9

    instantiation X0=0 X1=20 X2=72 X3=103 X4=180 X5=217 X6=223 X7=274 X8=328 X9=373 X10=398 X11=60 X12=243 X13=369 X14=396 X15=1 X16=2 X17=94 X18=297 X19=392 X20=135 X21=166 X22=13 X23=171 X24=232 X25=104 X26=185 X27=149 X28=333 X29=142 X30=234 X31=239 X32=376 X33=6 X34=108 X35=247 X36=29 X37=31 X38=75 X39=151 X40=163 X41=250 X42=312 X43=349 X44=367 X45=378 X46=23 X47=50 X48=51 X49=76 X50=87 X51=205 X52=244 X53=263 X54=307 X55=335 X56=298 X57=46 X58=305 X59=226 X60=288 X61=347 X62=3 X63=35 X64=119 X65=127 X66=310 X67=340 X68=231 X69=352 X70=17 X71=252 X72=387 X73=358 X74=235 X75=319 X76=25 X77=64 X78=317 X79=110 X80=37 X81=338 X82=154 X83=82 X84=186 X85=224 X86=237 X87=270 X88=272 X89=294 X90=308 X91=321 X92=118 X93=304 X94=389 X95=5 X96=18 X97=361 X98=73 X99=181 X100=262 X101=291 X102=4 X103=339 X104=177 X105=236 X106=78 X107=218 X108=214 X109=277 X110=27 X111=126 X112=69 X113=210 X114=61 X115=281 X116=38 X117=390 X118=330 X119=9 X120=359 X121=8 X122=125 X123=10 X124=182 X125=57 X126=93 X127=19 X128=65 X129=83 X130=188 X131=105 X132=117 X133=143 X134=155 X135=175 X136=219 X137=269 X138=299 X139=33 X140=159 X141=350 X142=138 X143=253 X144=160 X145=21 X146=114 X147=229 X148=360 X149=225 X150=248 X151=16 X152=84 X153=11 X154=7 X155=52 X156=15 X157=267 X158=14 X159=240 X160=380 X161=85 X162=290 X163=344 X164=204 X165=268 X166=216 X167=366 X168=26 X169=287 X170=192 X171=384 X172=233 X173=300 X174=48 X175=88 X176=368 X177=393 X178=43 X179=342 X180=90 X181=315 X182=158 X183=275 X184=22 X185=283 X186=59 X187=70 X188=112 X189=113 X190=156 X191=196 X192=197 X193=213 X194=278 X195=289 X196=58 X197=120 X198=66 X199=36 X200=207 X201=324 X202=162 X203=165 X204=140 X205=161 X206=246 X207=259 X208=362 X209=355 X210=122 X211=357 X212=150 X213=170 X214=56 X215=131 X216=89 X217=303 X218=382 X219=53 X220=41 X221=24 X222=136 X223=191 X224=193 X225=198 X226=42 X227=45 X228=80 X229=95 X230=172 X231=208 X232=326 X233=395 X234=399 X235=63 X236=168 X237=32 X238=102 X239=124 

    solution X0=0 X1=20 X2=72 X3=103 X4=180 X5=217 X6=223 X7=274 X8=328 X9=373 X10=398 X11=60 X12=243 X13=369 X14=396 X15=1 X16=2 X17=94 X18=297 X19=392 X20=135 X21=166 X22=13 X23=171 X24=232 X25=104 X26=185 X27=149 X28=333 X29=142 X30=234 X31=239 X32=376 X33=6 X34=108 X35=247 X36=29 X37=31 X38=75 X39=151 X40=163 X41=250 X42=312 X43=349 X44=367 X45=378 X46=23 X47=50 X48=51 X49=76 X50=87 X51=205 X52=244 X53=263 X54=307 X55=335 X56=298 X57=46 X58=305 X59=226 X60=288 X61=347 X62=3 X63=35 X64=119 X65=127 X66=310 X67=340 X68=231 X69=352 X70=17 X71=252 X72=387 X73=358 X74=235 X75=319 X76=25 X77=64 X78=317 X79=110 X80=37 X81=338 X82=154 X83=82 X84=186 X85=224 X86=237 X87=270 X88=272 X89=294 X90=308 X91=321 X92=118 X93=304 X94=389 X95=5 X96=18 X97=361 X98=73 X99=181 X100=262 X101=291 X102=4 X103=339 X104=177 X105=236 X106=78 X107=218 X108=214 X109=277 X110=27 X111=126 X112=69 X113=210 X114=61 X115=281 X116=38 X117=390 X118=330 X119=9 X120=359 X121=8 X122=125 X123=10 X124=182 X125=57 X126=93 X127=19 X128=65 X129=83 X130=188 X131=105 X132=117 X133=143 X134=155 X135=175 X136=219 X137=269 X138=299 X139=33 X140=159 X141=350 X142=138 X143=253 X144=160 X145=21 X146=114 X147=229 X148=360 X149=225 X150=248 X151=16 X152=84 X153=11 X154=7 X155=52 X156=15 X157=267 X158=14 X159=240 X160=380 X161=85 X162=290 X163=344 X164=204 X165=268 X166=216 X167=366 X168=26 X169=287 X170=192 X171=384 X172=233 X173=300 X174=48 X175=88 X176=368 X177=393 X178=43 X179=342 X180=90 X181=315 X182=158 X183=275 X184=22 X185=283 X186=59 X187=70 X188=112 X189=113 X190=156 X191=196 X192=197 X193=213 X194=278 X195=289 X196=58 X197=120 X198=66 X199=36 X200=207 X201=324 X202=162 X203=165 X204=140 X205=161 X206=246 X207=259 X208=362 X209=355 X210=122 X211=357 X212=150 X213=170 X214=56 X215=131 X216=89 X217=303 X218=382 X219=53 X220=41 X221=24 X222=136 X223=191 X224=193 X225=198 X226=42 X227=45 X228=80 X229=95 X230=172 X231=208 X232=326 X233=395 X234=399 X235=63 X236=168 X237=32 X238=102 X239=124 

   
   search
        run=0  nbConstraintChecks=325  depth=(min:0,max:239,avg:1)  nbEffectivePropagations=365  nbRevisions=1546  nbUselessRevisions=1306
        nbAssignments=242  nbFailedAssignments=2  nbBacktracks=0  nbVisitedNodes=245  nbRestartNogoods=0  nbFoundSolutions=1
        upperBound=9223372036854775807
          =>  wckTime=5.436  cpuTime=5.957  mem=399M478

   
   global
        nbConstraintChecks=325  nbEffectivePropagations=365  nbRevisions=1546  nbUselessRevisions=1306  nbRestartNogoods=0  solvingWckTime=5.436
        expiredTime=no  totalExploration=no  nbFoundSolutions=1  firstSolutionCpuTime=5.947  Stop=REACHED_GOAL
          =>  wckTime=6.012  cpuTime=5.958  mem=399M478

s SATISFIABLE
v X0=0 X1=20 X2=72 X3=103 X4=180 X5=217 X6=223 X7=274 X8=328 X9=373 X10=398 X11=60 X12=243 X13=369 X14=396 X15=1 X16=2 X17=94 X18=297 X19=392 X20=135 X21=166 X22=13 X23=171 X24=232 X25=104 X26=185 X27=149 X28=333 X29=142 X30=234 X31=239 X32=376 X33=6 X34=108 X35=247 X36=29 X37=31 X38=75 X39=151 X40=163 X41=250 X42=312 X43=349 X44=367 X45=378 X46=23 X47=50 X48=51 X49=76 X50=87 X51=205 X52=244 X53=263 X54=307 X55=335 X56=298 X57=46 X58=305 X59=226 X60=288 X61=347 X62=3 X63=35 X64=119 X65=127 X66=310 X67=340 X68=231 X69=352 X70=17 X71=252 X72=387 X73=358 X74=235 X75=319 X76=25 X77=64 X78=317 X79=110 X80=37 X81=338 X82=154 X83=82 X84=186 X85=224 X86=237 X87=270 X88=272 X89=294 X90=308 X91=321 X92=118 X93=304 X94=389 X95=5 X96=18 X97=361 X98=73 X99=181 X100=262 X101=291 X102=4 X103=339 X104=177 X105=236 X106=78 X107=218 X108=214 X109=277 X110=27 X111=126 X112=69 X113=210 X114=61 X115=281 X116=38 X117=390 X118=330 X119=9 X120=359 X121=8 X122=125 X123=10 X124=182 X125=57 X126=93 X127=19 X128=65 X129=83 X130=188 X131=105 X132=117 X133=143 X134=155 X135=175 X136=219 X137=269 X138=299 X139=33 X140=159 X141=350 X142=138 X143=253 X144=160 X145=21 X146=114 X147=229 X148=360 X149=225 X150=248 X151=16 X152=84 X153=11 X154=7 X155=52 X156=15 X157=267 X158=14 X159=240 X160=380 X161=85 X162=290 X163=344 X164=204 X165=268 X166=216 X167=366 X168=26 X169=287 X170=192 X171=384 X172=233 X173=300 X174=48 X175=88 X176=368 X177=393 X178=43 X179=342 X180=90 X181=315 X182=158 X183=275 X184=22 X185=283 X186=59 X187=70 X188=112 X189=113 X190=156 X191=196 X192=197 X193=213 X194=278 X195=289 X196=58 X197=120 X198=66 X199=36 X200=207 X201=324 X202=162 X203=165 X204=140 X205=161 X206=246 X207=259 X208=362 X209=355 X210=122 X211=357 X212=150 X213=170 X214=56 X215=131 X216=89 X217=303 X218=382 X219=53 X220=41 X221=24 X222=136 X223=191 X224=193 X225=198 X226=42 X227=45 X228=80 X229=95 X230=172 X231=208 X232=326 X233=395 X234=399 X235=63 X236=168 X237=32 X238=102 X239=124 
d NODES 242

   totalWckTime=5.912  totalCpuTime=5.958
