
   AbsCon 1.41 (January, 2014) - defaultConfiguration

   
   instance
        framework=CSP  name=Isomorphism-/cluster/gpg/ciaran/sip-benchmarks/benchmarks/si6_bvg_b09m_400/si6_b09m_m400.06/pattern-/cluster/gpg/ciaran/sip-benchmarks/benchmarks/si6_bvg_b09m_400/si6_b09m_m400.06/target
        parameters=/cluster/gpg/ciaran/sip-benchmarks/benchmarks/si6_bvg_b09m_400/si6_b09m_m400.06/pattern,/cluster/gpg/ciaran/sip-benchmarks/benchmarks/si6_bvg_b09m_400/si6_b09m_m400.06/target
      

   loading variables...
        nbVariables=240  nbDomainTypes=1  nbTotalValues=96000  domainSizes=(400:240)
          =>  wckTime=0.197  cpuTime=0.315  mem=8M138

   loading objectives...

   loading constraints...
        nbConstraints=826  nbSpecificConstraints=1  nbExtensionStructures=(1,shared:824)  nbConflictsStructures=(1,shared:824,unbuilt:1)
        degrees=(2:3)(3:4)(4:9)...(19:1)(21:1)(26:1)  arities=(2:825)(240:1)  types=(AllDifferent:1)(ConstraintHardExtensionV-Bits:825)
          =>  wckTime=0.466  cpuTime=0.57  mem=19M305

   INFO : <!-- Start saving the XML representation -->

   INFO : <!-- Stop saving the XML representation of target.xml -->

   Solver SolverBacktrack being built... 
          =>  wckTime=0.736  cpuTime=0.806  mem=27M268

    instantiation X0=0 X1=20 X2=27 X3=44 X4=62 X5=114 X6=150 X7=157 X8=186 X9=201 X10=205 X11=210 X12=225 X13=245 X14=251 X15=269 X16=274 X17=314 X18=333 X19=349 X20=370 X21=9 X22=73 X23=108 X24=121 X25=175 X26=178 X27=192 X28=224 X29=267 X30=334 X31=362 X32=34 X33=71 X34=72 X35=78 X36=111 X37=161 X38=187 X39=193 X40=219 X41=292 X42=306 X43=395 X44=15 X45=75 X46=117 X47=125 X48=312 X49=324 X50=391 X51=11 X52=22 X53=164 X54=260 X55=297 X56=346 X57=4 X58=32 X59=81 X60=152 X61=288 X62=344 X63=104 X64=218 X65=227 X66=93 X67=118 X68=120 X69=240 X70=342 X71=6 X72=25 X73=70 X74=84 X75=106 X76=135 X77=147 X78=386 X79=7 X80=85 X81=191 X82=280 X83=287 X84=321 X85=26 X86=138 X87=149 X88=212 X89=249 X90=254 X91=58 X92=47 X93=87 X94=115 X95=200 X96=213 X97=261 X98=180 X99=228 X100=336 X101=398 X102=99 X103=129 X104=283 X105=45 X106=247 X107=383 X108=29 X109=63 X110=140 X111=171 X112=5 X113=236 X114=30 X115=101 X116=156 X117=234 X118=343 X119=385 X120=80 X121=91 X122=165 X123=202 X124=214 X125=220 X126=241 X127=265 X128=272 X129=285 X130=327 X131=60 X132=86 X133=360 X134=12 X135=167 X136=199 X137=122 X138=313 X139=379 X140=392 X141=10 X142=59 X143=77 X144=126 X145=354 X146=66 X147=49 X148=291 X149=13 X150=88 X151=39 X152=144 X153=233 X154=376 X155=46 X156=116 X157=151 X158=166 X159=221 X160=262 X161=363 X162=390 X163=23 X164=204 X165=339 X166=399 X167=36 X168=301 X169=378 X170=393 X171=189 X172=248 X173=42 X174=55 X175=181 X176=57 X177=142 X178=207 X179=217 X180=268 X181=323 X182=1 X183=153 X184=184 X185=355 X186=38 X187=53 X188=67 X189=132 X190=299 X191=322 X192=375 X193=130 X194=185 X195=332 X196=358 X197=380 X198=2 X199=246 X200=365 X201=31 X202=216 X203=284 X204=56 X205=102 X206=50 X207=258 X208=330 X209=19 X210=143 X211=215 X212=253 X213=222 X214=303 X215=109 X216=134 X217=237 X218=298 X219=335 X220=382 X221=105 X222=371 X223=394 X224=17 X225=341 X226=24 X227=69 X228=137 X229=176 X230=194 X231=203 X232=257 X233=304 X234=337 X235=373 X236=40 X237=127 X238=133 X239=209 

    solution X0=0 X1=20 X2=27 X3=44 X4=62 X5=114 X6=150 X7=157 X8=186 X9=201 X10=205 X11=210 X12=225 X13=245 X14=251 X15=269 X16=274 X17=314 X18=333 X19=349 X20=370 X21=9 X22=73 X23=108 X24=121 X25=175 X26=178 X27=192 X28=224 X29=267 X30=334 X31=362 X32=34 X33=71 X34=72 X35=78 X36=111 X37=161 X38=187 X39=193 X40=219 X41=292 X42=306 X43=395 X44=15 X45=75 X46=117 X47=125 X48=312 X49=324 X50=391 X51=11 X52=22 X53=164 X54=260 X55=297 X56=346 X57=4 X58=32 X59=81 X60=152 X61=288 X62=344 X63=104 X64=218 X65=227 X66=93 X67=118 X68=120 X69=240 X70=342 X71=6 X72=25 X73=70 X74=84 X75=106 X76=135 X77=147 X78=386 X79=7 X80=85 X81=191 X82=280 X83=287 X84=321 X85=26 X86=138 X87=149 X88=212 X89=249 X90=254 X91=58 X92=47 X93=87 X94=115 X95=200 X96=213 X97=261 X98=180 X99=228 X100=336 X101=398 X102=99 X103=129 X104=283 X105=45 X106=247 X107=383 X108=29 X109=63 X110=140 X111=171 X112=5 X113=236 X114=30 X115=101 X116=156 X117=234 X118=343 X119=385 X120=80 X121=91 X122=165 X123=202 X124=214 X125=220 X126=241 X127=265 X128=272 X129=285 X130=327 X131=60 X132=86 X133=360 X134=12 X135=167 X136=199 X137=122 X138=313 X139=379 X140=392 X141=10 X142=59 X143=77 X144=126 X145=354 X146=66 X147=49 X148=291 X149=13 X150=88 X151=39 X152=144 X153=233 X154=376 X155=46 X156=116 X157=151 X158=166 X159=221 X160=262 X161=363 X162=390 X163=23 X164=204 X165=339 X166=399 X167=36 X168=301 X169=378 X170=393 X171=189 X172=248 X173=42 X174=55 X175=181 X176=57 X177=142 X178=207 X179=217 X180=268 X181=323 X182=1 X183=153 X184=184 X185=355 X186=38 X187=53 X188=67 X189=132 X190=299 X191=322 X192=375 X193=130 X194=185 X195=332 X196=358 X197=380 X198=2 X199=246 X200=365 X201=31 X202=216 X203=284 X204=56 X205=102 X206=50 X207=258 X208=330 X209=19 X210=143 X211=215 X212=253 X213=222 X214=303 X215=109 X216=134 X217=237 X218=298 X219=335 X220=382 X221=105 X222=371 X223=394 X224=17 X225=341 X226=24 X227=69 X228=137 X229=176 X230=194 X231=203 X232=257 X233=304 X234=337 X235=373 X236=40 X237=127 X238=133 X239=209 

   
   search
        run=0  nbConstraintChecks=826  depth=(min:0,max:239,avg:1)  nbEffectivePropagations=10  nbRevisions=2550  nbUselessRevisions=2550
        nbAssignments=249  nbFailedAssignments=9  nbBacktracks=0  nbVisitedNodes=259  nbRestartNogoods=0  nbFoundSolutions=1
        upperBound=9223372036854775807
          =>  wckTime=8.516  cpuTime=9.199  mem=120M721

   
   global
        nbConstraintChecks=826  nbEffectivePropagations=10  nbRevisions=2550  nbUselessRevisions=2550  nbRestartNogoods=0  solvingWckTime=8.516
        expiredTime=no  totalExploration=no  nbFoundSolutions=1  firstSolutionCpuTime=9.191  Stop=REACHED_GOAL
          =>  wckTime=9.253  cpuTime=9.199  mem=120M721

s SATISFIABLE
v X0=0 X1=20 X2=27 X3=44 X4=62 X5=114 X6=150 X7=157 X8=186 X9=201 X10=205 X11=210 X12=225 X13=245 X14=251 X15=269 X16=274 X17=314 X18=333 X19=349 X20=370 X21=9 X22=73 X23=108 X24=121 X25=175 X26=178 X27=192 X28=224 X29=267 X30=334 X31=362 X32=34 X33=71 X34=72 X35=78 X36=111 X37=161 X38=187 X39=193 X40=219 X41=292 X42=306 X43=395 X44=15 X45=75 X46=117 X47=125 X48=312 X49=324 X50=391 X51=11 X52=22 X53=164 X54=260 X55=297 X56=346 X57=4 X58=32 X59=81 X60=152 X61=288 X62=344 X63=104 X64=218 X65=227 X66=93 X67=118 X68=120 X69=240 X70=342 X71=6 X72=25 X73=70 X74=84 X75=106 X76=135 X77=147 X78=386 X79=7 X80=85 X81=191 X82=280 X83=287 X84=321 X85=26 X86=138 X87=149 X88=212 X89=249 X90=254 X91=58 X92=47 X93=87 X94=115 X95=200 X96=213 X97=261 X98=180 X99=228 X100=336 X101=398 X102=99 X103=129 X104=283 X105=45 X106=247 X107=383 X108=29 X109=63 X110=140 X111=171 X112=5 X113=236 X114=30 X115=101 X116=156 X117=234 X118=343 X119=385 X120=80 X121=91 X122=165 X123=202 X124=214 X125=220 X126=241 X127=265 X128=272 X129=285 X130=327 X131=60 X132=86 X133=360 X134=12 X135=167 X136=199 X137=122 X138=313 X139=379 X140=392 X141=10 X142=59 X143=77 X144=126 X145=354 X146=66 X147=49 X148=291 X149=13 X150=88 X151=39 X152=144 X153=233 X154=376 X155=46 X156=116 X157=151 X158=166 X159=221 X160=262 X161=363 X162=390 X163=23 X164=204 X165=339 X166=399 X167=36 X168=301 X169=378 X170=393 X171=189 X172=248 X173=42 X174=55 X175=181 X176=57 X177=142 X178=207 X179=217 X180=268 X181=323 X182=1 X183=153 X184=184 X185=355 X186=38 X187=53 X188=67 X189=132 X190=299 X191=322 X192=375 X193=130 X194=185 X195=332 X196=358 X197=380 X198=2 X199=246 X200=365 X201=31 X202=216 X203=284 X204=56 X205=102 X206=50 X207=258 X208=330 X209=19 X210=143 X211=215 X212=253 X213=222 X214=303 X215=109 X216=134 X217=237 X218=298 X219=335 X220=382 X221=105 X222=371 X223=394 X224=17 X225=341 X226=24 X227=69 X228=137 X229=176 X230=194 X231=203 X232=257 X233=304 X234=337 X235=373 X236=40 X237=127 X238=133 X239=209 
d NODES 249

   totalWckTime=9.157  totalCpuTime=9.2
