
   AbsCon 1.41 (January, 2014) - defaultConfiguration

   
   instance
        framework=CSP  name=Isomorphism-/cluster/gpg/ciaran/sip-benchmarks/benchmarks/si6_m4D_m4Dr6_256/si6_m4Dr6_m256.08/pattern-/cluster/gpg/ciaran/sip-benchmarks/benchmarks/si6_m4D_m4Dr6_256/si6_m4Dr6_m256.08/target
        parameters=/cluster/gpg/ciaran/sip-benchmarks/benchmarks/si6_m4D_m4Dr6_256/si6_m4Dr6_m256.08/pattern,/cluster/gpg/ciaran/sip-benchmarks/benchmarks/si6_m4D_m4Dr6_256/si6_m4Dr6_m256.08/target
      

   loading variables...
        nbVariables=153  nbDomainTypes=1  nbTotalValues=39168  domainSizes=(256:153)
          =>  wckTime=0.215  cpuTime=0.304  mem=4M582

   loading objectives...

   loading constraints...
        nbConstraints=363  nbSpecificConstraints=1  nbExtensionStructures=(1,shared:361)  nbConflictsStructures=(1,shared:361,unbuilt:1)
        degrees=(2:9)(3:13)(4:29)...(9:8)(10:6)(11:4)  arities=(2:362)(153:1)  types=(AllDifferent:1)(ConstraintHardExtensionV-Bits:362)
          =>  wckTime=0.367  cpuTime=0.444  mem=6M262

   INFO : <!-- Start saving the XML representation -->

   INFO : <!-- Stop saving the XML representation of target.xml -->

   Solver SolverBacktrack being built... 
          =>  wckTime=0.589  cpuTime=0.64  mem=24M374

    instantiation X0=0 X1=64 X2=72 X3=97 X4=132 X5=150 X6=195 X7=210 X8=37 X9=73 X10=126 X11=134 X12=139 X13=158 X14=179 X15=220 X16=253 X17=22 X18=95 X19=122 X20=190 X21=40 X22=143 X23=160 X24=188 X25=23 X26=65 X27=101 X28=135 X29=205 X30=96 X31=107 X32=119 X33=168 X34=3 X35=142 X36=151 X37=178 X38=219 X39=191 X40=52 X41=245 X42=19 X43=30 X44=49 X45=154 X46=183 X47=211 X48=229 X49=233 X50=252 X51=88 X52=109 X53=169 X54=197 X55=202 X56=240 X57=75 X58=99 X59=100 X60=131 X61=38 X62=1 X63=6 X64=78 X65=93 X66=112 X67=254 X68=74 X69=228 X70=236 X71=90 X72=155 X73=212 X74=238 X75=242 X76=59 X77=80 X78=239 X79=68 X80=175 X81=27 X82=76 X83=113 X84=133 X85=14 X86=21 X87=44 X88=86 X89=147 X90=180 X91=46 X92=166 X93=172 X94=123 X95=186 X96=13 X97=115 X98=130 X99=184 X100=216 X101=251 X102=12 X103=18 X104=192 X105=207 X106=237 X107=246 X108=54 X109=104 X110=164 X111=165 X112=187 X113=110 X114=167 X115=127 X116=194 X117=235 X118=26 X119=170 X120=199 X121=248 X122=20 X123=66 X124=156 X125=61 X126=116 X127=161 X128=50 X129=87 X130=176 X131=56 X132=141 X133=152 X134=218 X135=174 X136=214 X137=34 X138=85 X139=103 X140=148 X141=189 X142=231 X143=222 X144=163 X145=11 X146=145 X147=232 X148=45 X149=128 X150=213 X151=106 X152=124 

    solution X0=0 X1=64 X2=72 X3=97 X4=132 X5=150 X6=195 X7=210 X8=37 X9=73 X10=126 X11=134 X12=139 X13=158 X14=179 X15=220 X16=253 X17=22 X18=95 X19=122 X20=190 X21=40 X22=143 X23=160 X24=188 X25=23 X26=65 X27=101 X28=135 X29=205 X30=96 X31=107 X32=119 X33=168 X34=3 X35=142 X36=151 X37=178 X38=219 X39=191 X40=52 X41=245 X42=19 X43=30 X44=49 X45=154 X46=183 X47=211 X48=229 X49=233 X50=252 X51=88 X52=109 X53=169 X54=197 X55=202 X56=240 X57=75 X58=99 X59=100 X60=131 X61=38 X62=1 X63=6 X64=78 X65=93 X66=112 X67=254 X68=74 X69=228 X70=236 X71=90 X72=155 X73=212 X74=238 X75=242 X76=59 X77=80 X78=239 X79=68 X80=175 X81=27 X82=76 X83=113 X84=133 X85=14 X86=21 X87=44 X88=86 X89=147 X90=180 X91=46 X92=166 X93=172 X94=123 X95=186 X96=13 X97=115 X98=130 X99=184 X100=216 X101=251 X102=12 X103=18 X104=192 X105=207 X106=237 X107=246 X108=54 X109=104 X110=164 X111=165 X112=187 X113=110 X114=167 X115=127 X116=194 X117=235 X118=26 X119=170 X120=199 X121=248 X122=20 X123=66 X124=156 X125=61 X126=116 X127=161 X128=50 X129=87 X130=176 X131=56 X132=141 X133=152 X134=218 X135=174 X136=214 X137=34 X138=85 X139=103 X140=148 X141=189 X142=231 X143=222 X144=163 X145=11 X146=145 X147=232 X148=45 X149=128 X150=213 X151=106 X152=124 

   
   search
        run=0  nbConstraintChecks=363  depth=(min:0,max:152,avg:1)  nbEffectivePropagations=27  nbRevisions=1688  nbUselessRevisions=1687
        nbAssignments=217  nbFailedAssignments=64  nbBacktracks=0  nbVisitedNodes=282  nbRestartNogoods=0  nbFoundSolutions=1
        upperBound=9223372036854775807
          =>  wckTime=1.719  cpuTime=2.303  mem=87M123

   
   global
        nbConstraintChecks=363  nbEffectivePropagations=27  nbRevisions=1688  nbUselessRevisions=1687  nbRestartNogoods=0  solvingWckTime=1.719
        expiredTime=no  totalExploration=no  nbFoundSolutions=1  firstSolutionCpuTime=2.299  Stop=REACHED_GOAL
          =>  wckTime=2.309  cpuTime=2.304  mem=87M123

s SATISFIABLE
v X0=0 X1=64 X2=72 X3=97 X4=132 X5=150 X6=195 X7=210 X8=37 X9=73 X10=126 X11=134 X12=139 X13=158 X14=179 X15=220 X16=253 X17=22 X18=95 X19=122 X20=190 X21=40 X22=143 X23=160 X24=188 X25=23 X26=65 X27=101 X28=135 X29=205 X30=96 X31=107 X32=119 X33=168 X34=3 X35=142 X36=151 X37=178 X38=219 X39=191 X40=52 X41=245 X42=19 X43=30 X44=49 X45=154 X46=183 X47=211 X48=229 X49=233 X50=252 X51=88 X52=109 X53=169 X54=197 X55=202 X56=240 X57=75 X58=99 X59=100 X60=131 X61=38 X62=1 X63=6 X64=78 X65=93 X66=112 X67=254 X68=74 X69=228 X70=236 X71=90 X72=155 X73=212 X74=238 X75=242 X76=59 X77=80 X78=239 X79=68 X80=175 X81=27 X82=76 X83=113 X84=133 X85=14 X86=21 X87=44 X88=86 X89=147 X90=180 X91=46 X92=166 X93=172 X94=123 X95=186 X96=13 X97=115 X98=130 X99=184 X100=216 X101=251 X102=12 X103=18 X104=192 X105=207 X106=237 X107=246 X108=54 X109=104 X110=164 X111=165 X112=187 X113=110 X114=167 X115=127 X116=194 X117=235 X118=26 X119=170 X120=199 X121=248 X122=20 X123=66 X124=156 X125=61 X126=116 X127=161 X128=50 X129=87 X130=176 X131=56 X132=141 X133=152 X134=218 X135=174 X136=214 X137=34 X138=85 X139=103 X140=148 X141=189 X142=231 X143=222 X144=163 X145=11 X146=145 X147=232 X148=45 X149=128 X150=213 X151=106 X152=124 
d NODES 217

   totalWckTime=2.201  totalCpuTime=2.304
