
   AbsCon 1.41 (January, 2014) - defaultConfiguration

   
   instance
        framework=CSP  name=Isomorphism-/cluster/gpg/ciaran/sip-benchmarks/benchmarks/si6_bvg_b06m_400/si6_b06m_m400.04/pattern-/cluster/gpg/ciaran/sip-benchmarks/benchmarks/si6_bvg_b06m_400/si6_b06m_m400.04/target
        parameters=/cluster/gpg/ciaran/sip-benchmarks/benchmarks/si6_bvg_b06m_400/si6_b06m_m400.04/pattern,/cluster/gpg/ciaran/sip-benchmarks/benchmarks/si6_bvg_b06m_400/si6_b06m_m400.04/target
      

   loading variables...
        nbVariables=240  nbDomainTypes=1  nbTotalValues=96000  domainSizes=(400:240)
          =>  wckTime=0.198  cpuTime=0.325  mem=7M514

   loading objectives...

   loading constraints...
        nbConstraints=581  nbSpecificConstraints=1  nbExtensionStructures=(1,shared:579)  nbConflictsStructures=(1,shared:579,unbuilt:1)
        degrees=(2:9)(3:21)(4:28)...(15:2)(17:1)(18:1)  arities=(2:580)(240:1)  types=(AllDifferent:1)(ConstraintHardExtensionV-Bits:580)
          =>  wckTime=0.379  cpuTime=0.499  mem=15M700

   INFO : <!-- Start saving the XML representation -->

   INFO : <!-- Stop saving the XML representation of target.xml -->

   Solver SolverBacktrack being built... 
          =>  wckTime=0.648  cpuTime=0.731  mem=25M493

    instantiation X0=0 X1=9 X2=58 X3=91 X4=94 X5=153 X6=196 X7=200 X8=240 X9=278 X10=328 X11=342 X12=364 X13=396 X14=1 X15=10 X16=18 X17=28 X18=38 X19=93 X20=100 X21=177 X22=181 X23=186 X24=194 X25=254 X26=305 X27=341 X28=365 X29=45 X30=89 X31=106 X32=217 X33=322 X34=27 X35=125 X36=151 X37=156 X38=26 X39=2 X40=4 X41=40 X42=68 X43=336 X44=110 X45=111 X46=149 X47=166 X48=143 X49=324 X50=13 X51=15 X52=259 X53=295 X54=355 X55=11 X56=53 X57=230 X58=248 X59=383 X60=213 X61=80 X62=237 X63=16 X64=23 X65=163 X66=192 X67=276 X68=332 X69=12 X70=41 X71=46 X72=119 X73=216 X74=262 X75=265 X76=271 X77=337 X78=351 X79=377 X80=384 X81=195 X82=219 X83=281 X84=308 X85=313 X86=315 X87=370 X88=374 X89=64 X90=67 X91=221 X92=241 X93=249 X94=292 X95=30 X96=92 X97=132 X98=280 X99=320 X100=363 X101=382 X102=130 X103=344 X104=6 X105=113 X106=133 X107=227 X108=327 X109=22 X110=25 X111=29 X112=184 X113=188 X114=171 X115=197 X116=233 X117=307 X118=169 X119=202 X120=335 X121=8 X122=283 X123=59 X124=352 X125=148 X126=261 X127=88 X128=90 X129=294 X130=96 X131=199 X132=203 X133=340 X134=362 X135=95 X136=290 X137=244 X138=150 X139=208 X140=134 X141=136 X142=397 X143=268 X144=345 X145=19 X146=21 X147=144 X148=155 X149=350 X150=61 X151=118 X152=102 X153=258 X154=285 X155=296 X156=325 X157=357 X158=32 X159=176 X160=218 X161=225 X162=282 X163=306 X164=326 X165=371 X166=48 X167=82 X168=182 X169=250 X170=303 X171=318 X172=83 X173=104 X174=137 X175=329 X176=76 X177=131 X178=319 X179=72 X180=122 X181=157 X182=269 X183=33 X184=37 X185=87 X186=139 X187=152 X188=242 X189=310 X190=330 X191=346 X192=367 X193=43 X194=105 X195=108 X196=190 X197=191 X198=238 X199=304 X200=120 X201=5 X202=14 X203=116 X204=298 X205=99 X206=124 X207=126 X208=333 X209=339 X210=347 X211=393 X212=375 X213=112 X214=164 X215=390 X216=323 X217=236 X218=348 X219=349 X220=378 X221=39 X222=50 X223=44 X224=55 X225=145 X226=158 X227=162 X228=264 X229=388 X230=123 X231=140 X232=183 X233=247 X234=398 X235=141 X236=273 X237=361 X238=385 X239=175 

    solution X0=0 X1=9 X2=58 X3=91 X4=94 X5=153 X6=196 X7=200 X8=240 X9=278 X10=328 X11=342 X12=364 X13=396 X14=1 X15=10 X16=18 X17=28 X18=38 X19=93 X20=100 X21=177 X22=181 X23=186 X24=194 X25=254 X26=305 X27=341 X28=365 X29=45 X30=89 X31=106 X32=217 X33=322 X34=27 X35=125 X36=151 X37=156 X38=26 X39=2 X40=4 X41=40 X42=68 X43=336 X44=110 X45=111 X46=149 X47=166 X48=143 X49=324 X50=13 X51=15 X52=259 X53=295 X54=355 X55=11 X56=53 X57=230 X58=248 X59=383 X60=213 X61=80 X62=237 X63=16 X64=23 X65=163 X66=192 X67=276 X68=332 X69=12 X70=41 X71=46 X72=119 X73=216 X74=262 X75=265 X76=271 X77=337 X78=351 X79=377 X80=384 X81=195 X82=219 X83=281 X84=308 X85=313 X86=315 X87=370 X88=374 X89=64 X90=67 X91=221 X92=241 X93=249 X94=292 X95=30 X96=92 X97=132 X98=280 X99=320 X100=363 X101=382 X102=130 X103=344 X104=6 X105=113 X106=133 X107=227 X108=327 X109=22 X110=25 X111=29 X112=184 X113=188 X114=171 X115=197 X116=233 X117=307 X118=169 X119=202 X120=335 X121=8 X122=283 X123=59 X124=352 X125=148 X126=261 X127=88 X128=90 X129=294 X130=96 X131=199 X132=203 X133=340 X134=362 X135=95 X136=290 X137=244 X138=150 X139=208 X140=134 X141=136 X142=397 X143=268 X144=345 X145=19 X146=21 X147=144 X148=155 X149=350 X150=61 X151=118 X152=102 X153=258 X154=285 X155=296 X156=325 X157=357 X158=32 X159=176 X160=218 X161=225 X162=282 X163=306 X164=326 X165=371 X166=48 X167=82 X168=182 X169=250 X170=303 X171=318 X172=83 X173=104 X174=137 X175=329 X176=76 X177=131 X178=319 X179=72 X180=122 X181=157 X182=269 X183=33 X184=37 X185=87 X186=139 X187=152 X188=242 X189=310 X190=330 X191=346 X192=367 X193=43 X194=105 X195=108 X196=190 X197=191 X198=238 X199=304 X200=120 X201=5 X202=14 X203=116 X204=298 X205=99 X206=124 X207=126 X208=333 X209=339 X210=347 X211=393 X212=375 X213=112 X214=164 X215=390 X216=323 X217=236 X218=348 X219=349 X220=378 X221=39 X222=50 X223=44 X224=55 X225=145 X226=158 X227=162 X228=264 X229=388 X230=123 X231=140 X232=183 X233=247 X234=398 X235=141 X236=273 X237=361 X238=385 X239=175 

   
   search
        run=0  nbConstraintChecks=581  depth=(min:0,max:239,avg:1)  nbEffectivePropagations=24  nbRevisions=1825  nbUselessRevisions=1825
        nbAssignments=249  nbFailedAssignments=9  nbBacktracks=0  nbVisitedNodes=259  nbRestartNogoods=0  nbFoundSolutions=1
        upperBound=9223372036854775807
          =>  wckTime=6.426  cpuTime=7.056  mem=350M470

   
   global
        nbConstraintChecks=581  nbEffectivePropagations=24  nbRevisions=1825  nbUselessRevisions=1825  nbRestartNogoods=0  solvingWckTime=6.427
        expiredTime=no  totalExploration=no  nbFoundSolutions=1  firstSolutionCpuTime=7.048  Stop=REACHED_GOAL
          =>  wckTime=7.075  cpuTime=7.057  mem=350M470

s SATISFIABLE
v X0=0 X1=9 X2=58 X3=91 X4=94 X5=153 X6=196 X7=200 X8=240 X9=278 X10=328 X11=342 X12=364 X13=396 X14=1 X15=10 X16=18 X17=28 X18=38 X19=93 X20=100 X21=177 X22=181 X23=186 X24=194 X25=254 X26=305 X27=341 X28=365 X29=45 X30=89 X31=106 X32=217 X33=322 X34=27 X35=125 X36=151 X37=156 X38=26 X39=2 X40=4 X41=40 X42=68 X43=336 X44=110 X45=111 X46=149 X47=166 X48=143 X49=324 X50=13 X51=15 X52=259 X53=295 X54=355 X55=11 X56=53 X57=230 X58=248 X59=383 X60=213 X61=80 X62=237 X63=16 X64=23 X65=163 X66=192 X67=276 X68=332 X69=12 X70=41 X71=46 X72=119 X73=216 X74=262 X75=265 X76=271 X77=337 X78=351 X79=377 X80=384 X81=195 X82=219 X83=281 X84=308 X85=313 X86=315 X87=370 X88=374 X89=64 X90=67 X91=221 X92=241 X93=249 X94=292 X95=30 X96=92 X97=132 X98=280 X99=320 X100=363 X101=382 X102=130 X103=344 X104=6 X105=113 X106=133 X107=227 X108=327 X109=22 X110=25 X111=29 X112=184 X113=188 X114=171 X115=197 X116=233 X117=307 X118=169 X119=202 X120=335 X121=8 X122=283 X123=59 X124=352 X125=148 X126=261 X127=88 X128=90 X129=294 X130=96 X131=199 X132=203 X133=340 X134=362 X135=95 X136=290 X137=244 X138=150 X139=208 X140=134 X141=136 X142=397 X143=268 X144=345 X145=19 X146=21 X147=144 X148=155 X149=350 X150=61 X151=118 X152=102 X153=258 X154=285 X155=296 X156=325 X157=357 X158=32 X159=176 X160=218 X161=225 X162=282 X163=306 X164=326 X165=371 X166=48 X167=82 X168=182 X169=250 X170=303 X171=318 X172=83 X173=104 X174=137 X175=329 X176=76 X177=131 X178=319 X179=72 X180=122 X181=157 X182=269 X183=33 X184=37 X185=87 X186=139 X187=152 X188=242 X189=310 X190=330 X191=346 X192=367 X193=43 X194=105 X195=108 X196=190 X197=191 X198=238 X199=304 X200=120 X201=5 X202=14 X203=116 X204=298 X205=99 X206=124 X207=126 X208=333 X209=339 X210=347 X211=393 X212=375 X213=112 X214=164 X215=390 X216=323 X217=236 X218=348 X219=349 X220=378 X221=39 X222=50 X223=44 X224=55 X225=145 X226=158 X227=162 X228=264 X229=388 X230=123 X231=140 X232=183 X233=247 X234=398 X235=141 X236=273 X237=361 X238=385 X239=175 
d NODES 249

   totalWckTime=6.987  totalCpuTime=7.057
