
   AbsCon 1.41 (January, 2014) - defaultConfiguration

   
   instance
        framework=CSP  name=Isomorphism-/cluster/gpg/ciaran/sip-benchmarks/benchmarks/si6_rand_r01_400/si6_r01_m400.00/pattern-/cluster/gpg/ciaran/sip-benchmarks/benchmarks/si6_rand_r01_400/si6_r01_m400.00/target
        parameters=/cluster/gpg/ciaran/sip-benchmarks/benchmarks/si6_rand_r01_400/si6_r01_m400.00/pattern,/cluster/gpg/ciaran/sip-benchmarks/benchmarks/si6_rand_r01_400/si6_r01_m400.00/target
      

   loading variables...
        nbVariables=240  nbDomainTypes=1  nbTotalValues=96000  domainSizes=(400:240)
          =>  wckTime=0.292  cpuTime=0.39  mem=10M297

   loading objectives...

   loading constraints...
        nbConstraints=5416  nbSpecificConstraints=1  nbExtensionStructures=(1,shared:5414)  nbConflictsStructures=(1,shared:5414,unbuilt:1)
        degrees=(32:1)(34:2)(35:3)...(59:1)(61:2)(62:1)  arities=(2:5415)(240:1)  types=(AllDifferent:1)(ConstraintHardExtensionV-Bits:5415)
          =>  wckTime=5.739  cpuTime=5.739  mem=274M763

   INFO : <!-- Start saving the XML representation -->

   INFO : <!-- Stop saving the XML representation of target.xml -->

   Solver SolverBacktrack being built... 
          =>  wckTime=6.096  cpuTime=6.061  mem=322M181

    instantiation X0=286 X1=5 X2=181 X3=277 X4=290 X5=170 X6=252 X7=67 X8=144 X9=301 X10=382 X11=348 X12=157 X13=22 X14=254 X15=155 X16=34 X17=145 X18=330 X19=282 X20=142 X21=229 X22=366 X23=136 X24=112 X25=91 X26=18 X27=256 X28=325 X29=260 X30=386 X31=55 X32=377 X33=135 X34=180 X35=106 X36=218 X37=297 X38=258 X39=182 X40=257 X41=92 X42=143 X43=368 X44=72 X45=10 X46=105 X47=328 X48=94 X49=364 X50=127 X51=303 X52=190 X53=205 X54=193 X55=156 X56=327 X57=304 X58=294 X59=198 X60=298 X61=37 X62=208 X63=289 X64=383 X65=349 X66=118 X67=285 X68=11 X69=125 X70=99 X71=6 X72=154 X73=210 X74=356 X75=96 X76=104 X77=355 X78=129 X79=373 X80=266 X81=183 X82=284 X83=188 X84=293 X85=58 X86=20 X87=90 X88=51 X89=30 X90=0 X91=66 X92=83 X93=362 X94=9 X95=245 X96=163 X97=333 X98=108 X99=228 X100=62 X101=395 X102=41 X103=313 X104=186 X105=167 X106=343 X107=312 X108=45 X109=340 X110=73 X111=70 X112=316 X113=223 X114=215 X115=23 X116=1 X117=50 X118=54 X119=114 X120=264 X121=247 X122=360 X123=75 X124=79 X125=305 X126=342 X127=148 X128=189 X129=78 X130=346 X131=230 X132=146 X133=199 X134=334 X135=39 X136=213 X137=60 X138=211 X139=265 X140=95 X141=357 X142=177 X143=220 X144=19 X145=322 X146=2 X147=367 X148=392 X149=345 X150=192 X151=271 X152=216 X153=164 X154=32 X155=57 X156=126 X157=134 X158=29 X159=246 X160=255 X161=98 X162=272 X163=320 X164=195 X165=212 X166=217 X167=150 X168=308 X169=276 X170=287 X171=393 X172=132 X173=263 X174=299 X175=384 X176=130 X177=344 X178=381 X179=351 X180=172 X181=251 X182=278 X183=273 X184=291 X185=235 X186=178 X187=103 X188=372 X189=300 X190=13 X191=202 X192=250 X193=226 X194=56 X195=16 X196=337 X197=296 X198=302 X199=378 X200=380 X201=399 X202=222 X203=48 X204=227 X205=8 X206=361 X207=353 X208=280 X209=151 X210=158 X211=40 X212=33 X213=173 X214=52 X215=335 X216=36 X217=191 X218=89 X219=326 X220=207 X221=194 X222=281 X223=239 X224=82 X225=385 X226=237 X227=162 X228=243 X229=238 X230=309 X231=111 X232=14 X233=376 X234=139 X235=319 X236=352 X237=323 X238=232 X239=85 

    solution X0=286 X1=5 X2=181 X3=277 X4=290 X5=170 X6=252 X7=67 X8=144 X9=301 X10=382 X11=348 X12=157 X13=22 X14=254 X15=155 X16=34 X17=145 X18=330 X19=282 X20=142 X21=229 X22=366 X23=136 X24=112 X25=91 X26=18 X27=256 X28=325 X29=260 X30=386 X31=55 X32=377 X33=135 X34=180 X35=106 X36=218 X37=297 X38=258 X39=182 X40=257 X41=92 X42=143 X43=368 X44=72 X45=10 X46=105 X47=328 X48=94 X49=364 X50=127 X51=303 X52=190 X53=205 X54=193 X55=156 X56=327 X57=304 X58=294 X59=198 X60=298 X61=37 X62=208 X63=289 X64=383 X65=349 X66=118 X67=285 X68=11 X69=125 X70=99 X71=6 X72=154 X73=210 X74=356 X75=96 X76=104 X77=355 X78=129 X79=373 X80=266 X81=183 X82=284 X83=188 X84=293 X85=58 X86=20 X87=90 X88=51 X89=30 X90=0 X91=66 X92=83 X93=362 X94=9 X95=245 X96=163 X97=333 X98=108 X99=228 X100=62 X101=395 X102=41 X103=313 X104=186 X105=167 X106=343 X107=312 X108=45 X109=340 X110=73 X111=70 X112=316 X113=223 X114=215 X115=23 X116=1 X117=50 X118=54 X119=114 X120=264 X121=247 X122=360 X123=75 X124=79 X125=305 X126=342 X127=148 X128=189 X129=78 X130=346 X131=230 X132=146 X133=199 X134=334 X135=39 X136=213 X137=60 X138=211 X139=265 X140=95 X141=357 X142=177 X143=220 X144=19 X145=322 X146=2 X147=367 X148=392 X149=345 X150=192 X151=271 X152=216 X153=164 X154=32 X155=57 X156=126 X157=134 X158=29 X159=246 X160=255 X161=98 X162=272 X163=320 X164=195 X165=212 X166=217 X167=150 X168=308 X169=276 X170=287 X171=393 X172=132 X173=263 X174=299 X175=384 X176=130 X177=344 X178=381 X179=351 X180=172 X181=251 X182=278 X183=273 X184=291 X185=235 X186=178 X187=103 X188=372 X189=300 X190=13 X191=202 X192=250 X193=226 X194=56 X195=16 X196=337 X197=296 X198=302 X199=378 X200=380 X201=399 X202=222 X203=48 X204=227 X205=8 X206=361 X207=353 X208=280 X209=151 X210=158 X211=40 X212=33 X213=173 X214=52 X215=335 X216=36 X217=191 X218=89 X219=326 X220=207 X221=194 X222=281 X223=239 X224=82 X225=385 X226=237 X227=162 X228=243 X229=238 X230=309 X231=111 X232=14 X233=376 X234=139 X235=319 X236=352 X237=323 X238=232 X239=85 

   
   search
        run=0  nbConstraintChecks=5416  depth=(min:0,max:239,avg:2)  nbEffectivePropagations=1264920  nbRevisions=33442158  nbUselessRevisions=32506931
        nbAssignments=9867  nbFailedAssignments=8789  nbBacktracks=838  nbVisitedNodes=19276  nbRestartNogoods=0  nbFoundSolutions=1
        upperBound=9223372036854775807
          =>  wckTime=4578.89  cpuTime=4568.412  mem=62M905

   
   global
        nbConstraintChecks=5416  nbEffectivePropagations=1264920  nbRevisions=33442158  nbUselessRevisions=32506931  nbRestartNogoods=0
        solvingWckTime=4578.891  expiredTime=no  totalExploration=no  nbFoundSolutions=1  firstSolutionCpuTime=4568.402  Stop=REACHED_GOAL
          =>  wckTime=4584.988  cpuTime=4568.413  mem=62M905

s SATISFIABLE
v X0=286 X1=5 X2=181 X3=277 X4=290 X5=170 X6=252 X7=67 X8=144 X9=301 X10=382 X11=348 X12=157 X13=22 X14=254 X15=155 X16=34 X17=145 X18=330 X19=282 X20=142 X21=229 X22=366 X23=136 X24=112 X25=91 X26=18 X27=256 X28=325 X29=260 X30=386 X31=55 X32=377 X33=135 X34=180 X35=106 X36=218 X37=297 X38=258 X39=182 X40=257 X41=92 X42=143 X43=368 X44=72 X45=10 X46=105 X47=328 X48=94 X49=364 X50=127 X51=303 X52=190 X53=205 X54=193 X55=156 X56=327 X57=304 X58=294 X59=198 X60=298 X61=37 X62=208 X63=289 X64=383 X65=349 X66=118 X67=285 X68=11 X69=125 X70=99 X71=6 X72=154 X73=210 X74=356 X75=96 X76=104 X77=355 X78=129 X79=373 X80=266 X81=183 X82=284 X83=188 X84=293 X85=58 X86=20 X87=90 X88=51 X89=30 X90=0 X91=66 X92=83 X93=362 X94=9 X95=245 X96=163 X97=333 X98=108 X99=228 X100=62 X101=395 X102=41 X103=313 X104=186 X105=167 X106=343 X107=312 X108=45 X109=340 X110=73 X111=70 X112=316 X113=223 X114=215 X115=23 X116=1 X117=50 X118=54 X119=114 X120=264 X121=247 X122=360 X123=75 X124=79 X125=305 X126=342 X127=148 X128=189 X129=78 X130=346 X131=230 X132=146 X133=199 X134=334 X135=39 X136=213 X137=60 X138=211 X139=265 X140=95 X141=357 X142=177 X143=220 X144=19 X145=322 X146=2 X147=367 X148=392 X149=345 X150=192 X151=271 X152=216 X153=164 X154=32 X155=57 X156=126 X157=134 X158=29 X159=246 X160=255 X161=98 X162=272 X163=320 X164=195 X165=212 X166=217 X167=150 X168=308 X169=276 X170=287 X171=393 X172=132 X173=263 X174=299 X175=384 X176=130 X177=344 X178=381 X179=351 X180=172 X181=251 X182=278 X183=273 X184=291 X185=235 X186=178 X187=103 X188=372 X189=300 X190=13 X191=202 X192=250 X193=226 X194=56 X195=16 X196=337 X197=296 X198=302 X199=378 X200=380 X201=399 X202=222 X203=48 X204=227 X205=8 X206=361 X207=353 X208=280 X209=151 X210=158 X211=40 X212=33 X213=173 X214=52 X215=335 X216=36 X217=191 X218=89 X219=326 X220=207 X221=194 X222=281 X223=239 X224=82 X225=385 X226=237 X227=162 X228=243 X229=238 X230=309 X231=111 X232=14 X233=376 X234=139 X235=319 X236=352 X237=323 X238=232 X239=85 
d NODES 9867

   totalWckTime=4584.887  totalCpuTime=4568.413
