
   AbsCon 1.41 (January, 2014) - defaultConfiguration

   
   instance
        framework=CSP  name=Isomorphism-/cluster/gpg/ciaran/sip-benchmarks/benchmarks/si6_rand_r01_400/si6_r01_m400.08/pattern-/cluster/gpg/ciaran/sip-benchmarks/benchmarks/si6_rand_r01_400/si6_r01_m400.08/target
        parameters=/cluster/gpg/ciaran/sip-benchmarks/benchmarks/si6_rand_r01_400/si6_r01_m400.08/pattern,/cluster/gpg/ciaran/sip-benchmarks/benchmarks/si6_rand_r01_400/si6_r01_m400.08/target
      

   loading variables...
        nbVariables=240  nbDomainTypes=1  nbTotalValues=96000  domainSizes=(400:240)
          =>  wckTime=0.23  cpuTime=0.335  mem=10M412

   loading objectives...

   loading constraints...
        nbConstraints=5562  nbSpecificConstraints=1  nbExtensionStructures=(1,shared:5560)  nbConflictsStructures=(1,shared:5560,unbuilt:1)
        degrees=(32:1)(35:1)(36:4)...(62:2)(63:2)(64:2)  arities=(2:5561)(240:1)  types=(AllDifferent:1)(ConstraintHardExtensionV-Bits:5561)
          =>  wckTime=3.298  cpuTime=3.317  mem=328M447

   INFO : <!-- Start saving the XML representation -->

   INFO : <!-- Stop saving the XML representation of target.xml -->

   Solver SolverBacktrack being built... 
          =>  wckTime=3.746  cpuTime=3.721  mem=377M154

    instantiation X0=104 X1=376 X2=397 X3=52 X4=124 X5=146 X6=372 X7=361 X8=209 X9=296 X10=190 X11=326 X12=186 X13=46 X14=253 X15=373 X16=196 X17=328 X18=276 X19=139 X20=93 X21=76 X22=297 X23=50 X24=269 X25=140 X26=171 X27=275 X28=193 X29=134 X30=218 X31=109 X32=91 X33=43 X34=178 X35=291 X36=15 X37=244 X38=13 X39=237 X40=17 X41=369 X42=362 X43=79 X44=121 X45=390 X46=90 X47=254 X48=56 X49=353 X50=355 X51=248 X52=318 X53=312 X54=302 X55=26 X56=42 X57=14 X58=352 X59=182 X60=234 X61=55 X62=122 X63=340 X64=223 X65=321 X66=86 X67=194 X68=30 X69=21 X70=72 X71=9 X72=272 X73=310 X74=108 X75=67 X76=270 X77=107 X78=143 X79=202 X80=266 X81=53 X82=135 X83=159 X84=129 X85=343 X86=246 X87=219 X88=7 X89=0 X90=391 X91=74 X92=339 X93=131 X94=179 X95=165 X96=133 X97=377 X98=325 X99=96 X100=322 X101=75 X102=144 X103=363 X104=114 X105=365 X106=63 X107=203 X108=378 X109=28 X110=385 X111=250 X112=189 X113=301 X114=94 X115=6 X116=162 X117=172 X118=8 X119=116 X120=220 X121=338 X122=20 X123=99 X124=242 X125=5 X126=85 X127=329 X128=395 X129=125 X130=18 X131=308 X132=280 X133=66 X134=386 X135=283 X136=285 X137=393 X138=350 X139=337 X140=150 X141=351 X142=156 X143=345 X144=24 X145=54 X146=233 X147=60 X148=47 X149=174 X150=389 X151=324 X152=207 X153=191 X154=59 X155=278 X156=334 X157=210 X158=105 X159=98 X160=58 X161=258 X162=320 X163=136 X164=64 X165=97 X166=199 X167=181 X168=368 X169=87 X170=243 X171=399 X172=84 X173=77 X174=214 X175=366 X176=388 X177=304 X178=31 X179=357 X180=123 X181=57 X182=287 X183=151 X184=215 X185=293 X186=238 X187=62 X188=367 X189=245 X190=224 X191=166 X192=177 X193=294 X194=158 X195=236 X196=126 X197=317 X198=288 X199=281 X200=80 X201=314 X202=380 X203=19 X204=12 X205=170 X206=175 X207=192 X208=271 X209=211 X210=356 X211=149 X212=3 X213=29 X214=344 X215=213 X216=153 X217=35 X218=375 X219=120 X220=371 X221=111 X222=167 X223=187 X224=83 X225=128 X226=289 X227=33 X228=212 X229=252 X230=384 X231=383 X232=379 X233=232 X234=305 X235=240 X236=16 X237=299 X238=309 X239=316 

    solution X0=104 X1=376 X2=397 X3=52 X4=124 X5=146 X6=372 X7=361 X8=209 X9=296 X10=190 X11=326 X12=186 X13=46 X14=253 X15=373 X16=196 X17=328 X18=276 X19=139 X20=93 X21=76 X22=297 X23=50 X24=269 X25=140 X26=171 X27=275 X28=193 X29=134 X30=218 X31=109 X32=91 X33=43 X34=178 X35=291 X36=15 X37=244 X38=13 X39=237 X40=17 X41=369 X42=362 X43=79 X44=121 X45=390 X46=90 X47=254 X48=56 X49=353 X50=355 X51=248 X52=318 X53=312 X54=302 X55=26 X56=42 X57=14 X58=352 X59=182 X60=234 X61=55 X62=122 X63=340 X64=223 X65=321 X66=86 X67=194 X68=30 X69=21 X70=72 X71=9 X72=272 X73=310 X74=108 X75=67 X76=270 X77=107 X78=143 X79=202 X80=266 X81=53 X82=135 X83=159 X84=129 X85=343 X86=246 X87=219 X88=7 X89=0 X90=391 X91=74 X92=339 X93=131 X94=179 X95=165 X96=133 X97=377 X98=325 X99=96 X100=322 X101=75 X102=144 X103=363 X104=114 X105=365 X106=63 X107=203 X108=378 X109=28 X110=385 X111=250 X112=189 X113=301 X114=94 X115=6 X116=162 X117=172 X118=8 X119=116 X120=220 X121=338 X122=20 X123=99 X124=242 X125=5 X126=85 X127=329 X128=395 X129=125 X130=18 X131=308 X132=280 X133=66 X134=386 X135=283 X136=285 X137=393 X138=350 X139=337 X140=150 X141=351 X142=156 X143=345 X144=24 X145=54 X146=233 X147=60 X148=47 X149=174 X150=389 X151=324 X152=207 X153=191 X154=59 X155=278 X156=334 X157=210 X158=105 X159=98 X160=58 X161=258 X162=320 X163=136 X164=64 X165=97 X166=199 X167=181 X168=368 X169=87 X170=243 X171=399 X172=84 X173=77 X174=214 X175=366 X176=388 X177=304 X178=31 X179=357 X180=123 X181=57 X182=287 X183=151 X184=215 X185=293 X186=238 X187=62 X188=367 X189=245 X190=224 X191=166 X192=177 X193=294 X194=158 X195=236 X196=126 X197=317 X198=288 X199=281 X200=80 X201=314 X202=380 X203=19 X204=12 X205=170 X206=175 X207=192 X208=271 X209=211 X210=356 X211=149 X212=3 X213=29 X214=344 X215=213 X216=153 X217=35 X218=375 X219=120 X220=371 X221=111 X222=167 X223=187 X224=83 X225=128 X226=289 X227=33 X228=212 X229=252 X230=384 X231=383 X232=379 X233=232 X234=305 X235=240 X236=16 X237=299 X238=309 X239=316 

   
   search
        run=0  nbConstraintChecks=5562  depth=(min:0,max:239,avg:2)  nbEffectivePropagations=98368  nbRevisions=2657909  nbUselessRevisions=2586145
        nbAssignments=985  nbFailedAssignments=680  nbBacktracks=65  nbVisitedNodes=1706  nbRestartNogoods=0  nbFoundSolutions=1
        upperBound=9223372036854775807
          =>  wckTime=548.112  cpuTime=550.559  mem=127M551

   
   global
        nbConstraintChecks=5562  nbEffectivePropagations=98368  nbRevisions=2657909  nbUselessRevisions=2586145  nbRestartNogoods=0
        solvingWckTime=548.113  expiredTime=no  totalExploration=no  nbFoundSolutions=1  firstSolutionCpuTime=550.55  Stop=REACHED_GOAL
          =>  wckTime=551.86  cpuTime=550.559  mem=127M551

s SATISFIABLE
v X0=104 X1=376 X2=397 X3=52 X4=124 X5=146 X6=372 X7=361 X8=209 X9=296 X10=190 X11=326 X12=186 X13=46 X14=253 X15=373 X16=196 X17=328 X18=276 X19=139 X20=93 X21=76 X22=297 X23=50 X24=269 X25=140 X26=171 X27=275 X28=193 X29=134 X30=218 X31=109 X32=91 X33=43 X34=178 X35=291 X36=15 X37=244 X38=13 X39=237 X40=17 X41=369 X42=362 X43=79 X44=121 X45=390 X46=90 X47=254 X48=56 X49=353 X50=355 X51=248 X52=318 X53=312 X54=302 X55=26 X56=42 X57=14 X58=352 X59=182 X60=234 X61=55 X62=122 X63=340 X64=223 X65=321 X66=86 X67=194 X68=30 X69=21 X70=72 X71=9 X72=272 X73=310 X74=108 X75=67 X76=270 X77=107 X78=143 X79=202 X80=266 X81=53 X82=135 X83=159 X84=129 X85=343 X86=246 X87=219 X88=7 X89=0 X90=391 X91=74 X92=339 X93=131 X94=179 X95=165 X96=133 X97=377 X98=325 X99=96 X100=322 X101=75 X102=144 X103=363 X104=114 X105=365 X106=63 X107=203 X108=378 X109=28 X110=385 X111=250 X112=189 X113=301 X114=94 X115=6 X116=162 X117=172 X118=8 X119=116 X120=220 X121=338 X122=20 X123=99 X124=242 X125=5 X126=85 X127=329 X128=395 X129=125 X130=18 X131=308 X132=280 X133=66 X134=386 X135=283 X136=285 X137=393 X138=350 X139=337 X140=150 X141=351 X142=156 X143=345 X144=24 X145=54 X146=233 X147=60 X148=47 X149=174 X150=389 X151=324 X152=207 X153=191 X154=59 X155=278 X156=334 X157=210 X158=105 X159=98 X160=58 X161=258 X162=320 X163=136 X164=64 X165=97 X166=199 X167=181 X168=368 X169=87 X170=243 X171=399 X172=84 X173=77 X174=214 X175=366 X176=388 X177=304 X178=31 X179=357 X180=123 X181=57 X182=287 X183=151 X184=215 X185=293 X186=238 X187=62 X188=367 X189=245 X190=224 X191=166 X192=177 X193=294 X194=158 X195=236 X196=126 X197=317 X198=288 X199=281 X200=80 X201=314 X202=380 X203=19 X204=12 X205=170 X206=175 X207=192 X208=271 X209=211 X210=356 X211=149 X212=3 X213=29 X214=344 X215=213 X216=153 X217=35 X218=375 X219=120 X220=371 X221=111 X222=167 X223=187 X224=83 X225=128 X226=289 X227=33 X228=212 X229=252 X230=384 X231=383 X232=379 X233=232 X234=305 X235=240 X236=16 X237=299 X238=309 X239=316 
d NODES 985

   totalWckTime=551.755  totalCpuTime=550.56
