
   AbsCon 1.41 (January, 2014) - defaultConfiguration

   
   instance
        framework=CSP  name=Isomorphism-/cluster/gpg/ciaran/sip-benchmarks/benchmarks/si6_rand_r001_400/si6_r001_m400.08/pattern-/cluster/gpg/ciaran/sip-benchmarks/benchmarks/si6_rand_r001_400/si6_r001_m400.08/target
        parameters=/cluster/gpg/ciaran/sip-benchmarks/benchmarks/si6_rand_r001_400/si6_r001_m400.08/pattern,/cluster/gpg/ciaran/sip-benchmarks/benchmarks/si6_rand_r001_400/si6_r001_m400.08/target
      

   loading variables...
        nbVariables=240  nbDomainTypes=1  nbTotalValues=96000  domainSizes=(400:240)
          =>  wckTime=0.223  cpuTime=0.31  mem=7M894

   loading objectives...

   loading constraints...
        nbConstraints=582  nbSpecificConstraints=1  nbExtensionStructures=(1,shared:580)  nbConflictsStructures=(1,shared:580,unbuilt:1)
        degrees=(2:8)(3:18)(4:41)...(11:4)(12:2)(13:1)  arities=(2:581)(240:1)  types=(AllDifferent:1)(ConstraintHardExtensionV-Bits:581)
          =>  wckTime=0.448  cpuTime=0.522  mem=25M387

   INFO : <!-- Start saving the XML representation -->

   INFO : <!-- Stop saving the XML representation of target.xml -->

   Solver SolverBacktrack being built... 
          =>  wckTime=0.758  cpuTime=0.77  mem=25M829

    instantiation X0=174 X1=29 X2=301 X3=102 X4=125 X5=350 X6=78 X7=250 X8=235 X9=248 X10=132 X11=42 X12=253 X13=229 X14=47 X15=154 X16=39 X17=76 X18=215 X19=347 X20=339 X21=256 X22=212 X23=193 X24=34 X25=177 X26=302 X27=397 X28=205 X29=50 X30=344 X31=363 X32=376 X33=332 X34=390 X35=130 X36=156 X37=375 X38=225 X39=19 X40=257 X41=217 X42=343 X43=224 X44=330 X45=24 X46=368 X47=178 X48=147 X49=263 X50=82 X51=290 X52=366 X53=120 X54=299 X55=264 X56=150 X57=282 X58=364 X59=342 X60=249 X61=311 X62=58 X63=222 X64=51 X65=317 X66=138 X67=269 X68=84 X69=255 X70=21 X71=14 X72=81 X73=37 X74=164 X75=143 X76=165 X77=137 X78=395 X79=325 X80=359 X81=77 X82=329 X83=247 X84=163 X85=80 X86=13 X87=384 X88=171 X89=304 X90=371 X91=148 X92=133 X93=198 X94=398 X95=245 X96=108 X97=278 X98=308 X99=16 X100=40 X101=113 X102=200 X103=142 X104=123 X105=378 X106=218 X107=104 X108=270 X109=316 X110=213 X111=33 X112=227 X113=326 X114=62 X115=327 X116=0 X117=31 X118=228 X119=372 X120=184 X121=75 X122=348 X123=1 X124=106 X125=43 X126=310 X127=4 X128=149 X129=139 X130=54 X131=362 X132=3 X133=357 X134=72 X135=380 X136=277 X137=265 X138=109 X139=230 X140=135 X141=331 X142=119 X143=319 X144=399 X145=292 X146=352 X147=68 X148=190 X149=2 X150=105 X151=351 X152=273 X153=168 X154=389 X155=188 X156=312 X157=89 X158=159 X159=169 X160=370 X161=93 X162=140 X163=211 X164=216 X165=170 X166=25 X167=49 X168=5 X169=293 X170=117 X171=196 X172=161 X173=124 X174=112 X175=63 X176=321 X177=337 X178=284 X179=134 X180=66 X181=186 X182=197 X183=27 X184=69 X185=242 X186=261 X187=160 X188=283 X189=385 X190=360 X191=99 X192=280 X193=126 X194=306 X195=88 X196=226 X197=166 X198=116 X199=97 X200=267 X201=208 X202=386 X203=136 X204=333 X205=83 X206=56 X207=86 X208=355 X209=358 X210=238 X211=74 X212=7 X213=181 X214=241 X215=309 X216=173 X217=340 X218=374 X219=353 X220=18 X221=20 X222=377 X223=232 X224=345 X225=201 X226=65 X227=111 X228=387 X229=324 X230=298 X231=323 X232=210 X233=199 X234=30 X235=243 X236=48 X237=268 X238=187 X239=194 

    solution X0=174 X1=29 X2=301 X3=102 X4=125 X5=350 X6=78 X7=250 X8=235 X9=248 X10=132 X11=42 X12=253 X13=229 X14=47 X15=154 X16=39 X17=76 X18=215 X19=347 X20=339 X21=256 X22=212 X23=193 X24=34 X25=177 X26=302 X27=397 X28=205 X29=50 X30=344 X31=363 X32=376 X33=332 X34=390 X35=130 X36=156 X37=375 X38=225 X39=19 X40=257 X41=217 X42=343 X43=224 X44=330 X45=24 X46=368 X47=178 X48=147 X49=263 X50=82 X51=290 X52=366 X53=120 X54=299 X55=264 X56=150 X57=282 X58=364 X59=342 X60=249 X61=311 X62=58 X63=222 X64=51 X65=317 X66=138 X67=269 X68=84 X69=255 X70=21 X71=14 X72=81 X73=37 X74=164 X75=143 X76=165 X77=137 X78=395 X79=325 X80=359 X81=77 X82=329 X83=247 X84=163 X85=80 X86=13 X87=384 X88=171 X89=304 X90=371 X91=148 X92=133 X93=198 X94=398 X95=245 X96=108 X97=278 X98=308 X99=16 X100=40 X101=113 X102=200 X103=142 X104=123 X105=378 X106=218 X107=104 X108=270 X109=316 X110=213 X111=33 X112=227 X113=326 X114=62 X115=327 X116=0 X117=31 X118=228 X119=372 X120=184 X121=75 X122=348 X123=1 X124=106 X125=43 X126=310 X127=4 X128=149 X129=139 X130=54 X131=362 X132=3 X133=357 X134=72 X135=380 X136=277 X137=265 X138=109 X139=230 X140=135 X141=331 X142=119 X143=319 X144=399 X145=292 X146=352 X147=68 X148=190 X149=2 X150=105 X151=351 X152=273 X153=168 X154=389 X155=188 X156=312 X157=89 X158=159 X159=169 X160=370 X161=93 X162=140 X163=211 X164=216 X165=170 X166=25 X167=49 X168=5 X169=293 X170=117 X171=196 X172=161 X173=124 X174=112 X175=63 X176=321 X177=337 X178=284 X179=134 X180=66 X181=186 X182=197 X183=27 X184=69 X185=242 X186=261 X187=160 X188=283 X189=385 X190=360 X191=99 X192=280 X193=126 X194=306 X195=88 X196=226 X197=166 X198=116 X199=97 X200=267 X201=208 X202=386 X203=136 X204=333 X205=83 X206=56 X207=86 X208=355 X209=358 X210=238 X211=74 X212=7 X213=181 X214=241 X215=309 X216=173 X217=340 X218=374 X219=353 X220=18 X221=20 X222=377 X223=232 X224=345 X225=201 X226=65 X227=111 X228=387 X229=324 X230=298 X231=323 X232=210 X233=199 X234=30 X235=243 X236=48 X237=268 X238=187 X239=194 

   
   search
        run=0  nbConstraintChecks=582  depth=(min:0,max:239,avg:1)  nbEffectivePropagations=95  nbRevisions=5136  nbUselessRevisions=5051
        nbAssignments=469  nbFailedAssignments=229  nbBacktracks=0  nbVisitedNodes=699  nbRestartNogoods=0  nbFoundSolutions=1
        upperBound=9223372036854775807
          =>  wckTime=13.672  cpuTime=14.34  mem=195M358

   
   global
        nbConstraintChecks=582  nbEffectivePropagations=95  nbRevisions=5136  nbUselessRevisions=5051  nbRestartNogoods=0  solvingWckTime=13.672
        expiredTime=no  totalExploration=no  nbFoundSolutions=1  firstSolutionCpuTime=14.335  Stop=REACHED_GOAL
          =>  wckTime=14.43  cpuTime=14.341  mem=195M358

s SATISFIABLE
v X0=174 X1=29 X2=301 X3=102 X4=125 X5=350 X6=78 X7=250 X8=235 X9=248 X10=132 X11=42 X12=253 X13=229 X14=47 X15=154 X16=39 X17=76 X18=215 X19=347 X20=339 X21=256 X22=212 X23=193 X24=34 X25=177 X26=302 X27=397 X28=205 X29=50 X30=344 X31=363 X32=376 X33=332 X34=390 X35=130 X36=156 X37=375 X38=225 X39=19 X40=257 X41=217 X42=343 X43=224 X44=330 X45=24 X46=368 X47=178 X48=147 X49=263 X50=82 X51=290 X52=366 X53=120 X54=299 X55=264 X56=150 X57=282 X58=364 X59=342 X60=249 X61=311 X62=58 X63=222 X64=51 X65=317 X66=138 X67=269 X68=84 X69=255 X70=21 X71=14 X72=81 X73=37 X74=164 X75=143 X76=165 X77=137 X78=395 X79=325 X80=359 X81=77 X82=329 X83=247 X84=163 X85=80 X86=13 X87=384 X88=171 X89=304 X90=371 X91=148 X92=133 X93=198 X94=398 X95=245 X96=108 X97=278 X98=308 X99=16 X100=40 X101=113 X102=200 X103=142 X104=123 X105=378 X106=218 X107=104 X108=270 X109=316 X110=213 X111=33 X112=227 X113=326 X114=62 X115=327 X116=0 X117=31 X118=228 X119=372 X120=184 X121=75 X122=348 X123=1 X124=106 X125=43 X126=310 X127=4 X128=149 X129=139 X130=54 X131=362 X132=3 X133=357 X134=72 X135=380 X136=277 X137=265 X138=109 X139=230 X140=135 X141=331 X142=119 X143=319 X144=399 X145=292 X146=352 X147=68 X148=190 X149=2 X150=105 X151=351 X152=273 X153=168 X154=389 X155=188 X156=312 X157=89 X158=159 X159=169 X160=370 X161=93 X162=140 X163=211 X164=216 X165=170 X166=25 X167=49 X168=5 X169=293 X170=117 X171=196 X172=161 X173=124 X174=112 X175=63 X176=321 X177=337 X178=284 X179=134 X180=66 X181=186 X182=197 X183=27 X184=69 X185=242 X186=261 X187=160 X188=283 X189=385 X190=360 X191=99 X192=280 X193=126 X194=306 X195=88 X196=226 X197=166 X198=116 X199=97 X200=267 X201=208 X202=386 X203=136 X204=333 X205=83 X206=56 X207=86 X208=355 X209=358 X210=238 X211=74 X212=7 X213=181 X214=241 X215=309 X216=173 X217=340 X218=374 X219=353 X220=18 X221=20 X222=377 X223=232 X224=345 X225=201 X226=65 X227=111 X228=387 X229=324 X230=298 X231=323 X232=210 X233=199 X234=30 X235=243 X236=48 X237=268 X238=187 X239=194 
d NODES 469

   totalWckTime=14.328  totalCpuTime=14.341
