
   AbsCon 1.41 (January, 2014) - defaultConfiguration

   
   instance
        framework=CSP  name=Isomorphism-/cluster/gpg/ciaran/sip-benchmarks/benchmarks/si6_m4D_m4D_256/si6_m4D_m256.08/pattern-/cluster/gpg/ciaran/sip-benchmarks/benchmarks/si6_m4D_m4D_256/si6_m4D_m256.08/target
        parameters=/cluster/gpg/ciaran/sip-benchmarks/benchmarks/si6_m4D_m4D_256/si6_m4D_m256.08/pattern,/cluster/gpg/ciaran/sip-benchmarks/benchmarks/si6_m4D_m4D_256/si6_m4D_m256.08/target
      

   loading variables...
        nbVariables=153  nbDomainTypes=1  nbTotalValues=39168  domainSizes=(256:153)
          =>  wckTime=0.196  cpuTime=0.292  mem=4M626

   loading objectives...

   loading constraints...
        nbConstraints=407  nbSpecificConstraints=1  nbExtensionStructures=(1,shared:405)  nbConflictsStructures=(1,shared:405,unbuilt:1)
        degrees=(3:2)(4:15)(5:28)...(7:41)(8:29)(9:4)  arities=(2:406)(153:1)  types=(AllDifferent:1)(ConstraintHardExtensionV-Bits:406)
          =>  wckTime=0.309  cpuTime=0.397  mem=6M831

   INFO : <!-- Start saving the XML representation -->

   INFO : <!-- Stop saving the XML representation of target.xml -->

   Solver SolverBacktrack being built... 
          =>  wckTime=0.528  cpuTime=0.583  mem=24M902

    instantiation X0=214 X1=90 X2=143 X3=78 X4=198 X5=29 X6=61 X7=0 X8=156 X9=1 X10=182 X11=17 X12=150 X13=193 X14=56 X15=32 X16=234 X17=128 X18=71 X19=197 X20=229 X21=164 X22=238 X23=65 X24=75 X25=130 X26=213 X27=54 X28=174 X29=110 X30=146 X31=116 X32=80 X33=113 X34=175 X35=93 X36=144 X37=145 X38=88 X39=28 X40=132 X41=157 X42=63 X43=119 X44=170 X45=46 X46=252 X47=189 X48=221 X49=180 X50=112 X51=19 X52=241 X53=87 X54=133 X55=247 X56=222 X57=176 X58=105 X59=124 X60=33 X61=236 X62=181 X63=186 X64=7 X65=107 X66=148 X67=69 X68=179 X69=177 X70=163 X71=70 X72=44 X73=49 X74=12 X75=18 X76=10 X77=167 X78=30 X79=220 X80=251 X81=254 X82=202 X83=206 X84=27 X85=158 X86=126 X87=147 X88=162 X89=117 X90=123 X91=225 X92=15 X93=55 X94=3 X95=233 X96=104 X97=240 X98=169 X99=66 X100=108 X101=149 X102=57 X103=20 X104=101 X105=6 X106=77 X107=208 X108=36 X109=142 X110=81 X111=13 X112=24 X113=192 X114=35 X115=231 X116=68 X117=237 X118=226 X119=42 X120=4 X121=23 X122=98 X123=218 X124=245 X125=168 X126=216 X127=21 X128=184 X129=215 X130=154 X131=255 X132=209 X133=122 X134=85 X135=109 X136=84 X137=73 X138=194 X139=205 X140=9 X141=72 X142=11 X143=86 X144=59 X145=62 X146=190 X147=106 X148=155 X149=47 X150=141 X151=120 X152=79 

    solution X0=214 X1=90 X2=143 X3=78 X4=198 X5=29 X6=61 X7=0 X8=156 X9=1 X10=182 X11=17 X12=150 X13=193 X14=56 X15=32 X16=234 X17=128 X18=71 X19=197 X20=229 X21=164 X22=238 X23=65 X24=75 X25=130 X26=213 X27=54 X28=174 X29=110 X30=146 X31=116 X32=80 X33=113 X34=175 X35=93 X36=144 X37=145 X38=88 X39=28 X40=132 X41=157 X42=63 X43=119 X44=170 X45=46 X46=252 X47=189 X48=221 X49=180 X50=112 X51=19 X52=241 X53=87 X54=133 X55=247 X56=222 X57=176 X58=105 X59=124 X60=33 X61=236 X62=181 X63=186 X64=7 X65=107 X66=148 X67=69 X68=179 X69=177 X70=163 X71=70 X72=44 X73=49 X74=12 X75=18 X76=10 X77=167 X78=30 X79=220 X80=251 X81=254 X82=202 X83=206 X84=27 X85=158 X86=126 X87=147 X88=162 X89=117 X90=123 X91=225 X92=15 X93=55 X94=3 X95=233 X96=104 X97=240 X98=169 X99=66 X100=108 X101=149 X102=57 X103=20 X104=101 X105=6 X106=77 X107=208 X108=36 X109=142 X110=81 X111=13 X112=24 X113=192 X114=35 X115=231 X116=68 X117=237 X118=226 X119=42 X120=4 X121=23 X122=98 X123=218 X124=245 X125=168 X126=216 X127=21 X128=184 X129=215 X130=154 X131=255 X132=209 X133=122 X134=85 X135=109 X136=84 X137=73 X138=194 X139=205 X140=9 X141=72 X142=11 X143=86 X144=59 X145=62 X146=190 X147=106 X148=155 X149=47 X150=141 X151=120 X152=79 

   
   search
        run=0  nbConstraintChecks=407  depth=(min:0,max:152,avg:1)  nbEffectivePropagations=211  nbRevisions=2160  nbUselessRevisions=2144
        nbAssignments=214  nbFailedAssignments=61  nbBacktracks=0  nbVisitedNodes=276  nbRestartNogoods=0  nbFoundSolutions=1
        upperBound=9223372036854775807
          =>  wckTime=1.405  cpuTime=1.913  mem=76M825

   
   global
        nbConstraintChecks=407  nbEffectivePropagations=211  nbRevisions=2160  nbUselessRevisions=2144  nbRestartNogoods=0  solvingWckTime=1.406
        expiredTime=no  totalExploration=no  nbFoundSolutions=1  firstSolutionCpuTime=1.91  Stop=REACHED_GOAL
          =>  wckTime=1.935  cpuTime=1.914  mem=76M825

s SATISFIABLE
v X0=214 X1=90 X2=143 X3=78 X4=198 X5=29 X6=61 X7=0 X8=156 X9=1 X10=182 X11=17 X12=150 X13=193 X14=56 X15=32 X16=234 X17=128 X18=71 X19=197 X20=229 X21=164 X22=238 X23=65 X24=75 X25=130 X26=213 X27=54 X28=174 X29=110 X30=146 X31=116 X32=80 X33=113 X34=175 X35=93 X36=144 X37=145 X38=88 X39=28 X40=132 X41=157 X42=63 X43=119 X44=170 X45=46 X46=252 X47=189 X48=221 X49=180 X50=112 X51=19 X52=241 X53=87 X54=133 X55=247 X56=222 X57=176 X58=105 X59=124 X60=33 X61=236 X62=181 X63=186 X64=7 X65=107 X66=148 X67=69 X68=179 X69=177 X70=163 X71=70 X72=44 X73=49 X74=12 X75=18 X76=10 X77=167 X78=30 X79=220 X80=251 X81=254 X82=202 X83=206 X84=27 X85=158 X86=126 X87=147 X88=162 X89=117 X90=123 X91=225 X92=15 X93=55 X94=3 X95=233 X96=104 X97=240 X98=169 X99=66 X100=108 X101=149 X102=57 X103=20 X104=101 X105=6 X106=77 X107=208 X108=36 X109=142 X110=81 X111=13 X112=24 X113=192 X114=35 X115=231 X116=68 X117=237 X118=226 X119=42 X120=4 X121=23 X122=98 X123=218 X124=245 X125=168 X126=216 X127=21 X128=184 X129=215 X130=154 X131=255 X132=209 X133=122 X134=85 X135=109 X136=84 X137=73 X138=194 X139=205 X140=9 X141=72 X142=11 X143=86 X144=59 X145=62 X146=190 X147=106 X148=155 X149=47 X150=141 X151=120 X152=79 
d NODES 214

   totalWckTime=1.828  totalCpuTime=1.914
