
   AbsCon 1.41 (January, 2014) - defaultConfiguration

   
   instance
        framework=CSP  name=Isomorphism-/cluster/gpg/ciaran/sip-benchmarks/benchmarks/si6_bvg_b09m_400/si6_b09m_m400.09/pattern-/cluster/gpg/ciaran/sip-benchmarks/benchmarks/si6_bvg_b09m_400/si6_b09m_m400.09/target
        parameters=/cluster/gpg/ciaran/sip-benchmarks/benchmarks/si6_bvg_b09m_400/si6_b09m_m400.09/pattern,/cluster/gpg/ciaran/sip-benchmarks/benchmarks/si6_bvg_b09m_400/si6_b09m_m400.09/target
      

   loading variables...
        nbVariables=240  nbDomainTypes=1  nbTotalValues=96000  domainSizes=(400:240)
          =>  wckTime=0.321  cpuTime=0.365  mem=6M748

   loading objectives...

   loading constraints...
        nbConstraints=800  nbSpecificConstraints=1  nbExtensionStructures=(1,shared:798)  nbConflictsStructures=(1,shared:798,unbuilt:1)
        degrees=(2:2)(3:10)(4:18)...(19:1)(20:2)(22:1)  arities=(2:799)(240:1)  types=(AllDifferent:1)(ConstraintHardExtensionV-Bits:799)
          =>  wckTime=0.623  cpuTime=0.654  mem=12M797

   INFO : <!-- Start saving the XML representation -->

   INFO : <!-- Stop saving the XML representation of target.xml -->

   Solver SolverBacktrack being built... 
          =>  wckTime=0.952  cpuTime=0.947  mem=26M453

    instantiation X0=0 X1=8 X2=43 X3=87 X4=101 X5=132 X6=154 X7=203 X8=213 X9=215 X10=257 X11=259 X12=271 X13=293 X14=315 X15=317 X16=322 X17=343 X18=374 X19=2 X20=27 X21=50 X22=67 X23=106 X24=144 X25=145 X26=146 X27=165 X28=194 X29=210 X30=236 X31=255 X32=268 X33=306 X34=338 X35=339 X36=72 X37=129 X38=295 X39=1 X40=5 X41=28 X42=239 X43=30 X44=182 X45=185 X46=211 X47=231 X48=285 X49=347 X50=83 X51=147 X52=200 X53=233 X54=246 X55=289 X56=337 X57=32 X58=90 X59=95 X60=190 X61=4 X62=11 X63=119 X64=136 X65=277 X66=336 X67=393 X68=46 X69=102 X70=162 X71=168 X72=287 X73=302 X74=39 X75=204 X76=206 X77=219 X78=391 X79=398 X80=9 X81=61 X82=7 X83=59 X84=81 X85=138 X86=202 X87=330 X88=16 X89=71 X90=141 X91=247 X92=269 X93=345 X94=386 X95=34 X96=26 X97=160 X98=177 X99=193 X100=314 X101=325 X102=344 X103=29 X104=94 X105=223 X106=254 X107=342 X108=104 X109=109 X110=130 X111=178 X112=214 X113=372 X114=6 X115=23 X116=38 X117=40 X118=57 X119=92 X120=117 X121=174 X122=222 X123=244 X124=263 X125=281 X126=300 X127=313 X128=20 X129=76 X130=115 X131=135 X132=349 X133=21 X134=60 X135=105 X136=131 X137=142 X138=150 X139=171 X140=180 X141=181 X142=243 X143=278 X144=308 X145=69 X146=91 X147=228 X148=234 X149=301 X150=353 X151=362 X152=14 X153=18 X154=110 X155=159 X156=292 X157=324 X158=361 X159=363 X160=113 X161=333 X162=205 X163=227 X164=270 X165=279 X166=334 X167=341 X168=388 X169=12 X170=51 X171=73 X172=99 X173=369 X174=84 X175=41 X176=96 X177=170 X178=280 X179=45 X180=151 X181=157 X182=47 X183=127 X184=163 X185=225 X186=79 X187=305 X188=359 X189=121 X190=216 X191=311 X192=354 X193=122 X194=197 X195=312 X196=356 X197=360 X198=396 X199=80 X200=169 X201=195 X202=199 X203=52 X204=161 X205=368 X206=54 X207=85 X208=137 X209=143 X210=186 X211=192 X212=241 X213=253 X214=382 X215=385 X216=390 X217=31 X218=64 X219=134 X220=207 X221=329 X222=367 X223=36 X224=188 X225=262 X226=276 X227=320 X228=397 X229=201 X230=328 X231=242 X232=299 X233=93 X234=75 X235=118 X236=379 X237=392 X238=221 X239=260 

    solution X0=0 X1=8 X2=43 X3=87 X4=101 X5=132 X6=154 X7=203 X8=213 X9=215 X10=257 X11=259 X12=271 X13=293 X14=315 X15=317 X16=322 X17=343 X18=374 X19=2 X20=27 X21=50 X22=67 X23=106 X24=144 X25=145 X26=146 X27=165 X28=194 X29=210 X30=236 X31=255 X32=268 X33=306 X34=338 X35=339 X36=72 X37=129 X38=295 X39=1 X40=5 X41=28 X42=239 X43=30 X44=182 X45=185 X46=211 X47=231 X48=285 X49=347 X50=83 X51=147 X52=200 X53=233 X54=246 X55=289 X56=337 X57=32 X58=90 X59=95 X60=190 X61=4 X62=11 X63=119 X64=136 X65=277 X66=336 X67=393 X68=46 X69=102 X70=162 X71=168 X72=287 X73=302 X74=39 X75=204 X76=206 X77=219 X78=391 X79=398 X80=9 X81=61 X82=7 X83=59 X84=81 X85=138 X86=202 X87=330 X88=16 X89=71 X90=141 X91=247 X92=269 X93=345 X94=386 X95=34 X96=26 X97=160 X98=177 X99=193 X100=314 X101=325 X102=344 X103=29 X104=94 X105=223 X106=254 X107=342 X108=104 X109=109 X110=130 X111=178 X112=214 X113=372 X114=6 X115=23 X116=38 X117=40 X118=57 X119=92 X120=117 X121=174 X122=222 X123=244 X124=263 X125=281 X126=300 X127=313 X128=20 X129=76 X130=115 X131=135 X132=349 X133=21 X134=60 X135=105 X136=131 X137=142 X138=150 X139=171 X140=180 X141=181 X142=243 X143=278 X144=308 X145=69 X146=91 X147=228 X148=234 X149=301 X150=353 X151=362 X152=14 X153=18 X154=110 X155=159 X156=292 X157=324 X158=361 X159=363 X160=113 X161=333 X162=205 X163=227 X164=270 X165=279 X166=334 X167=341 X168=388 X169=12 X170=51 X171=73 X172=99 X173=369 X174=84 X175=41 X176=96 X177=170 X178=280 X179=45 X180=151 X181=157 X182=47 X183=127 X184=163 X185=225 X186=79 X187=305 X188=359 X189=121 X190=216 X191=311 X192=354 X193=122 X194=197 X195=312 X196=356 X197=360 X198=396 X199=80 X200=169 X201=195 X202=199 X203=52 X204=161 X205=368 X206=54 X207=85 X208=137 X209=143 X210=186 X211=192 X212=241 X213=253 X214=382 X215=385 X216=390 X217=31 X218=64 X219=134 X220=207 X221=329 X222=367 X223=36 X224=188 X225=262 X226=276 X227=320 X228=397 X229=201 X230=328 X231=242 X232=299 X233=93 X234=75 X235=118 X236=379 X237=392 X238=221 X239=260 

   
   search
        run=0  nbConstraintChecks=800  depth=(min:0,max:239,avg:1)  nbEffectivePropagations=12  nbRevisions=2355  nbUselessRevisions=2355
        nbAssignments=241  nbFailedAssignments=1  nbBacktracks=0  nbVisitedNodes=243  nbRestartNogoods=0  nbFoundSolutions=1
        upperBound=9223372036854775807
          =>  wckTime=10.571  cpuTime=11.367  mem=67M17

   
   global
        nbConstraintChecks=800  nbEffectivePropagations=12  nbRevisions=2355  nbUselessRevisions=2355  nbRestartNogoods=0  solvingWckTime=10.572
        expiredTime=no  totalExploration=no  nbFoundSolutions=1  firstSolutionCpuTime=11.357  Stop=REACHED_GOAL
          =>  wckTime=11.524  cpuTime=11.368  mem=67M17

s SATISFIABLE
v X0=0 X1=8 X2=43 X3=87 X4=101 X5=132 X6=154 X7=203 X8=213 X9=215 X10=257 X11=259 X12=271 X13=293 X14=315 X15=317 X16=322 X17=343 X18=374 X19=2 X20=27 X21=50 X22=67 X23=106 X24=144 X25=145 X26=146 X27=165 X28=194 X29=210 X30=236 X31=255 X32=268 X33=306 X34=338 X35=339 X36=72 X37=129 X38=295 X39=1 X40=5 X41=28 X42=239 X43=30 X44=182 X45=185 X46=211 X47=231 X48=285 X49=347 X50=83 X51=147 X52=200 X53=233 X54=246 X55=289 X56=337 X57=32 X58=90 X59=95 X60=190 X61=4 X62=11 X63=119 X64=136 X65=277 X66=336 X67=393 X68=46 X69=102 X70=162 X71=168 X72=287 X73=302 X74=39 X75=204 X76=206 X77=219 X78=391 X79=398 X80=9 X81=61 X82=7 X83=59 X84=81 X85=138 X86=202 X87=330 X88=16 X89=71 X90=141 X91=247 X92=269 X93=345 X94=386 X95=34 X96=26 X97=160 X98=177 X99=193 X100=314 X101=325 X102=344 X103=29 X104=94 X105=223 X106=254 X107=342 X108=104 X109=109 X110=130 X111=178 X112=214 X113=372 X114=6 X115=23 X116=38 X117=40 X118=57 X119=92 X120=117 X121=174 X122=222 X123=244 X124=263 X125=281 X126=300 X127=313 X128=20 X129=76 X130=115 X131=135 X132=349 X133=21 X134=60 X135=105 X136=131 X137=142 X138=150 X139=171 X140=180 X141=181 X142=243 X143=278 X144=308 X145=69 X146=91 X147=228 X148=234 X149=301 X150=353 X151=362 X152=14 X153=18 X154=110 X155=159 X156=292 X157=324 X158=361 X159=363 X160=113 X161=333 X162=205 X163=227 X164=270 X165=279 X166=334 X167=341 X168=388 X169=12 X170=51 X171=73 X172=99 X173=369 X174=84 X175=41 X176=96 X177=170 X178=280 X179=45 X180=151 X181=157 X182=47 X183=127 X184=163 X185=225 X186=79 X187=305 X188=359 X189=121 X190=216 X191=311 X192=354 X193=122 X194=197 X195=312 X196=356 X197=360 X198=396 X199=80 X200=169 X201=195 X202=199 X203=52 X204=161 X205=368 X206=54 X207=85 X208=137 X209=143 X210=186 X211=192 X212=241 X213=253 X214=382 X215=385 X216=390 X217=31 X218=64 X219=134 X220=207 X221=329 X222=367 X223=36 X224=188 X225=262 X226=276 X227=320 X228=397 X229=201 X230=328 X231=242 X232=299 X233=93 X234=75 X235=118 X236=379 X237=392 X238=221 X239=260 
d NODES 241

   totalWckTime=11.35  totalCpuTime=11.368
