
   AbsCon 1.41 (January, 2014) - defaultConfiguration

   
   instance
        framework=CSP  name=Isomorphism-/cluster/gpg/ciaran/sip-benchmarks/benchmarks/si6_rand_r001_400/si6_r001_m400.09/pattern-/cluster/gpg/ciaran/sip-benchmarks/benchmarks/si6_rand_r001_400/si6_r001_m400.09/target
        parameters=/cluster/gpg/ciaran/sip-benchmarks/benchmarks/si6_rand_r001_400/si6_r001_m400.09/pattern,/cluster/gpg/ciaran/sip-benchmarks/benchmarks/si6_rand_r001_400/si6_r001_m400.09/target
      

   loading variables...
        nbVariables=240  nbDomainTypes=1  nbTotalValues=96000  domainSizes=(400:240)
          =>  wckTime=0.211  cpuTime=0.313  mem=7M700

   loading objectives...

   loading constraints...
        nbConstraints=624  nbSpecificConstraints=1  nbExtensionStructures=(1,shared:622)  nbConflictsStructures=(1,shared:622,unbuilt:1)
        degrees=(2:6)(3:14)(4:40)...(12:3)(13:1)(14:1)  arities=(2:623)(240:1)  types=(AllDifferent:1)(ConstraintHardExtensionV-Bits:623)
          =>  wckTime=0.465  cpuTime=0.543  mem=26M907

   INFO : <!-- Start saving the XML representation -->

   INFO : <!-- Stop saving the XML representation of target.xml -->

   Solver SolverBacktrack being built... 
          =>  wckTime=0.733  cpuTime=0.768  mem=25M285

    instantiation X0=13 X1=74 X2=391 X3=41 X4=55 X5=315 X6=269 X7=392 X8=25 X9=71 X10=164 X11=214 X12=57 X13=268 X14=299 X15=137 X16=211 X17=339 X18=293 X19=103 X20=99 X21=113 X22=56 X23=93 X24=98 X25=108 X26=300 X27=101 X28=245 X29=30 X30=92 X31=198 X32=210 X33=325 X34=321 X35=141 X36=352 X37=271 X38=110 X39=234 X40=80 X41=260 X42=381 X43=308 X44=331 X45=20 X46=183 X47=241 X48=163 X49=51 X50=257 X51=32 X52=75 X53=43 X54=189 X55=90 X56=199 X57=212 X58=378 X59=105 X60=117 X61=370 X62=156 X63=149 X64=253 X65=116 X66=309 X67=73 X68=185 X69=365 X70=9 X71=364 X72=81 X73=85 X74=230 X75=387 X76=15 X77=42 X78=77 X79=196 X80=330 X81=79 X82=281 X83=169 X84=346 X85=351 X86=323 X87=219 X88=96 X89=302 X90=39 X91=165 X92=142 X93=317 X94=242 X95=382 X96=181 X97=385 X98=393 X99=188 X100=275 X101=377 X102=313 X103=215 X104=166 X105=193 X106=122 X107=221 X108=222 X109=357 X110=361 X111=26 X112=265 X113=2 X114=263 X115=107 X116=63 X117=290 X118=140 X119=200 X120=306 X121=240 X122=91 X123=84 X124=95 X125=61 X126=136 X127=132 X128=86 X129=135 X130=399 X131=49 X132=16 X133=291 X134=207 X135=106 X136=261 X137=124 X138=239 X139=292 X140=54 X141=35 X142=251 X143=311 X144=383 X145=115 X146=328 X147=129 X148=190 X149=68 X150=53 X151=162 X152=150 X153=204 X154=266 X155=114 X156=176 X157=179 X158=83 X159=87 X160=314 X161=316 X162=127 X163=37 X164=373 X165=205 X166=102 X167=120 X168=332 X169=104 X170=274 X171=249 X172=5 X173=123 X174=0 X175=31 X176=19 X177=338 X178=112 X179=362 X180=368 X181=111 X182=270 X183=322 X184=296 X185=159 X186=360 X187=363 X188=126 X189=384 X190=286 X191=280 X192=259 X193=297 X194=131 X195=277 X196=201 X197=344 X198=6 X199=372 X200=248 X201=186 X202=371 X203=153 X204=173 X205=340 X206=65 X207=154 X208=23 X209=394 X210=97 X211=121 X212=279 X213=174 X214=224 X215=327 X216=158 X217=10 X218=143 X219=1 X220=7 X221=227 X222=342 X223=40 X224=133 X225=324 X226=319 X227=161 X228=329 X229=305 X230=36 X231=395 X232=3 X233=347 X234=109 X235=66 X236=38 X237=130 X238=194 X239=223 

    solution X0=13 X1=74 X2=391 X3=41 X4=55 X5=315 X6=269 X7=392 X8=25 X9=71 X10=164 X11=214 X12=57 X13=268 X14=299 X15=137 X16=211 X17=339 X18=293 X19=103 X20=99 X21=113 X22=56 X23=93 X24=98 X25=108 X26=300 X27=101 X28=245 X29=30 X30=92 X31=198 X32=210 X33=325 X34=321 X35=141 X36=352 X37=271 X38=110 X39=234 X40=80 X41=260 X42=381 X43=308 X44=331 X45=20 X46=183 X47=241 X48=163 X49=51 X50=257 X51=32 X52=75 X53=43 X54=189 X55=90 X56=199 X57=212 X58=378 X59=105 X60=117 X61=370 X62=156 X63=149 X64=253 X65=116 X66=309 X67=73 X68=185 X69=365 X70=9 X71=364 X72=81 X73=85 X74=230 X75=387 X76=15 X77=42 X78=77 X79=196 X80=330 X81=79 X82=281 X83=169 X84=346 X85=351 X86=323 X87=219 X88=96 X89=302 X90=39 X91=165 X92=142 X93=317 X94=242 X95=382 X96=181 X97=385 X98=393 X99=188 X100=275 X101=377 X102=313 X103=215 X104=166 X105=193 X106=122 X107=221 X108=222 X109=357 X110=361 X111=26 X112=265 X113=2 X114=263 X115=107 X116=63 X117=290 X118=140 X119=200 X120=306 X121=240 X122=91 X123=84 X124=95 X125=61 X126=136 X127=132 X128=86 X129=135 X130=399 X131=49 X132=16 X133=291 X134=207 X135=106 X136=261 X137=124 X138=239 X139=292 X140=54 X141=35 X142=251 X143=311 X144=383 X145=115 X146=328 X147=129 X148=190 X149=68 X150=53 X151=162 X152=150 X153=204 X154=266 X155=114 X156=176 X157=179 X158=83 X159=87 X160=314 X161=316 X162=127 X163=37 X164=373 X165=205 X166=102 X167=120 X168=332 X169=104 X170=274 X171=249 X172=5 X173=123 X174=0 X175=31 X176=19 X177=338 X178=112 X179=362 X180=368 X181=111 X182=270 X183=322 X184=296 X185=159 X186=360 X187=363 X188=126 X189=384 X190=286 X191=280 X192=259 X193=297 X194=131 X195=277 X196=201 X197=344 X198=6 X199=372 X200=248 X201=186 X202=371 X203=153 X204=173 X205=340 X206=65 X207=154 X208=23 X209=394 X210=97 X211=121 X212=279 X213=174 X214=224 X215=327 X216=158 X217=10 X218=143 X219=1 X220=7 X221=227 X222=342 X223=40 X224=133 X225=324 X226=319 X227=161 X228=329 X229=305 X230=36 X231=395 X232=3 X233=347 X234=109 X235=66 X236=38 X237=130 X238=194 X239=223 

   
   search
        run=0  nbConstraintChecks=624  depth=(min:0,max:239,avg:1)  nbEffectivePropagations=7  nbRevisions=2805  nbUselessRevisions=2805
        nbAssignments=314  nbFailedAssignments=74  nbBacktracks=0  nbVisitedNodes=389  nbRestartNogoods=0  nbFoundSolutions=1
        upperBound=9223372036854775807
          =>  wckTime=10.143  cpuTime=10.775  mem=191M882

   
   global
        nbConstraintChecks=624  nbEffectivePropagations=7  nbRevisions=2805  nbUselessRevisions=2805  nbRestartNogoods=0  solvingWckTime=10.143
        expiredTime=no  totalExploration=no  nbFoundSolutions=1  firstSolutionCpuTime=10.769  Stop=REACHED_GOAL
          =>  wckTime=10.876  cpuTime=10.775  mem=191M882

s SATISFIABLE
v X0=13 X1=74 X2=391 X3=41 X4=55 X5=315 X6=269 X7=392 X8=25 X9=71 X10=164 X11=214 X12=57 X13=268 X14=299 X15=137 X16=211 X17=339 X18=293 X19=103 X20=99 X21=113 X22=56 X23=93 X24=98 X25=108 X26=300 X27=101 X28=245 X29=30 X30=92 X31=198 X32=210 X33=325 X34=321 X35=141 X36=352 X37=271 X38=110 X39=234 X40=80 X41=260 X42=381 X43=308 X44=331 X45=20 X46=183 X47=241 X48=163 X49=51 X50=257 X51=32 X52=75 X53=43 X54=189 X55=90 X56=199 X57=212 X58=378 X59=105 X60=117 X61=370 X62=156 X63=149 X64=253 X65=116 X66=309 X67=73 X68=185 X69=365 X70=9 X71=364 X72=81 X73=85 X74=230 X75=387 X76=15 X77=42 X78=77 X79=196 X80=330 X81=79 X82=281 X83=169 X84=346 X85=351 X86=323 X87=219 X88=96 X89=302 X90=39 X91=165 X92=142 X93=317 X94=242 X95=382 X96=181 X97=385 X98=393 X99=188 X100=275 X101=377 X102=313 X103=215 X104=166 X105=193 X106=122 X107=221 X108=222 X109=357 X110=361 X111=26 X112=265 X113=2 X114=263 X115=107 X116=63 X117=290 X118=140 X119=200 X120=306 X121=240 X122=91 X123=84 X124=95 X125=61 X126=136 X127=132 X128=86 X129=135 X130=399 X131=49 X132=16 X133=291 X134=207 X135=106 X136=261 X137=124 X138=239 X139=292 X140=54 X141=35 X142=251 X143=311 X144=383 X145=115 X146=328 X147=129 X148=190 X149=68 X150=53 X151=162 X152=150 X153=204 X154=266 X155=114 X156=176 X157=179 X158=83 X159=87 X160=314 X161=316 X162=127 X163=37 X164=373 X165=205 X166=102 X167=120 X168=332 X169=104 X170=274 X171=249 X172=5 X173=123 X174=0 X175=31 X176=19 X177=338 X178=112 X179=362 X180=368 X181=111 X182=270 X183=322 X184=296 X185=159 X186=360 X187=363 X188=126 X189=384 X190=286 X191=280 X192=259 X193=297 X194=131 X195=277 X196=201 X197=344 X198=6 X199=372 X200=248 X201=186 X202=371 X203=153 X204=173 X205=340 X206=65 X207=154 X208=23 X209=394 X210=97 X211=121 X212=279 X213=174 X214=224 X215=327 X216=158 X217=10 X218=143 X219=1 X220=7 X221=227 X222=342 X223=40 X224=133 X225=324 X226=319 X227=161 X228=329 X229=305 X230=36 X231=395 X232=3 X233=347 X234=109 X235=66 X236=38 X237=130 X238=194 X239=223 
d NODES 314

   totalWckTime=10.773  totalCpuTime=10.776
