
   AbsCon 1.41 (January, 2014) - defaultConfiguration

   
   instance
        framework=CSP  name=Isomorphism-/cluster/gpg/ciaran/sip-benchmarks/benchmarks/si6_bvg_b09m_400/si6_b09m_m400.01/pattern-/cluster/gpg/ciaran/sip-benchmarks/benchmarks/si6_bvg_b09m_400/si6_b09m_m400.01/target
        parameters=/cluster/gpg/ciaran/sip-benchmarks/benchmarks/si6_bvg_b09m_400/si6_b09m_m400.01/pattern,/cluster/gpg/ciaran/sip-benchmarks/benchmarks/si6_bvg_b09m_400/si6_b09m_m400.01/target
      

   loading variables...
        nbVariables=240  nbDomainTypes=1  nbTotalValues=96000  domainSizes=(400:240)
          =>  wckTime=0.376  cpuTime=0.397  mem=7M464

   loading objectives...

   loading constraints...
        nbConstraints=830  nbSpecificConstraints=1  nbExtensionStructures=(1,shared:828)  nbConflictsStructures=(1,shared:828,unbuilt:1)
        degrees=(3:4)(4:7)(5:23)...(18:1)(21:1)(27:1)  arities=(2:829)(240:1)  types=(AllDifferent:1)(ConstraintHardExtensionV-Bits:829)
          =>  wckTime=0.721  cpuTime=0.718  mem=19M110

   INFO : <!-- Start saving the XML representation -->

   INFO : <!-- Stop saving the XML representation of target.xml -->

   Solver SolverBacktrack being built... 
          =>  wckTime=1.137  cpuTime=1.062  mem=27M140

    instantiation X0=0 X1=12 X2=41 X3=49 X4=50 X5=56 X6=83 X7=149 X8=169 X9=171 X10=195 X11=256 X12=258 X13=291 X14=333 X15=339 X16=341 X17=367 X18=379 X19=380 X20=397 X21=70 X22=82 X23=103 X24=141 X25=181 X26=186 X27=223 X28=248 X29=250 X30=272 X31=295 X32=364 X33=391 X34=46 X35=98 X36=134 X37=163 X38=168 X39=226 X40=227 X41=255 X42=317 X43=4 X44=33 X45=35 X46=132 X47=157 X48=346 X49=360 X50=5 X51=9 X52=121 X53=176 X54=31 X55=114 X56=145 X57=191 X58=212 X59=217 X60=266 X61=327 X62=382 X63=395 X64=399 X65=47 X66=74 X67=89 X68=130 X69=167 X70=204 X71=322 X72=13 X73=23 X74=60 X75=142 X76=177 X77=183 X78=271 X79=18 X80=101 X81=180 X82=284 X83=332 X84=352 X85=208 X86=232 X87=290 X88=292 X89=300 X90=321 X91=87 X92=95 X93=237 X94=279 X95=57 X96=190 X97=116 X98=30 X99=58 X100=100 X101=257 X102=281 X103=313 X104=383 X105=16 X106=21 X107=29 X108=93 X109=150 X110=207 X111=264 X112=11 X113=55 X114=90 X115=137 X116=197 X117=340 X118=125 X119=213 X120=328 X121=355 X122=392 X123=14 X124=85 X125=92 X126=201 X127=214 X128=234 X129=348 X130=372 X131=1 X132=8 X133=165 X134=233 X135=69 X136=75 X137=308 X138=329 X139=384 X140=6 X141=24 X142=297 X143=104 X144=105 X145=174 X146=249 X147=369 X148=192 X149=84 X150=108 X151=199 X152=222 X153=67 X154=71 X155=310 X156=133 X157=205 X158=296 X159=331 X160=361 X161=64 X162=151 X163=351 X164=42 X165=225 X166=245 X167=277 X168=37 X169=270 X170=326 X171=66 X172=77 X173=349 X174=45 X175=123 X176=344 X177=377 X178=73 X179=97 X180=173 X181=315 X182=78 X183=146 X184=353 X185=115 X186=185 X187=162 X188=242 X189=263 X190=265 X191=312 X192=378 X193=385 X194=394 X195=40 X196=293 X197=311 X198=324 X199=189 X200=62 X201=79 X202=122 X203=138 X204=144 X205=156 X206=200 X207=202 X208=215 X209=228 X210=229 X211=236 X212=278 X213=294 X214=309 X215=319 X216=330 X217=22 X218=243 X219=251 X220=396 X221=2 X222=99 X223=198 X224=216 X225=334 X226=393 X227=17 X228=34 X229=36 X230=154 X231=289 X232=51 X233=26 X234=65 X235=107 X236=179 X237=196 X238=203 X239=241 

    solution X0=0 X1=12 X2=41 X3=49 X4=50 X5=56 X6=83 X7=149 X8=169 X9=171 X10=195 X11=256 X12=258 X13=291 X14=333 X15=339 X16=341 X17=367 X18=379 X19=380 X20=397 X21=70 X22=82 X23=103 X24=141 X25=181 X26=186 X27=223 X28=248 X29=250 X30=272 X31=295 X32=364 X33=391 X34=46 X35=98 X36=134 X37=163 X38=168 X39=226 X40=227 X41=255 X42=317 X43=4 X44=33 X45=35 X46=132 X47=157 X48=346 X49=360 X50=5 X51=9 X52=121 X53=176 X54=31 X55=114 X56=145 X57=191 X58=212 X59=217 X60=266 X61=327 X62=382 X63=395 X64=399 X65=47 X66=74 X67=89 X68=130 X69=167 X70=204 X71=322 X72=13 X73=23 X74=60 X75=142 X76=177 X77=183 X78=271 X79=18 X80=101 X81=180 X82=284 X83=332 X84=352 X85=208 X86=232 X87=290 X88=292 X89=300 X90=321 X91=87 X92=95 X93=237 X94=279 X95=57 X96=190 X97=116 X98=30 X99=58 X100=100 X101=257 X102=281 X103=313 X104=383 X105=16 X106=21 X107=29 X108=93 X109=150 X110=207 X111=264 X112=11 X113=55 X114=90 X115=137 X116=197 X117=340 X118=125 X119=213 X120=328 X121=355 X122=392 X123=14 X124=85 X125=92 X126=201 X127=214 X128=234 X129=348 X130=372 X131=1 X132=8 X133=165 X134=233 X135=69 X136=75 X137=308 X138=329 X139=384 X140=6 X141=24 X142=297 X143=104 X144=105 X145=174 X146=249 X147=369 X148=192 X149=84 X150=108 X151=199 X152=222 X153=67 X154=71 X155=310 X156=133 X157=205 X158=296 X159=331 X160=361 X161=64 X162=151 X163=351 X164=42 X165=225 X166=245 X167=277 X168=37 X169=270 X170=326 X171=66 X172=77 X173=349 X174=45 X175=123 X176=344 X177=377 X178=73 X179=97 X180=173 X181=315 X182=78 X183=146 X184=353 X185=115 X186=185 X187=162 X188=242 X189=263 X190=265 X191=312 X192=378 X193=385 X194=394 X195=40 X196=293 X197=311 X198=324 X199=189 X200=62 X201=79 X202=122 X203=138 X204=144 X205=156 X206=200 X207=202 X208=215 X209=228 X210=229 X211=236 X212=278 X213=294 X214=309 X215=319 X216=330 X217=22 X218=243 X219=251 X220=396 X221=2 X222=99 X223=198 X224=216 X225=334 X226=393 X227=17 X228=34 X229=36 X230=154 X231=289 X232=51 X233=26 X234=65 X235=107 X236=179 X237=196 X238=203 X239=241 

   
   search
        run=0  nbConstraintChecks=830  depth=(min:0,max:239,avg:1)  nbEffectivePropagations=2  nbRevisions=2435  nbUselessRevisions=2435
        nbAssignments=244  nbFailedAssignments=4  nbBacktracks=0  nbVisitedNodes=249  nbRestartNogoods=0  nbFoundSolutions=1
        upperBound=9223372036854775807
          =>  wckTime=9.988  cpuTime=10.883  mem=167M586

   
   global
        nbConstraintChecks=830  nbEffectivePropagations=2  nbRevisions=2435  nbUselessRevisions=2435  nbRestartNogoods=0  solvingWckTime=9.989
        expiredTime=no  totalExploration=no  nbFoundSolutions=1  firstSolutionCpuTime=10.863  Stop=REACHED_GOAL
          =>  wckTime=11.127  cpuTime=10.884  mem=167M586

s SATISFIABLE
v X0=0 X1=12 X2=41 X3=49 X4=50 X5=56 X6=83 X7=149 X8=169 X9=171 X10=195 X11=256 X12=258 X13=291 X14=333 X15=339 X16=341 X17=367 X18=379 X19=380 X20=397 X21=70 X22=82 X23=103 X24=141 X25=181 X26=186 X27=223 X28=248 X29=250 X30=272 X31=295 X32=364 X33=391 X34=46 X35=98 X36=134 X37=163 X38=168 X39=226 X40=227 X41=255 X42=317 X43=4 X44=33 X45=35 X46=132 X47=157 X48=346 X49=360 X50=5 X51=9 X52=121 X53=176 X54=31 X55=114 X56=145 X57=191 X58=212 X59=217 X60=266 X61=327 X62=382 X63=395 X64=399 X65=47 X66=74 X67=89 X68=130 X69=167 X70=204 X71=322 X72=13 X73=23 X74=60 X75=142 X76=177 X77=183 X78=271 X79=18 X80=101 X81=180 X82=284 X83=332 X84=352 X85=208 X86=232 X87=290 X88=292 X89=300 X90=321 X91=87 X92=95 X93=237 X94=279 X95=57 X96=190 X97=116 X98=30 X99=58 X100=100 X101=257 X102=281 X103=313 X104=383 X105=16 X106=21 X107=29 X108=93 X109=150 X110=207 X111=264 X112=11 X113=55 X114=90 X115=137 X116=197 X117=340 X118=125 X119=213 X120=328 X121=355 X122=392 X123=14 X124=85 X125=92 X126=201 X127=214 X128=234 X129=348 X130=372 X131=1 X132=8 X133=165 X134=233 X135=69 X136=75 X137=308 X138=329 X139=384 X140=6 X141=24 X142=297 X143=104 X144=105 X145=174 X146=249 X147=369 X148=192 X149=84 X150=108 X151=199 X152=222 X153=67 X154=71 X155=310 X156=133 X157=205 X158=296 X159=331 X160=361 X161=64 X162=151 X163=351 X164=42 X165=225 X166=245 X167=277 X168=37 X169=270 X170=326 X171=66 X172=77 X173=349 X174=45 X175=123 X176=344 X177=377 X178=73 X179=97 X180=173 X181=315 X182=78 X183=146 X184=353 X185=115 X186=185 X187=162 X188=242 X189=263 X190=265 X191=312 X192=378 X193=385 X194=394 X195=40 X196=293 X197=311 X198=324 X199=189 X200=62 X201=79 X202=122 X203=138 X204=144 X205=156 X206=200 X207=202 X208=215 X209=228 X210=229 X211=236 X212=278 X213=294 X214=309 X215=319 X216=330 X217=22 X218=243 X219=251 X220=396 X221=2 X222=99 X223=198 X224=216 X225=334 X226=393 X227=17 X228=34 X229=36 X230=154 X231=289 X232=51 X233=26 X234=65 X235=107 X236=179 X237=196 X238=203 X239=241 
d NODES 244

   totalWckTime=10.936  totalCpuTime=10.885
