
   AbsCon 1.41 (January, 2014) - defaultConfiguration

   
   instance
        framework=CSP  name=Isomorphism-/cluster/gpg/ciaran/sip-benchmarks/benchmarks/si6_bvg_b03m_400/si6_b03m_m400.09/pattern-/cluster/gpg/ciaran/sip-benchmarks/benchmarks/si6_bvg_b03m_400/si6_b03m_m400.09/target
        parameters=/cluster/gpg/ciaran/sip-benchmarks/benchmarks/si6_bvg_b03m_400/si6_b03m_m400.09/pattern,/cluster/gpg/ciaran/sip-benchmarks/benchmarks/si6_bvg_b03m_400/si6_b03m_m400.09/target
      

   loading variables...
        nbVariables=240  nbDomainTypes=1  nbTotalValues=96000  domainSizes=(400:240)
          =>  wckTime=0.198  cpuTime=0.314  mem=7M389

   loading objectives...

   loading constraints...
        nbConstraints=320  nbSpecificConstraints=1  nbExtensionStructures=(1,shared:318)  nbConflictsStructures=(1,shared:318,unbuilt:1)
        degrees=(2:56)(3:68)(4:95)...(14:1)(15:1)(16:1)  arities=(2:319)(240:1)  types=(AllDifferent:1)(ConstraintHardExtensionV-Bits:319)
          =>  wckTime=0.311  cpuTime=0.418  mem=10M267

   INFO : <!-- Start saving the XML representation -->

   INFO : <!-- Stop saving the XML representation of target.xml -->

   Solver SolverBacktrack being built... 
          =>  wckTime=0.557  cpuTime=0.635  mem=27M849

    instantiation X0=0 X1=7 X2=11 X3=115 X4=116 X5=143 X6=145 X7=173 X8=174 X9=199 X10=248 X11=264 X12=289 X13=308 X14=309 X15=1 X16=37 X17=154 X18=165 X19=167 X20=195 X21=210 X22=269 X23=272 X24=278 X25=381 X26=4 X27=43 X28=108 X29=307 X30=328 X31=393 X32=333 X33=230 X34=327 X35=96 X36=242 X37=316 X38=326 X39=159 X40=72 X41=131 X42=336 X43=313 X44=102 X45=329 X46=2 X47=3 X48=38 X49=41 X50=29 X51=111 X52=130 X53=152 X54=157 X55=233 X56=253 X57=256 X58=323 X59=357 X60=14 X61=225 X62=226 X63=302 X64=112 X65=169 X66=363 X67=5 X68=71 X69=12 X70=304 X71=320 X72=362 X73=10 X74=31 X75=110 X76=138 X77=203 X78=305 X79=66 X80=250 X81=171 X82=389 X83=168 X84=386 X85=290 X86=176 X87=361 X88=103 X89=332 X90=95 X91=292 X92=240 X93=35 X94=364 X95=22 X96=119 X97=164 X98=229 X99=149 X100=206 X101=262 X102=19 X103=36 X104=221 X105=383 X106=26 X107=44 X108=51 X109=97 X110=107 X111=136 X112=275 X113=343 X114=369 X115=388 X116=16 X117=52 X118=59 X119=109 X120=128 X121=177 X122=192 X123=204 X124=246 X125=267 X126=288 X127=337 X128=344 X129=21 X130=30 X131=140 X132=196 X133=358 X134=6 X135=186 X136=310 X137=349 X138=49 X139=367 X140=53 X141=106 X142=205 X143=8 X144=285 X145=134 X146=151 X147=356 X148=56 X149=314 X150=311 X151=397 X152=148 X153=223 X154=295 X155=13 X156=257 X157=34 X158=64 X159=243 X160=340 X161=378 X162=187 X163=28 X164=104 X165=338 X166=232 X167=399 X168=82 X169=135 X170=79 X171=339 X172=194 X173=366 X174=161 X175=263 X176=301 X177=228 X178=98 X179=141 X180=234 X181=376 X182=175 X183=254 X184=75 X185=216 X186=220 X187=114 X188=129 X189=270 X190=351 X191=181 X192=231 X193=348 X194=63 X195=133 X196=354 X197=127 X198=299 X199=190 X200=207 X201=296 X202=312 X203=211 X204=261 X205=172 X206=67 X207=347 X208=86 X209=185 X210=385 X211=33 X212=255 X213=170 X214=382 X215=345 X216=123 X217=198 X218=84 X219=124 X220=396 X221=105 X222=318 X223=266 X224=58 X225=315 X226=74 X227=189 X228=89 X229=222 X230=55 X231=182 X232=291 X233=350 X234=155 X235=45 X236=287 X237=374 X238=379 X239=377 

    solution X0=0 X1=7 X2=11 X3=115 X4=116 X5=143 X6=145 X7=173 X8=174 X9=199 X10=248 X11=264 X12=289 X13=308 X14=309 X15=1 X16=37 X17=154 X18=165 X19=167 X20=195 X21=210 X22=269 X23=272 X24=278 X25=381 X26=4 X27=43 X28=108 X29=307 X30=328 X31=393 X32=333 X33=230 X34=327 X35=96 X36=242 X37=316 X38=326 X39=159 X40=72 X41=131 X42=336 X43=313 X44=102 X45=329 X46=2 X47=3 X48=38 X49=41 X50=29 X51=111 X52=130 X53=152 X54=157 X55=233 X56=253 X57=256 X58=323 X59=357 X60=14 X61=225 X62=226 X63=302 X64=112 X65=169 X66=363 X67=5 X68=71 X69=12 X70=304 X71=320 X72=362 X73=10 X74=31 X75=110 X76=138 X77=203 X78=305 X79=66 X80=250 X81=171 X82=389 X83=168 X84=386 X85=290 X86=176 X87=361 X88=103 X89=332 X90=95 X91=292 X92=240 X93=35 X94=364 X95=22 X96=119 X97=164 X98=229 X99=149 X100=206 X101=262 X102=19 X103=36 X104=221 X105=383 X106=26 X107=44 X108=51 X109=97 X110=107 X111=136 X112=275 X113=343 X114=369 X115=388 X116=16 X117=52 X118=59 X119=109 X120=128 X121=177 X122=192 X123=204 X124=246 X125=267 X126=288 X127=337 X128=344 X129=21 X130=30 X131=140 X132=196 X133=358 X134=6 X135=186 X136=310 X137=349 X138=49 X139=367 X140=53 X141=106 X142=205 X143=8 X144=285 X145=134 X146=151 X147=356 X148=56 X149=314 X150=311 X151=397 X152=148 X153=223 X154=295 X155=13 X156=257 X157=34 X158=64 X159=243 X160=340 X161=378 X162=187 X163=28 X164=104 X165=338 X166=232 X167=399 X168=82 X169=135 X170=79 X171=339 X172=194 X173=366 X174=161 X175=263 X176=301 X177=228 X178=98 X179=141 X180=234 X181=376 X182=175 X183=254 X184=75 X185=216 X186=220 X187=114 X188=129 X189=270 X190=351 X191=181 X192=231 X193=348 X194=63 X195=133 X196=354 X197=127 X198=299 X199=190 X200=207 X201=296 X202=312 X203=211 X204=261 X205=172 X206=67 X207=347 X208=86 X209=185 X210=385 X211=33 X212=255 X213=170 X214=382 X215=345 X216=123 X217=198 X218=84 X219=124 X220=396 X221=105 X222=318 X223=266 X224=58 X225=315 X226=74 X227=189 X228=89 X229=222 X230=55 X231=182 X232=291 X233=350 X234=155 X235=45 X236=287 X237=374 X238=379 X239=377 

   
   search
        run=0  nbConstraintChecks=320  depth=(min:0,max:239,avg:1)  nbEffectivePropagations=169  nbRevisions=1009  nbUselessRevisions=1009
        nbAssignments=243  nbFailedAssignments=3  nbBacktracks=0  nbVisitedNodes=247  nbRestartNogoods=0  nbFoundSolutions=1
        upperBound=9223372036854775807
          =>  wckTime=5.203  cpuTime=5.715  mem=224M393

   
   global
        nbConstraintChecks=320  nbEffectivePropagations=169  nbRevisions=1009  nbUselessRevisions=1009  nbRestartNogoods=0  solvingWckTime=5.203
        expiredTime=no  totalExploration=no  nbFoundSolutions=1  firstSolutionCpuTime=5.705  Stop=REACHED_GOAL
          =>  wckTime=5.76  cpuTime=5.715  mem=224M393

s SATISFIABLE
v X0=0 X1=7 X2=11 X3=115 X4=116 X5=143 X6=145 X7=173 X8=174 X9=199 X10=248 X11=264 X12=289 X13=308 X14=309 X15=1 X16=37 X17=154 X18=165 X19=167 X20=195 X21=210 X22=269 X23=272 X24=278 X25=381 X26=4 X27=43 X28=108 X29=307 X30=328 X31=393 X32=333 X33=230 X34=327 X35=96 X36=242 X37=316 X38=326 X39=159 X40=72 X41=131 X42=336 X43=313 X44=102 X45=329 X46=2 X47=3 X48=38 X49=41 X50=29 X51=111 X52=130 X53=152 X54=157 X55=233 X56=253 X57=256 X58=323 X59=357 X60=14 X61=225 X62=226 X63=302 X64=112 X65=169 X66=363 X67=5 X68=71 X69=12 X70=304 X71=320 X72=362 X73=10 X74=31 X75=110 X76=138 X77=203 X78=305 X79=66 X80=250 X81=171 X82=389 X83=168 X84=386 X85=290 X86=176 X87=361 X88=103 X89=332 X90=95 X91=292 X92=240 X93=35 X94=364 X95=22 X96=119 X97=164 X98=229 X99=149 X100=206 X101=262 X102=19 X103=36 X104=221 X105=383 X106=26 X107=44 X108=51 X109=97 X110=107 X111=136 X112=275 X113=343 X114=369 X115=388 X116=16 X117=52 X118=59 X119=109 X120=128 X121=177 X122=192 X123=204 X124=246 X125=267 X126=288 X127=337 X128=344 X129=21 X130=30 X131=140 X132=196 X133=358 X134=6 X135=186 X136=310 X137=349 X138=49 X139=367 X140=53 X141=106 X142=205 X143=8 X144=285 X145=134 X146=151 X147=356 X148=56 X149=314 X150=311 X151=397 X152=148 X153=223 X154=295 X155=13 X156=257 X157=34 X158=64 X159=243 X160=340 X161=378 X162=187 X163=28 X164=104 X165=338 X166=232 X167=399 X168=82 X169=135 X170=79 X171=339 X172=194 X173=366 X174=161 X175=263 X176=301 X177=228 X178=98 X179=141 X180=234 X181=376 X182=175 X183=254 X184=75 X185=216 X186=220 X187=114 X188=129 X189=270 X190=351 X191=181 X192=231 X193=348 X194=63 X195=133 X196=354 X197=127 X198=299 X199=190 X200=207 X201=296 X202=312 X203=211 X204=261 X205=172 X206=67 X207=347 X208=86 X209=185 X210=385 X211=33 X212=255 X213=170 X214=382 X215=345 X216=123 X217=198 X218=84 X219=124 X220=396 X221=105 X222=318 X223=266 X224=58 X225=315 X226=74 X227=189 X228=89 X229=222 X230=55 X231=182 X232=291 X233=350 X234=155 X235=45 X236=287 X237=374 X238=379 X239=377 
d NODES 243

   totalWckTime=5.663  totalCpuTime=5.716
