
   AbsCon 1.41 (January, 2014) - defaultConfiguration

   
   instance
        framework=CSP  name=Isomorphism-/cluster/gpg/ciaran/sip-benchmarks/benchmarks/si6_rand_r001_200/si6_r001_m200.08/pattern-/cluster/gpg/ciaran/sip-benchmarks/benchmarks/si6_rand_r001_200/si6_r001_m200.08/target
        parameters=/cluster/gpg/ciaran/sip-benchmarks/benchmarks/si6_rand_r001_200/si6_r001_m200.08/pattern,/cluster/gpg/ciaran/sip-benchmarks/benchmarks/si6_rand_r001_200/si6_r001_m200.08/target
      

   loading variables...
        nbVariables=120  nbDomainTypes=1  nbTotalValues=24000  domainSizes=(200:120)
          =>  wckTime=0.232  cpuTime=0.343  mem=10M116

   loading objectives...

   loading constraints...
        nbConstraints=200  nbSpecificConstraints=1  nbExtensionStructures=(1,shared:198)  nbConflictsStructures=(1,shared:198,unbuilt:1)
        degrees=(2:20)(3:25)(4:25)...(8:2)(10:2)(11:1)  arities=(2:199)(120:1)  types=(AllDifferent:1)(ConstraintHardExtensionV-Bits:199)
          =>  wckTime=0.316  cpuTime=0.422  mem=8M792

   INFO : <!-- Start saving the XML representation -->

   INFO : <!-- Stop saving the XML representation of target.xml -->

   Solver SolverBacktrack being built... 
          =>  wckTime=0.537  cpuTime=0.61  mem=14M999

    instantiation X0=70 X1=71 X2=15 X3=34 X4=164 X5=6 X6=188 X7=68 X8=147 X9=80 X10=166 X11=32 X12=37 X13=182 X14=99 X15=104 X16=53 X17=160 X18=29 X19=186 X20=103 X21=55 X22=190 X23=163 X24=157 X25=13 X26=171 X27=64 X28=189 X29=16 X30=5 X31=12 X32=44 X33=106 X34=91 X35=120 X36=135 X37=102 X38=183 X39=4 X40=7 X41=100 X42=52 X43=150 X44=40 X45=167 X46=130 X47=161 X48=121 X49=194 X50=51 X51=50 X52=133 X53=57 X54=141 X55=173 X56=95 X57=66 X58=181 X59=8 X60=25 X61=178 X62=61 X63=123 X64=59 X65=96 X66=60 X67=155 X68=159 X69=74 X70=109 X71=36 X72=38 X73=175 X74=39 X75=11 X76=63 X77=187 X78=145 X79=114 X80=84 X81=108 X82=65 X83=134 X84=10 X85=89 X86=198 X87=126 X88=168 X89=131 X90=43 X91=31 X92=9 X93=140 X94=83 X95=149 X96=1 X97=113 X98=82 X99=146 X100=27 X101=85 X102=48 X103=184 X104=127 X105=86 X106=62 X107=196 X108=144 X109=132 X110=176 X111=105 X112=125 X113=136 X114=18 X115=26 X116=76 X117=148 X118=170 X119=69 

    solution X0=70 X1=71 X2=15 X3=34 X4=164 X5=6 X6=188 X7=68 X8=147 X9=80 X10=166 X11=32 X12=37 X13=182 X14=99 X15=104 X16=53 X17=160 X18=29 X19=186 X20=103 X21=55 X22=190 X23=163 X24=157 X25=13 X26=171 X27=64 X28=189 X29=16 X30=5 X31=12 X32=44 X33=106 X34=91 X35=120 X36=135 X37=102 X38=183 X39=4 X40=7 X41=100 X42=52 X43=150 X44=40 X45=167 X46=130 X47=161 X48=121 X49=194 X50=51 X51=50 X52=133 X53=57 X54=141 X55=173 X56=95 X57=66 X58=181 X59=8 X60=25 X61=178 X62=61 X63=123 X64=59 X65=96 X66=60 X67=155 X68=159 X69=74 X70=109 X71=36 X72=38 X73=175 X74=39 X75=11 X76=63 X77=187 X78=145 X79=114 X80=84 X81=108 X82=65 X83=134 X84=10 X85=89 X86=198 X87=126 X88=168 X89=131 X90=43 X91=31 X92=9 X93=140 X94=83 X95=149 X96=1 X97=113 X98=82 X99=146 X100=27 X101=85 X102=48 X103=184 X104=127 X105=86 X106=62 X107=196 X108=144 X109=132 X110=176 X111=105 X112=125 X113=136 X114=18 X115=26 X116=76 X117=148 X118=170 X119=69 

   
   search
        run=0  nbConstraintChecks=200  depth=(min:0,max:119,avg:1)  nbEffectivePropagations=716  nbRevisions=4898  nbUselessRevisions=4218
        nbAssignments=277  nbFailedAssignments=157  nbBacktracks=0  nbVisitedNodes=435  nbRestartNogoods=0  nbFoundSolutions=1
        upperBound=9223372036854775807
          =>  wckTime=1.543  cpuTime=2.117  mem=39M608

   
   global
        nbConstraintChecks=200  nbEffectivePropagations=716  nbRevisions=4898  nbUselessRevisions=4218  nbRestartNogoods=0  solvingWckTime=1.543
        expiredTime=no  totalExploration=no  nbFoundSolutions=1  firstSolutionCpuTime=2.114  Stop=REACHED_GOAL
          =>  wckTime=2.08  cpuTime=2.117  mem=39M608

s SATISFIABLE
v X0=70 X1=71 X2=15 X3=34 X4=164 X5=6 X6=188 X7=68 X8=147 X9=80 X10=166 X11=32 X12=37 X13=182 X14=99 X15=104 X16=53 X17=160 X18=29 X19=186 X20=103 X21=55 X22=190 X23=163 X24=157 X25=13 X26=171 X27=64 X28=189 X29=16 X30=5 X31=12 X32=44 X33=106 X34=91 X35=120 X36=135 X37=102 X38=183 X39=4 X40=7 X41=100 X42=52 X43=150 X44=40 X45=167 X46=130 X47=161 X48=121 X49=194 X50=51 X51=50 X52=133 X53=57 X54=141 X55=173 X56=95 X57=66 X58=181 X59=8 X60=25 X61=178 X62=61 X63=123 X64=59 X65=96 X66=60 X67=155 X68=159 X69=74 X70=109 X71=36 X72=38 X73=175 X74=39 X75=11 X76=63 X77=187 X78=145 X79=114 X80=84 X81=108 X82=65 X83=134 X84=10 X85=89 X86=198 X87=126 X88=168 X89=131 X90=43 X91=31 X92=9 X93=140 X94=83 X95=149 X96=1 X97=113 X98=82 X99=146 X100=27 X101=85 X102=48 X103=184 X104=127 X105=86 X106=62 X107=196 X108=144 X109=132 X110=176 X111=105 X112=125 X113=136 X114=18 X115=26 X116=76 X117=148 X118=170 X119=69 
d NODES 277

   totalWckTime=1.949  totalCpuTime=2.118
