
   AbsCon 1.41 (January, 2014) - defaultConfiguration

   
   instance
        framework=CSP  name=Isomorphism-/cluster/gpg/ciaran/sip-benchmarks/benchmarks/si6_rand_r005_400/si6_r005_m400.09/pattern-/cluster/gpg/ciaran/sip-benchmarks/benchmarks/si6_rand_r005_400/si6_r005_m400.09/target
        parameters=/cluster/gpg/ciaran/sip-benchmarks/benchmarks/si6_rand_r005_400/si6_r005_m400.09/pattern,/cluster/gpg/ciaran/sip-benchmarks/benchmarks/si6_rand_r005_400/si6_r005_m400.09/target
      

   loading variables...
        nbVariables=240  nbDomainTypes=1  nbTotalValues=96000  domainSizes=(400:240)
          =>  wckTime=0.223  cpuTime=0.318  mem=8M696

   loading objectives...

   loading constraints...
        nbConstraints=2839  nbSpecificConstraints=1  nbExtensionStructures=(1,shared:2837)  nbConflictsStructures=(1,shared:2837,unbuilt:1)
        degrees=(14:3)(15:2)(16:7)...(36:1)(38:1)(40:1)  arities=(2:2838)(240:1)  types=(AllDifferent:1)(ConstraintHardExtensionV-Bits:2838)
          =>  wckTime=1.202  cpuTime=1.242  mem=158M703

   INFO : <!-- Start saving the XML representation -->

   INFO : <!-- Stop saving the XML representation of target.xml -->

   Solver SolverBacktrack being built... 
          =>  wckTime=1.55  cpuTime=1.546  mem=50M655

    instantiation X0=83 X1=132 X2=70 X3=350 X4=11 X5=244 X6=141 X7=198 X8=394 X9=114 X10=39 X11=225 X12=371 X13=206 X14=60 X15=216 X16=64 X17=210 X18=356 X19=38 X20=33 X21=162 X22=167 X23=273 X24=35 X25=349 X26=223 X27=331 X28=323 X29=66 X30=236 X31=158 X32=388 X33=150 X34=95 X35=155 X36=101 X37=12 X38=43 X39=219 X40=157 X41=230 X42=348 X43=17 X44=237 X45=204 X46=59 X47=224 X48=390 X49=199 X50=108 X51=398 X52=23 X53=182 X54=227 X55=375 X56=153 X57=209 X58=4 X59=239 X60=276 X61=284 X62=74 X63=139 X64=373 X65=251 X66=309 X67=207 X68=200 X69=315 X70=110 X71=14 X72=171 X73=92 X74=241 X75=382 X76=317 X77=120 X78=105 X79=250 X80=107 X81=258 X82=62 X83=303 X84=22 X85=37 X86=32 X87=396 X88=296 X89=266 X90=142 X91=117 X92=51 X93=344 X94=90 X95=9 X96=166 X97=47 X98=19 X99=152 X100=112 X101=151 X102=270 X103=130 X104=338 X105=386 X106=77 X107=42 X108=133 X109=96 X110=300 X111=226 X112=56 X113=214 X114=131 X115=243 X116=21 X117=293 X118=259 X119=137 X120=68 X121=286 X122=381 X123=122 X124=355 X125=246 X126=380 X127=238 X128=292 X129=335 X130=325 X131=268 X132=161 X133=294 X134=180 X135=248 X136=103 X137=41 X138=176 X139=28 X140=345 X141=73 X142=125 X143=98 X144=339 X145=44 X146=228 X147=310 X148=328 X149=359 X150=118 X151=97 X152=383 X153=233 X154=295 X155=52 X156=392 X157=165 X158=194 X159=189 X160=264 X161=172 X162=31 X163=306 X164=278 X165=178 X166=301 X167=235 X168=232 X169=252 X170=290 X171=26 X172=57 X173=240 X174=352 X175=367 X176=127 X177=147 X178=100 X179=193 X180=93 X181=197 X182=123 X183=378 X184=175 X185=211 X186=91 X187=138 X188=341 X189=387 X190=25 X191=254 X192=213 X193=347 X194=128 X195=217 X196=121 X197=149 X198=340 X199=322 X200=29 X201=124 X202=304 X203=261 X204=384 X205=280 X206=61 X207=379 X208=181 X209=337 X210=8 X211=63 X212=307 X213=173 X214=247 X215=7 X216=357 X217=364 X218=332 X219=177 X220=297 X221=333 X222=20 X223=174 X224=256 X225=65 X226=291 X227=366 X228=308 X229=0 X230=89 X231=111 X232=168 X233=27 X234=201 X235=156 X236=163 X237=274 X238=372 X239=169 

    solution X0=83 X1=132 X2=70 X3=350 X4=11 X5=244 X6=141 X7=198 X8=394 X9=114 X10=39 X11=225 X12=371 X13=206 X14=60 X15=216 X16=64 X17=210 X18=356 X19=38 X20=33 X21=162 X22=167 X23=273 X24=35 X25=349 X26=223 X27=331 X28=323 X29=66 X30=236 X31=158 X32=388 X33=150 X34=95 X35=155 X36=101 X37=12 X38=43 X39=219 X40=157 X41=230 X42=348 X43=17 X44=237 X45=204 X46=59 X47=224 X48=390 X49=199 X50=108 X51=398 X52=23 X53=182 X54=227 X55=375 X56=153 X57=209 X58=4 X59=239 X60=276 X61=284 X62=74 X63=139 X64=373 X65=251 X66=309 X67=207 X68=200 X69=315 X70=110 X71=14 X72=171 X73=92 X74=241 X75=382 X76=317 X77=120 X78=105 X79=250 X80=107 X81=258 X82=62 X83=303 X84=22 X85=37 X86=32 X87=396 X88=296 X89=266 X90=142 X91=117 X92=51 X93=344 X94=90 X95=9 X96=166 X97=47 X98=19 X99=152 X100=112 X101=151 X102=270 X103=130 X104=338 X105=386 X106=77 X107=42 X108=133 X109=96 X110=300 X111=226 X112=56 X113=214 X114=131 X115=243 X116=21 X117=293 X118=259 X119=137 X120=68 X121=286 X122=381 X123=122 X124=355 X125=246 X126=380 X127=238 X128=292 X129=335 X130=325 X131=268 X132=161 X133=294 X134=180 X135=248 X136=103 X137=41 X138=176 X139=28 X140=345 X141=73 X142=125 X143=98 X144=339 X145=44 X146=228 X147=310 X148=328 X149=359 X150=118 X151=97 X152=383 X153=233 X154=295 X155=52 X156=392 X157=165 X158=194 X159=189 X160=264 X161=172 X162=31 X163=306 X164=278 X165=178 X166=301 X167=235 X168=232 X169=252 X170=290 X171=26 X172=57 X173=240 X174=352 X175=367 X176=127 X177=147 X178=100 X179=193 X180=93 X181=197 X182=123 X183=378 X184=175 X185=211 X186=91 X187=138 X188=341 X189=387 X190=25 X191=254 X192=213 X193=347 X194=128 X195=217 X196=121 X197=149 X198=340 X199=322 X200=29 X201=124 X202=304 X203=261 X204=384 X205=280 X206=61 X207=379 X208=181 X209=337 X210=8 X211=63 X212=307 X213=173 X214=247 X215=7 X216=357 X217=364 X218=332 X219=177 X220=297 X221=333 X222=20 X223=174 X224=256 X225=65 X226=291 X227=366 X228=308 X229=0 X230=89 X231=111 X232=168 X233=27 X234=201 X235=156 X236=163 X237=274 X238=372 X239=169 

   
   search
        run=0  nbConstraintChecks=2839  depth=(min:0,max:239,avg:1)  nbEffectivePropagations=842  nbRevisions=26859  nbUselessRevisions=26217
        nbAssignments=262  nbFailedAssignments=22  nbBacktracks=0  nbVisitedNodes=285  nbRestartNogoods=0  nbFoundSolutions=1
        upperBound=9223372036854775807
          =>  wckTime=23.384  cpuTime=24.84  mem=324M745

   
   global
        nbConstraintChecks=2839  nbEffectivePropagations=842  nbRevisions=26859  nbUselessRevisions=26217  nbRestartNogoods=0
        solvingWckTime=23.385  expiredTime=no  totalExploration=no  nbFoundSolutions=1  firstSolutionCpuTime=24.832  Stop=REACHED_GOAL
          =>  wckTime=24.936  cpuTime=24.84  mem=324M745

s SATISFIABLE
v X0=83 X1=132 X2=70 X3=350 X4=11 X5=244 X6=141 X7=198 X8=394 X9=114 X10=39 X11=225 X12=371 X13=206 X14=60 X15=216 X16=64 X17=210 X18=356 X19=38 X20=33 X21=162 X22=167 X23=273 X24=35 X25=349 X26=223 X27=331 X28=323 X29=66 X30=236 X31=158 X32=388 X33=150 X34=95 X35=155 X36=101 X37=12 X38=43 X39=219 X40=157 X41=230 X42=348 X43=17 X44=237 X45=204 X46=59 X47=224 X48=390 X49=199 X50=108 X51=398 X52=23 X53=182 X54=227 X55=375 X56=153 X57=209 X58=4 X59=239 X60=276 X61=284 X62=74 X63=139 X64=373 X65=251 X66=309 X67=207 X68=200 X69=315 X70=110 X71=14 X72=171 X73=92 X74=241 X75=382 X76=317 X77=120 X78=105 X79=250 X80=107 X81=258 X82=62 X83=303 X84=22 X85=37 X86=32 X87=396 X88=296 X89=266 X90=142 X91=117 X92=51 X93=344 X94=90 X95=9 X96=166 X97=47 X98=19 X99=152 X100=112 X101=151 X102=270 X103=130 X104=338 X105=386 X106=77 X107=42 X108=133 X109=96 X110=300 X111=226 X112=56 X113=214 X114=131 X115=243 X116=21 X117=293 X118=259 X119=137 X120=68 X121=286 X122=381 X123=122 X124=355 X125=246 X126=380 X127=238 X128=292 X129=335 X130=325 X131=268 X132=161 X133=294 X134=180 X135=248 X136=103 X137=41 X138=176 X139=28 X140=345 X141=73 X142=125 X143=98 X144=339 X145=44 X146=228 X147=310 X148=328 X149=359 X150=118 X151=97 X152=383 X153=233 X154=295 X155=52 X156=392 X157=165 X158=194 X159=189 X160=264 X161=172 X162=31 X163=306 X164=278 X165=178 X166=301 X167=235 X168=232 X169=252 X170=290 X171=26 X172=57 X173=240 X174=352 X175=367 X176=127 X177=147 X178=100 X179=193 X180=93 X181=197 X182=123 X183=378 X184=175 X185=211 X186=91 X187=138 X188=341 X189=387 X190=25 X191=254 X192=213 X193=347 X194=128 X195=217 X196=121 X197=149 X198=340 X199=322 X200=29 X201=124 X202=304 X203=261 X204=384 X205=280 X206=61 X207=379 X208=181 X209=337 X210=8 X211=63 X212=307 X213=173 X214=247 X215=7 X216=357 X217=364 X218=332 X219=177 X220=297 X221=333 X222=20 X223=174 X224=256 X225=65 X226=291 X227=366 X228=308 X229=0 X230=89 X231=111 X232=168 X233=27 X234=201 X235=156 X236=163 X237=274 X238=372 X239=169 
d NODES 262

   totalWckTime=24.83  totalCpuTime=24.841
