
   AbsCon 1.41 (January, 2014) - defaultConfiguration

   
   instance
        framework=CSP  name=Isomorphism-/cluster/gpg/ciaran/sip-benchmarks/benchmarks/si6_m4D_m4Dr2_256/si6_m4Dr2_m256.02/pattern-/cluster/gpg/ciaran/sip-benchmarks/benchmarks/si6_m4D_m4Dr2_256/si6_m4Dr2_m256.02/target
        parameters=/cluster/gpg/ciaran/sip-benchmarks/benchmarks/si6_m4D_m4Dr2_256/si6_m4Dr2_m256.02/pattern,/cluster/gpg/ciaran/sip-benchmarks/benchmarks/si6_m4D_m4Dr2_256/si6_m4Dr2_m256.02/target
      

   loading variables...
        nbVariables=153  nbDomainTypes=1  nbTotalValues=39168  domainSizes=(256:153)
          =>  wckTime=0.195  cpuTime=0.312  mem=4M810

   loading objectives...

   loading constraints...
        nbConstraints=341  nbSpecificConstraints=1  nbExtensionStructures=(1,shared:339)  nbConflictsStructures=(1,shared:339,unbuilt:1)
        degrees=(2:8)(3:9)(4:24)...(9:2)(10:2)(11:1)  arities=(2:340)(153:1)  types=(AllDifferent:1)(ConstraintHardExtensionV-Bits:340)
          =>  wckTime=0.301  cpuTime=0.416  mem=16M398

   INFO : <!-- Start saving the XML representation -->

   INFO : <!-- Stop saving the XML representation of target.xml -->

   Solver SolverBacktrack being built... 
          =>  wckTime=0.526  cpuTime=0.611  mem=23M666

    instantiation X0=0 X1=68 X2=80 X3=177 X4=214 X5=11 X6=13 X7=102 X8=201 X9=57 X10=73 X11=174 X12=54 X13=142 X14=156 X15=165 X16=183 X17=10 X18=30 X19=50 X20=106 X21=180 X22=229 X23=29 X24=125 X25=175 X26=43 X27=72 X28=85 X29=196 X30=212 X31=173 X32=9 X33=16 X34=35 X35=66 X36=137 X37=94 X38=19 X39=75 X40=97 X41=184 X42=74 X43=81 X44=21 X45=98 X46=146 X47=224 X48=250 X49=113 X50=128 X51=136 X52=149 X53=192 X54=32 X55=251 X56=47 X57=70 X58=131 X59=150 X60=208 X61=211 X62=121 X63=42 X64=105 X65=130 X66=200 X67=243 X68=27 X69=31 X70=226 X71=240 X72=246 X73=129 X74=53 X75=95 X76=122 X77=133 X78=144 X79=168 X80=188 X81=112 X82=65 X83=92 X84=238 X85=115 X86=143 X87=176 X88=204 X89=234 X90=235 X91=255 X92=6 X93=171 X94=48 X95=77 X96=179 X97=90 X98=172 X99=5 X100=14 X101=39 X102=93 X103=139 X104=191 X105=7 X106=236 X107=44 X108=83 X109=88 X110=100 X111=111 X112=118 X113=2 X114=3 X115=23 X116=82 X117=213 X118=228 X119=58 X120=161 X121=55 X122=38 X123=49 X124=99 X125=181 X126=202 X127=79 X128=163 X129=36 X130=151 X131=195 X132=225 X133=86 X134=18 X135=24 X136=101 X137=223 X138=20 X139=157 X140=215 X141=89 X142=227 X143=114 X144=110 X145=116 X146=187 X147=28 X148=242 X149=148 X150=138 X151=107 X152=190 

    solution X0=0 X1=68 X2=80 X3=177 X4=214 X5=11 X6=13 X7=102 X8=201 X9=57 X10=73 X11=174 X12=54 X13=142 X14=156 X15=165 X16=183 X17=10 X18=30 X19=50 X20=106 X21=180 X22=229 X23=29 X24=125 X25=175 X26=43 X27=72 X28=85 X29=196 X30=212 X31=173 X32=9 X33=16 X34=35 X35=66 X36=137 X37=94 X38=19 X39=75 X40=97 X41=184 X42=74 X43=81 X44=21 X45=98 X46=146 X47=224 X48=250 X49=113 X50=128 X51=136 X52=149 X53=192 X54=32 X55=251 X56=47 X57=70 X58=131 X59=150 X60=208 X61=211 X62=121 X63=42 X64=105 X65=130 X66=200 X67=243 X68=27 X69=31 X70=226 X71=240 X72=246 X73=129 X74=53 X75=95 X76=122 X77=133 X78=144 X79=168 X80=188 X81=112 X82=65 X83=92 X84=238 X85=115 X86=143 X87=176 X88=204 X89=234 X90=235 X91=255 X92=6 X93=171 X94=48 X95=77 X96=179 X97=90 X98=172 X99=5 X100=14 X101=39 X102=93 X103=139 X104=191 X105=7 X106=236 X107=44 X108=83 X109=88 X110=100 X111=111 X112=118 X113=2 X114=3 X115=23 X116=82 X117=213 X118=228 X119=58 X120=161 X121=55 X122=38 X123=49 X124=99 X125=181 X126=202 X127=79 X128=163 X129=36 X130=151 X131=195 X132=225 X133=86 X134=18 X135=24 X136=101 X137=223 X138=20 X139=157 X140=215 X141=89 X142=227 X143=114 X144=110 X145=116 X146=187 X147=28 X148=242 X149=148 X150=138 X151=107 X152=190 

   
   search
        run=0  nbConstraintChecks=341  depth=(min:0,max:152,avg:1)  nbEffectivePropagations=30  nbRevisions=1331  nbUselessRevisions=1331
        nbAssignments=188  nbFailedAssignments=35  nbBacktracks=0  nbVisitedNodes=224  nbRestartNogoods=0  nbFoundSolutions=1
        upperBound=9223372036854775807
          =>  wckTime=1.715  cpuTime=2.287  mem=77M609

   
   global
        nbConstraintChecks=341  nbEffectivePropagations=30  nbRevisions=1331  nbUselessRevisions=1331  nbRestartNogoods=0  solvingWckTime=1.715
        expiredTime=no  totalExploration=no  nbFoundSolutions=1  firstSolutionCpuTime=2.283  Stop=REACHED_GOAL
          =>  wckTime=2.242  cpuTime=2.288  mem=77M609

s SATISFIABLE
v X0=0 X1=68 X2=80 X3=177 X4=214 X5=11 X6=13 X7=102 X8=201 X9=57 X10=73 X11=174 X12=54 X13=142 X14=156 X15=165 X16=183 X17=10 X18=30 X19=50 X20=106 X21=180 X22=229 X23=29 X24=125 X25=175 X26=43 X27=72 X28=85 X29=196 X30=212 X31=173 X32=9 X33=16 X34=35 X35=66 X36=137 X37=94 X38=19 X39=75 X40=97 X41=184 X42=74 X43=81 X44=21 X45=98 X46=146 X47=224 X48=250 X49=113 X50=128 X51=136 X52=149 X53=192 X54=32 X55=251 X56=47 X57=70 X58=131 X59=150 X60=208 X61=211 X62=121 X63=42 X64=105 X65=130 X66=200 X67=243 X68=27 X69=31 X70=226 X71=240 X72=246 X73=129 X74=53 X75=95 X76=122 X77=133 X78=144 X79=168 X80=188 X81=112 X82=65 X83=92 X84=238 X85=115 X86=143 X87=176 X88=204 X89=234 X90=235 X91=255 X92=6 X93=171 X94=48 X95=77 X96=179 X97=90 X98=172 X99=5 X100=14 X101=39 X102=93 X103=139 X104=191 X105=7 X106=236 X107=44 X108=83 X109=88 X110=100 X111=111 X112=118 X113=2 X114=3 X115=23 X116=82 X117=213 X118=228 X119=58 X120=161 X121=55 X122=38 X123=49 X124=99 X125=181 X126=202 X127=79 X128=163 X129=36 X130=151 X131=195 X132=225 X133=86 X134=18 X135=24 X136=101 X137=223 X138=20 X139=157 X140=215 X141=89 X142=227 X143=114 X144=110 X145=116 X146=187 X147=28 X148=242 X149=148 X150=138 X151=107 X152=190 
d NODES 188

   totalWckTime=2.14  totalCpuTime=2.288
