
   AbsCon 1.41 (January, 2014) - defaultConfiguration

   
   instance
        framework=CSP  name=Isomorphism-/cluster/gpg/ciaran/sip-benchmarks/benchmarks/si6_m4D_m4Dr2_256/si6_m4Dr2_m256.08/pattern-/cluster/gpg/ciaran/sip-benchmarks/benchmarks/si6_m4D_m4Dr2_256/si6_m4Dr2_m256.08/target
        parameters=/cluster/gpg/ciaran/sip-benchmarks/benchmarks/si6_m4D_m4Dr2_256/si6_m4Dr2_m256.08/pattern,/cluster/gpg/ciaran/sip-benchmarks/benchmarks/si6_m4D_m4Dr2_256/si6_m4Dr2_m256.08/target
      

   loading variables...
        nbVariables=153  nbDomainTypes=1  nbTotalValues=39168  domainSizes=(256:153)
          =>  wckTime=0.209  cpuTime=0.313  mem=4M393

   loading objectives...

   loading constraints...
        nbConstraints=371  nbSpecificConstraints=1  nbExtensionStructures=(1,shared:369)  nbConflictsStructures=(1,shared:369,unbuilt:1)
        degrees=(2:8)(3:15)(4:12)...(8:16)(9:8)(10:5)  arities=(2:370)(153:1)  types=(AllDifferent:1)(ConstraintHardExtensionV-Bits:370)
          =>  wckTime=0.324  cpuTime=0.418  mem=5M746

   INFO : <!-- Start saving the XML representation -->

   INFO : <!-- Stop saving the XML representation of target.xml -->

   Solver SolverBacktrack being built... 
          =>  wckTime=0.542  cpuTime=0.604  mem=24M222

    instantiation X0=0 X1=16 X2=65 X3=70 X4=77 X5=196 X6=88 X7=97 X8=142 X9=150 X10=202 X11=14 X12=68 X13=164 X14=237 X15=219 X16=29 X17=42 X18=59 X19=5 X20=81 X21=82 X22=125 X23=242 X24=44 X25=104 X26=107 X27=216 X28=223 X29=64 X30=113 X31=200 X32=100 X33=165 X34=46 X35=30 X36=90 X37=159 X38=188 X39=41 X40=247 X41=157 X42=207 X43=123 X44=155 X45=180 X46=172 X47=232 X48=251 X49=78 X50=136 X51=210 X52=51 X53=63 X54=144 X55=99 X56=36 X57=98 X58=134 X59=139 X60=156 X61=190 X62=244 X63=72 X64=117 X65=174 X66=215 X67=1 X68=32 X69=108 X70=171 X71=2 X72=56 X73=199 X74=6 X75=86 X76=213 X77=235 X78=17 X79=133 X80=40 X81=231 X82=25 X83=52 X84=7 X85=67 X86=102 X87=149 X88=214 X89=34 X90=225 X91=230 X92=58 X93=4 X94=28 X95=110 X96=158 X97=160 X98=222 X99=175 X100=197 X101=201 X102=193 X103=43 X104=173 X105=209 X106=22 X107=185 X108=128 X109=12 X110=109 X111=132 X112=112 X113=211 X114=87 X115=227 X116=33 X117=94 X118=96 X119=147 X120=151 X121=162 X122=178 X123=252 X124=10 X125=101 X126=111 X127=146 X128=38 X129=170 X130=208 X131=49 X132=66 X133=153 X134=183 X135=50 X136=195 X137=3 X138=80 X139=31 X140=60 X141=249 X142=83 X143=204 X144=18 X145=39 X146=26 X147=169 X148=228 X149=84 X150=154 X151=177 X152=118 

    solution X0=0 X1=16 X2=65 X3=70 X4=77 X5=196 X6=88 X7=97 X8=142 X9=150 X10=202 X11=14 X12=68 X13=164 X14=237 X15=219 X16=29 X17=42 X18=59 X19=5 X20=81 X21=82 X22=125 X23=242 X24=44 X25=104 X26=107 X27=216 X28=223 X29=64 X30=113 X31=200 X32=100 X33=165 X34=46 X35=30 X36=90 X37=159 X38=188 X39=41 X40=247 X41=157 X42=207 X43=123 X44=155 X45=180 X46=172 X47=232 X48=251 X49=78 X50=136 X51=210 X52=51 X53=63 X54=144 X55=99 X56=36 X57=98 X58=134 X59=139 X60=156 X61=190 X62=244 X63=72 X64=117 X65=174 X66=215 X67=1 X68=32 X69=108 X70=171 X71=2 X72=56 X73=199 X74=6 X75=86 X76=213 X77=235 X78=17 X79=133 X80=40 X81=231 X82=25 X83=52 X84=7 X85=67 X86=102 X87=149 X88=214 X89=34 X90=225 X91=230 X92=58 X93=4 X94=28 X95=110 X96=158 X97=160 X98=222 X99=175 X100=197 X101=201 X102=193 X103=43 X104=173 X105=209 X106=22 X107=185 X108=128 X109=12 X110=109 X111=132 X112=112 X113=211 X114=87 X115=227 X116=33 X117=94 X118=96 X119=147 X120=151 X121=162 X122=178 X123=252 X124=10 X125=101 X126=111 X127=146 X128=38 X129=170 X130=208 X131=49 X132=66 X133=153 X134=183 X135=50 X136=195 X137=3 X138=80 X139=31 X140=60 X141=249 X142=83 X143=204 X144=18 X145=39 X146=26 X147=169 X148=228 X149=84 X150=154 X151=177 X152=118 

   
   search
        run=0  nbConstraintChecks=371  depth=(min:0,max:152,avg:1)  nbEffectivePropagations=36  nbRevisions=1650  nbUselessRevisions=1650
        nbAssignments=217  nbFailedAssignments=64  nbBacktracks=0  nbVisitedNodes=282  nbRestartNogoods=0  nbFoundSolutions=1
        upperBound=9223372036854775807
          =>  wckTime=1.613  cpuTime=2.164  mem=82M185

   
   global
        nbConstraintChecks=371  nbEffectivePropagations=36  nbRevisions=1650  nbUselessRevisions=1650  nbRestartNogoods=0  solvingWckTime=1.613
        expiredTime=no  totalExploration=no  nbFoundSolutions=1  firstSolutionCpuTime=2.159  Stop=REACHED_GOAL
          =>  wckTime=2.155  cpuTime=2.164  mem=82M185

s SATISFIABLE
v X0=0 X1=16 X2=65 X3=70 X4=77 X5=196 X6=88 X7=97 X8=142 X9=150 X10=202 X11=14 X12=68 X13=164 X14=237 X15=219 X16=29 X17=42 X18=59 X19=5 X20=81 X21=82 X22=125 X23=242 X24=44 X25=104 X26=107 X27=216 X28=223 X29=64 X30=113 X31=200 X32=100 X33=165 X34=46 X35=30 X36=90 X37=159 X38=188 X39=41 X40=247 X41=157 X42=207 X43=123 X44=155 X45=180 X46=172 X47=232 X48=251 X49=78 X50=136 X51=210 X52=51 X53=63 X54=144 X55=99 X56=36 X57=98 X58=134 X59=139 X60=156 X61=190 X62=244 X63=72 X64=117 X65=174 X66=215 X67=1 X68=32 X69=108 X70=171 X71=2 X72=56 X73=199 X74=6 X75=86 X76=213 X77=235 X78=17 X79=133 X80=40 X81=231 X82=25 X83=52 X84=7 X85=67 X86=102 X87=149 X88=214 X89=34 X90=225 X91=230 X92=58 X93=4 X94=28 X95=110 X96=158 X97=160 X98=222 X99=175 X100=197 X101=201 X102=193 X103=43 X104=173 X105=209 X106=22 X107=185 X108=128 X109=12 X110=109 X111=132 X112=112 X113=211 X114=87 X115=227 X116=33 X117=94 X118=96 X119=147 X120=151 X121=162 X122=178 X123=252 X124=10 X125=101 X126=111 X127=146 X128=38 X129=170 X130=208 X131=49 X132=66 X133=153 X134=183 X135=50 X136=195 X137=3 X138=80 X139=31 X140=60 X141=249 X142=83 X143=204 X144=18 X145=39 X146=26 X147=169 X148=228 X149=84 X150=154 X151=177 X152=118 
d NODES 217

   totalWckTime=2.051  totalCpuTime=2.165
