
   AbsCon 1.41 (January, 2014) - defaultConfiguration

   
   instance
        framework=CSP  name=Isomorphism-/cluster/gpg/ciaran/sip-benchmarks/benchmarks/si6_bvg_b03m_400/si6_b03m_m400.02/pattern-/cluster/gpg/ciaran/sip-benchmarks/benchmarks/si6_bvg_b03m_400/si6_b03m_m400.02/target
        parameters=/cluster/gpg/ciaran/sip-benchmarks/benchmarks/si6_bvg_b03m_400/si6_b03m_m400.02/pattern,/cluster/gpg/ciaran/sip-benchmarks/benchmarks/si6_bvg_b03m_400/si6_b03m_m400.02/target
      

   loading variables...
        nbVariables=240  nbDomainTypes=1  nbTotalValues=96000  domainSizes=(400:240)
          =>  wckTime=0.203  cpuTime=0.321  mem=7M444

   loading objectives...

   loading constraints...
        nbConstraints=323  nbSpecificConstraints=1  nbExtensionStructures=(1,shared:321)  nbConflictsStructures=(1,shared:321,unbuilt:1)
        degrees=(2:41)(3:67)(4:112)...(12:1)(14:1)(17:1)  arities=(2:322)(240:1)  types=(AllDifferent:1)(ConstraintHardExtensionV-Bits:322)
          =>  wckTime=0.325  cpuTime=0.43  mem=10M468

   INFO : <!-- Start saving the XML representation -->

   INFO : <!-- Stop saving the XML representation of target.xml -->

   Solver SolverBacktrack being built... 
          =>  wckTime=0.642  cpuTime=0.696  mem=27M840

    instantiation X0=0 X1=14 X2=60 X3=86 X4=113 X5=120 X6=200 X7=211 X8=266 X9=303 X10=304 X11=367 X12=321 X13=342 X14=391 X15=64 X16=146 X17=99 X18=206 X19=52 X20=114 X21=46 X22=135 X23=36 X24=26 X25=167 X26=83 X27=290 X28=234 X29=281 X30=244 X31=343 X32=159 X33=223 X34=108 X35=30 X36=13 X37=278 X38=191 X39=168 X40=29 X41=127 X42=8 X43=255 X44=150 X45=198 X46=242 X47=239 X48=173 X49=249 X50=82 X51=156 X52=312 X53=5 X54=181 X55=270 X56=39 X57=275 X58=67 X59=377 X60=71 X61=280 X62=372 X63=105 X64=204 X65=37 X66=128 X67=35 X68=69 X69=229 X70=307 X71=315 X72=361 X73=162 X74=160 X75=38 X76=201 X77=311 X78=58 X79=4 X80=51 X81=92 X82=101 X83=203 X84=340 X85=388 X86=95 X87=115 X88=40 X89=194 X90=230 X91=6 X92=94 X93=370 X94=44 X95=18 X96=263 X97=246 X98=32 X99=79 X100=148 X101=381 X102=143 X103=348 X104=72 X105=165 X106=78 X107=362 X108=373 X109=300 X110=10 X111=299 X112=129 X113=238 X114=314 X115=178 X116=262 X117=182 X118=28 X119=102 X120=24 X121=149 X122=15 X123=70 X124=81 X125=268 X126=301 X127=316 X128=33 X129=213 X130=131 X131=291 X132=355 X133=1 X134=215 X135=186 X136=277 X137=23 X138=63 X139=97 X140=104 X141=117 X142=209 X143=210 X144=294 X145=359 X146=375 X147=76 X148=257 X149=237 X150=386 X151=16 X152=49 X153=276 X154=227 X155=353 X156=389 X157=50 X158=350 X159=164 X160=351 X161=258 X162=21 X163=220 X164=228 X165=261 X166=334 X167=339 X168=392 X169=2 X170=88 X171=226 X172=3 X173=122 X174=379 X175=192 X176=297 X177=285 X178=366 X179=116 X180=169 X181=256 X182=271 X183=332 X184=323 X185=184 X186=273 X187=289 X188=174 X189=365 X190=216 X191=265 X192=235 X193=12 X194=387 X195=283 X196=66 X197=378 X198=118 X199=119 X200=133 X201=306 X202=360 X203=284 X204=337 X205=248 X206=138 X207=221 X208=232 X209=333 X210=319 X211=322 X212=98 X213=325 X214=25 X215=109 X216=368 X217=47 X218=87 X219=154 X220=202 X221=224 X222=231 X223=274 X224=282 X225=302 X226=347 X227=56 X228=9 X229=126 X230=190 X231=130 X232=219 X233=241 X234=31 X235=354 X236=91 X237=110 X238=288 X239=331 

    solution X0=0 X1=14 X2=60 X3=86 X4=113 X5=120 X6=200 X7=211 X8=266 X9=303 X10=304 X11=367 X12=321 X13=342 X14=391 X15=64 X16=146 X17=99 X18=206 X19=52 X20=114 X21=46 X22=135 X23=36 X24=26 X25=167 X26=83 X27=290 X28=234 X29=281 X30=244 X31=343 X32=159 X33=223 X34=108 X35=30 X36=13 X37=278 X38=191 X39=168 X40=29 X41=127 X42=8 X43=255 X44=150 X45=198 X46=242 X47=239 X48=173 X49=249 X50=82 X51=156 X52=312 X53=5 X54=181 X55=270 X56=39 X57=275 X58=67 X59=377 X60=71 X61=280 X62=372 X63=105 X64=204 X65=37 X66=128 X67=35 X68=69 X69=229 X70=307 X71=315 X72=361 X73=162 X74=160 X75=38 X76=201 X77=311 X78=58 X79=4 X80=51 X81=92 X82=101 X83=203 X84=340 X85=388 X86=95 X87=115 X88=40 X89=194 X90=230 X91=6 X92=94 X93=370 X94=44 X95=18 X96=263 X97=246 X98=32 X99=79 X100=148 X101=381 X102=143 X103=348 X104=72 X105=165 X106=78 X107=362 X108=373 X109=300 X110=10 X111=299 X112=129 X113=238 X114=314 X115=178 X116=262 X117=182 X118=28 X119=102 X120=24 X121=149 X122=15 X123=70 X124=81 X125=268 X126=301 X127=316 X128=33 X129=213 X130=131 X131=291 X132=355 X133=1 X134=215 X135=186 X136=277 X137=23 X138=63 X139=97 X140=104 X141=117 X142=209 X143=210 X144=294 X145=359 X146=375 X147=76 X148=257 X149=237 X150=386 X151=16 X152=49 X153=276 X154=227 X155=353 X156=389 X157=50 X158=350 X159=164 X160=351 X161=258 X162=21 X163=220 X164=228 X165=261 X166=334 X167=339 X168=392 X169=2 X170=88 X171=226 X172=3 X173=122 X174=379 X175=192 X176=297 X177=285 X178=366 X179=116 X180=169 X181=256 X182=271 X183=332 X184=323 X185=184 X186=273 X187=289 X188=174 X189=365 X190=216 X191=265 X192=235 X193=12 X194=387 X195=283 X196=66 X197=378 X198=118 X199=119 X200=133 X201=306 X202=360 X203=284 X204=337 X205=248 X206=138 X207=221 X208=232 X209=333 X210=319 X211=322 X212=98 X213=325 X214=25 X215=109 X216=368 X217=47 X218=87 X219=154 X220=202 X221=224 X222=231 X223=274 X224=282 X225=302 X226=347 X227=56 X228=9 X229=126 X230=190 X231=130 X232=219 X233=241 X234=31 X235=354 X236=91 X237=110 X238=288 X239=331 

   
   search
        run=0  nbConstraintChecks=323  depth=(min:0,max:239,avg:1)  nbEffectivePropagations=93  nbRevisions=954  nbUselessRevisions=954
        nbAssignments=241  nbFailedAssignments=1  nbBacktracks=0  nbVisitedNodes=243  nbRestartNogoods=0  nbFoundSolutions=1
        upperBound=9223372036854775807
          =>  wckTime=4.714  cpuTime=5.257  mem=404M80

   
   global
        nbConstraintChecks=323  nbEffectivePropagations=93  nbRevisions=954  nbUselessRevisions=954  nbRestartNogoods=0  solvingWckTime=4.715
        expiredTime=no  totalExploration=no  nbFoundSolutions=1  firstSolutionCpuTime=5.246  Stop=REACHED_GOAL
          =>  wckTime=5.357  cpuTime=5.258  mem=404M80

s SATISFIABLE
v X0=0 X1=14 X2=60 X3=86 X4=113 X5=120 X6=200 X7=211 X8=266 X9=303 X10=304 X11=367 X12=321 X13=342 X14=391 X15=64 X16=146 X17=99 X18=206 X19=52 X20=114 X21=46 X22=135 X23=36 X24=26 X25=167 X26=83 X27=290 X28=234 X29=281 X30=244 X31=343 X32=159 X33=223 X34=108 X35=30 X36=13 X37=278 X38=191 X39=168 X40=29 X41=127 X42=8 X43=255 X44=150 X45=198 X46=242 X47=239 X48=173 X49=249 X50=82 X51=156 X52=312 X53=5 X54=181 X55=270 X56=39 X57=275 X58=67 X59=377 X60=71 X61=280 X62=372 X63=105 X64=204 X65=37 X66=128 X67=35 X68=69 X69=229 X70=307 X71=315 X72=361 X73=162 X74=160 X75=38 X76=201 X77=311 X78=58 X79=4 X80=51 X81=92 X82=101 X83=203 X84=340 X85=388 X86=95 X87=115 X88=40 X89=194 X90=230 X91=6 X92=94 X93=370 X94=44 X95=18 X96=263 X97=246 X98=32 X99=79 X100=148 X101=381 X102=143 X103=348 X104=72 X105=165 X106=78 X107=362 X108=373 X109=300 X110=10 X111=299 X112=129 X113=238 X114=314 X115=178 X116=262 X117=182 X118=28 X119=102 X120=24 X121=149 X122=15 X123=70 X124=81 X125=268 X126=301 X127=316 X128=33 X129=213 X130=131 X131=291 X132=355 X133=1 X134=215 X135=186 X136=277 X137=23 X138=63 X139=97 X140=104 X141=117 X142=209 X143=210 X144=294 X145=359 X146=375 X147=76 X148=257 X149=237 X150=386 X151=16 X152=49 X153=276 X154=227 X155=353 X156=389 X157=50 X158=350 X159=164 X160=351 X161=258 X162=21 X163=220 X164=228 X165=261 X166=334 X167=339 X168=392 X169=2 X170=88 X171=226 X172=3 X173=122 X174=379 X175=192 X176=297 X177=285 X178=366 X179=116 X180=169 X181=256 X182=271 X183=332 X184=323 X185=184 X186=273 X187=289 X188=174 X189=365 X190=216 X191=265 X192=235 X193=12 X194=387 X195=283 X196=66 X197=378 X198=118 X199=119 X200=133 X201=306 X202=360 X203=284 X204=337 X205=248 X206=138 X207=221 X208=232 X209=333 X210=319 X211=322 X212=98 X213=325 X214=25 X215=109 X216=368 X217=47 X218=87 X219=154 X220=202 X221=224 X222=231 X223=274 X224=282 X225=302 X226=347 X227=56 X228=9 X229=126 X230=190 X231=130 X232=219 X233=241 X234=31 X235=354 X236=91 X237=110 X238=288 X239=331 
d NODES 241

   totalWckTime=5.258  totalCpuTime=5.258
