
   AbsCon 1.41 (January, 2014) - defaultConfiguration

   
   instance
        framework=CSP  name=Isomorphism-/cluster/gpg/ciaran/sip-benchmarks/benchmarks/si6_rand_r001_400/si6_r001_m400.06/pattern-/cluster/gpg/ciaran/sip-benchmarks/benchmarks/si6_rand_r001_400/si6_r001_m400.06/target
        parameters=/cluster/gpg/ciaran/sip-benchmarks/benchmarks/si6_rand_r001_400/si6_r001_m400.06/pattern,/cluster/gpg/ciaran/sip-benchmarks/benchmarks/si6_rand_r001_400/si6_r001_m400.06/target
      

   loading variables...
        nbVariables=240  nbDomainTypes=1  nbTotalValues=96000  domainSizes=(400:240)
          =>  wckTime=0.219  cpuTime=0.315  mem=8M16

   loading objectives...

   loading constraints...
        nbConstraints=639  nbSpecificConstraints=1  nbExtensionStructures=(1,shared:637)  nbConflictsStructures=(1,shared:637,unbuilt:1)
        degrees=(2:10)(3:17)(4:28)...(12:2)(13:1)(14:1)  arities=(2:638)(240:1)  types=(AllDifferent:1)(ConstraintHardExtensionV-Bits:638)
          =>  wckTime=0.481  cpuTime=0.55  mem=28M230

   INFO : <!-- Start saving the XML representation -->

   INFO : <!-- Stop saving the XML representation of target.xml -->

   Solver SolverBacktrack being built... 
          =>  wckTime=0.761  cpuTime=0.772  mem=25M636

    instantiation X0=230 X1=22 X2=5 X3=34 X4=224 X5=57 X6=154 X7=120 X8=340 X9=205 X10=315 X11=296 X12=160 X13=148 X14=168 X15=266 X16=132 X17=271 X18=104 X19=131 X20=77 X21=140 X22=121 X23=368 X24=10 X25=367 X26=177 X27=345 X28=152 X29=372 X30=375 X31=3 X32=175 X33=354 X34=302 X35=356 X36=4 X37=394 X38=311 X39=181 X40=307 X41=169 X42=189 X43=379 X44=280 X45=90 X46=101 X47=144 X48=45 X49=149 X50=227 X51=262 X52=334 X53=363 X54=283 X55=142 X56=130 X57=370 X58=281 X59=225 X60=165 X61=134 X62=204 X63=192 X64=226 X65=252 X66=157 X67=62 X68=28 X69=179 X70=317 X71=66 X72=193 X73=347 X74=306 X75=125 X76=127 X77=201 X78=305 X79=162 X80=95 X81=251 X82=35 X83=377 X84=44 X85=297 X86=84 X87=180 X88=214 X89=318 X90=374 X91=14 X92=292 X93=284 X94=365 X95=353 X96=76 X97=186 X98=143 X99=348 X100=220 X101=79 X102=123 X103=378 X104=209 X105=50 X106=357 X107=183 X108=295 X109=288 X110=182 X111=74 X112=247 X113=364 X114=81 X115=331 X116=52 X117=349 X118=176 X119=118 X120=203 X121=197 X122=24 X123=78 X124=322 X125=272 X126=328 X127=107 X128=264 X129=43 X130=202 X131=269 X132=105 X133=398 X134=313 X135=336 X136=178 X137=38 X138=361 X139=18 X140=237 X141=41 X142=116 X143=187 X144=241 X145=40 X146=324 X147=194 X148=199 X149=195 X150=245 X151=392 X152=298 X153=184 X154=167 X155=206 X156=397 X157=100 X158=240 X159=55 X160=65 X161=36 X162=330 X163=83 X164=124 X165=210 X166=115 X167=337 X168=67 X169=25 X170=323 X171=231 X172=346 X173=341 X174=360 X175=0 X176=299 X177=88 X178=344 X179=335 X180=122 X181=236 X182=113 X183=261 X184=111 X185=190 X186=229 X187=243 X188=47 X189=11 X190=126 X191=29 X192=12 X193=80 X194=99 X195=6 X196=321 X197=82 X198=37 X199=135 X200=59 X201=319 X202=287 X203=53 X204=92 X205=291 X206=217 X207=384 X208=87 X209=27 X210=89 X211=191 X212=56 X213=253 X214=385 X215=248 X216=64 X217=339 X218=31 X219=211 X220=308 X221=276 X222=63 X223=342 X224=26 X225=333 X226=369 X227=13 X228=303 X229=70 X230=58 X231=351 X232=16 X233=94 X234=355 X235=255 X236=380 X237=267 X238=325 X239=223 

    solution X0=230 X1=22 X2=5 X3=34 X4=224 X5=57 X6=154 X7=120 X8=340 X9=205 X10=315 X11=296 X12=160 X13=148 X14=168 X15=266 X16=132 X17=271 X18=104 X19=131 X20=77 X21=140 X22=121 X23=368 X24=10 X25=367 X26=177 X27=345 X28=152 X29=372 X30=375 X31=3 X32=175 X33=354 X34=302 X35=356 X36=4 X37=394 X38=311 X39=181 X40=307 X41=169 X42=189 X43=379 X44=280 X45=90 X46=101 X47=144 X48=45 X49=149 X50=227 X51=262 X52=334 X53=363 X54=283 X55=142 X56=130 X57=370 X58=281 X59=225 X60=165 X61=134 X62=204 X63=192 X64=226 X65=252 X66=157 X67=62 X68=28 X69=179 X70=317 X71=66 X72=193 X73=347 X74=306 X75=125 X76=127 X77=201 X78=305 X79=162 X80=95 X81=251 X82=35 X83=377 X84=44 X85=297 X86=84 X87=180 X88=214 X89=318 X90=374 X91=14 X92=292 X93=284 X94=365 X95=353 X96=76 X97=186 X98=143 X99=348 X100=220 X101=79 X102=123 X103=378 X104=209 X105=50 X106=357 X107=183 X108=295 X109=288 X110=182 X111=74 X112=247 X113=364 X114=81 X115=331 X116=52 X117=349 X118=176 X119=118 X120=203 X121=197 X122=24 X123=78 X124=322 X125=272 X126=328 X127=107 X128=264 X129=43 X130=202 X131=269 X132=105 X133=398 X134=313 X135=336 X136=178 X137=38 X138=361 X139=18 X140=237 X141=41 X142=116 X143=187 X144=241 X145=40 X146=324 X147=194 X148=199 X149=195 X150=245 X151=392 X152=298 X153=184 X154=167 X155=206 X156=397 X157=100 X158=240 X159=55 X160=65 X161=36 X162=330 X163=83 X164=124 X165=210 X166=115 X167=337 X168=67 X169=25 X170=323 X171=231 X172=346 X173=341 X174=360 X175=0 X176=299 X177=88 X178=344 X179=335 X180=122 X181=236 X182=113 X183=261 X184=111 X185=190 X186=229 X187=243 X188=47 X189=11 X190=126 X191=29 X192=12 X193=80 X194=99 X195=6 X196=321 X197=82 X198=37 X199=135 X200=59 X201=319 X202=287 X203=53 X204=92 X205=291 X206=217 X207=384 X208=87 X209=27 X210=89 X211=191 X212=56 X213=253 X214=385 X215=248 X216=64 X217=339 X218=31 X219=211 X220=308 X221=276 X222=63 X223=342 X224=26 X225=333 X226=369 X227=13 X228=303 X229=70 X230=58 X231=351 X232=16 X233=94 X234=355 X235=255 X236=380 X237=267 X238=325 X239=223 

   
   search
        run=0  nbConstraintChecks=639  depth=(min:0,max:239,avg:1)  nbEffectivePropagations=13  nbRevisions=2434  nbUselessRevisions=2434
        nbAssignments=283  nbFailedAssignments=43  nbBacktracks=0  nbVisitedNodes=327  nbRestartNogoods=0  nbFoundSolutions=1
        upperBound=9223372036854775807
          =>  wckTime=10.059  cpuTime=10.713  mem=168M819

   
   global
        nbConstraintChecks=639  nbEffectivePropagations=13  nbRevisions=2434  nbUselessRevisions=2434  nbRestartNogoods=0  solvingWckTime=10.06
        expiredTime=no  totalExploration=no  nbFoundSolutions=1  firstSolutionCpuTime=10.706  Stop=REACHED_GOAL
          =>  wckTime=10.822  cpuTime=10.713  mem=168M819

s SATISFIABLE
v X0=230 X1=22 X2=5 X3=34 X4=224 X5=57 X6=154 X7=120 X8=340 X9=205 X10=315 X11=296 X12=160 X13=148 X14=168 X15=266 X16=132 X17=271 X18=104 X19=131 X20=77 X21=140 X22=121 X23=368 X24=10 X25=367 X26=177 X27=345 X28=152 X29=372 X30=375 X31=3 X32=175 X33=354 X34=302 X35=356 X36=4 X37=394 X38=311 X39=181 X40=307 X41=169 X42=189 X43=379 X44=280 X45=90 X46=101 X47=144 X48=45 X49=149 X50=227 X51=262 X52=334 X53=363 X54=283 X55=142 X56=130 X57=370 X58=281 X59=225 X60=165 X61=134 X62=204 X63=192 X64=226 X65=252 X66=157 X67=62 X68=28 X69=179 X70=317 X71=66 X72=193 X73=347 X74=306 X75=125 X76=127 X77=201 X78=305 X79=162 X80=95 X81=251 X82=35 X83=377 X84=44 X85=297 X86=84 X87=180 X88=214 X89=318 X90=374 X91=14 X92=292 X93=284 X94=365 X95=353 X96=76 X97=186 X98=143 X99=348 X100=220 X101=79 X102=123 X103=378 X104=209 X105=50 X106=357 X107=183 X108=295 X109=288 X110=182 X111=74 X112=247 X113=364 X114=81 X115=331 X116=52 X117=349 X118=176 X119=118 X120=203 X121=197 X122=24 X123=78 X124=322 X125=272 X126=328 X127=107 X128=264 X129=43 X130=202 X131=269 X132=105 X133=398 X134=313 X135=336 X136=178 X137=38 X138=361 X139=18 X140=237 X141=41 X142=116 X143=187 X144=241 X145=40 X146=324 X147=194 X148=199 X149=195 X150=245 X151=392 X152=298 X153=184 X154=167 X155=206 X156=397 X157=100 X158=240 X159=55 X160=65 X161=36 X162=330 X163=83 X164=124 X165=210 X166=115 X167=337 X168=67 X169=25 X170=323 X171=231 X172=346 X173=341 X174=360 X175=0 X176=299 X177=88 X178=344 X179=335 X180=122 X181=236 X182=113 X183=261 X184=111 X185=190 X186=229 X187=243 X188=47 X189=11 X190=126 X191=29 X192=12 X193=80 X194=99 X195=6 X196=321 X197=82 X198=37 X199=135 X200=59 X201=319 X202=287 X203=53 X204=92 X205=291 X206=217 X207=384 X208=87 X209=27 X210=89 X211=191 X212=56 X213=253 X214=385 X215=248 X216=64 X217=339 X218=31 X219=211 X220=308 X221=276 X222=63 X223=342 X224=26 X225=333 X226=369 X227=13 X228=303 X229=70 X230=58 X231=351 X232=16 X233=94 X234=355 X235=255 X236=380 X237=267 X238=325 X239=223 
d NODES 283

   totalWckTime=10.714  totalCpuTime=10.714
