
   AbsCon 1.41 (January, 2014) - defaultConfiguration

   
   instance
        framework=CSP  name=Isomorphism-/cluster/gpg/ciaran/sip-benchmarks/benchmarks/si6_rand_r001_400/si6_r001_m400.01/pattern-/cluster/gpg/ciaran/sip-benchmarks/benchmarks/si6_rand_r001_400/si6_r001_m400.01/target
        parameters=/cluster/gpg/ciaran/sip-benchmarks/benchmarks/si6_rand_r001_400/si6_r001_m400.01/pattern,/cluster/gpg/ciaran/sip-benchmarks/benchmarks/si6_rand_r001_400/si6_r001_m400.01/target
      

   loading variables...
        nbVariables=240  nbDomainTypes=1  nbTotalValues=96000  domainSizes=(400:240)
          =>  wckTime=0.214  cpuTime=0.332  mem=8M179

   loading objectives...

   loading constraints...
        nbConstraints=661  nbSpecificConstraints=1  nbExtensionStructures=(1,shared:659)  nbConflictsStructures=(1,shared:659,unbuilt:1)
        degrees=(2:2)(3:14)(4:27)...(12:4)(13:1)(14:2)  arities=(2:660)(240:1)  types=(AllDifferent:1)(ConstraintHardExtensionV-Bits:660)
          =>  wckTime=0.452  cpuTime=0.558  mem=29M415

   INFO : <!-- Start saving the XML representation -->

   INFO : <!-- Stop saving the XML representation of target.xml -->

   Solver SolverBacktrack being built... 
          =>  wckTime=0.768  cpuTime=0.829  mem=26M371

    instantiation X0=216 X1=329 X2=379 X3=90 X4=243 X5=121 X6=82 X7=152 X8=84 X9=326 X10=65 X11=194 X12=46 X13=120 X14=117 X15=45 X16=300 X17=360 X18=343 X19=188 X20=103 X21=396 X22=169 X23=383 X24=219 X25=25 X26=149 X27=382 X28=124 X29=297 X30=284 X31=150 X32=200 X33=102 X34=316 X35=308 X36=52 X37=249 X38=130 X39=176 X40=144 X41=40 X42=291 X43=315 X44=376 X45=92 X46=233 X47=75 X48=209 X49=258 X50=392 X51=83 X52=18 X53=217 X54=158 X55=394 X56=296 X57=391 X58=318 X59=323 X60=182 X61=341 X62=81 X63=342 X64=63 X65=388 X66=9 X67=168 X68=7 X69=132 X70=279 X71=20 X72=154 X73=205 X74=73 X75=280 X76=208 X77=215 X78=27 X79=207 X80=314 X81=142 X82=222 X83=146 X84=372 X85=336 X86=301 X87=282 X88=51 X89=228 X90=278 X91=277 X92=104 X93=266 X94=283 X95=377 X96=69 X97=107 X98=42 X99=199 X100=244 X101=324 X102=387 X103=380 X104=328 X105=220 X106=101 X107=135 X108=89 X109=321 X110=54 X111=373 X112=339 X113=179 X114=72 X115=206 X116=310 X117=1 X118=218 X119=127 X120=196 X121=307 X122=155 X123=242 X124=171 X125=2 X126=153 X127=327 X128=271 X129=167 X130=39 X131=29 X132=174 X133=364 X134=393 X135=371 X136=221 X137=79 X138=347 X139=331 X140=23 X141=236 X142=292 X143=302 X144=162 X145=31 X146=3 X147=381 X148=143 X149=186 X150=269 X151=98 X152=312 X153=15 X154=390 X155=399 X156=248 X157=239 X158=276 X159=349 X160=362 X161=136 X162=118 X163=190 X164=12 X165=151 X166=114 X167=165 X168=337 X169=185 X170=119 X171=163 X172=181 X173=122 X174=214 X175=147 X176=213 X177=202 X178=366 X179=267 X180=193 X181=227 X182=36 X183=141 X184=238 X185=68 X186=260 X187=319 X188=265 X189=125 X190=204 X191=197 X192=26 X193=30 X194=178 X195=32 X196=86 X197=17 X198=354 X199=374 X200=34 X201=113 X202=57 X203=148 X204=311 X205=88 X206=99 X207=210 X208=59 X209=385 X210=22 X211=262 X212=198 X213=370 X214=226 X215=28 X216=285 X217=8 X218=294 X219=110 X220=10 X221=189 X222=123 X223=330 X224=157 X225=5 X226=140 X227=317 X228=240 X229=106 X230=235 X231=332 X232=87 X233=128 X234=232 X235=80 X236=96 X237=320 X238=166 X239=77 

    solution X0=216 X1=329 X2=379 X3=90 X4=243 X5=121 X6=82 X7=152 X8=84 X9=326 X10=65 X11=194 X12=46 X13=120 X14=117 X15=45 X16=300 X17=360 X18=343 X19=188 X20=103 X21=396 X22=169 X23=383 X24=219 X25=25 X26=149 X27=382 X28=124 X29=297 X30=284 X31=150 X32=200 X33=102 X34=316 X35=308 X36=52 X37=249 X38=130 X39=176 X40=144 X41=40 X42=291 X43=315 X44=376 X45=92 X46=233 X47=75 X48=209 X49=258 X50=392 X51=83 X52=18 X53=217 X54=158 X55=394 X56=296 X57=391 X58=318 X59=323 X60=182 X61=341 X62=81 X63=342 X64=63 X65=388 X66=9 X67=168 X68=7 X69=132 X70=279 X71=20 X72=154 X73=205 X74=73 X75=280 X76=208 X77=215 X78=27 X79=207 X80=314 X81=142 X82=222 X83=146 X84=372 X85=336 X86=301 X87=282 X88=51 X89=228 X90=278 X91=277 X92=104 X93=266 X94=283 X95=377 X96=69 X97=107 X98=42 X99=199 X100=244 X101=324 X102=387 X103=380 X104=328 X105=220 X106=101 X107=135 X108=89 X109=321 X110=54 X111=373 X112=339 X113=179 X114=72 X115=206 X116=310 X117=1 X118=218 X119=127 X120=196 X121=307 X122=155 X123=242 X124=171 X125=2 X126=153 X127=327 X128=271 X129=167 X130=39 X131=29 X132=174 X133=364 X134=393 X135=371 X136=221 X137=79 X138=347 X139=331 X140=23 X141=236 X142=292 X143=302 X144=162 X145=31 X146=3 X147=381 X148=143 X149=186 X150=269 X151=98 X152=312 X153=15 X154=390 X155=399 X156=248 X157=239 X158=276 X159=349 X160=362 X161=136 X162=118 X163=190 X164=12 X165=151 X166=114 X167=165 X168=337 X169=185 X170=119 X171=163 X172=181 X173=122 X174=214 X175=147 X176=213 X177=202 X178=366 X179=267 X180=193 X181=227 X182=36 X183=141 X184=238 X185=68 X186=260 X187=319 X188=265 X189=125 X190=204 X191=197 X192=26 X193=30 X194=178 X195=32 X196=86 X197=17 X198=354 X199=374 X200=34 X201=113 X202=57 X203=148 X204=311 X205=88 X206=99 X207=210 X208=59 X209=385 X210=22 X211=262 X212=198 X213=370 X214=226 X215=28 X216=285 X217=8 X218=294 X219=110 X220=10 X221=189 X222=123 X223=330 X224=157 X225=5 X226=140 X227=317 X228=240 X229=106 X230=235 X231=332 X232=87 X233=128 X234=232 X235=80 X236=96 X237=320 X238=166 X239=77 

   
   search
        run=0  nbConstraintChecks=661  depth=(min:0,max:239,avg:1)  nbEffectivePropagations=18  nbRevisions=3033  nbUselessRevisions=3020
        nbAssignments=324  nbFailedAssignments=84  nbBacktracks=0  nbVisitedNodes=409  nbRestartNogoods=0  nbFoundSolutions=1
        upperBound=9223372036854775807
          =>  wckTime=10.399  cpuTime=11.089  mem=215M718

   
   global
        nbConstraintChecks=661  nbEffectivePropagations=18  nbRevisions=3033  nbUselessRevisions=3020  nbRestartNogoods=0  solvingWckTime=10.399
        expiredTime=no  totalExploration=no  nbFoundSolutions=1  firstSolutionCpuTime=11.084  Stop=REACHED_GOAL
          =>  wckTime=11.167  cpuTime=11.09  mem=215M718

s SATISFIABLE
v X0=216 X1=329 X2=379 X3=90 X4=243 X5=121 X6=82 X7=152 X8=84 X9=326 X10=65 X11=194 X12=46 X13=120 X14=117 X15=45 X16=300 X17=360 X18=343 X19=188 X20=103 X21=396 X22=169 X23=383 X24=219 X25=25 X26=149 X27=382 X28=124 X29=297 X30=284 X31=150 X32=200 X33=102 X34=316 X35=308 X36=52 X37=249 X38=130 X39=176 X40=144 X41=40 X42=291 X43=315 X44=376 X45=92 X46=233 X47=75 X48=209 X49=258 X50=392 X51=83 X52=18 X53=217 X54=158 X55=394 X56=296 X57=391 X58=318 X59=323 X60=182 X61=341 X62=81 X63=342 X64=63 X65=388 X66=9 X67=168 X68=7 X69=132 X70=279 X71=20 X72=154 X73=205 X74=73 X75=280 X76=208 X77=215 X78=27 X79=207 X80=314 X81=142 X82=222 X83=146 X84=372 X85=336 X86=301 X87=282 X88=51 X89=228 X90=278 X91=277 X92=104 X93=266 X94=283 X95=377 X96=69 X97=107 X98=42 X99=199 X100=244 X101=324 X102=387 X103=380 X104=328 X105=220 X106=101 X107=135 X108=89 X109=321 X110=54 X111=373 X112=339 X113=179 X114=72 X115=206 X116=310 X117=1 X118=218 X119=127 X120=196 X121=307 X122=155 X123=242 X124=171 X125=2 X126=153 X127=327 X128=271 X129=167 X130=39 X131=29 X132=174 X133=364 X134=393 X135=371 X136=221 X137=79 X138=347 X139=331 X140=23 X141=236 X142=292 X143=302 X144=162 X145=31 X146=3 X147=381 X148=143 X149=186 X150=269 X151=98 X152=312 X153=15 X154=390 X155=399 X156=248 X157=239 X158=276 X159=349 X160=362 X161=136 X162=118 X163=190 X164=12 X165=151 X166=114 X167=165 X168=337 X169=185 X170=119 X171=163 X172=181 X173=122 X174=214 X175=147 X176=213 X177=202 X178=366 X179=267 X180=193 X181=227 X182=36 X183=141 X184=238 X185=68 X186=260 X187=319 X188=265 X189=125 X190=204 X191=197 X192=26 X193=30 X194=178 X195=32 X196=86 X197=17 X198=354 X199=374 X200=34 X201=113 X202=57 X203=148 X204=311 X205=88 X206=99 X207=210 X208=59 X209=385 X210=22 X211=262 X212=198 X213=370 X214=226 X215=28 X216=285 X217=8 X218=294 X219=110 X220=10 X221=189 X222=123 X223=330 X224=157 X225=5 X226=140 X227=317 X228=240 X229=106 X230=235 X231=332 X232=87 X233=128 X234=232 X235=80 X236=96 X237=320 X238=166 X239=77 
d NODES 324

   totalWckTime=11.062  totalCpuTime=11.09
