
   AbsCon 1.41 (January, 2014) - defaultConfiguration

   
   instance
        framework=CSP  name=Isomorphism-/cluster/gpg/ciaran/sip-benchmarks/benchmarks/si6_bvg_b06m_400/si6_b06m_m400.02/pattern-/cluster/gpg/ciaran/sip-benchmarks/benchmarks/si6_bvg_b06m_400/si6_b06m_m400.02/target
        parameters=/cluster/gpg/ciaran/sip-benchmarks/benchmarks/si6_bvg_b06m_400/si6_b06m_m400.02/pattern,/cluster/gpg/ciaran/sip-benchmarks/benchmarks/si6_bvg_b06m_400/si6_b06m_m400.02/target
      

   loading variables...
        nbVariables=240  nbDomainTypes=1  nbTotalValues=96000  domainSizes=(400:240)
          =>  wckTime=0.207  cpuTime=0.331  mem=8M196

   loading objectives...

   loading constraints...
        nbConstraints=620  nbSpecificConstraints=1  nbExtensionStructures=(1,shared:618)  nbConflictsStructures=(1,shared:618,unbuilt:1)
        degrees=(2:5)(3:11)(4:19)...(13:2)(14:1)(16:2)  arities=(2:619)(240:1)  types=(AllDifferent:1)(ConstraintHardExtensionV-Bits:619)
          =>  wckTime=0.42  cpuTime=0.537  mem=16M666

   INFO : <!-- Start saving the XML representation -->

   INFO : <!-- Stop saving the XML representation of target.xml -->

   Solver SolverBacktrack being built... 
          =>  wckTime=0.703  cpuTime=0.784  mem=25M337

    instantiation X0=0 X1=15 X2=125 X3=169 X4=186 X5=188 X6=207 X7=291 X8=312 X9=320 X10=337 X11=359 X12=375 X13=3 X14=72 X15=100 X16=174 X17=372 X18=30 X19=53 X20=75 X21=115 X22=294 X23=66 X24=83 X25=137 X26=223 X27=273 X28=194 X29=195 X30=258 X31=261 X32=287 X33=358 X34=77 X35=112 X36=178 X37=185 X38=222 X39=138 X40=255 X41=315 X42=340 X43=371 X44=120 X45=135 X46=146 X47=168 X48=284 X49=13 X50=10 X51=136 X52=182 X53=202 X54=239 X55=154 X56=192 X57=205 X58=353 X59=55 X60=123 X61=140 X62=141 X63=212 X64=4 X65=35 X66=199 X67=289 X68=311 X69=25 X70=57 X71=175 X72=180 X73=196 X74=234 X75=298 X76=386 X77=251 X78=392 X79=211 X80=321 X81=351 X82=6 X83=216 X84=45 X85=11 X86=197 X87=278 X88=280 X89=334 X90=173 X91=198 X92=313 X93=27 X94=134 X95=240 X96=247 X97=49 X98=50 X99=82 X100=148 X101=316 X102=215 X103=326 X104=249 X105=152 X106=303 X107=387 X108=21 X109=23 X110=228 X111=1 X112=17 X113=171 X114=209 X115=12 X116=29 X117=145 X118=33 X119=18 X120=297 X121=9 X122=37 X123=20 X124=363 X125=7 X126=26 X127=32 X128=62 X129=111 X130=170 X131=237 X132=242 X133=285 X134=296 X135=325 X136=366 X137=391 X138=113 X139=114 X140=139 X141=167 X142=256 X143=302 X144=349 X145=384 X146=41 X147=105 X148=301 X149=319 X150=393 X151=24 X152=56 X153=90 X154=166 X155=310 X156=132 X157=246 X158=364 X159=5 X160=323 X161=389 X162=92 X163=8 X164=109 X165=368 X166=60 X167=14 X168=64 X169=88 X170=117 X171=235 X172=257 X173=262 X174=275 X175=376 X176=181 X177=241 X178=305 X179=370 X180=86 X181=67 X182=322 X183=295 X184=2 X185=201 X186=344 X187=394 X188=96 X189=204 X190=213 X191=268 X192=347 X193=31 X194=98 X195=263 X196=357 X197=22 X198=159 X199=236 X200=279 X201=332 X202=345 X203=217 X204=244 X205=283 X206=187 X207=208 X208=218 X209=265 X210=299 X211=354 X212=374 X213=388 X214=119 X215=398 X216=76 X217=79 X218=121 X219=191 X220=219 X221=248 X222=292 X223=328 X224=382 X225=63 X226=214 X227=276 X228=350 X229=34 X230=306 X231=43 X232=68 X233=162 X234=229 X235=360 X236=177 X237=226 X238=46 X239=28 

    solution X0=0 X1=15 X2=125 X3=169 X4=186 X5=188 X6=207 X7=291 X8=312 X9=320 X10=337 X11=359 X12=375 X13=3 X14=72 X15=100 X16=174 X17=372 X18=30 X19=53 X20=75 X21=115 X22=294 X23=66 X24=83 X25=137 X26=223 X27=273 X28=194 X29=195 X30=258 X31=261 X32=287 X33=358 X34=77 X35=112 X36=178 X37=185 X38=222 X39=138 X40=255 X41=315 X42=340 X43=371 X44=120 X45=135 X46=146 X47=168 X48=284 X49=13 X50=10 X51=136 X52=182 X53=202 X54=239 X55=154 X56=192 X57=205 X58=353 X59=55 X60=123 X61=140 X62=141 X63=212 X64=4 X65=35 X66=199 X67=289 X68=311 X69=25 X70=57 X71=175 X72=180 X73=196 X74=234 X75=298 X76=386 X77=251 X78=392 X79=211 X80=321 X81=351 X82=6 X83=216 X84=45 X85=11 X86=197 X87=278 X88=280 X89=334 X90=173 X91=198 X92=313 X93=27 X94=134 X95=240 X96=247 X97=49 X98=50 X99=82 X100=148 X101=316 X102=215 X103=326 X104=249 X105=152 X106=303 X107=387 X108=21 X109=23 X110=228 X111=1 X112=17 X113=171 X114=209 X115=12 X116=29 X117=145 X118=33 X119=18 X120=297 X121=9 X122=37 X123=20 X124=363 X125=7 X126=26 X127=32 X128=62 X129=111 X130=170 X131=237 X132=242 X133=285 X134=296 X135=325 X136=366 X137=391 X138=113 X139=114 X140=139 X141=167 X142=256 X143=302 X144=349 X145=384 X146=41 X147=105 X148=301 X149=319 X150=393 X151=24 X152=56 X153=90 X154=166 X155=310 X156=132 X157=246 X158=364 X159=5 X160=323 X161=389 X162=92 X163=8 X164=109 X165=368 X166=60 X167=14 X168=64 X169=88 X170=117 X171=235 X172=257 X173=262 X174=275 X175=376 X176=181 X177=241 X178=305 X179=370 X180=86 X181=67 X182=322 X183=295 X184=2 X185=201 X186=344 X187=394 X188=96 X189=204 X190=213 X191=268 X192=347 X193=31 X194=98 X195=263 X196=357 X197=22 X198=159 X199=236 X200=279 X201=332 X202=345 X203=217 X204=244 X205=283 X206=187 X207=208 X208=218 X209=265 X210=299 X211=354 X212=374 X213=388 X214=119 X215=398 X216=76 X217=79 X218=121 X219=191 X220=219 X221=248 X222=292 X223=328 X224=382 X225=63 X226=214 X227=276 X228=350 X229=34 X230=306 X231=43 X232=68 X233=162 X234=229 X235=360 X236=177 X237=226 X238=46 X239=28 

   
   search
        run=0  nbConstraintChecks=620  depth=(min:0,max:239,avg:1)  nbEffectivePropagations=19  nbRevisions=2007  nbUselessRevisions=2007
        nbAssignments=253  nbFailedAssignments=13  nbBacktracks=0  nbVisitedNodes=267  nbRestartNogoods=0  nbFoundSolutions=1
        upperBound=9223372036854775807
          =>  wckTime=7.19  cpuTime=7.86  mem=153M843

   
   global
        nbConstraintChecks=620  nbEffectivePropagations=19  nbRevisions=2007  nbUselessRevisions=2007  nbRestartNogoods=0  solvingWckTime=7.191
        expiredTime=no  totalExploration=no  nbFoundSolutions=1  firstSolutionCpuTime=7.852  Stop=REACHED_GOAL
          =>  wckTime=7.894  cpuTime=7.86  mem=153M843

s SATISFIABLE
v X0=0 X1=15 X2=125 X3=169 X4=186 X5=188 X6=207 X7=291 X8=312 X9=320 X10=337 X11=359 X12=375 X13=3 X14=72 X15=100 X16=174 X17=372 X18=30 X19=53 X20=75 X21=115 X22=294 X23=66 X24=83 X25=137 X26=223 X27=273 X28=194 X29=195 X30=258 X31=261 X32=287 X33=358 X34=77 X35=112 X36=178 X37=185 X38=222 X39=138 X40=255 X41=315 X42=340 X43=371 X44=120 X45=135 X46=146 X47=168 X48=284 X49=13 X50=10 X51=136 X52=182 X53=202 X54=239 X55=154 X56=192 X57=205 X58=353 X59=55 X60=123 X61=140 X62=141 X63=212 X64=4 X65=35 X66=199 X67=289 X68=311 X69=25 X70=57 X71=175 X72=180 X73=196 X74=234 X75=298 X76=386 X77=251 X78=392 X79=211 X80=321 X81=351 X82=6 X83=216 X84=45 X85=11 X86=197 X87=278 X88=280 X89=334 X90=173 X91=198 X92=313 X93=27 X94=134 X95=240 X96=247 X97=49 X98=50 X99=82 X100=148 X101=316 X102=215 X103=326 X104=249 X105=152 X106=303 X107=387 X108=21 X109=23 X110=228 X111=1 X112=17 X113=171 X114=209 X115=12 X116=29 X117=145 X118=33 X119=18 X120=297 X121=9 X122=37 X123=20 X124=363 X125=7 X126=26 X127=32 X128=62 X129=111 X130=170 X131=237 X132=242 X133=285 X134=296 X135=325 X136=366 X137=391 X138=113 X139=114 X140=139 X141=167 X142=256 X143=302 X144=349 X145=384 X146=41 X147=105 X148=301 X149=319 X150=393 X151=24 X152=56 X153=90 X154=166 X155=310 X156=132 X157=246 X158=364 X159=5 X160=323 X161=389 X162=92 X163=8 X164=109 X165=368 X166=60 X167=14 X168=64 X169=88 X170=117 X171=235 X172=257 X173=262 X174=275 X175=376 X176=181 X177=241 X178=305 X179=370 X180=86 X181=67 X182=322 X183=295 X184=2 X185=201 X186=344 X187=394 X188=96 X189=204 X190=213 X191=268 X192=347 X193=31 X194=98 X195=263 X196=357 X197=22 X198=159 X199=236 X200=279 X201=332 X202=345 X203=217 X204=244 X205=283 X206=187 X207=208 X208=218 X209=265 X210=299 X211=354 X212=374 X213=388 X214=119 X215=398 X216=76 X217=79 X218=121 X219=191 X220=219 X221=248 X222=292 X223=328 X224=382 X225=63 X226=214 X227=276 X228=350 X229=34 X230=306 X231=43 X232=68 X233=162 X234=229 X235=360 X236=177 X237=226 X238=46 X239=28 
d NODES 253

   totalWckTime=7.797  totalCpuTime=7.861
