
   AbsCon 1.41 (January, 2014) - defaultConfiguration

   
   instance
        framework=CSP  name=Isomorphism-/cluster/gpg/ciaran/sip-benchmarks/benchmarks/si6_rand_r01_400/si6_r01_m400.07/pattern-/cluster/gpg/ciaran/sip-benchmarks/benchmarks/si6_rand_r01_400/si6_r01_m400.07/target
        parameters=/cluster/gpg/ciaran/sip-benchmarks/benchmarks/si6_rand_r01_400/si6_r01_m400.07/pattern,/cluster/gpg/ciaran/sip-benchmarks/benchmarks/si6_rand_r01_400/si6_r01_m400.07/target
      

   loading variables...
        nbVariables=240  nbDomainTypes=1  nbTotalValues=96000  domainSizes=(400:240)
          =>  wckTime=0.306  cpuTime=0.375  mem=9M906

   loading objectives...

   loading constraints...
        nbConstraints=5422  nbSpecificConstraints=1  nbExtensionStructures=(1,shared:5420)  nbConflictsStructures=(1,shared:5420,unbuilt:1)
        degrees=(31:1)(32:3)(33:1)...(58:1)(60:1)(68:1)  arities=(2:5421)(240:1)  types=(AllDifferent:1)(ConstraintHardExtensionV-Bits:5421)
          =>  wckTime=3.689  cpuTime=3.654  mem=280M51

   INFO : <!-- Start saving the XML representation -->

   INFO : <!-- Stop saving the XML representation of target.xml -->

   Solver SolverBacktrack being built... 
          =>  wckTime=4.078  cpuTime=4.003  mem=318M604

    instantiation X0=82 X1=90 X2=355 X3=291 X4=3 X5=170 X6=41 X7=153 X8=93 X9=130 X10=138 X11=345 X12=267 X13=199 X14=334 X15=92 X16=12 X17=313 X18=208 X19=42 X20=67 X21=238 X22=91 X23=4 X24=366 X25=145 X26=296 X27=95 X28=383 X29=265 X30=380 X31=134 X32=64 X33=104 X34=147 X35=206 X36=180 X37=386 X38=110 X39=399 X40=59 X41=137 X42=261 X43=156 X44=76 X45=105 X46=269 X47=297 X48=348 X49=44 X50=356 X51=168 X52=54 X53=48 X54=109 X55=182 X56=327 X57=232 X58=167 X59=155 X60=217 X61=337 X62=161 X63=102 X64=311 X65=7 X66=388 X67=71 X68=316 X69=191 X70=32 X71=27 X72=56 X73=122 X74=37 X75=17 X76=133 X77=66 X78=150 X79=186 X80=173 X81=77 X82=361 X83=304 X84=384 X85=377 X86=70 X87=249 X88=396 X89=347 X90=154 X91=117 X92=252 X93=367 X94=10 X95=284 X96=216 X97=358 X98=248 X99=299 X100=210 X101=255 X102=271 X103=188 X104=28 X105=149 X106=292 X107=341 X108=240 X109=169 X110=47 X111=368 X112=371 X113=251 X114=58 X115=103 X116=250 X117=227 X118=15 X119=72 X120=228 X121=19 X122=148 X123=310 X124=16 X125=73 X126=159 X127=241 X128=290 X129=253 X130=392 X131=193 X132=36 X133=124 X134=62 X135=81 X136=344 X137=202 X138=382 X139=165 X140=69 X141=38 X142=234 X143=360 X144=94 X145=275 X146=185 X147=298 X148=343 X149=23 X150=194 X151=256 X152=286 X153=283 X154=181 X155=245 X156=89 X157=274 X158=329 X159=224 X160=272 X161=300 X162=242 X163=61 X164=359 X165=171 X166=160 X167=309 X168=333 X169=287 X170=262 X171=211 X172=144 X173=235 X174=21 X175=88 X176=177 X177=97 X178=0 X179=112 X180=166 X181=22 X182=312 X183=365 X184=13 X185=373 X186=285 X187=25 X188=369 X189=260 X190=293 X191=332 X192=116 X193=390 X194=270 X195=243 X196=338 X197=57 X198=226 X199=49 X200=236 X201=387 X202=301 X203=281 X204=164 X205=100 X206=14 X207=118 X208=209 X209=5 X210=322 X211=314 X212=114 X213=354 X214=87 X215=353 X216=101 X217=273 X218=288 X219=34 X220=207 X221=74 X222=336 X223=266 X224=123 X225=157 X226=11 X227=80 X228=18 X229=86 X230=143 X231=391 X232=111 X233=370 X234=220 X235=83 X236=222 X237=375 X238=121 X239=259 

    solution X0=82 X1=90 X2=355 X3=291 X4=3 X5=170 X6=41 X7=153 X8=93 X9=130 X10=138 X11=345 X12=267 X13=199 X14=334 X15=92 X16=12 X17=313 X18=208 X19=42 X20=67 X21=238 X22=91 X23=4 X24=366 X25=145 X26=296 X27=95 X28=383 X29=265 X30=380 X31=134 X32=64 X33=104 X34=147 X35=206 X36=180 X37=386 X38=110 X39=399 X40=59 X41=137 X42=261 X43=156 X44=76 X45=105 X46=269 X47=297 X48=348 X49=44 X50=356 X51=168 X52=54 X53=48 X54=109 X55=182 X56=327 X57=232 X58=167 X59=155 X60=217 X61=337 X62=161 X63=102 X64=311 X65=7 X66=388 X67=71 X68=316 X69=191 X70=32 X71=27 X72=56 X73=122 X74=37 X75=17 X76=133 X77=66 X78=150 X79=186 X80=173 X81=77 X82=361 X83=304 X84=384 X85=377 X86=70 X87=249 X88=396 X89=347 X90=154 X91=117 X92=252 X93=367 X94=10 X95=284 X96=216 X97=358 X98=248 X99=299 X100=210 X101=255 X102=271 X103=188 X104=28 X105=149 X106=292 X107=341 X108=240 X109=169 X110=47 X111=368 X112=371 X113=251 X114=58 X115=103 X116=250 X117=227 X118=15 X119=72 X120=228 X121=19 X122=148 X123=310 X124=16 X125=73 X126=159 X127=241 X128=290 X129=253 X130=392 X131=193 X132=36 X133=124 X134=62 X135=81 X136=344 X137=202 X138=382 X139=165 X140=69 X141=38 X142=234 X143=360 X144=94 X145=275 X146=185 X147=298 X148=343 X149=23 X150=194 X151=256 X152=286 X153=283 X154=181 X155=245 X156=89 X157=274 X158=329 X159=224 X160=272 X161=300 X162=242 X163=61 X164=359 X165=171 X166=160 X167=309 X168=333 X169=287 X170=262 X171=211 X172=144 X173=235 X174=21 X175=88 X176=177 X177=97 X178=0 X179=112 X180=166 X181=22 X182=312 X183=365 X184=13 X185=373 X186=285 X187=25 X188=369 X189=260 X190=293 X191=332 X192=116 X193=390 X194=270 X195=243 X196=338 X197=57 X198=226 X199=49 X200=236 X201=387 X202=301 X203=281 X204=164 X205=100 X206=14 X207=118 X208=209 X209=5 X210=322 X211=314 X212=114 X213=354 X214=87 X215=353 X216=101 X217=273 X218=288 X219=34 X220=207 X221=74 X222=336 X223=266 X224=123 X225=157 X226=11 X227=80 X228=18 X229=86 X230=143 X231=391 X232=111 X233=370 X234=220 X235=83 X236=222 X237=375 X238=121 X239=259 

   
   search
        run=0  nbConstraintChecks=5422  depth=(min:0,max:239,avg:2)  nbEffectivePropagations=713343  nbRevisions=18658637  nbUselessRevisions=18139494
        nbAssignments=5279  nbFailedAssignments=4524  nbBacktracks=515  nbVisitedNodes=10122  nbRestartNogoods=0  nbFoundSolutions=1
        upperBound=9223372036854775807
          =>  wckTime=2930.122  cpuTime=2925.48  mem=90M768

   
   global
        nbConstraintChecks=5422  nbEffectivePropagations=713343  nbRevisions=18658637  nbUselessRevisions=18139494  nbRestartNogoods=0
        solvingWckTime=2930.123  expiredTime=no  totalExploration=no  nbFoundSolutions=1  firstSolutionCpuTime=2925.473  Stop=REACHED_GOAL
          =>  wckTime=2934.202  cpuTime=2925.481  mem=90M768

s SATISFIABLE
v X0=82 X1=90 X2=355 X3=291 X4=3 X5=170 X6=41 X7=153 X8=93 X9=130 X10=138 X11=345 X12=267 X13=199 X14=334 X15=92 X16=12 X17=313 X18=208 X19=42 X20=67 X21=238 X22=91 X23=4 X24=366 X25=145 X26=296 X27=95 X28=383 X29=265 X30=380 X31=134 X32=64 X33=104 X34=147 X35=206 X36=180 X37=386 X38=110 X39=399 X40=59 X41=137 X42=261 X43=156 X44=76 X45=105 X46=269 X47=297 X48=348 X49=44 X50=356 X51=168 X52=54 X53=48 X54=109 X55=182 X56=327 X57=232 X58=167 X59=155 X60=217 X61=337 X62=161 X63=102 X64=311 X65=7 X66=388 X67=71 X68=316 X69=191 X70=32 X71=27 X72=56 X73=122 X74=37 X75=17 X76=133 X77=66 X78=150 X79=186 X80=173 X81=77 X82=361 X83=304 X84=384 X85=377 X86=70 X87=249 X88=396 X89=347 X90=154 X91=117 X92=252 X93=367 X94=10 X95=284 X96=216 X97=358 X98=248 X99=299 X100=210 X101=255 X102=271 X103=188 X104=28 X105=149 X106=292 X107=341 X108=240 X109=169 X110=47 X111=368 X112=371 X113=251 X114=58 X115=103 X116=250 X117=227 X118=15 X119=72 X120=228 X121=19 X122=148 X123=310 X124=16 X125=73 X126=159 X127=241 X128=290 X129=253 X130=392 X131=193 X132=36 X133=124 X134=62 X135=81 X136=344 X137=202 X138=382 X139=165 X140=69 X141=38 X142=234 X143=360 X144=94 X145=275 X146=185 X147=298 X148=343 X149=23 X150=194 X151=256 X152=286 X153=283 X154=181 X155=245 X156=89 X157=274 X158=329 X159=224 X160=272 X161=300 X162=242 X163=61 X164=359 X165=171 X166=160 X167=309 X168=333 X169=287 X170=262 X171=211 X172=144 X173=235 X174=21 X175=88 X176=177 X177=97 X178=0 X179=112 X180=166 X181=22 X182=312 X183=365 X184=13 X185=373 X186=285 X187=25 X188=369 X189=260 X190=293 X191=332 X192=116 X193=390 X194=270 X195=243 X196=338 X197=57 X198=226 X199=49 X200=236 X201=387 X202=301 X203=281 X204=164 X205=100 X206=14 X207=118 X208=209 X209=5 X210=322 X211=314 X212=114 X213=354 X214=87 X215=353 X216=101 X217=273 X218=288 X219=34 X220=207 X221=74 X222=336 X223=266 X224=123 X225=157 X226=11 X227=80 X228=18 X229=86 X230=143 X231=391 X232=111 X233=370 X234=220 X235=83 X236=222 X237=375 X238=121 X239=259 
d NODES 5279

   totalWckTime=2934.047  totalCpuTime=2925.481
