
   AbsCon 1.41 (January, 2014) - defaultConfiguration

   
   instance
        framework=CSP  name=Isomorphism-/cluster/gpg/ciaran/sip-benchmarks/benchmarks/si6_bvg_b06_400/si6_b06_m400.07/pattern-/cluster/gpg/ciaran/sip-benchmarks/benchmarks/si6_bvg_b06_400/si6_b06_m400.07/target
        parameters=/cluster/gpg/ciaran/sip-benchmarks/benchmarks/si6_bvg_b06_400/si6_b06_m400.07/pattern,/cluster/gpg/ciaran/sip-benchmarks/benchmarks/si6_bvg_b06_400/si6_b06_m400.07/target
      

   loading variables...
        nbVariables=240  nbDomainTypes=1  nbTotalValues=96000  domainSizes=(400:240)
          =>  wckTime=0.212  cpuTime=0.326  mem=7M976

   loading objectives...

   loading constraints...
        nbConstraints=715  nbSpecificConstraints=1  nbExtensionStructures=(1,shared:713)  nbConflictsStructures=(1,shared:713,unbuilt:1)
        degrees=(4:2)(5:2)(6:2)(7:234)  arities=(2:714)(240:1)  types=(AllDifferent:1)(ConstraintHardExtensionV-Bits:714)
          =>  wckTime=0.477  cpuTime=0.578  mem=20M616

   INFO : <!-- Start saving the XML representation -->

   INFO : <!-- Stop saving the XML representation of target.xml -->

   Solver SolverBacktrack being built... 
          =>  wckTime=0.796  cpuTime=0.855  mem=27M83

    instantiation X0=0 X1=214 X2=308 X3=36 X4=346 X5=96 X6=279 X7=19 X8=146 X9=354 X10=57 X11=8 X12=55 X13=159 X14=65 X15=170 X16=382 X17=377 X18=224 X19=195 X20=105 X21=26 X22=226 X23=56 X24=368 X25=24 X26=208 X27=381 X28=339 X29=211 X30=40 X31=359 X32=293 X33=186 X34=305 X35=95 X36=272 X37=104 X38=138 X39=35 X40=276 X41=290 X42=361 X43=384 X44=121 X45=342 X46=396 X47=371 X48=336 X49=109 X50=9 X51=165 X52=72 X53=206 X54=176 X55=292 X56=335 X57=351 X58=213 X59=54 X60=362 X61=117 X62=258 X63=285 X64=152 X65=151 X66=190 X67=29 X68=62 X69=275 X70=366 X71=325 X72=242 X73=280 X74=39 X75=313 X76=399 X77=60 X78=87 X79=157 X80=98 X81=217 X82=218 X83=94 X84=281 X85=23 X86=268 X87=83 X88=99 X89=116 X90=316 X91=66 X92=25 X93=295 X94=379 X95=97 X96=122 X97=30 X98=222 X99=61 X100=297 X101=230 X102=147 X103=45 X104=171 X105=251 X106=153 X107=185 X108=389 X109=168 X110=274 X111=348 X112=141 X113=119 X114=245 X115=360 X116=75 X117=356 X118=6 X119=343 X120=180 X121=91 X122=250 X123=255 X124=364 X125=13 X126=196 X127=169 X128=238 X129=181 X130=264 X131=311 X132=334 X133=215 X134=89 X135=133 X136=252 X137=296 X138=178 X139=259 X140=161 X141=191 X142=123 X143=204 X144=112 X145=174 X146=287 X147=263 X148=303 X149=337 X150=148 X151=261 X152=320 X153=177 X154=395 X155=244 X156=81 X157=228 X158=282 X159=182 X160=331 X161=126 X162=114 X163=90 X164=329 X165=291 X166=347 X167=309 X168=130 X169=370 X170=139 X171=118 X172=52 X173=221 X174=299 X175=71 X176=319 X177=107 X178=199 X179=254 X180=333 X181=194 X182=369 X183=202 X184=31 X185=289 X186=41 X187=385 X188=63 X189=11 X190=239 X191=349 X192=131 X193=355 X194=187 X195=327 X196=315 X197=273 X198=33 X199=198 X200=113 X201=344 X202=390 X203=172 X204=393 X205=135 X206=124 X207=51 X208=321 X209=76 X210=286 X211=253 X212=150 X213=301 X214=326 X215=294 X216=175 X217=142 X218=201 X219=310 X220=14 X221=16 X222=137 X223=317 X224=18 X225=210 X226=375 X227=64 X228=84 X229=350 X230=386 X231=166 X232=160 X233=27 X234=378 X235=50 X236=394 X237=32 X238=358 X239=93 

    solution X0=0 X1=214 X2=308 X3=36 X4=346 X5=96 X6=279 X7=19 X8=146 X9=354 X10=57 X11=8 X12=55 X13=159 X14=65 X15=170 X16=382 X17=377 X18=224 X19=195 X20=105 X21=26 X22=226 X23=56 X24=368 X25=24 X26=208 X27=381 X28=339 X29=211 X30=40 X31=359 X32=293 X33=186 X34=305 X35=95 X36=272 X37=104 X38=138 X39=35 X40=276 X41=290 X42=361 X43=384 X44=121 X45=342 X46=396 X47=371 X48=336 X49=109 X50=9 X51=165 X52=72 X53=206 X54=176 X55=292 X56=335 X57=351 X58=213 X59=54 X60=362 X61=117 X62=258 X63=285 X64=152 X65=151 X66=190 X67=29 X68=62 X69=275 X70=366 X71=325 X72=242 X73=280 X74=39 X75=313 X76=399 X77=60 X78=87 X79=157 X80=98 X81=217 X82=218 X83=94 X84=281 X85=23 X86=268 X87=83 X88=99 X89=116 X90=316 X91=66 X92=25 X93=295 X94=379 X95=97 X96=122 X97=30 X98=222 X99=61 X100=297 X101=230 X102=147 X103=45 X104=171 X105=251 X106=153 X107=185 X108=389 X109=168 X110=274 X111=348 X112=141 X113=119 X114=245 X115=360 X116=75 X117=356 X118=6 X119=343 X120=180 X121=91 X122=250 X123=255 X124=364 X125=13 X126=196 X127=169 X128=238 X129=181 X130=264 X131=311 X132=334 X133=215 X134=89 X135=133 X136=252 X137=296 X138=178 X139=259 X140=161 X141=191 X142=123 X143=204 X144=112 X145=174 X146=287 X147=263 X148=303 X149=337 X150=148 X151=261 X152=320 X153=177 X154=395 X155=244 X156=81 X157=228 X158=282 X159=182 X160=331 X161=126 X162=114 X163=90 X164=329 X165=291 X166=347 X167=309 X168=130 X169=370 X170=139 X171=118 X172=52 X173=221 X174=299 X175=71 X176=319 X177=107 X178=199 X179=254 X180=333 X181=194 X182=369 X183=202 X184=31 X185=289 X186=41 X187=385 X188=63 X189=11 X190=239 X191=349 X192=131 X193=355 X194=187 X195=327 X196=315 X197=273 X198=33 X199=198 X200=113 X201=344 X202=390 X203=172 X204=393 X205=135 X206=124 X207=51 X208=321 X209=76 X210=286 X211=253 X212=150 X213=301 X214=326 X215=294 X216=175 X217=142 X218=201 X219=310 X220=14 X221=16 X222=137 X223=317 X224=18 X225=210 X226=375 X227=64 X228=84 X229=350 X230=386 X231=166 X232=160 X233=27 X234=378 X235=50 X236=394 X237=32 X238=358 X239=93 

   
   search
        run=0  nbConstraintChecks=715  depth=(min:241,max:239,avg:0)  nbEffectivePropagations=2  nbRevisions=3534  nbUselessRevisions=3534
        nbAssignments=240  nbFailedAssignments=0  nbBacktracks=0  nbVisitedNodes=241  nbRestartNogoods=0  nbFoundSolutions=1
        upperBound=9223372036854775807
          =>  wckTime=6.488  cpuTime=7.233  mem=260M986

   
   global
        nbConstraintChecks=715  nbEffectivePropagations=2  nbRevisions=3534  nbUselessRevisions=3534  nbRestartNogoods=0  solvingWckTime=6.489
        expiredTime=no  totalExploration=no  nbFoundSolutions=1  firstSolutionCpuTime=7.224  Stop=REACHED_GOAL
          =>  wckTime=7.285  cpuTime=7.234  mem=260M986

s SATISFIABLE
v X0=0 X1=214 X2=308 X3=36 X4=346 X5=96 X6=279 X7=19 X8=146 X9=354 X10=57 X11=8 X12=55 X13=159 X14=65 X15=170 X16=382 X17=377 X18=224 X19=195 X20=105 X21=26 X22=226 X23=56 X24=368 X25=24 X26=208 X27=381 X28=339 X29=211 X30=40 X31=359 X32=293 X33=186 X34=305 X35=95 X36=272 X37=104 X38=138 X39=35 X40=276 X41=290 X42=361 X43=384 X44=121 X45=342 X46=396 X47=371 X48=336 X49=109 X50=9 X51=165 X52=72 X53=206 X54=176 X55=292 X56=335 X57=351 X58=213 X59=54 X60=362 X61=117 X62=258 X63=285 X64=152 X65=151 X66=190 X67=29 X68=62 X69=275 X70=366 X71=325 X72=242 X73=280 X74=39 X75=313 X76=399 X77=60 X78=87 X79=157 X80=98 X81=217 X82=218 X83=94 X84=281 X85=23 X86=268 X87=83 X88=99 X89=116 X90=316 X91=66 X92=25 X93=295 X94=379 X95=97 X96=122 X97=30 X98=222 X99=61 X100=297 X101=230 X102=147 X103=45 X104=171 X105=251 X106=153 X107=185 X108=389 X109=168 X110=274 X111=348 X112=141 X113=119 X114=245 X115=360 X116=75 X117=356 X118=6 X119=343 X120=180 X121=91 X122=250 X123=255 X124=364 X125=13 X126=196 X127=169 X128=238 X129=181 X130=264 X131=311 X132=334 X133=215 X134=89 X135=133 X136=252 X137=296 X138=178 X139=259 X140=161 X141=191 X142=123 X143=204 X144=112 X145=174 X146=287 X147=263 X148=303 X149=337 X150=148 X151=261 X152=320 X153=177 X154=395 X155=244 X156=81 X157=228 X158=282 X159=182 X160=331 X161=126 X162=114 X163=90 X164=329 X165=291 X166=347 X167=309 X168=130 X169=370 X170=139 X171=118 X172=52 X173=221 X174=299 X175=71 X176=319 X177=107 X178=199 X179=254 X180=333 X181=194 X182=369 X183=202 X184=31 X185=289 X186=41 X187=385 X188=63 X189=11 X190=239 X191=349 X192=131 X193=355 X194=187 X195=327 X196=315 X197=273 X198=33 X199=198 X200=113 X201=344 X202=390 X203=172 X204=393 X205=135 X206=124 X207=51 X208=321 X209=76 X210=286 X211=253 X212=150 X213=301 X214=326 X215=294 X216=175 X217=142 X218=201 X219=310 X220=14 X221=16 X222=137 X223=317 X224=18 X225=210 X226=375 X227=64 X228=84 X229=350 X230=386 X231=166 X232=160 X233=27 X234=378 X235=50 X236=394 X237=32 X238=358 X239=93 
d NODES 240

   totalWckTime=7.178  totalCpuTime=7.234
