
   AbsCon 1.41 (January, 2014) - defaultConfiguration

   
   instance
        framework=CSP  name=Isomorphism-/cluster/gpg/ciaran/sip-benchmarks/benchmarks/si6_bvg_b03_400/si6_b03_m400.09/pattern-/cluster/gpg/ciaran/sip-benchmarks/benchmarks/si6_bvg_b03_400/si6_b03_m400.09/target
        parameters=/cluster/gpg/ciaran/sip-benchmarks/benchmarks/si6_bvg_b03_400/si6_b03_m400.09/pattern,/cluster/gpg/ciaran/sip-benchmarks/benchmarks/si6_bvg_b03_400/si6_b03_m400.09/target
      

   loading variables...
        nbVariables=240  nbDomainTypes=1  nbTotalValues=96000  domainSizes=(400:240)
          =>  wckTime=0.2  cpuTime=0.319  mem=7M600

   loading objectives...

   loading constraints...
        nbConstraints=358  nbSpecificConstraints=1  nbExtensionStructures=(1,shared:356)  nbConflictsStructures=(1,shared:356,unbuilt:1)
        degrees=(2:2)(3:2)(4:236)  arities=(2:357)(240:1)  types=(AllDifferent:1)(ConstraintHardExtensionV-Bits:357)
          =>  wckTime=0.318  cpuTime=0.433  mem=11M310

   INFO : <!-- Start saving the XML representation -->

   INFO : <!-- Stop saving the XML representation of target.xml -->

   Solver SolverBacktrack being built... 
          =>  wckTime=0.582  cpuTime=0.662  mem=24M76

    instantiation X0=0 X1=46 X2=88 X3=204 X4=199 X5=244 X6=64 X7=203 X8=226 X9=311 X10=321 X11=284 X12=163 X13=363 X14=217 X15=385 X16=262 X17=36 X18=141 X19=185 X20=145 X21=312 X22=331 X23=131 X24=73 X25=100 X26=353 X27=106 X28=179 X29=103 X30=273 X31=258 X32=21 X33=303 X34=384 X35=200 X36=14 X37=148 X38=23 X39=362 X40=327 X41=72 X42=260 X43=215 X44=39 X45=153 X46=242 X47=276 X48=316 X49=301 X50=317 X51=348 X52=97 X53=337 X54=350 X55=205 X56=320 X57=125 X58=323 X59=55 X60=109 X61=333 X62=351 X63=392 X64=161 X65=395 X66=275 X67=202 X68=354 X69=329 X70=12 X71=139 X72=151 X73=355 X74=84 X75=90 X76=120 X77=289 X78=115 X79=254 X80=231 X81=245 X82=138 X83=78 X84=322 X85=248 X86=11 X87=213 X88=296 X89=380 X90=24 X91=394 X92=294 X93=365 X94=336 X95=249 X96=110 X97=342 X98=195 X99=335 X100=227 X101=306 X102=178 X103=94 X104=288 X105=132 X106=81 X107=369 X108=61 X109=186 X110=256 X111=91 X112=304 X113=129 X114=252 X115=225 X116=80 X117=341 X118=136 X119=69 X120=121 X121=297 X122=274 X123=130 X124=150 X125=60 X126=133 X127=35 X128=112 X129=272 X130=364 X131=257 X132=318 X133=234 X134=166 X135=190 X136=259 X137=22 X138=368 X139=387 X140=7 X141=95 X142=269 X143=356 X144=399 X145=30 X146=295 X147=135 X148=228 X149=89 X150=367 X151=147 X152=2 X153=18 X154=143 X155=326 X156=113 X157=361 X158=126 X159=188 X160=187 X161=253 X162=87 X163=382 X164=229 X165=123 X166=370 X167=247 X168=267 X169=68 X170=162 X171=157 X172=381 X173=20 X174=237 X175=280 X176=38 X177=222 X178=292 X179=366 X180=286 X181=1 X182=154 X183=108 X184=173 X185=114 X186=197 X187=105 X188=159 X189=47 X190=167 X191=251 X192=206 X193=71 X194=192 X195=140 X196=255 X197=268 X198=281 X199=313 X200=177 X201=175 X202=220 X203=107 X204=29 X205=375 X206=277 X207=182 X208=193 X209=77 X210=343 X211=180 X212=224 X213=309 X214=279 X215=74 X216=98 X217=324 X218=338 X219=53 X220=298 X221=122 X222=235 X223=155 X224=352 X225=194 X226=189 X227=334 X228=389 X229=144 X230=223 X231=181 X232=211 X233=57 X234=360 X235=293 X236=201 X237=397 X238=93 X239=264 

    solution X0=0 X1=46 X2=88 X3=204 X4=199 X5=244 X6=64 X7=203 X8=226 X9=311 X10=321 X11=284 X12=163 X13=363 X14=217 X15=385 X16=262 X17=36 X18=141 X19=185 X20=145 X21=312 X22=331 X23=131 X24=73 X25=100 X26=353 X27=106 X28=179 X29=103 X30=273 X31=258 X32=21 X33=303 X34=384 X35=200 X36=14 X37=148 X38=23 X39=362 X40=327 X41=72 X42=260 X43=215 X44=39 X45=153 X46=242 X47=276 X48=316 X49=301 X50=317 X51=348 X52=97 X53=337 X54=350 X55=205 X56=320 X57=125 X58=323 X59=55 X60=109 X61=333 X62=351 X63=392 X64=161 X65=395 X66=275 X67=202 X68=354 X69=329 X70=12 X71=139 X72=151 X73=355 X74=84 X75=90 X76=120 X77=289 X78=115 X79=254 X80=231 X81=245 X82=138 X83=78 X84=322 X85=248 X86=11 X87=213 X88=296 X89=380 X90=24 X91=394 X92=294 X93=365 X94=336 X95=249 X96=110 X97=342 X98=195 X99=335 X100=227 X101=306 X102=178 X103=94 X104=288 X105=132 X106=81 X107=369 X108=61 X109=186 X110=256 X111=91 X112=304 X113=129 X114=252 X115=225 X116=80 X117=341 X118=136 X119=69 X120=121 X121=297 X122=274 X123=130 X124=150 X125=60 X126=133 X127=35 X128=112 X129=272 X130=364 X131=257 X132=318 X133=234 X134=166 X135=190 X136=259 X137=22 X138=368 X139=387 X140=7 X141=95 X142=269 X143=356 X144=399 X145=30 X146=295 X147=135 X148=228 X149=89 X150=367 X151=147 X152=2 X153=18 X154=143 X155=326 X156=113 X157=361 X158=126 X159=188 X160=187 X161=253 X162=87 X163=382 X164=229 X165=123 X166=370 X167=247 X168=267 X169=68 X170=162 X171=157 X172=381 X173=20 X174=237 X175=280 X176=38 X177=222 X178=292 X179=366 X180=286 X181=1 X182=154 X183=108 X184=173 X185=114 X186=197 X187=105 X188=159 X189=47 X190=167 X191=251 X192=206 X193=71 X194=192 X195=140 X196=255 X197=268 X198=281 X199=313 X200=177 X201=175 X202=220 X203=107 X204=29 X205=375 X206=277 X207=182 X208=193 X209=77 X210=343 X211=180 X212=224 X213=309 X214=279 X215=74 X216=98 X217=324 X218=338 X219=53 X220=298 X221=122 X222=235 X223=155 X224=352 X225=194 X226=189 X227=334 X228=389 X229=144 X230=223 X231=181 X232=211 X233=57 X234=360 X235=293 X236=201 X237=397 X238=93 X239=264 

   
   search
        run=0  nbConstraintChecks=358  depth=(min:241,max:239,avg:0)  nbEffectivePropagations=353  nbRevisions=1763  nbUselessRevisions=1763
        nbAssignments=240  nbFailedAssignments=0  nbBacktracks=0  nbVisitedNodes=241  nbRestartNogoods=0  nbFoundSolutions=1
        upperBound=9223372036854775807
          =>  wckTime=3.491  cpuTime=4.023  mem=326M413

   
   global
        nbConstraintChecks=358  nbEffectivePropagations=353  nbRevisions=1763  nbUselessRevisions=1763  nbRestartNogoods=0  solvingWckTime=3.491
        expiredTime=no  totalExploration=no  nbFoundSolutions=1  firstSolutionCpuTime=4.013  Stop=REACHED_GOAL
          =>  wckTime=4.075  cpuTime=4.023  mem=326M413

s SATISFIABLE
v X0=0 X1=46 X2=88 X3=204 X4=199 X5=244 X6=64 X7=203 X8=226 X9=311 X10=321 X11=284 X12=163 X13=363 X14=217 X15=385 X16=262 X17=36 X18=141 X19=185 X20=145 X21=312 X22=331 X23=131 X24=73 X25=100 X26=353 X27=106 X28=179 X29=103 X30=273 X31=258 X32=21 X33=303 X34=384 X35=200 X36=14 X37=148 X38=23 X39=362 X40=327 X41=72 X42=260 X43=215 X44=39 X45=153 X46=242 X47=276 X48=316 X49=301 X50=317 X51=348 X52=97 X53=337 X54=350 X55=205 X56=320 X57=125 X58=323 X59=55 X60=109 X61=333 X62=351 X63=392 X64=161 X65=395 X66=275 X67=202 X68=354 X69=329 X70=12 X71=139 X72=151 X73=355 X74=84 X75=90 X76=120 X77=289 X78=115 X79=254 X80=231 X81=245 X82=138 X83=78 X84=322 X85=248 X86=11 X87=213 X88=296 X89=380 X90=24 X91=394 X92=294 X93=365 X94=336 X95=249 X96=110 X97=342 X98=195 X99=335 X100=227 X101=306 X102=178 X103=94 X104=288 X105=132 X106=81 X107=369 X108=61 X109=186 X110=256 X111=91 X112=304 X113=129 X114=252 X115=225 X116=80 X117=341 X118=136 X119=69 X120=121 X121=297 X122=274 X123=130 X124=150 X125=60 X126=133 X127=35 X128=112 X129=272 X130=364 X131=257 X132=318 X133=234 X134=166 X135=190 X136=259 X137=22 X138=368 X139=387 X140=7 X141=95 X142=269 X143=356 X144=399 X145=30 X146=295 X147=135 X148=228 X149=89 X150=367 X151=147 X152=2 X153=18 X154=143 X155=326 X156=113 X157=361 X158=126 X159=188 X160=187 X161=253 X162=87 X163=382 X164=229 X165=123 X166=370 X167=247 X168=267 X169=68 X170=162 X171=157 X172=381 X173=20 X174=237 X175=280 X176=38 X177=222 X178=292 X179=366 X180=286 X181=1 X182=154 X183=108 X184=173 X185=114 X186=197 X187=105 X188=159 X189=47 X190=167 X191=251 X192=206 X193=71 X194=192 X195=140 X196=255 X197=268 X198=281 X199=313 X200=177 X201=175 X202=220 X203=107 X204=29 X205=375 X206=277 X207=182 X208=193 X209=77 X210=343 X211=180 X212=224 X213=309 X214=279 X215=74 X216=98 X217=324 X218=338 X219=53 X220=298 X221=122 X222=235 X223=155 X224=352 X225=194 X226=189 X227=334 X228=389 X229=144 X230=223 X231=181 X232=211 X233=57 X234=360 X235=293 X236=201 X237=397 X238=93 X239=264 
d NODES 240

   totalWckTime=3.98  totalCpuTime=4.024

