
   AbsCon 1.41 (January, 2014) - defaultConfiguration

   
   instance
        framework=CSP  name=Isomorphism-/cluster/gpg/ciaran/sip-benchmarks/benchmarks/si6_rand_r005_400/si6_r005_m400.05/pattern-/cluster/gpg/ciaran/sip-benchmarks/benchmarks/si6_rand_r005_400/si6_r005_m400.05/target
        parameters=/cluster/gpg/ciaran/sip-benchmarks/benchmarks/si6_rand_r005_400/si6_r005_m400.05/pattern,/cluster/gpg/ciaran/sip-benchmarks/benchmarks/si6_rand_r005_400/si6_r005_m400.05/target
      

   loading variables...
        nbVariables=240  nbDomainTypes=1  nbTotalValues=96000  domainSizes=(400:240)
          =>  wckTime=0.254  cpuTime=0.405  mem=8M524

   loading objectives...

   loading constraints...
        nbConstraints=2732  nbSpecificConstraints=1  nbExtensionStructures=(1,shared:2730)  nbConflictsStructures=(1,shared:2730,unbuilt:1)
        degrees=(13:1)(14:1)(15:5)...(35:1)(36:1)(37:1)  arities=(2:2731)(240:1)  types=(AllDifferent:1)(ConstraintHardExtensionV-Bits:2731)
          =>  wckTime=1.325  cpuTime=1.427  mem=132M989

   INFO : <!-- Start saving the XML representation -->

   INFO : <!-- Stop saving the XML representation of target.xml -->

   Solver SolverBacktrack being built... 
          =>  wckTime=1.982  cpuTime=1.717  mem=168M275

    instantiation X0=205 X1=68 X2=127 X3=179 X4=276 X5=26 X6=327 X7=361 X8=234 X9=201 X10=371 X11=92 X12=172 X13=328 X14=11 X15=271 X16=257 X17=182 X18=399 X19=341 X20=36 X21=180 X22=217 X23=294 X24=96 X25=130 X26=74 X27=239 X28=255 X29=100 X30=126 X31=115 X32=275 X33=167 X34=351 X35=358 X36=370 X37=51 X38=377 X39=151 X40=209 X41=78 X42=248 X43=242 X44=134 X45=227 X46=332 X47=322 X48=104 X49=386 X50=379 X51=33 X52=306 X53=316 X54=198 X55=261 X56=105 X57=143 X58=252 X59=152 X60=281 X61=103 X62=215 X63=197 X64=171 X65=233 X66=349 X67=232 X68=366 X69=240 X70=101 X71=56 X72=318 X73=298 X74=302 X75=148 X76=373 X77=83 X78=154 X79=375 X80=391 X81=223 X82=184 X83=333 X84=228 X85=162 X86=22 X87=385 X88=123 X89=157 X90=142 X91=251 X92=315 X93=372 X94=32 X95=343 X96=254 X97=249 X98=13 X99=313 X100=57 X101=296 X102=336 X103=129 X104=300 X105=260 X106=297 X107=16 X108=174 X109=128 X110=3 X111=14 X112=342 X113=278 X114=219 X115=348 X116=66 X117=116 X118=2 X119=382 X120=397 X121=244 X122=213 X123=73 X124=112 X125=346 X126=193 X127=99 X128=1 X129=287 X130=301 X131=155 X132=344 X133=168 X134=364 X135=61 X136=280 X137=229 X138=290 X139=288 X140=365 X141=88 X142=258 X143=321 X144=295 X145=235 X146=387 X147=156 X148=338 X149=200 X150=40 X151=170 X152=24 X153=53 X154=10 X155=4 X156=119 X157=396 X158=158 X159=147 X160=212 X161=38 X162=187 X163=97 X164=356 X165=153 X166=207 X167=389 X168=178 X169=220 X170=149 X171=357 X172=291 X173=293 X174=284 X175=206 X176=136 X177=320 X178=269 X179=221 X180=54 X181=9 X182=175 X183=28 X184=367 X185=35 X186=374 X187=283 X188=181 X189=71 X190=62 X191=246 X192=63 X193=23 X194=312 X195=305 X196=72 X197=169 X198=189 X199=310 X200=311 X201=272 X202=25 X203=210 X204=7 X205=337 X206=268 X207=80 X208=292 X209=163 X210=308 X211=241 X212=384 X213=259 X214=383 X215=395 X216=77 X217=218 X218=192 X219=89 X220=282 X221=393 X222=238 X223=110 X224=160 X225=18 X226=124 X227=277 X228=340 X229=55 X230=330 X231=390 X232=31 X233=146 X234=190 X235=49 X236=118 X237=359 X238=30 X239=243 

    solution X0=205 X1=68 X2=127 X3=179 X4=276 X5=26 X6=327 X7=361 X8=234 X9=201 X10=371 X11=92 X12=172 X13=328 X14=11 X15=271 X16=257 X17=182 X18=399 X19=341 X20=36 X21=180 X22=217 X23=294 X24=96 X25=130 X26=74 X27=239 X28=255 X29=100 X30=126 X31=115 X32=275 X33=167 X34=351 X35=358 X36=370 X37=51 X38=377 X39=151 X40=209 X41=78 X42=248 X43=242 X44=134 X45=227 X46=332 X47=322 X48=104 X49=386 X50=379 X51=33 X52=306 X53=316 X54=198 X55=261 X56=105 X57=143 X58=252 X59=152 X60=281 X61=103 X62=215 X63=197 X64=171 X65=233 X66=349 X67=232 X68=366 X69=240 X70=101 X71=56 X72=318 X73=298 X74=302 X75=148 X76=373 X77=83 X78=154 X79=375 X80=391 X81=223 X82=184 X83=333 X84=228 X85=162 X86=22 X87=385 X88=123 X89=157 X90=142 X91=251 X92=315 X93=372 X94=32 X95=343 X96=254 X97=249 X98=13 X99=313 X100=57 X101=296 X102=336 X103=129 X104=300 X105=260 X106=297 X107=16 X108=174 X109=128 X110=3 X111=14 X112=342 X113=278 X114=219 X115=348 X116=66 X117=116 X118=2 X119=382 X120=397 X121=244 X122=213 X123=73 X124=112 X125=346 X126=193 X127=99 X128=1 X129=287 X130=301 X131=155 X132=344 X133=168 X134=364 X135=61 X136=280 X137=229 X138=290 X139=288 X140=365 X141=88 X142=258 X143=321 X144=295 X145=235 X146=387 X147=156 X148=338 X149=200 X150=40 X151=170 X152=24 X153=53 X154=10 X155=4 X156=119 X157=396 X158=158 X159=147 X160=212 X161=38 X162=187 X163=97 X164=356 X165=153 X166=207 X167=389 X168=178 X169=220 X170=149 X171=357 X172=291 X173=293 X174=284 X175=206 X176=136 X177=320 X178=269 X179=221 X180=54 X181=9 X182=175 X183=28 X184=367 X185=35 X186=374 X187=283 X188=181 X189=71 X190=62 X191=246 X192=63 X193=23 X194=312 X195=305 X196=72 X197=169 X198=189 X199=310 X200=311 X201=272 X202=25 X203=210 X204=7 X205=337 X206=268 X207=80 X208=292 X209=163 X210=308 X211=241 X212=384 X213=259 X214=383 X215=395 X216=77 X217=218 X218=192 X219=89 X220=282 X221=393 X222=238 X223=110 X224=160 X225=18 X226=124 X227=277 X228=340 X229=55 X230=330 X231=390 X232=31 X233=146 X234=190 X235=49 X236=118 X237=359 X238=30 X239=243 

   
   search
        run=0  nbConstraintChecks=2732  depth=(min:0,max:239,avg:1)  nbEffectivePropagations=33894  nbRevisions=614189  nbUselessRevisions=591954
        nbAssignments=788  nbFailedAssignments=522  nbBacktracks=26  nbVisitedNodes=1331  nbRestartNogoods=0  nbFoundSolutions=1
        upperBound=9223372036854775807
          =>  wckTime=179.759  cpuTime=181.209  mem=79M294

   
   global
        nbConstraintChecks=2732  nbEffectivePropagations=33894  nbRevisions=614189  nbUselessRevisions=591954  nbRestartNogoods=0
        solvingWckTime=179.76  expiredTime=no  totalExploration=no  nbFoundSolutions=1  firstSolutionCpuTime=181.203  Stop=REACHED_GOAL
          =>  wckTime=181.742  cpuTime=181.209  mem=79M294

s SATISFIABLE
v X0=205 X1=68 X2=127 X3=179 X4=276 X5=26 X6=327 X7=361 X8=234 X9=201 X10=371 X11=92 X12=172 X13=328 X14=11 X15=271 X16=257 X17=182 X18=399 X19=341 X20=36 X21=180 X22=217 X23=294 X24=96 X25=130 X26=74 X27=239 X28=255 X29=100 X30=126 X31=115 X32=275 X33=167 X34=351 X35=358 X36=370 X37=51 X38=377 X39=151 X40=209 X41=78 X42=248 X43=242 X44=134 X45=227 X46=332 X47=322 X48=104 X49=386 X50=379 X51=33 X52=306 X53=316 X54=198 X55=261 X56=105 X57=143 X58=252 X59=152 X60=281 X61=103 X62=215 X63=197 X64=171 X65=233 X66=349 X67=232 X68=366 X69=240 X70=101 X71=56 X72=318 X73=298 X74=302 X75=148 X76=373 X77=83 X78=154 X79=375 X80=391 X81=223 X82=184 X83=333 X84=228 X85=162 X86=22 X87=385 X88=123 X89=157 X90=142 X91=251 X92=315 X93=372 X94=32 X95=343 X96=254 X97=249 X98=13 X99=313 X100=57 X101=296 X102=336 X103=129 X104=300 X105=260 X106=297 X107=16 X108=174 X109=128 X110=3 X111=14 X112=342 X113=278 X114=219 X115=348 X116=66 X117=116 X118=2 X119=382 X120=397 X121=244 X122=213 X123=73 X124=112 X125=346 X126=193 X127=99 X128=1 X129=287 X130=301 X131=155 X132=344 X133=168 X134=364 X135=61 X136=280 X137=229 X138=290 X139=288 X140=365 X141=88 X142=258 X143=321 X144=295 X145=235 X146=387 X147=156 X148=338 X149=200 X150=40 X151=170 X152=24 X153=53 X154=10 X155=4 X156=119 X157=396 X158=158 X159=147 X160=212 X161=38 X162=187 X163=97 X164=356 X165=153 X166=207 X167=389 X168=178 X169=220 X170=149 X171=357 X172=291 X173=293 X174=284 X175=206 X176=136 X177=320 X178=269 X179=221 X180=54 X181=9 X182=175 X183=28 X184=367 X185=35 X186=374 X187=283 X188=181 X189=71 X190=62 X191=246 X192=63 X193=23 X194=312 X195=305 X196=72 X197=169 X198=189 X199=310 X200=311 X201=272 X202=25 X203=210 X204=7 X205=337 X206=268 X207=80 X208=292 X209=163 X210=308 X211=241 X212=384 X213=259 X214=383 X215=395 X216=77 X217=218 X218=192 X219=89 X220=282 X221=393 X222=238 X223=110 X224=160 X225=18 X226=124 X227=277 X228=340 X229=55 X230=330 X231=390 X232=31 X233=146 X234=190 X235=49 X236=118 X237=359 X238=30 X239=243 
d NODES 788

   totalWckTime=181.624  totalCpuTime=181.21
