
   AbsCon 1.41 (January, 2014) - defaultConfiguration

   
   instance
        framework=CSP  name=Isomorphism-/cluster/gpg/ciaran/sip-benchmarks/benchmarks/si6_bvg_b06m_400/si6_b06m_m400.00/pattern-/cluster/gpg/ciaran/sip-benchmarks/benchmarks/si6_bvg_b06m_400/si6_b06m_m400.00/target
        parameters=/cluster/gpg/ciaran/sip-benchmarks/benchmarks/si6_bvg_b06m_400/si6_b06m_m400.00/pattern,/cluster/gpg/ciaran/sip-benchmarks/benchmarks/si6_bvg_b06m_400/si6_b06m_m400.00/target
      

   loading variables...
        nbVariables=240  nbDomainTypes=1  nbTotalValues=96000  domainSizes=(400:240)
          =>  wckTime=0.195  cpuTime=0.352  mem=7M709

   loading objectives...

   loading constraints...
        nbConstraints=586  nbSpecificConstraints=1  nbExtensionStructures=(1,shared:584)  nbConflictsStructures=(1,shared:584,unbuilt:1)
        degrees=(2:6)(3:11)(4:41)...(15:1)(18:1)(19:2)  arities=(2:585)(240:1)  types=(AllDifferent:1)(ConstraintHardExtensionV-Bits:585)
          =>  wckTime=0.414  cpuTime=0.556  mem=16M58

   INFO : <!-- Start saving the XML representation -->

   INFO : <!-- Stop saving the XML representation of target.xml -->

   Solver SolverBacktrack being built... 
          =>  wckTime=0.683  cpuTime=0.791  mem=25M129

    instantiation X0=0 X1=1 X2=4 X3=30 X4=32 X5=46 X6=150 X7=166 X8=194 X9=286 X10=287 X11=312 X12=341 X13=383 X14=5 X15=6 X16=52 X17=55 X18=80 X19=88 X20=97 X21=98 X22=112 X23=196 X24=207 X25=222 X26=226 X27=285 X28=356 X29=384 X30=23 X31=58 X32=125 X33=130 X34=191 X35=201 X36=235 X37=240 X38=246 X39=266 X40=267 X41=275 X42=281 X43=300 X44=306 X45=336 X46=386 X47=36 X48=44 X49=146 X50=195 X51=237 X52=279 X53=372 X54=57 X55=225 X56=323 X57=95 X58=99 X59=124 X60=143 X61=187 X62=272 X63=71 X64=70 X65=159 X66=258 X67=326 X68=313 X69=359 X70=7 X71=111 X72=228 X73=265 X74=373 X75=174 X76=288 X77=93 X78=183 X79=346 X80=358 X81=390 X82=10 X83=170 X84=305 X85=67 X86=162 X87=335 X88=344 X89=54 X90=86 X91=120 X92=132 X93=142 X94=167 X95=177 X96=186 X97=204 X98=209 X99=231 X100=248 X101=8 X102=26 X103=72 X104=75 X105=119 X106=215 X107=241 X108=276 X109=339 X110=12 X111=74 X112=103 X113=135 X114=168 X115=92 X116=128 X117=398 X118=15 X119=155 X120=198 X121=338 X122=399 X123=33 X124=42 X125=20 X126=141 X127=302 X128=311 X129=368 X130=31 X131=304 X132=13 X133=91 X134=193 X135=256 X136=334 X137=109 X138=213 X139=395 X140=66 X141=319 X142=65 X143=273 X144=294 X145=347 X146=22 X147=176 X148=374 X149=375 X150=85 X151=156 X152=236 X153=242 X154=2 X155=24 X156=133 X157=224 X158=243 X159=262 X160=84 X161=122 X162=189 X163=233 X164=352 X165=247 X166=17 X167=62 X168=138 X169=393 X170=11 X171=90 X172=349 X173=333 X174=94 X175=108 X176=129 X177=385 X178=136 X179=107 X180=28 X181=264 X182=250 X183=342 X184=382 X185=309 X186=27 X187=367 X188=297 X189=25 X190=101 X191=115 X192=118 X193=217 X194=324 X195=14 X196=214 X197=277 X198=296 X199=376 X200=192 X201=329 X202=354 X203=77 X204=148 X205=210 X206=327 X207=350 X208=37 X209=182 X210=203 X211=149 X212=361 X213=397 X214=263 X215=282 X216=252 X217=260 X218=50 X219=299 X220=365 X221=3 X222=48 X223=69 X224=121 X225=379 X226=391 X227=331 X228=396 X229=219 X230=16 X231=255 X232=53 X233=370 X234=257 X235=317 X236=363 X237=310 X238=343 X239=56 

    solution X0=0 X1=1 X2=4 X3=30 X4=32 X5=46 X6=150 X7=166 X8=194 X9=286 X10=287 X11=312 X12=341 X13=383 X14=5 X15=6 X16=52 X17=55 X18=80 X19=88 X20=97 X21=98 X22=112 X23=196 X24=207 X25=222 X26=226 X27=285 X28=356 X29=384 X30=23 X31=58 X32=125 X33=130 X34=191 X35=201 X36=235 X37=240 X38=246 X39=266 X40=267 X41=275 X42=281 X43=300 X44=306 X45=336 X46=386 X47=36 X48=44 X49=146 X50=195 X51=237 X52=279 X53=372 X54=57 X55=225 X56=323 X57=95 X58=99 X59=124 X60=143 X61=187 X62=272 X63=71 X64=70 X65=159 X66=258 X67=326 X68=313 X69=359 X70=7 X71=111 X72=228 X73=265 X74=373 X75=174 X76=288 X77=93 X78=183 X79=346 X80=358 X81=390 X82=10 X83=170 X84=305 X85=67 X86=162 X87=335 X88=344 X89=54 X90=86 X91=120 X92=132 X93=142 X94=167 X95=177 X96=186 X97=204 X98=209 X99=231 X100=248 X101=8 X102=26 X103=72 X104=75 X105=119 X106=215 X107=241 X108=276 X109=339 X110=12 X111=74 X112=103 X113=135 X114=168 X115=92 X116=128 X117=398 X118=15 X119=155 X120=198 X121=338 X122=399 X123=33 X124=42 X125=20 X126=141 X127=302 X128=311 X129=368 X130=31 X131=304 X132=13 X133=91 X134=193 X135=256 X136=334 X137=109 X138=213 X139=395 X140=66 X141=319 X142=65 X143=273 X144=294 X145=347 X146=22 X147=176 X148=374 X149=375 X150=85 X151=156 X152=236 X153=242 X154=2 X155=24 X156=133 X157=224 X158=243 X159=262 X160=84 X161=122 X162=189 X163=233 X164=352 X165=247 X166=17 X167=62 X168=138 X169=393 X170=11 X171=90 X172=349 X173=333 X174=94 X175=108 X176=129 X177=385 X178=136 X179=107 X180=28 X181=264 X182=250 X183=342 X184=382 X185=309 X186=27 X187=367 X188=297 X189=25 X190=101 X191=115 X192=118 X193=217 X194=324 X195=14 X196=214 X197=277 X198=296 X199=376 X200=192 X201=329 X202=354 X203=77 X204=148 X205=210 X206=327 X207=350 X208=37 X209=182 X210=203 X211=149 X212=361 X213=397 X214=263 X215=282 X216=252 X217=260 X218=50 X219=299 X220=365 X221=3 X222=48 X223=69 X224=121 X225=379 X226=391 X227=331 X228=396 X229=219 X230=16 X231=255 X232=53 X233=370 X234=257 X235=317 X236=363 X237=310 X238=343 X239=56 

   
   search
        run=0  nbConstraintChecks=586  depth=(min:0,max:239,avg:1)  nbEffectivePropagations=19  nbRevisions=1755  nbUselessRevisions=1755
        nbAssignments=244  nbFailedAssignments=4  nbBacktracks=0  nbVisitedNodes=249  nbRestartNogoods=0  nbFoundSolutions=1
        upperBound=9223372036854775807
          =>  wckTime=7.124  cpuTime=7.783  mem=204M417

   
   global
        nbConstraintChecks=586  nbEffectivePropagations=19  nbRevisions=1755  nbUselessRevisions=1755  nbRestartNogoods=0  solvingWckTime=7.125
        expiredTime=no  totalExploration=no  nbFoundSolutions=1  firstSolutionCpuTime=7.774  Stop=REACHED_GOAL
          =>  wckTime=7.809  cpuTime=7.783  mem=204M417

s SATISFIABLE
v X0=0 X1=1 X2=4 X3=30 X4=32 X5=46 X6=150 X7=166 X8=194 X9=286 X10=287 X11=312 X12=341 X13=383 X14=5 X15=6 X16=52 X17=55 X18=80 X19=88 X20=97 X21=98 X22=112 X23=196 X24=207 X25=222 X26=226 X27=285 X28=356 X29=384 X30=23 X31=58 X32=125 X33=130 X34=191 X35=201 X36=235 X37=240 X38=246 X39=266 X40=267 X41=275 X42=281 X43=300 X44=306 X45=336 X46=386 X47=36 X48=44 X49=146 X50=195 X51=237 X52=279 X53=372 X54=57 X55=225 X56=323 X57=95 X58=99 X59=124 X60=143 X61=187 X62=272 X63=71 X64=70 X65=159 X66=258 X67=326 X68=313 X69=359 X70=7 X71=111 X72=228 X73=265 X74=373 X75=174 X76=288 X77=93 X78=183 X79=346 X80=358 X81=390 X82=10 X83=170 X84=305 X85=67 X86=162 X87=335 X88=344 X89=54 X90=86 X91=120 X92=132 X93=142 X94=167 X95=177 X96=186 X97=204 X98=209 X99=231 X100=248 X101=8 X102=26 X103=72 X104=75 X105=119 X106=215 X107=241 X108=276 X109=339 X110=12 X111=74 X112=103 X113=135 X114=168 X115=92 X116=128 X117=398 X118=15 X119=155 X120=198 X121=338 X122=399 X123=33 X124=42 X125=20 X126=141 X127=302 X128=311 X129=368 X130=31 X131=304 X132=13 X133=91 X134=193 X135=256 X136=334 X137=109 X138=213 X139=395 X140=66 X141=319 X142=65 X143=273 X144=294 X145=347 X146=22 X147=176 X148=374 X149=375 X150=85 X151=156 X152=236 X153=242 X154=2 X155=24 X156=133 X157=224 X158=243 X159=262 X160=84 X161=122 X162=189 X163=233 X164=352 X165=247 X166=17 X167=62 X168=138 X169=393 X170=11 X171=90 X172=349 X173=333 X174=94 X175=108 X176=129 X177=385 X178=136 X179=107 X180=28 X181=264 X182=250 X183=342 X184=382 X185=309 X186=27 X187=367 X188=297 X189=25 X190=101 X191=115 X192=118 X193=217 X194=324 X195=14 X196=214 X197=277 X198=296 X199=376 X200=192 X201=329 X202=354 X203=77 X204=148 X205=210 X206=327 X207=350 X208=37 X209=182 X210=203 X211=149 X212=361 X213=397 X214=263 X215=282 X216=252 X217=260 X218=50 X219=299 X220=365 X221=3 X222=48 X223=69 X224=121 X225=379 X226=391 X227=331 X228=396 X229=219 X230=16 X231=255 X232=53 X233=370 X234=257 X235=317 X236=363 X237=310 X238=343 X239=56 
d NODES 244

   totalWckTime=7.718  totalCpuTime=7.784
