
   AbsCon 1.41 (January, 2014) - defaultConfiguration

   
   instance
        framework=CSP  name=Isomorphism-/cluster/gpg/ciaran/sip-benchmarks/benchmarks/si6_m4D_m4D_256/si6_m4D_m256.00/pattern-/cluster/gpg/ciaran/sip-benchmarks/benchmarks/si6_m4D_m4D_256/si6_m4D_m256.00/target
        parameters=/cluster/gpg/ciaran/sip-benchmarks/benchmarks/si6_m4D_m4D_256/si6_m4D_m256.00/pattern,/cluster/gpg/ciaran/sip-benchmarks/benchmarks/si6_m4D_m4D_256/si6_m4D_m256.00/target
      

   loading variables...
        nbVariables=153  nbDomainTypes=1  nbTotalValues=39168  domainSizes=(256:153)
          =>  wckTime=0.208  cpuTime=0.345  mem=4M720

   loading objectives...

   loading constraints...
        nbConstraints=395  nbSpecificConstraints=1  nbExtensionStructures=(1,shared:393)  nbConflictsStructures=(1,shared:393,unbuilt:1)
        degrees=(3:6)(4:24)(5:22)...(7:43)(8:28)(9:4)  arities=(2:394)(153:1)  types=(AllDifferent:1)(ConstraintHardExtensionV-Bits:394)
          =>  wckTime=0.381  cpuTime=0.511  mem=6M502

   INFO : <!-- Start saving the XML representation -->

   INFO : <!-- Stop saving the XML representation of target.xml -->

   Solver SolverBacktrack being built... 
          =>  wckTime=0.683  cpuTime=0.788  mem=24M667

    instantiation X0=31 X1=0 X2=156 X3=78 X4=195 X5=146 X6=107 X7=220 X8=104 X9=196 X10=59 X11=179 X12=91 X13=95 X14=236 X15=100 X16=228 X17=231 X18=64 X19=44 X20=125 X21=205 X22=209 X23=27 X24=164 X25=232 X26=215 X27=68 X28=66 X29=207 X30=109 X31=98 X32=173 X33=154 X34=112 X35=32 X36=245 X37=36 X38=249 X39=119 X40=198 X41=103 X42=74 X43=174 X44=153 X45=35 X46=152 X47=69 X48=227 X49=216 X50=19 X51=240 X52=143 X53=148 X54=99 X55=40 X56=182 X57=75 X58=108 X59=120 X60=175 X61=161 X62=210 X63=130 X64=221 X65=51 X66=29 X67=144 X68=238 X69=56 X70=155 X71=141 X72=239 X73=33 X74=171 X75=200 X76=121 X77=93 X78=37 X79=142 X80=9 X81=90 X82=113 X83=57 X84=136 X85=157 X86=70 X87=10 X88=60 X89=254 X90=13 X91=41 X92=6 X93=219 X94=81 X95=26 X96=49 X97=197 X98=211 X99=149 X100=163 X101=217 X102=230 X103=14 X104=243 X105=233 X106=214 X107=133 X108=180 X109=45 X110=3 X111=170 X112=38 X113=73 X114=88 X115=128 X116=183 X117=229 X118=140 X119=122 X120=87 X121=189 X122=129 X123=23 X124=5 X125=186 X126=135 X127=1 X128=15 X129=50 X130=165 X131=252 X132=201 X133=168 X134=4 X135=76 X136=213 X137=62 X138=145 X139=176 X140=20 X141=253 X142=137 X143=235 X144=17 X145=206 X146=114 X147=42 X148=223 X149=24 X150=204 X151=80 X152=248 

    solution X0=31 X1=0 X2=156 X3=78 X4=195 X5=146 X6=107 X7=220 X8=104 X9=196 X10=59 X11=179 X12=91 X13=95 X14=236 X15=100 X16=228 X17=231 X18=64 X19=44 X20=125 X21=205 X22=209 X23=27 X24=164 X25=232 X26=215 X27=68 X28=66 X29=207 X30=109 X31=98 X32=173 X33=154 X34=112 X35=32 X36=245 X37=36 X38=249 X39=119 X40=198 X41=103 X42=74 X43=174 X44=153 X45=35 X46=152 X47=69 X48=227 X49=216 X50=19 X51=240 X52=143 X53=148 X54=99 X55=40 X56=182 X57=75 X58=108 X59=120 X60=175 X61=161 X62=210 X63=130 X64=221 X65=51 X66=29 X67=144 X68=238 X69=56 X70=155 X71=141 X72=239 X73=33 X74=171 X75=200 X76=121 X77=93 X78=37 X79=142 X80=9 X81=90 X82=113 X83=57 X84=136 X85=157 X86=70 X87=10 X88=60 X89=254 X90=13 X91=41 X92=6 X93=219 X94=81 X95=26 X96=49 X97=197 X98=211 X99=149 X100=163 X101=217 X102=230 X103=14 X104=243 X105=233 X106=214 X107=133 X108=180 X109=45 X110=3 X111=170 X112=38 X113=73 X114=88 X115=128 X116=183 X117=229 X118=140 X119=122 X120=87 X121=189 X122=129 X123=23 X124=5 X125=186 X126=135 X127=1 X128=15 X129=50 X130=165 X131=252 X132=201 X133=168 X134=4 X135=76 X136=213 X137=62 X138=145 X139=176 X140=20 X141=253 X142=137 X143=235 X144=17 X145=206 X146=114 X147=42 X148=223 X149=24 X150=204 X151=80 X152=248 

   
   search
        run=0  nbConstraintChecks=395  depth=(min:0,max:152,avg:1)  nbEffectivePropagations=217  nbRevisions=2166  nbUselessRevisions=2151
        nbAssignments=221  nbFailedAssignments=68  nbBacktracks=0  nbVisitedNodes=290  nbRestartNogoods=0  nbFoundSolutions=1
        upperBound=9223372036854775807
          =>  wckTime=1.526  cpuTime=2.268  mem=90M640

   
   global
        nbConstraintChecks=395  nbEffectivePropagations=217  nbRevisions=2166  nbUselessRevisions=2151  nbRestartNogoods=0  solvingWckTime=1.526
        expiredTime=no  totalExploration=no  nbFoundSolutions=1  firstSolutionCpuTime=2.265  Stop=REACHED_GOAL
          =>  wckTime=2.21  cpuTime=2.269  mem=90M640

s SATISFIABLE
v X0=31 X1=0 X2=156 X3=78 X4=195 X5=146 X6=107 X7=220 X8=104 X9=196 X10=59 X11=179 X12=91 X13=95 X14=236 X15=100 X16=228 X17=231 X18=64 X19=44 X20=125 X21=205 X22=209 X23=27 X24=164 X25=232 X26=215 X27=68 X28=66 X29=207 X30=109 X31=98 X32=173 X33=154 X34=112 X35=32 X36=245 X37=36 X38=249 X39=119 X40=198 X41=103 X42=74 X43=174 X44=153 X45=35 X46=152 X47=69 X48=227 X49=216 X50=19 X51=240 X52=143 X53=148 X54=99 X55=40 X56=182 X57=75 X58=108 X59=120 X60=175 X61=161 X62=210 X63=130 X64=221 X65=51 X66=29 X67=144 X68=238 X69=56 X70=155 X71=141 X72=239 X73=33 X74=171 X75=200 X76=121 X77=93 X78=37 X79=142 X80=9 X81=90 X82=113 X83=57 X84=136 X85=157 X86=70 X87=10 X88=60 X89=254 X90=13 X91=41 X92=6 X93=219 X94=81 X95=26 X96=49 X97=197 X98=211 X99=149 X100=163 X101=217 X102=230 X103=14 X104=243 X105=233 X106=214 X107=133 X108=180 X109=45 X110=3 X111=170 X112=38 X113=73 X114=88 X115=128 X116=183 X117=229 X118=140 X119=122 X120=87 X121=189 X122=129 X123=23 X124=5 X125=186 X126=135 X127=1 X128=15 X129=50 X130=165 X131=252 X132=201 X133=168 X134=4 X135=76 X136=213 X137=62 X138=145 X139=176 X140=20 X141=253 X142=137 X143=235 X144=17 X145=206 X146=114 X147=42 X148=223 X149=24 X150=204 X151=80 X152=248 
d NODES 221

   totalWckTime=2.115  totalCpuTime=2.269
