
   AbsCon 1.41 (January, 2014) - defaultConfiguration

   
   instance
        framework=CSP  name=Isomorphism-/cluster/gpg/ciaran/sip-benchmarks/benchmarks/si6_m4D_m4D_256/si6_m4D_m256.09/pattern-/cluster/gpg/ciaran/sip-benchmarks/benchmarks/si6_m4D_m4D_256/si6_m4D_m256.09/target
        parameters=/cluster/gpg/ciaran/sip-benchmarks/benchmarks/si6_m4D_m4D_256/si6_m4D_m256.09/pattern,/cluster/gpg/ciaran/sip-benchmarks/benchmarks/si6_m4D_m4D_256/si6_m4D_m256.09/target
      

   loading variables...
        nbVariables=153  nbDomainTypes=1  nbTotalValues=39168  domainSizes=(256:153)
          =>  wckTime=0.213  cpuTime=0.3  mem=4M456

   loading objectives...

   loading constraints...
        nbConstraints=297  nbSpecificConstraints=1  nbExtensionStructures=(1,shared:295)  nbConflictsStructures=(1,shared:295,unbuilt:1)
        degrees=(1:4)(2:6)(3:16)...(7:14)(8:3)(9:1)  arities=(2:296)(153:1)  types=(AllDifferent:1)(ConstraintHardExtensionV-Bits:296)
          =>  wckTime=0.307  cpuTime=0.393  mem=14M841

   INFO : <!-- Start saving the XML representation -->

   INFO : <!-- Stop saving the XML representation of target.xml -->

   Solver SolverBacktrack being built... 
          =>  wckTime=0.535  cpuTime=0.582  mem=22M698

    instantiation X0=9 X1=197 X2=185 X3=88 X4=7 X5=141 X6=117 X7=32 X8=65 X9=19 X10=135 X11=246 X12=106 X13=201 X14=191 X15=112 X16=26 X17=140 X18=199 X19=76 X20=192 X21=35 X22=221 X23=92 X24=147 X25=84 X26=240 X27=91 X28=81 X29=236 X30=107 X31=153 X32=63 X33=156 X34=182 X35=157 X36=138 X37=160 X38=134 X39=0 X40=38 X41=235 X42=230 X43=58 X44=167 X45=97 X46=104 X47=37 X48=255 X49=79 X50=48 X51=132 X52=172 X53=111 X54=247 X55=72 X56=145 X57=143 X58=226 X59=12 X60=94 X61=173 X62=204 X63=193 X64=150 X65=151 X66=161 X67=31 X68=163 X69=18 X70=28 X71=10 X72=4 X73=55 X74=142 X75=251 X76=61 X77=181 X78=164 X79=8 X80=24 X81=137 X82=69 X83=183 X84=177 X85=136 X86=75 X87=210 X88=2 X89=87 X90=3 X91=103 X92=224 X93=71 X94=200 X95=29 X96=60 X97=120 X98=54 X99=59 X100=175 X101=166 X102=207 X103=86 X104=194 X105=105 X106=22 X107=202 X108=168 X109=133 X110=74 X111=17 X112=249 X113=148 X114=33 X115=1 X116=139 X117=220 X118=123 X119=115 X120=231 X121=165 X122=6 X123=78 X124=126 X125=39 X126=146 X127=47 X128=62 X129=98 X130=41 X131=43 X132=219 X133=44 X134=227 X135=21 X136=50 X137=42 X138=239 X139=67 X140=23 X141=14 X142=5 X143=52 X144=184 X145=206 X146=211 X147=83 X148=158 X149=186 X150=11 X151=15 X152=169 

    solution X0=9 X1=197 X2=185 X3=88 X4=7 X5=141 X6=117 X7=32 X8=65 X9=19 X10=135 X11=246 X12=106 X13=201 X14=191 X15=112 X16=26 X17=140 X18=199 X19=76 X20=192 X21=35 X22=221 X23=92 X24=147 X25=84 X26=240 X27=91 X28=81 X29=236 X30=107 X31=153 X32=63 X33=156 X34=182 X35=157 X36=138 X37=160 X38=134 X39=0 X40=38 X41=235 X42=230 X43=58 X44=167 X45=97 X46=104 X47=37 X48=255 X49=79 X50=48 X51=132 X52=172 X53=111 X54=247 X55=72 X56=145 X57=143 X58=226 X59=12 X60=94 X61=173 X62=204 X63=193 X64=150 X65=151 X66=161 X67=31 X68=163 X69=18 X70=28 X71=10 X72=4 X73=55 X74=142 X75=251 X76=61 X77=181 X78=164 X79=8 X80=24 X81=137 X82=69 X83=183 X84=177 X85=136 X86=75 X87=210 X88=2 X89=87 X90=3 X91=103 X92=224 X93=71 X94=200 X95=29 X96=60 X97=120 X98=54 X99=59 X100=175 X101=166 X102=207 X103=86 X104=194 X105=105 X106=22 X107=202 X108=168 X109=133 X110=74 X111=17 X112=249 X113=148 X114=33 X115=1 X116=139 X117=220 X118=123 X119=115 X120=231 X121=165 X122=6 X123=78 X124=126 X125=39 X126=146 X127=47 X128=62 X129=98 X130=41 X131=43 X132=219 X133=44 X134=227 X135=21 X136=50 X137=42 X138=239 X139=67 X140=23 X141=14 X142=5 X143=52 X144=184 X145=206 X146=211 X147=83 X148=158 X149=186 X150=11 X151=15 X152=169 

   
   search
        run=0  nbConstraintChecks=297  depth=(min:0,max:152,avg:1)  nbEffectivePropagations=2081  nbRevisions=4972  nbUselessRevisions=4394
        nbAssignments=240  nbFailedAssignments=85  nbBacktracks=2  nbVisitedNodes=326  nbRestartNogoods=0  nbFoundSolutions=1
        upperBound=9223372036854775807
          =>  wckTime=4.005  cpuTime=4.516  mem=97M241

   
   global
        nbConstraintChecks=297  nbEffectivePropagations=2081  nbRevisions=4972  nbUselessRevisions=4394  nbRestartNogoods=0  solvingWckTime=4.005
        expiredTime=no  totalExploration=no  nbFoundSolutions=1  firstSolutionCpuTime=4.512  Stop=REACHED_GOAL
          =>  wckTime=4.541  cpuTime=4.516  mem=97M241

s SATISFIABLE
v X0=9 X1=197 X2=185 X3=88 X4=7 X5=141 X6=117 X7=32 X8=65 X9=19 X10=135 X11=246 X12=106 X13=201 X14=191 X15=112 X16=26 X17=140 X18=199 X19=76 X20=192 X21=35 X22=221 X23=92 X24=147 X25=84 X26=240 X27=91 X28=81 X29=236 X30=107 X31=153 X32=63 X33=156 X34=182 X35=157 X36=138 X37=160 X38=134 X39=0 X40=38 X41=235 X42=230 X43=58 X44=167 X45=97 X46=104 X47=37 X48=255 X49=79 X50=48 X51=132 X52=172 X53=111 X54=247 X55=72 X56=145 X57=143 X58=226 X59=12 X60=94 X61=173 X62=204 X63=193 X64=150 X65=151 X66=161 X67=31 X68=163 X69=18 X70=28 X71=10 X72=4 X73=55 X74=142 X75=251 X76=61 X77=181 X78=164 X79=8 X80=24 X81=137 X82=69 X83=183 X84=177 X85=136 X86=75 X87=210 X88=2 X89=87 X90=3 X91=103 X92=224 X93=71 X94=200 X95=29 X96=60 X97=120 X98=54 X99=59 X100=175 X101=166 X102=207 X103=86 X104=194 X105=105 X106=22 X107=202 X108=168 X109=133 X110=74 X111=17 X112=249 X113=148 X114=33 X115=1 X116=139 X117=220 X118=123 X119=115 X120=231 X121=165 X122=6 X123=78 X124=126 X125=39 X126=146 X127=47 X128=62 X129=98 X130=41 X131=43 X132=219 X133=44 X134=227 X135=21 X136=50 X137=42 X138=239 X139=67 X140=23 X141=14 X142=5 X143=52 X144=184 X145=206 X146=211 X147=83 X148=158 X149=186 X150=11 X151=15 X152=169 
d NODES 240

   totalWckTime=4.426  totalCpuTime=4.517
