
   AbsCon 1.41 (January, 2014) - defaultConfiguration

   
   instance
        framework=CSP  name=Isomorphism-/cluster/gpg/ciaran/sip-benchmarks/benchmarks/si6_m4D_m4Dr2_256/si6_m4Dr2_m256.06/pattern-/cluster/gpg/ciaran/sip-benchmarks/benchmarks/si6_m4D_m4Dr2_256/si6_m4Dr2_m256.06/target
        parameters=/cluster/gpg/ciaran/sip-benchmarks/benchmarks/si6_m4D_m4Dr2_256/si6_m4Dr2_m256.06/pattern,/cluster/gpg/ciaran/sip-benchmarks/benchmarks/si6_m4D_m4Dr2_256/si6_m4Dr2_m256.06/target
      

   loading variables...
        nbVariables=153  nbDomainTypes=1  nbTotalValues=39168  domainSizes=(256:153)
          =>  wckTime=0.217  cpuTime=0.301  mem=4M891

   loading objectives...

   loading constraints...
        nbConstraints=358  nbSpecificConstraints=1  nbExtensionStructures=(1,shared:356)  nbConflictsStructures=(1,shared:356,unbuilt:1)
        degrees=(2:15)(3:13)(4:13)...(7:34)(8:18)(9:8)  arities=(2:357)(153:1)  types=(AllDifferent:1)(ConstraintHardExtensionV-Bits:357)
          =>  wckTime=0.327  cpuTime=0.409  mem=16M871

   INFO : <!-- Start saving the XML representation -->

   INFO : <!-- Stop saving the XML representation of target.xml -->

   Solver SolverBacktrack being built... 
          =>  wckTime=0.552  cpuTime=0.602  mem=24M155

    instantiation X0=0 X1=3 X2=106 X3=204 X4=221 X5=251 X6=83 X7=126 X8=161 X9=164 X10=237 X11=13 X12=134 X13=186 X14=216 X15=139 X16=224 X17=71 X18=114 X19=123 X20=36 X21=100 X22=125 X23=220 X24=230 X25=109 X26=133 X27=225 X28=234 X29=171 X30=192 X31=40 X32=104 X33=88 X34=30 X35=39 X36=89 X37=219 X38=62 X39=112 X40=67 X41=195 X42=108 X43=130 X44=154 X45=173 X46=189 X47=206 X48=210 X49=86 X50=54 X51=227 X52=59 X53=11 X54=96 X55=181 X56=238 X57=64 X58=205 X59=207 X60=53 X61=82 X62=2 X63=17 X64=208 X65=46 X66=73 X67=74 X68=102 X69=136 X70=146 X71=76 X72=222 X73=21 X74=48 X75=16 X76=29 X77=223 X78=239 X79=77 X80=6 X81=158 X82=85 X83=113 X84=131 X85=140 X86=7 X87=52 X88=94 X89=117 X90=129 X91=137 X92=233 X93=56 X94=249 X95=177 X96=4 X97=169 X98=44 X99=75 X100=118 X101=218 X102=247 X103=9 X104=153 X105=174 X106=15 X107=124 X108=197 X109=103 X110=198 X111=217 X112=165 X113=185 X114=193 X115=212 X116=252 X117=87 X118=156 X119=184 X120=90 X121=119 X122=145 X123=22 X124=162 X125=45 X126=163 X127=35 X128=151 X129=57 X130=97 X131=209 X132=231 X133=25 X134=70 X135=176 X136=155 X137=183 X138=14 X139=37 X140=157 X141=182 X142=244 X143=49 X144=116 X145=120 X146=144 X147=248 X148=142 X149=240 X150=33 X151=213 X152=23 

    solution X0=0 X1=3 X2=106 X3=204 X4=221 X5=251 X6=83 X7=126 X8=161 X9=164 X10=237 X11=13 X12=134 X13=186 X14=216 X15=139 X16=224 X17=71 X18=114 X19=123 X20=36 X21=100 X22=125 X23=220 X24=230 X25=109 X26=133 X27=225 X28=234 X29=171 X30=192 X31=40 X32=104 X33=88 X34=30 X35=39 X36=89 X37=219 X38=62 X39=112 X40=67 X41=195 X42=108 X43=130 X44=154 X45=173 X46=189 X47=206 X48=210 X49=86 X50=54 X51=227 X52=59 X53=11 X54=96 X55=181 X56=238 X57=64 X58=205 X59=207 X60=53 X61=82 X62=2 X63=17 X64=208 X65=46 X66=73 X67=74 X68=102 X69=136 X70=146 X71=76 X72=222 X73=21 X74=48 X75=16 X76=29 X77=223 X78=239 X79=77 X80=6 X81=158 X82=85 X83=113 X84=131 X85=140 X86=7 X87=52 X88=94 X89=117 X90=129 X91=137 X92=233 X93=56 X94=249 X95=177 X96=4 X97=169 X98=44 X99=75 X100=118 X101=218 X102=247 X103=9 X104=153 X105=174 X106=15 X107=124 X108=197 X109=103 X110=198 X111=217 X112=165 X113=185 X114=193 X115=212 X116=252 X117=87 X118=156 X119=184 X120=90 X121=119 X122=145 X123=22 X124=162 X125=45 X126=163 X127=35 X128=151 X129=57 X130=97 X131=209 X132=231 X133=25 X134=70 X135=176 X136=155 X137=183 X138=14 X139=37 X140=157 X141=182 X142=244 X143=49 X144=116 X145=120 X146=144 X147=248 X148=142 X149=240 X150=33 X151=213 X152=23 

   
   search
        run=0  nbConstraintChecks=358  depth=(min:0,max:152,avg:1)  nbEffectivePropagations=98  nbRevisions=2450  nbUselessRevisions=2394
        nbAssignments=292  nbFailedAssignments=139  nbBacktracks=0  nbVisitedNodes=432  nbRestartNogoods=0  nbFoundSolutions=1
        upperBound=9223372036854775807
          =>  wckTime=2.018  cpuTime=2.585  mem=61M342

   
   global
        nbConstraintChecks=358  nbEffectivePropagations=98  nbRevisions=2450  nbUselessRevisions=2394  nbRestartNogoods=0  solvingWckTime=2.019
        expiredTime=no  totalExploration=no  nbFoundSolutions=1  firstSolutionCpuTime=2.582  Stop=REACHED_GOAL
          =>  wckTime=2.572  cpuTime=2.586  mem=61M342

s SATISFIABLE
v X0=0 X1=3 X2=106 X3=204 X4=221 X5=251 X6=83 X7=126 X8=161 X9=164 X10=237 X11=13 X12=134 X13=186 X14=216 X15=139 X16=224 X17=71 X18=114 X19=123 X20=36 X21=100 X22=125 X23=220 X24=230 X25=109 X26=133 X27=225 X28=234 X29=171 X30=192 X31=40 X32=104 X33=88 X34=30 X35=39 X36=89 X37=219 X38=62 X39=112 X40=67 X41=195 X42=108 X43=130 X44=154 X45=173 X46=189 X47=206 X48=210 X49=86 X50=54 X51=227 X52=59 X53=11 X54=96 X55=181 X56=238 X57=64 X58=205 X59=207 X60=53 X61=82 X62=2 X63=17 X64=208 X65=46 X66=73 X67=74 X68=102 X69=136 X70=146 X71=76 X72=222 X73=21 X74=48 X75=16 X76=29 X77=223 X78=239 X79=77 X80=6 X81=158 X82=85 X83=113 X84=131 X85=140 X86=7 X87=52 X88=94 X89=117 X90=129 X91=137 X92=233 X93=56 X94=249 X95=177 X96=4 X97=169 X98=44 X99=75 X100=118 X101=218 X102=247 X103=9 X104=153 X105=174 X106=15 X107=124 X108=197 X109=103 X110=198 X111=217 X112=165 X113=185 X114=193 X115=212 X116=252 X117=87 X118=156 X119=184 X120=90 X121=119 X122=145 X123=22 X124=162 X125=45 X126=163 X127=35 X128=151 X129=57 X130=97 X131=209 X132=231 X133=25 X134=70 X135=176 X136=155 X137=183 X138=14 X139=37 X140=157 X141=182 X142=244 X143=49 X144=116 X145=120 X146=144 X147=248 X148=142 X149=240 X150=33 X151=213 X152=23 
d NODES 292

   totalWckTime=2.461  totalCpuTime=2.586
