
   AbsCon 1.41 (January, 2014) - defaultConfiguration

   
   instance
        framework=CSP  name=Isomorphism-/cluster/gpg/ciaran/sip-benchmarks/benchmarks/si6_rand_r001_400/si6_r001_m400.02/pattern-/cluster/gpg/ciaran/sip-benchmarks/benchmarks/si6_rand_r001_400/si6_r001_m400.02/target
        parameters=/cluster/gpg/ciaran/sip-benchmarks/benchmarks/si6_rand_r001_400/si6_r001_m400.02/pattern,/cluster/gpg/ciaran/sip-benchmarks/benchmarks/si6_rand_r001_400/si6_r001_m400.02/target
      

   loading variables...
        nbVariables=240  nbDomainTypes=1  nbTotalValues=96000  domainSizes=(400:240)
          =>  wckTime=0.199  cpuTime=0.306  mem=7M865

   loading objectives...

   loading constraints...
        nbConstraints=635  nbSpecificConstraints=1  nbExtensionStructures=(1,shared:633)  nbConflictsStructures=(1,shared:633,unbuilt:1)
        degrees=(2:6)(3:20)(4:24)...(11:6)(12:3)(13:4)  arities=(2:634)(240:1)  types=(AllDifferent:1)(ConstraintHardExtensionV-Bits:634)
          =>  wckTime=0.419  cpuTime=0.517  mem=27M854

   INFO : <!-- Start saving the XML representation -->

   INFO : <!-- Stop saving the XML representation of target.xml -->

   Solver SolverBacktrack being built... 
          =>  wckTime=0.682  cpuTime=0.739  mem=25M118

    instantiation X0=178 X1=71 X2=218 X3=311 X4=249 X5=374 X6=395 X7=19 X8=126 X9=3 X10=296 X11=352 X12=367 X13=175 X14=78 X15=275 X16=341 X17=370 X18=224 X19=310 X20=99 X21=49 X22=385 X23=391 X24=15 X25=393 X26=23 X27=162 X28=138 X29=281 X30=180 X31=109 X32=24 X33=170 X34=137 X35=193 X36=212 X37=297 X38=383 X39=253 X40=276 X41=128 X42=31 X43=215 X44=37 X45=371 X46=95 X47=387 X48=268 X49=380 X50=1 X51=79 X52=307 X53=39 X54=203 X55=389 X56=241 X57=368 X58=214 X59=376 X60=14 X61=355 X62=209 X63=197 X64=257 X65=44 X66=261 X67=189 X68=250 X69=384 X70=166 X71=8 X72=94 X73=361 X74=390 X75=88 X76=90 X77=295 X78=195 X79=158 X80=147 X81=89 X82=133 X83=74 X84=12 X85=103 X86=76 X87=326 X88=398 X89=269 X90=46 X91=134 X92=62 X93=239 X94=53 X95=399 X96=77 X97=45 X98=284 X99=255 X100=262 X101=270 X102=288 X103=208 X104=192 X105=179 X106=377 X107=213 X108=258 X109=339 X110=338 X111=86 X112=104 X113=101 X114=336 X115=245 X116=229 X117=108 X118=358 X119=334 X120=206 X121=47 X122=344 X123=335 X124=299 X125=4 X126=231 X127=252 X128=345 X129=375 X130=279 X131=82 X132=369 X133=165 X134=85 X135=81 X136=332 X137=136 X138=365 X139=70 X140=329 X141=54 X142=356 X143=306 X144=322 X145=146 X146=219 X147=357 X148=242 X149=80 X150=156 X151=202 X152=388 X153=112 X154=247 X155=123 X156=17 X157=29 X158=266 X159=22 X160=66 X161=185 X162=144 X163=353 X164=68 X165=340 X166=111 X167=235 X168=382 X169=155 X170=273 X171=317 X172=337 X173=216 X174=106 X175=187 X176=319 X177=211 X178=36 X179=50 X180=318 X181=98 X182=304 X183=205 X184=308 X185=342 X186=263 X187=234 X188=107 X189=9 X190=92 X191=100 X192=264 X193=160 X194=161 X195=48 X196=246 X197=315 X198=132 X199=41 X200=312 X201=190 X202=199 X203=271 X204=84 X205=225 X206=320 X207=294 X208=230 X209=130 X210=169 X211=10 X212=293 X213=302 X214=198 X215=181 X216=32 X217=248 X218=73 X219=152 X220=333 X221=260 X222=172 X223=16 X224=2 X225=33 X226=21 X227=372 X228=282 X229=122 X230=38 X231=238 X232=25 X233=182 X234=226 X235=129 X236=5 X237=362 X238=105 X239=274 

    solution X0=178 X1=71 X2=218 X3=311 X4=249 X5=374 X6=395 X7=19 X8=126 X9=3 X10=296 X11=352 X12=367 X13=175 X14=78 X15=275 X16=341 X17=370 X18=224 X19=310 X20=99 X21=49 X22=385 X23=391 X24=15 X25=393 X26=23 X27=162 X28=138 X29=281 X30=180 X31=109 X32=24 X33=170 X34=137 X35=193 X36=212 X37=297 X38=383 X39=253 X40=276 X41=128 X42=31 X43=215 X44=37 X45=371 X46=95 X47=387 X48=268 X49=380 X50=1 X51=79 X52=307 X53=39 X54=203 X55=389 X56=241 X57=368 X58=214 X59=376 X60=14 X61=355 X62=209 X63=197 X64=257 X65=44 X66=261 X67=189 X68=250 X69=384 X70=166 X71=8 X72=94 X73=361 X74=390 X75=88 X76=90 X77=295 X78=195 X79=158 X80=147 X81=89 X82=133 X83=74 X84=12 X85=103 X86=76 X87=326 X88=398 X89=269 X90=46 X91=134 X92=62 X93=239 X94=53 X95=399 X96=77 X97=45 X98=284 X99=255 X100=262 X101=270 X102=288 X103=208 X104=192 X105=179 X106=377 X107=213 X108=258 X109=339 X110=338 X111=86 X112=104 X113=101 X114=336 X115=245 X116=229 X117=108 X118=358 X119=334 X120=206 X121=47 X122=344 X123=335 X124=299 X125=4 X126=231 X127=252 X128=345 X129=375 X130=279 X131=82 X132=369 X133=165 X134=85 X135=81 X136=332 X137=136 X138=365 X139=70 X140=329 X141=54 X142=356 X143=306 X144=322 X145=146 X146=219 X147=357 X148=242 X149=80 X150=156 X151=202 X152=388 X153=112 X154=247 X155=123 X156=17 X157=29 X158=266 X159=22 X160=66 X161=185 X162=144 X163=353 X164=68 X165=340 X166=111 X167=235 X168=382 X169=155 X170=273 X171=317 X172=337 X173=216 X174=106 X175=187 X176=319 X177=211 X178=36 X179=50 X180=318 X181=98 X182=304 X183=205 X184=308 X185=342 X186=263 X187=234 X188=107 X189=9 X190=92 X191=100 X192=264 X193=160 X194=161 X195=48 X196=246 X197=315 X198=132 X199=41 X200=312 X201=190 X202=199 X203=271 X204=84 X205=225 X206=320 X207=294 X208=230 X209=130 X210=169 X211=10 X212=293 X213=302 X214=198 X215=181 X216=32 X217=248 X218=73 X219=152 X220=333 X221=260 X222=172 X223=16 X224=2 X225=33 X226=21 X227=372 X228=282 X229=122 X230=38 X231=238 X232=25 X233=182 X234=226 X235=129 X236=5 X237=362 X238=105 X239=274 

   
   search
        run=0  nbConstraintChecks=635  depth=(min:0,max:239,avg:1)  nbEffectivePropagations=395  nbRevisions=8631  nbUselessRevisions=8245
        nbAssignments=521  nbFailedAssignments=281  nbBacktracks=0  nbVisitedNodes=803  nbRestartNogoods=0  nbFoundSolutions=1
        upperBound=9223372036854775807
          =>  wckTime=16.197  cpuTime=16.784  mem=60M758

   
   global
        nbConstraintChecks=635  nbEffectivePropagations=395  nbRevisions=8631  nbUselessRevisions=8245  nbRestartNogoods=0  solvingWckTime=16.198
        expiredTime=no  totalExploration=no  nbFoundSolutions=1  firstSolutionCpuTime=16.779  Stop=REACHED_GOAL
          =>  wckTime=16.88  cpuTime=16.784  mem=60M758

s SATISFIABLE
v X0=178 X1=71 X2=218 X3=311 X4=249 X5=374 X6=395 X7=19 X8=126 X9=3 X10=296 X11=352 X12=367 X13=175 X14=78 X15=275 X16=341 X17=370 X18=224 X19=310 X20=99 X21=49 X22=385 X23=391 X24=15 X25=393 X26=23 X27=162 X28=138 X29=281 X30=180 X31=109 X32=24 X33=170 X34=137 X35=193 X36=212 X37=297 X38=383 X39=253 X40=276 X41=128 X42=31 X43=215 X44=37 X45=371 X46=95 X47=387 X48=268 X49=380 X50=1 X51=79 X52=307 X53=39 X54=203 X55=389 X56=241 X57=368 X58=214 X59=376 X60=14 X61=355 X62=209 X63=197 X64=257 X65=44 X66=261 X67=189 X68=250 X69=384 X70=166 X71=8 X72=94 X73=361 X74=390 X75=88 X76=90 X77=295 X78=195 X79=158 X80=147 X81=89 X82=133 X83=74 X84=12 X85=103 X86=76 X87=326 X88=398 X89=269 X90=46 X91=134 X92=62 X93=239 X94=53 X95=399 X96=77 X97=45 X98=284 X99=255 X100=262 X101=270 X102=288 X103=208 X104=192 X105=179 X106=377 X107=213 X108=258 X109=339 X110=338 X111=86 X112=104 X113=101 X114=336 X115=245 X116=229 X117=108 X118=358 X119=334 X120=206 X121=47 X122=344 X123=335 X124=299 X125=4 X126=231 X127=252 X128=345 X129=375 X130=279 X131=82 X132=369 X133=165 X134=85 X135=81 X136=332 X137=136 X138=365 X139=70 X140=329 X141=54 X142=356 X143=306 X144=322 X145=146 X146=219 X147=357 X148=242 X149=80 X150=156 X151=202 X152=388 X153=112 X154=247 X155=123 X156=17 X157=29 X158=266 X159=22 X160=66 X161=185 X162=144 X163=353 X164=68 X165=340 X166=111 X167=235 X168=382 X169=155 X170=273 X171=317 X172=337 X173=216 X174=106 X175=187 X176=319 X177=211 X178=36 X179=50 X180=318 X181=98 X182=304 X183=205 X184=308 X185=342 X186=263 X187=234 X188=107 X189=9 X190=92 X191=100 X192=264 X193=160 X194=161 X195=48 X196=246 X197=315 X198=132 X199=41 X200=312 X201=190 X202=199 X203=271 X204=84 X205=225 X206=320 X207=294 X208=230 X209=130 X210=169 X211=10 X212=293 X213=302 X214=198 X215=181 X216=32 X217=248 X218=73 X219=152 X220=333 X221=260 X222=172 X223=16 X224=2 X225=33 X226=21 X227=372 X228=282 X229=122 X230=38 X231=238 X232=25 X233=182 X234=226 X235=129 X236=5 X237=362 X238=105 X239=274 
d NODES 521

   totalWckTime=16.781  totalCpuTime=16.785
