
   AbsCon 1.41 (January, 2014) - defaultConfiguration

   
   instance
        framework=CSP  name=Isomorphism-/cluster/gpg/ciaran/sip-benchmarks/benchmarks/si6_m4D_m4Dr2_256/si6_m4Dr2_m256.04/pattern-/cluster/gpg/ciaran/sip-benchmarks/benchmarks/si6_m4D_m4Dr2_256/si6_m4Dr2_m256.04/target
        parameters=/cluster/gpg/ciaran/sip-benchmarks/benchmarks/si6_m4D_m4Dr2_256/si6_m4Dr2_m256.04/pattern,/cluster/gpg/ciaran/sip-benchmarks/benchmarks/si6_m4D_m4Dr2_256/si6_m4Dr2_m256.04/target
      

   loading variables...
        nbVariables=153  nbDomainTypes=1  nbTotalValues=39168  domainSizes=(256:153)
          =>  wckTime=0.258  cpuTime=0.339  mem=4M594

   loading objectives...

   loading constraints...
        nbConstraints=347  nbSpecificConstraints=1  nbExtensionStructures=(1,shared:345)  nbConflictsStructures=(1,shared:345,unbuilt:1)
        degrees=(2:15)(3:18)(4:21)...(8:19)(9:10)(10:3)  arities=(2:346)(153:1)  types=(AllDifferent:1)(ConstraintHardExtensionV-Bits:346)
          =>  wckTime=0.367  cpuTime=0.446  mem=16M494

   INFO : <!-- Start saving the XML representation -->

   INFO : <!-- Stop saving the XML representation of target.xml -->

   Solver SolverBacktrack being built... 
          =>  wckTime=0.698  cpuTime=0.697  mem=23M850

    instantiation X0=0 X1=56 X2=104 X3=136 X4=166 X5=185 X6=238 X7=36 X8=92 X9=181 X10=193 X11=243 X12=5 X13=39 X14=59 X15=126 X16=142 X17=209 X18=69 X19=160 X20=204 X21=215 X22=1 X23=157 X24=15 X25=98 X26=202 X27=70 X28=152 X29=186 X30=6 X31=35 X32=76 X33=129 X34=139 X35=155 X36=174 X37=44 X38=119 X39=165 X40=116 X41=190 X42=242 X43=110 X44=227 X45=96 X46=134 X47=212 X48=247 X49=253 X50=40 X51=86 X52=123 X53=127 X54=11 X55=72 X56=73 X57=102 X58=54 X59=130 X60=197 X61=208 X62=214 X63=13 X64=63 X65=53 X66=173 X67=234 X68=19 X69=50 X70=133 X71=232 X72=83 X73=65 X74=79 X75=93 X76=201 X77=218 X78=66 X79=118 X80=124 X81=151 X82=250 X83=221 X84=10 X85=94 X86=138 X87=153 X88=18 X89=74 X90=141 X91=180 X92=28 X93=51 X94=189 X95=210 X96=26 X97=135 X98=148 X99=184 X100=30 X101=87 X102=195 X103=226 X104=237 X105=99 X106=162 X107=167 X108=168 X109=229 X110=246 X111=14 X112=64 X113=132 X114=249 X115=61 X116=239 X117=161 X118=252 X119=58 X120=159 X121=164 X122=251 X123=89 X124=224 X125=115 X126=121 X127=4 X128=46 X129=131 X130=169 X131=192 X132=220 X133=176 X134=231 X135=235 X136=27 X137=48 X138=22 X139=103 X140=140 X141=34 X142=45 X143=71 X144=187 X145=85 X146=225 X147=21 X148=179 X149=183 X150=43 X151=7 X152=47 

    solution X0=0 X1=56 X2=104 X3=136 X4=166 X5=185 X6=238 X7=36 X8=92 X9=181 X10=193 X11=243 X12=5 X13=39 X14=59 X15=126 X16=142 X17=209 X18=69 X19=160 X20=204 X21=215 X22=1 X23=157 X24=15 X25=98 X26=202 X27=70 X28=152 X29=186 X30=6 X31=35 X32=76 X33=129 X34=139 X35=155 X36=174 X37=44 X38=119 X39=165 X40=116 X41=190 X42=242 X43=110 X44=227 X45=96 X46=134 X47=212 X48=247 X49=253 X50=40 X51=86 X52=123 X53=127 X54=11 X55=72 X56=73 X57=102 X58=54 X59=130 X60=197 X61=208 X62=214 X63=13 X64=63 X65=53 X66=173 X67=234 X68=19 X69=50 X70=133 X71=232 X72=83 X73=65 X74=79 X75=93 X76=201 X77=218 X78=66 X79=118 X80=124 X81=151 X82=250 X83=221 X84=10 X85=94 X86=138 X87=153 X88=18 X89=74 X90=141 X91=180 X92=28 X93=51 X94=189 X95=210 X96=26 X97=135 X98=148 X99=184 X100=30 X101=87 X102=195 X103=226 X104=237 X105=99 X106=162 X107=167 X108=168 X109=229 X110=246 X111=14 X112=64 X113=132 X114=249 X115=61 X116=239 X117=161 X118=252 X119=58 X120=159 X121=164 X122=251 X123=89 X124=224 X125=115 X126=121 X127=4 X128=46 X129=131 X130=169 X131=192 X132=220 X133=176 X134=231 X135=235 X136=27 X137=48 X138=22 X139=103 X140=140 X141=34 X142=45 X143=71 X144=187 X145=85 X146=225 X147=21 X148=179 X149=183 X150=43 X151=7 X152=47 

   
   search
        run=0  nbConstraintChecks=347  depth=(min:0,max:152,avg:1)  nbEffectivePropagations=49  nbRevisions=1047  nbUselessRevisions=1047
        nbAssignments=158  nbFailedAssignments=5  nbBacktracks=0  nbVisitedNodes=164  nbRestartNogoods=0  nbFoundSolutions=1
        upperBound=9223372036854775807
          =>  wckTime=1.648  cpuTime=2.267  mem=27M428

   
   global
        nbConstraintChecks=347  nbEffectivePropagations=49  nbRevisions=1047  nbUselessRevisions=1047  nbRestartNogoods=0  solvingWckTime=1.649
        expiredTime=no  totalExploration=no  nbFoundSolutions=1  firstSolutionCpuTime=2.259  Stop=REACHED_GOAL
          =>  wckTime=2.348  cpuTime=2.268  mem=27M428

s SATISFIABLE
v X0=0 X1=56 X2=104 X3=136 X4=166 X5=185 X6=238 X7=36 X8=92 X9=181 X10=193 X11=243 X12=5 X13=39 X14=59 X15=126 X16=142 X17=209 X18=69 X19=160 X20=204 X21=215 X22=1 X23=157 X24=15 X25=98 X26=202 X27=70 X28=152 X29=186 X30=6 X31=35 X32=76 X33=129 X34=139 X35=155 X36=174 X37=44 X38=119 X39=165 X40=116 X41=190 X42=242 X43=110 X44=227 X45=96 X46=134 X47=212 X48=247 X49=253 X50=40 X51=86 X52=123 X53=127 X54=11 X55=72 X56=73 X57=102 X58=54 X59=130 X60=197 X61=208 X62=214 X63=13 X64=63 X65=53 X66=173 X67=234 X68=19 X69=50 X70=133 X71=232 X72=83 X73=65 X74=79 X75=93 X76=201 X77=218 X78=66 X79=118 X80=124 X81=151 X82=250 X83=221 X84=10 X85=94 X86=138 X87=153 X88=18 X89=74 X90=141 X91=180 X92=28 X93=51 X94=189 X95=210 X96=26 X97=135 X98=148 X99=184 X100=30 X101=87 X102=195 X103=226 X104=237 X105=99 X106=162 X107=167 X108=168 X109=229 X110=246 X111=14 X112=64 X113=132 X114=249 X115=61 X116=239 X117=161 X118=252 X119=58 X120=159 X121=164 X122=251 X123=89 X124=224 X125=115 X126=121 X127=4 X128=46 X129=131 X130=169 X131=192 X132=220 X133=176 X134=231 X135=235 X136=27 X137=48 X138=22 X139=103 X140=140 X141=34 X142=45 X143=71 X144=187 X145=85 X146=225 X147=21 X148=179 X149=183 X150=43 X151=7 X152=47 
d NODES 158

   totalWckTime=2.19  totalCpuTime=2.269
