
   AbsCon 1.41 (January, 2014) - defaultConfiguration

   
   instance
        framework=CSP  name=Isomorphism-/cluster/gpg/ciaran/sip-benchmarks/benchmarks/si6_rand_r01_200/si6_r01_m200.07/pattern-/cluster/gpg/ciaran/sip-benchmarks/benchmarks/si6_rand_r01_200/si6_r01_m200.07/target
        parameters=/cluster/gpg/ciaran/sip-benchmarks/benchmarks/si6_rand_r01_200/si6_r01_m200.07/pattern,/cluster/gpg/ciaran/sip-benchmarks/benchmarks/si6_rand_r01_200/si6_r01_m200.07/target
      

   loading variables...
        nbVariables=120  nbDomainTypes=1  nbTotalValues=24000  domainSizes=(200:120)
          =>  wckTime=0.271  cpuTime=0.375  mem=4M120

   loading objectives...

   loading constraints...
        nbConstraints=1352  nbSpecificConstraints=1  nbExtensionStructures=(1,shared:1350)  nbConflictsStructures=(1,shared:1350,unbuilt:1)
        degrees=(15:1)(16:2)(17:6)...(31:3)(32:2)(34:1)  arities=(2:1351)(120:1)  types=(AllDifferent:1)(ConstraintHardExtensionV-Bits:1351)
          =>  wckTime=0.798  cpuTime=0.869  mem=32M668

   INFO : <!-- Start saving the XML representation -->

   INFO : <!-- Stop saving the XML representation of target.xml -->

   Solver SolverBacktrack being built... 
          =>  wckTime=1.146  cpuTime=1.133  mem=54M465

    instantiation X0=60 X1=58 X2=53 X3=8 X4=34 X5=85 X6=194 X7=104 X8=113 X9=83 X10=7 X11=115 X12=76 X13=180 X14=44 X15=77 X16=129 X17=80 X18=92 X19=26 X20=168 X21=107 X22=67 X23=24 X24=101 X25=11 X26=15 X27=123 X28=118 X29=122 X30=134 X31=147 X32=45 X33=175 X34=16 X35=193 X36=140 X37=103 X38=139 X39=109 X40=144 X41=119 X42=106 X43=97 X44=183 X45=41 X46=179 X47=198 X48=29 X49=173 X50=121 X51=27 X52=99 X53=6 X54=102 X55=42 X56=131 X57=154 X58=111 X59=160 X60=141 X61=157 X62=137 X63=152 X64=36 X65=182 X66=176 X67=190 X68=5 X69=151 X70=163 X71=142 X72=62 X73=174 X74=126 X75=4 X76=48 X77=165 X78=114 X79=98 X80=199 X81=105 X82=46 X83=195 X84=1 X85=185 X86=187 X87=125 X88=197 X89=138 X90=10 X91=88 X92=172 X93=54 X94=189 X95=184 X96=156 X97=63 X98=166 X99=70 X100=112 X101=73 X102=95 X103=84 X104=188 X105=87 X106=136 X107=124 X108=148 X109=50 X110=81 X111=14 X112=170 X113=37 X114=25 X115=59 X116=130 X117=20 X118=71 X119=33 

    solution X0=60 X1=58 X2=53 X3=8 X4=34 X5=85 X6=194 X7=104 X8=113 X9=83 X10=7 X11=115 X12=76 X13=180 X14=44 X15=77 X16=129 X17=80 X18=92 X19=26 X20=168 X21=107 X22=67 X23=24 X24=101 X25=11 X26=15 X27=123 X28=118 X29=122 X30=134 X31=147 X32=45 X33=175 X34=16 X35=193 X36=140 X37=103 X38=139 X39=109 X40=144 X41=119 X42=106 X43=97 X44=183 X45=41 X46=179 X47=198 X48=29 X49=173 X50=121 X51=27 X52=99 X53=6 X54=102 X55=42 X56=131 X57=154 X58=111 X59=160 X60=141 X61=157 X62=137 X63=152 X64=36 X65=182 X66=176 X67=190 X68=5 X69=151 X70=163 X71=142 X72=62 X73=174 X74=126 X75=4 X76=48 X77=165 X78=114 X79=98 X80=199 X81=105 X82=46 X83=195 X84=1 X85=185 X86=187 X87=125 X88=197 X89=138 X90=10 X91=88 X92=172 X93=54 X94=189 X95=184 X96=156 X97=63 X98=166 X99=70 X100=112 X101=73 X102=95 X103=84 X104=188 X105=87 X106=136 X107=124 X108=148 X109=50 X110=81 X111=14 X112=170 X113=37 X114=25 X115=59 X116=130 X117=20 X118=71 X119=33 

   
   search
        run=0  nbConstraintChecks=1352  depth=(min:0,max:119,avg:1)  nbEffectivePropagations=2892  nbRevisions=52408  nbUselessRevisions=50692
        nbAssignments=212  nbFailedAssignments=86  nbBacktracks=6  nbVisitedNodes=302  nbRestartNogoods=0  nbFoundSolutions=1
        upperBound=9223372036854775807
          =>  wckTime=9.439  cpuTime=10.496  mem=74M656

   
   global
        nbConstraintChecks=1352  nbEffectivePropagations=2892  nbRevisions=52408  nbUselessRevisions=50692  nbRestartNogoods=0
        solvingWckTime=9.439  expiredTime=no  totalExploration=no  nbFoundSolutions=1  firstSolutionCpuTime=10.492  Stop=REACHED_GOAL
          =>  wckTime=10.586  cpuTime=10.497  mem=74M656

s SATISFIABLE
v X0=60 X1=58 X2=53 X3=8 X4=34 X5=85 X6=194 X7=104 X8=113 X9=83 X10=7 X11=115 X12=76 X13=180 X14=44 X15=77 X16=129 X17=80 X18=92 X19=26 X20=168 X21=107 X22=67 X23=24 X24=101 X25=11 X26=15 X27=123 X28=118 X29=122 X30=134 X31=147 X32=45 X33=175 X34=16 X35=193 X36=140 X37=103 X38=139 X39=109 X40=144 X41=119 X42=106 X43=97 X44=183 X45=41 X46=179 X47=198 X48=29 X49=173 X50=121 X51=27 X52=99 X53=6 X54=102 X55=42 X56=131 X57=154 X58=111 X59=160 X60=141 X61=157 X62=137 X63=152 X64=36 X65=182 X66=176 X67=190 X68=5 X69=151 X70=163 X71=142 X72=62 X73=174 X74=126 X75=4 X76=48 X77=165 X78=114 X79=98 X80=199 X81=105 X82=46 X83=195 X84=1 X85=185 X86=187 X87=125 X88=197 X89=138 X90=10 X91=88 X92=172 X93=54 X94=189 X95=184 X96=156 X97=63 X98=166 X99=70 X100=112 X101=73 X102=95 X103=84 X104=188 X105=87 X106=136 X107=124 X108=148 X109=50 X110=81 X111=14 X112=170 X113=37 X114=25 X115=59 X116=130 X117=20 X118=71 X119=33 
d NODES 212

   totalWckTime=10.454  totalCpuTime=10.497
