
   AbsCon 1.41 (January, 2014) - defaultConfiguration

   
   instance
        framework=CSP  name=Isomorphism-/cluster/gpg/ciaran/sip-benchmarks/benchmarks/si6_bvg_b06m_400/si6_b06m_m400.09/pattern-/cluster/gpg/ciaran/sip-benchmarks/benchmarks/si6_bvg_b06m_400/si6_b06m_m400.09/target
        parameters=/cluster/gpg/ciaran/sip-benchmarks/benchmarks/si6_bvg_b06m_400/si6_b06m_m400.09/pattern,/cluster/gpg/ciaran/sip-benchmarks/benchmarks/si6_bvg_b06m_400/si6_b06m_m400.09/target
      

   loading variables...
        nbVariables=240  nbDomainTypes=1  nbTotalValues=96000  domainSizes=(400:240)
          =>  wckTime=0.196  cpuTime=0.317  mem=9M19

   loading objectives...

   loading constraints...
        nbConstraints=588  nbSpecificConstraints=1  nbExtensionStructures=(1,shared:586)  nbConflictsStructures=(1,shared:586,unbuilt:1)
        degrees=(2:6)(3:18)(4:32)...(13:1)(15:2)(17:3)  arities=(2:587)(240:1)  types=(AllDifferent:1)(ConstraintHardExtensionV-Bits:587)
          =>  wckTime=0.406  cpuTime=0.519  mem=19M208

   INFO : <!-- Start saving the XML representation -->

   INFO : <!-- Stop saving the XML representation of target.xml -->

   Solver SolverBacktrack being built... 
          =>  wckTime=0.685  cpuTime=0.763  mem=26M74

    instantiation X0=0 X1=24 X2=35 X3=65 X4=68 X5=124 X6=174 X7=178 X8=203 X9=244 X10=294 X11=307 X12=323 X13=329 X14=344 X15=352 X16=378 X17=5 X18=92 X19=111 X20=149 X21=160 X22=167 X23=194 X24=224 X25=249 X26=266 X27=282 X28=365 X29=383 X30=6 X31=19 X32=195 X33=234 X34=245 X35=325 X36=23 X37=76 X38=152 X39=180 X40=83 X41=284 X42=314 X43=336 X44=42 X45=47 X46=106 X47=299 X48=397 X49=1 X50=125 X51=154 X52=238 X53=359 X54=21 X55=81 X56=27 X57=153 X58=293 X59=324 X60=15 X61=207 X62=260 X63=69 X64=117 X65=312 X66=331 X67=343 X68=370 X69=67 X70=121 X71=243 X72=9 X73=28 X74=50 X75=159 X76=252 X77=7 X78=286 X79=64 X80=86 X81=175 X82=275 X83=74 X84=253 X85=287 X86=376 X87=391 X88=52 X89=87 X90=91 X91=113 X92=118 X93=171 X94=228 X95=298 X96=311 X97=356 X98=372 X99=109 X100=326 X101=374 X102=288 X103=345 X104=14 X105=189 X106=262 X107=283 X108=55 X109=364 X110=45 X111=94 X112=32 X113=127 X114=163 X115=269 X116=327 X117=385 X118=361 X119=17 X120=381 X121=4 X122=350 X123=143 X124=236 X125=357 X126=375 X127=2 X128=13 X129=44 X130=48 X131=186 X132=208 X133=216 X134=261 X135=267 X136=271 X137=347 X138=380 X139=114 X140=222 X141=248 X142=290 X143=332 X144=382 X145=26 X146=213 X147=310 X148=322 X149=11 X150=257 X151=41 X152=389 X153=93 X154=172 X155=191 X156=246 X157=387 X158=66 X159=119 X160=155 X161=115 X162=12 X163=88 X164=123 X165=202 X166=205 X167=219 X168=38 X169=96 X170=107 X171=135 X172=176 X173=268 X174=318 X175=399 X176=60 X177=85 X178=157 X179=247 X180=273 X181=18 X182=371 X183=20 X184=43 X185=34 X186=77 X187=128 X188=136 X189=164 X190=209 X191=239 X192=258 X193=306 X194=379 X195=139 X196=231 X197=373 X198=212 X199=256 X200=319 X201=40 X202=321 X203=33 X204=73 X205=342 X206=363 X207=386 X208=25 X209=98 X210=126 X211=285 X212=292 X213=395 X214=198 X215=230 X216=330 X217=141 X218=31 X219=144 X220=140 X221=181 X222=217 X223=221 X224=280 X225=366 X226=384 X227=138 X228=308 X229=377 X230=398 X231=166 X232=78 X233=162 X234=170 X235=309 X236=390 X237=58 X238=196 X239=79 

    solution X0=0 X1=24 X2=35 X3=65 X4=68 X5=124 X6=174 X7=178 X8=203 X9=244 X10=294 X11=307 X12=323 X13=329 X14=344 X15=352 X16=378 X17=5 X18=92 X19=111 X20=149 X21=160 X22=167 X23=194 X24=224 X25=249 X26=266 X27=282 X28=365 X29=383 X30=6 X31=19 X32=195 X33=234 X34=245 X35=325 X36=23 X37=76 X38=152 X39=180 X40=83 X41=284 X42=314 X43=336 X44=42 X45=47 X46=106 X47=299 X48=397 X49=1 X50=125 X51=154 X52=238 X53=359 X54=21 X55=81 X56=27 X57=153 X58=293 X59=324 X60=15 X61=207 X62=260 X63=69 X64=117 X65=312 X66=331 X67=343 X68=370 X69=67 X70=121 X71=243 X72=9 X73=28 X74=50 X75=159 X76=252 X77=7 X78=286 X79=64 X80=86 X81=175 X82=275 X83=74 X84=253 X85=287 X86=376 X87=391 X88=52 X89=87 X90=91 X91=113 X92=118 X93=171 X94=228 X95=298 X96=311 X97=356 X98=372 X99=109 X100=326 X101=374 X102=288 X103=345 X104=14 X105=189 X106=262 X107=283 X108=55 X109=364 X110=45 X111=94 X112=32 X113=127 X114=163 X115=269 X116=327 X117=385 X118=361 X119=17 X120=381 X121=4 X122=350 X123=143 X124=236 X125=357 X126=375 X127=2 X128=13 X129=44 X130=48 X131=186 X132=208 X133=216 X134=261 X135=267 X136=271 X137=347 X138=380 X139=114 X140=222 X141=248 X142=290 X143=332 X144=382 X145=26 X146=213 X147=310 X148=322 X149=11 X150=257 X151=41 X152=389 X153=93 X154=172 X155=191 X156=246 X157=387 X158=66 X159=119 X160=155 X161=115 X162=12 X163=88 X164=123 X165=202 X166=205 X167=219 X168=38 X169=96 X170=107 X171=135 X172=176 X173=268 X174=318 X175=399 X176=60 X177=85 X178=157 X179=247 X180=273 X181=18 X182=371 X183=20 X184=43 X185=34 X186=77 X187=128 X188=136 X189=164 X190=209 X191=239 X192=258 X193=306 X194=379 X195=139 X196=231 X197=373 X198=212 X199=256 X200=319 X201=40 X202=321 X203=33 X204=73 X205=342 X206=363 X207=386 X208=25 X209=98 X210=126 X211=285 X212=292 X213=395 X214=198 X215=230 X216=330 X217=141 X218=31 X219=144 X220=140 X221=181 X222=217 X223=221 X224=280 X225=366 X226=384 X227=138 X228=308 X229=377 X230=398 X231=166 X232=78 X233=162 X234=170 X235=309 X236=390 X237=58 X238=196 X239=79 

   
   search
        run=0  nbConstraintChecks=588  depth=(min:241,max:239,avg:0)  nbEffectivePropagations=26  nbRevisions=1729  nbUselessRevisions=1729
        nbAssignments=240  nbFailedAssignments=0  nbBacktracks=0  nbVisitedNodes=241  nbRestartNogoods=0  nbFoundSolutions=1
        upperBound=9223372036854775807
          =>  wckTime=7.103  cpuTime=7.687  mem=202M862

   
   global
        nbConstraintChecks=588  nbEffectivePropagations=26  nbRevisions=1729  nbUselessRevisions=1729  nbRestartNogoods=0  solvingWckTime=7.104
        expiredTime=no  totalExploration=no  nbFoundSolutions=1  firstSolutionCpuTime=7.676  Stop=REACHED_GOAL
          =>  wckTime=7.79  cpuTime=7.688  mem=202M862

s SATISFIABLE
v X0=0 X1=24 X2=35 X3=65 X4=68 X5=124 X6=174 X7=178 X8=203 X9=244 X10=294 X11=307 X12=323 X13=329 X14=344 X15=352 X16=378 X17=5 X18=92 X19=111 X20=149 X21=160 X22=167 X23=194 X24=224 X25=249 X26=266 X27=282 X28=365 X29=383 X30=6 X31=19 X32=195 X33=234 X34=245 X35=325 X36=23 X37=76 X38=152 X39=180 X40=83 X41=284 X42=314 X43=336 X44=42 X45=47 X46=106 X47=299 X48=397 X49=1 X50=125 X51=154 X52=238 X53=359 X54=21 X55=81 X56=27 X57=153 X58=293 X59=324 X60=15 X61=207 X62=260 X63=69 X64=117 X65=312 X66=331 X67=343 X68=370 X69=67 X70=121 X71=243 X72=9 X73=28 X74=50 X75=159 X76=252 X77=7 X78=286 X79=64 X80=86 X81=175 X82=275 X83=74 X84=253 X85=287 X86=376 X87=391 X88=52 X89=87 X90=91 X91=113 X92=118 X93=171 X94=228 X95=298 X96=311 X97=356 X98=372 X99=109 X100=326 X101=374 X102=288 X103=345 X104=14 X105=189 X106=262 X107=283 X108=55 X109=364 X110=45 X111=94 X112=32 X113=127 X114=163 X115=269 X116=327 X117=385 X118=361 X119=17 X120=381 X121=4 X122=350 X123=143 X124=236 X125=357 X126=375 X127=2 X128=13 X129=44 X130=48 X131=186 X132=208 X133=216 X134=261 X135=267 X136=271 X137=347 X138=380 X139=114 X140=222 X141=248 X142=290 X143=332 X144=382 X145=26 X146=213 X147=310 X148=322 X149=11 X150=257 X151=41 X152=389 X153=93 X154=172 X155=191 X156=246 X157=387 X158=66 X159=119 X160=155 X161=115 X162=12 X163=88 X164=123 X165=202 X166=205 X167=219 X168=38 X169=96 X170=107 X171=135 X172=176 X173=268 X174=318 X175=399 X176=60 X177=85 X178=157 X179=247 X180=273 X181=18 X182=371 X183=20 X184=43 X185=34 X186=77 X187=128 X188=136 X189=164 X190=209 X191=239 X192=258 X193=306 X194=379 X195=139 X196=231 X197=373 X198=212 X199=256 X200=319 X201=40 X202=321 X203=33 X204=73 X205=342 X206=363 X207=386 X208=25 X209=98 X210=126 X211=285 X212=292 X213=395 X214=198 X215=230 X216=330 X217=141 X218=31 X219=144 X220=140 X221=181 X222=217 X223=221 X224=280 X225=366 X226=384 X227=138 X228=308 X229=377 X230=398 X231=166 X232=78 X233=162 X234=170 X235=309 X236=390 X237=58 X238=196 X239=79 
d NODES 240

   totalWckTime=7.692  totalCpuTime=7.689
