
   AbsCon 1.41 (January, 2014) - defaultConfiguration

   
   instance
        framework=CSP  name=Isomorphism-/cluster/gpg/ciaran/sip-benchmarks/benchmarks/si6_bvg_b09_400/si6_b09_m400.04/pattern-/cluster/gpg/ciaran/sip-benchmarks/benchmarks/si6_bvg_b09_400/si6_b09_m400.04/target
        parameters=/cluster/gpg/ciaran/sip-benchmarks/benchmarks/si6_bvg_b09_400/si6_b09_m400.04/pattern,/cluster/gpg/ciaran/sip-benchmarks/benchmarks/si6_bvg_b09_400/si6_b09_m400.04/target
      

   loading variables...
        nbVariables=240  nbDomainTypes=1  nbTotalValues=96000  domainSizes=(400:240)
          =>  wckTime=0.211  cpuTime=0.313  mem=8M235

   loading objectives...

   loading constraints...
        nbConstraints=1058  nbSpecificConstraints=1  nbExtensionStructures=(1,shared:1056)  nbConflictsStructures=(1,shared:1056,unbuilt:1)
        degrees=(5:2)(6:4)(7:3)(8:4)(9:3)(10:224)  arities=(2:1057)(240:1)  types=(AllDifferent:1)(ConstraintHardExtensionV-Bits:1057)
          =>  wckTime=0.531  cpuTime=0.604  mem=14M98

   INFO : <!-- Start saving the XML representation -->

   INFO : <!-- Stop saving the XML representation of target.xml -->

   Solver SolverBacktrack being built... 
          =>  wckTime=0.793  cpuTime=0.838  mem=39M252

    instantiation X0=0 X1=10 X2=42 X3=94 X4=164 X5=209 X6=215 X7=266 X8=314 X9=389 X10=13 X11=24 X12=207 X13=76 X14=107 X15=127 X16=265 X17=344 X18=219 X19=229 X20=334 X21=112 X22=149 X23=138 X24=271 X25=282 X26=15 X27=341 X28=153 X29=199 X30=3 X31=37 X32=148 X33=289 X34=11 X35=197 X36=67 X37=188 X38=244 X39=45 X40=64 X41=170 X42=276 X43=281 X44=273 X45=69 X46=70 X47=172 X48=278 X49=326 X50=137 X51=362 X52=82 X53=338 X54=254 X55=242 X56=145 X57=40 X58=118 X59=309 X60=129 X61=303 X62=104 X63=180 X64=279 X65=355 X66=331 X67=357 X68=296 X69=97 X70=167 X71=304 X72=328 X73=245 X74=106 X75=160 X76=124 X77=196 X78=8 X79=202 X80=318 X81=327 X82=321 X83=352 X84=270 X85=35 X86=159 X87=102 X88=238 X89=9 X90=290 X91=350 X92=381 X93=133 X94=324 X95=21 X96=217 X97=185 X98=378 X99=332 X100=397 X101=261 X102=339 X103=391 X104=175 X105=329 X106=379 X107=27 X108=383 X109=89 X110=110 X111=39 X112=300 X113=243 X114=287 X115=283 X116=320 X117=23 X118=294 X119=150 X120=88 X121=288 X122=302 X123=285 X124=58 X125=246 X126=18 X127=235 X128=363 X129=248 X130=349 X131=93 X132=293 X133=190 X134=7 X135=126 X136=59 X137=193 X138=272 X139=192 X140=394 X141=123 X142=252 X143=114 X144=356 X145=200 X146=116 X147=128 X148=360 X149=345 X150=255 X151=385 X152=187 X153=382 X154=161 X155=240 X156=96 X157=121 X158=264 X159=4 X160=210 X161=74 X162=56 X163=68 X164=147 X165=109 X166=396 X167=232 X168=84 X169=33 X170=368 X171=313 X172=17 X173=163 X174=158 X175=376 X176=66 X177=268 X178=41 X179=342 X180=113 X181=369 X182=5 X183=367 X184=151 X185=72 X186=387 X187=1 X188=225 X189=136 X190=213 X191=299 X192=46 X193=90 X194=14 X195=333 X196=312 X197=239 X198=373 X199=372 X200=337 X201=216 X202=310 X203=195 X204=30 X205=186 X206=280 X207=95 X208=249 X209=85 X210=241 X211=142 X212=295 X213=317 X214=364 X215=206 X216=336 X217=230 X218=247 X219=392 X220=155 X221=184 X222=224 X223=308 X224=315 X225=305 X226=139 X227=174 X228=214 X229=115 X230=55 X231=228 X232=22 X233=370 X234=71 X235=156 X236=211 X237=29 X238=221 X239=384 

    solution X0=0 X1=10 X2=42 X3=94 X4=164 X5=209 X6=215 X7=266 X8=314 X9=389 X10=13 X11=24 X12=207 X13=76 X14=107 X15=127 X16=265 X17=344 X18=219 X19=229 X20=334 X21=112 X22=149 X23=138 X24=271 X25=282 X26=15 X27=341 X28=153 X29=199 X30=3 X31=37 X32=148 X33=289 X34=11 X35=197 X36=67 X37=188 X38=244 X39=45 X40=64 X41=170 X42=276 X43=281 X44=273 X45=69 X46=70 X47=172 X48=278 X49=326 X50=137 X51=362 X52=82 X53=338 X54=254 X55=242 X56=145 X57=40 X58=118 X59=309 X60=129 X61=303 X62=104 X63=180 X64=279 X65=355 X66=331 X67=357 X68=296 X69=97 X70=167 X71=304 X72=328 X73=245 X74=106 X75=160 X76=124 X77=196 X78=8 X79=202 X80=318 X81=327 X82=321 X83=352 X84=270 X85=35 X86=159 X87=102 X88=238 X89=9 X90=290 X91=350 X92=381 X93=133 X94=324 X95=21 X96=217 X97=185 X98=378 X99=332 X100=397 X101=261 X102=339 X103=391 X104=175 X105=329 X106=379 X107=27 X108=383 X109=89 X110=110 X111=39 X112=300 X113=243 X114=287 X115=283 X116=320 X117=23 X118=294 X119=150 X120=88 X121=288 X122=302 X123=285 X124=58 X125=246 X126=18 X127=235 X128=363 X129=248 X130=349 X131=93 X132=293 X133=190 X134=7 X135=126 X136=59 X137=193 X138=272 X139=192 X140=394 X141=123 X142=252 X143=114 X144=356 X145=200 X146=116 X147=128 X148=360 X149=345 X150=255 X151=385 X152=187 X153=382 X154=161 X155=240 X156=96 X157=121 X158=264 X159=4 X160=210 X161=74 X162=56 X163=68 X164=147 X165=109 X166=396 X167=232 X168=84 X169=33 X170=368 X171=313 X172=17 X173=163 X174=158 X175=376 X176=66 X177=268 X178=41 X179=342 X180=113 X181=369 X182=5 X183=367 X184=151 X185=72 X186=387 X187=1 X188=225 X189=136 X190=213 X191=299 X192=46 X193=90 X194=14 X195=333 X196=312 X197=239 X198=373 X199=372 X200=337 X201=216 X202=310 X203=195 X204=30 X205=186 X206=280 X207=95 X208=249 X209=85 X210=241 X211=142 X212=295 X213=317 X214=364 X215=206 X216=336 X217=230 X218=247 X219=392 X220=155 X221=184 X222=224 X223=308 X224=315 X225=305 X226=139 X227=174 X228=214 X229=115 X230=55 X231=228 X232=22 X233=370 X234=71 X235=156 X236=211 X237=29 X238=221 X239=384 

   
   search
        run=0  nbConstraintChecks=1058  depth=(min:241,max:239,avg:0)  nbEffectivePropagations=2  nbRevisions=5215  nbUselessRevisions=5215
        nbAssignments=240  nbFailedAssignments=0  nbBacktracks=0  nbVisitedNodes=241  nbRestartNogoods=0  nbFoundSolutions=1
        upperBound=9223372036854775807
          =>  wckTime=7.901  cpuTime=8.612  mem=236M224

   
   global
        nbConstraintChecks=1058  nbEffectivePropagations=2  nbRevisions=5215  nbUselessRevisions=5215  nbRestartNogoods=0  solvingWckTime=7.901
        expiredTime=no  totalExploration=no  nbFoundSolutions=1  firstSolutionCpuTime=8.602  Stop=REACHED_GOAL
          =>  wckTime=8.695  cpuTime=8.613  mem=236M224

s SATISFIABLE
v X0=0 X1=10 X2=42 X3=94 X4=164 X5=209 X6=215 X7=266 X8=314 X9=389 X10=13 X11=24 X12=207 X13=76 X14=107 X15=127 X16=265 X17=344 X18=219 X19=229 X20=334 X21=112 X22=149 X23=138 X24=271 X25=282 X26=15 X27=341 X28=153 X29=199 X30=3 X31=37 X32=148 X33=289 X34=11 X35=197 X36=67 X37=188 X38=244 X39=45 X40=64 X41=170 X42=276 X43=281 X44=273 X45=69 X46=70 X47=172 X48=278 X49=326 X50=137 X51=362 X52=82 X53=338 X54=254 X55=242 X56=145 X57=40 X58=118 X59=309 X60=129 X61=303 X62=104 X63=180 X64=279 X65=355 X66=331 X67=357 X68=296 X69=97 X70=167 X71=304 X72=328 X73=245 X74=106 X75=160 X76=124 X77=196 X78=8 X79=202 X80=318 X81=327 X82=321 X83=352 X84=270 X85=35 X86=159 X87=102 X88=238 X89=9 X90=290 X91=350 X92=381 X93=133 X94=324 X95=21 X96=217 X97=185 X98=378 X99=332 X100=397 X101=261 X102=339 X103=391 X104=175 X105=329 X106=379 X107=27 X108=383 X109=89 X110=110 X111=39 X112=300 X113=243 X114=287 X115=283 X116=320 X117=23 X118=294 X119=150 X120=88 X121=288 X122=302 X123=285 X124=58 X125=246 X126=18 X127=235 X128=363 X129=248 X130=349 X131=93 X132=293 X133=190 X134=7 X135=126 X136=59 X137=193 X138=272 X139=192 X140=394 X141=123 X142=252 X143=114 X144=356 X145=200 X146=116 X147=128 X148=360 X149=345 X150=255 X151=385 X152=187 X153=382 X154=161 X155=240 X156=96 X157=121 X158=264 X159=4 X160=210 X161=74 X162=56 X163=68 X164=147 X165=109 X166=396 X167=232 X168=84 X169=33 X170=368 X171=313 X172=17 X173=163 X174=158 X175=376 X176=66 X177=268 X178=41 X179=342 X180=113 X181=369 X182=5 X183=367 X184=151 X185=72 X186=387 X187=1 X188=225 X189=136 X190=213 X191=299 X192=46 X193=90 X194=14 X195=333 X196=312 X197=239 X198=373 X199=372 X200=337 X201=216 X202=310 X203=195 X204=30 X205=186 X206=280 X207=95 X208=249 X209=85 X210=241 X211=142 X212=295 X213=317 X214=364 X215=206 X216=336 X217=230 X218=247 X219=392 X220=155 X221=184 X222=224 X223=308 X224=315 X225=305 X226=139 X227=174 X228=214 X229=115 X230=55 X231=228 X232=22 X233=370 X234=71 X235=156 X236=211 X237=29 X238=221 X239=384 
d NODES 240

   totalWckTime=8.592  totalCpuTime=8.613
