
   AbsCon 1.41 (January, 2014) - defaultConfiguration

   
   instance
        framework=CSP  name=Isomorphism-/cluster/gpg/ciaran/sip-benchmarks/benchmarks/si6_m4D_m4Dr2_256/si6_m4Dr2_m256.09/pattern-/cluster/gpg/ciaran/sip-benchmarks/benchmarks/si6_m4D_m4Dr2_256/si6_m4Dr2_m256.09/target
        parameters=/cluster/gpg/ciaran/sip-benchmarks/benchmarks/si6_m4D_m4Dr2_256/si6_m4Dr2_m256.09/pattern,/cluster/gpg/ciaran/sip-benchmarks/benchmarks/si6_m4D_m4Dr2_256/si6_m4Dr2_m256.09/target
      

   loading variables...
        nbVariables=153  nbDomainTypes=1  nbTotalValues=39168  domainSizes=(256:153)
          =>  wckTime=0.182  cpuTime=0.3  mem=6M395

   loading objectives...

   loading constraints...
        nbConstraints=355  nbSpecificConstraints=1  nbExtensionStructures=(1,shared:353)  nbConflictsStructures=(1,shared:353,unbuilt:1)
        degrees=(2:10)(3:14)(4:27)...(8:23)(9:10)(10:1)  arities=(2:354)(153:1)  types=(AllDifferent:1)(ConstraintHardExtensionV-Bits:354)
          =>  wckTime=0.289  cpuTime=0.403  mem=9M85

   INFO : <!-- Start saving the XML representation -->

   INFO : <!-- Stop saving the XML representation of target.xml -->

   Solver SolverBacktrack being built... 
          =>  wckTime=0.525  cpuTime=0.603  mem=17M995

    instantiation X0=0 X1=21 X2=23 X3=90 X4=100 X5=205 X6=220 X7=245 X8=186 X9=193 X10=196 X11=200 X12=59 X13=108 X14=133 X15=160 X16=169 X17=199 X18=74 X19=139 X20=223 X21=249 X22=6 X23=22 X24=88 X25=198 X26=44 X27=101 X28=138 X29=146 X30=191 X31=209 X32=13 X33=30 X34=89 X35=98 X36=237 X37=27 X38=80 X39=111 X40=243 X41=252 X42=91 X43=229 X44=3 X45=41 X46=46 X47=178 X48=235 X49=2 X50=29 X51=97 X52=174 X53=230 X54=38 X55=49 X56=125 X57=142 X58=188 X59=202 X60=107 X61=31 X62=93 X63=179 X64=204 X65=112 X66=115 X67=145 X68=126 X69=43 X70=47 X71=255 X72=95 X73=116 X74=168 X75=173 X76=165 X77=34 X78=147 X79=195 X80=127 X81=132 X82=12 X83=18 X84=55 X85=238 X86=118 X87=234 X88=244 X89=102 X90=219 X91=56 X92=60 X93=79 X94=239 X95=148 X96=45 X97=211 X98=35 X99=181 X100=217 X101=15 X102=81 X103=135 X104=185 X105=203 X106=228 X107=114 X108=20 X109=109 X110=51 X111=212 X112=64 X113=221 X114=242 X115=246 X116=251 X117=36 X118=50 X119=53 X120=214 X121=28 X122=154 X123=5 X124=84 X125=182 X126=208 X127=189 X128=105 X129=117 X130=233 X131=37 X132=62 X133=184 X134=86 X135=216 X136=69 X137=226 X138=119 X139=67 X140=113 X141=144 X142=167 X143=87 X144=104 X145=136 X146=158 X147=227 X148=77 X149=166 X150=65 X151=25 X152=76 

    solution X0=0 X1=21 X2=23 X3=90 X4=100 X5=205 X6=220 X7=245 X8=186 X9=193 X10=196 X11=200 X12=59 X13=108 X14=133 X15=160 X16=169 X17=199 X18=74 X19=139 X20=223 X21=249 X22=6 X23=22 X24=88 X25=198 X26=44 X27=101 X28=138 X29=146 X30=191 X31=209 X32=13 X33=30 X34=89 X35=98 X36=237 X37=27 X38=80 X39=111 X40=243 X41=252 X42=91 X43=229 X44=3 X45=41 X46=46 X47=178 X48=235 X49=2 X50=29 X51=97 X52=174 X53=230 X54=38 X55=49 X56=125 X57=142 X58=188 X59=202 X60=107 X61=31 X62=93 X63=179 X64=204 X65=112 X66=115 X67=145 X68=126 X69=43 X70=47 X71=255 X72=95 X73=116 X74=168 X75=173 X76=165 X77=34 X78=147 X79=195 X80=127 X81=132 X82=12 X83=18 X84=55 X85=238 X86=118 X87=234 X88=244 X89=102 X90=219 X91=56 X92=60 X93=79 X94=239 X95=148 X96=45 X97=211 X98=35 X99=181 X100=217 X101=15 X102=81 X103=135 X104=185 X105=203 X106=228 X107=114 X108=20 X109=109 X110=51 X111=212 X112=64 X113=221 X114=242 X115=246 X116=251 X117=36 X118=50 X119=53 X120=214 X121=28 X122=154 X123=5 X124=84 X125=182 X126=208 X127=189 X128=105 X129=117 X130=233 X131=37 X132=62 X133=184 X134=86 X135=216 X136=69 X137=226 X138=119 X139=67 X140=113 X141=144 X142=167 X143=87 X144=104 X145=136 X146=158 X147=227 X148=77 X149=166 X150=65 X151=25 X152=76 

   
   search
        run=0  nbConstraintChecks=355  depth=(min:0,max:152,avg:1)  nbEffectivePropagations=2256  nbRevisions=13814  nbUselessRevisions=11605
        nbAssignments=398  nbFailedAssignments=245  nbBacktracks=0  nbVisitedNodes=644  nbRestartNogoods=0  nbFoundSolutions=1
        upperBound=9223372036854775807
          =>  wckTime=2.196  cpuTime=2.733  mem=65M850

   
   global
        nbConstraintChecks=355  nbEffectivePropagations=2256  nbRevisions=13814  nbUselessRevisions=11605  nbRestartNogoods=0
        solvingWckTime=2.196  expiredTime=no  totalExploration=no  nbFoundSolutions=1  firstSolutionCpuTime=2.73  Stop=REACHED_GOAL
          =>  wckTime=2.721  cpuTime=2.734  mem=65M850

s SATISFIABLE
v X0=0 X1=21 X2=23 X3=90 X4=100 X5=205 X6=220 X7=245 X8=186 X9=193 X10=196 X11=200 X12=59 X13=108 X14=133 X15=160 X16=169 X17=199 X18=74 X19=139 X20=223 X21=249 X22=6 X23=22 X24=88 X25=198 X26=44 X27=101 X28=138 X29=146 X30=191 X31=209 X32=13 X33=30 X34=89 X35=98 X36=237 X37=27 X38=80 X39=111 X40=243 X41=252 X42=91 X43=229 X44=3 X45=41 X46=46 X47=178 X48=235 X49=2 X50=29 X51=97 X52=174 X53=230 X54=38 X55=49 X56=125 X57=142 X58=188 X59=202 X60=107 X61=31 X62=93 X63=179 X64=204 X65=112 X66=115 X67=145 X68=126 X69=43 X70=47 X71=255 X72=95 X73=116 X74=168 X75=173 X76=165 X77=34 X78=147 X79=195 X80=127 X81=132 X82=12 X83=18 X84=55 X85=238 X86=118 X87=234 X88=244 X89=102 X90=219 X91=56 X92=60 X93=79 X94=239 X95=148 X96=45 X97=211 X98=35 X99=181 X100=217 X101=15 X102=81 X103=135 X104=185 X105=203 X106=228 X107=114 X108=20 X109=109 X110=51 X111=212 X112=64 X113=221 X114=242 X115=246 X116=251 X117=36 X118=50 X119=53 X120=214 X121=28 X122=154 X123=5 X124=84 X125=182 X126=208 X127=189 X128=105 X129=117 X130=233 X131=37 X132=62 X133=184 X134=86 X135=216 X136=69 X137=226 X138=119 X139=67 X140=113 X141=144 X142=167 X143=87 X144=104 X145=136 X146=158 X147=227 X148=77 X149=166 X150=65 X151=25 X152=76 
d NODES 398

   totalWckTime=2.627  totalCpuTime=2.735
