
   AbsCon 1.41 (January, 2014) - defaultConfiguration

   
   instance
        framework=CSP  name=Isomorphism-/cluster/gpg/ciaran/sip-benchmarks/benchmarks/si6_m4D_m4Dr4_256/si6_m4Dr4_m256.06/pattern-/cluster/gpg/ciaran/sip-benchmarks/benchmarks/si6_m4D_m4Dr4_256/si6_m4Dr4_m256.06/target
        parameters=/cluster/gpg/ciaran/sip-benchmarks/benchmarks/si6_m4D_m4Dr4_256/si6_m4Dr4_m256.06/pattern,/cluster/gpg/ciaran/sip-benchmarks/benchmarks/si6_m4D_m4Dr4_256/si6_m4Dr4_m256.06/target
      

   loading variables...
        nbVariables=153  nbDomainTypes=1  nbTotalValues=39168  domainSizes=(256:153)
          =>  wckTime=0.196  cpuTime=0.318  mem=4M602

   loading objectives...

   loading constraints...
        nbConstraints=363  nbSpecificConstraints=1  nbExtensionStructures=(1,shared:361)  nbConflictsStructures=(1,shared:361,unbuilt:1)
        degrees=(2:8)(3:18)(4:19)...(8:16)(9:12)(10:3)  arities=(2:362)(153:1)  types=(AllDifferent:1)(ConstraintHardExtensionV-Bits:362)
          =>  wckTime=0.308  cpuTime=0.429  mem=16M866

   INFO : <!-- Start saving the XML representation -->

   INFO : <!-- Stop saving the XML representation of target.xml -->

   Solver SolverBacktrack being built... 
          =>  wckTime=0.556  cpuTime=0.631  mem=24M108

    instantiation X0=0 X1=33 X2=59 X3=63 X4=87 X5=110 X6=210 X7=51 X8=76 X9=217 X10=228 X11=15 X12=17 X13=70 X14=96 X15=212 X16=252 X17=26 X18=47 X19=61 X20=232 X21=253 X22=13 X23=14 X24=25 X25=206 X26=9 X27=28 X28=115 X29=161 X30=1 X31=19 X32=129 X33=244 X34=83 X35=117 X36=152 X37=98 X38=222 X39=102 X40=6 X41=50 X42=68 X43=149 X44=254 X45=27 X46=169 X47=172 X48=197 X49=120 X50=124 X51=164 X52=189 X53=240 X54=241 X55=34 X56=69 X57=181 X58=251 X59=113 X60=132 X61=201 X62=166 X63=3 X64=44 X65=119 X66=139 X67=143 X68=246 X69=10 X70=60 X71=89 X72=140 X73=194 X74=208 X75=226 X76=249 X77=64 X78=215 X79=221 X80=224 X81=125 X82=211 X83=236 X84=111 X85=248 X86=223 X87=100 X88=128 X89=78 X90=107 X91=133 X92=158 X93=56 X94=99 X95=122 X96=205 X97=93 X98=49 X99=207 X100=73 X101=239 X102=4 X103=8 X104=22 X105=192 X106=243 X107=57 X108=77 X109=109 X110=173 X111=174 X112=235 X113=160 X114=171 X115=229 X116=82 X117=91 X118=58 X119=90 X120=190 X121=220 X122=5 X123=21 X124=32 X125=65 X126=137 X127=227 X128=18 X129=238 X130=126 X131=234 X132=7 X133=23 X134=170 X135=67 X136=167 X137=185 X138=145 X139=193 X140=198 X141=178 X142=42 X143=74 X144=104 X145=196 X146=250 X147=11 X148=123 X149=203 X150=45 X151=242 X152=12 

    solution X0=0 X1=33 X2=59 X3=63 X4=87 X5=110 X6=210 X7=51 X8=76 X9=217 X10=228 X11=15 X12=17 X13=70 X14=96 X15=212 X16=252 X17=26 X18=47 X19=61 X20=232 X21=253 X22=13 X23=14 X24=25 X25=206 X26=9 X27=28 X28=115 X29=161 X30=1 X31=19 X32=129 X33=244 X34=83 X35=117 X36=152 X37=98 X38=222 X39=102 X40=6 X41=50 X42=68 X43=149 X44=254 X45=27 X46=169 X47=172 X48=197 X49=120 X50=124 X51=164 X52=189 X53=240 X54=241 X55=34 X56=69 X57=181 X58=251 X59=113 X60=132 X61=201 X62=166 X63=3 X64=44 X65=119 X66=139 X67=143 X68=246 X69=10 X70=60 X71=89 X72=140 X73=194 X74=208 X75=226 X76=249 X77=64 X78=215 X79=221 X80=224 X81=125 X82=211 X83=236 X84=111 X85=248 X86=223 X87=100 X88=128 X89=78 X90=107 X91=133 X92=158 X93=56 X94=99 X95=122 X96=205 X97=93 X98=49 X99=207 X100=73 X101=239 X102=4 X103=8 X104=22 X105=192 X106=243 X107=57 X108=77 X109=109 X110=173 X111=174 X112=235 X113=160 X114=171 X115=229 X116=82 X117=91 X118=58 X119=90 X120=190 X121=220 X122=5 X123=21 X124=32 X125=65 X126=137 X127=227 X128=18 X129=238 X130=126 X131=234 X132=7 X133=23 X134=170 X135=67 X136=167 X137=185 X138=145 X139=193 X140=198 X141=178 X142=42 X143=74 X144=104 X145=196 X146=250 X147=11 X148=123 X149=203 X150=45 X151=242 X152=12 

   
   search
        run=0  nbConstraintChecks=363  depth=(min:0,max:152,avg:1)  nbEffectivePropagations=26  nbRevisions=1680  nbUselessRevisions=1680
        nbAssignments=223  nbFailedAssignments=70  nbBacktracks=0  nbVisitedNodes=294  nbRestartNogoods=0  nbFoundSolutions=1
        upperBound=9223372036854775807
          =>  wckTime=1.882  cpuTime=2.453  mem=97M124

   
   global
        nbConstraintChecks=363  nbEffectivePropagations=26  nbRevisions=1680  nbUselessRevisions=1680  nbRestartNogoods=0  solvingWckTime=1.883
        expiredTime=no  totalExploration=no  nbFoundSolutions=1  firstSolutionCpuTime=2.45  Stop=REACHED_GOAL
          =>  wckTime=2.439  cpuTime=2.454  mem=97M124

s SATISFIABLE
v X0=0 X1=33 X2=59 X3=63 X4=87 X5=110 X6=210 X7=51 X8=76 X9=217 X10=228 X11=15 X12=17 X13=70 X14=96 X15=212 X16=252 X17=26 X18=47 X19=61 X20=232 X21=253 X22=13 X23=14 X24=25 X25=206 X26=9 X27=28 X28=115 X29=161 X30=1 X31=19 X32=129 X33=244 X34=83 X35=117 X36=152 X37=98 X38=222 X39=102 X40=6 X41=50 X42=68 X43=149 X44=254 X45=27 X46=169 X47=172 X48=197 X49=120 X50=124 X51=164 X52=189 X53=240 X54=241 X55=34 X56=69 X57=181 X58=251 X59=113 X60=132 X61=201 X62=166 X63=3 X64=44 X65=119 X66=139 X67=143 X68=246 X69=10 X70=60 X71=89 X72=140 X73=194 X74=208 X75=226 X76=249 X77=64 X78=215 X79=221 X80=224 X81=125 X82=211 X83=236 X84=111 X85=248 X86=223 X87=100 X88=128 X89=78 X90=107 X91=133 X92=158 X93=56 X94=99 X95=122 X96=205 X97=93 X98=49 X99=207 X100=73 X101=239 X102=4 X103=8 X104=22 X105=192 X106=243 X107=57 X108=77 X109=109 X110=173 X111=174 X112=235 X113=160 X114=171 X115=229 X116=82 X117=91 X118=58 X119=90 X120=190 X121=220 X122=5 X123=21 X124=32 X125=65 X126=137 X127=227 X128=18 X129=238 X130=126 X131=234 X132=7 X133=23 X134=170 X135=67 X136=167 X137=185 X138=145 X139=193 X140=198 X141=178 X142=42 X143=74 X144=104 X145=196 X146=250 X147=11 X148=123 X149=203 X150=45 X151=242 X152=12 
d NODES 223

   totalWckTime=2.337  totalCpuTime=2.454
