
   AbsCon 1.41 (January, 2014) - defaultConfiguration

   
   instance
        framework=CSP  name=Isomorphism-/cluster/gpg/ciaran/sip-benchmarks/benchmarks/si6_bvg_b06m_400/si6_b06m_m400.08/pattern-/cluster/gpg/ciaran/sip-benchmarks/benchmarks/si6_bvg_b06m_400/si6_b06m_m400.08/target
        parameters=/cluster/gpg/ciaran/sip-benchmarks/benchmarks/si6_bvg_b06m_400/si6_b06m_m400.08/pattern,/cluster/gpg/ciaran/sip-benchmarks/benchmarks/si6_bvg_b06m_400/si6_b06m_m400.08/target
      

   loading variables...
        nbVariables=240  nbDomainTypes=1  nbTotalValues=96000  domainSizes=(400:240)
          =>  wckTime=0.192  cpuTime=0.319  mem=7M994

   loading objectives...

   loading constraints...
        nbConstraints=607  nbSpecificConstraints=1  nbExtensionStructures=(1,shared:605)  nbConflictsStructures=(1,shared:605,unbuilt:1)
        degrees=(2:4)(3:10)(4:33)...(14:1)(15:3)(20:1)  arities=(2:606)(240:1)  types=(AllDifferent:1)(ConstraintHardExtensionV-Bits:606)
          =>  wckTime=0.382  cpuTime=0.501  mem=17M5

   INFO : <!-- Start saving the XML representation -->

   INFO : <!-- Stop saving the XML representation of target.xml -->

   Solver SolverBacktrack being built... 
          =>  wckTime=0.643  cpuTime=0.731  mem=25M434

    instantiation X0=0 X1=4 X2=11 X3=13 X4=23 X5=53 X6=79 X7=86 X8=123 X9=124 X10=126 X11=128 X12=156 X13=182 X14=186 X15=215 X16=257 X17=268 X18=316 X19=329 X20=14 X21=131 X22=144 X23=187 X24=221 X25=237 X26=245 X27=361 X28=378 X29=388 X30=5 X31=21 X32=62 X33=83 X34=155 X35=159 X36=200 X37=206 X38=283 X39=286 X40=363 X41=389 X42=397 X43=7 X44=50 X45=214 X46=219 X47=255 X48=266 X49=285 X50=349 X51=56 X52=160 X53=216 X54=359 X55=392 X56=138 X57=348 X58=29 X59=173 X60=232 X61=368 X62=167 X63=399 X64=31 X65=82 X66=322 X67=385 X68=64 X69=148 X70=364 X71=111 X72=146 X73=158 X74=324 X75=39 X76=204 X77=211 X78=339 X79=27 X80=61 X81=345 X82=41 X83=116 X84=183 X85=233 X86=179 X87=287 X88=340 X89=1 X90=105 X91=139 X92=315 X93=75 X94=213 X95=49 X96=129 X97=150 X98=207 X99=224 X100=242 X101=305 X102=314 X103=142 X104=151 X105=264 X106=132 X107=325 X108=358 X109=343 X110=8 X111=70 X112=118 X113=250 X114=396 X115=91 X116=373 X117=394 X118=395 X119=10 X120=178 X121=202 X122=12 X123=19 X124=45 X125=282 X126=2 X127=34 X128=47 X129=274 X130=295 X131=317 X132=354 X133=390 X134=168 X135=234 X136=328 X137=18 X138=276 X139=300 X140=355 X141=22 X142=59 X143=72 X144=170 X145=251 X146=114 X147=258 X148=302 X149=323 X150=326 X151=38 X152=58 X153=164 X154=338 X155=374 X156=102 X157=181 X158=372 X159=52 X160=95 X161=174 X162=240 X163=311 X164=25 X165=32 X166=96 X167=107 X168=220 X169=248 X170=284 X171=320 X172=76 X173=147 X174=279 X175=17 X176=69 X177=163 X178=3 X179=238 X180=337 X181=360 X182=127 X183=157 X184=190 X185=71 X186=252 X187=319 X188=347 X189=81 X190=104 X191=154 X192=26 X193=294 X194=165 X195=262 X196=263 X197=60 X198=85 X199=162 X200=246 X201=42 X202=77 X203=331 X204=189 X205=269 X206=108 X207=16 X208=346 X209=40 X210=97 X211=227 X212=304 X213=37 X214=172 X215=205 X216=80 X217=356 X218=48 X219=106 X220=109 X221=296 X222=352 X223=35 X224=46 X225=15 X226=33 X227=44 X228=88 X229=333 X230=357 X231=387 X232=195 X233=203 X234=223 X235=113 X236=210 X237=87 X238=249 X239=275 

    solution X0=0 X1=4 X2=11 X3=13 X4=23 X5=53 X6=79 X7=86 X8=123 X9=124 X10=126 X11=128 X12=156 X13=182 X14=186 X15=215 X16=257 X17=268 X18=316 X19=329 X20=14 X21=131 X22=144 X23=187 X24=221 X25=237 X26=245 X27=361 X28=378 X29=388 X30=5 X31=21 X32=62 X33=83 X34=155 X35=159 X36=200 X37=206 X38=283 X39=286 X40=363 X41=389 X42=397 X43=7 X44=50 X45=214 X46=219 X47=255 X48=266 X49=285 X50=349 X51=56 X52=160 X53=216 X54=359 X55=392 X56=138 X57=348 X58=29 X59=173 X60=232 X61=368 X62=167 X63=399 X64=31 X65=82 X66=322 X67=385 X68=64 X69=148 X70=364 X71=111 X72=146 X73=158 X74=324 X75=39 X76=204 X77=211 X78=339 X79=27 X80=61 X81=345 X82=41 X83=116 X84=183 X85=233 X86=179 X87=287 X88=340 X89=1 X90=105 X91=139 X92=315 X93=75 X94=213 X95=49 X96=129 X97=150 X98=207 X99=224 X100=242 X101=305 X102=314 X103=142 X104=151 X105=264 X106=132 X107=325 X108=358 X109=343 X110=8 X111=70 X112=118 X113=250 X114=396 X115=91 X116=373 X117=394 X118=395 X119=10 X120=178 X121=202 X122=12 X123=19 X124=45 X125=282 X126=2 X127=34 X128=47 X129=274 X130=295 X131=317 X132=354 X133=390 X134=168 X135=234 X136=328 X137=18 X138=276 X139=300 X140=355 X141=22 X142=59 X143=72 X144=170 X145=251 X146=114 X147=258 X148=302 X149=323 X150=326 X151=38 X152=58 X153=164 X154=338 X155=374 X156=102 X157=181 X158=372 X159=52 X160=95 X161=174 X162=240 X163=311 X164=25 X165=32 X166=96 X167=107 X168=220 X169=248 X170=284 X171=320 X172=76 X173=147 X174=279 X175=17 X176=69 X177=163 X178=3 X179=238 X180=337 X181=360 X182=127 X183=157 X184=190 X185=71 X186=252 X187=319 X188=347 X189=81 X190=104 X191=154 X192=26 X193=294 X194=165 X195=262 X196=263 X197=60 X198=85 X199=162 X200=246 X201=42 X202=77 X203=331 X204=189 X205=269 X206=108 X207=16 X208=346 X209=40 X210=97 X211=227 X212=304 X213=37 X214=172 X215=205 X216=80 X217=356 X218=48 X219=106 X220=109 X221=296 X222=352 X223=35 X224=46 X225=15 X226=33 X227=44 X228=88 X229=333 X230=357 X231=387 X232=195 X233=203 X234=223 X235=113 X236=210 X237=87 X238=249 X239=275 

   
   search
        run=0  nbConstraintChecks=607  depth=(min:241,max:239,avg:0)  nbEffectivePropagations=14  nbRevisions=1780  nbUselessRevisions=1780
        nbAssignments=240  nbFailedAssignments=0  nbBacktracks=0  nbVisitedNodes=241  nbRestartNogoods=0  nbFoundSolutions=1
        upperBound=9223372036854775807
          =>  wckTime=7.163  cpuTime=7.774  mem=120M269

   
   global
        nbConstraintChecks=607  nbEffectivePropagations=14  nbRevisions=1780  nbUselessRevisions=1780  nbRestartNogoods=0  solvingWckTime=7.163
        expiredTime=no  totalExploration=no  nbFoundSolutions=1  firstSolutionCpuTime=7.763  Stop=REACHED_GOAL
          =>  wckTime=7.807  cpuTime=7.774  mem=120M269

s SATISFIABLE
v X0=0 X1=4 X2=11 X3=13 X4=23 X5=53 X6=79 X7=86 X8=123 X9=124 X10=126 X11=128 X12=156 X13=182 X14=186 X15=215 X16=257 X17=268 X18=316 X19=329 X20=14 X21=131 X22=144 X23=187 X24=221 X25=237 X26=245 X27=361 X28=378 X29=388 X30=5 X31=21 X32=62 X33=83 X34=155 X35=159 X36=200 X37=206 X38=283 X39=286 X40=363 X41=389 X42=397 X43=7 X44=50 X45=214 X46=219 X47=255 X48=266 X49=285 X50=349 X51=56 X52=160 X53=216 X54=359 X55=392 X56=138 X57=348 X58=29 X59=173 X60=232 X61=368 X62=167 X63=399 X64=31 X65=82 X66=322 X67=385 X68=64 X69=148 X70=364 X71=111 X72=146 X73=158 X74=324 X75=39 X76=204 X77=211 X78=339 X79=27 X80=61 X81=345 X82=41 X83=116 X84=183 X85=233 X86=179 X87=287 X88=340 X89=1 X90=105 X91=139 X92=315 X93=75 X94=213 X95=49 X96=129 X97=150 X98=207 X99=224 X100=242 X101=305 X102=314 X103=142 X104=151 X105=264 X106=132 X107=325 X108=358 X109=343 X110=8 X111=70 X112=118 X113=250 X114=396 X115=91 X116=373 X117=394 X118=395 X119=10 X120=178 X121=202 X122=12 X123=19 X124=45 X125=282 X126=2 X127=34 X128=47 X129=274 X130=295 X131=317 X132=354 X133=390 X134=168 X135=234 X136=328 X137=18 X138=276 X139=300 X140=355 X141=22 X142=59 X143=72 X144=170 X145=251 X146=114 X147=258 X148=302 X149=323 X150=326 X151=38 X152=58 X153=164 X154=338 X155=374 X156=102 X157=181 X158=372 X159=52 X160=95 X161=174 X162=240 X163=311 X164=25 X165=32 X166=96 X167=107 X168=220 X169=248 X170=284 X171=320 X172=76 X173=147 X174=279 X175=17 X176=69 X177=163 X178=3 X179=238 X180=337 X181=360 X182=127 X183=157 X184=190 X185=71 X186=252 X187=319 X188=347 X189=81 X190=104 X191=154 X192=26 X193=294 X194=165 X195=262 X196=263 X197=60 X198=85 X199=162 X200=246 X201=42 X202=77 X203=331 X204=189 X205=269 X206=108 X207=16 X208=346 X209=40 X210=97 X211=227 X212=304 X213=37 X214=172 X215=205 X216=80 X217=356 X218=48 X219=106 X220=109 X221=296 X222=352 X223=35 X224=46 X225=15 X226=33 X227=44 X228=88 X229=333 X230=357 X231=387 X232=195 X233=203 X234=223 X235=113 X236=210 X237=87 X238=249 X239=275 
d NODES 240

   totalWckTime=7.713  totalCpuTime=7.775
