
   AbsCon 1.41 (January, 2014) - defaultConfiguration

   
   instance
        framework=CSP  name=Isomorphism-/cluster/gpg/ciaran/sip-benchmarks/benchmarks/si6_rand_r005_400/si6_r005_m400.08/pattern-/cluster/gpg/ciaran/sip-benchmarks/benchmarks/si6_rand_r005_400/si6_r005_m400.08/target
        parameters=/cluster/gpg/ciaran/sip-benchmarks/benchmarks/si6_rand_r005_400/si6_r005_m400.08/pattern,/cluster/gpg/ciaran/sip-benchmarks/benchmarks/si6_rand_r005_400/si6_r005_m400.08/target
      

   loading variables...
        nbVariables=240  nbDomainTypes=1  nbTotalValues=96000  domainSizes=(400:240)
          =>  wckTime=0.221  cpuTime=0.324  mem=8M103

   loading objectives...

   loading constraints...
        nbConstraints=2830  nbSpecificConstraints=1  nbExtensionStructures=(1,shared:2828)  nbConflictsStructures=(1,shared:2828,unbuilt:1)
        degrees=(12:3)(14:2)(15:4)...(35:1)(36:1)(37:1)  arities=(2:2829)(240:1)  types=(AllDifferent:1)(ConstraintHardExtensionV-Bits:2829)
          =>  wckTime=1.214  cpuTime=1.272  mem=157M483

   INFO : <!-- Start saving the XML representation -->

   INFO : <!-- Stop saving the XML representation of target.xml -->

   Solver SolverBacktrack being built... 
          =>  wckTime=1.532  cpuTime=1.555  mem=47M693

    instantiation X0=266 X1=184 X2=116 X3=376 X4=219 X5=344 X6=342 X7=380 X8=48 X9=132 X10=349 X11=115 X12=151 X13=83 X14=100 X15=236 X16=19 X17=194 X18=335 X19=386 X20=22 X21=84 X22=122 X23=285 X24=96 X25=17 X26=139 X27=328 X28=226 X29=34 X30=249 X31=35 X32=257 X33=44 X34=339 X35=98 X36=397 X37=227 X38=388 X39=308 X40=25 X41=293 X42=41 X43=310 X44=55 X45=130 X46=210 X47=389 X48=280 X49=164 X50=137 X51=260 X52=32 X53=141 X54=195 X55=198 X56=324 X57=320 X58=212 X59=353 X60=238 X61=302 X62=143 X63=347 X64=273 X65=81 X66=303 X67=43 X68=334 X69=66 X70=371 X71=168 X72=197 X73=291 X74=392 X75=383 X76=254 X77=161 X78=140 X79=27 X80=372 X81=180 X82=235 X83=228 X84=6 X85=242 X86=179 X87=106 X88=104 X89=208 X90=391 X91=182 X92=152 X93=79 X94=245 X95=199 X96=181 X97=51 X98=186 X99=330 X100=399 X101=220 X102=360 X103=396 X104=23 X105=296 X106=88 X107=47 X108=178 X109=323 X110=74 X111=252 X112=278 X113=38 X114=297 X115=153 X116=191 X117=204 X118=390 X119=354 X120=127 X121=222 X122=166 X123=72 X124=264 X125=39 X126=395 X127=36 X128=275 X129=306 X130=108 X131=45 X132=92 X133=209 X134=356 X135=196 X136=174 X137=338 X138=68 X139=65 X140=49 X141=114 X142=251 X143=237 X144=80 X145=223 X146=202 X147=170 X148=117 X149=112 X150=24 X151=366 X152=14 X153=259 X154=231 X155=118 X156=377 X157=312 X158=331 X159=31 X160=3 X161=385 X162=59 X163=240 X164=70 X165=393 X166=268 X167=1 X168=21 X169=169 X170=173 X171=340 X172=99 X173=313 X174=126 X175=261 X176=355 X177=284 X178=387 X179=207 X180=61 X181=30 X182=211 X183=343 X184=253 X185=288 X186=15 X187=188 X188=103 X189=53 X190=163 X191=172 X192=213 X193=363 X194=133 X195=109 X196=46 X197=20 X198=305 X199=42 X200=200 X201=316 X202=154 X203=11 X204=321 X205=77 X206=358 X207=26 X208=309 X209=352 X210=93 X211=282 X212=276 X213=82 X214=165 X215=221 X216=54 X217=362 X218=224 X219=175 X220=56 X221=37 X222=357 X223=350 X224=361 X225=394 X226=351 X227=317 X228=177 X229=125 X230=162 X231=185 X232=63 X233=375 X234=326 X235=134 X236=232 X237=216 X238=113 X239=87 

    solution X0=266 X1=184 X2=116 X3=376 X4=219 X5=344 X6=342 X7=380 X8=48 X9=132 X10=349 X11=115 X12=151 X13=83 X14=100 X15=236 X16=19 X17=194 X18=335 X19=386 X20=22 X21=84 X22=122 X23=285 X24=96 X25=17 X26=139 X27=328 X28=226 X29=34 X30=249 X31=35 X32=257 X33=44 X34=339 X35=98 X36=397 X37=227 X38=388 X39=308 X40=25 X41=293 X42=41 X43=310 X44=55 X45=130 X46=210 X47=389 X48=280 X49=164 X50=137 X51=260 X52=32 X53=141 X54=195 X55=198 X56=324 X57=320 X58=212 X59=353 X60=238 X61=302 X62=143 X63=347 X64=273 X65=81 X66=303 X67=43 X68=334 X69=66 X70=371 X71=168 X72=197 X73=291 X74=392 X75=383 X76=254 X77=161 X78=140 X79=27 X80=372 X81=180 X82=235 X83=228 X84=6 X85=242 X86=179 X87=106 X88=104 X89=208 X90=391 X91=182 X92=152 X93=79 X94=245 X95=199 X96=181 X97=51 X98=186 X99=330 X100=399 X101=220 X102=360 X103=396 X104=23 X105=296 X106=88 X107=47 X108=178 X109=323 X110=74 X111=252 X112=278 X113=38 X114=297 X115=153 X116=191 X117=204 X118=390 X119=354 X120=127 X121=222 X122=166 X123=72 X124=264 X125=39 X126=395 X127=36 X128=275 X129=306 X130=108 X131=45 X132=92 X133=209 X134=356 X135=196 X136=174 X137=338 X138=68 X139=65 X140=49 X141=114 X142=251 X143=237 X144=80 X145=223 X146=202 X147=170 X148=117 X149=112 X150=24 X151=366 X152=14 X153=259 X154=231 X155=118 X156=377 X157=312 X158=331 X159=31 X160=3 X161=385 X162=59 X163=240 X164=70 X165=393 X166=268 X167=1 X168=21 X169=169 X170=173 X171=340 X172=99 X173=313 X174=126 X175=261 X176=355 X177=284 X178=387 X179=207 X180=61 X181=30 X182=211 X183=343 X184=253 X185=288 X186=15 X187=188 X188=103 X189=53 X190=163 X191=172 X192=213 X193=363 X194=133 X195=109 X196=46 X197=20 X198=305 X199=42 X200=200 X201=316 X202=154 X203=11 X204=321 X205=77 X206=358 X207=26 X208=309 X209=352 X210=93 X211=282 X212=276 X213=82 X214=165 X215=221 X216=54 X217=362 X218=224 X219=175 X220=56 X221=37 X222=357 X223=350 X224=361 X225=394 X226=351 X227=317 X228=177 X229=125 X230=162 X231=185 X232=63 X233=375 X234=326 X235=134 X236=232 X237=216 X238=113 X239=87 

   
   search
        run=0  nbConstraintChecks=2830  depth=(min:0,max:239,avg:1)  nbEffectivePropagations=19802  nbRevisions=296880  nbUselessRevisions=283075
        nbAssignments=525  nbFailedAssignments=274  nbBacktracks=11  nbVisitedNodes=811  nbRestartNogoods=0  nbFoundSolutions=1
        upperBound=9223372036854775807
          =>  wckTime=102.028  cpuTime=103.262  mem=120M485

   
   global
        nbConstraintChecks=2830  nbEffectivePropagations=19802  nbRevisions=296880  nbUselessRevisions=283075  nbRestartNogoods=0
        solvingWckTime=102.029  expiredTime=no  totalExploration=no  nbFoundSolutions=1  firstSolutionCpuTime=103.255  Stop=REACHED_GOAL
          =>  wckTime=103.561  cpuTime=103.262  mem=120M485

s SATISFIABLE
v X0=266 X1=184 X2=116 X3=376 X4=219 X5=344 X6=342 X7=380 X8=48 X9=132 X10=349 X11=115 X12=151 X13=83 X14=100 X15=236 X16=19 X17=194 X18=335 X19=386 X20=22 X21=84 X22=122 X23=285 X24=96 X25=17 X26=139 X27=328 X28=226 X29=34 X30=249 X31=35 X32=257 X33=44 X34=339 X35=98 X36=397 X37=227 X38=388 X39=308 X40=25 X41=293 X42=41 X43=310 X44=55 X45=130 X46=210 X47=389 X48=280 X49=164 X50=137 X51=260 X52=32 X53=141 X54=195 X55=198 X56=324 X57=320 X58=212 X59=353 X60=238 X61=302 X62=143 X63=347 X64=273 X65=81 X66=303 X67=43 X68=334 X69=66 X70=371 X71=168 X72=197 X73=291 X74=392 X75=383 X76=254 X77=161 X78=140 X79=27 X80=372 X81=180 X82=235 X83=228 X84=6 X85=242 X86=179 X87=106 X88=104 X89=208 X90=391 X91=182 X92=152 X93=79 X94=245 X95=199 X96=181 X97=51 X98=186 X99=330 X100=399 X101=220 X102=360 X103=396 X104=23 X105=296 X106=88 X107=47 X108=178 X109=323 X110=74 X111=252 X112=278 X113=38 X114=297 X115=153 X116=191 X117=204 X118=390 X119=354 X120=127 X121=222 X122=166 X123=72 X124=264 X125=39 X126=395 X127=36 X128=275 X129=306 X130=108 X131=45 X132=92 X133=209 X134=356 X135=196 X136=174 X137=338 X138=68 X139=65 X140=49 X141=114 X142=251 X143=237 X144=80 X145=223 X146=202 X147=170 X148=117 X149=112 X150=24 X151=366 X152=14 X153=259 X154=231 X155=118 X156=377 X157=312 X158=331 X159=31 X160=3 X161=385 X162=59 X163=240 X164=70 X165=393 X166=268 X167=1 X168=21 X169=169 X170=173 X171=340 X172=99 X173=313 X174=126 X175=261 X176=355 X177=284 X178=387 X179=207 X180=61 X181=30 X182=211 X183=343 X184=253 X185=288 X186=15 X187=188 X188=103 X189=53 X190=163 X191=172 X192=213 X193=363 X194=133 X195=109 X196=46 X197=20 X198=305 X199=42 X200=200 X201=316 X202=154 X203=11 X204=321 X205=77 X206=358 X207=26 X208=309 X209=352 X210=93 X211=282 X212=276 X213=82 X214=165 X215=221 X216=54 X217=362 X218=224 X219=175 X220=56 X221=37 X222=357 X223=350 X224=361 X225=394 X226=351 X227=317 X228=177 X229=125 X230=162 X231=185 X232=63 X233=375 X234=326 X235=134 X236=232 X237=216 X238=113 X239=87 
d NODES 525

   totalWckTime=103.458  totalCpuTime=103.263
