
   AbsCon 1.41 (January, 2014) - defaultConfiguration

   
   instance
        framework=CSP  name=Isomorphism-/cluster/gpg/ciaran/sip-benchmarks/benchmarks/si6_bvg_b06m_400/si6_b06m_m400.06/pattern-/cluster/gpg/ciaran/sip-benchmarks/benchmarks/si6_bvg_b06m_400/si6_b06m_m400.06/target
        parameters=/cluster/gpg/ciaran/sip-benchmarks/benchmarks/si6_bvg_b06m_400/si6_b06m_m400.06/pattern,/cluster/gpg/ciaran/sip-benchmarks/benchmarks/si6_bvg_b06m_400/si6_b06m_m400.06/target
      

   loading variables...
        nbVariables=240  nbDomainTypes=1  nbTotalValues=96000  domainSizes=(400:240)
          =>  wckTime=0.214  cpuTime=0.336  mem=8M248

   loading objectives...

   loading constraints...
        nbConstraints=603  nbSpecificConstraints=1  nbExtensionStructures=(1,shared:601)  nbConflictsStructures=(1,shared:601,unbuilt:1)
        degrees=(2:8)(3:15)(4:23)...(16:1)(17:2)(18:1)  arities=(2:602)(240:1)  types=(AllDifferent:1)(ConstraintHardExtensionV-Bits:602)
          =>  wckTime=0.468  cpuTime=0.58  mem=16M446

   INFO : <!-- Start saving the XML representation -->

   INFO : <!-- Stop saving the XML representation of target.xml -->

   Solver SolverBacktrack being built... 
          =>  wckTime=0.742  cpuTime=0.821  mem=25M553

    instantiation X0=0 X1=5 X2=13 X3=127 X4=130 X5=158 X6=173 X7=226 X8=259 X9=266 X10=290 X11=320 X12=323 X13=332 X14=341 X15=359 X16=375 X17=6 X18=31 X19=33 X20=40 X21=67 X22=167 X23=172 X24=239 X25=257 X26=279 X27=15 X28=92 X29=95 X30=121 X31=198 X32=318 X33=398 X34=333 X35=378 X36=74 X37=126 X38=166 X39=280 X40=311 X41=7 X42=8 X43=114 X44=135 X45=284 X46=44 X47=59 X48=337 X49=353 X50=35 X51=66 X52=278 X53=397 X54=145 X55=45 X56=191 X57=83 X58=342 X59=27 X60=32 X61=210 X62=250 X63=26 X64=28 X65=52 X66=177 X67=4 X68=38 X69=39 X70=316 X71=260 X72=343 X73=3 X74=103 X75=115 X76=325 X77=85 X78=118 X79=131 X80=155 X81=190 X82=201 X83=203 X84=247 X85=269 X86=299 X87=310 X88=368 X89=34 X90=117 X91=133 X92=169 X93=205 X94=231 X95=329 X96=151 X97=168 X98=183 X99=208 X100=229 X101=345 X102=390 X103=91 X104=185 X105=253 X106=302 X107=393 X108=171 X109=157 X110=255 X111=361 X112=10 X113=143 X114=313 X115=163 X116=223 X117=227 X118=283 X119=141 X120=149 X121=222 X122=297 X123=23 X124=24 X125=72 X126=268 X127=216 X128=78 X129=206 X130=347 X131=129 X132=308 X133=314 X134=134 X135=161 X136=264 X137=152 X138=153 X139=181 X140=274 X141=48 X142=230 X143=271 X144=334 X145=233 X146=55 X147=88 X148=285 X149=101 X150=159 X151=186 X152=254 X153=352 X154=327 X155=394 X156=175 X157=374 X158=11 X159=53 X160=54 X161=57 X162=60 X163=112 X164=139 X165=165 X166=246 X167=263 X168=99 X169=187 X170=71 X171=76 X172=174 X173=228 X174=2 X175=9 X176=275 X177=25 X178=81 X179=261 X180=49 X181=73 X182=97 X183=162 X184=211 X185=321 X186=360 X187=82 X188=111 X189=1 X190=176 X191=322 X192=392 X193=80 X194=387 X195=68 X196=89 X197=188 X198=298 X199=37 X200=77 X201=338 X202=14 X203=22 X204=128 X205=346 X206=350 X207=380 X208=248 X209=303 X210=270 X211=18 X212=96 X213=108 X214=179 X215=234 X216=272 X217=369 X218=391 X219=244 X220=367 X221=370 X222=209 X223=79 X224=164 X225=309 X226=344 X227=41 X228=200 X229=107 X230=58 X231=100 X232=382 X233=324 X234=20 X235=87 X236=69 X237=154 X238=304 X239=384 

    solution X0=0 X1=5 X2=13 X3=127 X4=130 X5=158 X6=173 X7=226 X8=259 X9=266 X10=290 X11=320 X12=323 X13=332 X14=341 X15=359 X16=375 X17=6 X18=31 X19=33 X20=40 X21=67 X22=167 X23=172 X24=239 X25=257 X26=279 X27=15 X28=92 X29=95 X30=121 X31=198 X32=318 X33=398 X34=333 X35=378 X36=74 X37=126 X38=166 X39=280 X40=311 X41=7 X42=8 X43=114 X44=135 X45=284 X46=44 X47=59 X48=337 X49=353 X50=35 X51=66 X52=278 X53=397 X54=145 X55=45 X56=191 X57=83 X58=342 X59=27 X60=32 X61=210 X62=250 X63=26 X64=28 X65=52 X66=177 X67=4 X68=38 X69=39 X70=316 X71=260 X72=343 X73=3 X74=103 X75=115 X76=325 X77=85 X78=118 X79=131 X80=155 X81=190 X82=201 X83=203 X84=247 X85=269 X86=299 X87=310 X88=368 X89=34 X90=117 X91=133 X92=169 X93=205 X94=231 X95=329 X96=151 X97=168 X98=183 X99=208 X100=229 X101=345 X102=390 X103=91 X104=185 X105=253 X106=302 X107=393 X108=171 X109=157 X110=255 X111=361 X112=10 X113=143 X114=313 X115=163 X116=223 X117=227 X118=283 X119=141 X120=149 X121=222 X122=297 X123=23 X124=24 X125=72 X126=268 X127=216 X128=78 X129=206 X130=347 X131=129 X132=308 X133=314 X134=134 X135=161 X136=264 X137=152 X138=153 X139=181 X140=274 X141=48 X142=230 X143=271 X144=334 X145=233 X146=55 X147=88 X148=285 X149=101 X150=159 X151=186 X152=254 X153=352 X154=327 X155=394 X156=175 X157=374 X158=11 X159=53 X160=54 X161=57 X162=60 X163=112 X164=139 X165=165 X166=246 X167=263 X168=99 X169=187 X170=71 X171=76 X172=174 X173=228 X174=2 X175=9 X176=275 X177=25 X178=81 X179=261 X180=49 X181=73 X182=97 X183=162 X184=211 X185=321 X186=360 X187=82 X188=111 X189=1 X190=176 X191=322 X192=392 X193=80 X194=387 X195=68 X196=89 X197=188 X198=298 X199=37 X200=77 X201=338 X202=14 X203=22 X204=128 X205=346 X206=350 X207=380 X208=248 X209=303 X210=270 X211=18 X212=96 X213=108 X214=179 X215=234 X216=272 X217=369 X218=391 X219=244 X220=367 X221=370 X222=209 X223=79 X224=164 X225=309 X226=344 X227=41 X228=200 X229=107 X230=58 X231=100 X232=382 X233=324 X234=20 X235=87 X236=69 X237=154 X238=304 X239=384 

   
   search
        run=0  nbConstraintChecks=603  depth=(min:0,max:239,avg:1)  nbEffectivePropagations=20  nbRevisions=1823  nbUselessRevisions=1823
        nbAssignments=244  nbFailedAssignments=4  nbBacktracks=0  nbVisitedNodes=249  nbRestartNogoods=0  nbFoundSolutions=1
        upperBound=9223372036854775807
          =>  wckTime=6.262  cpuTime=6.976  mem=365M575

   
   global
        nbConstraintChecks=603  nbEffectivePropagations=20  nbRevisions=1823  nbUselessRevisions=1823  nbRestartNogoods=0  solvingWckTime=6.262
        expiredTime=no  totalExploration=no  nbFoundSolutions=1  firstSolutionCpuTime=6.967  Stop=REACHED_GOAL
          =>  wckTime=7.006  cpuTime=6.976  mem=365M575

s SATISFIABLE
v X0=0 X1=5 X2=13 X3=127 X4=130 X5=158 X6=173 X7=226 X8=259 X9=266 X10=290 X11=320 X12=323 X13=332 X14=341 X15=359 X16=375 X17=6 X18=31 X19=33 X20=40 X21=67 X22=167 X23=172 X24=239 X25=257 X26=279 X27=15 X28=92 X29=95 X30=121 X31=198 X32=318 X33=398 X34=333 X35=378 X36=74 X37=126 X38=166 X39=280 X40=311 X41=7 X42=8 X43=114 X44=135 X45=284 X46=44 X47=59 X48=337 X49=353 X50=35 X51=66 X52=278 X53=397 X54=145 X55=45 X56=191 X57=83 X58=342 X59=27 X60=32 X61=210 X62=250 X63=26 X64=28 X65=52 X66=177 X67=4 X68=38 X69=39 X70=316 X71=260 X72=343 X73=3 X74=103 X75=115 X76=325 X77=85 X78=118 X79=131 X80=155 X81=190 X82=201 X83=203 X84=247 X85=269 X86=299 X87=310 X88=368 X89=34 X90=117 X91=133 X92=169 X93=205 X94=231 X95=329 X96=151 X97=168 X98=183 X99=208 X100=229 X101=345 X102=390 X103=91 X104=185 X105=253 X106=302 X107=393 X108=171 X109=157 X110=255 X111=361 X112=10 X113=143 X114=313 X115=163 X116=223 X117=227 X118=283 X119=141 X120=149 X121=222 X122=297 X123=23 X124=24 X125=72 X126=268 X127=216 X128=78 X129=206 X130=347 X131=129 X132=308 X133=314 X134=134 X135=161 X136=264 X137=152 X138=153 X139=181 X140=274 X141=48 X142=230 X143=271 X144=334 X145=233 X146=55 X147=88 X148=285 X149=101 X150=159 X151=186 X152=254 X153=352 X154=327 X155=394 X156=175 X157=374 X158=11 X159=53 X160=54 X161=57 X162=60 X163=112 X164=139 X165=165 X166=246 X167=263 X168=99 X169=187 X170=71 X171=76 X172=174 X173=228 X174=2 X175=9 X176=275 X177=25 X178=81 X179=261 X180=49 X181=73 X182=97 X183=162 X184=211 X185=321 X186=360 X187=82 X188=111 X189=1 X190=176 X191=322 X192=392 X193=80 X194=387 X195=68 X196=89 X197=188 X198=298 X199=37 X200=77 X201=338 X202=14 X203=22 X204=128 X205=346 X206=350 X207=380 X208=248 X209=303 X210=270 X211=18 X212=96 X213=108 X214=179 X215=234 X216=272 X217=369 X218=391 X219=244 X220=367 X221=370 X222=209 X223=79 X224=164 X225=309 X226=344 X227=41 X228=200 X229=107 X230=58 X231=100 X232=382 X233=324 X234=20 X235=87 X236=69 X237=154 X238=304 X239=384 
d NODES 244

   totalWckTime=6.908  totalCpuTime=6.977
