
   AbsCon 1.41 (January, 2014) - defaultConfiguration

   
   instance
        framework=CSP  name=Isomorphism-/cluster/gpg/ciaran/sip-benchmarks/benchmarks/si6_rand_r001_400/si6_r001_m400.05/pattern-/cluster/gpg/ciaran/sip-benchmarks/benchmarks/si6_rand_r001_400/si6_r001_m400.05/target
        parameters=/cluster/gpg/ciaran/sip-benchmarks/benchmarks/si6_rand_r001_400/si6_r001_m400.05/pattern,/cluster/gpg/ciaran/sip-benchmarks/benchmarks/si6_rand_r001_400/si6_r001_m400.05/target
      

   loading variables...
        nbVariables=240  nbDomainTypes=1  nbTotalValues=96000  domainSizes=(400:240)
          =>  wckTime=0.228  cpuTime=0.339  mem=7M673

   loading objectives...

   loading constraints...
        nbConstraints=619  nbSpecificConstraints=1  nbExtensionStructures=(1,shared:617)  nbConflictsStructures=(1,shared:617,unbuilt:1)
        degrees=(2:3)(3:19)(4:36)...(10:9)(11:3)(12:6)  arities=(2:618)(240:1)  types=(AllDifferent:1)(ConstraintHardExtensionV-Bits:618)
          =>  wckTime=0.442  cpuTime=0.539  mem=27M79

   INFO : <!-- Start saving the XML representation -->

   INFO : <!-- Stop saving the XML representation of target.xml -->

   Solver SolverBacktrack being built... 
          =>  wckTime=0.724  cpuTime=0.763  mem=25M384

    instantiation X0=179 X1=24 X2=68 X3=361 X4=207 X5=13 X6=359 X7=180 X8=31 X9=314 X10=172 X11=236 X12=21 X13=311 X14=111 X15=375 X16=160 X17=267 X18=283 X19=258 X20=137 X21=11 X22=199 X23=371 X24=228 X25=291 X26=195 X27=14 X28=384 X29=210 X30=105 X31=197 X32=222 X33=107 X34=10 X35=149 X36=298 X37=96 X38=87 X39=230 X40=208 X41=2 X42=112 X43=289 X44=63 X45=368 X46=356 X47=370 X48=39 X49=278 X50=100 X51=136 X52=155 X53=318 X54=34 X55=78 X56=355 X57=372 X58=176 X59=193 X60=85 X61=323 X62=156 X63=383 X64=358 X65=56 X66=189 X67=117 X68=67 X69=157 X70=89 X71=330 X72=42 X73=46 X74=97 X75=382 X76=338 X77=147 X78=277 X79=327 X80=59 X81=181 X82=184 X83=126 X84=7 X85=49 X86=349 X87=388 X88=331 X89=44 X90=134 X91=317 X92=255 X93=74 X94=194 X95=77 X96=47 X97=75 X98=106 X99=196 X100=183 X101=211 X102=321 X103=213 X104=141 X105=271 X106=5 X107=18 X108=376 X109=395 X110=146 X111=35 X112=150 X113=45 X114=302 X115=367 X116=154 X117=29 X118=138 X119=296 X120=143 X121=310 X122=52 X123=333 X124=76 X125=25 X126=399 X127=142 X128=145 X129=345 X130=324 X131=22 X132=121 X133=381 X134=347 X135=225 X136=301 X137=171 X138=396 X139=132 X140=287 X141=61 X142=209 X143=293 X144=166 X145=216 X146=27 X147=162 X148=239 X149=320 X150=54 X151=9 X152=292 X153=365 X154=269 X155=344 X156=332 X157=102 X158=40 X159=325 X160=227 X161=241 X162=312 X163=82 X164=114 X165=110 X166=38 X167=144 X168=161 X169=185 X170=204 X171=272 X172=4 X173=28 X174=6 X175=43 X176=3 X177=270 X178=92 X179=268 X180=88 X181=175 X182=182 X183=187 X184=266 X185=357 X186=169 X187=219 X188=235 X189=354 X190=37 X191=135 X192=190 X193=393 X194=58 X195=95 X196=191 X197=221 X198=250 X199=303 X200=243 X201=140 X202=223 X203=249 X204=153 X205=348 X206=118 X207=366 X208=98 X209=192 X210=288 X211=99 X212=263 X213=151 X214=164 X215=41 X216=377 X217=350 X218=340 X219=316 X220=60 X221=341 X222=70 X223=178 X224=0 X225=309 X226=352 X227=50 X228=8 X229=201 X230=113 X231=360 X232=297 X233=304 X234=57 X235=86 X236=90 X237=72 X238=124 X239=109 

    solution X0=179 X1=24 X2=68 X3=361 X4=207 X5=13 X6=359 X7=180 X8=31 X9=314 X10=172 X11=236 X12=21 X13=311 X14=111 X15=375 X16=160 X17=267 X18=283 X19=258 X20=137 X21=11 X22=199 X23=371 X24=228 X25=291 X26=195 X27=14 X28=384 X29=210 X30=105 X31=197 X32=222 X33=107 X34=10 X35=149 X36=298 X37=96 X38=87 X39=230 X40=208 X41=2 X42=112 X43=289 X44=63 X45=368 X46=356 X47=370 X48=39 X49=278 X50=100 X51=136 X52=155 X53=318 X54=34 X55=78 X56=355 X57=372 X58=176 X59=193 X60=85 X61=323 X62=156 X63=383 X64=358 X65=56 X66=189 X67=117 X68=67 X69=157 X70=89 X71=330 X72=42 X73=46 X74=97 X75=382 X76=338 X77=147 X78=277 X79=327 X80=59 X81=181 X82=184 X83=126 X84=7 X85=49 X86=349 X87=388 X88=331 X89=44 X90=134 X91=317 X92=255 X93=74 X94=194 X95=77 X96=47 X97=75 X98=106 X99=196 X100=183 X101=211 X102=321 X103=213 X104=141 X105=271 X106=5 X107=18 X108=376 X109=395 X110=146 X111=35 X112=150 X113=45 X114=302 X115=367 X116=154 X117=29 X118=138 X119=296 X120=143 X121=310 X122=52 X123=333 X124=76 X125=25 X126=399 X127=142 X128=145 X129=345 X130=324 X131=22 X132=121 X133=381 X134=347 X135=225 X136=301 X137=171 X138=396 X139=132 X140=287 X141=61 X142=209 X143=293 X144=166 X145=216 X146=27 X147=162 X148=239 X149=320 X150=54 X151=9 X152=292 X153=365 X154=269 X155=344 X156=332 X157=102 X158=40 X159=325 X160=227 X161=241 X162=312 X163=82 X164=114 X165=110 X166=38 X167=144 X168=161 X169=185 X170=204 X171=272 X172=4 X173=28 X174=6 X175=43 X176=3 X177=270 X178=92 X179=268 X180=88 X181=175 X182=182 X183=187 X184=266 X185=357 X186=169 X187=219 X188=235 X189=354 X190=37 X191=135 X192=190 X193=393 X194=58 X195=95 X196=191 X197=221 X198=250 X199=303 X200=243 X201=140 X202=223 X203=249 X204=153 X205=348 X206=118 X207=366 X208=98 X209=192 X210=288 X211=99 X212=263 X213=151 X214=164 X215=41 X216=377 X217=350 X218=340 X219=316 X220=60 X221=341 X222=70 X223=178 X224=0 X225=309 X226=352 X227=50 X228=8 X229=201 X230=113 X231=360 X232=297 X233=304 X234=57 X235=86 X236=90 X237=72 X238=124 X239=109 

   
   search
        run=0  nbConstraintChecks=619  depth=(min:0,max:239,avg:1)  nbEffectivePropagations=545  nbRevisions=10262  nbUselessRevisions=9723
        nbAssignments=551  nbFailedAssignments=311  nbBacktracks=0  nbVisitedNodes=863  nbRestartNogoods=0  nbFoundSolutions=1
        upperBound=9223372036854775807
          =>  wckTime=15.781  cpuTime=16.437  mem=93M678

   
   global
        nbConstraintChecks=619  nbEffectivePropagations=545  nbRevisions=10262  nbUselessRevisions=9723  nbRestartNogoods=0  solvingWckTime=15.782
        expiredTime=no  totalExploration=no  nbFoundSolutions=1  firstSolutionCpuTime=16.432  Stop=REACHED_GOAL
          =>  wckTime=16.506  cpuTime=16.438  mem=93M678

s SATISFIABLE
v X0=179 X1=24 X2=68 X3=361 X4=207 X5=13 X6=359 X7=180 X8=31 X9=314 X10=172 X11=236 X12=21 X13=311 X14=111 X15=375 X16=160 X17=267 X18=283 X19=258 X20=137 X21=11 X22=199 X23=371 X24=228 X25=291 X26=195 X27=14 X28=384 X29=210 X30=105 X31=197 X32=222 X33=107 X34=10 X35=149 X36=298 X37=96 X38=87 X39=230 X40=208 X41=2 X42=112 X43=289 X44=63 X45=368 X46=356 X47=370 X48=39 X49=278 X50=100 X51=136 X52=155 X53=318 X54=34 X55=78 X56=355 X57=372 X58=176 X59=193 X60=85 X61=323 X62=156 X63=383 X64=358 X65=56 X66=189 X67=117 X68=67 X69=157 X70=89 X71=330 X72=42 X73=46 X74=97 X75=382 X76=338 X77=147 X78=277 X79=327 X80=59 X81=181 X82=184 X83=126 X84=7 X85=49 X86=349 X87=388 X88=331 X89=44 X90=134 X91=317 X92=255 X93=74 X94=194 X95=77 X96=47 X97=75 X98=106 X99=196 X100=183 X101=211 X102=321 X103=213 X104=141 X105=271 X106=5 X107=18 X108=376 X109=395 X110=146 X111=35 X112=150 X113=45 X114=302 X115=367 X116=154 X117=29 X118=138 X119=296 X120=143 X121=310 X122=52 X123=333 X124=76 X125=25 X126=399 X127=142 X128=145 X129=345 X130=324 X131=22 X132=121 X133=381 X134=347 X135=225 X136=301 X137=171 X138=396 X139=132 X140=287 X141=61 X142=209 X143=293 X144=166 X145=216 X146=27 X147=162 X148=239 X149=320 X150=54 X151=9 X152=292 X153=365 X154=269 X155=344 X156=332 X157=102 X158=40 X159=325 X160=227 X161=241 X162=312 X163=82 X164=114 X165=110 X166=38 X167=144 X168=161 X169=185 X170=204 X171=272 X172=4 X173=28 X174=6 X175=43 X176=3 X177=270 X178=92 X179=268 X180=88 X181=175 X182=182 X183=187 X184=266 X185=357 X186=169 X187=219 X188=235 X189=354 X190=37 X191=135 X192=190 X193=393 X194=58 X195=95 X196=191 X197=221 X198=250 X199=303 X200=243 X201=140 X202=223 X203=249 X204=153 X205=348 X206=118 X207=366 X208=98 X209=192 X210=288 X211=99 X212=263 X213=151 X214=164 X215=41 X216=377 X217=350 X218=340 X219=316 X220=60 X221=341 X222=70 X223=178 X224=0 X225=309 X226=352 X227=50 X228=8 X229=201 X230=113 X231=360 X232=297 X233=304 X234=57 X235=86 X236=90 X237=72 X238=124 X239=109 
d NODES 551

   totalWckTime=16.386  totalCpuTime=16.438
