
   AbsCon 1.41 (January, 2014) - defaultConfiguration

   
   instance
        framework=CSP  name=Isomorphism-/cluster/gpg/ciaran/sip-benchmarks/benchmarks/si6_rand_r001_400/si6_r001_m400.07/pattern-/cluster/gpg/ciaran/sip-benchmarks/benchmarks/si6_rand_r001_400/si6_r001_m400.07/target
        parameters=/cluster/gpg/ciaran/sip-benchmarks/benchmarks/si6_rand_r001_400/si6_r001_m400.07/pattern,/cluster/gpg/ciaran/sip-benchmarks/benchmarks/si6_rand_r001_400/si6_r001_m400.07/target
      

   loading variables...
        nbVariables=240  nbDomainTypes=1  nbTotalValues=96000  domainSizes=(400:240)
          =>  wckTime=0.215  cpuTime=0.313  mem=7M987

   loading objectives...

   loading constraints...
        nbConstraints=645  nbSpecificConstraints=1  nbExtensionStructures=(1,shared:643)  nbConflictsStructures=(1,shared:643,unbuilt:1)
        degrees=(2:6)(3:19)(4:27)...(12:4)(13:1)(14:1)  arities=(2:644)(240:1)  types=(AllDifferent:1)(ConstraintHardExtensionV-Bits:644)
          =>  wckTime=0.462  cpuTime=0.552  mem=28M560

   INFO : <!-- Start saving the XML representation -->

   INFO : <!-- Stop saving the XML representation of target.xml -->

   Solver SolverBacktrack being built... 
          =>  wckTime=0.739  cpuTime=0.778  mem=25M654

    instantiation X0=139 X1=324 X2=325 X3=344 X4=228 X5=358 X6=15 X7=132 X8=145 X9=393 X10=375 X11=137 X12=297 X13=8 X14=382 X15=186 X16=380 X17=160 X18=379 X19=2 X20=233 X21=256 X22=302 X23=70 X24=141 X25=203 X26=212 X27=9 X28=286 X29=175 X30=289 X31=235 X32=241 X33=127 X34=83 X35=37 X36=381 X37=240 X38=188 X39=96 X40=11 X41=183 X42=281 X43=360 X44=318 X45=38 X46=129 X47=152 X48=279 X49=179 X50=311 X51=79 X52=69 X53=218 X54=275 X55=124 X56=328 X57=205 X58=169 X59=366 X60=287 X61=249 X62=259 X63=278 X64=59 X65=395 X66=322 X67=34 X68=267 X69=378 X70=350 X71=74 X72=197 X73=43 X74=46 X75=178 X76=251 X77=134 X78=330 X79=31 X80=317 X81=144 X82=86 X83=36 X84=171 X85=216 X86=122 X87=107 X88=211 X89=125 X90=161 X91=292 X92=154 X93=295 X94=288 X95=78 X96=271 X97=373 X98=48 X99=32 X100=201 X101=24 X102=195 X103=22 X104=111 X105=398 X106=26 X107=84 X108=184 X109=231 X110=30 X111=388 X112=208 X113=147 X114=258 X115=115 X116=365 X117=41 X118=391 X119=244 X120=136 X121=370 X122=343 X123=163 X124=207 X125=351 X126=372 X127=243 X128=331 X129=204 X130=306 X131=224 X132=270 X133=199 X134=120 X135=116 X136=4 X137=339 X138=62 X139=342 X140=277 X141=389 X142=206 X143=321 X144=105 X145=140 X146=386 X147=1 X148=362 X149=72 X150=232 X151=217 X152=334 X153=222 X154=5 X155=133 X156=177 X157=246 X158=52 X159=294 X160=319 X161=376 X162=316 X163=257 X164=335 X165=97 X166=174 X167=364 X168=261 X169=255 X170=60 X171=387 X172=247 X173=327 X174=314 X175=102 X176=304 X177=29 X178=75 X179=44 X180=283 X181=323 X182=91 X183=280 X184=12 X185=348 X186=85 X187=223 X188=202 X189=173 X190=397 X191=354 X192=390 X193=159 X194=87 X195=65 X196=371 X197=146 X198=25 X199=109 X200=135 X201=16 X202=49 X203=114 X204=17 X205=309 X206=329 X207=3 X208=19 X209=263 X210=357 X211=10 X212=13 X213=307 X214=213 X215=193 X216=332 X217=185 X218=0 X219=71 X220=282 X221=226 X222=242 X223=313 X224=53 X225=315 X226=157 X227=367 X228=196 X229=308 X230=56 X231=227 X232=296 X233=64 X234=285 X235=252 X236=106 X237=45 X238=100 X239=180 

    solution X0=139 X1=324 X2=325 X3=344 X4=228 X5=358 X6=15 X7=132 X8=145 X9=393 X10=375 X11=137 X12=297 X13=8 X14=382 X15=186 X16=380 X17=160 X18=379 X19=2 X20=233 X21=256 X22=302 X23=70 X24=141 X25=203 X26=212 X27=9 X28=286 X29=175 X30=289 X31=235 X32=241 X33=127 X34=83 X35=37 X36=381 X37=240 X38=188 X39=96 X40=11 X41=183 X42=281 X43=360 X44=318 X45=38 X46=129 X47=152 X48=279 X49=179 X50=311 X51=79 X52=69 X53=218 X54=275 X55=124 X56=328 X57=205 X58=169 X59=366 X60=287 X61=249 X62=259 X63=278 X64=59 X65=395 X66=322 X67=34 X68=267 X69=378 X70=350 X71=74 X72=197 X73=43 X74=46 X75=178 X76=251 X77=134 X78=330 X79=31 X80=317 X81=144 X82=86 X83=36 X84=171 X85=216 X86=122 X87=107 X88=211 X89=125 X90=161 X91=292 X92=154 X93=295 X94=288 X95=78 X96=271 X97=373 X98=48 X99=32 X100=201 X101=24 X102=195 X103=22 X104=111 X105=398 X106=26 X107=84 X108=184 X109=231 X110=30 X111=388 X112=208 X113=147 X114=258 X115=115 X116=365 X117=41 X118=391 X119=244 X120=136 X121=370 X122=343 X123=163 X124=207 X125=351 X126=372 X127=243 X128=331 X129=204 X130=306 X131=224 X132=270 X133=199 X134=120 X135=116 X136=4 X137=339 X138=62 X139=342 X140=277 X141=389 X142=206 X143=321 X144=105 X145=140 X146=386 X147=1 X148=362 X149=72 X150=232 X151=217 X152=334 X153=222 X154=5 X155=133 X156=177 X157=246 X158=52 X159=294 X160=319 X161=376 X162=316 X163=257 X164=335 X165=97 X166=174 X167=364 X168=261 X169=255 X170=60 X171=387 X172=247 X173=327 X174=314 X175=102 X176=304 X177=29 X178=75 X179=44 X180=283 X181=323 X182=91 X183=280 X184=12 X185=348 X186=85 X187=223 X188=202 X189=173 X190=397 X191=354 X192=390 X193=159 X194=87 X195=65 X196=371 X197=146 X198=25 X199=109 X200=135 X201=16 X202=49 X203=114 X204=17 X205=309 X206=329 X207=3 X208=19 X209=263 X210=357 X211=10 X212=13 X213=307 X214=213 X215=193 X216=332 X217=185 X218=0 X219=71 X220=282 X221=226 X222=242 X223=313 X224=53 X225=315 X226=157 X227=367 X228=196 X229=308 X230=56 X231=227 X232=296 X233=64 X234=285 X235=252 X236=106 X237=45 X238=100 X239=180 

   
   search
        run=0  nbConstraintChecks=645  depth=(min:0,max:239,avg:1)  nbEffectivePropagations=542  nbRevisions=11567  nbUselessRevisions=11034
        nbAssignments=547  nbFailedAssignments=307  nbBacktracks=0  nbVisitedNodes=855  nbRestartNogoods=0  nbFoundSolutions=1
        upperBound=9223372036854775807
          =>  wckTime=21.326  cpuTime=21.917  mem=127M87

   
   global
        nbConstraintChecks=645  nbEffectivePropagations=542  nbRevisions=11567  nbUselessRevisions=11034  nbRestartNogoods=0
        solvingWckTime=21.327  expiredTime=no  totalExploration=no  nbFoundSolutions=1  firstSolutionCpuTime=21.911  Stop=REACHED_GOAL
          =>  wckTime=22.066  cpuTime=21.917  mem=127M87

s SATISFIABLE
v X0=139 X1=324 X2=325 X3=344 X4=228 X5=358 X6=15 X7=132 X8=145 X9=393 X10=375 X11=137 X12=297 X13=8 X14=382 X15=186 X16=380 X17=160 X18=379 X19=2 X20=233 X21=256 X22=302 X23=70 X24=141 X25=203 X26=212 X27=9 X28=286 X29=175 X30=289 X31=235 X32=241 X33=127 X34=83 X35=37 X36=381 X37=240 X38=188 X39=96 X40=11 X41=183 X42=281 X43=360 X44=318 X45=38 X46=129 X47=152 X48=279 X49=179 X50=311 X51=79 X52=69 X53=218 X54=275 X55=124 X56=328 X57=205 X58=169 X59=366 X60=287 X61=249 X62=259 X63=278 X64=59 X65=395 X66=322 X67=34 X68=267 X69=378 X70=350 X71=74 X72=197 X73=43 X74=46 X75=178 X76=251 X77=134 X78=330 X79=31 X80=317 X81=144 X82=86 X83=36 X84=171 X85=216 X86=122 X87=107 X88=211 X89=125 X90=161 X91=292 X92=154 X93=295 X94=288 X95=78 X96=271 X97=373 X98=48 X99=32 X100=201 X101=24 X102=195 X103=22 X104=111 X105=398 X106=26 X107=84 X108=184 X109=231 X110=30 X111=388 X112=208 X113=147 X114=258 X115=115 X116=365 X117=41 X118=391 X119=244 X120=136 X121=370 X122=343 X123=163 X124=207 X125=351 X126=372 X127=243 X128=331 X129=204 X130=306 X131=224 X132=270 X133=199 X134=120 X135=116 X136=4 X137=339 X138=62 X139=342 X140=277 X141=389 X142=206 X143=321 X144=105 X145=140 X146=386 X147=1 X148=362 X149=72 X150=232 X151=217 X152=334 X153=222 X154=5 X155=133 X156=177 X157=246 X158=52 X159=294 X160=319 X161=376 X162=316 X163=257 X164=335 X165=97 X166=174 X167=364 X168=261 X169=255 X170=60 X171=387 X172=247 X173=327 X174=314 X175=102 X176=304 X177=29 X178=75 X179=44 X180=283 X181=323 X182=91 X183=280 X184=12 X185=348 X186=85 X187=223 X188=202 X189=173 X190=397 X191=354 X192=390 X193=159 X194=87 X195=65 X196=371 X197=146 X198=25 X199=109 X200=135 X201=16 X202=49 X203=114 X204=17 X205=309 X206=329 X207=3 X208=19 X209=263 X210=357 X211=10 X212=13 X213=307 X214=213 X215=193 X216=332 X217=185 X218=0 X219=71 X220=282 X221=226 X222=242 X223=313 X224=53 X225=315 X226=157 X227=367 X228=196 X229=308 X230=56 X231=227 X232=296 X233=64 X234=285 X235=252 X236=106 X237=45 X238=100 X239=180 
d NODES 547

   totalWckTime=21.96  totalCpuTime=21.918
